{"target": -2796.1052900000013, "params": {"spark.default.parallelism": 213.86029833034144, "spark.executor.cores": 2.9793672360782084, "spark.executor.instances": 7.280035033397785, "spark.executor.memory": 5.328857938753822, "spark.executor.memoryOverhead": 740.5185399292209, "spark.memory.fraction": 0.8874447704925226, "spark.memory.storageFraction": 0.5359940782173956, "spark.reducer.maxBlocksInFlightPerAddress": 1918499447.3820412, "spark.reducer.maxSizeInFlight": 35.84117371217542, "spark.shuffle.file.buffer": 27.27668282479911}, "datetime": {"datetime": "2022-03-02 17:59:45", "elapsed": 1.898271, "delta": 0.08605}}
{"target": -2801.511810000002, "params": {"spark.default.parallelism": 438.3939545637087, "spark.executor.cores": 1.2550383483999854, "spark.executor.instances": 4.294575291205031, "spark.executor.memory": 5.257814338972421, "spark.executor.memoryOverhead": 407.9508712337029, "spark.memory.fraction": 0.74959344512099, "spark.memory.storageFraction": 0.7328395330313384, "spark.reducer.maxBlocksInFlightPerAddress": 1826191289.8742275, "spark.reducer.maxSizeInFlight": 45.191426449069915, "spark.shuffle.file.buffer": 38.95003488682239}, "datetime": {"datetime": "2022-03-02 17:59:45", "elapsed": 1.988267, "delta": 0.089996}}
{"target": -2802.999860000002, "params": {"spark.default.parallelism": 214.74442311153803, "spark.executor.cores": 2.505108182759547, "spark.executor.instances": 4.819243325183486, "spark.executor.memory": 3.8258277291795952, "spark.executor.memoryOverhead": 619.5350319719737, "spark.memory.fraction": 0.7347295378977416, "spark.memory.storageFraction": 0.5865727951125204, "spark.reducer.maxBlocksInFlightPerAddress": 1826242212.0163715, "spark.reducer.maxSizeInFlight": 31.032535658006708, "spark.shuffle.file.buffer": 19.96648796985771}, "datetime": {"datetime": "2022-03-02 17:59:45", "elapsed": 2.103929, "delta": 0.115662}}
{"target": -2802.7247900000016, "params": {"spark.default.parallelism": 281.2286154667962, "spark.executor.cores": 3.4954688829183884, "spark.executor.instances": 4.165862038733264, "spark.executor.memory": 4.815029096128925, "spark.executor.memoryOverhead": 757.5072041224703, "spark.memory.fraction": 0.7607459890059556, "spark.memory.storageFraction": 0.7597687974533374, "spark.reducer.maxBlocksInFlightPerAddress": 1861359003.090942, "spark.reducer.maxSizeInFlight": 49.19551692917284, "spark.shuffle.file.buffer": 20.880164632046643}, "datetime": {"datetime": "2022-03-02 17:59:45", "elapsed": 2.195274, "delta": 0.091345}}
{"target": -3487.0855900000006, "params": {"spark.default.parallelism": 388.84653512434073, "spark.executor.cores": 3.3616680377682835, "spark.executor.instances": 6.670358047762148, "spark.executor.memory": 6.46418156909092, "spark.executor.memoryOverhead": 497.39947703917306, "spark.memory.fraction": 0.8632703572059413, "spark.memory.storageFraction": 0.8945715738937043, "spark.reducer.maxBlocksInFlightPerAddress": 1333765543.4478016, "spark.reducer.maxSizeInFlight": 46.554769740108014, "spark.shuffle.file.buffer": 38.646091514428775}, "datetime": {"datetime": "2022-03-02 17:59:45", "elapsed": 2.295152, "delta": 0.099878}}
{"target": -2809.1260100000013, "params": {"spark.default.parallelism": 201.71361835989288, "spark.executor.cores": 2.969885207074556, "spark.executor.instances": 7.022991620668855, "spark.executor.memory": 5.777729274065159, "spark.executor.memoryOverhead": 660.1320236457457, "spark.memory.fraction": 0.7769212666577975, "spark.memory.storageFraction": 0.5860713784818473, "spark.reducer.maxBlocksInFlightPerAddress": 2087191102.8654299, "spark.reducer.maxSizeInFlight": 47.59071414981109, "spark.shuffle.file.buffer": 31.035871132692385}, "datetime": {"datetime": "2022-03-02 17:59:46", "elapsed": 2.39506, "delta": 0.099908}}
{"target": -2803.1833300000017, "params": {"spark.default.parallelism": 391.67539650971435, "spark.executor.cores": 2.0844554178178614, "spark.executor.instances": 5.200575010433765, "spark.executor.memory": 6.519709300672959, "spark.executor.memoryOverhead": 399.1725459496612, "spark.memory.fraction": 0.8502058766598098, "spark.memory.storageFraction": 0.7493553964200514, "spark.reducer.maxBlocksInFlightPerAddress": 1398556476.4007888, "spark.reducer.maxSizeInFlight": 36.82663471080859, "spark.shuffle.file.buffer": 19.192073968561278}, "datetime": {"datetime": "2022-03-02 17:59:46", "elapsed": 2.490269, "delta": 0.095209}}
{"target": -2718.160720000001, "params": {"spark.default.parallelism": 381.7550958683454, "spark.executor.cores": 3.9296606774262823, "spark.executor.instances": 4.317558392723323, "spark.executor.memory": 3.766559748319751, "spark.executor.memoryOverhead": 692.2336869872697, "spark.memory.fraction": 0.5198174130691084, "spark.memory.storageFraction": 0.6464399774934287, "spark.reducer.maxBlocksInFlightPerAddress": 1308137737.2675557, "spark.reducer.maxSizeInFlight": 54.13806771750315, "spark.shuffle.file.buffer": 20.704734905037245}, "datetime": {"datetime": "2022-03-02 17:59:46", "elapsed": 2.589261, "delta": 0.098992}}
{"target": -2797.1715400000016, "params": {"spark.default.parallelism": 233.8046509001092, "spark.executor.cores": 1.228124609549513, "spark.executor.instances": 6.58521858430384, "spark.executor.memory": 5.971666097732564, "spark.executor.memoryOverhead": 523.0314655135401, "spark.memory.fraction": 0.7686551023938683, "spark.memory.storageFraction": 0.6002027662326079, "spark.reducer.maxBlocksInFlightPerAddress": 1504958730.0903559, "spark.reducer.maxSizeInFlight": 37.846672819418266, "spark.shuffle.file.buffer": 32.6889369462814}, "datetime": {"datetime": "2022-03-02 17:59:46", "elapsed": 2.675994, "delta": 0.086733}}
{"target": -2812.9268800000013, "params": {"spark.default.parallelism": 226.86249983118307, "spark.executor.cores": 2.5938630744465447, "spark.executor.instances": 6.261043614564869, "spark.executor.memory": 5.948737722909595, "spark.executor.memoryOverhead": 657.6824509227789, "spark.memory.fraction": 0.674871679260466, "spark.memory.storageFraction": 0.7823689167341987, "spark.reducer.maxBlocksInFlightPerAddress": 2093266295.0796576, "spark.reducer.maxSizeInFlight": 57.70144082047158, "spark.shuffle.file.buffer": 24.889142462253563}, "datetime": {"datetime": "2022-03-02 17:59:46", "elapsed": 2.774269, "delta": 0.098275}}
{"target": -2813.757990000001, "params": {"spark.default.parallelism": 299.8369168917898, "spark.executor.cores": 2.778521385011757, "spark.executor.instances": 6.05019953083664, "spark.executor.memory": 4.777713755232652, "spark.executor.memoryOverhead": 634.8580218213025, "spark.memory.fraction": 0.7747445057716917, "spark.memory.storageFraction": 0.7473521073909999, "spark.reducer.maxBlocksInFlightPerAddress": 2073623955.3671274, "spark.reducer.maxSizeInFlight": 45.40214938263189, "spark.shuffle.file.buffer": 20.59626500445138}, "datetime": {"datetime": "2022-03-02 17:59:46", "elapsed": 2.868334, "delta": 0.094065}}
{"target": -2797.269110000002, "params": {"spark.default.parallelism": 290.67963975959685, "spark.executor.cores": 3.2244739210754014, "spark.executor.instances": 5.06504235110455, "spark.executor.memory": 4.922609050174996, "spark.executor.memoryOverhead": 531.5646672046186, "spark.memory.fraction": 0.6770873753447837, "spark.memory.storageFraction": 0.7144691952435158, "spark.reducer.maxBlocksInFlightPerAddress": 1680484853.846784, "spark.reducer.maxSizeInFlight": 30.392533459555914, "spark.shuffle.file.buffer": 44.80045369569976}, "datetime": {"datetime": "2022-03-02 17:59:46", "elapsed": 2.970276, "delta": 0.101942}}
{"target": -2800.5654300000006, "params": {"spark.default.parallelism": 351.24192503793245, "spark.executor.cores": 1.2102035226794374, "spark.executor.instances": 6.438525224456816, "spark.executor.memory": 6.167404564113376, "spark.executor.memoryOverhead": 628.2074047006522, "spark.memory.fraction": 0.893828837955972, "spark.memory.storageFraction": 0.6467290314341245, "spark.reducer.maxBlocksInFlightPerAddress": 1121696089.1288996, "spark.reducer.maxSizeInFlight": 33.523228253850874, "spark.shuffle.file.buffer": 29.769791437801235}, "datetime": {"datetime": "2022-03-02 17:59:46", "elapsed": 3.068197, "delta": 0.097921}}
{"target": -2802.980400000001, "params": {"spark.default.parallelism": 462.2113304272272, "spark.executor.cores": 3.2899778107448205, "spark.executor.instances": 7.502447762767691, "spark.executor.memory": 3.988490203661349, "spark.executor.memoryOverhead": 634.0558740713271, "spark.memory.fraction": 0.8597867544701028, "spark.memory.storageFraction": 0.6064806950077182, "spark.reducer.maxBlocksInFlightPerAddress": 1087428666.0180225, "spark.reducer.maxSizeInFlight": 55.137207805053706, "spark.shuffle.file.buffer": 19.36483896816299}, "datetime": {"datetime": "2022-03-02 17:59:46", "elapsed": 3.172244, "delta": 0.104047}}
{"target": -2799.556590000002, "params": {"spark.default.parallelism": 478.4132771261992, "spark.executor.cores": 3.1566051544136413, "spark.executor.instances": 6.013023575732749, "spark.executor.memory": 4.165678692846868, "spark.executor.memoryOverhead": 604.8186741232486, "spark.memory.fraction": 0.6096962835593396, "spark.memory.storageFraction": 0.719599515053282, "spark.reducer.maxBlocksInFlightPerAddress": 1752357871.2610142, "spark.reducer.maxSizeInFlight": 62.06642761647661, "spark.shuffle.file.buffer": 32.548390618248774}, "datetime": {"datetime": "2022-03-02 17:59:46", "elapsed": 3.277305, "delta": 0.105061}}
{"target": -2798.2201900000014, "params": {"spark.default.parallelism": 462.02567528102776, "spark.executor.cores": 1.148566977616576, "spark.executor.instances": 6.127488103193034, "spark.executor.memory": 4.3671374741903115, "spark.executor.memoryOverhead": 675.925582775114, "spark.memory.fraction": 0.5370308149905921, "spark.memory.storageFraction": 0.5569145692169453, "spark.reducer.maxBlocksInFlightPerAddress": 1869262948.5775318, "spark.reducer.maxSizeInFlight": 44.95717615475899, "spark.shuffle.file.buffer": 47.69909494288406}, "datetime": {"datetime": "2022-03-02 17:59:47", "elapsed": 3.385258, "delta": 0.107953}}
"{'maxIndex': 28, 'target': -2711.7175800000005, 'params': {'spark.default.parallelism': 453.1588366647453, 'spark.executor.cores': 3.551180830530122, 'spark.executor.instances': 6.125219236906304, 'spark.executor.memory': 3.4407834258938848, 'spark.executor.memoryOverhead': 864.8260649881806, 'spark.memory.fraction': 0.8680671842276895, 'spark.memory.storageFraction': 0.8082853829818448, 'spark.reducer.maxBlocksInFlightPerAddress': 1900851132.2551775, 'spark.reducer.maxSizeInFlight': 38.32060015928337, 'spark.shuffle.file.buffer': 22.29270688665767}}"