{"target": -2719.6692000000003, "params": {"spark.executor.cores": 2.722376352256049, "spark.executor.instances": 7.419083365471094, "spark.executor.memory": 6.67459326803462, "spark.memory.fraction": 0.7907395624987927, "spark.memory.offHeap.size": 967.7569546246567, "spark.memory.storageFraction": 0.6366990133397442}, "datetime": {"datetime": "2022-02-25 11:31:26", "elapsed": 0.0, "delta": 0.0}}
{"target": -2751.8111, "params": {"spark.executor.cores": 1.2009663755607736, "spark.executor.instances": 6.782658230425105, "spark.executor.memory": 5.39812206504715, "spark.memory.fraction": 0.7208365430896356, "spark.memory.offHeap.size": 298.2905549940756, "spark.memory.storageFraction": 0.6508940399299608}, "datetime": {"datetime": "2022-02-25 11:31:26", "elapsed": 0.00399, "delta": 0.00399}}
{"target": -2751.8111, "params": {"spark.executor.cores": 2.998198905657004, "spark.executor.instances": 6.110590199789067, "spark.executor.memory": 5.08019746590036, "spark.memory.fraction": 0.8590149473984439, "spark.memory.offHeap.size": 695.3274768660469, "spark.memory.storageFraction": 0.7425514154477499}, "datetime": {"datetime": "2022-02-25 11:31:26", "elapsed": 0.007979, "delta": 0.003989}}
{"target": -2751.8111, "params": {"spark.executor.cores": 1.1265374165533677, "spark.executor.instances": 5.953926887073839, "spark.executor.memory": 5.646406908765752, "spark.memory.fraction": 0.6458305804316424, "spark.memory.offHeap.size": 443.92501935654457, "spark.memory.storageFraction": 0.822545941397061}, "datetime": {"datetime": "2022-02-25 11:31:26", "elapsed": 0.010971, "delta": 0.002992}}
{"target": -2719.6692000000003, "params": {"spark.executor.cores": 1.803982596126223, "spark.executor.instances": 7.308354956039016, "spark.executor.memory": 6.22975340068335, "spark.memory.fraction": 0.7160319847950817, "spark.memory.offHeap.size": 570.0587148405026, "spark.memory.storageFraction": 0.8040219181383237}, "datetime": {"datetime": "2022-02-25 11:31:26", "elapsed": 0.013963, "delta": 0.002992}}
{"target": -2751.8111, "params": {"spark.executor.cores": 2.2035280241110264, "spark.executor.instances": 5.766822851688369, "spark.executor.memory": 6.57813251800885, "spark.memory.fraction": 0.7686014471639286, "spark.memory.offHeap.size": 808.9844351562998, "spark.memory.storageFraction": 0.707115048685314}, "datetime": {"datetime": "2022-02-25 11:31:26", "elapsed": 0.01895, "delta": 0.004987}}
{"target": -2751.8111, "params": {"spark.executor.cores": 2.09238179909842, "spark.executor.instances": 6.956611331167973, "spark.executor.memory": 6.09914527660525, "spark.memory.fraction": 0.8660557720694044, "spark.memory.offHeap.size": 5.63087747240582, "spark.memory.storageFraction": 0.6906806293859025}, "datetime": {"datetime": "2022-02-25 11:31:26", "elapsed": 0.022939, "delta": 0.003989}}
{"target": -2751.8111, "params": {"spark.executor.cores": 2.393114734022924, "spark.executor.instances": 5.554717162541497, "spark.executor.memory": 3.9300677226377134, "spark.memory.fraction": 0.5246485582409561, "spark.memory.offHeap.size": 231.31704628153616, "spark.memory.storageFraction": 0.8434211853159888}, "datetime": {"datetime": "2022-02-25 11:31:26", "elapsed": 0.025931, "delta": 0.002992}}
{"target": -2646.3789411764706, "params": {"spark.executor.cores": 3.5199343089802837, "spark.executor.instances": 5.000845038385967, "spark.executor.memory": 3.5893721292265863, "spark.memory.fraction": 0.5130563993526398, "spark.memory.offHeap.size": 81.60227081535523, "spark.memory.storageFraction": 0.7263630914020436}, "datetime": {"datetime": "2022-02-25 11:31:26", "elapsed": 0.02992, "delta": 0.003989}}
{"target": -2751.8111, "params": {"spark.executor.cores": 3.195313158322646, "spark.executor.instances": 6.4236714232119505, "spark.executor.memory": 3.633703343761475, "spark.memory.fraction": 0.5733726817739321, "spark.memory.offHeap.size": 503.83926325292384, "spark.memory.storageFraction": 0.8821027332141724}, "datetime": {"datetime": "2022-02-25 11:31:26", "elapsed": 0.032913, "delta": 0.002993}}
{"target": -2657.361161290322, "params": {"spark.executor.cores": 3.791532409315795, "spark.executor.instances": 4.150259668630065, "spark.executor.memory": 5.9398388460197475, "spark.memory.fraction": 0.5819902102739467, "spark.memory.offHeap.size": 725.9769809276412, "spark.memory.storageFraction": 0.6723245911354434}, "datetime": {"datetime": "2022-02-25 11:31:26", "elapsed": 0.039894, "delta": 0.006981}}
{"target": -2776.653777777778, "params": {"spark.executor.cores": 1.410802447294194, "spark.executor.instances": 4.617895033526316, "spark.executor.memory": 4.507714545243553, "spark.memory.fraction": 0.6046060310171358, "spark.memory.offHeap.size": 162.0966812274596, "spark.memory.storageFraction": 0.5588948882898335}, "datetime": {"datetime": "2022-02-25 11:31:26", "elapsed": 0.045878, "delta": 0.005984}}
{"target": -2787.662, "params": {"spark.executor.cores": 3.339978520068793, "spark.executor.instances": 4.2398306955165985, "spark.executor.memory": 5.412721012170065, "spark.memory.fraction": 0.6291239967346981, "spark.memory.offHeap.size": 621.747055322499, "spark.memory.storageFraction": 0.525630221047086}, "datetime": {"datetime": "2022-02-25 11:31:26", "elapsed": 0.049867, "delta": 0.003989}}
{"target": -2575.091095238096, "params": {"spark.executor.cores": 3.569894850222698, "spark.executor.instances": 6.358785182315622, "spark.executor.memory": 4.097626952997781, "spark.memory.fraction": 0.8307201724663507, "spark.memory.offHeap.size": 853.3550101908115, "spark.memory.storageFraction": 0.7866787073441837}, "datetime": {"datetime": "2022-02-25 11:31:26", "elapsed": 0.053856, "delta": 0.003989}}
{"target": -2756.692, "params": {"spark.executor.cores": 1.6275165916602925, "spark.executor.instances": 4.582286450022729, "spark.executor.memory": 4.967160300118707, "spark.memory.fraction": 0.8959749578627529, "spark.memory.offHeap.size": 899.749845958278, "spark.memory.storageFraction": 0.6139783078263616}, "datetime": {"datetime": "2022-02-25 11:31:26", "elapsed": 0.056848, "delta": 0.002992}}
{"target": -2776.653777777778, "params": {"spark.executor.cores": 1.5842703612147055, "spark.executor.instances": 4.958354356704131, "spark.executor.memory": 3.238697806959099, "spark.memory.fraction": 0.5410503376822182, "spark.memory.offHeap.size": 362.3401894116148, "spark.memory.storageFraction": 0.5034293840752789}, "datetime": {"datetime": "2022-02-25 11:31:26", "elapsed": 0.060838, "delta": 0.00399}}
{"target": -2709.0973750000003, "params": {"spark.executor.cores": 1.941708309988997, "spark.executor.instances": 7.970692490732052, "spark.executor.memory": 4.232139275173787, "spark.memory.fraction": 0.6671659250140626, "spark.memory.offHeap.size": 531.2785523768747, "spark.memory.storageFraction": 0.5849195454487643}, "datetime": {"datetime": "2022-02-25 11:31:26", "elapsed": 0.063831, "delta": 0.002993}}
{"target": -2643.4183749999997, "params": {"spark.executor.cores": 3.855192645671145, "spark.executor.instances": 5.383411266383351, "spark.executor.memory": 4.616726199070957, "spark.memory.fraction": 0.7486312431525934, "spark.memory.offHeap.size": 1021.9740232377629, "spark.memory.storageFraction": 0.5677954520244564}, "datetime": {"datetime": "2022-02-25 11:31:26", "elapsed": 0.067819, "delta": 0.003988}}
{"target": -2719.6692000000003, "params": {"spark.executor.cores": 2.6409970959262417, "spark.executor.instances": 7.096416670220021, "spark.executor.memory": 3.0502069737923536, "spark.memory.fraction": 0.6925927584468425, "spark.memory.offHeap.size": 132.3151113179885, "spark.memory.storageFraction": 0.8655660595308154}, "datetime": {"datetime": "2022-02-25 11:31:26", "elapsed": 0.070811, "delta": 0.002992}}
{"target": -2709.0973750000003, "params": {"spark.executor.cores": 2.904898270428636, "spark.executor.instances": 7.626308051845223, "spark.executor.memory": 6.93760391646928, "spark.memory.fraction": 0.811325428732582, "spark.memory.offHeap.size": 319.9298496379267, "spark.memory.storageFraction": 0.7712265951405881}, "datetime": {"datetime": "2022-02-25 11:31:26", "elapsed": 0.0748, "delta": 0.003989}}
{"target": -2575.091095238096, "params": {"spark.executor.cores": 3.583615880813025, "spark.executor.instances": 6.975230660729774, "spark.executor.memory": 3.4791275683167404, "spark.memory.fraction": 0.7470794756726717, "spark.memory.offHeap.size": 854.1958990845052, "spark.memory.storageFraction": 0.6031095866111652}, "datetime": {"datetime": "2022-02-25 11:31:27", "elapsed": 0.23936, "delta": 0.16456}}
{"target": -5285.806, "params": {"spark.executor.cores": 4.0, "spark.executor.instances": 4.0, "spark.executor.memory": 7.0, "spark.memory.fraction": 0.9, "spark.memory.offHeap.size": 858.1079343259503, "spark.memory.storageFraction": 0.9}, "datetime": {"datetime": "2022-02-25 11:31:27", "elapsed": 0.73005, "delta": 0.49069}}
{"target": -2719.6692000000003, "params": {"spark.executor.cores": 3.419884275036377, "spark.executor.instances": 7.322949121901011, "spark.executor.memory": 3.5227623531468057, "spark.memory.fraction": 0.8341884640240838, "spark.memory.offHeap.size": 852.026679247338, "spark.memory.storageFraction": 0.6224328501416101}, "datetime": {"datetime": "2022-02-25 11:31:27", "elapsed": 0.975395, "delta": 0.245345}}
{"target": -2756.692, "params": {"spark.executor.cores": 3.425190726585686, "spark.executor.instances": 5.237086682764228, "spark.executor.memory": 4.426187528305638, "spark.memory.fraction": 0.8064970958188807, "spark.memory.offHeap.size": 1018.5454306188782, "spark.memory.storageFraction": 0.5837554932855991}, "datetime": {"datetime": "2022-02-25 11:31:28", "elapsed": 1.220294, "delta": 0.244899}}
{"target": -2751.8111, "params": {"spark.executor.cores": 1.41154002323242, "spark.executor.instances": 5.9109509549675865, "spark.executor.memory": 3.203437259180435, "spark.memory.fraction": 0.8402754825363534, "spark.memory.offHeap.size": 853.4760347496966, "spark.memory.storageFraction": 0.6313875933164729}, "datetime": {"datetime": "2022-02-25 11:31:28", "elapsed": 1.449569, "delta": 0.229275}}
{"target": -2709.0973750000003, "params": {"spark.executor.cores": 1.1302598588319666, "spark.executor.instances": 7.563833667962408, "spark.executor.memory": 3.7619456297032614, "spark.memory.fraction": 0.7125943714529157, "spark.memory.offHeap.size": 1023.1941201035829, "spark.memory.storageFraction": 0.5237221926024291}, "datetime": {"datetime": "2022-02-25 11:31:28", "elapsed": 1.748281, "delta": 0.298712}}
{"target": -2709.0973750000003, "params": {"spark.executor.cores": 3.4363509760014033, "spark.executor.instances": 7.533423555533156, "spark.executor.memory": 6.399454856651026, "spark.memory.fraction": 0.6633015380847609, "spark.memory.offHeap.size": 80.97075351176079, "spark.memory.storageFraction": 0.5543054982387654}, "datetime": {"datetime": "2022-02-25 11:31:28", "elapsed": 1.942148, "delta": 0.193867}}
{"target": -2592.1857777777786, "params": {"spark.executor.cores": 3.5944145817593722, "spark.executor.instances": 6.722733317914244, "spark.executor.memory": 3.8651127637087273, "spark.memory.fraction": 0.8888539671910871, "spark.memory.offHeap.size": 85.24891839964323, "spark.memory.storageFraction": 0.5814082582515026}, "datetime": {"datetime": "2022-02-25 11:31:29", "elapsed": 2.321245, "delta": 0.379097}}
{"target": -5285.805999999999, "params": {"spark.executor.cores": 1.0, "spark.executor.instances": 7.4287003470471635, "spark.executor.memory": 3.0, "spark.memory.fraction": 0.5, "spark.memory.offHeap.size": 83.48303180399431, "spark.memory.storageFraction": 0.9}, "datetime": {"datetime": "2022-02-25 11:31:29", "elapsed": 2.765282, "delta": 0.444037}}
{"target": -2575.091095238096, "params": {"spark.executor.cores": 3.863194960021656, "spark.executor.instances": 5.946464599272705, "spark.executor.memory": 4.893268482242634, "spark.memory.fraction": 0.6383385459630778, "spark.memory.offHeap.size": 84.4669442158156, "spark.memory.storageFraction": 0.7401702479406561}, "datetime": {"datetime": "2022-02-25 11:31:29", "elapsed": 2.968704, "delta": 0.203422}}
{"target": -2575.091095238096, "params": {"spark.executor.cores": 3.934048176133431, "spark.executor.instances": 6.941513387163383, "spark.executor.memory": 4.864087067872491, "spark.memory.fraction": 0.5483724156196498, "spark.memory.offHeap.size": 87.16890990408388, "spark.memory.storageFraction": 0.5479320903480109}, "datetime": {"datetime": "2022-02-25 11:31:30", "elapsed": 3.170234, "delta": 0.20153}}
{"target": -2592.1857777777786, "params": {"spark.executor.cores": 4.0, "spark.executor.instances": 5.659027010367104, "spark.executor.memory": 4.343912022225551, "spark.memory.fraction": 0.9, "spark.memory.offHeap.size": 86.01824967946479, "spark.memory.storageFraction": 0.5}, "datetime": {"datetime": "2022-02-25 11:31:30", "elapsed": 3.347353, "delta": 0.177119}}
{"target": -2646.3789411764706, "params": {"spark.executor.cores": 3.7748029784259565, "spark.executor.instances": 5.01004140193435, "spark.executor.memory": 4.76082047188588, "spark.memory.fraction": 0.6712886532003258, "spark.memory.offHeap.size": 79.51238589773345, "spark.memory.storageFraction": 0.7861258795534273}, "datetime": {"datetime": "2022-02-25 11:31:30", "elapsed": 3.683483, "delta": 0.33613}}
{"target": -2646.3789411764706, "params": {"spark.executor.cores": 3.8673367279715425, "spark.executor.instances": 4.188396687540357, "spark.executor.memory": 5.642620106137545, "spark.memory.fraction": 0.7160652685184168, "spark.memory.offHeap.size": 82.34971684914399, "spark.memory.storageFraction": 0.7651087102337395}, "datetime": {"datetime": "2022-02-25 11:31:30", "elapsed": 4.066873, "delta": 0.38339}}
{"target": -2575.091095238096, "params": {"spark.executor.cores": 3.7465345421416547, "spark.executor.instances": 6.383932954623541, "spark.executor.memory": 6.53480665780571, "spark.memory.fraction": 0.6427057700955339, "spark.memory.offHeap.size": 85.84014146221568, "spark.memory.storageFraction": 0.7677423438682214}, "datetime": {"datetime": "2022-02-25 11:31:31", "elapsed": 4.521535, "delta": 0.454662}}
{"target": -2709.0973750000003, "params": {"spark.executor.cores": 3.44477152423501, "spark.executor.instances": 7.882696348256412, "spark.executor.memory": 6.509174787898001, "spark.memory.fraction": 0.8910881466777663, "spark.memory.offHeap.size": 1022.1428485360334, "spark.memory.storageFraction": 0.5202959115587829}, "datetime": {"datetime": "2022-02-25 11:31:31", "elapsed": 4.795453, "delta": 0.273918}}
{"target": -2776.653777777778, "params": {"spark.executor.cores": 1.340128236320459, "spark.executor.instances": 5.341939312890746, "spark.executor.memory": 6.454200943775984, "spark.memory.fraction": 0.7329603198644813, "spark.memory.offHeap.size": 1021.9343041467653, "spark.memory.storageFraction": 0.5902491267294181}, "datetime": {"datetime": "2022-02-25 11:31:32", "elapsed": 5.163544, "delta": 0.368091}}
{"target": -2575.091095238096, "params": {"spark.executor.cores": 3.9757256040513873, "spark.executor.instances": 7.524867446547354, "spark.executor.memory": 3.5450180578214363, "spark.memory.fraction": 0.622457214840583, "spark.memory.offHeap.size": 1021.2940782940889, "spark.memory.storageFraction": 0.6747506980527262}, "datetime": {"datetime": "2022-02-25 11:31:32", "elapsed": 5.431184, "delta": 0.26764}}
{"target": -2575.091095238096, "params": {"spark.executor.cores": 3.6846187157859522, "spark.executor.instances": 7.204106627849064, "spark.executor.memory": 3.4591461526092795, "spark.memory.fraction": 0.5094201504418141, "spark.memory.offHeap.size": 1023.5854887399228, "spark.memory.storageFraction": 0.7730668656889508}, "datetime": {"datetime": "2022-02-25 11:31:32", "elapsed": 5.598169, "delta": 0.166985}}
{"target": -5285.806, "params": {"spark.executor.cores": 4.0, "spark.executor.instances": 8.0, "spark.executor.memory": 7.0, "spark.memory.fraction": 0.9, "spark.memory.offHeap.size": 88.01463471516753, "spark.memory.storageFraction": 0.9}, "datetime": {"datetime": "2022-02-25 11:31:32", "elapsed": 5.970825, "delta": 0.372656}}
"{'maxIndex': 14, 'target': -2575.091095238096, 'params': {'spark.executor.cores': 3.569894850222698, 'spark.executor.instances': 6.358785182315622, 'spark.executor.memory': 4.097626952997781, 'spark.memory.fraction': 0.8307201724663507, 'spark.memory.offHeap.size': 853.3550101908115, 'spark.memory.storageFraction': 0.7866787073441837}}"