{"target": -2798.4647700000014, "params": {"spark.default.parallelism": 462.83868525581505, "spark.executor.cores": 3.272931503323006, "spark.executor.instances": 4.517953399058117, "spark.executor.memory": 4.095863170393357, "spark.executor.memoryOverhead": 499.0335023617173, "spark.memory.fraction": 0.8238946824628268, "spark.memory.storageFraction": 0.591368841495795, "spark.reducer.maxBlocksInFlightPerAddress": 1811744808.8507974, "spark.reducer.maxSizeInFlight": 57.80638337445577, "spark.shuffle.file.buffer": 39.8397713116517}, "datetime": {"datetime": "2022-03-02 17:59:43", "elapsed": 0.0, "delta": 0.0}}
{"target": -2717.178140000001, "params": {"spark.default.parallelism": 243.83823726375996, "spark.executor.cores": 3.748986157156842, "spark.executor.instances": 5.2369644483427935, "spark.executor.memory": 5.4645131442031145, "spark.executor.memoryOverhead": 721.1996682334371, "spark.memory.fraction": 0.5942472233281217, "spark.memory.storageFraction": 0.6739169602196209, "spark.reducer.maxBlocksInFlightPerAddress": 1333997266.4652328, "spark.reducer.maxSizeInFlight": 54.33109485492974, "spark.shuffle.file.buffer": 26.246542431814728}, "datetime": {"datetime": "2022-03-02 17:59:43", "elapsed": 0.026905, "delta": 0.026905}}
{"target": -2792.368930000001, "params": {"spark.default.parallelism": 389.00215788589855, "spark.executor.cores": 1.5813974001841211, "spark.executor.instances": 6.271509993914178, "spark.executor.memory": 4.597070060030769, "spark.executor.memoryOverhead": 523.4770901907094, "spark.memory.fraction": 0.7827179712306916, "spark.memory.storageFraction": 0.5346380046132235, "spark.reducer.maxBlocksInFlightPerAddress": 1610897210.397983, "spark.reducer.maxSizeInFlight": 38.72153861709164, "spark.shuffle.file.buffer": 40.84412593487703}, "datetime": {"datetime": "2022-03-02 17:59:43", "elapsed": 0.055838, "delta": 0.028933}}
{"target": -2713.9667899999995, "params": {"spark.default.parallelism": 272.627983967822, "spark.executor.cores": 3.628185170475501, "spark.executor.instances": 7.253540733227684, "spark.executor.memory": 3.6755840449050923, "spark.executor.memoryOverhead": 637.1404723252587, "spark.memory.fraction": 0.7120377975198741, "spark.memory.storageFraction": 0.8425555454435842, "spark.reducer.maxBlocksInFlightPerAddress": 1386941230.430441, "spark.reducer.maxSizeInFlight": 49.824174996462716, "spark.shuffle.file.buffer": 45.96761712654837}, "datetime": {"datetime": "2022-03-02 17:59:43", "elapsed": 0.082782, "delta": 0.026944}}
{"target": -2798.310000000002, "params": {"spark.default.parallelism": 214.15421046221937, "spark.executor.cores": 2.9453485146536442, "spark.executor.instances": 7.9996640899613425, "spark.executor.memory": 4.909221195255212, "spark.executor.memoryOverhead": 661.0933604009019, "spark.memory.fraction": 0.6150756719294572, "spark.memory.storageFraction": 0.7237776357380479, "spark.reducer.maxBlocksInFlightPerAddress": 1428681815.304402, "spark.reducer.maxSizeInFlight": 44.265138715342765, "spark.shuffle.file.buffer": 36.42637631224409}, "datetime": {"datetime": "2022-03-02 17:59:43", "elapsed": 0.109683, "delta": 0.026901}}
{"target": -2798.1630900000014, "params": {"spark.default.parallelism": 370.82851476273254, "spark.executor.cores": 1.9246691802070486, "spark.executor.instances": 6.772950428419808, "spark.executor.memory": 6.871068648224833, "spark.executor.memoryOverhead": 480.8286094267145, "spark.memory.fraction": 0.5518536075345327, "spark.memory.storageFraction": 0.8209297368278521, "spark.reducer.maxBlocksInFlightPerAddress": 1528811888.6933594, "spark.reducer.maxSizeInFlight": 62.900298864754696, "spark.shuffle.file.buffer": 32.29071864837678}, "datetime": {"datetime": "2022-03-02 17:59:43", "elapsed": 0.136641, "delta": 0.026958}}
{"target": -2798.9581400000006, "params": {"spark.default.parallelism": 310.9048533027225, "spark.executor.cores": 2.7596163444535975, "spark.executor.instances": 5.984275559249167, "spark.executor.memory": 6.164716719847742, "spark.executor.memoryOverhead": 703.5987480571534, "spark.memory.fraction": 0.646784478815932, "spark.memory.storageFraction": 0.7911910529339465, "spark.reducer.maxBlocksInFlightPerAddress": 1202668324.8077085, "spark.reducer.maxSizeInFlight": 61.18135860256299, "spark.shuffle.file.buffer": 34.085846249221035}, "datetime": {"datetime": "2022-03-02 17:59:43", "elapsed": 0.172028, "delta": 0.035387}}
{"target": -2802.2893700000013, "params": {"spark.default.parallelism": 491.65521988683815, "spark.executor.cores": 1.6964873623744376, "spark.executor.instances": 7.443510232522028, "spark.executor.memory": 5.197948143234667, "spark.executor.memoryOverhead": 457.6624617186698, "spark.memory.fraction": 0.8537773637803527, "spark.memory.storageFraction": 0.770974060744129, "spark.reducer.maxBlocksInFlightPerAddress": 1664345803.342987, "spark.reducer.maxSizeInFlight": 26.0322830071223, "spark.shuffle.file.buffer": 31.41310163836159}, "datetime": {"datetime": "2022-03-02 17:59:43", "elapsed": 0.198984, "delta": 0.026956}}
{"target": -2796.397820000002, "params": {"spark.default.parallelism": 322.2621586012839, "spark.executor.cores": 2.056181959870629, "spark.executor.instances": 6.115813158267242, "spark.executor.memory": 3.1503054037795826, "spark.executor.memoryOverhead": 794.9988043149165, "spark.memory.fraction": 0.7376531318895421, "spark.memory.storageFraction": 0.5727889165335397, "spark.reducer.maxBlocksInFlightPerAddress": 1597115637.0694156, "spark.reducer.maxSizeInFlight": 35.78747183708705, "spark.shuffle.file.buffer": 44.73113499561918}, "datetime": {"datetime": "2022-03-02 17:59:43", "elapsed": 0.225884, "delta": 0.0269}}
{"target": -2807.053150000001, "params": {"spark.default.parallelism": 283.18438132329663, "spark.executor.cores": 1.8205089117817554, "spark.executor.instances": 7.07071613454813, "spark.executor.memory": 5.761698194789541, "spark.executor.memoryOverhead": 874.3406273067881, "spark.memory.fraction": 0.8166440160026588, "spark.memory.storageFraction": 0.5130847237444482, "spark.reducer.maxBlocksInFlightPerAddress": 2014724683.6150146, "spark.reducer.maxSizeInFlight": 46.87763735153692, "spark.shuffle.file.buffer": 21.617050885212837}, "datetime": {"datetime": "2022-03-02 17:59:43", "elapsed": 0.253838, "delta": 0.027954}}
{"target": -2715.5489300000004, "params": {"spark.default.parallelism": 251.18911863499778, "spark.executor.cores": 3.902141675173371, "spark.executor.instances": 4.700184532391082, "spark.executor.memory": 3.561031884679977, "spark.executor.memoryOverhead": 738.2712853822593, "spark.memory.fraction": 0.5046915324418119, "spark.memory.storageFraction": 0.7596072794641666, "spark.reducer.maxBlocksInFlightPerAddress": 1900890862.784472, "spark.reducer.maxSizeInFlight": 68.46432460319072, "spark.shuffle.file.buffer": 23.239296567879446}, "datetime": {"datetime": "2022-03-02 17:59:43", "elapsed": 0.280769, "delta": 0.026931}}
{"target": -3488.2162100000005, "params": {"spark.default.parallelism": 300.8407915404129, "spark.executor.cores": 2.2112412993221664, "spark.executor.instances": 5.143518347647669, "spark.executor.memory": 6.410384996042717, "spark.executor.memoryOverhead": 532.1337186043322, "spark.memory.fraction": 0.7754993500480283, "spark.memory.storageFraction": 0.8929806300068714, "spark.reducer.maxBlocksInFlightPerAddress": 1161782425.758023, "spark.reducer.maxSizeInFlight": 31.76781438048585, "spark.shuffle.file.buffer": 28.047782292040665}, "datetime": {"datetime": "2022-03-02 17:59:43", "elapsed": 0.307666, "delta": 0.026897}}
{"target": -2805.0024500000018, "params": {"spark.default.parallelism": 446.0849529930651, "spark.executor.cores": 2.453657994193427, "spark.executor.instances": 4.849807539859053, "spark.executor.memory": 3.895270155192316, "spark.executor.memoryOverhead": 560.6547286020657, "spark.memory.fraction": 0.6935551016119154, "spark.memory.storageFraction": 0.6249532213421554, "spark.reducer.maxBlocksInFlightPerAddress": 1965468433.342334, "spark.reducer.maxSizeInFlight": 42.2980259474043, "spark.shuffle.file.buffer": 24.4540361485043}, "datetime": {"datetime": "2022-03-02 17:59:44", "elapsed": 0.333624, "delta": 0.025958}}
{"target": -2812.3405700000008, "params": {"spark.default.parallelism": 400.9046591308347, "spark.executor.cores": 3.2060128496403415, "spark.executor.instances": 5.640596527264444, "spark.executor.memory": 4.727356999895126, "spark.executor.memoryOverhead": 600.8060174832127, "spark.memory.fraction": 0.6327866457913051, "spark.memory.storageFraction": 0.6936818608054681, "spark.reducer.maxBlocksInFlightPerAddress": 2126879684.757895, "spark.reducer.maxSizeInFlight": 52.60522967573466, "spark.shuffle.file.buffer": 19.479917377074933}, "datetime": {"datetime": "2022-03-02 17:59:44", "elapsed": 0.360557, "delta": 0.026933}}
{"target": -2803.7852200000016, "params": {"spark.default.parallelism": 437.52802398649953, "spark.executor.cores": 3.0300352371718935, "spark.executor.instances": 4.32964238334742, "spark.executor.memory": 6.202336035964075, "spark.executor.memoryOverhead": 406.0025777940925, "spark.memory.fraction": 0.576171570536386, "spark.memory.storageFraction": 0.6023390318007826, "spark.reducer.maxBlocksInFlightPerAddress": 1482525207.015429, "spark.reducer.maxSizeInFlight": 28.344983059432543, "spark.shuffle.file.buffer": 16.58977674831967}, "datetime": {"datetime": "2022-03-02 17:59:44", "elapsed": 0.388451, "delta": 0.027894}}
{"target": -2801.0128700000014, "params": {"spark.default.parallelism": 336.0481617406553, "spark.executor.cores": 1.4494192922554143, "spark.executor.instances": 6.905947747918728, "spark.executor.memory": 4.274476563603436, "spark.executor.memoryOverhead": 431.114407749719, "spark.memory.fraction": 0.8626174226586028, "spark.memory.storageFraction": 0.8147419065091288, "spark.reducer.maxBlocksInFlightPerAddress": 1876849670.9778862, "spark.reducer.maxSizeInFlight": 69.65274049901538, "spark.shuffle.file.buffer": 46.78650961429891}, "datetime": {"datetime": "2022-03-02 17:59:44", "elapsed": 0.415377, "delta": 0.026926}}
{"target": -2797.426960000001, "params": {"spark.default.parallelism": 364.6597859695179, "spark.executor.cores": 2.5257782058906026, "spark.executor.instances": 5.536187705076809, "spark.executor.memory": 6.727588445956045, "spark.executor.memoryOverhead": 625.9365162497709, "spark.memory.fraction": 0.5316251331861456, "spark.memory.storageFraction": 0.7017338499883817, "spark.reducer.maxBlocksInFlightPerAddress": 1238551588.4571333, "spark.reducer.maxSizeInFlight": 38.01960856070911, "spark.shuffle.file.buffer": 42.47853564319107}, "datetime": {"datetime": "2022-03-02 17:59:44", "elapsed": 0.442305, "delta": 0.026928}}
{"target": -2808.1978500000014, "params": {"spark.default.parallelism": 221.01127397126157, "spark.executor.cores": 1.1383009980534236, "spark.executor.instances": 6.501527167413912, "spark.executor.memory": 3.2830964839431918, "spark.executor.memoryOverhead": 836.5692550574593, "spark.memory.fraction": 0.7535503485863875, "spark.memory.storageFraction": 0.5470617535570762, "spark.reducer.maxBlocksInFlightPerAddress": 2048575593.190022, "spark.reducer.maxSizeInFlight": 56.53826599750718, "spark.shuffle.file.buffer": 30.299042227717482}, "datetime": {"datetime": "2022-03-02 17:59:44", "elapsed": 0.469262, "delta": 0.026957}}
{"target": -2799.23604, "params": {"spark.default.parallelism": 481.52572141561063, "spark.executor.cores": 1.205276311284266, "spark.executor.instances": 7.603548158755988, "spark.executor.memory": 5.9978141869213, "spark.executor.memoryOverhead": 758.0187368383658, "spark.memory.fraction": 0.893598040709046, "spark.memory.storageFraction": 0.6412277299749363, "spark.reducer.maxBlocksInFlightPerAddress": 1124346511.5423038, "spark.reducer.maxSizeInFlight": 65.74745261476939, "spark.shuffle.file.buffer": 38.17461170863047}, "datetime": {"datetime": "2022-03-02 17:59:44", "elapsed": 0.497191, "delta": 0.027929}}
{"target": -2800.7151800000015, "params": {"spark.default.parallelism": 421.46221711019166, "spark.executor.cores": 3.4757283491643736, "spark.executor.instances": 4.181910968914816, "spark.executor.memory": 5.331560124089014, "spark.executor.memoryOverhead": 816.1312819674923, "spark.memory.fraction": 0.6774255945976569, "spark.memory.storageFraction": 0.8694365892338063, "spark.reducer.maxBlocksInFlightPerAddress": 1729468027.5113926, "spark.reducer.maxSizeInFlight": 29.608517462107947, "spark.shuffle.file.buffer": 19.012416275436685}, "datetime": {"datetime": "2022-03-02 17:59:44", "elapsed": 0.524087, "delta": 0.026896}}
{"target": -2811.666330000001, "params": {"spark.default.parallelism": 471.7347958176224, "spark.executor.cores": 1.623735245622408, "spark.executor.instances": 6.7021902652564265, "spark.executor.memory": 6.307245827387211, "spark.executor.memoryOverhead": 512.8708848319183, "spark.memory.fraction": 0.5002018501106356, "spark.memory.storageFraction": 0.7529280134151459, "spark.reducer.maxBlocksInFlightPerAddress": 2027727390.8450725, "spark.reducer.maxSizeInFlight": 60.16555453095418, "spark.shuffle.file.buffer": 25.13734788014303}, "datetime": {"datetime": "2022-03-02 17:59:44", "elapsed": 0.620851, "delta": 0.096764}}
{"target": -2797.238750000002, "params": {"spark.default.parallelism": 486.2394357576476, "spark.executor.cores": 1.2312871265815353, "spark.executor.instances": 6.671555755962629, "spark.executor.memory": 6.093578670722904, "spark.executor.memoryOverhead": 597.20764129425, "spark.memory.fraction": 0.566908767886981, "spark.memory.storageFraction": 0.549952090389277, "spark.reducer.maxBlocksInFlightPerAddress": 1355843577.2816215, "spark.reducer.maxSizeInFlight": 25.570597125766916, "spark.shuffle.file.buffer": 35.34356290352122}, "datetime": {"datetime": "2022-03-02 17:59:44", "elapsed": 0.715603, "delta": 0.094752}}
{"target": -2716.336960000001, "params": {"spark.default.parallelism": 265.99297625372975, "spark.executor.cores": 3.5663683747048287, "spark.executor.instances": 7.179488483764702, "spark.executor.memory": 4.397167676389818, "spark.executor.memoryOverhead": 620.2671062595156, "spark.memory.fraction": 0.7223427035574222, "spark.memory.storageFraction": 0.6777398809728279, "spark.reducer.maxBlocksInFlightPerAddress": 1826051960.7028747, "spark.reducer.maxSizeInFlight": 41.6369158208802, "spark.shuffle.file.buffer": 47.86790957178454}, "datetime": {"datetime": "2022-03-02 17:59:44", "elapsed": 0.785388, "delta": 0.069785}}
{"target": -2797.0545800000004, "params": {"spark.default.parallelism": 345.9575059778214, "spark.executor.cores": 3.1440922994374563, "spark.executor.instances": 7.0392250747115614, "spark.executor.memory": 6.962727483549804, "spark.executor.memoryOverhead": 766.7546950852324, "spark.memory.fraction": 0.5817279152607406, "spark.memory.storageFraction": 0.6331629966578163, "spark.reducer.maxBlocksInFlightPerAddress": 1211856221.2005877, "spark.reducer.maxSizeInFlight": 24.999809610364057, "spark.shuffle.file.buffer": 44.3916597706138}, "datetime": {"datetime": "2022-03-02 17:59:44", "elapsed": 0.862687, "delta": 0.077299}}
{"target": -2807.822400000001, "params": {"spark.default.parallelism": 280.45195687695133, "spark.executor.cores": 1.3648674985890505, "spark.executor.instances": 6.491444310510021, "spark.executor.memory": 4.724482082144515, "spark.executor.memoryOverhead": 587.6287890158578, "spark.memory.fraction": 0.6934385279716476, "spark.memory.storageFraction": 0.5894932200870144, "spark.reducer.maxBlocksInFlightPerAddress": 2112623908.705553, "spark.reducer.maxSizeInFlight": 39.38805184459612, "spark.shuffle.file.buffer": 38.39361373640864}, "datetime": {"datetime": "2022-03-02 17:59:44", "elapsed": 0.939482, "delta": 0.076795}}
{"target": -2807.0062300000013, "params": {"spark.default.parallelism": 230.9067130890092, "spark.executor.cores": 2.347809941987429, "spark.executor.instances": 6.349207892032901, "spark.executor.memory": 4.863152281530208, "spark.executor.memoryOverhead": 534.7836185254696, "spark.memory.fraction": 0.7827695753201128, "spark.memory.storageFraction": 0.5530067371631945, "spark.reducer.maxBlocksInFlightPerAddress": 2048344295.4161325, "spark.reducer.maxSizeInFlight": 58.012989078743686, "spark.shuffle.file.buffer": 45.970502274357244}, "datetime": {"datetime": "2022-03-02 17:59:44", "elapsed": 1.039219, "delta": 0.099737}}
{"target": -2795.806160000001, "params": {"spark.default.parallelism": 352.04651515700687, "spark.executor.cores": 1.7782770312527538, "spark.executor.instances": 7.885765277992592, "spark.executor.memory": 5.038123631538513, "spark.executor.memoryOverhead": 538.0941905619998, "spark.memory.fraction": 0.7052444345224423, "spark.memory.storageFraction": 0.5534462275676156, "spark.reducer.maxBlocksInFlightPerAddress": 1382175986.4515374, "spark.reducer.maxSizeInFlight": 28.14624059181522, "spark.shuffle.file.buffer": 42.30314185306119}, "datetime": {"datetime": "2022-03-02 17:59:44", "elapsed": 1.130973, "delta": 0.091754}}
{"target": -2711.7175800000005, "params": {"spark.default.parallelism": 453.1588366647453, "spark.executor.cores": 3.551180830530122, "spark.executor.instances": 6.125219236906304, "spark.executor.memory": 3.4407834258938848, "spark.executor.memoryOverhead": 864.8260649881806, "spark.memory.fraction": 0.8680671842276895, "spark.memory.storageFraction": 0.8082853829818448, "spark.reducer.maxBlocksInFlightPerAddress": 1900851132.2551775, "spark.reducer.maxSizeInFlight": 38.32060015928337, "spark.shuffle.file.buffer": 22.29270688665767}, "datetime": {"datetime": "2022-03-02 17:59:44", "elapsed": 1.215751, "delta": 0.084778}}
{"target": -2717.3664600000006, "params": {"spark.default.parallelism": 201.23824686914332, "spark.executor.cores": 3.6457264052779736, "spark.executor.instances": 4.48719358733587, "spark.executor.memory": 6.05019002190486, "spark.executor.memoryOverhead": 567.7949577217873, "spark.memory.fraction": 0.8078127718106927, "spark.memory.storageFraction": 0.784035185380076, "spark.reducer.maxBlocksInFlightPerAddress": 1826206382.9899976, "spark.reducer.maxSizeInFlight": 66.79499776493037, "spark.shuffle.file.buffer": 23.3916421018389}, "datetime": {"datetime": "2022-03-02 17:59:44", "elapsed": 1.312999, "delta": 0.097248}}
{"target": -2798.4533500000016, "params": {"spark.default.parallelism": 301.99567404335755, "spark.executor.cores": 3.0825300153369555, "spark.executor.instances": 4.989072283748275, "spark.executor.memory": 5.5874588591685095, "spark.executor.memoryOverhead": 754.0518743631072, "spark.memory.fraction": 0.8907939661724267, "spark.memory.storageFraction": 0.8102994447125629, "spark.reducer.maxBlocksInFlightPerAddress": 1387135670.428095, "spark.reducer.maxSizeInFlight": 51.54888650655039, "spark.shuffle.file.buffer": 34.06174922551179}, "datetime": {"datetime": "2022-03-02 17:59:45", "elapsed": 1.410738, "delta": 0.097739}}
{"target": -2814.436630000001, "params": {"spark.default.parallelism": 413.7850037130409, "spark.executor.cores": 2.241241139391946, "spark.executor.instances": 4.8503452289778615, "spark.executor.memory": 5.4242841483608775, "spark.executor.memoryOverhead": 408.8068662636944, "spark.memory.fraction": 0.7341725892850932, "spark.memory.storageFraction": 0.8735424684303739, "spark.reducer.maxBlocksInFlightPerAddress": 2081493733.5344758, "spark.reducer.maxSizeInFlight": 52.747772396926045, "spark.shuffle.file.buffer": 23.87998667477134}, "datetime": {"datetime": "2022-03-02 17:59:45", "elapsed": 1.507479, "delta": 0.096741}}
{"target": -2796.6973800000014, "params": {"spark.default.parallelism": 363.2311729230938, "spark.executor.cores": 1.3919888256901234, "spark.executor.instances": 7.518414832334044, "spark.executor.memory": 3.6772557903277527, "spark.executor.memoryOverhead": 456.50675867298025, "spark.memory.fraction": 0.5797533176615041, "spark.memory.storageFraction": 0.5157230537370574, "spark.reducer.maxBlocksInFlightPerAddress": 1334171329.7103524, "spark.reducer.maxSizeInFlight": 39.02982476175198, "spark.shuffle.file.buffer": 30.145890396868417}, "datetime": {"datetime": "2022-03-02 17:59:45", "elapsed": 1.620222, "delta": 0.112743}}
{"target": -2797.4195300000015, "params": {"spark.default.parallelism": 404.1606260638287, "spark.executor.cores": 3.4872483349447276, "spark.executor.instances": 4.228591377336381, "spark.executor.memory": 5.615203433492418, "spark.executor.memoryOverhead": 626.1635215021115, "spark.memory.fraction": 0.8989022331667339, "spark.memory.storageFraction": 0.6885965672004636, "spark.reducer.maxBlocksInFlightPerAddress": 1386804249.68791, "spark.reducer.maxSizeInFlight": 46.21002461092377, "spark.shuffle.file.buffer": 34.32867480838507}, "datetime": {"datetime": "2022-03-02 17:59:45", "elapsed": 1.717066, "delta": 0.096844}}
{"target": -2796.0537000000013, "params": {"spark.default.parallelism": 439.8822561839493, "spark.executor.cores": 1.9442736237438698, "spark.executor.instances": 4.635071566336741, "spark.executor.memory": 3.6854259422857254, "spark.executor.memoryOverhead": 863.465230401592, "spark.memory.fraction": 0.5926962459630511, "spark.memory.storageFraction": 0.5773006582478625, "spark.reducer.maxBlocksInFlightPerAddress": 1333773966.2749758, "spark.reducer.maxSizeInFlight": 31.00690673266146, "spark.shuffle.file.buffer": 41.86905824143547}, "datetime": {"datetime": "2022-03-02 17:59:45", "elapsed": 1.812221, "delta": 0.095155}}
