{"target": -521.717, "params": {"spark.broadcast.compress": 0.00011437481734488664, "spark.executor.cores": 1.440267672451339, "spark.executor.memory": 3.7450408455106836, "spark.locality.wait": 6.515167086419769, "spark.memory.fraction": 0.581780899892607, "spark.reducer.maxReqsInFlight": 1224481150.5130224, "spark.reducer.maxSizeInFlight": 33.508871476074184}, "datetime": {"datetime": "2022-02-15 00:50:15", "elapsed": 0.0, "delta": 0.0}}
{"target": -225.213, "params": {"spark.broadcast.compress": 0.8781425034294131, "spark.executor.cores": 2.2633228750151564, "spark.executor.memory": 5.132661139892068, "spark.locality.wait": 9.007754031384238, "spark.memory.fraction": 0.8000577259779871, "spark.reducer.maxReqsInFlight": 1554663834.7539082, "spark.reducer.maxSizeInFlight": 67.61258414846858}, "datetime": {"datetime": "2022-02-15 00:50:15", "elapsed": 0.000201, "delta": 0.000201}}
{"target": -202.772, "params": {"spark.broadcast.compress": 0.34556072704304774, "spark.executor.cores": 2.616450202010071, "spark.executor.memory": 5.740878001587038, "spark.locality.wait": 8.022805061070414, "spark.memory.fraction": 0.7234759313783007, "spark.reducer.maxReqsInFlight": 1817117571.1452203, "spark.reducer.maxSizeInFlight": 66.06667931020984}, "datetime": {"datetime": "2022-02-15 00:50:15", "elapsed": 0.000318, "delta": 0.000117}}
{"target": -330.056, "params": {"spark.broadcast.compress": 0.8383303628533995, "spark.executor.cores": 3.7441139149685867, "spark.executor.memory": 6.8431798883626636, "spark.locality.wait": 7.591586096108146, "spark.memory.fraction": 0.8433276455788971, "spark.reducer.maxReqsInFlight": 1730691891.1150153, "spark.reducer.maxSizeInFlight": 45.8579377355271}, "datetime": {"datetime": "2022-02-15 00:50:15", "elapsed": 0.000426, "delta": 0.000108}}
{"target": -573.195, "params": {"spark.broadcast.compress": 0.6979811680117592, "spark.executor.cores": 2.082023711032203, "spark.executor.memory": 5.41583376300931, "spark.locality.wait": 9.418506886710063, "spark.memory.fraction": 0.7077086526141108, "spark.reducer.maxReqsInFlight": 1849317613.1595788, "spark.reducer.maxSizeInFlight": 71.98392515837406}, "datetime": {"datetime": "2022-02-15 00:50:15", "elapsed": 0.000518, "delta": 9.2e-05}}
{"target": -527.764, "params": {"spark.broadcast.compress": 0.16522148862854336, "spark.executor.cores": 2.8752162006634157, "spark.executor.memory": 5.7947290157360385, "spark.locality.wait": 5.949099565449046, "spark.memory.fraction": 0.6272676302792467, "spark.reducer.maxReqsInFlight": 1775414060.2834187, "spark.reducer.maxSizeInFlight": 45.64477256850654}, "datetime": {"datetime": "2022-02-15 00:50:15", "elapsed": 0.000621, "delta": 0.000103}}
{"target": -337.534, "params": {"spark.broadcast.compress": 0.6286804213512395, "spark.executor.cores": 3.803256466338112, "spark.executor.memory": 5.774363587489567, "spark.locality.wait": 8.305182772370724, "spark.memory.fraction": 0.7611682765028884, "spark.reducer.maxReqsInFlight": 1889569051.5722518, "spark.reducer.maxSizeInFlight": 53.60630243543534}, "datetime": {"datetime": "2022-02-15 00:50:15", "elapsed": 0.000719, "delta": 9.8e-05}}
{"target": -996.556, "params": {"spark.broadcast.compress": 0.0, "spark.executor.cores": 1.0, "spark.executor.memory": 3.0, "spark.locality.wait": 4.0, "spark.memory.fraction": 0.5, "spark.reducer.maxReqsInFlight": 1073741823.0, "spark.reducer.maxSizeInFlight": 24.0}, "datetime": {"datetime": "2022-02-15 00:50:15", "elapsed": 0.000821, "delta": 0.000102}}
{"target": -456.583, "params": {"spark.broadcast.compress": 0.3633818114356664, "spark.executor.cores": 2.6120374510155453, "spark.executor.memory": 5.350272890358244, "spark.locality.wait": 7.189391797823317, "spark.memory.fraction": 0.7322387450390375, "spark.reducer.maxReqsInFlight": 1861917872.6353786, "spark.reducer.maxSizeInFlight": 58.390050719304575}, "datetime": {"datetime": "2022-02-15 00:58:00", "elapsed": 465.230919, "delta": 465.230098}}
{"target": -633.836, "params": {"spark.broadcast.compress": 0.8408813581240488, "spark.executor.cores": 2.236343954635719, "spark.executor.memory": 4.8197237934824715, "spark.locality.wait": 9.645444219245139, "spark.memory.fraction": 0.826549553918652, "spark.reducer.maxReqsInFlight": 1484052198.0477157, "spark.reducer.maxSizeInFlight": 63.98886895608328}, "datetime": {"datetime": "2022-02-15 01:08:43", "elapsed": 1107.82405, "delta": 642.593131}}
{"target": -1043.736, "params": {"spark.broadcast.compress": 1.0, "spark.executor.cores": 1.0, "spark.executor.memory": 3.0, "spark.locality.wait": 4.0, "spark.memory.fraction": 0.5, "spark.reducer.maxReqsInFlight": 1073741823.0, "spark.reducer.maxSizeInFlight": 24.0}, "datetime": {"datetime": "2022-02-15 01:26:15", "elapsed": 2160.220304, "delta": 1052.396254}}
{"target": -1037.642, "params": {"spark.broadcast.compress": 0.0, "spark.executor.cores": 1.341385292792406, "spark.executor.memory": 3.0, "spark.locality.wait": 4.0, "spark.memory.fraction": 0.7244168533882438, "spark.reducer.maxReqsInFlight": 1073741823.0, "spark.reducer.maxSizeInFlight": 24.0}, "datetime": {"datetime": "2022-02-15 01:43:42", "elapsed": 3206.638663, "delta": 1046.418359}}
{"target": -1037.642, "params": {"spark.broadcast.compress": 0.0, "spark.executor.cores": 1.341385292792406, "spark.executor.memory": 3.0, "spark.locality.wait": 4.0, "spark.memory.fraction": 0.7244168533882438, "spark.reducer.maxReqsInFlight": 1073741823.0, "spark.reducer.maxSizeInFlight": 24.0}, "datetime": {"datetime": "2022-02-15 01:43:42", "elapsed": 3206.822334, "delta": 0.183671}}
