{"target": -521.717, "params": {"spark.broadcast.blockSize": 45.34470415048237, "spark.broadcast.checksum": 0.7203244934421581, "spark.broadcast.compress": 0.00011437481734488664, "spark.executor.cores": 1.440267672451339, "spark.executor.memory": 3.7450408455106836, "spark.locality.wait": 6.515167086419769, "spark.maxRemoteBlockSizeFetchToMem": 1809490227.7801933, "spark.memory.fraction": 0.581780899892607, "spark.rdd.compress": 0.41730480236712697, "spark.reducer.maxBlocksInFlightPerAddress": 1673630458.4455886, "spark.reducer.maxReqsInFlight": 1224481150.5130224, "spark.reducer.maxSizeInFlight": 33.508871476074184, "spark.scheduler.revive.interval": 984.1307878596988, "spark.shuffle.compress": 0.31342417815924284, "spark.shuffle.file.buffer": 38.15432370141805, "spark.shuffle.sort.bypassMergeThreshold": 328.9213327007694, "spark.storage.memoryMapThreshold": 1.2551326341093336}, "datetime": {"datetime": "2022-02-15 00:03:26", "elapsed": 0.0, "delta": 0.0}}
{"target": -225.213, "params": {"spark.broadcast.blockSize": 33.24975306345223, "spark.broadcast.checksum": 0.1698304195645689, "spark.broadcast.compress": 0.8781425034294131, "spark.executor.cores": 2.2633228750151564, "spark.executor.memory": 5.132661139892068, "spark.locality.wait": 9.007754031384238, "spark.maxRemoteBlockSizeFetchToMem": 1093378450.5915713, "spark.memory.fraction": 0.8000577259779871, "spark.rdd.compress": 0.7892793284514885, "spark.reducer.maxBlocksInFlightPerAddress": 1184579903.5869133, "spark.reducer.maxReqsInFlight": 1554663834.7539082, "spark.reducer.maxSizeInFlight": 67.61258414846858, "spark.scheduler.revive.interval": 643.8876692931744, "spark.shuffle.compress": 0.13002857211827767, "spark.shuffle.file.buffer": 16.619742651849506, "spark.shuffle.sort.bypassMergeThreshold": 192.32562320001182, "spark.storage.memoryMapThreshold": 1.7966399781166786}, "datetime": {"datetime": "2022-02-15 00:03:26", "elapsed": 0.000259, "delta": 0.000259}}
{"target": -202.772, "params": {"spark.broadcast.blockSize": 34.95483503260153, "spark.broadcast.checksum": 0.1862602113776709, "spark.broadcast.compress": 0.34556072704304774, "spark.executor.cores": 2.616450202010071, "spark.executor.memory": 5.740878001587038, "spark.locality.wait": 8.022805061070414, "spark.maxRemoteBlockSizeFetchToMem": 1521819079.827609, "spark.memory.fraction": 0.7234759313783007, "spark.rdd.compress": 0.9682615757193975, "spark.reducer.maxBlocksInFlightPerAddress": 1410278471.7424064, "spark.reducer.maxReqsInFlight": 1817117571.1452203, "spark.reducer.maxSizeInFlight": 66.06667931020984, "spark.scheduler.revive.interval": 542.522105684889, "spark.shuffle.compress": 0.03905478323288236, "spark.shuffle.file.buffer": 21.434573426066205, "spark.shuffle.sort.bypassMergeThreshold": 169.66936676661, "spark.storage.memoryMapThreshold": 2.2633228750151564}, "datetime": {"datetime": "2022-02-15 00:03:26", "elapsed": 0.000421, "delta": 0.000162}}
{"target": -330.056, "params": {"spark.broadcast.blockSize": 40.66515909034476, "spark.broadcast.checksum": 0.12285614183763816, "spark.broadcast.compress": 0.8383303628533995, "spark.executor.cores": 3.7441139149685867, "spark.executor.memory": 6.8431798883626636, "spark.locality.wait": 7.591586096108146, "spark.maxRemoteBlockSizeFetchToMem": 1836714674.135649, "spark.memory.fraction": 0.8433276455788971, "spark.rdd.compress": 0.8468398375847015, "spark.reducer.maxBlocksInFlightPerAddress": 1396663775.5988417, "spark.reducer.maxReqsInFlight": 1730691891.1150153, "spark.reducer.maxSizeInFlight": 45.8579377355271, "spark.scheduler.revive.interval": 540.9803280555881, "spark.shuffle.compress": 0.35239844851751334, "spark.shuffle.file.buffer": 20.659943136910726, "spark.shuffle.sort.bypassMergeThreshold": 162.88885998479793, "spark.storage.memoryMapThreshold": 2.1687218776978296}, "datetime": {"datetime": "2022-02-15 00:09:05", "elapsed": 338.82668, "delta": 338.826259}}
{"target": -573.195, "params": {"spark.broadcast.blockSize": 32.94170152959586, "spark.broadcast.checksum": 0.10031277017159368, "spark.broadcast.compress": 0.6979811680117592, "spark.executor.cores": 2.082023711032203, "spark.executor.memory": 5.41583376300931, "spark.locality.wait": 9.418506886710063, "spark.maxRemoteBlockSizeFetchToMem": 1240120234.0113263, "spark.memory.fraction": 0.7077086526141108, "spark.rdd.compress": 0.9204564258003203, "spark.reducer.maxBlocksInFlightPerAddress": 1155965159.7299042, "spark.reducer.maxReqsInFlight": 1849317613.1595788, "spark.reducer.maxSizeInFlight": 71.98392515837406, "spark.scheduler.revive.interval": 646.4994961492963, "spark.shuffle.compress": 0.2996910152365374, "spark.shuffle.file.buffer": 40.47839875421821, "spark.shuffle.sort.bypassMergeThreshold": 153.61054365236706, "spark.storage.memoryMapThreshold": 3.6636293907131563}, "datetime": {"datetime": "2022-02-15 00:18:47", "elapsed": 921.030199, "delta": 582.203519}}
{"target": -527.764, "params": {"spark.broadcast.blockSize": 35.69979780314469, "spark.broadcast.checksum": 0.4519933189889359, "spark.broadcast.compress": 0.16522148862854336, "spark.executor.cores": 2.8752162006634157, "spark.executor.memory": 5.7947290157360385, "spark.locality.wait": 5.949099565449046, "spark.maxRemoteBlockSizeFetchToMem": 1518003170.4431505, "spark.memory.fraction": 0.6272676302792467, "spark.rdd.compress": 0.8338228454434564, "spark.reducer.maxBlocksInFlightPerAddress": 1474655046.2874274, "spark.reducer.maxReqsInFlight": 1775414060.2834187, "spark.reducer.maxSizeInFlight": 45.64477256850654, "spark.scheduler.revive.interval": 538.9439143946486, "spark.shuffle.compress": 0.020631279395134428, "spark.shuffle.file.buffer": 19.277056056121364, "spark.shuffle.sort.bypassMergeThreshold": 228.02073229882603, "spark.storage.memoryMapThreshold": 2.5925925204587896}, "datetime": {"datetime": "2022-02-15 00:27:43", "elapsed": 1457.396638, "delta": 536.366439}}
{"target": -337.534, "params": {"spark.broadcast.blockSize": 43.947443422438155, "spark.broadcast.checksum": 0.5272429494549221, "spark.broadcast.compress": 0.6286804213512395, "spark.executor.cores": 3.803256466338112, "spark.executor.memory": 5.774363587489567, "spark.locality.wait": 8.305182772370724, "spark.maxRemoteBlockSizeFetchToMem": 1703441226.7913618, "spark.memory.fraction": 0.7611682765028884, "spark.rdd.compress": 0.5709073729733, "spark.reducer.maxBlocksInFlightPerAddress": 1390741876.3825402, "spark.reducer.maxReqsInFlight": 1889569051.5722518, "spark.reducer.maxSizeInFlight": 53.60630243543534, "spark.scheduler.revive.interval": 712.0738926359472, "spark.shuffle.compress": 0.12517409254237521, "spark.shuffle.file.buffer": 28.862024224510876, "spark.shuffle.sort.bypassMergeThreshold": 227.65803450706687, "spark.storage.memoryMapThreshold": 2.641145939152259}, "datetime": {"datetime": "2022-02-15 00:33:29", "elapsed": 1803.677835, "delta": 346.281197}}
{"target": -996.556, "params": {"spark.broadcast.blockSize": 32.0, "spark.broadcast.checksum": 0.198299894637494, "spark.broadcast.compress": 0.0, "spark.executor.cores": 1.0, "spark.executor.memory": 3.0, "spark.locality.wait": 4.0, "spark.maxRemoteBlockSizeFetchToMem": 1073741567.0, "spark.memory.fraction": 0.5, "spark.rdd.compress": 0.38183473600261664, "spark.reducer.maxBlocksInFlightPerAddress": 1073741823.0, "spark.reducer.maxReqsInFlight": 1073741823.0, "spark.reducer.maxSizeInFlight": 24.0, "spark.scheduler.revive.interval": 500.0, "spark.shuffle.compress": 0.0, "spark.shuffle.file.buffer": 16.0, "spark.shuffle.sort.bypassMergeThreshold": 150.0, "spark.storage.memoryMapThreshold": 1.0}, "datetime": {"datetime": "2022-02-15 00:50:15", "elapsed": 2809.208599, "delta": 1005.530764}}
