{"target": -521.717, "params": {"spark.broadcast.compress": 0.00011437481734488664, "spark.executor.cores": 1.440267672451339, "spark.executor.memory": 3.7450408455106836, "spark.locality.wait": 6.515167086419769, "spark.memory.fraction": 0.581780899892607, "spark.reducer.maxReqsInFlight": 1224481150.5130224, "spark.reducer.maxSizeInFlight": 33.508871476074184}, "datetime": {"datetime": "2022-02-15 01:43:42", "elapsed": 0.0, "delta": 0.0}}
{"target": -225.213, "params": {"spark.broadcast.compress": 0.8781425034294131, "spark.executor.cores": 2.2633228750151564, "spark.executor.memory": 5.132661139892068, "spark.locality.wait": 9.007754031384238, "spark.memory.fraction": 0.8000577259779871, "spark.reducer.maxReqsInFlight": 1554663834.7539082, "spark.reducer.maxSizeInFlight": 67.61258414846858}, "datetime": {"datetime": "2022-02-15 01:43:42", "elapsed": 0.000207, "delta": 0.000207}}
{"target": -202.772, "params": {"spark.broadcast.compress": 0.34556072704304774, "spark.executor.cores": 2.616450202010071, "spark.executor.memory": 5.740878001587038, "spark.locality.wait": 8.022805061070414, "spark.memory.fraction": 0.7234759313783007, "spark.reducer.maxReqsInFlight": 1817117571.1452203, "spark.reducer.maxSizeInFlight": 66.06667931020984}, "datetime": {"datetime": "2022-02-15 01:43:42", "elapsed": 0.000323, "delta": 0.000116}}
{"target": -330.056, "params": {"spark.broadcast.compress": 0.8383303628533995, "spark.executor.cores": 3.7441139149685867, "spark.executor.memory": 6.8431798883626636, "spark.locality.wait": 7.591586096108146, "spark.memory.fraction": 0.8433276455788971, "spark.reducer.maxReqsInFlight": 1730691891.1150153, "spark.reducer.maxSizeInFlight": 45.8579377355271}, "datetime": {"datetime": "2022-02-15 01:43:42", "elapsed": 0.000441, "delta": 0.000118}}
{"target": -573.195, "params": {"spark.broadcast.compress": 0.6979811680117592, "spark.executor.cores": 2.082023711032203, "spark.executor.memory": 5.41583376300931, "spark.locality.wait": 9.418506886710063, "spark.memory.fraction": 0.7077086526141108, "spark.reducer.maxReqsInFlight": 1849317613.1595788, "spark.reducer.maxSizeInFlight": 71.98392515837406}, "datetime": {"datetime": "2022-02-15 01:43:42", "elapsed": 0.000531, "delta": 9e-05}}
{"target": -527.764, "params": {"spark.broadcast.compress": 0.16522148862854336, "spark.executor.cores": 2.8752162006634157, "spark.executor.memory": 5.7947290157360385, "spark.locality.wait": 5.949099565449046, "spark.memory.fraction": 0.6272676302792467, "spark.reducer.maxReqsInFlight": 1775414060.2834187, "spark.reducer.maxSizeInFlight": 45.64477256850654}, "datetime": {"datetime": "2022-02-15 01:43:42", "elapsed": 0.000623, "delta": 9.2e-05}}
{"target": -337.534, "params": {"spark.broadcast.compress": 0.6286804213512395, "spark.executor.cores": 3.803256466338112, "spark.executor.memory": 5.774363587489567, "spark.locality.wait": 8.305182772370724, "spark.memory.fraction": 0.7611682765028884, "spark.reducer.maxReqsInFlight": 1889569051.5722518, "spark.reducer.maxSizeInFlight": 53.60630243543534}, "datetime": {"datetime": "2022-02-15 01:43:42", "elapsed": 0.00073, "delta": 0.000107}}
{"target": -996.556, "params": {"spark.broadcast.compress": 0.0, "spark.executor.cores": 1.0, "spark.executor.memory": 3.0, "spark.locality.wait": 4.0, "spark.memory.fraction": 0.5, "spark.reducer.maxReqsInFlight": 1073741823.0, "spark.reducer.maxSizeInFlight": 24.0}, "datetime": {"datetime": "2022-02-15 01:43:42", "elapsed": 0.00082, "delta": 9e-05}}
{"target": -448.982, "params": {"spark.broadcast.compress": 0.3633818114356664, "spark.executor.cores": 2.6120374510155453, "spark.executor.memory": 5.350272890358244, "spark.locality.wait": 7.189391797823317, "spark.memory.fraction": 0.7322387450390375, "spark.reducer.maxReqsInFlight": 1861917872.6353786, "spark.reducer.maxSizeInFlight": 58.390050719304575}, "datetime": {"datetime": "2022-02-15 01:51:20", "elapsed": 457.637145, "delta": 457.636325}}
{"target": -637.976, "params": {"spark.broadcast.compress": 0.8408813581240488, "spark.executor.cores": 2.236343954635719, "spark.executor.memory": 4.8197237934824715, "spark.locality.wait": 9.645444219245139, "spark.memory.fraction": 0.826549553918652, "spark.reducer.maxReqsInFlight": 1484052198.0477157, "spark.reducer.maxSizeInFlight": 63.98886895608328}, "datetime": {"datetime": "2022-02-15 02:02:07", "elapsed": 1104.386506, "delta": 646.749361}}
{"target": -1032.695, "params": {"spark.broadcast.compress": 1.0, "spark.executor.cores": 1.0, "spark.executor.memory": 3.0, "spark.locality.wait": 4.0, "spark.memory.fraction": 0.5, "spark.reducer.maxReqsInFlight": 1073741823.0, "spark.reducer.maxSizeInFlight": 24.0}, "datetime": {"datetime": "2022-02-15 02:19:28", "elapsed": 2145.650911, "delta": 1041.264405}}
{"target": -1042.573, "params": {"spark.broadcast.compress": 0.0, "spark.executor.cores": 1.341385292792406, "spark.executor.memory": 3.0, "spark.locality.wait": 4.0, "spark.memory.fraction": 0.7244168533882438, "spark.reducer.maxReqsInFlight": 1073741823.0, "spark.reducer.maxSizeInFlight": 24.0}, "datetime": {"datetime": "2022-02-15 02:36:59", "elapsed": 3197.215268, "delta": 1051.564357}}
{"target": -1042.573, "params": {"spark.broadcast.compress": 0.0, "spark.executor.cores": 1.341385292792406, "spark.executor.memory": 3.0, "spark.locality.wait": 4.0, "spark.memory.fraction": 0.7244168533882438, "spark.reducer.maxReqsInFlight": 1073741823.0, "spark.reducer.maxSizeInFlight": 24.0}, "datetime": {"datetime": "2022-02-15 02:37:00", "elapsed": 3197.403141, "delta": 0.187873}}
{"target": -1042.573, "params": {"spark.broadcast.compress": 0.0, "spark.executor.cores": 1.341385292792406, "spark.executor.memory": 3.0, "spark.locality.wait": 4.0, "spark.memory.fraction": 0.7244168533882438, "spark.reducer.maxReqsInFlight": 1073741823.0, "spark.reducer.maxSizeInFlight": 24.0}, "datetime": {"datetime": "2022-02-15 02:37:00", "elapsed": 3197.499361, "delta": 0.09622}}
{"target": -1046.053, "params": {"spark.broadcast.compress": 1.0, "spark.executor.cores": 1.118465631030584, "spark.executor.memory": 3.0, "spark.locality.wait": 4.0, "spark.memory.fraction": 0.5, "spark.reducer.maxReqsInFlight": 1073741823.0, "spark.reducer.maxSizeInFlight": 24.0}, "datetime": {"datetime": "2022-02-15 02:54:34", "elapsed": 4252.126656, "delta": 1054.627295}}
{"target": -633.687, "params": {"spark.broadcast.compress": 0.6477560244943136, "spark.executor.cores": 2.4586473046062896, "spark.executor.memory": 5.5674830370462844, "spark.locality.wait": 8.14521188296218, "spark.memory.fraction": 0.8228798267313941, "spark.reducer.maxReqsInFlight": 1795001393.9219985, "spark.reducer.maxSizeInFlight": 65.59001716447767}, "datetime": {"datetime": "2022-02-15 03:05:17", "elapsed": 4894.623319, "delta": 642.496663}}
{"target": -555.451, "params": {"spark.broadcast.compress": 0.3064935753579936, "spark.executor.cores": 2.9082403582441465, "spark.executor.memory": 5.939074439845335, "spark.locality.wait": 7.3245720214794146, "spark.memory.fraction": 0.6931958854108572, "spark.reducer.maxReqsInFlight": 1976192947.490359, "spark.reducer.maxSizeInFlight": 66.32791766278615}, "datetime": {"datetime": "2022-02-15 03:14:41", "elapsed": 5459.193801, "delta": 564.570482}}
