{"target": -204.533, "params": {"spark.broadcast.blockSize": 39.862611827156684, "spark.broadcast.checksum": 0.04904111629258667, "spark.broadcast.compress": 0.3972983048469746, "spark.default.parallelism": 295.0847784600517, "spark.executor.cores": 3.326538093934528, "spark.executor.instances": 6.289974323301035, "spark.executor.memory": 4.766924515312635, "spark.executor.memoryOverhead": 406.7408461556198, "spark.kryoserializer.buffer": 50.59820685368503, "spark.kryoserializer.buffer.max": 115.09554186139337, "spark.locality.wait": 5.1103147662691075, "spark.maxRemoteBlockSizeFetchToMem": 1118623309.0465128, "spark.memory.fraction": 0.8744359923749276, "spark.memory.offHeap.enabled": 0.13856885993467194, "spark.memory.offHeap.size": 818.482820131989, "spark.memory.storageFraction": 0.7951219275564292, "spark.rdd.compress": 0.3951459734822188, "spark.reducer.maxBlocksInFlightPerAddress": 1788183408.5345144, "spark.reducer.maxReqsInFlight": 1802385443.7831526, "spark.reducer.maxSizeInFlight": 36.65905617795988, "spark.scheduler.mode": 0.8263946742442488, "spark.scheduler.revive.interval": 799.8003576530922, "spark.shuffle.compress": 0.3971191477515684, "spark.shuffle.file.buffer": 45.9855893054092, "spark.shuffle.io.numConnectionsPerPeer": 2.4778408800083693, "spark.shuffle.sort.bypassMergeThreshold": 285.03072529533574, "spark.storage.memoryFraction": 0.7115576293222119, "spark.storage.memoryMapThreshold": 2.4021528000615175}, "datetime": {"datetime": "2022-02-02 17:47:42", "elapsed": 3801.97663, "delta": 213.399855}}
{"target": -332.375, "params": {"spark.broadcast.blockSize": 62.32884839313215, "spark.broadcast.checksum": 0.22704925698221312, "spark.broadcast.compress": 0.5566118822632897, "spark.default.parallelism": 490.7913710756076, "spark.executor.cores": 2.093442740579934, "spark.executor.instances": 4.123427807608437, "spark.executor.memory": 5.935712421542391, "spark.executor.memoryOverhead": 449.02126750125973, "spark.kryoserializer.buffer": 63.76278961972467, "spark.kryoserializer.buffer.max": 107.84943372856172, "spark.locality.wait": 5.437382878888659, "spark.maxRemoteBlockSizeFetchToMem": 1236217703.9088864, "spark.memory.fraction": 0.7461461216015142, "spark.memory.offHeap.enabled": 0.3965538654982139, "spark.memory.offHeap.size": 732.862824074472, "spark.memory.storageFraction": 0.6069862374658771, "spark.rdd.compress": 0.7281202174217979, "spark.reducer.maxBlocksInFlightPerAddress": 1573014605.676352, "spark.reducer.maxReqsInFlight": 1802864655.9845574, "spark.reducer.maxSizeInFlight": 48.118415720992104, "spark.scheduler.mode": 0.5914112027640459, "spark.scheduler.revive.interval": 883.8248423978658, "spark.shuffle.compress": 0.8143812866147933, "spark.shuffle.file.buffer": 27.59325370814126, "spark.shuffle.io.numConnectionsPerPeer": 3.38191211974157, "spark.shuffle.sort.bypassMergeThreshold": 159.1002480734962, "spark.storage.memoryFraction": 0.6095279502297007, "spark.storage.memoryMapThreshold": 2.428321656674707}, "datetime": {"datetime": "2022-02-02 17:53:23", "elapsed": 4142.970526, "delta": 340.993896}}
{"target": -255.379, "params": {"spark.broadcast.blockSize": 51.432427303450304, "spark.broadcast.checksum": 0.6681910393787429, "spark.broadcast.compress": 0.7560649155252253, "spark.default.parallelism": 357.2648422145418, "spark.executor.cores": 3.274341985983321, "spark.executor.instances": 5.173195968069357, "spark.executor.memory": 5.370616623756952, "spark.executor.memoryOverhead": 827.6246923104084, "spark.kryoserializer.buffer": 94.41746260859664, "spark.kryoserializer.buffer.max": 123.89928165677318, "spark.locality.wait": 8.017624378451131, "spark.maxRemoteBlockSizeFetchToMem": 1409495496.9729474, "spark.memory.fraction": 0.545875168131793, "spark.memory.offHeap.enabled": 0.443291745708963, "spark.memory.offHeap.size": 568.5096504254916, "spark.memory.storageFraction": 0.5718272352926994, "spark.rdd.compress": 0.12769573701830816, "spark.reducer.maxBlocksInFlightPerAddress": 1103028359.6122491, "spark.reducer.maxReqsInFlight": 1844966430.3816977, "spark.reducer.maxSizeInFlight": 64.72435925809349, "spark.scheduler.mode": 0.8256341424182002, "spark.scheduler.revive.interval": 636.611213129602, "spark.shuffle.compress": 0.13900097930045718, "spark.shuffle.file.buffer": 40.49638351710807, "spark.shuffle.io.numConnectionsPerPeer": 2.063622226136326, "spark.shuffle.sort.bypassMergeThreshold": 191.2493735322488, "spark.storage.memoryFraction": 0.70247810738081, "spark.storage.memoryMapThreshold": 1.306493710374535}, "datetime": {"datetime": "2022-02-02 17:57:47", "elapsed": 4407.210449, "delta": 264.239923}}
{"target": -321.208, "params": {"spark.broadcast.blockSize": 39.6770644940043, "spark.broadcast.checksum": 0.10935036448703872, "spark.broadcast.compress": 0.7525093116017627, "spark.default.parallelism": 360.9915078988795, "spark.executor.cores": 1.78420712394797, "spark.executor.instances": 4.209571049875262, "spark.executor.memory": 3.696884936216031, "spark.executor.memoryOverhead": 701.4907171594476, "spark.kryoserializer.buffer": 72.4524565124424, "spark.kryoserializer.buffer.max": 91.80794945210923, "spark.locality.wait": 9.265581204128479, "spark.maxRemoteBlockSizeFetchToMem": 1451597912.7518435, "spark.memory.fraction": 0.7296894694378767, "spark.memory.offHeap.enabled": 0.7097757841921342, "spark.memory.offHeap.size": 537.1831777236059, "spark.memory.storageFraction": 0.8068740648430123, "spark.rdd.compress": 0.1691046420595318, "spark.reducer.maxBlocksInFlightPerAddress": 1213147155.324881, "spark.reducer.maxReqsInFlight": 1678290438.9521303, "spark.reducer.maxSizeInFlight": 44.03852675590583, "spark.scheduler.mode": 0.9824412093048799, "spark.scheduler.revive.interval": 643.6624458144748, "spark.shuffle.compress": 0.1467049882196343, "spark.shuffle.file.buffer": 43.81187390915731, "spark.shuffle.io.numConnectionsPerPeer": 4.818584412481504, "spark.shuffle.sort.bypassMergeThreshold": 258.9754394045465, "spark.storage.memoryFraction": 0.8038796051226613, "spark.storage.memoryMapThreshold": 2.6331513029146416}, "datetime": {"datetime": "2022-02-02 18:03:17", "elapsed": 4737.020119, "delta": 329.80967}}
{"target": -251.587, "params": {"spark.broadcast.blockSize": 53.701721344341195, "spark.broadcast.checksum": 0.9702692935103366, "spark.broadcast.compress": 0.2666274885188926, "spark.default.parallelism": 391.3281909402829, "spark.executor.cores": 1.6385876623555116, "spark.executor.instances": 6.496325047603356, "spark.executor.memory": 4.810609660181791, "spark.executor.memoryOverhead": 516.1630672678476, "spark.kryoserializer.buffer": 63.41117402982382, "spark.kryoserializer.buffer.max": 67.28517480445254, "spark.locality.wait": 6.72317256248345, "spark.maxRemoteBlockSizeFetchToMem": 1259200486.5367675, "spark.memory.fraction": 0.7911444790750451, "spark.memory.offHeap.enabled": 0.3934362906354991, "spark.memory.offHeap.size": 613.3651739634524, "spark.memory.storageFraction": 0.6445077643356782, "spark.rdd.compress": 0.6584501878477326, "spark.reducer.maxBlocksInFlightPerAddress": 1076851883.7232103, "spark.reducer.maxReqsInFlight": 1826458383.5881202, "spark.reducer.maxSizeInFlight": 28.31516103715967, "spark.scheduler.mode": 0.13921465812843525, "spark.scheduler.revive.interval": 709.0677712055094, "spark.shuffle.compress": 0.5144703537565819, "spark.shuffle.file.buffer": 22.76630779486946, "spark.shuffle.io.numConnectionsPerPeer": 3.975759629258595, "spark.shuffle.sort.bypassMergeThreshold": 243.3467518581699, "spark.storage.memoryFraction": 0.8395783565614264, "spark.storage.memoryMapThreshold": 3.9612951160076864}, "datetime": {"datetime": "2022-02-02 18:07:38", "elapsed": 4997.582865, "delta": 260.562746}}
{"target": -183.081, "params": {"spark.broadcast.blockSize": 32.35999787569364, "spark.broadcast.checksum": 0.4729211720706685, "spark.broadcast.compress": 0.491835641074049, "spark.default.parallelism": 222.754720333246, "spark.executor.cores": 3.909529548042341, "spark.executor.instances": 6.141574804076651, "spark.executor.memory": 4.844468926412265, "spark.executor.memoryOverhead": 430.00901387024055, "spark.kryoserializer.buffer": 62.58567300131074, "spark.kryoserializer.buffer.max": 34.26414027619311, "spark.locality.wait": 6.08378379557767, "spark.maxRemoteBlockSizeFetchToMem": 1537553283.487601, "spark.memory.fraction": 0.8188366365171666, "spark.memory.offHeap.enabled": 0.055262051675962987, "spark.memory.offHeap.size": 619.276602757368, "spark.memory.storageFraction": 0.8086877006968456, "spark.rdd.compress": 0.636756845681562, "spark.reducer.maxBlocksInFlightPerAddress": 1431190613.823453, "spark.reducer.maxReqsInFlight": 1852480145.2687402, "spark.reducer.maxSizeInFlight": 28.28302785997262, "spark.scheduler.mode": 0.051191207147955886, "spark.scheduler.revive.interval": 935.4274720431852, "spark.shuffle.compress": 0.6819886088416691, "spark.shuffle.file.buffer": 37.90327994858268, "spark.shuffle.io.numConnectionsPerPeer": 3.3114697175909518, "spark.shuffle.sort.bypassMergeThreshold": 174.24330050460227, "spark.storage.memoryFraction": 0.7486918315321986, "spark.storage.memoryMapThreshold": 2.7215042440266077}, "datetime": {"datetime": "2022-02-02 18:10:49", "elapsed": 5189.444859, "delta": 191.861994}}
{"target": -186.488, "params": {"spark.broadcast.blockSize": 32.38530190979058, "spark.broadcast.checksum": 0.6313958645684744, "spark.broadcast.compress": 0.027559807271862913, "spark.default.parallelism": 322.621226750648, "spark.executor.cores": 2.637246470904866, "spark.executor.instances": 6.8306434724300455, "spark.executor.memory": 4.896242774248037, "spark.executor.memoryOverhead": 646.5536572600399, "spark.kryoserializer.buffer": 106.40432038429029, "spark.kryoserializer.buffer.max": 123.48985757801456, "spark.locality.wait": 9.916419412666297, "spark.maxRemoteBlockSizeFetchToMem": 1725466079.1381392, "spark.memory.fraction": 0.8708205370106781, "spark.memory.offHeap.enabled": 0.7045285851584071, "spark.memory.offHeap.size": 789.3705219467681, "spark.memory.storageFraction": 0.5484444757381984, "spark.rdd.compress": 0.9430718769557255, "spark.reducer.maxBlocksInFlightPerAddress": 1597952812.8761625, "spark.reducer.maxReqsInFlight": 1931573989.5903435, "spark.reducer.maxSizeInFlight": 32.15835917404467, "spark.scheduler.mode": 0.4674516879017081, "spark.scheduler.revive.interval": 770.4634381045505, "spark.shuffle.compress": 0.9567090534986311, "spark.shuffle.file.buffer": 33.31898278550869, "spark.shuffle.io.numConnectionsPerPeer": 2.1356067187585768, "spark.shuffle.sort.bypassMergeThreshold": 221.25792298886586, "spark.storage.memoryFraction": 0.7062246127752878, "spark.storage.memoryMapThreshold": 3.0289270303247036}, "datetime": {"datetime": "2022-02-02 18:14:05", "elapsed": 5384.768205, "delta": 195.323346}}
{"target": -273.554, "params": {"spark.broadcast.blockSize": 45.04049271727469, "spark.broadcast.checksum": 0.34495091236086517, "spark.broadcast.compress": 0.28499859912396486, "spark.default.parallelism": 337.9970780529934, "spark.executor.cores": 1.618888695699923, "spark.executor.instances": 4.651878668928181, "spark.executor.memory": 4.303520178621653, "spark.executor.memoryOverhead": 597.5556298486197, "spark.kryoserializer.buffer": 51.31265741202492, "spark.kryoserializer.buffer.max": 52.799251579827455, "spark.locality.wait": 8.842969872069553, "spark.maxRemoteBlockSizeFetchToMem": 2126095043.8066897, "spark.memory.fraction": 0.8420536314874256, "spark.memory.offHeap.enabled": 0.9416624728644335, "spark.memory.offHeap.size": 937.2830679464047, "spark.memory.storageFraction": 0.5957779445691788, "spark.rdd.compress": 0.5878148262870179, "spark.reducer.maxBlocksInFlightPerAddress": 1607849607.6297235, "spark.reducer.maxReqsInFlight": 1761110251.4077697, "spark.reducer.maxSizeInFlight": 47.37477040797643, "spark.scheduler.mode": 0.4617952320945934, "spark.scheduler.revive.interval": 690.4028466226648, "spark.shuffle.compress": 0.8027467330496378, "spark.shuffle.file.buffer": 47.13367097091108, "spark.shuffle.io.numConnectionsPerPeer": 2.9741620152504864, "spark.shuffle.sort.bypassMergeThreshold": 200.88382080828376, "spark.storage.memoryFraction": 0.6722551761243565, "spark.storage.memoryMapThreshold": 3.532903062979819}, "datetime": {"datetime": "2022-02-02 18:18:47", "elapsed": 5667.06746, "delta": 282.299255}}
{"target": -241.811, "params": {"spark.broadcast.blockSize": 32.00954478292854, "spark.broadcast.checksum": 0.997842890655782, "spark.broadcast.compress": 0.46628197699618945, "spark.default.parallelism": 442.21721301882724, "spark.executor.cores": 2.9190926265207855, "spark.executor.instances": 4.2707972179697755, "spark.executor.memory": 6.6349431450190615, "spark.executor.memoryOverhead": 627.8628089893189, "spark.kryoserializer.buffer": 59.31641497666877, "spark.kryoserializer.buffer.max": 105.78680666207826, "spark.locality.wait": 4.378615024024983, "spark.maxRemoteBlockSizeFetchToMem": 1670516523.8708055, "spark.memory.fraction": 0.5182475178246067, "spark.memory.offHeap.enabled": 0.26306755270240945, "spark.memory.offHeap.size": 1012.8346788112424, "spark.memory.storageFraction": 0.6426532046780175, "spark.rdd.compress": 0.5432103226381121, "spark.reducer.maxBlocksInFlightPerAddress": 1780853214.0229304, "spark.reducer.maxReqsInFlight": 1689979952.122148, "spark.reducer.maxSizeInFlight": 50.77030625824872, "spark.scheduler.mode": 0.2521105745470127, "spark.scheduler.revive.interval": 677.2959596539392, "spark.shuffle.compress": 0.4676295830869027, "spark.shuffle.file.buffer": 45.39436070078315, "spark.shuffle.io.numConnectionsPerPeer": 2.9777207093876252, "spark.shuffle.sort.bypassMergeThreshold": 191.0017030774169, "spark.storage.memoryFraction": 0.7539651489068324, "spark.storage.memoryMapThreshold": 2.3184269091894785}, "datetime": {"datetime": "2022-02-02 18:22:58", "elapsed": 5917.603983, "delta": 250.536523}}
{"target": -242.383, "params": {"spark.broadcast.blockSize": 46.248770141189325, "spark.broadcast.checksum": 0.8685426446942346, "spark.broadcast.compress": 0.8192398411168974, "spark.default.parallelism": 312.7983200042945, "spark.executor.cores": 2.178323659849559, "spark.executor.instances": 6.137173269975312, "spark.executor.memory": 4.367437997937673, "spark.executor.memoryOverhead": 864.3879898243687, "spark.kryoserializer.buffer": 96.77173537553975, "spark.kryoserializer.buffer.max": 65.5394944793959, "spark.locality.wait": 8.322499319051042, "spark.maxRemoteBlockSizeFetchToMem": 1569779159.1748264, "spark.memory.fraction": 0.8805654204045328, "spark.memory.offHeap.enabled": 0.38328365249686447, "spark.memory.offHeap.size": 807.8052990593129, "spark.memory.storageFraction": 0.5359934723887704, "spark.rdd.compress": 0.5961348325501069, "spark.reducer.maxBlocksInFlightPerAddress": 1636078215.2884138, "spark.reducer.maxReqsInFlight": 1908777017.4781494, "spark.reducer.maxSizeInFlight": 50.631470497807044, "spark.scheduler.mode": 0.5642387242202505, "spark.scheduler.revive.interval": 566.5526468977552, "spark.shuffle.compress": 0.409662109863978, "spark.shuffle.file.buffer": 31.711684773928003, "spark.shuffle.io.numConnectionsPerPeer": 4.64596869246952, "spark.shuffle.sort.bypassMergeThreshold": 170.9406065470199, "spark.storage.memoryFraction": 0.72027138349376, "spark.storage.memoryMapThreshold": 1.051945776548699}, "datetime": {"datetime": "2022-02-02 18:27:09", "elapsed": 6168.797761, "delta": 251.193778}}
{"target": -187.165, "params": {"spark.broadcast.blockSize": 36.60954799151168, "spark.broadcast.checksum": 0.03955764742575141, "spark.broadcast.compress": 0.6247492297957515, "spark.default.parallelism": 453.6612055612864, "spark.executor.cores": 3.419450954855481, "spark.executor.instances": 6.816679840804623, "spark.executor.memory": 5.75345054406252, "spark.executor.memoryOverhead": 542.2489552176193, "spark.kryoserializer.buffer": 84.02585584684819, "spark.kryoserializer.buffer.max": 59.22930923275719, "spark.locality.wait": 9.674504529530427, "spark.maxRemoteBlockSizeFetchToMem": 1816852657.988009, "spark.memory.fraction": 0.7535307925822244, "spark.memory.offHeap.enabled": 0.42999597799347966, "spark.memory.offHeap.size": 667.6455280279846, "spark.memory.storageFraction": 0.5479602740065764, "spark.rdd.compress": 0.12406912776633472, "spark.reducer.maxBlocksInFlightPerAddress": 1473758131.3246508, "spark.reducer.maxReqsInFlight": 1908116527.401077, "spark.reducer.maxSizeInFlight": 37.83777326845551, "spark.scheduler.mode": 0.5671973281604891, "spark.scheduler.revive.interval": 836.9623403800097, "spark.shuffle.compress": 0.645181811381332, "spark.shuffle.file.buffer": 43.71263560496541, "spark.shuffle.io.numConnectionsPerPeer": 1.5301619985941466, "spark.shuffle.sort.bypassMergeThreshold": 203.18695720968162, "spark.storage.memoryFraction": 0.8394218591355793, "spark.storage.memoryMapThreshold": 3.7023699603200364}, "datetime": {"datetime": "2022-02-02 18:30:25", "elapsed": 6364.660697, "delta": 195.862936}}
{"target": -214.529, "params": {"spark.broadcast.blockSize": 45.9428790770947, "spark.broadcast.checksum": 0.9022968461427784, "spark.broadcast.compress": 0.4815257334881108, "spark.default.parallelism": 313.1109416087561, "spark.executor.cores": 3.9830781034499716, "spark.executor.instances": 4.196944619172161, "spark.executor.memory": 4.8128286535718985, "spark.executor.memoryOverhead": 400.12867075983127, "spark.kryoserializer.buffer": 109.5187191311326, "spark.kryoserializer.buffer.max": 99.83884346327272, "spark.locality.wait": 8.441111128000603, "spark.maxRemoteBlockSizeFetchToMem": 1099496700.422011, "spark.memory.fraction": 0.7629200610831757, "spark.memory.offHeap.enabled": 0.3130292775408027, "spark.memory.offHeap.size": 793.1898007189011, "spark.memory.storageFraction": 0.7274829021567928, "spark.rdd.compress": 0.904559648740023, "spark.reducer.maxBlocksInFlightPerAddress": 1882643145.8871617, "spark.reducer.maxReqsInFlight": 2003545879.6078215, "spark.reducer.maxSizeInFlight": 57.06751164939865, "spark.scheduler.mode": 0.020474342918757382, "spark.scheduler.revive.interval": 624.5967596705409, "spark.shuffle.compress": 0.552863078179236, "spark.shuffle.file.buffer": 26.509803862816305, "spark.shuffle.io.numConnectionsPerPeer": 3.3194457311913066, "spark.shuffle.sort.bypassMergeThreshold": 219.2519245707194, "spark.storage.memoryFraction": 0.8553668593805623, "spark.storage.memoryMapThreshold": 1.193795834644778}, "datetime": {"datetime": "2022-02-02 18:34:08", "elapsed": 6587.884182, "delta": 223.223485}}
{"target": -185.68, "params": {"spark.broadcast.blockSize": 43.801851269733206, "spark.broadcast.checksum": 0.8898900062262917, "spark.broadcast.compress": 0.0004085080153805043, "spark.default.parallelism": 214.34755933883812, "spark.executor.cores": 2.9311411327621593, "spark.executor.instances": 7.911004961423323, "spark.executor.memory": 3.7457887253785858, "spark.executor.memoryOverhead": 716.2368498743871, "spark.kryoserializer.buffer": 124.82330357946314, "spark.kryoserializer.buffer.max": 91.63302036188314, "spark.locality.wait": 8.619305535041114, "spark.maxRemoteBlockSizeFetchToMem": 1087180459.5987515, "spark.memory.fraction": 0.6940629457226708, "spark.memory.offHeap.enabled": 0.4704637010910313, "spark.memory.offHeap.size": 803.7489636570651, "spark.memory.storageFraction": 0.8640110718990235, "spark.rdd.compress": 0.804665651457363, "spark.reducer.maxBlocksInFlightPerAddress": 2130603008.816073, "spark.reducer.maxReqsInFlight": 1474543421.3523045, "spark.reducer.maxSizeInFlight": 49.286238255647625, "spark.scheduler.mode": 0.6457775182071454, "spark.scheduler.revive.interval": 941.7074780386756, "spark.shuffle.compress": 0.7402581346583188, "spark.shuffle.file.buffer": 32.86846030699199, "spark.shuffle.io.numConnectionsPerPeer": 1.4870918707604557, "spark.shuffle.sort.bypassMergeThreshold": 286.49487175533943, "spark.storage.memoryFraction": 0.6502891640492624, "spark.storage.memoryMapThreshold": 3.9483201115113467}, "datetime": {"datetime": "2022-02-02 18:37:22", "elapsed": 6782.519628, "delta": 194.635446}}
{"target": -185.058, "params": {"spark.broadcast.blockSize": 51.696986276545644, "spark.broadcast.checksum": 0.7343814369767205, "spark.broadcast.compress": 0.5740451680583804, "spark.default.parallelism": 402.3973277905736, "spark.executor.cores": 3.818741135756775, "spark.executor.instances": 4.516466172417793, "spark.executor.memory": 3.009116416461394, "spark.executor.memoryOverhead": 806.1304005463298, "spark.kryoserializer.buffer": 68.75795678847985, "spark.kryoserializer.buffer.max": 104.25456134556318, "spark.locality.wait": 5.260819483318218, "spark.maxRemoteBlockSizeFetchToMem": 1079805608.3159716, "spark.memory.fraction": 0.5625863491770314, "spark.memory.offHeap.enabled": 0.19640543578558423, "spark.memory.offHeap.size": 529.0746984569732, "spark.memory.storageFraction": 0.7710766254629778, "spark.rdd.compress": 0.7318645801054291, "spark.reducer.maxBlocksInFlightPerAddress": 2023107931.6802602, "spark.reducer.maxReqsInFlight": 1734852484.6921904, "spark.reducer.maxSizeInFlight": 56.15486297057724, "spark.scheduler.mode": 0.23112166659413247, "spark.scheduler.revive.interval": 688.7777075382528, "spark.shuffle.compress": 0.9504351861673735, "spark.shuffle.file.buffer": 31.889309281002177, "spark.shuffle.io.numConnectionsPerPeer": 1.2504085478140907, "spark.shuffle.sort.bypassMergeThreshold": 187.47692792607555, "spark.storage.memoryFraction": 0.8463765775984144, "spark.storage.memoryMapThreshold": 2.5160154506431454}, "datetime": {"datetime": "2022-02-02 18:40:36", "elapsed": 6976.319059, "delta": 193.799431}}
