{"target": -325.876, "params": {"spark.broadcast.blockSize": 39.005684657903686, "spark.broadcast.checksum": 0.6029400626133048, "spark.broadcast.compress": 0.5066074557645752, "spark.default.parallelism": 372.37977503407166, "spark.executor.cores": 1.3102955055036973, "spark.executor.instances": 7.4933925667676915, "spark.executor.memory": 3.5065166542511443, "spark.executor.memoryOverhead": 669.0392240656201, "spark.kryoserializer.buffer": 43.296750042519626, "spark.kryoserializer.buffer.max": 83.02394936880269, "spark.locality.wait": 5.491223895164436, "spark.maxRemoteBlockSizeFetchToMem": 1141218237.7524495, "spark.memory.fraction": 0.8926122811635164, "spark.memory.offHeap.enabled": 0.6365320083778948, "spark.memory.offHeap.size": 827.2012588691807, "spark.memory.storageFraction": 0.6822618636183568, "spark.rdd.compress": 0.5614658821124737, "spark.reducer.maxBlocksInFlightPerAddress": 1965732422.1517572, "spark.reducer.maxReqsInFlight": 1699861079.1431437, "spark.reducer.maxSizeInFlight": 68.15775566456622, "spark.scheduler.mode": 0.27543456920881915, "spark.scheduler.revive.interval": 929.0945176758621, "spark.shuffle.compress": 0.48409231666278885, "spark.shuffle.file.buffer": 37.69331454364733, "spark.shuffle.io.numConnectionsPerPeer": 3.950108691958558, "spark.shuffle.sort.bypassMergeThreshold": 344.35818858183524, "spark.storage.memoryFraction": 0.5795041971920296, "spark.storage.memoryMapThreshold": 3.944289297878721}, "datetime": {"datetime": "2022-02-02 19:43:36", "elapsed": 10756.080609, "delta": 334.642045}}
{"target": -342.771, "params": {"spark.broadcast.blockSize": 63.96067667224882, "spark.broadcast.checksum": 0.9693690646418675, "spark.broadcast.compress": 0.35199871884693335, "spark.default.parallelism": 325.0016605822632, "spark.executor.cores": 1.2574369609679166, "spark.executor.instances": 7.170721230978774, "spark.executor.memory": 5.5370696069958925, "spark.executor.memoryOverhead": 443.1258673313501, "spark.kryoserializer.buffer": 118.21061565039295, "spark.kryoserializer.buffer.max": 77.18862192169179, "spark.locality.wait": 8.639877866848128, "spark.maxRemoteBlockSizeFetchToMem": 1779211592.9119933, "spark.memory.fraction": 0.5432737742528062, "spark.memory.offHeap.enabled": 0.26235560044001316, "spark.memory.offHeap.size": 893.6217687194332, "spark.memory.storageFraction": 0.5255894685531781, "spark.rdd.compress": 0.4809556079135935, "spark.reducer.maxBlocksInFlightPerAddress": 1495965456.744604, "spark.reducer.maxReqsInFlight": 2143320390.6339927, "spark.reducer.maxSizeInFlight": 25.173532549500834, "spark.scheduler.mode": 0.6498145894448955, "spark.scheduler.revive.interval": 556.5378658206, "spark.shuffle.compress": 0.5038235930762923, "spark.shuffle.file.buffer": 33.931813077081344, "spark.shuffle.io.numConnectionsPerPeer": 3.8758487263547083, "spark.shuffle.sort.bypassMergeThreshold": 276.4167958589042, "spark.storage.memoryFraction": 0.6486229836641412, "spark.storage.memoryMapThreshold": 2.7154757762923953}, "datetime": {"datetime": "2022-02-02 19:49:27", "elapsed": 11107.519264, "delta": 351.438655}}
{"target": -536.758, "params": {"spark.broadcast.blockSize": 41.98777443214331, "spark.broadcast.checksum": 0.3349349214925912, "spark.broadcast.compress": 0.0733953133695856, "spark.default.parallelism": 444.80654322226866, "spark.executor.cores": 1.8179300829887008, "spark.executor.instances": 4.287274965160076, "spark.executor.memory": 3.1779236828589617, "spark.executor.memoryOverhead": 875.0415281218543, "spark.kryoserializer.buffer": 69.80133794328623, "spark.kryoserializer.buffer.max": 70.06699329883887, "spark.locality.wait": 9.697999135719659, "spark.maxRemoteBlockSizeFetchToMem": 1090144132.9483292, "spark.memory.fraction": 0.857013618574826, "spark.memory.offHeap.enabled": 0.3275558078916935, "spark.memory.offHeap.size": 515.6880871772447, "spark.memory.storageFraction": 0.5418801606547995, "spark.rdd.compress": 0.503441637565409, "spark.reducer.maxBlocksInFlightPerAddress": 2125391605.4630704, "spark.reducer.maxReqsInFlight": 1480771046.1175976, "spark.reducer.maxSizeInFlight": 71.60738048619407, "spark.scheduler.mode": 0.29494588792448695, "spark.scheduler.revive.interval": 544.7756974866872, "spark.shuffle.compress": 0.19673043353526487, "spark.shuffle.file.buffer": 29.543542021270966, "spark.shuffle.io.numConnectionsPerPeer": 2.6166627851546083, "spark.shuffle.sort.bypassMergeThreshold": 325.88385722554426, "spark.storage.memoryFraction": 0.8638360908669233, "spark.storage.memoryMapThreshold": 1.9421417291678038}, "datetime": {"datetime": "2022-02-02 19:58:33", "elapsed": 11653.071255, "delta": 545.551991}}
{"target": -175.174, "params": {"spark.broadcast.blockSize": 53.75542695420718, "spark.broadcast.checksum": 0.2623080767289965, "spark.broadcast.compress": 0.03950641861991622, "spark.default.parallelism": 451.564718227423, "spark.executor.cores": 3.689473672554553, "spark.executor.instances": 4.610231572434712, "spark.executor.memory": 5.905362694286305, "spark.executor.memoryOverhead": 420.2932430325718, "spark.kryoserializer.buffer": 111.26981804784752, "spark.kryoserializer.buffer.max": 90.80025134426832, "spark.locality.wait": 9.854200638360592, "spark.maxRemoteBlockSizeFetchToMem": 2022885375.1139665, "spark.memory.fraction": 0.5823004145143317, "spark.memory.offHeap.enabled": 0.676697193268887, "spark.memory.offHeap.size": 904.545049604605, "spark.memory.storageFraction": 0.6710476024129579, "spark.rdd.compress": 0.4927480014449326, "spark.reducer.maxBlocksInFlightPerAddress": 1340625394.4894557, "spark.reducer.maxReqsInFlight": 1835864974.303413, "spark.reducer.maxSizeInFlight": 24.785887451992192, "spark.scheduler.mode": 0.8753657237932175, "spark.scheduler.revive.interval": 721.8985076287955, "spark.shuffle.compress": 0.03726497044892041, "spark.shuffle.file.buffer": 16.305112151245098, "spark.shuffle.io.numConnectionsPerPeer": 3.5817415156798615, "spark.shuffle.sort.bypassMergeThreshold": 226.89943115135975, "spark.storage.memoryFraction": 0.5315364508421934, "spark.storage.memoryMapThreshold": 1.6039707862901742}, "datetime": {"datetime": "2022-02-02 20:01:37", "elapsed": 11837.008507, "delta": 183.937252}}
{"target": -185.195, "params": {"spark.broadcast.blockSize": 44.18550924666676, "spark.broadcast.checksum": 0.06808351939668145, "spark.broadcast.compress": 0.9114740032838496, "spark.default.parallelism": 342.7240626155243, "spark.executor.cores": 3.8851738101043014, "spark.executor.instances": 6.583689722727001, "spark.executor.memory": 3.5641674670596895, "spark.executor.memoryOverhead": 517.9336822981853, "spark.kryoserializer.buffer": 68.10663785140972, "spark.kryoserializer.buffer.max": 123.36771757874773, "spark.locality.wait": 6.19443533676348, "spark.maxRemoteBlockSizeFetchToMem": 1689708691.5419564, "spark.memory.fraction": 0.8034667018027944, "spark.memory.offHeap.enabled": 0.6153276241754305, "spark.memory.offHeap.size": 766.3364923619672, "spark.memory.storageFraction": 0.6996687020422617, "spark.rdd.compress": 0.3329456680004066, "spark.reducer.maxBlocksInFlightPerAddress": 1307653476.9175773, "spark.reducer.maxReqsInFlight": 1526921785.2120185, "spark.reducer.maxSizeInFlight": 45.322573403987285, "spark.scheduler.mode": 0.7168224454702071, "spark.scheduler.revive.interval": 925.7384228722877, "spark.shuffle.compress": 0.17877864072793348, "spark.shuffle.file.buffer": 47.07416047869056, "spark.shuffle.io.numConnectionsPerPeer": 1.897837929448178, "spark.shuffle.sort.bypassMergeThreshold": 264.4645266894536, "spark.storage.memoryFraction": 0.8010936987803443, "spark.storage.memoryMapThreshold": 3.960036783532793}, "datetime": {"datetime": "2022-02-02 20:04:51", "elapsed": 12031.106498, "delta": 194.097991}}
{"target": -203.456, "params": {"spark.broadcast.blockSize": 51.50754270828451, "spark.broadcast.checksum": 0.44641907876971676, "spark.broadcast.compress": 0.5571467137783799, "spark.default.parallelism": 271.6961427955947, "spark.executor.cores": 3.566708923394741, "spark.executor.instances": 4.163112324512701, "spark.executor.memory": 3.8520862210497113, "spark.executor.memoryOverhead": 483.84270913362934, "spark.kryoserializer.buffer": 90.07895330412079, "spark.kryoserializer.buffer.max": 82.1991244022429, "spark.locality.wait": 4.672065645585723, "spark.maxRemoteBlockSizeFetchToMem": 1407787432.7269182, "spark.memory.fraction": 0.8730950905825532, "spark.memory.offHeap.enabled": 0.027165576177600514, "spark.memory.offHeap.size": 652.9643210678438, "spark.memory.storageFraction": 0.76789532584956, "spark.rdd.compress": 0.8108478499668846, "spark.reducer.maxBlocksInFlightPerAddress": 1950890561.7013454, "spark.reducer.maxReqsInFlight": 1861043092.1402931, "spark.reducer.maxSizeInFlight": 31.503673076486095, "spark.scheduler.mode": 0.4472465882093336, "spark.scheduler.revive.interval": 508.96534365638826, "spark.shuffle.compress": 0.40127703728415487, "spark.shuffle.file.buffer": 45.72867991197169, "spark.shuffle.io.numConnectionsPerPeer": 2.213892704049222, "spark.shuffle.sort.bypassMergeThreshold": 259.02914134913186, "spark.storage.memoryFraction": 0.7227869232988992, "spark.storage.memoryMapThreshold": 2.704579791350826}, "datetime": {"datetime": "2022-02-02 20:08:23", "elapsed": 12243.266917, "delta": 212.160419}}
{"target": -349.974, "params": {"spark.broadcast.blockSize": 38.54823931434451, "spark.broadcast.checksum": 0.8723610101396267, "spark.broadcast.compress": 0.05456736176597454, "spark.default.parallelism": 460.3975065768999, "spark.executor.cores": 2.063703766106733, "spark.executor.instances": 4.458488757836891, "spark.executor.memory": 3.0024009866388077, "spark.executor.memoryOverhead": 494.9934866829151, "spark.kryoserializer.buffer": 118.78896811044235, "spark.kryoserializer.buffer.max": 39.092959826632885, "spark.locality.wait": 5.318155033698889, "spark.maxRemoteBlockSizeFetchToMem": 1347986304.3562407, "spark.memory.fraction": 0.7080177207500472, "spark.memory.offHeap.enabled": 0.3899272137186537, "spark.memory.offHeap.size": 656.290861719104, "spark.memory.storageFraction": 0.6864438900261132, "spark.rdd.compress": 0.7616993440722138, "spark.reducer.maxBlocksInFlightPerAddress": 1483679614.5313315, "spark.reducer.maxReqsInFlight": 1515402617.3721416, "spark.reducer.maxSizeInFlight": 26.967805923403233, "spark.scheduler.mode": 0.06916033010461053, "spark.scheduler.revive.interval": 905.4382946614878, "spark.shuffle.compress": 0.8296168887782401, "spark.shuffle.file.buffer": 21.445821228694307, "spark.shuffle.io.numConnectionsPerPeer": 2.0193512329781136, "spark.shuffle.sort.bypassMergeThreshold": 290.8210813635477, "spark.storage.memoryFraction": 0.5443481418978131, "spark.storage.memoryMapThreshold": 2.801253864771624}, "datetime": {"datetime": "2022-02-02 20:14:22", "elapsed": 12602.000225, "delta": 358.733308}}
{"target": -180.276, "params": {"spark.broadcast.blockSize": 34.215249076716994, "spark.broadcast.checksum": 0.09404392705288145, "spark.broadcast.compress": 0.12244976893211157, "spark.default.parallelism": 421.66270447121786, "spark.executor.cores": 3.812446131847704, "spark.executor.instances": 5.136905149317478, "spark.executor.memory": 5.307383841728277, "spark.executor.memoryOverhead": 525.9226877134946, "spark.kryoserializer.buffer": 46.43984234206209, "spark.kryoserializer.buffer.max": 89.69316088202746, "spark.locality.wait": 5.160374971137599, "spark.maxRemoteBlockSizeFetchToMem": 2013900063.0971062, "spark.memory.fraction": 0.8039242590581903, "spark.memory.offHeap.enabled": 0.500497271504933, "spark.memory.offHeap.size": 911.8398906100017, "spark.memory.storageFraction": 0.7097500103914792, "spark.rdd.compress": 0.8705337788071523, "spark.reducer.maxBlocksInFlightPerAddress": 1874217678.7870584, "spark.reducer.maxReqsInFlight": 1683223232.710289, "spark.reducer.maxSizeInFlight": 27.734612101552006, "spark.scheduler.mode": 0.012034721494999623, "spark.scheduler.revive.interval": 561.4145395545078, "spark.shuffle.compress": 0.7665326285183578, "spark.shuffle.file.buffer": 27.59828975120236, "spark.shuffle.io.numConnectionsPerPeer": 1.4889423590172193, "spark.shuffle.sort.bypassMergeThreshold": 223.4635494147312, "spark.storage.memoryFraction": 0.6598957658046954, "spark.storage.memoryMapThreshold": 3.653089389721575}, "datetime": {"datetime": "2022-02-02 20:17:31", "elapsed": 12790.960817, "delta": 188.960592}}
