{"target": -174.66, "params": {"spark.broadcast.blockSize": 52.630232201906665, "spark.broadcast.checksum": 0.6868278153368464, "spark.broadcast.compress": 0.5552544442067827, "spark.default.parallelism": 345.17976633584874, "spark.executor.cores": 3.9173968416928604, "spark.executor.instances": 6.466501986310504, "spark.executor.memory": 5.46344085380162, "spark.executor.memoryOverhead": 599.3173503353306, "spark.kryoserializer.buffer": 64.38511799961486, "spark.kryoserializer.buffer.max": 49.5370181208397, "spark.locality.wait": 6.0246718397156345, "spark.maxRemoteBlockSizeFetchToMem": 1083268945.8130174, "spark.memory.fraction": 0.7744448634919884, "spark.memory.offHeap.enabled": 0.4074075978421845, "spark.memory.offHeap.size": 794.7550601860235, "spark.memory.storageFraction": 0.59001794096453, "spark.rdd.compress": 0.08645194744107598, "spark.reducer.maxBlocksInFlightPerAddress": 1946311874.9931781, "spark.reducer.maxReqsInFlight": 1606303396.466477, "spark.reducer.maxSizeInFlight": 57.25333511435602, "spark.scheduler.mode": 0.15252989738312694, "spark.scheduler.revive.interval": 979.9268583832418, "spark.shuffle.compress": 0.553539091008413, "spark.shuffle.file.buffer": 32.0249556510679, "spark.shuffle.io.numConnectionsPerPeer": 2.746342600493118, "spark.shuffle.sort.bypassMergeThreshold": 159.05449298089124, "spark.storage.memoryFraction": 0.5838239948895061, "spark.storage.memoryMapThreshold": 2.2152404310908556}, "datetime": {"datetime": "2022-02-02 18:43:40", "elapsed": 7159.741489, "delta": 183.42243}}
{"target": -269.104, "params": {"spark.broadcast.blockSize": 49.18061325018529, "spark.broadcast.checksum": 0.9204901552143983, "spark.broadcast.compress": 0.5440253667911524, "spark.default.parallelism": 372.76935341236293, "spark.executor.cores": 1.8848509278251862, "spark.executor.instances": 5.148369584552029, "spark.executor.memory": 3.517304254505798, "spark.executor.memoryOverhead": 750.4646018347427, "spark.kryoserializer.buffer": 57.53744957504443, "spark.kryoserializer.buffer.max": 64.13788522608448, "spark.locality.wait": 7.779038627301003, "spark.maxRemoteBlockSizeFetchToMem": 1214039626.75454, "spark.memory.fraction": 0.8479281457088217, "spark.memory.offHeap.enabled": 0.6607689780429121, "spark.memory.offHeap.size": 812.6234005873755, "spark.memory.storageFraction": 0.726094548226626, "spark.rdd.compress": 0.20850241403313718, "spark.reducer.maxBlocksInFlightPerAddress": 2114859187.3724756, "spark.reducer.maxReqsInFlight": 1638394685.1289096, "spark.reducer.maxSizeInFlight": 41.65416199638834, "spark.scheduler.mode": 0.9897439602716139, "spark.scheduler.revive.interval": 817.3479372136786, "spark.shuffle.compress": 0.40733561569315546, "spark.shuffle.file.buffer": 27.899406326435106, "spark.shuffle.io.numConnectionsPerPeer": 4.776614273457439, "spark.shuffle.sort.bypassMergeThreshold": 237.0718340219198, "spark.storage.memoryFraction": 0.545259892750842, "spark.storage.memoryMapThreshold": 2.074365625614059}, "datetime": {"datetime": "2022-02-02 18:48:17", "elapsed": 7437.437644, "delta": 277.696155}}
{"target": -326.003, "params": {"spark.broadcast.blockSize": 63.129594749476084, "spark.broadcast.checksum": 0.8911000392163517, "spark.broadcast.compress": 0.4002731737947116, "spark.default.parallelism": 413.8759678824589, "spark.executor.cores": 2.1180148599313102, "spark.executor.instances": 4.206845534832329, "spark.executor.memory": 5.352833145826911, "spark.executor.memoryOverhead": 708.2525337487472, "spark.kryoserializer.buffer": 46.2668661442384, "spark.kryoserializer.buffer.max": 73.05163875718821, "spark.locality.wait": 4.83719375972496, "spark.maxRemoteBlockSizeFetchToMem": 2042142962.793419, "spark.memory.fraction": 0.6733683626344213, "spark.memory.offHeap.enabled": 0.9637866701128058, "spark.memory.offHeap.size": 607.1435976152097, "spark.memory.storageFraction": 0.6057563273436924, "spark.rdd.compress": 0.9202082362736927, "spark.reducer.maxBlocksInFlightPerAddress": 1679265713.4096901, "spark.reducer.maxReqsInFlight": 1287187727.0201604, "spark.reducer.maxSizeInFlight": 69.88296253667428, "spark.scheduler.mode": 0.3791502211937533, "spark.scheduler.revive.interval": 958.0179911934954, "spark.shuffle.compress": 0.5603592041026495, "spark.shuffle.file.buffer": 32.62799353842671, "spark.shuffle.io.numConnectionsPerPeer": 3.4555198876718025, "spark.shuffle.sort.bypassMergeThreshold": 250.9595282330194, "spark.storage.memoryFraction": 0.5107903437314765, "spark.storage.memoryMapThreshold": 3.495917914571711}, "datetime": {"datetime": "2022-02-02 18:53:51", "elapsed": 7771.064691, "delta": 333.627047}}
{"target": -235.322, "params": {"spark.broadcast.blockSize": 42.743320956153866, "spark.broadcast.checksum": 0.05676818648576176, "spark.broadcast.compress": 0.1381512643145445, "spark.default.parallelism": 309.4705507872833, "spark.executor.cores": 2.0753343784328897, "spark.executor.instances": 5.55325347591133, "spark.executor.memory": 4.073990132132469, "spark.executor.memoryOverhead": 728.8138808023235, "spark.kryoserializer.buffer": 124.24354888430585, "spark.kryoserializer.buffer.max": 86.71241639743373, "spark.locality.wait": 6.847600571484007, "spark.maxRemoteBlockSizeFetchToMem": 1082866449.1844714, "spark.memory.fraction": 0.6790632318374287, "spark.memory.offHeap.enabled": 0.028860245046197552, "spark.memory.offHeap.size": 658.933872286052, "spark.memory.storageFraction": 0.7183481665095136, "spark.rdd.compress": 0.0029615968778652357, "spark.reducer.maxBlocksInFlightPerAddress": 1998725174.5725703, "spark.reducer.maxReqsInFlight": 1420660787.2925234, "spark.reducer.maxSizeInFlight": 31.641887330335393, "spark.scheduler.mode": 0.5853049123018544, "spark.scheduler.revive.interval": 570.0787865473376, "spark.shuffle.compress": 0.1108927523396307, "spark.shuffle.file.buffer": 34.951786163841184, "spark.shuffle.io.numConnectionsPerPeer": 3.913721028431113, "spark.shuffle.sort.bypassMergeThreshold": 152.19601029166904, "spark.storage.memoryFraction": 0.7784502854214492, "spark.storage.memoryMapThreshold": 3.7998975444910448}, "datetime": {"datetime": "2022-02-02 18:57:55", "elapsed": 8015.169171, "delta": 244.10448}}
{"target": -368.502, "params": {"spark.broadcast.blockSize": 45.7630798238974, "spark.broadcast.checksum": 0.40313582369354595, "spark.broadcast.compress": 0.33160081351474846, "spark.default.parallelism": 360.9694961826938, "spark.executor.cores": 1.324312742002077, "spark.executor.instances": 7.245516888313784, "spark.executor.memory": 5.089616694943507, "spark.executor.memoryOverhead": 729.6418296875443, "spark.kryoserializer.buffer": 35.394414461029754, "spark.kryoserializer.buffer.max": 126.18514519636534, "spark.locality.wait": 7.573756581676435, "spark.maxRemoteBlockSizeFetchToMem": 1699051921.0799065, "spark.memory.fraction": 0.7562763513305024, "spark.memory.offHeap.enabled": 0.47190686783717084, "spark.memory.offHeap.size": 980.1213129136815, "spark.memory.storageFraction": 0.8312056751078176, "spark.rdd.compress": 0.7910714559041004, "spark.reducer.maxBlocksInFlightPerAddress": 1533889362.1875997, "spark.reducer.maxReqsInFlight": 1797970196.145739, "spark.reducer.maxSizeInFlight": 54.65187397559314, "spark.scheduler.mode": 0.6037735363265825, "spark.scheduler.revive.interval": 894.5910805406431, "spark.shuffle.compress": 0.82369639158825, "spark.shuffle.file.buffer": 44.02299406650488, "spark.shuffle.io.numConnectionsPerPeer": 2.1545590018892757, "spark.shuffle.sort.bypassMergeThreshold": 231.602357121551, "spark.storage.memoryFraction": 0.5547483749262561, "spark.storage.memoryMapThreshold": 3.139691910651833}, "datetime": {"datetime": "2022-02-02 19:04:12", "elapsed": 8392.439599, "delta": 377.270428}}
{"target": -202.15, "params": {"spark.broadcast.blockSize": 63.780985190311014, "spark.broadcast.checksum": 0.5787559566479935, "spark.broadcast.compress": 0.9230030237059151, "spark.default.parallelism": 201.7180332138708, "spark.executor.cores": 2.8400324929344647, "spark.executor.instances": 5.638433949296129, "spark.executor.memory": 5.024350605892809, "spark.executor.memoryOverhead": 544.9995111643634, "spark.kryoserializer.buffer": 34.28257305892831, "spark.kryoserializer.buffer.max": 35.12381516929153, "spark.locality.wait": 7.67759972282475, "spark.maxRemoteBlockSizeFetchToMem": 1477965707.6639915, "spark.memory.fraction": 0.8437138264813007, "spark.memory.offHeap.enabled": 0.4052816593963925, "spark.memory.offHeap.size": 580.2294613741906, "spark.memory.storageFraction": 0.6489194797089701, "spark.rdd.compress": 0.5137488429975321, "spark.reducer.maxBlocksInFlightPerAddress": 1435613733.6275835, "spark.reducer.maxReqsInFlight": 1931244921.2117767, "spark.reducer.maxSizeInFlight": 26.453402084064606, "spark.scheduler.mode": 0.22097678168102142, "spark.scheduler.revive.interval": 815.4756955574862, "spark.shuffle.compress": 0.056939820600962254, "spark.shuffle.file.buffer": 44.18649762306259, "spark.shuffle.io.numConnectionsPerPeer": 4.952817913829726, "spark.shuffle.sort.bypassMergeThreshold": 170.76547801675625, "spark.storage.memoryFraction": 0.776122394933374, "spark.storage.memoryMapThreshold": 2.4684075820716798}, "datetime": {"datetime": "2022-02-02 19:07:43", "elapsed": 8603.363175, "delta": 210.923576}}
{"target": -197.959, "params": {"spark.broadcast.blockSize": 49.71824041950085, "spark.broadcast.checksum": 0.9323212043696637, "spark.broadcast.compress": 0.5204508427861843, "spark.default.parallelism": 415.86502269116966, "spark.executor.cores": 2.7085817836287287, "spark.executor.instances": 7.551457772760739, "spark.executor.memory": 3.451703470851837, "spark.executor.memoryOverhead": 506.07238793339025, "spark.kryoserializer.buffer": 124.2316789646957, "spark.kryoserializer.buffer.max": 74.39109692043421, "spark.locality.wait": 5.543459419504842, "spark.maxRemoteBlockSizeFetchToMem": 1087727576.6146865, "spark.memory.fraction": 0.6464548573883876, "spark.memory.offHeap.enabled": 0.48702320336165905, "spark.memory.offHeap.size": 990.6689099333503, "spark.memory.storageFraction": 0.7494246429659139, "spark.rdd.compress": 0.14755426209834188, "spark.reducer.maxBlocksInFlightPerAddress": 1927388041.699752, "spark.reducer.maxReqsInFlight": 1769482973.4840221, "spark.reducer.maxSizeInFlight": 64.85838461147151, "spark.scheduler.mode": 0.7772200288549593, "spark.scheduler.revive.interval": 590.3360699000694, "spark.shuffle.compress": 0.6105636929225187, "spark.shuffle.file.buffer": 31.002726524390027, "spark.shuffle.io.numConnectionsPerPeer": 4.305541215843748, "spark.shuffle.sort.bypassMergeThreshold": 344.7934840858177, "spark.storage.memoryFraction": 0.8978613679305816, "spark.storage.memoryMapThreshold": 1.6272874389158487}, "datetime": {"datetime": "2022-02-02 19:11:10", "elapsed": 8810.117612, "delta": 206.754437}}
{"target": -185.927, "params": {"spark.broadcast.blockSize": 61.83227521452738, "spark.broadcast.checksum": 0.6759109776745081, "spark.broadcast.compress": 0.7247463399252075, "spark.default.parallelism": 444.93702204212394, "spark.executor.cores": 2.890522704287881, "spark.executor.instances": 7.850864915608895, "spark.executor.memory": 4.399869421935552, "spark.executor.memoryOverhead": 611.256195601781, "spark.kryoserializer.buffer": 101.0712151462028, "spark.kryoserializer.buffer.max": 92.36902171928479, "spark.locality.wait": 7.3805261743665245, "spark.maxRemoteBlockSizeFetchToMem": 1097628142.2566042, "spark.memory.fraction": 0.7405926977144006, "spark.memory.offHeap.enabled": 0.8091179269931142, "spark.memory.offHeap.size": 781.4109712440865, "spark.memory.storageFraction": 0.8265971248468096, "spark.rdd.compress": 0.9506785839900854, "spark.reducer.maxBlocksInFlightPerAddress": 1939331147.5359704, "spark.reducer.maxReqsInFlight": 1772663303.1254792, "spark.reducer.maxSizeInFlight": 64.65347236225021, "spark.scheduler.mode": 0.30887973122653445, "spark.scheduler.revive.interval": 941.8559098749764, "spark.shuffle.compress": 0.17887519201044744, "spark.shuffle.file.buffer": 41.027179535596616, "spark.shuffle.io.numConnectionsPerPeer": 3.5870698655235045, "spark.shuffle.sort.bypassMergeThreshold": 326.6443540138618, "spark.storage.memoryFraction": 0.5434404290299888, "spark.storage.memoryMapThreshold": 1.5327231250494635}, "datetime": {"datetime": "2022-02-02 19:14:25", "elapsed": 9004.835557, "delta": 194.717945}}
{"target": -211.115, "params": {"spark.broadcast.blockSize": 50.33882315670562, "spark.broadcast.checksum": 0.347857343484279, "spark.broadcast.compress": 0.16721237959826685, "spark.default.parallelism": 388.34160125837707, "spark.executor.cores": 3.1471179107738667, "spark.executor.instances": 6.492263121609559, "spark.executor.memory": 5.493461137127143, "spark.executor.memoryOverhead": 743.3454583197328, "spark.kryoserializer.buffer": 75.99466100479006, "spark.kryoserializer.buffer.max": 41.72449181572122, "spark.locality.wait": 9.676219064335362, "spark.maxRemoteBlockSizeFetchToMem": 1223106835.8111844, "spark.memory.fraction": 0.8502229220051678, "spark.memory.offHeap.enabled": 0.7475843538256709, "spark.memory.offHeap.size": 909.7360389733193, "spark.memory.storageFraction": 0.7747253537603129, "spark.rdd.compress": 0.24993767600867978, "spark.reducer.maxBlocksInFlightPerAddress": 1979265912.440333, "spark.reducer.maxReqsInFlight": 1888977995.0020156, "spark.reducer.maxSizeInFlight": 46.08094441753812, "spark.scheduler.mode": 0.877043552600138, "spark.scheduler.revive.interval": 906.1210282621419, "spark.shuffle.compress": 0.4609566949671118, "spark.shuffle.file.buffer": 30.837567140635695, "spark.shuffle.io.numConnectionsPerPeer": 4.894803162560596, "spark.shuffle.sort.bypassMergeThreshold": 308.19369689453504, "spark.storage.memoryFraction": 0.8504294651358191, "spark.storage.memoryMapThreshold": 1.3476314961746114}, "datetime": {"datetime": "2022-02-02 19:18:04", "elapsed": 9224.539663, "delta": 219.704106}}
{"target": -213.198, "params": {"spark.broadcast.blockSize": 35.66769400838491, "spark.broadcast.checksum": 0.21295072625913336, "spark.broadcast.compress": 0.113099386707886, "spark.default.parallelism": 475.89825517518375, "spark.executor.cores": 2.9392163836863543, "spark.executor.instances": 5.443198980752328, "spark.executor.memory": 5.591194916921021, "spark.executor.memoryOverhead": 677.0598475448201, "spark.kryoserializer.buffer": 64.47590609163647, "spark.kryoserializer.buffer.max": 112.373661273365, "spark.locality.wait": 8.276017003257294, "spark.maxRemoteBlockSizeFetchToMem": 1592600069.6824067, "spark.memory.fraction": 0.6549627538701674, "spark.memory.offHeap.enabled": 0.7353679459014179, "spark.memory.offHeap.size": 682.5830656851437, "spark.memory.storageFraction": 0.7776090273089777, "spark.rdd.compress": 0.9362558800709719, "spark.reducer.maxBlocksInFlightPerAddress": 2013447222.7226274, "spark.reducer.maxReqsInFlight": 1966038979.2104683, "spark.reducer.maxSizeInFlight": 50.87271363278001, "spark.scheduler.mode": 0.5067681709864108, "spark.scheduler.revive.interval": 697.8533602178358, "spark.shuffle.compress": 0.8249273760970878, "spark.shuffle.file.buffer": 23.558203603566504, "spark.shuffle.io.numConnectionsPerPeer": 4.922887922673428, "spark.shuffle.sort.bypassMergeThreshold": 250.40066238823215, "spark.storage.memoryFraction": 0.5267677642071226, "spark.storage.memoryMapThreshold": 2.3293161031563656}, "datetime": {"datetime": "2022-02-02 19:21:46", "elapsed": 9446.456469, "delta": 221.916806}}
{"target": -216.544, "params": {"spark.broadcast.blockSize": 39.726758674185746, "spark.broadcast.checksum": 0.16385697292537282, "spark.broadcast.compress": 0.9897701116697661, "spark.default.parallelism": 312.7351389797582, "spark.executor.cores": 3.503388525729727, "spark.executor.instances": 4.4121611146909565, "spark.executor.memory": 3.697101777308421, "spark.executor.memoryOverhead": 845.8526110216453, "spark.kryoserializer.buffer": 92.42403806678854, "spark.kryoserializer.buffer.max": 62.334155767385155, "spark.locality.wait": 4.678870460648698, "spark.maxRemoteBlockSizeFetchToMem": 1118044504.8220792, "spark.memory.fraction": 0.5667035595341556, "spark.memory.offHeap.enabled": 0.35932188369791773, "spark.memory.offHeap.size": 710.4936024051384, "spark.memory.storageFraction": 0.6039213878107713, "spark.rdd.compress": 0.8185889964537869, "spark.reducer.maxBlocksInFlightPerAddress": 1962608995.1095107, "spark.reducer.maxReqsInFlight": 1791761245.777231, "spark.reducer.maxSizeInFlight": 51.98517529866105, "spark.scheduler.mode": 0.8199969607073495, "spark.scheduler.revive.interval": 558.1618170825568, "spark.shuffle.compress": 0.5953687514922299, "spark.shuffle.file.buffer": 26.29394063772348, "spark.shuffle.io.numConnectionsPerPeer": 1.0946588772836852, "spark.shuffle.sort.bypassMergeThreshold": 299.04413140449196, "spark.storage.memoryFraction": 0.532198675237725, "spark.storage.memoryMapThreshold": 3.4563137122013203}, "datetime": {"datetime": "2022-02-02 19:25:32", "elapsed": 9671.604807, "delta": 225.148338}}
{"target": -212.224, "params": {"spark.broadcast.blockSize": 45.07811872522401, "spark.broadcast.checksum": 0.5769197984817674, "spark.broadcast.compress": 0.7804113212825421, "spark.default.parallelism": 326.4106016163722, "spark.executor.cores": 2.176039410095629, "spark.executor.instances": 6.78219720560258, "spark.executor.memory": 4.930509912105957, "spark.executor.memoryOverhead": 728.1135529144005, "spark.kryoserializer.buffer": 83.13324657877628, "spark.kryoserializer.buffer.max": 102.33779207964876, "spark.locality.wait": 7.951869650512817, "spark.maxRemoteBlockSizeFetchToMem": 1609147883.868853, "spark.memory.fraction": 0.7174456796085558, "spark.memory.offHeap.enabled": 0.6833890346478195, "spark.memory.offHeap.size": 671.7952742884229, "spark.memory.storageFraction": 0.8166976157905239, "spark.rdd.compress": 0.33465531847394436, "spark.reducer.maxBlocksInFlightPerAddress": 2028975075.0531678, "spark.reducer.maxReqsInFlight": 1976113061.386682, "spark.reducer.maxSizeInFlight": 57.68991831332647, "spark.scheduler.mode": 0.9544117380500711, "spark.scheduler.revive.interval": 898.3080246454233, "spark.shuffle.compress": 0.10543661552103667, "spark.shuffle.file.buffer": 22.9605988005463, "spark.shuffle.io.numConnectionsPerPeer": 2.5939506204033176, "spark.shuffle.sort.bypassMergeThreshold": 283.360302331925, "spark.storage.memoryFraction": 0.8898309983860995, "spark.storage.memoryMapThreshold": 3.655251715425184}, "datetime": {"datetime": "2022-02-02 19:29:12", "elapsed": 9892.575328, "delta": 220.970521}}
{"target": -169.533, "params": {"spark.broadcast.blockSize": 32.394045933011185, "spark.broadcast.checksum": 0.9353332508427509, "spark.broadcast.compress": 0.7451421543911969, "spark.default.parallelism": 332.1909047569136, "spark.executor.cores": 3.7356080950034096, "spark.executor.instances": 6.395815345900469, "spark.executor.memory": 6.238913646412215, "spark.executor.memoryOverhead": 688.6375147219084, "spark.kryoserializer.buffer": 116.8356321289765, "spark.kryoserializer.buffer.max": 81.53819192707138, "spark.locality.wait": 5.215304268410003, "spark.maxRemoteBlockSizeFetchToMem": 1769209086.413556, "spark.memory.fraction": 0.8404950810604539, "spark.memory.offHeap.enabled": 0.5921468593230164, "spark.memory.offHeap.size": 805.2150989561005, "spark.memory.storageFraction": 0.5215699563471736, "spark.rdd.compress": 0.6667604261491525, "spark.reducer.maxBlocksInFlightPerAddress": 2086280389.8595672, "spark.reducer.maxReqsInFlight": 1559758215.9227853, "spark.reducer.maxSizeInFlight": 42.426715843978336, "spark.scheduler.mode": 0.5442556623857454, "spark.scheduler.revive.interval": 964.5454651649793, "spark.shuffle.compress": 0.23584849985999212, "spark.shuffle.file.buffer": 17.478044856817537, "spark.shuffle.io.numConnectionsPerPeer": 2.9918118510077316, "spark.shuffle.sort.bypassMergeThreshold": 344.23666177212965, "spark.storage.memoryFraction": 0.6870205675609188, "spark.storage.memoryMapThreshold": 3.1008738584599667}, "datetime": {"datetime": "2022-02-02 19:32:11", "elapsed": 10070.619303, "delta": 178.043975}}
{"target": -342.064, "params": {"spark.broadcast.blockSize": 59.10701856453397, "spark.broadcast.checksum": 0.905244657644385, "spark.broadcast.compress": 0.6110804411218667, "spark.default.parallelism": 359.0478161117093, "spark.executor.cores": 1.203986624781083, "spark.executor.instances": 7.141833472550804, "spark.executor.memory": 3.5428635790581327, "spark.executor.memoryOverhead": 875.3089486016638, "spark.kryoserializer.buffer": 49.135580718156106, "spark.kryoserializer.buffer.max": 108.58339824121649, "spark.locality.wait": 9.707145856295604, "spark.maxRemoteBlockSizeFetchToMem": 2045324039.5703044, "spark.memory.fraction": 0.5061066439214682, "spark.memory.offHeap.enabled": 0.17668809064789381, "spark.memory.offHeap.size": 512.8380720734873, "spark.memory.storageFraction": 0.699941901134131, "spark.rdd.compress": 0.6544122577492073, "spark.reducer.maxBlocksInFlightPerAddress": 1785890429.3844976, "spark.reducer.maxReqsInFlight": 1372243396.968258, "spark.reducer.maxSizeInFlight": 44.5687329605959, "spark.scheduler.mode": 0.5215386145278681, "spark.scheduler.revive.interval": 967.3946409953186, "spark.shuffle.compress": 0.8698211340338611, "spark.shuffle.file.buffer": 29.128325468577312, "spark.shuffle.io.numConnectionsPerPeer": 1.2931693804585955, "spark.shuffle.sort.bypassMergeThreshold": 329.82940711200627, "spark.storage.memoryFraction": 0.5338009880915926, "spark.storage.memoryMapThreshold": 1.9853128010557222}, "datetime": {"datetime": "2022-02-02 19:38:01", "elapsed": 10421.438564, "delta": 350.819261}}
