{"target": -790.237, "params": {"spark.broadcast.blockSize": 45.34470415048237, "spark.broadcast.checksum": 0.7203244934421581, "spark.broadcast.compress": 0.00011437481734488664, "spark.default.parallelism": 290.69977178955196, "spark.executor.cores": 1.440267672451339, "spark.executor.instances": 4.369354379075191, "spark.executor.memory": 3.7450408455106836, "spark.executor.memoryOverhead": 554.3614384322225, "spark.kryoserializer.buffer": 70.08967752614431, "spark.kryoserializer.buffer.max": 83.72640646432227, "spark.locality.wait": 6.515167086419769, "spark.maxRemoteBlockSizeFetchToMem": 1809490227.7801933, "spark.memory.fraction": 0.581780899892607, "spark.memory.offHeap.enabled": 0.8781174363909454, "spark.memory.offHeap.size": 526.0224477173382, "spark.memory.storageFraction": 0.768187004071361, "spark.rdd.compress": 0.41730480236712697, "spark.reducer.maxBlocksInFlightPerAddress": 1673630458.4455886, "spark.reducer.maxReqsInFlight": 1224481150.5130224, "spark.reducer.maxSizeInFlight": 33.508871476074184, "spark.scheduler.mode": 0.8007445686755367, "spark.scheduler.revive.interval": 984.1307878596988, "spark.shuffle.compress": 0.31342417815924284, "spark.shuffle.file.buffer": 38.15432370141805, "spark.shuffle.io.numConnectionsPerPeer": 4.505556609184153, "spark.shuffle.sort.bypassMergeThreshold": 328.9213327007694, "spark.storage.memoryFraction": 0.5340176845479112, "spark.storage.memoryMapThreshold": 1.1171643496986472}, "datetime": {"datetime": "2022-02-02 16:44:20", "elapsed": 0.0, "delta": 0.0}}
{"target": -219.693, "params": {"spark.broadcast.blockSize": 37.43457342606621, "spark.broadcast.checksum": 0.8781425034294131, "spark.broadcast.compress": 0.0983468338330501, "spark.default.parallelism": 326.3322875015157, "spark.executor.cores": 3.873668590451506, "spark.executor.instances": 6.132661139892068, "spark.executor.memory": 5.767508455801893, "spark.executor.memoryOverhead": 539.549206085989, "spark.kryoserializer.buffer": 97.90408905743203, "spark.kryoserializer.buffer.max": 112.1240645021478, "spark.locality.wait": 4.109729664065151, "spark.maxRemoteBlockSizeFetchToMem": 1879202699.955295, "spark.memory.fraction": 0.8955444355625979, "spark.memory.offHeap.enabled": 0.7481656543798394, "spark.memory.offHeap.size": 655.5873239369755, "spark.memory.storageFraction": 0.8157117313805955, "spark.rdd.compress": 0.10322600657764203, "spark.reducer.maxBlocksInFlightPerAddress": 1554663834.7539082, "spark.reducer.maxReqsInFlight": 2049338815.7693782, "spark.reducer.maxSizeInFlight": 38.09347912193662, "spark.scheduler.mode": 0.28777533858634874, "spark.scheduler.revive.interval": 565.0142860591388, "spark.shuffle.compress": 0.019366957870297075, "spark.shuffle.file.buffer": 37.72273705407651, "spark.shuffle.io.numConnectionsPerPeer": 1.8465124640002362, "spark.shuffle.sort.bypassMergeThreshold": 203.10933187444525, "spark.storage.memoryFraction": 0.6966292637121353, "spark.storage.memoryMapThreshold": 1.1600876353512413}, "datetime": {"datetime": "2022-02-02 16:48:08", "elapsed": 228.256019, "delta": 228.256019}}
{"target": -400.77, "params": {"spark.broadcast.blockSize": 50.37176337574442, "spark.broadcast.checksum": 0.14672857490581015, "spark.broadcast.compress": 0.5893055369032842, "spark.default.parallelism": 409.92750800627937, "spark.executor.cores": 1.3070032864834775, "spark.executor.instances": 5.656223951278273, "spark.executor.memory": 5.77760063091098, "spark.executor.memoryOverhead": 588.190379876763, "spark.kryoserializer.buffer": 36.795532058824364, "spark.kryoserializer.buffer.max": 83.44605496788911, "spark.locality.wait": 7.982767871318733, "spark.maxRemoteBlockSizeFetchToMem": 1626599409.527616, "spark.memory.fraction": 0.8778379023963254, "spark.memory.offHeap.enabled": 0.5865550405019929, "spark.memory.offHeap.size": 974.5417806273963, "spark.memory.storageFraction": 0.554989881658495, "spark.rdd.compress": 0.13927634725075855, "spark.reducer.maxBlocksInFlightPerAddress": 1940671618.0206747, "spark.reducer.maxReqsInFlight": 1500744075.3073974, "spark.reducer.maxSizeInFlight": 31.937001461612773, "spark.scheduler.mode": 0.9275085803960339, "spark.scheduler.revive.interval": 673.8829298727533, "spark.shuffle.compress": 0.7508121031361555, "spark.shuffle.file.buffer": 39.23193553121445, "spark.shuffle.io.numConnectionsPerPeer": 4.533224364823239, "spark.shuffle.sort.bypassMergeThreshold": 274.7344414111218, "spark.storage.memoryFraction": 0.800376973610935, "spark.storage.memoryMapThreshold": 2.0466950259335275}, "datetime": {"datetime": "2022-02-02 16:54:58", "elapsed": 637.999432, "delta": 409.743413}}
{"target": -213.919, "params": {"spark.broadcast.blockSize": 40.637692536480834, "spark.broadcast.checksum": 0.8958862181960668, "spark.broadcast.compress": 0.4280911898712949, "spark.default.parallelism": 489.45201414451566, "spark.executor.cores": 2.9903244934553443, "spark.executor.instances": 6.486782880836487, "spark.executor.memory": 3.4589838918135007, "spark.executor.memoryOverhead": 852.0982045425861, "spark.kryoserializer.buffer": 75.1915648140743, "spark.kryoserializer.buffer.max": 87.52540298116465, "spark.locality.wait": 6.448820816567687, "spark.maxRemoteBlockSizeFetchToMem": 1328247288.4244535, "spark.memory.fraction": 0.8613518082249015, "spark.memory.offHeap.enabled": 0.5736794866722859, "spark.memory.offHeap.size": 513.4696074399534, "spark.memory.storageFraction": 0.7468579654482895, "spark.rdd.compress": 0.32664490177209615, "spark.reducer.maxBlocksInFlightPerAddress": 1639666151.072064, "spark.reducer.maxReqsInFlight": 2025014908.6723402, "spark.reducer.maxSizeInFlight": 41.14894848011999, "spark.scheduler.mode": 0.9085351509197992, "spark.scheduler.revive.interval": 811.6800578959014, "spark.shuffle.compress": 0.015821242846556283, "spark.shuffle.file.buffer": 45.74199147980036, "spark.shuffle.io.numConnectionsPerPeer": 3.763587670067696, "spark.shuffle.sort.bypassMergeThreshold": 349.4645700902961, "spark.storage.memoryFraction": 0.5689362033381314, "spark.storage.memoryMapThreshold": 1.4114072488866332}, "datetime": {"datetime": "2022-02-02 16:58:40", "elapsed": 860.448562, "delta": 222.44913}}
{"target": -187.894, "params": {"spark.broadcast.blockSize": 61.843054817189234, "spark.broadcast.checksum": 0.6968181614899002, "spark.broadcast.compress": 0.06600017272206249, "spark.default.parallelism": 426.6389157807399, "spark.executor.cores": 3.261628565383739, "spark.executor.instances": 7.692098142185934, "spark.executor.memory": 5.8460990345138875, "spark.executor.memoryOverhead": 445.2655842522772, "spark.kryoserializer.buffer": 33.90849284862038, "spark.kryoserializer.buffer.max": 34.51625474026105, "spark.locality.wait": 4.169838928124768, "spark.maxRemoteBlockSizeFetchToMem": 1338108624.7870486, "spark.memory.fraction": 0.8440111794731553, "spark.memory.offHeap.enabled": 0.5388310643416528, "spark.memory.offHeap.size": 795.0448530871122, "spark.memory.storageFraction": 0.8368123569438424, "spark.rdd.compress": 0.12417331511991114, "spark.reducer.maxBlocksInFlightPerAddress": 1373513015.7324514, "spark.reducer.maxReqsInFlight": 1702696051.560533, "spark.reducer.maxSizeInFlight": 70.54059591934438, "spark.scheduler.mode": 0.56103021925571, "spark.scheduler.revive.interval": 509.32364468647154, "spark.shuffle.compress": 0.8006326726806163, "spark.shuffle.file.buffer": 23.455176762912654, "spark.shuffle.io.numConnectionsPerPeer": 4.2284207824751165, "spark.shuffle.sort.bypassMergeThreshold": 227.57212881283436, "spark.storage.memoryFraction": 0.8454167418237715, "spark.storage.memoryMapThreshold": 3.2413649282115538}, "datetime": {"datetime": "2022-02-02 17:01:57", "elapsed": 1056.951311, "delta": 196.502749}}
{"target": -534.061, "params": {"spark.broadcast.blockSize": 49.799687487693404, "spark.broadcast.checksum": 0.13645522566068502, "spark.broadcast.compress": 0.05991768951221166, "spark.default.parallelism": 236.4030367222212, "spark.executor.cores": 1.1336556356342853, "spark.executor.instances": 4.429976516424372, "spark.executor.memory": 3.9028373544314188, "spark.executor.memoryOverhead": 735.5035673286595, "spark.kryoserializer.buffer": 85.73283027719768, "spark.kryoserializer.buffer.max": 33.20537409527512, "spark.locality.wait": 4.431845678136921, "spark.maxRemoteBlockSizeFetchToMem": 2112346370.2637775, "spark.memory.fraction": 0.7272401847679768, "spark.memory.offHeap.enabled": 0.20329323466099047, "spark.memory.offHeap.size": 641.1907812200056, "spark.memory.storageFraction": 0.7975303416300372, "spark.rdd.compress": 0.1954294811093188, "spark.reducer.maxBlocksInFlightPerAddress": 1697971217.9690711, "spark.reducer.maxReqsInFlight": 2115292855.4001446, "spark.reducer.maxSizeInFlight": 64.6477824715217, "spark.scheduler.mode": 0.23984775914758616, "spark.scheduler.revive.interval": 746.884857134365, "spark.shuffle.compress": 0.6199557183813798, "spark.shuffle.file.buffer": 42.52738878560572, "spark.shuffle.io.numConnectionsPerPeer": 1.627165578584337, "spark.shuffle.sort.bypassMergeThreshold": 153.71524043548192, "spark.storage.memoryFraction": 0.5280088574876889, "spark.storage.memoryMapThreshold": 2.459035332811095}, "datetime": {"datetime": "2022-02-02 17:11:00", "elapsed": 1599.583327, "delta": 542.632016}}
{"target": -196.082, "params": {"spark.broadcast.blockSize": 34.95483503260153, "spark.broadcast.checksum": 0.1862602113776709, "spark.broadcast.compress": 0.34556072704304774, "spark.default.parallelism": 319.030242269201, "spark.executor.cores": 2.616450202010071, "spark.executor.instances": 5.676778057613179, "spark.executor.memory": 5.740878001587038, "spark.executor.memoryOverhead": 484.7949591176381, "spark.kryoserializer.buffer": 116.29927389353077, "spark.kryoserializer.buffer.max": 34.62920894700091, "spark.locality.wait": 8.022805061070414, "spark.maxRemoteBlockSizeFetchToMem": 1521819079.827609, "spark.memory.fraction": 0.7234759313783007, "spark.memory.offHeap.enabled": 0.14038693859523377, "spark.memory.offHeap.size": 613.4279624114579, "spark.memory.storageFraction": 0.8202978274702146, "spark.rdd.compress": 0.9682615757193975, "spark.reducer.maxBlocksInFlightPerAddress": 1410278471.7424064, "spark.reducer.maxReqsInFlight": 1817117571.1452203, "spark.reducer.maxSizeInFlight": 66.06667931020984, "spark.scheduler.mode": 0.8946066635038473, "spark.scheduler.revive.interval": 542.522105684889, "spark.shuffle.compress": 0.03905478323288236, "spark.shuffle.file.buffer": 21.434573426066205, "spark.shuffle.io.numConnectionsPerPeer": 4.512570013717653, "spark.shuffle.sort.bypassMergeThreshold": 169.66936676661, "spark.storage.memoryFraction": 0.6684430500020209, "spark.storage.memoryMapThreshold": 3.873668590451506}, "datetime": {"datetime": "2022-02-02 17:14:24", "elapsed": 1804.329162, "delta": 204.745835}}
{"target": -245.828, "params": {"spark.broadcast.blockSize": 37.97180739460832, "spark.broadcast.checksum": 0.7950818595235931, "spark.broadcast.compress": 0.7521908148410519, "spark.default.parallelism": 385.22019952933965, "spark.executor.cores": 3.3080235955669215, "spark.executor.instances": 5.347423646843556, "spark.executor.memory": 5.992575780525258, "spark.executor.memoryOverhead": 718.0180004561312, "spark.kryoserializer.buffer": 38.505960114581725, "spark.kryoserializer.buffer.max": 42.60833010891486, "spark.locality.wait": 4.640175087252086, "spark.maxRemoteBlockSizeFetchToMem": 1937099217.1447914, "spark.memory.fraction": 0.5405905419785119, "spark.memory.offHeap.enabled": 0.2109103704874209, "spark.memory.offHeap.size": 949.0409944912471, "spark.memory.storageFraction": 0.7917327350670258, "spark.rdd.compress": 0.6651186621579239, "spark.reducer.maxBlocksInFlightPerAddress": 1255355383.0648396, "spark.reducer.maxReqsInFlight": 1803969159.387875, "spark.reducer.maxSizeInFlight": 24.124263831722267, "spark.scheduler.mode": 0.5164001090446483, "spark.scheduler.revive.interval": 611.6528131872268, "spark.shuffle.compress": 0.4696586191359642, "spark.shuffle.file.buffer": 29.468805514625924, "spark.shuffle.io.numConnectionsPerPeer": 1.723798075931636, "spark.shuffle.sort.bypassMergeThreshold": 216.2766560213169, "spark.storage.memoryFraction": 0.6489736491629006, "spark.storage.memoryMapThreshold": 1.3534509568949775}, "datetime": {"datetime": "2022-02-02 17:18:39", "elapsed": 2058.890548, "delta": 254.561386}}
{"target": -248.44, "params": {"spark.broadcast.blockSize": 35.660029847774254, "spark.broadcast.checksum": 0.7997026155959607, "spark.broadcast.compress": 0.4450596073149389, "spark.default.parallelism": 434.74719491629577, "spark.executor.cores": 2.6339996478692105, "spark.executor.instances": 4.102417398524982, "spark.executor.memory": 3.095135707366042, "spark.executor.memoryOverhead": 778.1116348889225, "spark.kryoserializer.buffer": 49.87802121886344, "spark.kryoserializer.buffer.max": 52.937529617070986, "spark.locality.wait": 5.730280801961648, "spark.maxRemoteBlockSizeFetchToMem": 1678934584.8835855, "spark.memory.fraction": 0.5624224960286399, "spark.memory.offHeap.enabled": 0.7092277232227895, "spark.memory.offHeap.size": 628.0894978411499, "spark.memory.storageFraction": 0.6102523929907322, "spark.rdd.compress": 0.42870774540997325, "spark.reducer.maxBlocksInFlightPerAddress": 1450181354.4622946, "spark.reducer.maxReqsInFlight": 2099037592.87161, "spark.reducer.maxSizeInFlight": 64.76124296619172, "spark.scheduler.mode": 0.9144496075142614, "spark.scheduler.revive.interval": 790.2965976099922, "spark.shuffle.compress": 0.9422438907053682, "spark.shuffle.file.buffer": 24.70300933486378, "spark.shuffle.io.numConnectionsPerPeer": 3.527568993184727, "spark.shuffle.sort.bypassMergeThreshold": 259.4818475614749, "spark.storage.memoryFraction": 0.7568879853970745, "spark.storage.memoryMapThreshold": 1.821697525884912}, "datetime": {"datetime": "2022-02-02 17:22:56", "elapsed": 2316.004337, "delta": 257.113789}}
{"target": -196.366, "params": {"spark.broadcast.blockSize": 59.67210687733666, "spark.broadcast.checksum": 0.5083624403903515, "spark.broadcast.compress": 0.03321272384145646, "spark.default.parallelism": 402.4825429711965, "spark.executor.cores": 2.5993824738362616, "spark.executor.instances": 7.670520942302817, "spark.executor.memory": 4.919551604312366, "spark.executor.memoryOverhead": 415.2146002903221, "spark.kryoserializer.buffer": 122.44920973507315, "spark.kryoserializer.buffer.max": 89.18109883147872, "spark.locality.wait": 5.745497549674, "spark.maxRemoteBlockSizeFetchToMem": 1362670809.8275664, "spark.memory.fraction": 0.7849784562680058, "spark.memory.offHeap.enabled": 0.6158870965063579, "spark.memory.offHeap.size": 767.3763100946167, "spark.memory.storageFraction": 0.6080833596264322, "spark.rdd.compress": 0.9619109446294353, "spark.reducer.maxBlocksInFlightPerAddress": 1399971946.4788945, "spark.reducer.maxReqsInFlight": 1697403202.0345197, "spark.reducer.maxSizeInFlight": 56.73750816468993, "spark.scheduler.mode": 0.4370399815998447, "spark.scheduler.revive.interval": 574.8498970876931, "spark.shuffle.compress": 0.2944890766068622, "spark.shuffle.file.buffer": 25.461203782067056, "spark.shuffle.io.numConnectionsPerPeer": 4.424728421521465, "spark.shuffle.sort.bypassMergeThreshold": 340.154479881691, "spark.storage.memoryFraction": 0.6984707501426016, "spark.storage.memoryMapThreshold": 2.9545587823258304}, "datetime": {"datetime": "2022-02-02 17:26:21", "elapsed": 2521.209928, "delta": 205.205591}}
{"target": -246.759, "params": {"spark.broadcast.blockSize": 32.74745887501204, "spark.broadcast.checksum": 0.19068255064752637, "spark.broadcast.compress": 0.7629670448187615, "spark.default.parallelism": 439.64339419334954, "spark.executor.cores": 1.9443241660056887, "spark.executor.instances": 7.294171228607242, "spark.executor.memory": 4.86555004062911, "spark.executor.memoryOverhead": 794.5232607431553, "spark.kryoserializer.buffer": 47.14222837647539, "spark.kryoserializer.buffer.max": 124.71615940516611, "spark.locality.wait": 6.829921987444484, "spark.maxRemoteBlockSizeFetchToMem": 1114950546.4309263, "spark.memory.fraction": 0.8673978009846648, "spark.memory.offHeap.enabled": 0.9981065694261734, "spark.memory.offHeap.size": 855.8911279143035, "spark.memory.storageFraction": 0.5173572841257156, "spark.rdd.compress": 0.9469949514374537, "spark.reducer.maxBlocksInFlightPerAddress": 1430170509.0005198, "spark.reducer.maxReqsInFlight": 1908837797.3660977, "spark.reducer.maxSizeInFlight": 46.71706001781652, "spark.scheduler.mode": 0.12521173964650834, "spark.scheduler.revive.interval": 516.2702313714848, "spark.shuffle.compress": 0.19328572678850975, "spark.shuffle.file.buffer": 45.80882985842247, "spark.shuffle.io.numConnectionsPerPeer": 4.763784560302889, "spark.shuffle.sort.bypassMergeThreshold": 318.37585312285773, "spark.storage.memoryFraction": 0.7987665664143491, "spark.storage.memoryMapThreshold": 2.945842295265012}, "datetime": {"datetime": "2022-02-02 17:30:37", "elapsed": 2777.059823, "delta": 255.849895}}
{"target": -223.853, "params": {"spark.broadcast.blockSize": 55.63313434352265, "spark.broadcast.checksum": 0.9044252509195878, "spark.broadcast.compress": 0.8802566617884817, "spark.default.parallelism": 477.60101208750115, "spark.executor.cores": 3.905867261911423, "spark.executor.instances": 5.425070440985413, "spark.executor.memory": 3.2506637439048887, "spark.executor.memoryOverhead": 831.0771932182399, "spark.kryoserializer.buffer": 66.98621580188166, "spark.kryoserializer.buffer.max": 97.98452158069803, "spark.locality.wait": 8.84309511680703, "spark.maxRemoteBlockSizeFetchToMem": 1386571888.546022, "spark.memory.fraction": 0.7540927737368615, "spark.memory.offHeap.enabled": 0.9113189566251078, "spark.memory.offHeap.size": 779.9689519441645, "spark.memory.storageFraction": 0.518148842233576, "spark.rdd.compress": 0.6662053755032291, "spark.reducer.maxBlocksInFlightPerAddress": 1091706456.622657, "spark.reducer.maxReqsInFlight": 1824058521.8917246, "spark.reducer.maxSizeInFlight": 38.25653026513757, "spark.scheduler.mode": 0.048540210969148734, "spark.scheduler.revive.interval": 906.3110643333152, "spark.shuffle.compress": 0.2511043297065608, "spark.shuffle.file.buffer": 42.27463396774536, "spark.shuffle.io.numConnectionsPerPeer": 3.418086517482128, "spark.shuffle.sort.bypassMergeThreshold": 289.2989894999207, "spark.storage.memoryFraction": 0.8286517845805481, "spark.storage.memoryMapThreshold": 3.046249890284262}, "datetime": {"datetime": "2022-02-02 17:34:30", "elapsed": 3009.809967, "delta": 232.750144}}
{"target": -202.857, "params": {"spark.broadcast.blockSize": 44.814505919461205, "spark.broadcast.checksum": 0.43979846062701733, "spark.broadcast.compress": 0.2098069444540701, "spark.default.parallelism": 435.56688396440006, "spark.executor.cores": 2.5018519093710405, "spark.executor.instances": 6.426676092192462, "spark.executor.memory": 4.703223406897132, "spark.executor.memoryOverhead": 584.0958522472921, "spark.kryoserializer.buffer": 62.70648779418551, "spark.kryoserializer.buffer.max": 95.86864332682975, "spark.locality.wait": 4.621845889053041, "spark.maxRemoteBlockSizeFetchToMem": 1095376178.7819726, "spark.memory.fraction": 0.6542075639714764, "spark.memory.offHeap.enabled": 0.8326117945854309, "spark.memory.offHeap.size": 532.5078291872236, "spark.memory.storageFraction": 0.8412334465351243, "spark.rdd.compress": 0.28248211711518556, "spark.reducer.maxBlocksInFlightPerAddress": 1467428982.0567496, "spark.reducer.maxReqsInFlight": 1803886051.3999329, "spark.reducer.maxSizeInFlight": 39.13438563699139, "spark.scheduler.mode": 0.8143510925616956, "spark.scheduler.revive.interval": 945.4865992324342, "spark.shuffle.compress": 0.44745955731779286, "spark.shuffle.file.buffer": 35.68758990760663, "spark.shuffle.io.numConnectionsPerPeer": 1.467670517910293, "spark.shuffle.sort.bypassMergeThreshold": 343.13868890549463, "spark.storage.memoryFraction": 0.721579994270625, "spark.storage.memoryMapThreshold": 3.714393825626107}, "datetime": {"datetime": "2022-02-02 17:38:02", "elapsed": 3221.660012, "delta": 211.850045}}
{"target": -358.096, "params": {"spark.broadcast.blockSize": 59.64217803969578, "spark.broadcast.checksum": 0.746132978687164, "spark.broadcast.compress": 0.10690481039192046, "spark.default.parallelism": 424.3042735282039, "spark.executor.cores": 1.3519767621576428, "spark.executor.instances": 6.97738414878982, "spark.executor.memory": 4.66992457635329, "spark.executor.memoryOverhead": 429.8435317407711, "spark.kryoserializer.buffer": 88.22514738066005, "spark.kryoserializer.buffer.max": 84.72422555320966, "spark.locality.wait": 5.399175004312861, "spark.maxRemoteBlockSizeFetchToMem": 1082142035.5643954, "spark.memory.fraction": 0.5242660056579314, "spark.memory.offHeap.enabled": 0.2761336783344117, "spark.memory.offHeap.size": 964.9598898663596, "spark.memory.storageFraction": 0.7393637168762474, "spark.rdd.compress": 0.9043066424035606, "spark.reducer.maxBlocksInFlightPerAddress": 1230573034.028484, "spark.reducer.maxReqsInFlight": 1579136451.8316321, "spark.reducer.maxSizeInFlight": 55.03659112034776, "spark.scheduler.mode": 0.15623180074999932, "spark.scheduler.revive.interval": 607.9207307154355, "spark.shuffle.compress": 0.8722497557879425, "spark.shuffle.file.buffer": 34.57956516407661, "spark.shuffle.io.numConnectionsPerPeer": 2.909916204204468, "spark.shuffle.sort.bypassMergeThreshold": 265.1159675074198, "spark.storage.memoryFraction": 0.5249418661156178, "spark.storage.memoryMapThreshold": 1.45433771138021}, "datetime": {"datetime": "2022-02-02 17:44:08", "elapsed": 3588.576775, "delta": 366.916763}}
