{"target": -185.709, "params": {"spark.broadcast.blockSize": 57.91514044200869, "spark.broadcast.checksum": 0.7721778455834739, "spark.broadcast.compress": 0.01875734095996963, "spark.default.parallelism": 311.4269591762215, "spark.executor.cores": 3.080227540648304, "spark.executor.instances": 7.076657452265162, "spark.executor.memory": 5.921852374385953, "spark.executor.memoryOverhead": 471.6072367606266, "spark.kryoserializer.buffer": 86.58642456028417, "spark.kryoserializer.buffer.max": 126.53633585566101, "spark.locality.wait": 4.232928351450153, "spark.maxRemoteBlockSizeFetchToMem": 1217760964.7998936, "spark.memory.fraction": 0.7228602291575393, "spark.memory.offHeap.enabled": 0.1750317095137014, "spark.memory.offHeap.size": 627.5724438803072, "spark.memory.storageFraction": 0.6728755738804153, "spark.rdd.compress": 0.8352156223341042, "spark.reducer.maxBlocksInFlightPerAddress": 1710755167.8653953, "spark.reducer.maxReqsInFlight": 1303204977.6312902, "spark.reducer.maxSizeInFlight": 48.2377394970443, "spark.scheduler.mode": 0.8354881072375452, "spark.scheduler.revive.interval": 815.4073101200406, "spark.shuffle.compress": 0.8494252445916477, "spark.shuffle.file.buffer": 46.86507596293626, "spark.shuffle.io.numConnectionsPerPeer": 3.038780140802537, "spark.shuffle.sort.bypassMergeThreshold": 157.1941797688186, "spark.storage.memoryMapThreshold": 3.6113567659433796}, "datetime": {"datetime": "2022-02-19 17:50:57", "elapsed": 5260.902668, "delta": 194.156832}}
{"target": -236.015, "params": {"spark.broadcast.blockSize": 56.935126784378454, "spark.broadcast.checksum": 0.7674272835602748, "spark.broadcast.compress": 0.027464886033239527, "spark.default.parallelism": 318.63750984480197, "spark.executor.cores": 3.1092435230704294, "spark.executor.instances": 7.093721295114163, "spark.executor.memory": 6.088179470246977, "spark.executor.memoryOverhead": 472.04697090896, "spark.kryoserializer.buffer": 82.9822710658643, "spark.kryoserializer.buffer.max": 127.21571089646828, "spark.locality.wait": 4.270762225411253, "spark.maxRemoteBlockSizeFetchToMem": 1196361018.0493941, "spark.memory.fraction": 0.7386747501547153, "spark.memory.offHeap.enabled": 0.18460625505565845, "spark.memory.offHeap.size": 594.9248251032051, "spark.memory.storageFraction": 0.6713977564955894, "spark.rdd.compress": 0.8156112142165233, "spark.reducer.maxBlocksInFlightPerAddress": 1717024565.8756669, "spark.reducer.maxReqsInFlight": 1245726659.3274512, "spark.reducer.maxSizeInFlight": 48.808432426176914, "spark.scheduler.mode": 0.8676678964214404, "spark.scheduler.revive.interval": 826.2168615975942, "spark.shuffle.compress": 0.8671905564813155, "spark.shuffle.file.buffer": 47.381907882210875, "spark.shuffle.io.numConnectionsPerPeer": 3.242737104915366, "spark.shuffle.sort.bypassMergeThreshold": 158.27694427391964, "spark.storage.memoryMapThreshold": 3.5587182339547754}, "datetime": {"datetime": "2022-02-19 17:55:02", "elapsed": 5505.727198, "delta": 244.82453}}
{"target": -184.924, "params": {"spark.broadcast.blockSize": 56.09019873403001, "spark.broadcast.checksum": 0.7841176878613528, "spark.broadcast.compress": 0.012110457683996259, "spark.default.parallelism": 319.7489077741494, "spark.executor.cores": 3.1471246301422475, "spark.executor.instances": 7.128892301967836, "spark.executor.memory": 6.057081438995807, "spark.executor.memoryOverhead": 449.6506482158823, "spark.kryoserializer.buffer": 86.25748293311409, "spark.kryoserializer.buffer.max": 126.4108981892474, "spark.locality.wait": 4.1025404748934164, "spark.maxRemoteBlockSizeFetchToMem": 1226464203.2098851, "spark.memory.fraction": 0.7253585551963581, "spark.memory.offHeap.enabled": 0.17257390389929106, "spark.memory.offHeap.size": 618.9148330274022, "spark.memory.storageFraction": 0.6899506264885218, "spark.rdd.compress": 0.7986584674074593, "spark.reducer.maxBlocksInFlightPerAddress": 1690138081.2389722, "spark.reducer.maxReqsInFlight": 1281983795.9604733, "spark.reducer.maxSizeInFlight": 49.281504541899594, "spark.scheduler.mode": 0.8639072572472323, "spark.scheduler.revive.interval": 806.2626121858627, "spark.shuffle.compress": 0.8911430884535723, "spark.shuffle.file.buffer": 47.93600794347697, "spark.shuffle.io.numConnectionsPerPeer": 3.0576134866322335, "spark.shuffle.sort.bypassMergeThreshold": 154.74186737385696, "spark.storage.memoryMapThreshold": 3.5685851571948324}, "datetime": {"datetime": "2022-02-19 17:58:15", "elapsed": 5699.343128, "delta": 193.61593}}
{"target": -179.053, "params": {"spark.broadcast.blockSize": 56.97326511884574, "spark.broadcast.checksum": 0.7718480678696644, "spark.broadcast.compress": 0.015786827842600316, "spark.default.parallelism": 322.2195936200661, "spark.executor.cores": 3.1762989134608364, "spark.executor.instances": 6.992965454906757, "spark.executor.memory": 5.9517319858659326, "spark.executor.memoryOverhead": 447.96423016474205, "spark.kryoserializer.buffer": 86.21975982708366, "spark.kryoserializer.buffer.max": 126.01837738718888, "spark.locality.wait": 4.146321147639016, "spark.maxRemoteBlockSizeFetchToMem": 1218484251.5841932, "spark.memory.fraction": 0.7344035295437226, "spark.memory.offHeap.enabled": 0.17559269224898544, "spark.memory.offHeap.size": 576.0252641496639, "spark.memory.storageFraction": 0.6781348056172112, "spark.rdd.compress": 0.7922724137084713, "spark.reducer.maxBlocksInFlightPerAddress": 1705923244.7785676, "spark.reducer.maxReqsInFlight": 1268626579.2206817, "spark.reducer.maxSizeInFlight": 48.92044333640817, "spark.scheduler.mode": 0.8851772552912173, "spark.scheduler.revive.interval": 821.9384209286218, "spark.shuffle.compress": 0.8609225841844215, "spark.shuffle.file.buffer": 47.30815224027041, "spark.shuffle.io.numConnectionsPerPeer": 3.179351595649259, "spark.shuffle.sort.bypassMergeThreshold": 153.2744595315201, "spark.storage.memoryMapThreshold": 3.588878114746347}, "datetime": {"datetime": "2022-02-19 18:01:23", "elapsed": 5886.985039, "delta": 187.641911}}
{"target": -221.348, "params": {"spark.broadcast.blockSize": 56.824263617712035, "spark.broadcast.checksum": 0.7655826535064092, "spark.broadcast.compress": 0.013627567622103052, "spark.default.parallelism": 315.4977350435902, "spark.executor.cores": 3.2182717059989874, "spark.executor.instances": 7.117220474004139, "spark.executor.memory": 5.981155563460819, "spark.executor.memoryOverhead": 452.84012984916365, "spark.kryoserializer.buffer": 83.91963133222967, "spark.kryoserializer.buffer.max": 126.88940577077483, "spark.locality.wait": 4.321537412561072, "spark.maxRemoteBlockSizeFetchToMem": 1209524818.3139467, "spark.memory.fraction": 0.7353582613372261, "spark.memory.offHeap.enabled": 0.143165848430922, "spark.memory.offHeap.size": 605.1189484505979, "spark.memory.storageFraction": 0.6889929599565633, "spark.rdd.compress": 0.7996158813703379, "spark.reducer.maxBlocksInFlightPerAddress": 1696165800.4634569, "spark.reducer.maxReqsInFlight": 1256972523.5194736, "spark.reducer.maxSizeInFlight": 47.70567865444084, "spark.scheduler.mode": 0.8770353719687907, "spark.scheduler.revive.interval": 819.4393183971546, "spark.shuffle.compress": 0.8856127177628703, "spark.shuffle.file.buffer": 47.690608738580245, "spark.shuffle.io.numConnectionsPerPeer": 3.068408485125907, "spark.shuffle.sort.bypassMergeThreshold": 159.0212487531787, "spark.storage.memoryMapThreshold": 3.5811493115006603}, "datetime": {"datetime": "2022-02-19 18:05:13", "elapsed": 6116.787502, "delta": 229.802463}}
{"target": -220.497, "params": {"spark.broadcast.blockSize": 57.48213459892785, "spark.broadcast.checksum": 0.7876238345747207, "spark.broadcast.compress": 0.04794462502224986, "spark.default.parallelism": 318.3962988881198, "spark.executor.cores": 3.1793857615212326, "spark.executor.instances": 7.055094311695828, "spark.executor.memory": 6.062347344419482, "spark.executor.memoryOverhead": 451.28564433528504, "spark.kryoserializer.buffer": 86.19534100356671, "spark.kryoserializer.buffer.max": 124.30405756489026, "spark.locality.wait": 4.112997115861465, "spark.maxRemoteBlockSizeFetchToMem": 1191824605.9179273, "spark.memory.fraction": 0.728934436343676, "spark.memory.offHeap.enabled": 0.14733145910885823, "spark.memory.offHeap.size": 587.6415596894661, "spark.memory.storageFraction": 0.6753011238985778, "spark.rdd.compress": 0.8090615096039219, "spark.reducer.maxBlocksInFlightPerAddress": 1707551466.5536633, "spark.reducer.maxReqsInFlight": 1281909666.996628, "spark.reducer.maxSizeInFlight": 48.89802241549839, "spark.scheduler.mode": 0.8544076545283701, "spark.scheduler.revive.interval": 823.0958600190702, "spark.shuffle.compress": 0.855210148406369, "spark.shuffle.file.buffer": 47.80786819243869, "spark.shuffle.io.numConnectionsPerPeer": 3.063511816509813, "spark.shuffle.sort.bypassMergeThreshold": 152.18098999056963, "spark.storage.memoryMapThreshold": 3.6327925008072928}, "datetime": {"datetime": "2022-02-19 18:09:02", "elapsed": 6346.048078, "delta": 229.260576}}
{"target": -179.68, "params": {"spark.broadcast.blockSize": 56.4750039238846, "spark.broadcast.checksum": 0.7629808167046168, "spark.broadcast.compress": 0.04647926232999618, "spark.default.parallelism": 322.06765655293765, "spark.executor.cores": 3.155078514927563, "spark.executor.instances": 6.99180412902049, "spark.executor.memory": 6.056821087288754, "spark.executor.memoryOverhead": 459.31499595539526, "spark.kryoserializer.buffer": 84.77222261058805, "spark.kryoserializer.buffer.max": 125.95839680207575, "spark.locality.wait": 4.26551638318378, "spark.maxRemoteBlockSizeFetchToMem": 1196229652.8705664, "spark.memory.fraction": 0.7259066880096439, "spark.memory.offHeap.enabled": 0.15848339171293424, "spark.memory.offHeap.size": 581.6603231079894, "spark.memory.storageFraction": 0.6817089402193361, "spark.rdd.compress": 0.8195185653861332, "spark.reducer.maxBlocksInFlightPerAddress": 1704340711.7943192, "spark.reducer.maxReqsInFlight": 1266455646.207065, "spark.reducer.maxSizeInFlight": 48.33400910269371, "spark.scheduler.mode": 0.8690088737321815, "spark.scheduler.revive.interval": 818.1505983879194, "spark.shuffle.compress": 0.877325269667727, "spark.shuffle.file.buffer": 47.41486782685111, "spark.shuffle.io.numConnectionsPerPeer": 3.1392554630839586, "spark.shuffle.sort.bypassMergeThreshold": 155.4357296868546, "spark.storage.memoryMapThreshold": 3.5743442425261973}, "datetime": {"datetime": "2022-02-19 18:12:11", "elapsed": 6534.443026, "delta": 188.394948}}
{"target": -227.56, "params": {"spark.broadcast.blockSize": 56.894307411446995, "spark.broadcast.checksum": 0.7594762301726644, "spark.broadcast.compress": 0.028740669131232632, "spark.default.parallelism": 319.6361986363616, "spark.executor.cores": 3.131399923114925, "spark.executor.instances": 7.064300258854483, "spark.executor.memory": 5.977969115844606, "spark.executor.memoryOverhead": 461.4773593808998, "spark.kryoserializer.buffer": 85.76511722439456, "spark.kryoserializer.buffer.max": 124.71325595171002, "spark.locality.wait": 4.191337537770167, "spark.maxRemoteBlockSizeFetchToMem": 1202703625.7680972, "spark.memory.fraction": 0.7258146508048507, "spark.memory.offHeap.enabled": 0.1684567452753116, "spark.memory.offHeap.size": 600.2573084218103, "spark.memory.storageFraction": 0.6874244209863443, "spark.rdd.compress": 0.8247461857625309, "spark.reducer.maxBlocksInFlightPerAddress": 1709886350.9793544, "spark.reducer.maxReqsInFlight": 1278096881.0763586, "spark.reducer.maxSizeInFlight": 47.628263331444224, "spark.scheduler.mode": 0.8464363475413432, "spark.scheduler.revive.interval": 821.261736570297, "spark.shuffle.compress": 0.865974650328854, "spark.shuffle.file.buffer": 47.67356996863, "spark.shuffle.io.numConnectionsPerPeer": 3.110129525963472, "spark.shuffle.sort.bypassMergeThreshold": 153.77367343487407, "spark.storage.memoryMapThreshold": 3.5318031819593076}, "datetime": {"datetime": "2022-02-19 18:16:07", "elapsed": 6770.568383, "delta": 236.125357}}
{"target": -187.609, "params": {"spark.broadcast.blockSize": 56.46102155120247, "spark.broadcast.checksum": 0.7730188299149853, "spark.broadcast.compress": 0.043311063823217325, "spark.default.parallelism": 317.8401958500401, "spark.executor.cores": 3.1640081795700317, "spark.executor.instances": 7.036470939671606, "spark.executor.memory": 6.034803612206812, "spark.executor.memoryOverhead": 453.1750497441333, "spark.kryoserializer.buffer": 83.94576590337172, "spark.kryoserializer.buffer.max": 125.02399512164445, "spark.locality.wait": 4.18058960065302, "spark.maxRemoteBlockSizeFetchToMem": 1222929107.2993314, "spark.memory.fraction": 0.7332940775645044, "spark.memory.offHeap.enabled": 0.1687015755154747, "spark.memory.offHeap.size": 600.4821343845346, "spark.memory.storageFraction": 0.6804572479417195, "spark.rdd.compress": 0.8104595651714727, "spark.reducer.maxBlocksInFlightPerAddress": 1697825680.9976122, "spark.reducer.maxReqsInFlight": 1267761480.214404, "spark.reducer.maxSizeInFlight": 48.67412720440554, "spark.scheduler.mode": 0.8618624179256388, "spark.scheduler.revive.interval": 824.5879997955897, "spark.shuffle.compress": 0.8822292856607029, "spark.shuffle.file.buffer": 47.561160545893316, "spark.shuffle.io.numConnectionsPerPeer": 3.1091617087882217, "spark.shuffle.sort.bypassMergeThreshold": 152.3572750820009, "spark.storage.memoryMapThreshold": 3.573430405392834}, "datetime": {"datetime": "2022-02-19 18:19:23", "elapsed": 6966.668761, "delta": 196.100378}}
{"target": -179.05, "params": {"spark.broadcast.blockSize": 57.207033321558384, "spark.broadcast.checksum": 0.7754638550361808, "spark.broadcast.compress": 0.04322989733744821, "spark.default.parallelism": 320.44831711844313, "spark.executor.cores": 3.1528343279375046, "spark.executor.instances": 7.047759210475093, "spark.executor.memory": 5.9808467879594875, "spark.executor.memoryOverhead": 452.6658231052756, "spark.kryoserializer.buffer": 83.83418722699825, "spark.kryoserializer.buffer.max": 125.45679695876541, "spark.locality.wait": 4.150203516024318, "spark.maxRemoteBlockSizeFetchToMem": 1207533751.9777272, "spark.memory.fraction": 0.7327276450684094, "spark.memory.offHeap.enabled": 0.1547694956959262, "spark.memory.offHeap.size": 591.2499625130012, "spark.memory.storageFraction": 0.6762001760457574, "spark.rdd.compress": 0.8127486172117041, "spark.reducer.maxBlocksInFlightPerAddress": 1687213578.1536717, "spark.reducer.maxReqsInFlight": 1263035915.9417272, "spark.reducer.maxSizeInFlight": 47.85192406035733, "spark.scheduler.mode": 0.8706018203592336, "spark.scheduler.revive.interval": 823.285003068345, "spark.shuffle.compress": 0.8634594839993565, "spark.shuffle.file.buffer": 47.72862535693702, "spark.shuffle.io.numConnectionsPerPeer": 3.1369838411653426, "spark.shuffle.sort.bypassMergeThreshold": 156.02619711279468, "spark.storage.memoryMapThreshold": 3.5764697143873807}, "datetime": {"datetime": "2022-02-19 18:22:31", "elapsed": 7154.381319, "delta": 187.712558}}
{"target": -183.657, "params": {"spark.broadcast.blockSize": 56.90306307345782, "spark.broadcast.checksum": 0.771869507142185, "spark.broadcast.compress": 0.029088302318808202, "spark.default.parallelism": 321.717788585088, "spark.executor.cores": 3.1877012935673985, "spark.executor.instances": 7.087742612939733, "spark.executor.memory": 6.040159454786143, "spark.executor.memoryOverhead": 457.1267719657381, "spark.kryoserializer.buffer": 83.75045506619834, "spark.kryoserializer.buffer.max": 125.83209121337457, "spark.locality.wait": 4.222361391014289, "spark.maxRemoteBlockSizeFetchToMem": 1215436948.1173239, "spark.memory.fraction": 0.7336966085163189, "spark.memory.offHeap.enabled": 0.1646920582218018, "spark.memory.offHeap.size": 602.73522457857, "spark.memory.storageFraction": 0.6861066532369042, "spark.rdd.compress": 0.8113881494299704, "spark.reducer.maxBlocksInFlightPerAddress": 1690013098.6764472, "spark.reducer.maxReqsInFlight": 1266950078.9087214, "spark.reducer.maxSizeInFlight": 48.11199307793755, "spark.scheduler.mode": 0.8690149342207876, "spark.scheduler.revive.interval": 813.9369222991398, "spark.shuffle.compress": 0.87153749395869, "spark.shuffle.file.buffer": 47.942990462707186, "spark.shuffle.io.numConnectionsPerPeer": 3.1610404200541056, "spark.shuffle.sort.bypassMergeThreshold": 155.74304168553675, "spark.storage.memoryMapThreshold": 3.5471201610273284}, "datetime": {"datetime": "2022-02-19 18:25:43", "elapsed": 7346.519448, "delta": 192.138129}}
{"target": -216.655, "params": {"spark.broadcast.blockSize": 56.99403819676982, "spark.broadcast.checksum": 0.7751765339893302, "spark.broadcast.compress": 0.041578794966824095, "spark.default.parallelism": 321.05922114969155, "spark.executor.cores": 3.1825346736675764, "spark.executor.instances": 7.0865781053535235, "spark.executor.memory": 6.050241589776236, "spark.executor.memoryOverhead": 458.2451120561697, "spark.kryoserializer.buffer": 84.81615087527103, "spark.kryoserializer.buffer.max": 124.70819009815608, "spark.locality.wait": 4.202989487288206, "spark.maxRemoteBlockSizeFetchToMem": 1202110655.8695192, "spark.memory.fraction": 0.7274466339223395, "spark.memory.offHeap.enabled": 0.1624204549441039, "spark.memory.offHeap.size": 596.0284720639991, "spark.memory.storageFraction": 0.6783951193260892, "spark.rdd.compress": 0.8098897310388458, "spark.reducer.maxBlocksInFlightPerAddress": 1689539352.2274482, "spark.reducer.maxReqsInFlight": 1269896461.920781, "spark.reducer.maxSizeInFlight": 47.519090656343245, "spark.scheduler.mode": 0.8539180805949668, "spark.scheduler.revive.interval": 818.0562327893734, "spark.shuffle.compress": 0.8687019889682525, "spark.shuffle.file.buffer": 47.85919879854358, "spark.shuffle.io.numConnectionsPerPeer": 3.179722858908057, "spark.shuffle.sort.bypassMergeThreshold": 154.63839064519698, "spark.storage.memoryMapThreshold": 3.5641741256302666}, "datetime": {"datetime": "2022-02-19 18:29:28", "elapsed": 7571.778713, "delta": 225.259265}}
{"target": -178.053, "params": {"spark.broadcast.blockSize": 56.86216777212038, "spark.broadcast.checksum": 0.7752751434748201, "spark.broadcast.compress": 0.030758546750431007, "spark.default.parallelism": 318.28706008059794, "spark.executor.cores": 3.1630542161885145, "spark.executor.instances": 7.023591052144111, "spark.executor.memory": 5.996683072934306, "spark.executor.memoryOverhead": 458.6620413863679, "spark.kryoserializer.buffer": 85.21751276161476, "spark.kryoserializer.buffer.max": 125.5003680276166, "spark.locality.wait": 4.184889564159326, "spark.maxRemoteBlockSizeFetchToMem": 1207823693.3462846, "spark.memory.fraction": 0.727472312223782, "spark.memory.offHeap.enabled": 0.17217145665100725, "spark.memory.offHeap.size": 588.3108254613205, "spark.memory.storageFraction": 0.6833440322163103, "spark.rdd.compress": 0.8169661392066493, "spark.reducer.maxBlocksInFlightPerAddress": 1688910548.2015479, "spark.reducer.maxReqsInFlight": 1278921585.829534, "spark.reducer.maxSizeInFlight": 48.04369156728336, "spark.scheduler.mode": 0.8620340739684693, "spark.scheduler.revive.interval": 820.1110731048923, "spark.shuffle.compress": 0.8771983997827718, "spark.shuffle.file.buffer": 47.3715173513859, "spark.shuffle.io.numConnectionsPerPeer": 3.118322505707349, "spark.shuffle.sort.bypassMergeThreshold": 153.5764603099204, "spark.storage.memoryMapThreshold": 3.5895134626483474}, "datetime": {"datetime": "2022-02-19 18:32:35", "elapsed": 7758.517194, "delta": 186.738481}}
{"target": -180.251, "params": {"spark.broadcast.blockSize": 57.12829380474712, "spark.broadcast.checksum": 0.768696990587231, "spark.broadcast.compress": 0.022552744509344577, "spark.default.parallelism": 320.3347341345479, "spark.executor.cores": 3.1840157453782547, "spark.executor.instances": 7.025905098293804, "spark.executor.memory": 5.997860247403238, "spark.executor.memoryOverhead": 459.68379036138003, "spark.kryoserializer.buffer": 84.68835065492661, "spark.kryoserializer.buffer.max": 125.85707610116695, "spark.locality.wait": 4.147879602218493, "spark.maxRemoteBlockSizeFetchToMem": 1204529794.726131, "spark.memory.fraction": 0.7288209374061366, "spark.memory.offHeap.enabled": 0.16798553043682493, "spark.memory.offHeap.size": 593.1866053365395, "spark.memory.storageFraction": 0.6809286244658201, "spark.rdd.compress": 0.817769247168853, "spark.reducer.maxBlocksInFlightPerAddress": 1682037468.1181693, "spark.reducer.maxReqsInFlight": 1281565378.980228, "spark.reducer.maxSizeInFlight": 48.419729278506054, "spark.scheduler.mode": 0.8677399439633621, "spark.scheduler.revive.interval": 816.1703465806693, "spark.shuffle.compress": 0.876848046651465, "spark.shuffle.file.buffer": 47.12806747743824, "spark.shuffle.io.numConnectionsPerPeer": 3.1466992109320557, "spark.shuffle.sort.bypassMergeThreshold": 155.15287113996288, "spark.storage.memoryMapThreshold": 3.585802391020752}, "datetime": {"datetime": "2022-02-19 18:35:44", "elapsed": 7947.873724, "delta": 189.35653}}
