{"target": -186.404, "params": {"spark.broadcast.blockSize": 57.04479349963998, "spark.broadcast.checksum": 0.7820986246945788, "spark.broadcast.compress": 0.03536316422133085, "spark.default.parallelism": 318.37031355390343, "spark.executor.cores": 3.170342315743531, "spark.executor.instances": 6.998746774718991, "spark.executor.memory": 6.013971326170485, "spark.executor.memoryOverhead": 461.96369247120106, "spark.kryoserializer.buffer": 84.87246486664647, "spark.kryoserializer.buffer.max": 125.35615775232438, "spark.locality.wait": 4.170145694286956, "spark.maxRemoteBlockSizeFetchToMem": 1210538544.9347606, "spark.memory.fraction": 0.7293172625583068, "spark.memory.offHeap.enabled": 0.17687886279517187, "spark.memory.offHeap.size": 594.9920698306288, "spark.memory.storageFraction": 0.6839908806980296, "spark.rdd.compress": 0.8216033925847867, "spark.reducer.maxBlocksInFlightPerAddress": 1682449019.2551844, "spark.reducer.maxReqsInFlight": 1272871461.3303945, "spark.reducer.maxSizeInFlight": 48.0686134537922, "spark.scheduler.mode": 0.859295591757158, "spark.scheduler.revive.interval": 820.6700752815462, "spark.shuffle.compress": 0.8779283757626108, "spark.shuffle.file.buffer": 47.49174412906237, "spark.shuffle.io.numConnectionsPerPeer": 3.1011306597856887, "spark.shuffle.sort.bypassMergeThreshold": 152.80373606072308, "spark.storage.memoryMapThreshold": 3.577222580515911}, "datetime": {"datetime": "2022-02-19 18:38:59", "elapsed": 8142.990069, "delta": 195.116345}}
{"target": -180.302, "params": {"spark.broadcast.blockSize": 56.63568378175434, "spark.broadcast.checksum": 0.7749205366787916, "spark.broadcast.compress": 0.033966665725273244, "spark.default.parallelism": 318.5868176348858, "spark.executor.cores": 3.1506522104670425, "spark.executor.instances": 7.003427479083309, "spark.executor.memory": 5.988982542787265, "spark.executor.memoryOverhead": 459.575027106584, "spark.kryoserializer.buffer": 85.51554472359365, "spark.kryoserializer.buffer.max": 125.8004767301261, "spark.locality.wait": 4.1812684215919065, "spark.maxRemoteBlockSizeFetchToMem": 1211361727.1352274, "spark.memory.fraction": 0.7299797392177361, "spark.memory.offHeap.enabled": 0.17438253405482645, "spark.memory.offHeap.size": 588.7818270713367, "spark.memory.storageFraction": 0.6832030655606925, "spark.rdd.compress": 0.8224199935059824, "spark.reducer.maxBlocksInFlightPerAddress": 1688760000.2063172, "spark.reducer.maxReqsInFlight": 1275628186.5556214, "spark.reducer.maxSizeInFlight": 47.86761567117381, "spark.scheduler.mode": 0.8559356364713686, "spark.scheduler.revive.interval": 816.5756642051108, "spark.shuffle.compress": 0.8748228467195996, "spark.shuffle.file.buffer": 47.400290771716065, "spark.shuffle.io.numConnectionsPerPeer": 3.1223850188029267, "spark.shuffle.sort.bypassMergeThreshold": 152.86390874569503, "spark.storage.memoryMapThreshold": 3.5784575806823935}, "datetime": {"datetime": "2022-02-19 18:42:08", "elapsed": 8331.685559, "delta": 188.69549}}
{"target": -178.774, "params": {"spark.broadcast.blockSize": 56.98063923175182, "spark.broadcast.checksum": 0.7693500224326791, "spark.broadcast.compress": 0.026814847454859285, "spark.default.parallelism": 316.8489973518181, "spark.executor.cores": 3.1503816162674183, "spark.executor.instances": 7.003436581883076, "spark.executor.memory": 5.983726687752532, "spark.executor.memoryOverhead": 461.01939373087305, "spark.kryoserializer.buffer": 84.9060370398811, "spark.kryoserializer.buffer.max": 125.5630472196579, "spark.locality.wait": 4.18092302307928, "spark.maxRemoteBlockSizeFetchToMem": 1212350920.4138808, "spark.memory.fraction": 0.7286482872258491, "spark.memory.offHeap.enabled": 0.1720565485567006, "spark.memory.offHeap.size": 585.7720964371911, "spark.memory.storageFraction": 0.6817992697988319, "spark.rdd.compress": 0.8210523354262986, "spark.reducer.maxBlocksInFlightPerAddress": 1688505136.5218835, "spark.reducer.maxReqsInFlight": 1273048162.2584145, "spark.reducer.maxSizeInFlight": 47.82067834944174, "spark.scheduler.mode": 0.865865693602322, "spark.scheduler.revive.interval": 820.0785589596125, "spark.shuffle.compress": 0.8772282440165432, "spark.shuffle.file.buffer": 47.40745789917712, "spark.shuffle.io.numConnectionsPerPeer": 3.1311978881434817, "spark.shuffle.sort.bypassMergeThreshold": 152.4073602413958, "spark.storage.memoryMapThreshold": 3.5739050744965035}, "datetime": {"datetime": "2022-02-19 18:45:15", "elapsed": 8519.022633, "delta": 187.337074}}
{"target": -185.929, "params": {"spark.broadcast.blockSize": 56.74391592139569, "spark.broadcast.checksum": 0.7741022967172606, "spark.broadcast.compress": 0.030399487582391034, "spark.default.parallelism": 317.37816408754054, "spark.executor.cores": 3.157242715972642, "spark.executor.instances": 7.016089624086964, "spark.executor.memory": 5.989823976887269, "spark.executor.memoryOverhead": 456.33777049632727, "spark.kryoserializer.buffer": 85.60327585997668, "spark.kryoserializer.buffer.max": 125.35160616012092, "spark.locality.wait": 4.1916826198203445, "spark.maxRemoteBlockSizeFetchToMem": 1207595305.0099664, "spark.memory.fraction": 0.7292815964069116, "spark.memory.offHeap.enabled": 0.16798959914759776, "spark.memory.offHeap.size": 583.5247234909506, "spark.memory.storageFraction": 0.6827304668018415, "spark.rdd.compress": 0.8191159924726595, "spark.reducer.maxBlocksInFlightPerAddress": 1685237196.5881557, "spark.reducer.maxReqsInFlight": 1281567994.8814058, "spark.reducer.maxSizeInFlight": 47.85936339871762, "spark.scheduler.mode": 0.8670284708509988, "spark.scheduler.revive.interval": 817.5973996313827, "spark.shuffle.compress": 0.877254360203387, "spark.shuffle.file.buffer": 47.33362699957637, "spark.shuffle.io.numConnectionsPerPeer": 3.119957561217056, "spark.shuffle.sort.bypassMergeThreshold": 154.5603117718808, "spark.storage.memoryMapThreshold": 3.5906980196153504}, "datetime": {"datetime": "2022-02-19 18:48:30", "elapsed": 8713.419783, "delta": 194.39715}}
{"target": -221.115, "params": {"spark.broadcast.blockSize": 56.88383279166807, "spark.broadcast.checksum": 0.7792152503922652, "spark.broadcast.compress": 0.03454325095076182, "spark.default.parallelism": 318.23153470107104, "spark.executor.cores": 3.1548219975546954, "spark.executor.instances": 7.038413446580094, "spark.executor.memory": 5.999644975316854, "spark.executor.memoryOverhead": 459.3875336034269, "spark.kryoserializer.buffer": 85.31999027559611, "spark.kryoserializer.buffer.max": 125.6754800004533, "spark.locality.wait": 4.208831831297936, "spark.maxRemoteBlockSizeFetchToMem": 1205348270.888923, "spark.memory.fraction": 0.7275678615713115, "spark.memory.offHeap.enabled": 0.1675203690827768, "spark.memory.offHeap.size": 585.8276060090699, "spark.memory.storageFraction": 0.6836236977071417, "spark.rdd.compress": 0.8143460121440831, "spark.reducer.maxBlocksInFlightPerAddress": 1692086392.3526208, "spark.reducer.maxReqsInFlight": 1282914946.5757973, "spark.reducer.maxSizeInFlight": 48.130701731761626, "spark.scheduler.mode": 0.8607743569230726, "spark.scheduler.revive.interval": 822.0972466943902, "spark.shuffle.compress": 0.881645720607276, "spark.shuffle.file.buffer": 47.43213260826574, "spark.shuffle.io.numConnectionsPerPeer": 3.1173678469896546, "spark.shuffle.sort.bypassMergeThreshold": 154.14159515331482, "spark.storage.memoryMapThreshold": 3.590603619001188}, "datetime": {"datetime": "2022-02-19 18:52:19", "elapsed": 8943.141433, "delta": 229.72165}}
{"target": -222.255, "params": {"spark.broadcast.blockSize": 56.97635599482543, "spark.broadcast.checksum": 0.7767256493154264, "spark.broadcast.compress": 0.03397572514634492, "spark.default.parallelism": 317.4275172730415, "spark.executor.cores": 3.154285099548347, "spark.executor.instances": 7.017196955697085, "spark.executor.memory": 6.010406615989844, "spark.executor.memoryOverhead": 460.6811776410918, "spark.kryoserializer.buffer": 84.78198418098523, "spark.kryoserializer.buffer.max": 125.22071284030925, "spark.locality.wait": 4.189687360127857, "spark.maxRemoteBlockSizeFetchToMem": 1203521623.0950017, "spark.memory.fraction": 0.7258946708456225, "spark.memory.offHeap.enabled": 0.17051214036883966, "spark.memory.offHeap.size": 591.923669727423, "spark.memory.storageFraction": 0.6835985178272161, "spark.rdd.compress": 0.8134398512974089, "spark.reducer.maxBlocksInFlightPerAddress": 1690824939.77928, "spark.reducer.maxReqsInFlight": 1282125867.0819442, "spark.reducer.maxSizeInFlight": 48.255485381037595, "spark.scheduler.mode": 0.864711596326263, "spark.scheduler.revive.interval": 821.8680859900486, "spark.shuffle.compress": 0.8776656040039337, "spark.shuffle.file.buffer": 47.352005161655065, "spark.shuffle.io.numConnectionsPerPeer": 3.1280389152738874, "spark.shuffle.sort.bypassMergeThreshold": 154.03774977994797, "spark.storage.memoryMapThreshold": 3.5872099484632307}, "datetime": {"datetime": "2022-02-19 18:56:10", "elapsed": 9173.588275, "delta": 230.446842}}
