{"target": -184.161, "params": {"spark.broadcast.blockSize": 52.0, "spark.broadcast.checksum": 1.0, "spark.broadcast.compress": 0.0, "spark.default.parallelism": 375.0, "spark.executor.cores": 4.0, "spark.executor.instances": 6.0, "spark.executor.memory": 7.0, "spark.executor.memoryOverhead": 407.0, "spark.kryoserializer.buffer": 73.0, "spark.kryoserializer.buffer.max": 104.0, "spark.locality.wait": 4.0, "spark.maxRemoteBlockSizeFetchToMem": 1580538928.0, "spark.memory.fraction": 0.6, "spark.memory.offHeap.enabled": 0.0, "spark.memory.offHeap.size": 776.0, "spark.memory.storageFraction": 0.7, "spark.rdd.compress": 1.0, "spark.reducer.maxBlocksInFlightPerAddress": 2037690162.0, "spark.reducer.maxReqsInFlight": 1315962121.0, "spark.reducer.maxSizeInFlight": 50.0, "spark.scheduler.mode": 1.0, "spark.scheduler.revive.interval": 771.0, "spark.shuffle.compress": 1.0, "spark.shuffle.file.buffer": 40.0, "spark.shuffle.io.numConnectionsPerPeer": 4.0, "spark.shuffle.sort.bypassMergeThreshold": 198.0, "spark.storage.memoryMapThreshold": 4.0}, "datetime": {"datetime": "2022-02-19 16:23:16", "elapsed": 0.0, "delta": 0.0}}
{"target": -193.331, "params": {"spark.broadcast.blockSize": 37.0, "spark.broadcast.checksum": 1.0, "spark.broadcast.compress": 0.0, "spark.default.parallelism": 499.0, "spark.executor.cores": 3.0, "spark.executor.instances": 8.0, "spark.executor.memory": 5.0, "spark.executor.memoryOverhead": 685.0, "spark.kryoserializer.buffer": 100.0, "spark.kryoserializer.buffer.max": 91.0, "spark.locality.wait": 10.0, "spark.maxRemoteBlockSizeFetchToMem": 1766757373.0, "spark.memory.fraction": 0.7, "spark.memory.offHeap.enabled": 1.0, "spark.memory.offHeap.size": 465.0, "spark.memory.storageFraction": 0.83, "spark.rdd.compress": 0.0, "spark.reducer.maxBlocksInFlightPerAddress": 1904800995.0, "spark.reducer.maxReqsInFlight": 1376576172.0, "spark.reducer.maxSizeInFlight": 27.0, "spark.scheduler.mode": 1.0, "spark.scheduler.revive.interval": 792.0, "spark.shuffle.compress": 1.0, "spark.shuffle.file.buffer": 48.0, "spark.shuffle.io.numConnectionsPerPeer": 1.0, "spark.shuffle.sort.bypassMergeThreshold": 277.0, "spark.storage.memoryMapThreshold": 2.0}, "datetime": {"datetime": "2022-02-19 16:23:16", "elapsed": 0.00048, "delta": 0.00048}}
{"target": -185.406, "params": {"spark.broadcast.blockSize": 52.0, "spark.broadcast.checksum": 1.0, "spark.broadcast.compress": 0.0, "spark.default.parallelism": 376.0, "spark.executor.cores": 4.0, "spark.executor.instances": 6.0, "spark.executor.memory": 7.0, "spark.executor.memoryOverhead": 409.0, "spark.kryoserializer.buffer": 73.0, "spark.kryoserializer.buffer.max": 104.0, "spark.locality.wait": 4.0, "spark.maxRemoteBlockSizeFetchToMem": 1602533120.0, "spark.memory.fraction": 0.6100000143051147, "spark.memory.offHeap.enabled": 0.0, "spark.memory.offHeap.size": 795.0, "spark.memory.storageFraction": 0.699999988079071, "spark.rdd.compress": 1.0, "spark.reducer.maxBlocksInFlightPerAddress": 1996356096.0, "spark.reducer.maxReqsInFlight": 1314406400.0, "spark.reducer.maxSizeInFlight": 50.0, "spark.scheduler.mode": 1.0, "spark.scheduler.revive.interval": 780.0, "spark.shuffle.compress": 1.0, "spark.shuffle.file.buffer": 40.0, "spark.shuffle.io.numConnectionsPerPeer": 4.0, "spark.shuffle.sort.bypassMergeThreshold": 194.0, "spark.storage.memoryMapThreshold": 4.0}, "datetime": {"datetime": "2022-02-19 16:23:16", "elapsed": 0.000735, "delta": 0.000255}}
{"target": -179.866, "params": {"spark.broadcast.blockSize": 52.0, "spark.broadcast.checksum": 1.0, "spark.broadcast.compress": 0.0, "spark.default.parallelism": 375.0, "spark.executor.cores": 4.0, "spark.executor.instances": 6.0, "spark.executor.memory": 7.0, "spark.executor.memoryOverhead": 417.0, "spark.kryoserializer.buffer": 73.0, "spark.kryoserializer.buffer.max": 105.0, "spark.locality.wait": 4.0, "spark.maxRemoteBlockSizeFetchToMem": 1581651072.0, "spark.memory.fraction": 0.5899999737739563, "spark.memory.offHeap.enabled": 0.0, "spark.memory.offHeap.size": 775.0, "spark.memory.storageFraction": 0.7099999785423279, "spark.rdd.compress": 1.0, "spark.reducer.maxBlocksInFlightPerAddress": 1998669824.0, "spark.reducer.maxReqsInFlight": 1319666944.0, "spark.reducer.maxSizeInFlight": 49.0, "spark.scheduler.mode": 1.0, "spark.scheduler.revive.interval": 767.0, "spark.shuffle.compress": 1.0, "spark.shuffle.file.buffer": 40.0, "spark.shuffle.io.numConnectionsPerPeer": 4.0, "spark.shuffle.sort.bypassMergeThreshold": 196.0, "spark.storage.memoryMapThreshold": 4.0}, "datetime": {"datetime": "2022-02-19 16:23:16", "elapsed": 0.000951, "delta": 0.000216}}
{"target": -184.669, "params": {"spark.broadcast.blockSize": 52.0, "spark.broadcast.checksum": 1.0, "spark.broadcast.compress": 0.0, "spark.default.parallelism": 381.0, "spark.executor.cores": 4.0, "spark.executor.instances": 6.0, "spark.executor.memory": 7.0, "spark.executor.memoryOverhead": 393.0, "spark.kryoserializer.buffer": 75.0, "spark.kryoserializer.buffer.max": 105.0, "spark.locality.wait": 4.0, "spark.maxRemoteBlockSizeFetchToMem": 1575140608.0, "spark.memory.fraction": 0.5699999928474426, "spark.memory.offHeap.enabled": 0.0, "spark.memory.offHeap.size": 817.0, "spark.memory.storageFraction": 0.6899999976158142, "spark.rdd.compress": 1.0, "spark.reducer.maxBlocksInFlightPerAddress": 1983941632.0, "spark.reducer.maxReqsInFlight": 1277081856.0, "spark.reducer.maxSizeInFlight": 49.0, "spark.scheduler.mode": 1.0, "spark.scheduler.revive.interval": 789.0, "spark.shuffle.compress": 1.0, "spark.shuffle.file.buffer": 41.0, "spark.shuffle.io.numConnectionsPerPeer": 4.0, "spark.shuffle.sort.bypassMergeThreshold": 201.0, "spark.storage.memoryMapThreshold": 4.0}, "datetime": {"datetime": "2022-02-19 16:23:16", "elapsed": 0.001175, "delta": 0.000224}}
{"target": -379.834, "params": {"spark.broadcast.blockSize": 55.0, "spark.broadcast.checksum": 1.0, "spark.broadcast.compress": 1.0, "spark.default.parallelism": 444.0, "spark.executor.cores": 1.0, "spark.executor.instances": 6.0, "spark.executor.memory": 5.0, "spark.executor.memoryOverhead": 671.0, "spark.kryoserializer.buffer": 118.0, "spark.kryoserializer.buffer.max": 54.0, "spark.locality.wait": 5.0, "spark.maxRemoteBlockSizeFetchToMem": 1802517693.0, "spark.memory.fraction": 0.9, "spark.memory.offHeap.enabled": 1.0, "spark.memory.offHeap.size": 941.0, "spark.memory.storageFraction": 0.85, "spark.rdd.compress": 1.0, "spark.reducer.maxBlocksInFlightPerAddress": 1496721141.0, "spark.reducer.maxReqsInFlight": 1503871562.0, "spark.reducer.maxSizeInFlight": 52.0, "spark.scheduler.mode": 0.0, "spark.scheduler.revive.interval": 602.0, "spark.shuffle.compress": 1.0, "spark.shuffle.file.buffer": 44.0, "spark.shuffle.io.numConnectionsPerPeer": 4.0, "spark.shuffle.sort.bypassMergeThreshold": 215.0, "spark.storage.memoryMapThreshold": 4.0}, "datetime": {"datetime": "2022-02-19 16:23:16", "elapsed": 0.001389, "delta": 0.000214}}
{"target": -192.467, "params": {"spark.broadcast.blockSize": 53.319378844037786, "spark.broadcast.checksum": 0.4076928616011777, "spark.broadcast.compress": 0.40872162742522244, "spark.default.parallelism": 428.5731435615442, "spark.executor.cores": 2.6168142799516043, "spark.executor.instances": 7.441458726774114, "spark.executor.memory": 5.989917180549119, "spark.executor.memoryOverhead": 776.8217305977164, "spark.kryoserializer.buffer": 39.179933665809, "spark.kryoserializer.buffer.max": 110.59017331880966, "spark.locality.wait": 5.960609936242033, "spark.maxRemoteBlockSizeFetchToMem": 1820950993.7819133, "spark.memory.fraction": 0.5819487127885881, "spark.memory.offHeap.enabled": 0.317771678406504, "spark.memory.offHeap.size": 556.3484572842033, "spark.memory.storageFraction": 0.6437878498964057, "spark.rdd.compress": 0.17819513586510882, "spark.reducer.maxBlocksInFlightPerAddress": 1656231736.749563, "spark.reducer.maxReqsInFlight": 1205971683.5372324, "spark.reducer.maxSizeInFlight": 28.47079050600625, "spark.scheduler.mode": 0.7425075043188091, "spark.scheduler.revive.interval": 595.686388771102, "spark.shuffle.compress": 0.8949256002829524, "spark.shuffle.file.buffer": 47.341508346482385, "spark.shuffle.io.numConnectionsPerPeer": 3.024977378829365, "spark.shuffle.sort.bypassMergeThreshold": 251.39466693013043, "spark.storage.memoryMapThreshold": 1.3905136894752719}, "datetime": {"datetime": "2022-02-19 16:26:37", "elapsed": 201.062582, "delta": 201.061193}}
{"target": -228.459, "params": {"spark.broadcast.blockSize": 61.368371433855536, "spark.broadcast.checksum": 0.7607469932902187, "spark.broadcast.compress": 0.06071354142157514, "spark.default.parallelism": 344.35371609392695, "spark.executor.cores": 3.644469298745844, "spark.executor.instances": 6.3462632954453, "spark.executor.memory": 5.879257800053187, "spark.executor.memoryOverhead": 575.9733618124685, "spark.kryoserializer.buffer": 102.62155379775903, "spark.kryoserializer.buffer.max": 113.53167407670848, "spark.locality.wait": 4.8533755360643385, "spark.maxRemoteBlockSizeFetchToMem": 1701214567.8421998, "spark.memory.fraction": 0.5356544230642779, "spark.memory.offHeap.enabled": 0.14068884615181132, "spark.memory.offHeap.size": 886.8320075133545, "spark.memory.storageFraction": 0.8386573189085194, "spark.rdd.compress": 0.8778480531930868, "spark.reducer.maxBlocksInFlightPerAddress": 1687837825.6060612, "spark.reducer.maxReqsInFlight": 1417996888.499952, "spark.reducer.maxSizeInFlight": 59.729762447100725, "spark.scheduler.mode": 0.6252247817458504, "spark.scheduler.revive.interval": 800.3101258074435, "spark.shuffle.compress": 0.6241798813622799, "spark.shuffle.file.buffer": 39.36036689200189, "spark.shuffle.io.numConnectionsPerPeer": 2.6353801744650416, "spark.shuffle.sort.bypassMergeThreshold": 235.79541234347164, "spark.storage.memoryMapThreshold": 3.019069314536376}, "datetime": {"datetime": "2022-02-19 16:30:34", "elapsed": 438.124025, "delta": 237.061443}}
{"target": -178.576, "params": {"spark.broadcast.blockSize": 56.84872171773728, "spark.broadcast.checksum": 0.77354317570452, "spark.broadcast.compress": 0.03515364545386504, "spark.default.parallelism": 321.1130054190413, "spark.executor.cores": 3.164601782440562, "spark.executor.instances": 7.061023832400323, "spark.executor.memory": 6.025077238036224, "spark.executor.memoryOverhead": 458.6639384917074, "spark.kryoserializer.buffer": 84.64398943288737, "spark.kryoserializer.buffer.max": 124.83376115699784, "spark.locality.wait": 4.211687607174097, "spark.maxRemoteBlockSizeFetchToMem": 1210943905.3614457, "spark.memory.fraction": 0.7299501495337692, "spark.memory.offHeap.enabled": 0.1635245666869509, "spark.memory.offHeap.size": 593.0762388061322, "spark.memory.storageFraction": 0.6813062262825385, "spark.rdd.compress": 0.8160307093563435, "spark.reducer.maxBlocksInFlightPerAddress": 1697745725.2623281, "spark.reducer.maxReqsInFlight": 1271085226.3677068, "spark.reducer.maxSizeInFlight": 47.965587976972785, "spark.scheduler.mode": 0.8613373473686721, "spark.scheduler.revive.interval": 818.5597653531481, "spark.shuffle.compress": 0.8696850191824081, "spark.shuffle.file.buffer": 47.67074695396013, "spark.shuffle.io.numConnectionsPerPeer": 3.13900575395588, "spark.shuffle.sort.bypassMergeThreshold": 154.9102870352481, "spark.storage.memoryMapThreshold": 3.574686295776503}, "datetime": {"datetime": "2022-02-19 16:33:41", "elapsed": 625.134291, "delta": 187.010266}}
{"target": -182.659, "params": {"spark.broadcast.blockSize": 60.04910560861688, "spark.broadcast.checksum": 0.5065032884560212, "spark.broadcast.compress": 0.17698362280583396, "spark.default.parallelism": 305.57940796032807, "spark.executor.cores": 3.1624167238466185, "spark.executor.instances": 7.633014270087724, "spark.executor.memory": 6.4507260467403995, "spark.executor.memoryOverhead": 591.756974136313, "spark.kryoserializer.buffer": 73.98033669221128, "spark.kryoserializer.buffer.max": 127.5331485294521, "spark.locality.wait": 4.244660884688187, "spark.maxRemoteBlockSizeFetchToMem": 1321775615.703604, "spark.memory.fraction": 0.8087523843115159, "spark.memory.offHeap.enabled": 0.33333842889289306, "spark.memory.offHeap.size": 877.1138957341856, "spark.memory.storageFraction": 0.6166066495053101, "spark.rdd.compress": 0.741732874579294, "spark.reducer.maxBlocksInFlightPerAddress": 1563092662.0521424, "spark.reducer.maxReqsInFlight": 1581265341.010283, "spark.reducer.maxSizeInFlight": 47.804661806234485, "spark.scheduler.mode": 0.6139011464261057, "spark.scheduler.revive.interval": 780.00386558615, "spark.shuffle.compress": 0.6805650038235735, "spark.shuffle.file.buffer": 44.85352959025456, "spark.shuffle.io.numConnectionsPerPeer": 4.0448848418120615, "spark.shuffle.sort.bypassMergeThreshold": 209.98057311019386, "spark.storage.memoryMapThreshold": 3.9712055052955675}, "datetime": {"datetime": "2022-02-19 16:36:53", "elapsed": 816.521307, "delta": 191.387016}}
{"target": -210.628, "params": {"spark.broadcast.blockSize": 58.69220994261507, "spark.broadcast.checksum": 0.605767415687522, "spark.broadcast.compress": 0.30658511545161965, "spark.default.parallelism": 277.25273862606156, "spark.executor.cores": 2.623289476089521, "spark.executor.instances": 6.1162119037980665, "spark.executor.memory": 6.839416452790168, "spark.executor.memoryOverhead": 519.1944674780217, "spark.kryoserializer.buffer": 75.95880241444827, "spark.kryoserializer.buffer.max": 107.16255133545518, "spark.locality.wait": 4.21723437679755, "spark.maxRemoteBlockSizeFetchToMem": 1339612309.0319178, "spark.memory.fraction": 0.6972216944979897, "spark.memory.offHeap.enabled": 0.43112619723917506, "spark.memory.offHeap.size": 452.3886525328297, "spark.memory.storageFraction": 0.5661068826581773, "spark.rdd.compress": 0.6550766189010673, "spark.reducer.maxBlocksInFlightPerAddress": 1892391975.1974058, "spark.reducer.maxReqsInFlight": 1138760410.7253702, "spark.reducer.maxSizeInFlight": 54.91951852936282, "spark.scheduler.mode": 0.8669706380917815, "spark.scheduler.revive.interval": 756.2825560364378, "spark.shuffle.compress": 0.9439678480124754, "spark.shuffle.file.buffer": 43.97873589622006, "spark.shuffle.io.numConnectionsPerPeer": 4.042297698670174, "spark.shuffle.sort.bypassMergeThreshold": 155.12909723917267, "spark.storage.memoryMapThreshold": 3.801625196279197}, "datetime": {"datetime": "2022-02-19 16:40:32", "elapsed": 1035.499808, "delta": 218.978501}}
{"target": -219.889, "params": {"spark.broadcast.blockSize": 49.38012068295497, "spark.broadcast.checksum": 0.9882623886820321, "spark.broadcast.compress": 0.21842226114374266, "spark.default.parallelism": 259.9426623064357, "spark.executor.cores": 2.6534143288182603, "spark.executor.instances": 7.206390916277188, "spark.executor.memory": 5.63403042889703, "spark.executor.memoryOverhead": 465.3591154588321, "spark.kryoserializer.buffer": 108.40825733549556, "spark.kryoserializer.buffer.max": 101.95198731791493, "spark.locality.wait": 4.0315635892986155, "spark.maxRemoteBlockSizeFetchToMem": 1189555756.204927, "spark.memory.fraction": 0.7021542099593213, "spark.memory.offHeap.enabled": 0.04112305145093964, "spark.memory.offHeap.size": 345.76324141153066, "spark.memory.storageFraction": 0.6121679861118958, "spark.rdd.compress": 0.93541759210431, "spark.reducer.maxBlocksInFlightPerAddress": 1687309966.0229719, "spark.reducer.maxReqsInFlight": 1094517738.1122503, "spark.reducer.maxSizeInFlight": 47.72328367391201, "spark.scheduler.mode": 0.6252121910751004, "spark.scheduler.revive.interval": 834.4472163332914, "spark.shuffle.compress": 0.8311546512590275, "spark.shuffle.file.buffer": 40.76111460811979, "spark.shuffle.io.numConnectionsPerPeer": 3.428298193585473, "spark.shuffle.sort.bypassMergeThreshold": 167.40414298514534, "spark.storage.memoryMapThreshold": 3.4709435114208356}, "datetime": {"datetime": "2022-02-19 16:44:20", "elapsed": 1264.094925, "delta": 228.595117}}
{"target": -180.115, "params": {"spark.broadcast.blockSize": 56.694770485038255, "spark.broadcast.checksum": 0.5904522158775628, "spark.broadcast.compress": 0.05108387369978841, "spark.default.parallelism": 303.33708153145426, "spark.executor.cores": 2.7761738169933725, "spark.executor.instances": 7.729693464224952, "spark.executor.memory": 5.893442656998507, "spark.executor.memoryOverhead": 411.5607380196814, "spark.kryoserializer.buffer": 82.71249414710603, "spark.kryoserializer.buffer.max": 121.05243741222418, "spark.locality.wait": 4.064298630632056, "spark.maxRemoteBlockSizeFetchToMem": 1223230332.736249, "spark.memory.fraction": 0.7029651177409553, "spark.memory.offHeap.enabled": 0.100449301977624, "spark.memory.offHeap.size": 419.8100796939354, "spark.memory.storageFraction": 0.7302961073343042, "spark.rdd.compress": 0.9473160718422862, "spark.reducer.maxBlocksInFlightPerAddress": 1565805633.8880873, "spark.reducer.maxReqsInFlight": 1074235532.060187, "spark.reducer.maxSizeInFlight": 57.5065317339427, "spark.scheduler.mode": 0.6807826069491356, "spark.scheduler.revive.interval": 807.8603567694993, "spark.shuffle.compress": 0.7126431850007313, "spark.shuffle.file.buffer": 42.095758347606115, "spark.shuffle.io.numConnectionsPerPeer": 3.2757989191422388, "spark.shuffle.sort.bypassMergeThreshold": 162.2034364061364, "spark.storage.memoryMapThreshold": 3.916281512291266}, "datetime": {"datetime": "2022-02-19 16:47:29", "elapsed": 1452.957947, "delta": 188.863022}}
{"target": -213.816, "params": {"spark.broadcast.blockSize": 63.08585634019319, "spark.broadcast.checksum": 0.6213476335731635, "spark.broadcast.compress": 0.056377070384302654, "spark.default.parallelism": 314.5072348776197, "spark.executor.cores": 3.2676016849411864, "spark.executor.instances": 6.2600275292179575, "spark.executor.memory": 5.29822422903021, "spark.executor.memoryOverhead": 411.7283613308874, "spark.kryoserializer.buffer": 96.3004117975808, "spark.kryoserializer.buffer.max": 105.63863021039967, "spark.locality.wait": 4.017195379916764, "spark.maxRemoteBlockSizeFetchToMem": 1408670663.5118146, "spark.memory.fraction": 0.6735339726029401, "spark.memory.offHeap.enabled": 0.09551656011548001, "spark.memory.offHeap.size": 750.6876301709572, "spark.memory.storageFraction": 0.7495208074624412, "spark.rdd.compress": 0.9565189754464892, "spark.reducer.maxBlocksInFlightPerAddress": 1632584748.668839, "spark.reducer.maxReqsInFlight": 1149087548.6656084, "spark.reducer.maxSizeInFlight": 46.136263681919566, "spark.scheduler.mode": 0.8223336431637889, "spark.scheduler.revive.interval": 764.7200257386957, "spark.shuffle.compress": 0.9786011043964654, "spark.shuffle.file.buffer": 47.526134974390175, "spark.shuffle.io.numConnectionsPerPeer": 3.72891703458713, "spark.shuffle.sort.bypassMergeThreshold": 153.14013900185262, "spark.storage.memoryMapThreshold": 3.088027610375155}, "datetime": {"datetime": "2022-02-19 16:51:12", "elapsed": 1675.643015, "delta": 222.685068}}
{"target": -182.079, "params": {"spark.broadcast.blockSize": 52.56375622308185, "spark.broadcast.checksum": 0.8452816669481136, "spark.broadcast.compress": 0.11588733671070202, "spark.default.parallelism": 295.6150314910364, "spark.executor.cores": 3.4196876534506093, "spark.executor.instances": 6.526281658271927, "spark.executor.memory": 5.478071899887964, "spark.executor.memoryOverhead": 527.1981499855134, "spark.kryoserializer.buffer": 85.07737776238208, "spark.kryoserializer.buffer.max": 107.51587636804598, "spark.locality.wait": 5.2392974845983336, "spark.maxRemoteBlockSizeFetchToMem": 1134710182.303863, "spark.memory.fraction": 0.7406072719800789, "spark.memory.offHeap.enabled": 0.05825735483356102, "spark.memory.offHeap.size": 580.7529859409298, "spark.memory.storageFraction": 0.7248902977907926, "spark.rdd.compress": 0.8822920918656163, "spark.reducer.maxBlocksInFlightPerAddress": 1705120042.6012511, "spark.reducer.maxReqsInFlight": 1258541764.7724974, "spark.reducer.maxSizeInFlight": 42.53579962306992, "spark.scheduler.mode": 0.9797030245628507, "spark.scheduler.revive.interval": 907.3937938070375, "spark.shuffle.compress": 0.9375427240572446, "spark.shuffle.file.buffer": 47.89663859150766, "spark.shuffle.io.numConnectionsPerPeer": 2.751796766110032, "spark.shuffle.sort.bypassMergeThreshold": 185.0358663860238, "spark.storage.memoryMapThreshold": 3.3304588900855907}, "datetime": {"datetime": "2022-02-19 16:54:22", "elapsed": 1866.218509, "delta": 190.575494}}
{"target": -187.579, "params": {"spark.broadcast.blockSize": 59.622384946409426, "spark.broadcast.checksum": 0.7253350674949729, "spark.broadcast.compress": 0.06903978738939666, "spark.default.parallelism": 307.569336675339, "spark.executor.cores": 2.896238806877256, "spark.executor.instances": 7.616283191855681, "spark.executor.memory": 6.503034262271818, "spark.executor.memoryOverhead": 526.2383668013449, "spark.kryoserializer.buffer": 74.84765899214553, "spark.kryoserializer.buffer.max": 113.72671667639237, "spark.locality.wait": 4.270247014130686, "spark.maxRemoteBlockSizeFetchToMem": 1282977450.2654052, "spark.memory.fraction": 0.7157691346792803, "spark.memory.offHeap.enabled": 0.21462103780191003, "spark.memory.offHeap.size": 511.2015598270361, "spark.memory.storageFraction": 0.6614448521393266, "spark.rdd.compress": 0.6920715390574801, "spark.reducer.maxBlocksInFlightPerAddress": 1614865692.2182465, "spark.reducer.maxReqsInFlight": 1344341861.7297347, "spark.reducer.maxSizeInFlight": 42.85633165403262, "spark.scheduler.mode": 0.8972914181234863, "spark.scheduler.revive.interval": 851.0460968425657, "spark.shuffle.compress": 0.9463042216883895, "spark.shuffle.file.buffer": 47.04216263534207, "spark.shuffle.io.numConnectionsPerPeer": 3.0225087524296748, "spark.shuffle.sort.bypassMergeThreshold": 175.98722029365763, "spark.storage.memoryMapThreshold": 3.754599332507686}, "datetime": {"datetime": "2022-02-19 16:57:39", "elapsed": 2062.472676, "delta": 196.254167}}
