{"target": -188.294, "params": {"spark.broadcast.blockSize": 61.320814707986294, "spark.broadcast.checksum": 0.6596529413733287, "spark.broadcast.compress": 0.09412636009207996, "spark.default.parallelism": 312.54429387608855, "spark.executor.cores": 3.236889331062042, "spark.executor.instances": 7.273632895967205, "spark.executor.memory": 5.849769936472313, "spark.executor.memoryOverhead": 401.94408194308056, "spark.kryoserializer.buffer": 91.4944923123441, "spark.kryoserializer.buffer.max": 116.4173154442336, "spark.locality.wait": 4.4915452944140455, "spark.maxRemoteBlockSizeFetchToMem": 1295395766.4386458, "spark.memory.fraction": 0.6989058965080819, "spark.memory.offHeap.enabled": 0.1828432695360692, "spark.memory.offHeap.size": 618.2024031116916, "spark.memory.storageFraction": 0.6466645309718989, "spark.rdd.compress": 0.8938401828017553, "spark.reducer.maxBlocksInFlightPerAddress": 1598901332.548644, "spark.reducer.maxReqsInFlight": 1419709082.973798, "spark.reducer.maxSizeInFlight": 49.18980137258619, "spark.scheduler.mode": 0.9532283452936856, "spark.scheduler.revive.interval": 829.1311559241049, "spark.shuffle.compress": 0.9479233295446385, "spark.shuffle.file.buffer": 46.6976745163543, "spark.shuffle.io.numConnectionsPerPeer": 2.610970327399433, "spark.shuffle.sort.bypassMergeThreshold": 174.28948652879524, "spark.storage.memoryMapThreshold": 3.5530340920565378}, "datetime": {"datetime": "2022-02-19 17:00:56", "elapsed": 2259.379707, "delta": 196.907031}}
{"target": -225.578, "params": {"spark.broadcast.blockSize": 60.070245253537635, "spark.broadcast.checksum": 0.8294622269372427, "spark.broadcast.compress": 0.01994664536889086, "spark.default.parallelism": 326.48365877801325, "spark.executor.cores": 2.8841028848534873, "spark.executor.instances": 6.575938494697034, "spark.executor.memory": 5.750481307377621, "spark.executor.memoryOverhead": 411.6945760505414, "spark.kryoserializer.buffer": 74.74502069060031, "spark.kryoserializer.buffer.max": 121.93472210849802, "spark.locality.wait": 4.329428527758106, "spark.maxRemoteBlockSizeFetchToMem": 1236430821.0743012, "spark.memory.fraction": 0.7107055628221273, "spark.memory.offHeap.enabled": 0.2609119179976067, "spark.memory.offHeap.size": 670.5888802198216, "spark.memory.storageFraction": 0.6983680609232691, "spark.rdd.compress": 0.7339249663238061, "spark.reducer.maxBlocksInFlightPerAddress": 1754781813.670673, "spark.reducer.maxReqsInFlight": 1366479220.8172972, "spark.reducer.maxSizeInFlight": 41.82283461634769, "spark.scheduler.mode": 0.8118297554587278, "spark.scheduler.revive.interval": 878.2355962853349, "spark.shuffle.compress": 0.9299343888906113, "spark.shuffle.file.buffer": 44.78284158441796, "spark.shuffle.io.numConnectionsPerPeer": 3.091177776513478, "spark.shuffle.sort.bypassMergeThreshold": 151.1224993917329, "spark.storage.memoryMapThreshold": 3.8890004065435795}, "datetime": {"datetime": "2022-02-19 17:04:50", "elapsed": 2493.633297, "delta": 234.25359}}
{"target": -216.597, "params": {"spark.broadcast.blockSize": 53.54100994633473, "spark.broadcast.checksum": 0.6637480003284273, "spark.broadcast.compress": 0.1450077381619474, "spark.default.parallelism": 328.4300604300659, "spark.executor.cores": 3.024580802443802, "spark.executor.instances": 6.708306481288179, "spark.executor.memory": 6.328581496602191, "spark.executor.memoryOverhead": 505.6653985314477, "spark.kryoserializer.buffer": 80.13889464817547, "spark.kryoserializer.buffer.max": 120.96381313760772, "spark.locality.wait": 4.751730096427237, "spark.maxRemoteBlockSizeFetchToMem": 1199915958.4980516, "spark.memory.fraction": 0.7156642128059971, "spark.memory.offHeap.enabled": 0.222410341983169, "spark.memory.offHeap.size": 582.6546118665225, "spark.memory.storageFraction": 0.6474515809947639, "spark.rdd.compress": 0.7414719122248756, "spark.reducer.maxBlocksInFlightPerAddress": 1810869704.1903, "spark.reducer.maxReqsInFlight": 1140823266.129384, "spark.reducer.maxSizeInFlight": 43.534538921744904, "spark.scheduler.mode": 0.7894646381539038, "spark.scheduler.revive.interval": 842.3646232058861, "spark.shuffle.compress": 0.9081210956809994, "spark.shuffle.file.buffer": 45.31104849055202, "spark.shuffle.io.numConnectionsPerPeer": 3.0029558716421763, "spark.shuffle.sort.bypassMergeThreshold": 163.37854413835123, "spark.storage.memoryMapThreshold": 3.6873897658723997}, "datetime": {"datetime": "2022-02-19 17:08:35", "elapsed": 2718.74661, "delta": 225.113313}}
{"target": -214.958, "params": {"spark.broadcast.blockSize": 59.46761848032157, "spark.broadcast.checksum": 0.6892161584742432, "spark.broadcast.compress": 0.13550097641174585, "spark.default.parallelism": 294.80707884086536, "spark.executor.cores": 3.033080194280533, "spark.executor.instances": 6.8789882319852715, "spark.executor.memory": 6.374471261067198, "spark.executor.memoryOverhead": 473.893389076104, "spark.kryoserializer.buffer": 76.00543245391907, "spark.kryoserializer.buffer.max": 127.12397791141733, "spark.locality.wait": 4.556516808036705, "spark.maxRemoteBlockSizeFetchToMem": 1289080731.8790917, "spark.memory.fraction": 0.7315310604746237, "spark.memory.offHeap.enabled": 0.15940390415901373, "spark.memory.offHeap.size": 637.613256710424, "spark.memory.storageFraction": 0.6860154994853878, "spark.rdd.compress": 0.8797244493524978, "spark.reducer.maxBlocksInFlightPerAddress": 1695926197.6723456, "spark.reducer.maxReqsInFlight": 1238855338.2673292, "spark.reducer.maxSizeInFlight": 44.706451275843634, "spark.scheduler.mode": 0.7759313246721133, "spark.scheduler.revive.interval": 799.9108936124644, "spark.shuffle.compress": 0.8336743759716801, "spark.shuffle.file.buffer": 44.38559023133639, "spark.shuffle.io.numConnectionsPerPeer": 2.80606419661885, "spark.shuffle.sort.bypassMergeThreshold": 174.05290924538173, "spark.storage.memoryMapThreshold": 3.3093023801210792}, "datetime": {"datetime": "2022-02-19 17:12:19", "elapsed": 2942.497752, "delta": 223.751142}}
{"target": -226.57, "params": {"spark.broadcast.blockSize": 59.79819547365503, "spark.broadcast.checksum": 0.7913923058133583, "spark.broadcast.compress": 0.03254958909272816, "spark.default.parallelism": 345.09583730022774, "spark.executor.cores": 2.991879166940693, "spark.executor.instances": 7.249571899199507, "spark.executor.memory": 5.994967082544836, "spark.executor.memoryOverhead": 442.6612730494121, "spark.kryoserializer.buffer": 87.76809812981736, "spark.kryoserializer.buffer.max": 120.80169545529981, "spark.locality.wait": 4.507435281505038, "spark.maxRemoteBlockSizeFetchToMem": 1183156265.8026505, "spark.memory.fraction": 0.761507880730735, "spark.memory.offHeap.enabled": 0.2500602122013809, "spark.memory.offHeap.size": 648.9771509948719, "spark.memory.storageFraction": 0.711879621479639, "spark.rdd.compress": 0.7615632692237747, "spark.reducer.maxBlocksInFlightPerAddress": 1726906349.1560287, "spark.reducer.maxReqsInFlight": 1220820847.4766243, "spark.reducer.maxSizeInFlight": 52.43814588839828, "spark.scheduler.mode": 0.9346054806430951, "spark.scheduler.revive.interval": 850.1894919074007, "spark.shuffle.compress": 0.9425961171038711, "spark.shuffle.file.buffer": 47.51280506216024, "spark.shuffle.io.numConnectionsPerPeer": 3.0751748129868948, "spark.shuffle.sort.bypassMergeThreshold": 161.93086124831336, "spark.storage.memoryMapThreshold": 3.293093308500638}, "datetime": {"datetime": "2022-02-19 17:16:14", "elapsed": 3177.781266, "delta": 235.283514}}
{"target": -191.247, "params": {"spark.broadcast.blockSize": 58.89240259115438, "spark.broadcast.checksum": 0.8476515370363866, "spark.broadcast.compress": 0.06972388017329352, "spark.default.parallelism": 323.41762446274373, "spark.executor.cores": 3.0234889964107725, "spark.executor.instances": 6.7445605394077415, "spark.executor.memory": 6.3190158482325325, "spark.executor.memoryOverhead": 480.1472380651376, "spark.kryoserializer.buffer": 91.16346399873112, "spark.kryoserializer.buffer.max": 117.9069586516217, "spark.locality.wait": 4.513127975155255, "spark.maxRemoteBlockSizeFetchToMem": 1295426377.4072464, "spark.memory.fraction": 0.7140861404481871, "spark.memory.offHeap.enabled": 0.14558984814840673, "spark.memory.offHeap.size": 573.3690172911326, "spark.memory.storageFraction": 0.6711755232478687, "spark.rdd.compress": 0.8363789296598809, "spark.reducer.maxBlocksInFlightPerAddress": 1734057589.973156, "spark.reducer.maxReqsInFlight": 1298843077.212287, "spark.reducer.maxSizeInFlight": 50.18094820096617, "spark.scheduler.mode": 0.8674377552804959, "spark.scheduler.revive.interval": 837.0750101022763, "spark.shuffle.compress": 0.8993430415977851, "spark.shuffle.file.buffer": 47.20295720253468, "spark.shuffle.io.numConnectionsPerPeer": 2.8297344429350515, "spark.shuffle.sort.bypassMergeThreshold": 151.0815591710526, "spark.storage.memoryMapThreshold": 3.749509114364199}, "datetime": {"datetime": "2022-02-19 17:19:34", "elapsed": 3377.579924, "delta": 199.798658}}
{"target": -182.36, "params": {"spark.broadcast.blockSize": 58.04365427419886, "spark.broadcast.checksum": 0.7461904680835252, "spark.broadcast.compress": 0.01536410134017079, "spark.default.parallelism": 317.7661711360055, "spark.executor.cores": 2.9834008714704456, "spark.executor.instances": 7.002649134230203, "spark.executor.memory": 5.866737356096315, "spark.executor.memoryOverhead": 466.754703856466, "spark.kryoserializer.buffer": 90.79249822644093, "spark.kryoserializer.buffer.max": 119.32418660439855, "spark.locality.wait": 4.551067761221519, "spark.maxRemoteBlockSizeFetchToMem": 1165040524.2578564, "spark.memory.fraction": 0.7111175411687785, "spark.memory.offHeap.enabled": 0.21363485844753083, "spark.memory.offHeap.size": 551.6800515537439, "spark.memory.storageFraction": 0.7076818504836591, "spark.rdd.compress": 0.8844872398044681, "spark.reducer.maxBlocksInFlightPerAddress": 1660576206.1722007, "spark.reducer.maxReqsInFlight": 1272509157.1114342, "spark.reducer.maxSizeInFlight": 48.224899450880606, "spark.scheduler.mode": 0.7997867748190469, "spark.scheduler.revive.interval": 834.0614558167075, "spark.shuffle.compress": 0.8315211000986418, "spark.shuffle.file.buffer": 47.76128965417642, "spark.shuffle.io.numConnectionsPerPeer": 3.4507413828400004, "spark.shuffle.sort.bypassMergeThreshold": 156.57965971613032, "spark.storage.memoryMapThreshold": 3.6038352201581847}, "datetime": {"datetime": "2022-02-19 17:22:45", "elapsed": 3568.505371, "delta": 190.925447}}
{"target": -184.198, "params": {"spark.broadcast.blockSize": 58.596200405007345, "spark.broadcast.checksum": 0.7171399690345023, "spark.broadcast.compress": 0.07565282706131268, "spark.default.parallelism": 330.18602551821635, "spark.executor.cores": 3.071723634467289, "spark.executor.instances": 7.277928168910737, "spark.executor.memory": 6.0875596551147035, "spark.executor.memoryOverhead": 438.0179512330603, "spark.kryoserializer.buffer": 84.90098121480013, "spark.kryoserializer.buffer.max": 123.27652673874164, "spark.locality.wait": 4.131487502629314, "spark.maxRemoteBlockSizeFetchToMem": 1222904139.7699533, "spark.memory.fraction": 0.7390674034036265, "spark.memory.offHeap.enabled": 0.2119852994204094, "spark.memory.offHeap.size": 662.7783588776817, "spark.memory.storageFraction": 0.6850443686895836, "spark.rdd.compress": 0.8016146229357265, "spark.reducer.maxBlocksInFlightPerAddress": 1682132985.4043427, "spark.reducer.maxReqsInFlight": 1284726721.4346519, "spark.reducer.maxSizeInFlight": 45.204983012120366, "spark.scheduler.mode": 0.8337739407504896, "spark.scheduler.revive.interval": 836.7328879209791, "spark.shuffle.compress": 0.8661327494665215, "spark.shuffle.file.buffer": 45.867755965170076, "spark.shuffle.io.numConnectionsPerPeer": 3.050378975156429, "spark.shuffle.sort.bypassMergeThreshold": 159.85835112145227, "spark.storage.memoryMapThreshold": 3.377782246509305}, "datetime": {"datetime": "2022-02-19 17:25:58", "elapsed": 3761.38396, "delta": 192.878589}}
{"target": -186.466, "params": {"spark.broadcast.blockSize": 56.46841689762915, "spark.broadcast.checksum": 0.7668863717984337, "spark.broadcast.compress": 0.07307753405601972, "spark.default.parallelism": 307.5992274461625, "spark.executor.cores": 3.251359063682769, "spark.executor.instances": 6.879607950498224, "spark.executor.memory": 5.876734146640608, "spark.executor.memoryOverhead": 456.77876696745045, "spark.kryoserializer.buffer": 89.28771573944834, "spark.kryoserializer.buffer.max": 122.16970914440941, "spark.locality.wait": 4.498881191564927, "spark.maxRemoteBlockSizeFetchToMem": 1263016559.7153528, "spark.memory.fraction": 0.7087610098633933, "spark.memory.offHeap.enabled": 0.128911650450993, "spark.memory.offHeap.size": 615.6535359019049, "spark.memory.storageFraction": 0.6601014282245088, "spark.rdd.compress": 0.7955126668290406, "spark.reducer.maxBlocksInFlightPerAddress": 1699903491.3409266, "spark.reducer.maxReqsInFlight": 1280203051.9098072, "spark.reducer.maxSizeInFlight": 47.80565208243826, "spark.scheduler.mode": 0.816579832388, "spark.scheduler.revive.interval": 846.9041518360057, "spark.shuffle.compress": 0.9211423588940165, "spark.shuffle.file.buffer": 46.35727322265031, "spark.shuffle.io.numConnectionsPerPeer": 2.9213209649840803, "spark.shuffle.sort.bypassMergeThreshold": 165.00343850409294, "spark.storage.memoryMapThreshold": 3.631917308347857}, "datetime": {"datetime": "2022-02-19 17:29:12", "elapsed": 3956.276525, "delta": 194.892565}}
{"target": -224.704, "params": {"spark.broadcast.blockSize": 56.81434862794997, "spark.broadcast.checksum": 0.7852802659363931, "spark.broadcast.compress": 0.021486084340963413, "spark.default.parallelism": 317.5069011146951, "spark.executor.cores": 3.043038026500683, "spark.executor.instances": 6.927424947860983, "spark.executor.memory": 6.196518699777533, "spark.executor.memoryOverhead": 431.09214340926917, "spark.kryoserializer.buffer": 85.78022994046032, "spark.kryoserializer.buffer.max": 124.71279717939723, "spark.locality.wait": 4.437791996062979, "spark.maxRemoteBlockSizeFetchToMem": 1267953198.9605289, "spark.memory.fraction": 0.7350284022174236, "spark.memory.offHeap.enabled": 0.17932986208137427, "spark.memory.offHeap.size": 585.3156792216628, "spark.memory.storageFraction": 0.6801090087295654, "spark.rdd.compress": 0.8457781786658375, "spark.reducer.maxBlocksInFlightPerAddress": 1661999223.5313737, "spark.reducer.maxReqsInFlight": 1228206849.948997, "spark.reducer.maxSizeInFlight": 49.885954707214026, "spark.scheduler.mode": 0.880153974002713, "spark.scheduler.revive.interval": 804.4464521738447, "spark.shuffle.compress": 0.8701679402563665, "spark.shuffle.file.buffer": 47.89871347812855, "spark.shuffle.io.numConnectionsPerPeer": 3.0440659277365416, "spark.shuffle.sort.bypassMergeThreshold": 163.21163703773098, "spark.storage.memoryMapThreshold": 3.4735651349832675}, "datetime": {"datetime": "2022-02-19 17:33:06", "elapsed": 4189.585414, "delta": 233.308889}}
{"target": -212.392, "params": {"spark.broadcast.blockSize": 56.0074976856318, "spark.broadcast.checksum": 0.7813838849763832, "spark.broadcast.compress": 0.07405442604688825, "spark.default.parallelism": 313.18681663630025, "spark.executor.cores": 3.094843521707677, "spark.executor.instances": 7.0823241943144755, "spark.executor.memory": 6.18732370233136, "spark.executor.memoryOverhead": 452.79148804833767, "spark.kryoserializer.buffer": 79.79242216672532, "spark.kryoserializer.buffer.max": 125.44801066841309, "spark.locality.wait": 4.475691213242162, "spark.maxRemoteBlockSizeFetchToMem": 1161107806.008941, "spark.memory.fraction": 0.7187035098178242, "spark.memory.offHeap.enabled": 0.11355887898530652, "spark.memory.offHeap.size": 618.4818363069267, "spark.memory.storageFraction": 0.6975461713486609, "spark.rdd.compress": 0.8259916391272408, "spark.reducer.maxBlocksInFlightPerAddress": 1648315249.3960614, "spark.reducer.maxReqsInFlight": 1248695395.7972076, "spark.reducer.maxSizeInFlight": 48.91824804991268, "spark.scheduler.mode": 0.8483812194414787, "spark.scheduler.revive.interval": 820.9086487127979, "spark.shuffle.compress": 0.8565564454503494, "spark.shuffle.file.buffer": 46.90473765235599, "spark.shuffle.io.numConnectionsPerPeer": 3.206636707095477, "spark.shuffle.sort.bypassMergeThreshold": 159.15661853416475, "spark.storage.memoryMapThreshold": 3.5522868440945934}, "datetime": {"datetime": "2022-02-19 17:36:47", "elapsed": 4410.673304, "delta": 221.08789}}
{"target": -228.369, "params": {"spark.broadcast.blockSize": 56.737219014971735, "spark.broadcast.checksum": 0.7604861480480398, "spark.broadcast.compress": 0.06565830696649516, "spark.default.parallelism": 324.9191759145193, "spark.executor.cores": 3.069288893687509, "spark.executor.instances": 6.880948971961302, "spark.executor.memory": 5.975658294984488, "spark.executor.memoryOverhead": 457.0706758185679, "spark.kryoserializer.buffer": 80.80316888113293, "spark.kryoserializer.buffer.max": 127.0889255643299, "spark.locality.wait": 4.169776286168838, "spark.maxRemoteBlockSizeFetchToMem": 1194380237.9224546, "spark.memory.fraction": 0.7232768587356071, "spark.memory.offHeap.enabled": 0.20275666099656073, "spark.memory.offHeap.size": 598.4109218633174, "spark.memory.storageFraction": 0.6838497030027645, "spark.rdd.compress": 0.8574565432295628, "spark.reducer.maxBlocksInFlightPerAddress": 1687795015.904116, "spark.reducer.maxReqsInFlight": 1268592057.1306944, "spark.reducer.maxSizeInFlight": 48.45338606858951, "spark.scheduler.mode": 0.8678140315182721, "spark.scheduler.revive.interval": 834.4618506681987, "spark.shuffle.compress": 0.8802354254073088, "spark.shuffle.file.buffer": 46.311838507175004, "spark.shuffle.io.numConnectionsPerPeer": 3.119672879339245, "spark.shuffle.sort.bypassMergeThreshold": 150.596169742305, "spark.storage.memoryMapThreshold": 3.687373380191143}, "datetime": {"datetime": "2022-02-19 17:40:44", "elapsed": 4647.868952, "delta": 237.195648}}
{"target": -185.362, "params": {"spark.broadcast.blockSize": 56.749527682918654, "spark.broadcast.checksum": 0.7695623986781129, "spark.broadcast.compress": 0.060705921730387254, "spark.default.parallelism": 318.42646352153264, "spark.executor.cores": 3.0816657383373403, "spark.executor.instances": 7.028228279630034, "spark.executor.memory": 5.904579797951377, "spark.executor.memoryOverhead": 458.3629094570279, "spark.kryoserializer.buffer": 87.63455081990746, "spark.kryoserializer.buffer.max": 126.24340470939798, "spark.locality.wait": 4.217435369656991, "spark.maxRemoteBlockSizeFetchToMem": 1177246003.5787976, "spark.memory.fraction": 0.7317226528979206, "spark.memory.offHeap.enabled": 0.20051729699314647, "spark.memory.offHeap.size": 607.9276106920154, "spark.memory.storageFraction": 0.6849099799072011, "spark.rdd.compress": 0.8407628239162146, "spark.reducer.maxBlocksInFlightPerAddress": 1684441017.408097, "spark.reducer.maxReqsInFlight": 1291117035.2234304, "spark.reducer.maxSizeInFlight": 47.01312369424848, "spark.scheduler.mode": 0.8645217090966097, "spark.scheduler.revive.interval": 812.4276844033631, "spark.shuffle.compress": 0.8598819585180251, "spark.shuffle.file.buffer": 46.35408693143659, "spark.shuffle.io.numConnectionsPerPeer": 3.0384890094823995, "spark.shuffle.sort.bypassMergeThreshold": 158.91388881508556, "spark.storage.memoryMapThreshold": 3.5144666204089976}, "datetime": {"datetime": "2022-02-19 17:43:58", "elapsed": 4841.875156, "delta": 194.006204}}
{"target": -216.308, "params": {"spark.broadcast.blockSize": 56.207580090399915, "spark.broadcast.checksum": 0.7854514556788436, "spark.broadcast.compress": 0.042365909293628184, "spark.default.parallelism": 310.3498538813993, "spark.executor.cores": 3.2210385697825314, "spark.executor.instances": 7.152598057516086, "spark.executor.memory": 5.996889404580946, "spark.executor.memoryOverhead": 471.5681897747116, "spark.kryoserializer.buffer": 81.42524912192438, "spark.kryoserializer.buffer.max": 126.27496213030625, "spark.locality.wait": 4.2501104493246356, "spark.maxRemoteBlockSizeFetchToMem": 1239636732.159854, "spark.memory.fraction": 0.7247321117964707, "spark.memory.offHeap.enabled": 0.1675623958914676, "spark.memory.offHeap.size": 560.8227309841458, "spark.memory.storageFraction": 0.6769037839790778, "spark.rdd.compress": 0.8318282551982605, "spark.reducer.maxBlocksInFlightPerAddress": 1706055697.402877, "spark.reducer.maxReqsInFlight": 1242606471.7862759, "spark.reducer.maxSizeInFlight": 47.173229193893, "spark.scheduler.mode": 0.8348068417961972, "spark.scheduler.revive.interval": 802.5225112128579, "spark.shuffle.compress": 0.8992855480915765, "spark.shuffle.file.buffer": 47.5375056314154, "spark.shuffle.io.numConnectionsPerPeer": 3.1774769362345596, "spark.shuffle.sort.bypassMergeThreshold": 154.52507519734675, "spark.storage.memoryMapThreshold": 3.6462205833557806}, "datetime": {"datetime": "2022-02-19 17:47:43", "elapsed": 5066.745836, "delta": 224.87068}}
