{"target": -253.78, "params": {"spark.broadcast.blockSize": 400.1361388419071, "spark.cleaner.periodicGC.interval": 10.040171366064161, "spark.cleaner.referenceTracking.blocking": 0.028585737156384794, "spark.cleaner.referenceTracking.cleanCheckpoints": 0.6963084139569572, "spark.default.parallelism": 412.26766220291967, "spark.driver.maxResultSize": 316.6194520294955, "spark.driver.memoryOverhead": 399.84720073246365, "spark.executor.cores": 6.8037627432694565, "spark.files.fetchTimeout": 86.73306144153194, "spark.files.maxPartitionBytes": 70871968.46275762, "spark.files.openCostInBytes": 5680238.432422946, "spark.files.useFetchCache": 0.8026745136003124, "spark.io.compression.snappy.blockSize": 179.35385917694876, "spark.kryoserializer.buffer": 102.53068287331897, "spark.kryoserializer.buffer.max": 32.859904701926894, "spark.locality.wait": 4.557882280727206, "spark.maxRemoteBlockSizeFetchToMem": 2062494910.970146, "spark.memory.offHeap.enabled": 0.8312761766551379, "spark.memory.offHeap.size": 768.7984643834326, "spark.memory.storageFraction": 0.9987928714746426, "spark.python.worker.memory": 396.02894753459634, "spark.rdd.compress": 0.573400032587191, "spark.reducer.maxReqsInFlight": 1204917684.6396623, "spark.rpc.io.backLog": 127.39059565133292, "spark.rpc.lookupTimeout": 92.78647219839192, "spark.serializer.objectStreamReset": 269.99303455982886, "spark.shuffle.io.maxRetries": 9.790964017824328, "spark.shuffle.io.numConnectionsPerPeer": 3.8115403746782146, "spark.shuffle.maxChunksBeingTransferred": 8.784821670477778e+18, "spark.shuffle.service.index.cache.size": 88.9824825902933, "spark.shuffle.sort.bypassMergeThreshold": 668.6122691543532, "spark.shuffle.spill.compress": 0.8874521964434174, "spark.speculation.interval": 579.7837823198349, "spark.speculation.multiplier": 5.188455672345245, "spark.storage.memoryMapThreshold": 297.53679515913063, "spark.streaming.stopGracefullyOnShutdown": 0.2920515231189602, "spark.task.maxFailures": 7.511886933700671, "spark.task.reaper.threadDump": 0.8839495323308302}, "datetime": {"datetime": "2022-02-15 13:01:40", "elapsed": 262.461582, "delta": 262.45797}}
{"target": -287.962, "params": {"spark.broadcast.blockSize": 32.99144473175012, "spark.cleaner.periodicGC.interval": 45.56569007073648, "spark.cleaner.referenceTracking.blocking": 0.8466509522863945, "spark.cleaner.referenceTracking.cleanCheckpoints": 0.51410578314675, "spark.default.parallelism": 164.94884195016476, "spark.driver.maxResultSize": 431.8300690265384, "spark.driver.memoryOverhead": 2043.8372282140774, "spark.executor.cores": 5.408165060023613, "spark.files.fetchTimeout": 61.62832088845316, "spark.files.maxPartitionBytes": 191607853.8187497, "spark.files.openCostInBytes": 7924881.682192398, "spark.files.useFetchCache": 0.35303698275762274, "spark.io.compression.snappy.blockSize": 156.02643890799266, "spark.kryoserializer.buffer": 109.11485782949342, "spark.kryoserializer.buffer.max": 81.4564362651612, "spark.locality.wait": 2.6393525201742634, "spark.maxRemoteBlockSizeFetchToMem": 1267271227.6851652, "spark.memory.offHeap.enabled": 0.4244312872445877, "spark.memory.offHeap.size": 428.3116804390664, "spark.memory.storageFraction": 0.8588883502378126, "spark.python.worker.memory": 923.6325568799253, "spark.rdd.compress": 0.7475596231877155, "spark.reducer.maxReqsInFlight": 1565360495.328528, "spark.rpc.io.backLog": 127.92946883096039, "spark.rpc.lookupTimeout": 126.18190268495835, "spark.serializer.objectStreamReset": 142.90229476311316, "spark.shuffle.io.maxRetries": 9.029654553466631, "spark.shuffle.io.numConnectionsPerPeer": 4.006554468130447, "spark.shuffle.maxChunksBeingTransferred": 9.001480235412578e+18, "spark.shuffle.service.index.cache.size": 61.177403026212815, "spark.shuffle.sort.bypassMergeThreshold": 294.10663607316087, "spark.shuffle.spill.compress": 0.5157352955814902, "spark.speculation.interval": 630.1577787249253, "spark.speculation.multiplier": 5.705018375181581, "spark.storage.memoryMapThreshold": 404.7101226445118, "spark.streaming.stopGracefullyOnShutdown": 0.035491711995451536, "spark.task.maxFailures": 6.91107602709262, "spark.task.reaper.threadDump": 0.9828181562757045}, "datetime": {"datetime": "2022-02-15 13:06:37", "elapsed": 559.315473, "delta": 296.853891}}
{"target": -240.898, "params": {"spark.broadcast.blockSize": 349.0295117803415, "spark.cleaner.periodicGC.interval": 40.620282131670606, "spark.cleaner.referenceTracking.blocking": 0.5267966645221348, "spark.cleaner.referenceTracking.cleanCheckpoints": 0.36559713662504034, "spark.default.parallelism": 434.6946680778443, "spark.driver.maxResultSize": 415.8679545520893, "spark.driver.memoryOverhead": 1749.6830959975098, "spark.executor.cores": 9.02527403788763, "spark.files.fetchTimeout": 71.22538783997703, "spark.files.maxPartitionBytes": 114053003.57717162, "spark.files.openCostInBytes": 7723367.814778067, "spark.files.useFetchCache": 0.623816434224841, "spark.io.compression.snappy.blockSize": 44.58482393246825, "spark.kryoserializer.buffer": 122.37277947086987, "spark.kryoserializer.buffer.max": 22.780439113868344, "spark.locality.wait": 5.432561983712696, "spark.maxRemoteBlockSizeFetchToMem": 2053214400.6461072, "spark.memory.offHeap.enabled": 0.1523676910755153, "spark.memory.offHeap.size": 512.2808836514907, "spark.memory.storageFraction": 0.954878800589616, "spark.python.worker.memory": 917.557444314261, "spark.rdd.compress": 0.6676260431961831, "spark.reducer.maxReqsInFlight": 408577039.23329586, "spark.rpc.io.backLog": 114.35400884179687, "spark.rpc.lookupTimeout": 136.57324206223433, "spark.serializer.objectStreamReset": 259.6512865937834, "spark.shuffle.io.maxRetries": 7.152978908719986, "spark.shuffle.io.numConnectionsPerPeer": 3.9049282345197374, "spark.shuffle.maxChunksBeingTransferred": 4.874483910730796e+18, "spark.shuffle.service.index.cache.size": 179.4198506850787, "spark.shuffle.sort.bypassMergeThreshold": 284.5594762369523, "spark.shuffle.spill.compress": 0.47989122844571674, "spark.speculation.interval": 896.2013325612244, "spark.speculation.multiplier": 5.304735752861038, "spark.storage.memoryMapThreshold": 98.4528266915964, "spark.streaming.stopGracefullyOnShutdown": 0.08316128760629038, "spark.task.maxFailures": 7.583111421112206, "spark.task.reaper.threadDump": 0.2128894863549914}, "datetime": {"datetime": "2022-02-15 13:10:46", "elapsed": 809.010171, "delta": 249.694698}}
{"target": -254.24, "params": {"spark.broadcast.blockSize": 197.43002320073623, "spark.cleaner.periodicGC.interval": 29.587943682564195, "spark.cleaner.referenceTracking.blocking": 0.9632000376603418, "spark.cleaner.referenceTracking.cleanCheckpoints": 0.8394564928964227, "spark.default.parallelism": 479.64360648625495, "spark.driver.maxResultSize": 279.2119386957327, "spark.driver.memoryOverhead": 1316.7703607308308, "spark.executor.cores": 6.834604254459583, "spark.files.fetchTimeout": 69.86328381794999, "spark.files.maxPartitionBytes": 257325572.6142353, "spark.files.openCostInBytes": 5870348.590213746, "spark.files.useFetchCache": 0.4139901969065569, "spark.io.compression.snappy.blockSize": 37.54844090327604, "spark.kryoserializer.buffer": 59.07737867035772, "spark.kryoserializer.buffer.max": 64.36904821197774, "spark.locality.wait": 9.361273866230134, "spark.maxRemoteBlockSizeFetchToMem": 515233491.7739011, "spark.memory.offHeap.enabled": 0.850470883532753, "spark.memory.offHeap.size": 464.6610680428443, "spark.memory.storageFraction": 0.9954796314974839, "spark.python.worker.memory": 988.2450696814051, "spark.rdd.compress": 0.2260184598588344, "spark.reducer.maxReqsInFlight": 1701749739.8079655, "spark.rpc.io.backLog": 121.95261868114139, "spark.rpc.lookupTimeout": 196.69186846664294, "spark.serializer.objectStreamReset": 77.51912387565511, "spark.shuffle.io.maxRetries": 8.094947382435377, "spark.shuffle.io.numConnectionsPerPeer": 4.634703691128283, "spark.shuffle.maxChunksBeingTransferred": 4.685851839964097e+18, "spark.shuffle.service.index.cache.size": 114.56081118287985, "spark.shuffle.sort.bypassMergeThreshold": 179.8897521115634, "spark.shuffle.spill.compress": 0.9717819200252976, "spark.speculation.interval": 620.6537498291482, "spark.speculation.multiplier": 2.5731088859819584, "spark.storage.memoryMapThreshold": 120.69788633211462, "spark.streaming.stopGracefullyOnShutdown": 0.7127711755385573, "spark.task.maxFailures": 6.2657760474931194, "spark.task.reaper.threadDump": 0.8298978380233508}, "datetime": {"datetime": "2022-02-15 13:15:09", "elapsed": 1072.251855, "delta": 263.241684}}
{"target": -453.343, "params": {"spark.broadcast.blockSize": 355.52702157698235, "spark.cleaner.periodicGC.interval": 62.578035976160244, "spark.cleaner.referenceTracking.blocking": 0.9488726061414525, "spark.cleaner.referenceTracking.cleanCheckpoints": 0.4823704270985454, "spark.default.parallelism": 442.52494135689676, "spark.driver.maxResultSize": 11.187326121702345, "spark.driver.memoryOverhead": 1746.952286876593, "spark.executor.cores": 3.476829523484611, "spark.files.fetchTimeout": 60.859641210302534, "spark.files.maxPartitionBytes": 50693500.02691218, "spark.files.openCostInBytes": 7489272.57908801, "spark.files.useFetchCache": 0.9474074477762391, "spark.io.compression.snappy.blockSize": 5.349099165758014, "spark.kryoserializer.buffer": 74.09136672997622, "spark.kryoserializer.buffer.max": 99.94471092809694, "spark.locality.wait": 1.1129523598244395, "spark.maxRemoteBlockSizeFetchToMem": 732586785.5339772, "spark.memory.offHeap.enabled": 0.7472633212511525, "spark.memory.offHeap.size": 861.7488473688016, "spark.memory.storageFraction": 0.7480629891824481, "spark.python.worker.memory": 952.6016979104327, "spark.rdd.compress": 0.6118130457270067, "spark.reducer.maxReqsInFlight": 1943361008.3513465, "spark.rpc.io.backLog": 120.81590322255305, "spark.rpc.lookupTimeout": 233.99706006615355, "spark.serializer.objectStreamReset": 240.46558109071177, "spark.shuffle.io.maxRetries": 3.2468810194484474, "spark.shuffle.io.numConnectionsPerPeer": 3.0672668812228525, "spark.shuffle.maxChunksBeingTransferred": 2.0869308105375107e+18, "spark.shuffle.service.index.cache.size": 95.14184319491653, "spark.shuffle.sort.bypassMergeThreshold": 568.7204129906913, "spark.shuffle.spill.compress": 0.9615647578561459, "spark.speculation.interval": 831.8669815662728, "spark.speculation.multiplier": 3.851897005875108, "spark.storage.memoryMapThreshold": 225.30034628899014, "spark.streaming.stopGracefullyOnShutdown": 0.3879871214794165, "spark.task.maxFailures": 3.7788826752148554, "spark.task.reaper.threadDump": 0.7801075222604135}, "datetime": {"datetime": "2022-02-15 13:22:52", "elapsed": 1534.496679, "delta": 462.244824}}
