{"target": -189.675, "params": {"spark.broadcast.blockSize": 457.77469995306086, "spark.cleaner.periodicGC.interval": 40.506471747326884, "spark.cleaner.referenceTracking.blocking": 0.9651326600854343, "spark.cleaner.referenceTracking.cleanCheckpoints": 0.8109664441372597, "spark.default.parallelism": 93.28712775544021, "spark.driver.maxResultSize": 417.7615635953423, "spark.driver.memoryOverhead": 1650.0465120146016, "spark.executor.cores": 6.158695245982111, "spark.executor.instances": 3.6745771429318266, "spark.executor.memory": 13.740863735448182, "spark.files.fetchTimeout": 84.64051731145982, "spark.files.maxPartitionBytes": 167286478.26948252, "spark.files.openCostInBytes": 8341298.174796824, "spark.files.useFetchCache": 0.1490127308983754, "spark.hadoop.mapreduce.fileoutputcommitter.algorithm.version": 1.2053774675515307, "spark.io.compression.snappy.blockSize": 197.90611034272192, "spark.kryo.referenceTracking": 0.08911085775414773, "spark.kryoserializer.buffer": 57.52505068935133, "spark.kryoserializer.buffer.max": 48.30753486670722, "spark.locality.wait": 4.648063658709917, "spark.maxRemoteBlockSizeFetchToMem": 1922315599.793082, "spark.memory.offHeap.enabled": 0.26420706908843583, "spark.memory.offHeap.size": 806.3833628694824, "spark.memory.storageFraction": 0.9356050389297931, "spark.python.worker.memory": 889.4850470467288, "spark.rdd.compress": 0.8856334616602214, "spark.reducer.maxReqsInFlight": 2084293901.225536, "spark.rpc.io.backLog": 124.95634255676163, "spark.rpc.lookupTimeout": 141.84765694856856, "spark.rpc.message.maxSize": 48.26754673110968, "spark.scheduler.listenerbus.eventqueue.capacity": 2563.298071077997, "spark.scheduler.revive.interval": 2.568730258627527, "spark.serializer.objectStreamReset": 183.13955609125514, "spark.shuffle.io.maxRetries": 4.579489437308994, "spark.shuffle.io.numConnectionsPerPeer": 3.594353047816071, "spark.shuffle.io.preferDirectBufs": 0.4689661949601346, "spark.shuffle.maxChunksBeingTransferred": 8.82508607253798e+18, "spark.shuffle.service.index.cache.size": 101.55860164586264, "spark.shuffle.sort.bypassMergeThreshold": 923.2680913849455, "spark.shuffle.spill.compress": 0.8352322304110309, "spark.speculation.interval": 522.0785748575883, "spark.speculation.multiplier": 2.016270798423682, "spark.storage.memoryMapThreshold": 384.1851696047564, "spark.streaming.stopGracefullyOnShutdown": 0.7483565632818369, "spark.streaming.unpersist": 0.7312101650617092, "spark.task.maxFailures": 6.1816382841127835, "spark.task.reaper.pollingInterval": 6.776395436976028, "spark.task.reaper.threadDump": 0.5541557691852426}, "datetime": {"datetime": "2022-02-15 12:43:49", "elapsed": 438.339595, "delta": 198.668942}}
{"target": -316.652, "params": {"spark.broadcast.blockSize": 146.65281834681198, "spark.cleaner.periodicGC.interval": 47.07162074583504, "spark.cleaner.referenceTracking.blocking": 0.5070812259845389, "spark.cleaner.referenceTracking.cleanCheckpoints": 0.3742898601107766, "spark.default.parallelism": 439.21738836597046, "spark.driver.maxResultSize": 2.6623066795089017, "spark.driver.memoryOverhead": 1415.3248814342098, "spark.executor.cores": 7.383822029503787, "spark.executor.instances": 12.899758183255786, "spark.executor.memory": 15.682163307046189, "spark.files.fetchTimeout": 79.03176394626021, "spark.files.maxPartitionBytes": 194769558.92624417, "spark.files.openCostInBytes": 7213215.014189808, "spark.files.useFetchCache": 0.5707287061152493, "spark.hadoop.mapreduce.fileoutputcommitter.algorithm.version": 1.3858540648355753, "spark.io.compression.snappy.blockSize": 54.27040047949608, "spark.kryo.referenceTracking": 0.3119657462539489, "spark.kryoserializer.buffer": 107.44116005019595, "spark.kryoserializer.buffer.max": 55.99963155107333, "spark.locality.wait": 9.655415809656956, "spark.maxRemoteBlockSizeFetchToMem": 720096401.3408241, "spark.memory.offHeap.enabled": 0.899020525942408, "spark.memory.offHeap.size": 160.51775086948385, "spark.memory.storageFraction": 0.9446010912207226, "spark.python.worker.memory": 609.2093941526167, "spark.rdd.compress": 0.5940551980707522, "spark.reducer.maxReqsInFlight": 2062949924.720928, "spark.rpc.io.backLog": 69.29392585724594, "spark.rpc.lookupTimeout": 154.19858232551724, "spark.rpc.message.maxSize": 123.20214496437156, "spark.scheduler.listenerbus.eventqueue.capacity": 11103.393857401623, "spark.scheduler.revive.interval": 44.39170914103198, "spark.serializer.objectStreamReset": 107.09038029055408, "spark.shuffle.io.maxRetries": 2.9751663555753147, "spark.shuffle.io.numConnectionsPerPeer": 3.8129661380948243, "spark.shuffle.io.preferDirectBufs": 0.20976640436688032, "spark.shuffle.maxChunksBeingTransferred": 8.084046336964975e+18, "spark.shuffle.service.index.cache.size": 160.44084317670718, "spark.shuffle.sort.bypassMergeThreshold": 752.6674862384277, "spark.shuffle.spill.compress": 0.7036965381734809, "spark.speculation.interval": 879.0397520379917, "spark.speculation.multiplier": 3.0287859409152404, "spark.storage.memoryMapThreshold": 457.5941040932647, "spark.streaming.stopGracefullyOnShutdown": 0.9849920185692975, "spark.streaming.unpersist": 0.7196848153451664, "spark.task.maxFailures": 6.527557744872251, "spark.task.reaper.pollingInterval": 12.378054889328071, "spark.task.reaper.threadDump": 0.3091130638550921}, "datetime": {"datetime": "2022-02-15 12:49:14", "elapsed": 763.895906, "delta": 325.556311}}
{"target": -272.096, "params": {"spark.broadcast.blockSize": 288.7861844182948, "spark.cleaner.periodicGC.interval": 18.886186838879333, "spark.cleaner.referenceTracking.blocking": 0.39585372924948325, "spark.cleaner.referenceTracking.cleanCheckpoints": 0.8985566684458022, "spark.default.parallelism": 240.4478320320755, "spark.driver.maxResultSize": 436.90935455778066, "spark.driver.memoryOverhead": 1770.739654119833, "spark.executor.cores": 6.390542583470987, "spark.executor.instances": 5.898378961041523, "spark.executor.memory": 13.345093388918606, "spark.files.fetchTimeout": 80.5421479869097, "spark.files.maxPartitionBytes": 41445842.31455074, "spark.files.openCostInBytes": 6367761.816729801, "spark.files.useFetchCache": 0.758282127901009, "spark.hadoop.mapreduce.fileoutputcommitter.algorithm.version": 1.6570182135888647, "spark.io.compression.snappy.blockSize": 137.56682603148687, "spark.kryo.referenceTracking": 0.6987375571341284, "spark.kryoserializer.buffer": 50.35217875336252, "spark.kryoserializer.buffer.max": 104.35331232792149, "spark.locality.wait": 7.84382951563376, "spark.maxRemoteBlockSizeFetchToMem": 782645070.0793577, "spark.memory.offHeap.enabled": 0.8814510193127238, "spark.memory.offHeap.size": 422.0087406412337, "spark.memory.storageFraction": 0.9203406829802834, "spark.python.worker.memory": 977.2920352178571, "spark.rdd.compress": 0.994234608237421, "spark.reducer.maxReqsInFlight": 1976702048.8468108, "spark.rpc.io.backLog": 107.33096812241372, "spark.rpc.lookupTimeout": 196.86890994172933, "spark.rpc.message.maxSize": 111.39887186677221, "spark.scheduler.listenerbus.eventqueue.capacity": 4354.0663323616955, "spark.scheduler.revive.interval": 46.21589728333544, "spark.serializer.objectStreamReset": 95.61744859720856, "spark.shuffle.io.maxRetries": 3.2587900804537737, "spark.shuffle.io.numConnectionsPerPeer": 1.4755189905718278, "spark.shuffle.io.preferDirectBufs": 0.025237681690844727, "spark.shuffle.maxChunksBeingTransferred": 6.734212002645157e+18, "spark.shuffle.service.index.cache.size": 50.601044208430004, "spark.shuffle.sort.bypassMergeThreshold": 403.39960321677324, "spark.shuffle.spill.compress": 0.10081191064067063, "spark.speculation.interval": 809.7997922514804, "spark.speculation.multiplier": 3.4020665295510755, "spark.storage.memoryMapThreshold": 235.0422483773003, "spark.streaming.stopGracefullyOnShutdown": 0.10908796607302707, "spark.streaming.unpersist": 0.017587413528382334, "spark.task.maxFailures": 6.999581906695305, "spark.task.reaper.pollingInterval": 14.241016665523258, "spark.task.reaper.threadDump": 0.7445377339745158}, "datetime": {"datetime": "2022-02-15 12:53:55", "elapsed": 1045.123777, "delta": 281.227871}}
{"target": -192.6, "params": {"spark.broadcast.blockSize": 240.8830347094078, "spark.cleaner.periodicGC.interval": 57.72491423952019, "spark.cleaner.referenceTracking.blocking": 0.8214267955932454, "spark.cleaner.referenceTracking.cleanCheckpoints": 0.7859855451088532, "spark.default.parallelism": 318.3835893660855, "spark.driver.maxResultSize": 432.0891977570513, "spark.driver.memoryOverhead": 749.1644028737479, "spark.executor.cores": 1.6813931747193278, "spark.executor.instances": 11.678315908622304, "spark.executor.memory": 1.2621764865017606, "spark.files.fetchTimeout": 84.56110835693259, "spark.files.maxPartitionBytes": 119813108.98814195, "spark.files.openCostInBytes": 7205175.63364037, "spark.files.useFetchCache": 0.2555820192711151, "spark.hadoop.mapreduce.fileoutputcommitter.algorithm.version": 1.3825928973568198, "spark.io.compression.snappy.blockSize": 3.735129684266556, "spark.kryo.referenceTracking": 0.3269058471589872, "spark.kryoserializer.buffer": 105.61686378678883, "spark.kryoserializer.buffer.max": 115.4978896706672, "spark.locality.wait": 1.8798190233777534, "spark.maxRemoteBlockSizeFetchToMem": 1805043354.2630918, "spark.memory.offHeap.enabled": 0.6550172167249129, "spark.memory.offHeap.size": 876.6938822993096, "spark.memory.storageFraction": 0.5872329525293785, "spark.python.worker.memory": 664.9223885422101, "spark.rdd.compress": 0.8629370191397124, "spark.reducer.maxReqsInFlight": 1975765454.263266, "spark.rpc.io.backLog": 83.53580328232215, "spark.rpc.lookupTimeout": 173.49857236094917, "spark.rpc.message.maxSize": 48.514038759045256, "spark.scheduler.listenerbus.eventqueue.capacity": 15292.455194801856, "spark.scheduler.revive.interval": 14.608414681049554, "spark.serializer.objectStreamReset": 260.18192289031435, "spark.shuffle.io.maxRetries": 6.149859962360313, "spark.shuffle.io.numConnectionsPerPeer": 3.644385764641615, "spark.shuffle.io.preferDirectBufs": 0.6783253648378484, "spark.shuffle.maxChunksBeingTransferred": 5.720817886661888e+18, "spark.shuffle.service.index.cache.size": 172.44941846756365, "spark.shuffle.sort.bypassMergeThreshold": 177.9350154780574, "spark.shuffle.spill.compress": 0.6883535833200951, "spark.speculation.interval": 902.4549322515429, "spark.speculation.multiplier": 5.102960928222622, "spark.storage.memoryMapThreshold": 448.92554066502896, "spark.streaming.stopGracefullyOnShutdown": 0.7544580774948997, "spark.streaming.unpersist": 0.8421743137635779, "spark.task.maxFailures": 6.439195343931725, "spark.task.reaper.pollingInterval": 6.267053160384258, "spark.task.reaper.threadDump": 0.7677026594239854}, "datetime": {"datetime": "2022-02-15 12:57:17", "elapsed": 1246.602523, "delta": 201.478746}}
