{"target": -141.242, "params": {"spark.broadcast.blockSize": 226.1095053959986, "spark.cleaner.periodicGC.interval": 32.92454599734964, "spark.cleaner.referenceTracking.blocking": 0.768131118559939, "spark.cleaner.referenceTracking.cleanCheckpoints": 0.315026410018985, "spark.default.parallelism": 413.73088093360036, "spark.driver.maxResultSize": 70.47286905928156, "spark.driver.memoryOverhead": 832.0191409081499, "spark.executor.cores": 6.969837543555092, "spark.executor.instances": 4.50473603407513, "spark.executor.memory": 1.8220723512345378, "spark.files.fetchTimeout": 58.033614661667556, "spark.files.maxPartitionBytes": 183555450.58135462, "spark.files.openCostInBytes": 7805702.9050762225, "spark.files.useFetchCache": 0.6299751652015112, "spark.hadoop.mapreduce.fileoutputcommitter.algorithm.version": 1.776386538768521, "spark.io.compression.snappy.blockSize": 126.40536443328949, "spark.kryo.referenceTracking": 0.3627183196934466, "spark.kryoserializer.buffer": 112.18441007494648, "spark.kryoserializer.buffer.max": 94.56975490061585, "spark.locality.wait": 7.500283993864376, "spark.maxRemoteBlockSizeFetchToMem": 1002611621.883962, "spark.memory.offHeap.enabled": 0.7042205550393954, "spark.memory.offHeap.size": 605.7996401783921, "spark.memory.storageFraction": 0.9366465793113821, "spark.python.worker.memory": 718.4605867452403, "spark.rdd.compress": 0.8773985108330912, "spark.reducer.maxReqsInFlight": 1623687418.3630316, "spark.rpc.io.backLog": 89.32181396539313, "spark.rpc.lookupTimeout": 228.75343673491474, "spark.rpc.message.maxSize": 150.80103732931616, "spark.scheduler.listenerbus.eventqueue.capacity": 7508.8269267396245, "spark.scheduler.revive.interval": 41.208553518605996, "spark.serializer.objectStreamReset": 245.2118758233553, "spark.shuffle.io.maxRetries": 2.269212234904142, "spark.shuffle.io.numConnectionsPerPeer": 3.4897607080848196, "spark.shuffle.io.preferDirectBufs": 0.5357440752513023, "spark.shuffle.maxChunksBeingTransferred": 3.435626253751627e+18, "spark.shuffle.service.index.cache.size": 65.71362557503114, "spark.shuffle.sort.bypassMergeThreshold": 353.21445139901925, "spark.shuffle.spill.compress": 0.47809011886599717, "spark.speculation.interval": 586.1332102209916, "spark.speculation.multiplier": 2.4570385729948225, "spark.storage.memoryMapThreshold": 400.7149638095093, "spark.streaming.stopGracefullyOnShutdown": 0.49876554217138047, "spark.streaming.unpersist": 0.4376137587883978, "spark.task.maxFailures": 6.02797162025077, "spark.task.reaper.pollingInterval": 19.244665876782722, "spark.task.reaper.threadDump": 0.8195963304869034}, "datetime": {"datetime": "2022-02-15 12:36:30", "elapsed": 0.001479, "delta": 0.000188}}
{"target": -268.765, "params": {"spark.broadcast.blockSize": 413.61200941171523, "spark.cleaner.periodicGC.interval": 37.09499866118502, "spark.cleaner.referenceTracking.blocking": 0.6168381500794586, "spark.cleaner.referenceTracking.cleanCheckpoints": 0.6865914684158795, "spark.default.parallelism": 303.74939866210946, "spark.driver.maxResultSize": 82.44638793013128, "spark.driver.memoryOverhead": 1021.8394688420182, "spark.executor.cores": 2.465235921974734, "spark.executor.instances": 5.010277927047989, "spark.executor.memory": 6.327785349768577, "spark.files.fetchTimeout": 53.26721376882766, "spark.files.maxPartitionBytes": 240272203.45784423, "spark.files.openCostInBytes": 4526002.800375579, "spark.files.useFetchCache": 0.6859596309574708, "spark.hadoop.mapreduce.fileoutputcommitter.algorithm.version": 1.4591605733164448, "spark.io.compression.snappy.blockSize": 66.4209651914111, "spark.kryo.referenceTracking": 0.39200727852902995, "spark.kryoserializer.buffer": 65.99534148893221, "spark.kryoserializer.buffer.max": 117.40996797563704, "spark.locality.wait": 5.729617149647806, "spark.maxRemoteBlockSizeFetchToMem": 566262110.9270682, "spark.memory.offHeap.enabled": 0.17485957429629684, "spark.memory.offHeap.size": 158.50556232043442, "spark.memory.storageFraction": 0.5569731378610121, "spark.python.worker.memory": 684.4365205543202, "spark.rdd.compress": 0.6215527557046998, "spark.reducer.maxReqsInFlight": 1431121930.1757407, "spark.rpc.io.backLog": 90.69721934842246, "spark.rpc.lookupTimeout": 177.4720364900734, "spark.rpc.message.maxSize": 268.31635796143803, "spark.scheduler.listenerbus.eventqueue.capacity": 8849.595554041905, "spark.scheduler.revive.interval": 15.901890709020172, "spark.serializer.objectStreamReset": 181.41934043343508, "spark.shuffle.io.maxRetries": 4.3957266350725925, "spark.shuffle.io.numConnectionsPerPeer": 3.300103054761377, "spark.shuffle.io.preferDirectBufs": 0.5332169957983564, "spark.shuffle.maxChunksBeingTransferred": 6.542211524047368e+17, "spark.shuffle.service.index.cache.size": 135.53639266825024, "spark.shuffle.sort.bypassMergeThreshold": 373.1936504527635, "spark.shuffle.spill.compress": 0.7096233204867975, "spark.speculation.interval": 693.0775211650607, "spark.speculation.multiplier": 1.7466921331203387, "spark.storage.memoryMapThreshold": 230.34402712475452, "spark.streaming.stopGracefullyOnShutdown": 0.7160048574975837, "spark.streaming.unpersist": 0.10873804426233491, "spark.task.maxFailures": 2.0184437520907466, "spark.task.reaper.pollingInterval": 8.153561306865706, "spark.task.reaper.threadDump": 0.7725898855036445}, "datetime": {"datetime": "2022-02-15 12:36:30", "elapsed": 0.001669, "delta": 0.00019}}
{"target": -129.463, "params": {"spark.broadcast.blockSize": 327.49810883304724, "spark.cleaner.periodicGC.interval": 59.85894670724771, "spark.cleaner.referenceTracking.blocking": 0.34551494308479147, "spark.cleaner.referenceTracking.cleanCheckpoints": 0.6267119220357181, "spark.default.parallelism": 295.7642726558273, "spark.driver.maxResultSize": 247.09126979982005, "spark.driver.memoryOverhead": 1740.8045125496717, "spark.executor.cores": 4.898867918108088, "spark.executor.instances": 12.22879722944682, "spark.executor.memory": 5.453258909783429, "spark.files.fetchTimeout": 70.13064591413637, "spark.files.maxPartitionBytes": 139647511.11080712, "spark.files.openCostInBytes": 3772983.122785994, "spark.files.useFetchCache": 0.7235116211401003, "spark.hadoop.mapreduce.fileoutputcommitter.algorithm.version": 1.236337684397672, "spark.io.compression.snappy.blockSize": 57.256217567137526, "spark.kryo.referenceTracking": 0.549813835737234, "spark.kryoserializer.buffer": 61.219738461333066, "spark.kryoserializer.buffer.max": 46.02830407123356, "spark.locality.wait": 4.98641548603811, "spark.maxRemoteBlockSizeFetchToMem": 1204402165.0021384, "spark.memory.offHeap.enabled": 0.9720199156758048, "spark.memory.offHeap.size": 989.847161524359, "spark.memory.storageFraction": 0.8927645941508844, "spark.python.worker.memory": 602.4481815670019, "spark.rdd.compress": 0.11866566139865664, "spark.reducer.maxReqsInFlight": 1690902790.754017, "spark.rpc.io.backLog": 118.6500845351526, "spark.rpc.lookupTimeout": 38.51993854927764, "spark.rpc.message.maxSize": 130.59593421844784, "spark.scheduler.listenerbus.eventqueue.capacity": 13925.807969106889, "spark.scheduler.revive.interval": 42.007792181874954, "spark.serializer.objectStreamReset": 205.74742355388514, "spark.shuffle.io.maxRetries": 7.820970285288771, "spark.shuffle.io.numConnectionsPerPeer": 1.862163132567662, "spark.shuffle.io.preferDirectBufs": 0.5776501691636186, "spark.shuffle.maxChunksBeingTransferred": 8.29866033944636e+18, "spark.shuffle.service.index.cache.size": 69.83112995337257, "spark.shuffle.sort.bypassMergeThreshold": 779.2650611833333, "spark.shuffle.spill.compress": 0.4816192687269666, "spark.speculation.interval": 881.9635545325249, "spark.speculation.multiplier": 3.6083055522244516, "spark.storage.memoryMapThreshold": 128.4436608029852, "spark.streaming.stopGracefullyOnShutdown": 0.46774740825439, "spark.streaming.unpersist": 0.542835920344478, "spark.task.maxFailures": 7.331723058403199, "spark.task.reaper.pollingInterval": 3.5191719680504674, "spark.task.reaper.threadDump": 0.3575796651229314}, "datetime": {"datetime": "2022-02-15 12:36:30", "elapsed": 0.001862, "delta": 0.000193}}
{"target": -509.72, "params": {"spark.broadcast.blockSize": 314.52331949360456, "spark.cleaner.periodicGC.interval": 70.99597423261656, "spark.cleaner.referenceTracking.blocking": 0.37366497991600556, "spark.cleaner.referenceTracking.cleanCheckpoints": 0.3929094723717934, "spark.default.parallelism": 313.97807673353867, "spark.driver.maxResultSize": 176.77629952956696, "spark.driver.memoryOverhead": 635.3988053799965, "spark.executor.cores": 7.692828138518769, "spark.executor.instances": 11.367704811404899, "spark.executor.memory": 3.125850604030542, "spark.files.fetchTimeout": 56.37887156959803, "spark.files.maxPartitionBytes": 206548139.12992504, "spark.files.openCostInBytes": 5146540.0960636465, "spark.files.useFetchCache": 0.5742388797983446, "spark.hadoop.mapreduce.fileoutputcommitter.algorithm.version": 1.7362533554278365, "spark.io.compression.snappy.blockSize": 128.31223304119777, "spark.kryo.referenceTracking": 0.5889091025254707, "spark.kryoserializer.buffer": 67.46006028600866, "spark.kryoserializer.buffer.max": 72.04850531095853, "spark.locality.wait": 5.566088122273764, "spark.maxRemoteBlockSizeFetchToMem": 1275318151.1186774, "spark.memory.offHeap.enabled": 0.8287229937114629, "spark.memory.offHeap.size": 877.6936505337226, "spark.memory.storageFraction": 0.6649273412005219, "spark.python.worker.memory": 538.8023809709596, "spark.rdd.compress": 0.6419978603800008, "spark.reducer.maxReqsInFlight": 1141670143.7786236, "spark.rpc.io.backLog": 84.92200116338765, "spark.rpc.lookupTimeout": 223.10563249123572, "spark.rpc.message.maxSize": 397.1454582739218, "spark.scheduler.listenerbus.eventqueue.capacity": 17242.1521708554, "spark.scheduler.revive.interval": 48.81937693102607, "spark.serializer.objectStreamReset": 281.9208976262489, "spark.shuffle.io.maxRetries": 2.2433294787001543, "spark.shuffle.io.numConnectionsPerPeer": 2.3169227957061067, "spark.shuffle.io.preferDirectBufs": 0.7620067000358094, "spark.shuffle.maxChunksBeingTransferred": 4.3717390816861e+18, "spark.shuffle.service.index.cache.size": 51.197715576323496, "spark.shuffle.sort.bypassMergeThreshold": 312.5719810048546, "spark.shuffle.spill.compress": 0.07007060899352935, "spark.speculation.interval": 284.19759557670386, "spark.speculation.multiplier": 2.227913500849155, "spark.storage.memoryMapThreshold": 237.01253120848145, "spark.streaming.stopGracefullyOnShutdown": 0.3204491442812696, "spark.streaming.unpersist": 0.22922768443700825, "spark.task.maxFailures": 4.706934593702337, "spark.task.reaper.pollingInterval": 17.74368073420232, "spark.task.reaper.threadDump": 0.7870222290434329}, "datetime": {"datetime": "2022-02-15 12:36:30", "elapsed": 0.00206, "delta": 0.000198}}
{"target": -921.161, "params": {"spark.broadcast.blockSize": 1.6651989522921522, "spark.cleaner.periodicGC.interval": 10.0, "spark.cleaner.referenceTracking.blocking": 0.0, "spark.cleaner.referenceTracking.cleanCheckpoints": 0.0, "spark.default.parallelism": 8.0, "spark.driver.maxResultSize": 1.0, "spark.driver.memoryOverhead": 384.0, "spark.executor.cores": 1.0, "spark.executor.instances": 2.0, "spark.executor.memory": 1.0, "spark.files.fetchTimeout": 20.0, "spark.files.maxPartitionBytes": 33554432.0, "spark.files.openCostInBytes": 2097152.0, "spark.files.useFetchCache": 0.22546740988170297, "spark.hadoop.mapreduce.fileoutputcommitter.algorithm.version": 1.2459322811279936, "spark.io.compression.snappy.blockSize": 2.0, "spark.kryo.referenceTracking": 0.12827089835724148, "spark.kryoserializer.buffer": 2.0, "spark.kryoserializer.buffer.max": 8.0, "spark.locality.wait": 1.4840419688809297, "spark.maxRemoteBlockSizeFetchToMem": 200.0, "spark.memory.offHeap.enabled": 0.3664762076866079, "spark.memory.offHeap.size": 10.0, "spark.memory.storageFraction": 0.5, "spark.python.worker.memory": 128.0, "spark.rdd.compress": 0.0, "spark.reducer.maxReqsInFlight": 10.0, "spark.rpc.io.backLog": 32.0, "spark.rpc.lookupTimeout": 30.0, "spark.rpc.message.maxSize": 1.0, "spark.scheduler.listenerbus.eventqueue.capacity": 2000.0, "spark.scheduler.revive.interval": 2.0, "spark.serializer.objectStreamReset": 50.0, "spark.shuffle.io.maxRetries": 2.0, "spark.shuffle.io.numConnectionsPerPeer": 1.0, "spark.shuffle.io.preferDirectBufs": 0.0, "spark.shuffle.maxChunksBeingTransferred": 100.0, "spark.shuffle.service.index.cache.size": 50.0, "spark.shuffle.sort.bypassMergeThreshold": 100.0, "spark.shuffle.spill.compress": 0.0, "spark.speculation.interval": 10.0, "spark.speculation.multiplier": 1.0, "spark.storage.memoryMapThreshold": 50.0, "spark.streaming.stopGracefullyOnShutdown": 0.0, "spark.streaming.unpersist": 1.0, "spark.task.maxFailures": 2.0, "spark.task.reaper.pollingInterval": 3.0, "spark.task.reaper.threadDump": 0.0}, "datetime": {"datetime": "2022-02-15 12:36:30", "elapsed": 0.002267, "delta": 0.000207}}
{"target": -164.999, "params": {"spark.broadcast.blockSize": 479.956912260576, "spark.cleaner.periodicGC.interval": 74.86866309554206, "spark.cleaner.referenceTracking.blocking": 0.5368927173105491, "spark.cleaner.referenceTracking.cleanCheckpoints": 0.7504018413331224, "spark.default.parallelism": 457.9076358942912, "spark.driver.maxResultSize": 341.2488328261435, "spark.driver.memoryOverhead": 1553.81563997525, "spark.executor.cores": 7.724038531837731, "spark.executor.instances": 4.47275038789606, "spark.executor.memory": 5.950610458220392, "spark.files.fetchTimeout": 39.72479758066101, "spark.files.maxPartitionBytes": 244696152.88628918, "spark.files.openCostInBytes": 8207746.965349964, "spark.files.useFetchCache": 0.7094131965195288, "spark.hadoop.mapreduce.fileoutputcommitter.algorithm.version": 1.3917793745779157, "spark.io.compression.snappy.blockSize": 131.98027895213878, "spark.kryo.referenceTracking": 0.5742415633562672, "spark.kryoserializer.buffer": 40.643585571675565, "spark.kryoserializer.buffer.max": 117.2246768211479, "spark.locality.wait": 3.0696403236538954, "spark.maxRemoteBlockSizeFetchToMem": 2005577660.1103451, "spark.memory.offHeap.enabled": 0.841194403211428, "spark.memory.offHeap.size": 465.73232947435287, "spark.memory.storageFraction": 0.808754166052684, "spark.python.worker.memory": 442.8861728688211, "spark.rdd.compress": 0.7265016702070541, "spark.reducer.maxReqsInFlight": 2025956532.1334553, "spark.rpc.io.backLog": 125.84338080104911, "spark.rpc.lookupTimeout": 237.6300326314304, "spark.rpc.message.maxSize": 227.3068870902306, "spark.scheduler.listenerbus.eventqueue.capacity": 2891.439070692168, "spark.scheduler.revive.interval": 38.395539119041416, "spark.serializer.objectStreamReset": 73.6680200053225, "spark.shuffle.io.maxRetries": 6.031989644674784, "spark.shuffle.io.numConnectionsPerPeer": 3.481167379360904, "spark.shuffle.io.preferDirectBufs": 0.6813017516074168, "spark.shuffle.maxChunksBeingTransferred": 7.047231359749858e+18, "spark.shuffle.service.index.cache.size": 74.62261515061388, "spark.shuffle.sort.bypassMergeThreshold": 572.8398189939445, "spark.shuffle.spill.compress": 0.3275448646189132, "spark.speculation.interval": 719.9058003529274, "spark.speculation.multiplier": 4.631885664276007, "spark.storage.memoryMapThreshold": 90.62808364213889, "spark.streaming.stopGracefullyOnShutdown": 0.9849801145817976, "spark.streaming.unpersist": 0.7022473544048021, "spark.task.maxFailures": 6.248692131660444, "spark.task.reaper.pollingInterval": 16.544629343369067, "spark.task.reaper.threadDump": 0.3675267587236415}, "datetime": {"datetime": "2022-02-15 12:36:30", "elapsed": 0.002451, "delta": 0.000184}}
{"target": -175.969, "params": {"spark.broadcast.blockSize": 185.0570740721512, "spark.cleaner.periodicGC.interval": 40.43489564426535, "spark.cleaner.referenceTracking.blocking": 0.9435266946308053, "spark.cleaner.referenceTracking.cleanCheckpoints": 0.5994476391545291, "spark.default.parallelism": 411.10660573139506, "spark.driver.maxResultSize": 117.45033645311537, "spark.driver.memoryOverhead": 1828.1511310606052, "spark.executor.cores": 3.2762806186975055, "spark.executor.instances": 9.650168793219235, "spark.executor.memory": 10.157637682213007, "spark.files.fetchTimeout": 83.0252599685641, "spark.files.maxPartitionBytes": 255367740.5518076, "spark.files.openCostInBytes": 8059426.19292591, "spark.files.useFetchCache": 0.6185586454101343, "spark.hadoop.mapreduce.fileoutputcommitter.algorithm.version": 1.777232749680641, "spark.io.compression.snappy.blockSize": 78.98105270447108, "spark.kryo.referenceTracking": 0.1658974597031525, "spark.kryoserializer.buffer": 57.268259840050966, "spark.kryoserializer.buffer.max": 87.32743612110234, "spark.locality.wait": 9.446066330167081, "spark.maxRemoteBlockSizeFetchToMem": 1559577063.794913, "spark.memory.offHeap.enabled": 0.5812932573458713, "spark.memory.offHeap.size": 523.2691386557079, "spark.memory.storageFraction": 0.9228111222435875, "spark.python.worker.memory": 594.2312300473217, "spark.rdd.compress": 0.7339498855794714, "spark.reducer.maxReqsInFlight": 548307318.3500247, "spark.rpc.io.backLog": 84.80381929794558, "spark.rpc.lookupTimeout": 105.26551489168683, "spark.rpc.message.maxSize": 216.13058581614703, "spark.scheduler.listenerbus.eventqueue.capacity": 14651.110700419189, "spark.scheduler.revive.interval": 5.1511535696876845, "spark.serializer.objectStreamReset": 265.3574839004914, "spark.shuffle.io.maxRetries": 3.6483684418784224, "spark.shuffle.io.numConnectionsPerPeer": 3.74164514206271, "spark.shuffle.io.preferDirectBufs": 0.7958564915144657, "spark.shuffle.maxChunksBeingTransferred": 1.7956127289080276e+18, "spark.shuffle.service.index.cache.size": 156.9947701772266, "spark.shuffle.sort.bypassMergeThreshold": 111.49800554479361, "spark.shuffle.spill.compress": 0.6342323374279296, "spark.speculation.interval": 480.36852743060683, "spark.speculation.multiplier": 3.844022139479242, "spark.storage.memoryMapThreshold": 497.44625983932605, "spark.streaming.stopGracefullyOnShutdown": 0.6330922096886396, "spark.streaming.unpersist": 0.5025301151146299, "spark.task.maxFailures": 7.674842587302579, "spark.task.reaper.pollingInterval": 7.415401289105275, "spark.task.reaper.threadDump": 0.7877396092327813}, "datetime": {"datetime": "2022-02-15 12:36:30", "elapsed": 0.002662, "delta": 0.000211}}
{"target": -230.78, "params": {"spark.broadcast.blockSize": 269.95433282866054, "spark.cleaner.periodicGC.interval": 49.87355982161135, "spark.cleaner.referenceTracking.blocking": 0.7488425432610167, "spark.cleaner.referenceTracking.cleanCheckpoints": 0.9032523022723954, "spark.default.parallelism": 372.1810401126883, "spark.driver.maxResultSize": 24.37384436232228, "spark.driver.memoryOverhead": 1494.3337115787738, "spark.executor.cores": 5.436423346836824, "spark.executor.instances": 6.27688543867395, "spark.executor.memory": 3.10951249099406, "spark.files.fetchTimeout": 39.76006012740346, "spark.files.maxPartitionBytes": 196882780.8171794, "spark.files.openCostInBytes": 3868123.53873705, "spark.files.useFetchCache": 0.8478632445385943, "spark.hadoop.mapreduce.fileoutputcommitter.algorithm.version": 1.213493516184132, "spark.io.compression.snappy.blockSize": 222.82223074691845, "spark.kryo.referenceTracking": 0.6075940294178813, "spark.kryoserializer.buffer": 119.98612880680335, "spark.kryoserializer.buffer.max": 105.67297568374858, "spark.locality.wait": 7.594006069382294, "spark.maxRemoteBlockSizeFetchToMem": 1086640567.164593, "spark.memory.offHeap.enabled": 0.6489079461468547, "spark.memory.offHeap.size": 773.1952861099455, "spark.memory.storageFraction": 0.9874777623108109, "spark.python.worker.memory": 615.817052710785, "spark.rdd.compress": 0.5623718957221984, "spark.reducer.maxReqsInFlight": 1802941315.4461935, "spark.rpc.io.backLog": 99.29724503683772, "spark.rpc.lookupTimeout": 163.27314682017325, "spark.rpc.message.maxSize": 146.02987974831692, "spark.scheduler.listenerbus.eventqueue.capacity": 2941.516836234088, "spark.scheduler.revive.interval": 15.132513173600113, "spark.serializer.objectStreamReset": 229.0688210148528, "spark.shuffle.io.maxRetries": 8.735053585224342, "spark.shuffle.io.numConnectionsPerPeer": 4.4867156978555, "spark.shuffle.io.preferDirectBufs": 0.8679728952542647, "spark.shuffle.maxChunksBeingTransferred": 8.385017868797999e+17, "spark.shuffle.service.index.cache.size": 160.72930737506363, "spark.shuffle.sort.bypassMergeThreshold": 779.1673776800419, "spark.shuffle.spill.compress": 0.9087387634833884, "spark.speculation.interval": 967.7774021701201, "spark.speculation.multiplier": 5.398669067394129, "spark.storage.memoryMapThreshold": 278.54029030662025, "spark.streaming.stopGracefullyOnShutdown": 0.9645295464361524, "spark.streaming.unpersist": 0.4417618903563535, "spark.task.maxFailures": 7.729399118029048, "spark.task.reaper.pollingInterval": 8.676227858506934, "spark.task.reaper.threadDump": 0.37390730934605165}, "datetime": {"datetime": "2022-02-15 12:40:30", "elapsed": 239.670653, "delta": 239.667991}}
