{"target": -129.463, "params": {"spark.broadcast.blockSize": 327.49810883304724, "spark.cleaner.periodicGC.interval": 59.85894670724771, "spark.cleaner.referenceTracking.blocking": 0.34551494308479147, "spark.cleaner.referenceTracking.cleanCheckpoints": 0.6267119220357181, "spark.default.parallelism": 295.7642726558273, "spark.driver.maxResultSize": 247.09126979982005, "spark.driver.memoryOverhead": 1740.8045125496717, "spark.executor.cores": 4.898867918108088, "spark.files.fetchTimeout": 70.13064591413637, "spark.files.maxPartitionBytes": 139647511.11080712, "spark.files.openCostInBytes": 3772983.122785994, "spark.files.useFetchCache": 0.7235116211401003, "spark.io.compression.snappy.blockSize": 57.256217567137526, "spark.kryoserializer.buffer": 61.219738461333066, "spark.kryoserializer.buffer.max": 46.02830407123356, "spark.locality.wait": 4.98641548603811, "spark.maxRemoteBlockSizeFetchToMem": 1204402165.0021384, "spark.memory.offHeap.enabled": 0.9720199156758048, "spark.memory.offHeap.size": 989.847161524359, "spark.memory.storageFraction": 0.8927645941508844, "spark.python.worker.memory": 602.4481815670019, "spark.rdd.compress": 0.11866566139865664, "spark.reducer.maxReqsInFlight": 1690902790.754017, "spark.rpc.io.backLog": 118.6500845351526, "spark.rpc.lookupTimeout": 38.51993854927764, "spark.serializer.objectStreamReset": 205.74742355388514, "spark.shuffle.io.maxRetries": 7.820970285288771, "spark.shuffle.io.numConnectionsPerPeer": 1.862163132567662, "spark.shuffle.maxChunksBeingTransferred": 8.29866033944636e+18, "spark.shuffle.service.index.cache.size": 69.83112995337257, "spark.shuffle.sort.bypassMergeThreshold": 779.2650611833333, "spark.shuffle.spill.compress": 0.4816192687269666, "spark.speculation.interval": 881.9635545325249, "spark.speculation.multiplier": 3.6083055522244516, "spark.storage.memoryMapThreshold": 128.4436608029852, "spark.streaming.stopGracefullyOnShutdown": 0.46774740825439, "spark.task.maxFailures": 7.331723058403199, "spark.task.reaper.threadDump": 0.3575796651229314}, "datetime": {"datetime": "2022-02-15 12:57:17", "elapsed": 0.001781, "delta": 0.000187}}
{"target": -509.72, "params": {"spark.broadcast.blockSize": 314.52331949360456, "spark.cleaner.periodicGC.interval": 70.99597423261656, "spark.cleaner.referenceTracking.blocking": 0.37366497991600556, "spark.cleaner.referenceTracking.cleanCheckpoints": 0.3929094723717934, "spark.default.parallelism": 313.97807673353867, "spark.driver.maxResultSize": 176.77629952956696, "spark.driver.memoryOverhead": 635.3988053799965, "spark.executor.cores": 7.692828138518769, "spark.files.fetchTimeout": 56.37887156959803, "spark.files.maxPartitionBytes": 206548139.12992504, "spark.files.openCostInBytes": 5146540.0960636465, "spark.files.useFetchCache": 0.5742388797983446, "spark.io.compression.snappy.blockSize": 128.31223304119777, "spark.kryoserializer.buffer": 67.46006028600866, "spark.kryoserializer.buffer.max": 72.04850531095853, "spark.locality.wait": 5.566088122273764, "spark.maxRemoteBlockSizeFetchToMem": 1275318151.1186774, "spark.memory.offHeap.enabled": 0.8287229937114629, "spark.memory.offHeap.size": 877.6936505337226, "spark.memory.storageFraction": 0.6649273412005219, "spark.python.worker.memory": 538.8023809709596, "spark.rdd.compress": 0.6419978603800008, "spark.reducer.maxReqsInFlight": 1141670143.7786236, "spark.rpc.io.backLog": 84.92200116338765, "spark.rpc.lookupTimeout": 223.10563249123572, "spark.serializer.objectStreamReset": 281.9208976262489, "spark.shuffle.io.maxRetries": 2.2433294787001543, "spark.shuffle.io.numConnectionsPerPeer": 2.3169227957061067, "spark.shuffle.maxChunksBeingTransferred": 4.3717390816861e+18, "spark.shuffle.service.index.cache.size": 51.197715576323496, "spark.shuffle.sort.bypassMergeThreshold": 312.5719810048546, "spark.shuffle.spill.compress": 0.07007060899352935, "spark.speculation.interval": 284.19759557670386, "spark.speculation.multiplier": 2.227913500849155, "spark.storage.memoryMapThreshold": 237.01253120848145, "spark.streaming.stopGracefullyOnShutdown": 0.3204491442812696, "spark.task.maxFailures": 4.706934593702337, "spark.task.reaper.threadDump": 0.7870222290434329}, "datetime": {"datetime": "2022-02-15 12:57:17", "elapsed": 0.001985, "delta": 0.000204}}
{"target": -921.161, "params": {"spark.broadcast.blockSize": 1.6651989522921522, "spark.cleaner.periodicGC.interval": 10.0, "spark.cleaner.referenceTracking.blocking": 0.0, "spark.cleaner.referenceTracking.cleanCheckpoints": 0.0, "spark.default.parallelism": 8.0, "spark.driver.maxResultSize": 1.0, "spark.driver.memoryOverhead": 384.0, "spark.executor.cores": 1.0, "spark.files.fetchTimeout": 20.0, "spark.files.maxPartitionBytes": 33554432.0, "spark.files.openCostInBytes": 2097152.0, "spark.files.useFetchCache": 0.22546740988170297, "spark.io.compression.snappy.blockSize": 2.0, "spark.kryoserializer.buffer": 2.0, "spark.kryoserializer.buffer.max": 8.0, "spark.locality.wait": 1.4840419688809297, "spark.maxRemoteBlockSizeFetchToMem": 200.0, "spark.memory.offHeap.enabled": 0.3664762076866079, "spark.memory.offHeap.size": 10.0, "spark.memory.storageFraction": 0.5, "spark.python.worker.memory": 128.0, "spark.rdd.compress": 0.0, "spark.reducer.maxReqsInFlight": 10.0, "spark.rpc.io.backLog": 32.0, "spark.rpc.lookupTimeout": 30.0, "spark.serializer.objectStreamReset": 50.0, "spark.shuffle.io.maxRetries": 2.0, "spark.shuffle.io.numConnectionsPerPeer": 1.0, "spark.shuffle.maxChunksBeingTransferred": 100.0, "spark.shuffle.service.index.cache.size": 50.0, "spark.shuffle.sort.bypassMergeThreshold": 100.0, "spark.shuffle.spill.compress": 0.0, "spark.speculation.interval": 10.0, "spark.speculation.multiplier": 1.0, "spark.storage.memoryMapThreshold": 50.0, "spark.streaming.stopGracefullyOnShutdown": 0.0, "spark.task.maxFailures": 2.0, "spark.task.reaper.threadDump": 0.0}, "datetime": {"datetime": "2022-02-15 12:57:17", "elapsed": 0.002207, "delta": 0.000222}}
{"target": -164.999, "params": {"spark.broadcast.blockSize": 479.956912260576, "spark.cleaner.periodicGC.interval": 74.86866309554206, "spark.cleaner.referenceTracking.blocking": 0.5368927173105491, "spark.cleaner.referenceTracking.cleanCheckpoints": 0.7504018413331224, "spark.default.parallelism": 457.9076358942912, "spark.driver.maxResultSize": 341.2488328261435, "spark.driver.memoryOverhead": 1553.81563997525, "spark.executor.cores": 7.724038531837731, "spark.files.fetchTimeout": 39.72479758066101, "spark.files.maxPartitionBytes": 244696152.88628918, "spark.files.openCostInBytes": 8207746.965349964, "spark.files.useFetchCache": 0.7094131965195288, "spark.io.compression.snappy.blockSize": 131.98027895213878, "spark.kryoserializer.buffer": 40.643585571675565, "spark.kryoserializer.buffer.max": 117.2246768211479, "spark.locality.wait": 3.0696403236538954, "spark.maxRemoteBlockSizeFetchToMem": 2005577660.1103451, "spark.memory.offHeap.enabled": 0.841194403211428, "spark.memory.offHeap.size": 465.73232947435287, "spark.memory.storageFraction": 0.808754166052684, "spark.python.worker.memory": 442.8861728688211, "spark.rdd.compress": 0.7265016702070541, "spark.reducer.maxReqsInFlight": 2025956532.1334553, "spark.rpc.io.backLog": 125.84338080104911, "spark.rpc.lookupTimeout": 237.6300326314304, "spark.serializer.objectStreamReset": 73.6680200053225, "spark.shuffle.io.maxRetries": 6.031989644674784, "spark.shuffle.io.numConnectionsPerPeer": 3.481167379360904, "spark.shuffle.maxChunksBeingTransferred": 7.047231359749858e+18, "spark.shuffle.service.index.cache.size": 74.62261515061388, "spark.shuffle.sort.bypassMergeThreshold": 572.8398189939445, "spark.shuffle.spill.compress": 0.3275448646189132, "spark.speculation.interval": 719.9058003529274, "spark.speculation.multiplier": 4.631885664276007, "spark.storage.memoryMapThreshold": 90.62808364213889, "spark.streaming.stopGracefullyOnShutdown": 0.9849801145817976, "spark.task.maxFailures": 6.248692131660444, "spark.task.reaper.threadDump": 0.3675267587236415}, "datetime": {"datetime": "2022-02-15 12:57:17", "elapsed": 0.002378, "delta": 0.000171}}
{"target": -175.969, "params": {"spark.broadcast.blockSize": 185.0570740721512, "spark.cleaner.periodicGC.interval": 40.43489564426535, "spark.cleaner.referenceTracking.blocking": 0.9435266946308053, "spark.cleaner.referenceTracking.cleanCheckpoints": 0.5994476391545291, "spark.default.parallelism": 411.10660573139506, "spark.driver.maxResultSize": 117.45033645311537, "spark.driver.memoryOverhead": 1828.1511310606052, "spark.executor.cores": 3.2762806186975055, "spark.files.fetchTimeout": 83.0252599685641, "spark.files.maxPartitionBytes": 255367740.5518076, "spark.files.openCostInBytes": 8059426.19292591, "spark.files.useFetchCache": 0.6185586454101343, "spark.io.compression.snappy.blockSize": 78.98105270447108, "spark.kryoserializer.buffer": 57.268259840050966, "spark.kryoserializer.buffer.max": 87.32743612110234, "spark.locality.wait": 9.446066330167081, "spark.maxRemoteBlockSizeFetchToMem": 1559577063.794913, "spark.memory.offHeap.enabled": 0.5812932573458713, "spark.memory.offHeap.size": 523.2691386557079, "spark.memory.storageFraction": 0.9228111222435875, "spark.python.worker.memory": 594.2312300473217, "spark.rdd.compress": 0.7339498855794714, "spark.reducer.maxReqsInFlight": 548307318.3500247, "spark.rpc.io.backLog": 84.80381929794558, "spark.rpc.lookupTimeout": 105.26551489168683, "spark.serializer.objectStreamReset": 265.3574839004914, "spark.shuffle.io.maxRetries": 3.6483684418784224, "spark.shuffle.io.numConnectionsPerPeer": 3.74164514206271, "spark.shuffle.maxChunksBeingTransferred": 1.7956127289080276e+18, "spark.shuffle.service.index.cache.size": 156.9947701772266, "spark.shuffle.sort.bypassMergeThreshold": 111.49800554479361, "spark.shuffle.spill.compress": 0.6342323374279296, "spark.speculation.interval": 480.36852743060683, "spark.speculation.multiplier": 3.844022139479242, "spark.storage.memoryMapThreshold": 497.44625983932605, "spark.streaming.stopGracefullyOnShutdown": 0.6330922096886396, "spark.task.maxFailures": 7.674842587302579, "spark.task.reaper.threadDump": 0.7877396092327813}, "datetime": {"datetime": "2022-02-15 12:57:17", "elapsed": 0.002572, "delta": 0.000194}}
{"target": -230.78, "params": {"spark.broadcast.blockSize": 269.95433282866054, "spark.cleaner.periodicGC.interval": 49.87355982161135, "spark.cleaner.referenceTracking.blocking": 0.7488425432610167, "spark.cleaner.referenceTracking.cleanCheckpoints": 0.9032523022723954, "spark.default.parallelism": 372.1810401126883, "spark.driver.maxResultSize": 24.37384436232228, "spark.driver.memoryOverhead": 1494.3337115787738, "spark.executor.cores": 5.436423346836824, "spark.files.fetchTimeout": 39.76006012740346, "spark.files.maxPartitionBytes": 196882780.8171794, "spark.files.openCostInBytes": 3868123.53873705, "spark.files.useFetchCache": 0.8478632445385943, "spark.io.compression.snappy.blockSize": 222.82223074691845, "spark.kryoserializer.buffer": 119.98612880680335, "spark.kryoserializer.buffer.max": 105.67297568374858, "spark.locality.wait": 7.594006069382294, "spark.maxRemoteBlockSizeFetchToMem": 1086640567.164593, "spark.memory.offHeap.enabled": 0.6489079461468547, "spark.memory.offHeap.size": 773.1952861099455, "spark.memory.storageFraction": 0.9874777623108109, "spark.python.worker.memory": 615.817052710785, "spark.rdd.compress": 0.5623718957221984, "spark.reducer.maxReqsInFlight": 1802941315.4461935, "spark.rpc.io.backLog": 99.29724503683772, "spark.rpc.lookupTimeout": 163.27314682017325, "spark.serializer.objectStreamReset": 229.0688210148528, "spark.shuffle.io.maxRetries": 8.735053585224342, "spark.shuffle.io.numConnectionsPerPeer": 4.4867156978555, "spark.shuffle.maxChunksBeingTransferred": 8.385017868797999e+17, "spark.shuffle.service.index.cache.size": 160.72930737506363, "spark.shuffle.sort.bypassMergeThreshold": 779.1673776800419, "spark.shuffle.spill.compress": 0.9087387634833884, "spark.speculation.interval": 967.7774021701201, "spark.speculation.multiplier": 5.398669067394129, "spark.storage.memoryMapThreshold": 278.54029030662025, "spark.streaming.stopGracefullyOnShutdown": 0.9645295464361524, "spark.task.maxFailures": 7.729399118029048, "spark.task.reaper.threadDump": 0.37390730934605165}, "datetime": {"datetime": "2022-02-15 12:57:17", "elapsed": 0.002771, "delta": 0.000199}}
{"target": -189.675, "params": {"spark.broadcast.blockSize": 457.77469995306086, "spark.cleaner.periodicGC.interval": 40.506471747326884, "spark.cleaner.referenceTracking.blocking": 0.9651326600854343, "spark.cleaner.referenceTracking.cleanCheckpoints": 0.8109664441372597, "spark.default.parallelism": 93.28712775544021, "spark.driver.maxResultSize": 417.7615635953423, "spark.driver.memoryOverhead": 1650.0465120146016, "spark.executor.cores": 6.158695245982111, "spark.files.fetchTimeout": 84.64051731145982, "spark.files.maxPartitionBytes": 167286478.26948252, "spark.files.openCostInBytes": 8341298.174796824, "spark.files.useFetchCache": 0.1490127308983754, "spark.io.compression.snappy.blockSize": 197.90611034272192, "spark.kryoserializer.buffer": 57.52505068935133, "spark.kryoserializer.buffer.max": 48.30753486670722, "spark.locality.wait": 4.648063658709917, "spark.maxRemoteBlockSizeFetchToMem": 1922315599.793082, "spark.memory.offHeap.enabled": 0.26420706908843583, "spark.memory.offHeap.size": 806.3833628694824, "spark.memory.storageFraction": 0.9356050389297931, "spark.python.worker.memory": 889.4850470467288, "spark.rdd.compress": 0.8856334616602214, "spark.reducer.maxReqsInFlight": 2084293901.225536, "spark.rpc.io.backLog": 124.95634255676163, "spark.rpc.lookupTimeout": 141.84765694856856, "spark.serializer.objectStreamReset": 183.13955609125514, "spark.shuffle.io.maxRetries": 4.579489437308994, "spark.shuffle.io.numConnectionsPerPeer": 3.594353047816071, "spark.shuffle.maxChunksBeingTransferred": 8.82508607253798e+18, "spark.shuffle.service.index.cache.size": 101.55860164586264, "spark.shuffle.sort.bypassMergeThreshold": 923.2680913849455, "spark.shuffle.spill.compress": 0.8352322304110309, "spark.speculation.interval": 522.0785748575883, "spark.speculation.multiplier": 2.016270798423682, "spark.storage.memoryMapThreshold": 384.1851696047564, "spark.streaming.stopGracefullyOnShutdown": 0.7483565632818369, "spark.task.maxFailures": 6.1816382841127835, "spark.task.reaper.threadDump": 0.5541557691852426}, "datetime": {"datetime": "2022-02-15 12:57:17", "elapsed": 0.00297, "delta": 0.000199}}
{"target": -316.652, "params": {"spark.broadcast.blockSize": 146.65281834681198, "spark.cleaner.periodicGC.interval": 47.07162074583504, "spark.cleaner.referenceTracking.blocking": 0.5070812259845389, "spark.cleaner.referenceTracking.cleanCheckpoints": 0.3742898601107766, "spark.default.parallelism": 439.21738836597046, "spark.driver.maxResultSize": 2.6623066795089017, "spark.driver.memoryOverhead": 1415.3248814342098, "spark.executor.cores": 7.383822029503787, "spark.files.fetchTimeout": 79.03176394626021, "spark.files.maxPartitionBytes": 194769558.92624417, "spark.files.openCostInBytes": 7213215.014189808, "spark.files.useFetchCache": 0.5707287061152493, "spark.io.compression.snappy.blockSize": 54.27040047949608, "spark.kryoserializer.buffer": 107.44116005019595, "spark.kryoserializer.buffer.max": 55.99963155107333, "spark.locality.wait": 9.655415809656956, "spark.maxRemoteBlockSizeFetchToMem": 720096401.3408241, "spark.memory.offHeap.enabled": 0.899020525942408, "spark.memory.offHeap.size": 160.51775086948385, "spark.memory.storageFraction": 0.9446010912207226, "spark.python.worker.memory": 609.2093941526167, "spark.rdd.compress": 0.5940551980707522, "spark.reducer.maxReqsInFlight": 2062949924.720928, "spark.rpc.io.backLog": 69.29392585724594, "spark.rpc.lookupTimeout": 154.19858232551724, "spark.serializer.objectStreamReset": 107.09038029055408, "spark.shuffle.io.maxRetries": 2.9751663555753147, "spark.shuffle.io.numConnectionsPerPeer": 3.8129661380948243, "spark.shuffle.maxChunksBeingTransferred": 8.084046336964975e+18, "spark.shuffle.service.index.cache.size": 160.44084317670718, "spark.shuffle.sort.bypassMergeThreshold": 752.6674862384277, "spark.shuffle.spill.compress": 0.7036965381734809, "spark.speculation.interval": 879.0397520379917, "spark.speculation.multiplier": 3.0287859409152404, "spark.storage.memoryMapThreshold": 457.5941040932647, "spark.streaming.stopGracefullyOnShutdown": 0.9849920185692975, "spark.task.maxFailures": 6.527557744872251, "spark.task.reaper.threadDump": 0.3091130638550921}, "datetime": {"datetime": "2022-02-15 12:57:17", "elapsed": 0.003178, "delta": 0.000208}}
{"target": -272.096, "params": {"spark.broadcast.blockSize": 288.7861844182948, "spark.cleaner.periodicGC.interval": 18.886186838879333, "spark.cleaner.referenceTracking.blocking": 0.39585372924948325, "spark.cleaner.referenceTracking.cleanCheckpoints": 0.8985566684458022, "spark.default.parallelism": 240.4478320320755, "spark.driver.maxResultSize": 436.90935455778066, "spark.driver.memoryOverhead": 1770.739654119833, "spark.executor.cores": 6.390542583470987, "spark.files.fetchTimeout": 80.5421479869097, "spark.files.maxPartitionBytes": 41445842.31455074, "spark.files.openCostInBytes": 6367761.816729801, "spark.files.useFetchCache": 0.758282127901009, "spark.io.compression.snappy.blockSize": 137.56682603148687, "spark.kryoserializer.buffer": 50.35217875336252, "spark.kryoserializer.buffer.max": 104.35331232792149, "spark.locality.wait": 7.84382951563376, "spark.maxRemoteBlockSizeFetchToMem": 782645070.0793577, "spark.memory.offHeap.enabled": 0.8814510193127238, "spark.memory.offHeap.size": 422.0087406412337, "spark.memory.storageFraction": 0.9203406829802834, "spark.python.worker.memory": 977.2920352178571, "spark.rdd.compress": 0.994234608237421, "spark.reducer.maxReqsInFlight": 1976702048.8468108, "spark.rpc.io.backLog": 107.33096812241372, "spark.rpc.lookupTimeout": 196.86890994172933, "spark.serializer.objectStreamReset": 95.61744859720856, "spark.shuffle.io.maxRetries": 3.2587900804537737, "spark.shuffle.io.numConnectionsPerPeer": 1.4755189905718278, "spark.shuffle.maxChunksBeingTransferred": 6.734212002645157e+18, "spark.shuffle.service.index.cache.size": 50.601044208430004, "spark.shuffle.sort.bypassMergeThreshold": 403.39960321677324, "spark.shuffle.spill.compress": 0.10081191064067063, "spark.speculation.interval": 809.7997922514804, "spark.speculation.multiplier": 3.4020665295510755, "spark.storage.memoryMapThreshold": 235.0422483773003, "spark.streaming.stopGracefullyOnShutdown": 0.10908796607302707, "spark.task.maxFailures": 6.999581906695305, "spark.task.reaper.threadDump": 0.7445377339745158}, "datetime": {"datetime": "2022-02-15 12:57:17", "elapsed": 0.003411, "delta": 0.000233}}
{"target": -192.6, "params": {"spark.broadcast.blockSize": 240.8830347094078, "spark.cleaner.periodicGC.interval": 57.72491423952019, "spark.cleaner.referenceTracking.blocking": 0.8214267955932454, "spark.cleaner.referenceTracking.cleanCheckpoints": 0.7859855451088532, "spark.default.parallelism": 318.3835893660855, "spark.driver.maxResultSize": 432.0891977570513, "spark.driver.memoryOverhead": 749.1644028737479, "spark.executor.cores": 1.6813931747193278, "spark.files.fetchTimeout": 84.56110835693259, "spark.files.maxPartitionBytes": 119813108.98814195, "spark.files.openCostInBytes": 7205175.63364037, "spark.files.useFetchCache": 0.2555820192711151, "spark.io.compression.snappy.blockSize": 3.735129684266556, "spark.kryoserializer.buffer": 105.61686378678883, "spark.kryoserializer.buffer.max": 115.4978896706672, "spark.locality.wait": 1.8798190233777534, "spark.maxRemoteBlockSizeFetchToMem": 1805043354.2630918, "spark.memory.offHeap.enabled": 0.6550172167249129, "spark.memory.offHeap.size": 876.6938822993096, "spark.memory.storageFraction": 0.5872329525293785, "spark.python.worker.memory": 664.9223885422101, "spark.rdd.compress": 0.8629370191397124, "spark.reducer.maxReqsInFlight": 1975765454.263266, "spark.rpc.io.backLog": 83.53580328232215, "spark.rpc.lookupTimeout": 173.49857236094917, "spark.serializer.objectStreamReset": 260.18192289031435, "spark.shuffle.io.maxRetries": 6.149859962360313, "spark.shuffle.io.numConnectionsPerPeer": 3.644385764641615, "spark.shuffle.maxChunksBeingTransferred": 5.720817886661888e+18, "spark.shuffle.service.index.cache.size": 172.44941846756365, "spark.shuffle.sort.bypassMergeThreshold": 177.9350154780574, "spark.shuffle.spill.compress": 0.6883535833200951, "spark.speculation.interval": 902.4549322515429, "spark.speculation.multiplier": 5.102960928222622, "spark.storage.memoryMapThreshold": 448.92554066502896, "spark.streaming.stopGracefullyOnShutdown": 0.7544580774948997, "spark.task.maxFailures": 6.439195343931725, "spark.task.reaper.threadDump": 0.7677026594239854}, "datetime": {"datetime": "2022-02-15 12:57:17", "elapsed": 0.003612, "delta": 0.000201}}
