{"target": -259.075, "params": {"spark.broadcast.blockSize": 209.09398034658443, "spark.cleaner.periodicGC.interval": 34.18660581054718, "spark.cleaner.referenceTracking.blocking": 0.0923385947687978, "spark.cleaner.referenceTracking.cleanCheckpoints": 0.34556072704304774, "spark.default.parallelism": 203.2095973214896, "spark.driver.maxResultSize": 269.8695502676751, "spark.driver.memoryOverhead": 1081.5396719670825, "spark.executor.cores": 7.166975503570836, "spark.executor.instances": 12.537409236691346, "spark.executor.memory": 1.4108138979688924, "spark.files.fetchTimeout": 66.93272571248815, "spark.files.maxPartitionBytes": 131571411.3001084, "spark.files.openCostInBytes": 5612124.473313995, "spark.files.useFetchCache": 0.1981014890848788, "spark.hadoop.mapreduce.fileoutputcommitter.algorithm.version": 1.8007445686755368, "spark.io.compression.snappy.blockSize": 81.60974125244768, "spark.kryo.referenceTracking": 0.6923226156693141, "spark.kryoserializer.buffer": 112.42503318930083, "spark.kryoserializer.buffer.max": 115.35279962046168, "spark.locality.wait": 1.7653979023280013, "spark.maxRemoteBlockSizeFetchToMem": 83869680.52273901, "spark.memory.offHeap.enabled": 0.8781425034294131, "spark.memory.offHeap.size": 107.36336549471959, "spark.memory.storageFraction": 0.7105538125025261, "spark.python.worker.memory": 731.3168433648127, "spark.rdd.compress": 0.6865009276815837, "spark.reducer.maxReqsInFlight": 39273786.34556972, "spark.rpc.io.backLog": 126.9306645350235, "spark.rpc.lookupTimeout": 187.1147874197663, "spark.rpc.message.maxSize": 140.9415520401382, "spark.scheduler.listenerbus.eventqueue.capacity": 10062.083471166294, "spark.scheduler.revive.interval": 15.81321625214474, "spark.serializer.objectStreamReset": 82.50714302956942, "spark.shuffle.io.maxRetries": 4.12437327497781, "spark.shuffle.io.numConnectionsPerPeer": 2.966292637121353, "spark.shuffle.io.preferDirectBufs": 0.053362545117080384, "spark.shuffle.maxChunksBeingTransferred": 5.295300268361052e+18, "spark.shuffle.service.index.cache.size": 138.39583053549262, "spark.shuffle.sort.bypassMergeThreshold": 729.7825240188381, "spark.shuffle.spill.compress": 0.10233442882782584, "spark.speculation.interval": 419.9154279413726, "spark.speculation.multiplier": 4.472000788638725, "spark.storage.memoryMapThreshold": 348.70759034890494, "spark.streaming.stopGracefullyOnShutdown": 0.13927634725075855, "spark.streaming.unpersist": 0.8073912887095238, "spark.task.maxFailures": 4.386061021913202, "spark.task.reaper.pollingInterval": 18.767645866732575, "spark.task.reaper.threadDump": 0.34776585974550656}, "datetime": {"datetime": "2022-02-15 12:36:30", "elapsed": 0.0, "delta": 0.0}}
{"target": -146.669, "params": {"spark.broadcast.blockSize": 375.6552394649416, "spark.cleaner.periodicGC.interval": 59.893776564448714, "spark.cleaner.referenceTracking.blocking": 0.34889834197784253, "spark.cleaner.referenceTracking.cleanCheckpoints": 0.8958862181960668, "spark.default.parallelism": 218.6208654166771, "spark.driver.maxResultSize": 482.45518352704437, "spark.driver.memoryOverhead": 1487.9666523698977, "spark.executor.cores": 6.595261481882096, "spark.executor.instances": 13.393871104484855, "spark.executor.memory": 7.748682002199108, "spark.files.fetchTimeout": 60.487273007099226, "spark.files.maxPartitionBytes": 129418022.16465575, "spark.files.openCostInBytes": 3588396.817011878, "spark.files.useFetchCache": 0.5736794866722859, "spark.hadoop.mapreduce.fileoutputcommitter.algorithm.version": 1.002870327031159, "spark.io.compression.snappy.blockSize": 84.96780505011242, "spark.kryo.referenceTracking": 0.5270581022576093, "spark.kryoserializer.buffer": 113.62870451315759, "spark.kryoserializer.buffer.max": 50.87237120029997, "spark.locality.wait": 9.176816358278193, "spark.maxRemoteBlockSizeFetchToMem": 1338655411.0225203, "spark.memory.offHeap.enabled": 0.9294372337437613, "spark.memory.offHeap.size": 693.9879483417548, "spark.memory.storageFraction": 0.9986614252257402, "spark.python.worker.memory": 941.2232437684066, "spark.rdd.compress": 0.06600017272206249, "spark.reducer.maxReqsInFlight": 1618936789.0444548, "spark.rpc.io.backLog": 100.30637682833328, "spark.rpc.lookupTimeout": 56.09690201415459, "spark.rpc.message.maxSize": 10.920186786057998, "spark.scheduler.listenerbus.eventqueue.capacity": 6431.799216854826, "spark.scheduler.revive.interval": 28.53545497691676, "spark.serializer.objectStreamReset": 260.50772308990145, "spark.shuffle.io.maxRetries": 9.756765986557397, "spark.shuffle.io.numConnectionsPerPeer": 3.24412087702284, "spark.shuffle.io.preferDirectBufs": 0.01864728937294302, "spark.shuffle.maxChunksBeingTransferred": 7.384533004994694e+18, "spark.shuffle.service.index.cache.size": 171.06577934281688, "spark.shuffle.sort.bypassMergeThreshold": 449.07457965775455, "spark.shuffle.spill.compress": 0.8635418545594287, "spark.speculation.interval": 749.6504263098128, "spark.speculation.multiplier": 3.7812011699520944, "spark.storage.memoryMapThreshold": 70.04834534514278, "spark.streaming.stopGracefullyOnShutdown": 0.07197427968948678, "spark.streaming.unpersist": 0.967276330000272, "spark.task.maxFailures": 5.408602771519653, "spark.task.reaper.pollingInterval": 7.289537657695498, "spark.task.reaper.threadDump": 0.7438258540750929}, "datetime": {"datetime": "2022-02-15 12:36:30", "elapsed": 0.000266, "delta": 0.000266}}
{"target": -181.053, "params": {"spark.broadcast.blockSize": 47.076958789630105, "spark.cleaner.periodicGC.interval": 41.741397938453595, "spark.cleaner.referenceTracking.blocking": 0.4191945144032948, "spark.cleaner.referenceTracking.cleanCheckpoints": 0.20445224973151743, "spark.default.parallelism": 440.03377870434514, "spark.driver.maxResultSize": 14.666409005765155, "spark.driver.memoryOverhead": 1499.6579369368612, "spark.executor.cores": 4.755743221304143, "spark.executor.instances": 3.684643263142805, "spark.executor.memory": 3.971522336273182, "spark.files.fetchTimeout": 76.05211980728757, "spark.files.maxPartitionBytes": 260980702.40482563, "spark.files.openCostInBytes": 4069046.4262250373, "spark.files.useFetchCache": 0.8763891522960383, "spark.hadoop.mapreduce.fileoutputcommitter.algorithm.version": 1.8946066635038474, "spark.io.compression.snappy.blockSize": 11.91991494115212, "spark.kryo.referenceTracking": 0.1698304195645689, "spark.kryoserializer.buffer": 112.64595543210605, "spark.kryoserializer.buffer.max": 19.801620059966012, "spark.locality.wait": 4.78996862504547, "spark.maxRemoteBlockSizeFetchToMem": 2057051619.613371, "spark.memory.offHeap.enabled": 0.6918771139504734, "spark.memory.offHeap.size": 322.3604746960023, "spark.memory.storageFraction": 0.8432504638407918, "spark.python.worker.memory": 782.1258426320117, "spark.rdd.compress": 0.7481656543798394, "spark.reducer.maxReqsInFlight": 1694964452.87192, "spark.rpc.io.backLog": 74.9977785128869, "spark.rpc.lookupTimeout": 220.80505564955007, "spark.rpc.message.maxSize": 147.51346003846606, "spark.scheduler.listenerbus.eventqueue.capacity": 2348.6052416653474, "spark.scheduler.revive.interval": 14.746239649866858, "spark.serializer.objectStreamReset": 172.8932898200846, "spark.shuffle.io.maxRetries": 6.714444295226274, "spark.shuffle.io.numConnectionsPerPeer": 3.7990334400837247, "spark.shuffle.io.preferDirectBufs": 0.10233442882782584, "spark.shuffle.maxChunksBeingTransferred": 3.8189924197472855e+18, "spark.shuffle.service.index.cache.size": 112.1268904290354, "spark.shuffle.sort.bypassMergeThreshold": 144.95811305147845, "spark.shuffle.spill.compress": 0.5358964059155116, "spark.speculation.interval": 667.1566987675909, "spark.speculation.multiplier": 3.574445560291543, "spark.storage.memoryMapThreshold": 111.86361686580689, "spark.streaming.stopGracefullyOnShutdown": 0.34776585974550656, "spark.streaming.unpersist": 0.7508121031361555, "spark.task.maxFailures": 6.355987912102709, "spark.task.reaper.pollingInterval": 13.602427519945351, "spark.task.reaper.threadDump": 0.7509424340273372}, "datetime": {"datetime": "2022-02-15 12:36:30", "elapsed": 0.000458, "delta": 0.000192}}
{"target": -221.978, "params": {"spark.broadcast.blockSize": 93.28247248386644, "spark.cleaner.periodicGC.interval": 37.9033588591242, "spark.cleaner.referenceTracking.blocking": 0.17761652016074347, "spark.cleaner.referenceTracking.cleanCheckpoints": 0.7864640461024726, "spark.default.parallelism": 363.654908200584, "spark.driver.maxResultSize": 348.0332662085242, "spark.driver.memoryOverhead": 913.7710050914555, "spark.executor.cores": 7.706356070220653, "spark.executor.instances": 12.240131577385835, "spark.executor.memory": 12.405429134579748, "spark.files.fetchTimeout": 87.24639422136097, "spark.files.maxPartitionBytes": 101562446.39312789, "spark.files.openCostInBytes": 7094532.859998507, "spark.files.useFetchCache": 0.6822342049844854, "spark.hadoop.mapreduce.fileoutputcommitter.algorithm.version": 1.0843137623662695, "spark.io.compression.snappy.blockSize": 130.7670626811007, "spark.kryo.referenceTracking": 0.8741545866540111, "spark.kryoserializer.buffer": 48.025921977568125, "spark.kryoserializer.buffer.max": 119.56221418782407, "spark.locality.wait": 7.792784953033649, "spark.maxRemoteBlockSizeFetchToMem": 10365824.391471488, "spark.memory.offHeap.enabled": 0.5926352834147437, "spark.memory.offHeap.size": 114.92847291621355, "spark.memory.storageFraction": 0.8642945896536929, "spark.python.worker.memory": 665.9900455915925, "spark.rdd.compress": 0.25734445426709174, "spark.reducer.maxReqsInFlight": 1627541383.7289054, "spark.rpc.io.backLog": 68.0822254435442, "spark.rpc.lookupTimeout": 82.63814038665275, "spark.rpc.message.maxSize": 188.95101394970249, "spark.scheduler.listenerbus.eventqueue.capacity": 7658.691820886593, "spark.scheduler.revive.interval": 36.06177356040933, "spark.serializer.objectStreamReset": 249.36949133165615, "spark.shuffle.io.maxRetries": 5.964801530513161, "spark.shuffle.io.numConnectionsPerPeer": 3.9323744640943237, "spark.shuffle.io.preferDirectBufs": 0.35238289460385586, "spark.shuffle.maxChunksBeingTransferred": 9.161444059797034e+18, "spark.shuffle.service.index.cache.size": 168.02249531572969, "spark.shuffle.sort.bypassMergeThreshold": 632.3484354698016, "spark.shuffle.spill.compress": 0.7034193513618049, "spark.speculation.interval": 235.22562043374668, "spark.speculation.multiplier": 4.596660219150223, "spark.storage.memoryMapThreshold": 190.76621383912394, "spark.streaming.stopGracefullyOnShutdown": 0.10282430793707698, "spark.streaming.unpersist": 0.7497800846932486, "spark.task.maxFailures": 4.838541520092291, "spark.task.reaper.pollingInterval": 11.83811336200655, "spark.task.reaper.threadDump": 0.206940916686997}, "datetime": {"datetime": "2022-02-15 12:36:30", "elapsed": 0.000622, "delta": 0.000164}}
{"target": -220.127, "params": {"spark.broadcast.blockSize": 407.08994747012423, "spark.cleaner.periodicGC.interval": 89.26107697910996, "spark.cleaner.referenceTracking.blocking": 0.3760963631761455, "spark.cleaner.referenceTracking.cleanCheckpoints": 0.08054521685415328, "spark.default.parallelism": 169.49374809078077, "spark.driver.maxResultSize": 324.2558657671032, "spark.driver.memoryOverhead": 472.1047124151002, "spark.executor.cores": 9.917901714426623, "spark.executor.instances": 9.12262828161596, "spark.executor.memory": 7.022354302276836, "spark.files.fetchTimeout": 53.854690614559125, "spark.files.maxPartitionBytes": 236229101.43727642, "spark.files.openCostInBytes": 2949737.9230958493, "spark.files.useFetchCache": 0.9952442082070267, "spark.hadoop.mapreduce.fileoutputcommitter.algorithm.version": 1.8763129229159288, "spark.io.compression.snappy.blockSize": 72.32290663162051, "spark.kryo.referenceTracking": 0.7324456449961402, "spark.kryoserializer.buffer": 46.115641782243834, "spark.kryoserializer.buffer.max": 86.536281039396, "spark.locality.wait": 8.525034686308015, "spark.maxRemoteBlockSizeFetchToMem": 1234544158.4701846, "spark.memory.offHeap.enabled": 0.6173313631842413, "spark.memory.offHeap.size": 389.14883583447164, "spark.memory.storageFraction": 0.9184410948119226, "spark.python.worker.memory": 590.2675647615919, "spark.rdd.compress": 0.9541280213526093, "spark.reducer.maxReqsInFlight": 1484705324.1076846, "spark.rpc.io.backLog": 75.71342830298653, "spark.rpc.lookupTimeout": 123.92841349745001, "spark.rpc.message.maxSize": 122.65976144701408, "spark.scheduler.listenerbus.eventqueue.capacity": 18503.233629800397, "spark.scheduler.revive.interval": 17.801545853586205, "spark.serializer.objectStreamReset": 298.2302847732914, "spark.shuffle.io.maxRetries": 9.414711185481067, "spark.shuffle.io.numConnectionsPerPeer": 3.060915917421575, "spark.shuffle.io.preferDirectBufs": 0.1183282859089988, "spark.shuffle.maxChunksBeingTransferred": 1.0031113627497743e+18, "spark.shuffle.service.index.cache.size": 73.72799796237842, "spark.shuffle.sort.bypassMergeThreshold": 385.1108505800339, "spark.shuffle.spill.compress": 0.8713862583367523, "spark.speculation.interval": 800.3644811559034, "spark.speculation.multiplier": 5.641159687710138, "spark.storage.memoryMapThreshold": 368.8402741568919, "spark.streaming.stopGracefullyOnShutdown": 0.8294878752202222, "spark.streaming.unpersist": 0.99128220775894, "spark.task.maxFailures": 6.332708357696136, "spark.task.reaper.pollingInterval": 15.91225077360176, "spark.task.reaper.threadDump": 0.7805560373062449}, "datetime": {"datetime": "2022-02-15 12:36:30", "elapsed": 0.000785, "delta": 0.000163}}
{"target": -278.201, "params": {"spark.broadcast.blockSize": 182.05958763879363, "spark.cleaner.periodicGC.interval": 51.04317649160021, "spark.cleaner.referenceTracking.blocking": 0.7143072527606359, "spark.cleaner.referenceTracking.cleanCheckpoints": 0.0154902618464835, "spark.default.parallelism": 432.6497710398779, "spark.driver.maxResultSize": 149.20066876901902, "spark.driver.memoryOverhead": 2015.4806694037295, "spark.executor.cores": 4.771636662351658, "spark.executor.instances": 2.3960530482381412, "spark.executor.memory": 10.949265356999522, "spark.files.fetchTimeout": 60.60912818157097, "spark.files.maxPartitionBytes": 252862583.36743703, "spark.files.openCostInBytes": 4052473.930787324, "spark.files.useFetchCache": 0.8114845793516468, "spark.hadoop.mapreduce.fileoutputcommitter.algorithm.version": 1.4245239488630126, "spark.io.compression.snappy.blockSize": 22.741409983279066, "spark.kryo.referenceTracking": 0.8002212461749652, "spark.kryoserializer.buffer": 82.05331153654012, "spark.kryoserializer.buffer.max": 44.924861571723746, "spark.locality.wait": 2.7422857037500226, "spark.maxRemoteBlockSizeFetchToMem": 1995287686.9252295, "spark.memory.offHeap.enabled": 0.6274718855843593, "spark.memory.offHeap.size": 448.8044049751605, "spark.memory.storageFraction": 0.692484314425859, "spark.python.worker.memory": 260.31810378941026, "spark.rdd.compress": 0.9877840687881116, "spark.reducer.maxReqsInFlight": 1336116530.6951253, "spark.rpc.io.backLog": 67.97485655199762, "spark.rpc.lookupTimeout": 151.2929080647598, "spark.rpc.message.maxSize": 324.76725544027937, "spark.scheduler.listenerbus.eventqueue.capacity": 10748.994656299228, "spark.scheduler.revive.interval": 6.068662532232553, "spark.serializer.objectStreamReset": 154.91737855579797, "spark.shuffle.io.maxRetries": 8.809005775951874, "spark.shuffle.io.numConnectionsPerPeer": 4.344314511984058, "spark.shuffle.io.preferDirectBufs": 0.37017361412287764, "spark.shuffle.maxChunksBeingTransferred": 2.269136820227862e+18, "spark.shuffle.service.index.cache.size": 133.34283291303984, "spark.shuffle.sort.bypassMergeThreshold": 660.0331893754344, "spark.shuffle.spill.compress": 0.8881132292915174, "spark.speculation.interval": 543.1205161977755, "spark.speculation.multiplier": 4.0392073363305645, "spark.storage.memoryMapThreshold": 67.22338261119314, "spark.streaming.stopGracefullyOnShutdown": 0.5277980998627385, "spark.streaming.unpersist": 0.7074745743490719, "spark.task.maxFailures": 4.38784533745174, "spark.task.reaper.pollingInterval": 15.309099215515644, "spark.task.reaper.threadDump": 0.3789639370536324}, "datetime": {"datetime": "2022-02-15 12:36:30", "elapsed": 0.000968, "delta": 0.000183}}
{"target": -929.932, "params": {"spark.broadcast.blockSize": 1.0, "spark.cleaner.periodicGC.interval": 10.0, "spark.cleaner.referenceTracking.blocking": 0.0, "spark.cleaner.referenceTracking.cleanCheckpoints": 0.0, "spark.default.parallelism": 8.0, "spark.driver.maxResultSize": 1.331805323992143, "spark.driver.memoryOverhead": 384.0, "spark.executor.cores": 1.0, "spark.executor.instances": 2.0, "spark.executor.memory": 1.0, "spark.files.fetchTimeout": 20.0, "spark.files.maxPartitionBytes": 33554432.0, "spark.files.openCostInBytes": 2097152.0, "spark.files.useFetchCache": 0.0, "spark.hadoop.mapreduce.fileoutputcommitter.algorithm.version": 1.0, "spark.io.compression.snappy.blockSize": 2.0, "spark.kryo.referenceTracking": 0.19132288144154339, "spark.kryoserializer.buffer": 2.0, "spark.kryoserializer.buffer.max": 8.0, "spark.locality.wait": 1.0, "spark.maxRemoteBlockSizeFetchToMem": 200.0, "spark.memory.offHeap.enabled": 0.035300574022778815, "spark.memory.offHeap.size": 10.0, "spark.memory.storageFraction": 0.5, "spark.python.worker.memory": 128.0, "spark.rdd.compress": 0.0, "spark.reducer.maxReqsInFlight": 10.0, "spark.rpc.io.backLog": 32.0, "spark.rpc.lookupTimeout": 30.0, "spark.rpc.message.maxSize": 1.0, "spark.scheduler.listenerbus.eventqueue.capacity": 2000.0, "spark.scheduler.revive.interval": 2.0, "spark.serializer.objectStreamReset": 50.0, "spark.shuffle.io.maxRetries": 2.0, "spark.shuffle.io.numConnectionsPerPeer": 1.0, "spark.shuffle.io.preferDirectBufs": 0.0, "spark.shuffle.maxChunksBeingTransferred": 100.0, "spark.shuffle.service.index.cache.size": 50.0, "spark.shuffle.sort.bypassMergeThreshold": 100.0, "spark.shuffle.spill.compress": 0.0, "spark.speculation.interval": 10.0, "spark.speculation.multiplier": 1.0, "spark.storage.memoryMapThreshold": 50.0, "spark.streaming.stopGracefullyOnShutdown": 0.0, "spark.streaming.unpersist": 1.0, "spark.task.maxFailures": 2.0, "spark.task.reaper.pollingInterval": 3.0, "spark.task.reaper.threadDump": 0.0}, "datetime": {"datetime": "2022-02-15 12:36:30", "elapsed": 0.001137, "delta": 0.000169}}
{"target": -138.45, "params": {"spark.broadcast.blockSize": 360.9347658993174, "spark.cleaner.periodicGC.interval": 83.1188904453138, "spark.cleaner.referenceTracking.blocking": 0.9441799161512598, "spark.cleaner.referenceTracking.cleanCheckpoints": 0.7889219951064005, "spark.default.parallelism": 122.93366788632075, "spark.driver.maxResultSize": 260.176734948926, "spark.driver.memoryOverhead": 1114.5608798972564, "spark.executor.cores": 8.526293919109051, "spark.executor.instances": 3.817490734751761, "spark.executor.memory": 12.582943946338139, "spark.files.fetchTimeout": 47.67385327423513, "spark.files.maxPartitionBytes": 67745426.92003512, "spark.files.openCostInBytes": 6386118.449660939, "spark.files.useFetchCache": 0.06512766865984032, "spark.hadoop.mapreduce.fileoutputcommitter.algorithm.version": 1.5942140541010354, "spark.io.compression.snappy.blockSize": 232.44845611341194, "spark.kryo.referenceTracking": 0.6147150651500297, "spark.kryoserializer.buffer": 57.98386025497525, "spark.kryoserializer.buffer.max": 19.04870309325488, "spark.locality.wait": 8.203234656892167, "spark.maxRemoteBlockSizeFetchToMem": 1874799484.4404008, "spark.memory.offHeap.enabled": 0.66021064720349, "spark.memory.offHeap.size": 988.1125191885634, "spark.memory.storageFraction": 0.9414621472386042, "spark.python.worker.memory": 769.5236134191434, "spark.rdd.compress": 0.9275858036326236, "spark.reducer.maxReqsInFlight": 2039302077.8419747, "spark.rpc.io.backLog": 85.87320921132662, "spark.rpc.lookupTimeout": 198.86588100351557, "spark.rpc.message.maxSize": 332.14547891962155, "spark.scheduler.listenerbus.eventqueue.capacity": 9831.122522834172, "spark.scheduler.revive.interval": 35.46833410068889, "spark.serializer.objectStreamReset": 167.46656235239755, "spark.shuffle.io.maxRetries": 9.521365393871282, "spark.shuffle.io.numConnectionsPerPeer": 3.9137178976106393, "spark.shuffle.io.preferDirectBufs": 0.23857998885432197, "spark.shuffle.maxChunksBeingTransferred": 9.094069859867751e+18, "spark.shuffle.service.index.cache.size": 189.30610150542742, "spark.shuffle.sort.bypassMergeThreshold": 524.012315196007, "spark.shuffle.spill.compress": 0.3951326272841652, "spark.speculation.interval": 753.8975267504178, "spark.speculation.multiplier": 4.627562428494583, "spark.storage.memoryMapThreshold": 229.36593139700116, "spark.streaming.stopGracefullyOnShutdown": 0.9849720034128011, "spark.streaming.unpersist": 0.2033116008638548, "spark.task.maxFailures": 7.661604772532322, "spark.task.reaper.pollingInterval": 12.801718500640913, "spark.task.reaper.threadDump": 0.4847909969953651}, "datetime": {"datetime": "2022-02-15 12:36:30", "elapsed": 0.001291, "delta": 0.000154}}
