{"target": -259.075, "params": {"spark.broadcast.blockSize": 209.09398034658443, "spark.cleaner.periodicGC.interval": 34.18660581054718, "spark.cleaner.referenceTracking.blocking": 0.0923385947687978, "spark.cleaner.referenceTracking.cleanCheckpoints": 0.34556072704304774, "spark.default.parallelism": 203.2095973214896, "spark.driver.maxResultSize": 269.8695502676751, "spark.driver.memoryOverhead": 1081.5396719670825, "spark.executor.cores": 7.166975503570836, "spark.files.fetchTimeout": 66.93272571248815, "spark.files.maxPartitionBytes": 131571411.3001084, "spark.files.openCostInBytes": 5612124.473313995, "spark.files.useFetchCache": 0.1981014890848788, "spark.io.compression.snappy.blockSize": 81.60974125244768, "spark.kryoserializer.buffer": 112.42503318930083, "spark.kryoserializer.buffer.max": 115.35279962046168, "spark.locality.wait": 1.7653979023280013, "spark.maxRemoteBlockSizeFetchToMem": 83869680.52273901, "spark.memory.offHeap.enabled": 0.8781425034294131, "spark.memory.offHeap.size": 107.36336549471959, "spark.memory.storageFraction": 0.7105538125025261, "spark.python.worker.memory": 731.3168433648127, "spark.rdd.compress": 0.6865009276815837, "spark.reducer.maxReqsInFlight": 39273786.34556972, "spark.rpc.io.backLog": 126.9306645350235, "spark.rpc.lookupTimeout": 187.1147874197663, "spark.serializer.objectStreamReset": 82.50714302956942, "spark.shuffle.io.maxRetries": 4.12437327497781, "spark.shuffle.io.numConnectionsPerPeer": 2.966292637121353, "spark.shuffle.maxChunksBeingTransferred": 5.295300268361052e+18, "spark.shuffle.service.index.cache.size": 138.39583053549262, "spark.shuffle.sort.bypassMergeThreshold": 729.7825240188381, "spark.shuffle.spill.compress": 0.10233442882782584, "spark.speculation.interval": 419.9154279413726, "spark.speculation.multiplier": 4.472000788638725, "spark.storage.memoryMapThreshold": 348.70759034890494, "spark.streaming.stopGracefullyOnShutdown": 0.13927634725075855, "spark.task.maxFailures": 4.386061021913202, "spark.task.reaper.threadDump": 0.34776585974550656}, "datetime": {"datetime": "2022-02-15 12:57:17", "elapsed": 0.0, "delta": 0.0}}
{"target": -146.669, "params": {"spark.broadcast.blockSize": 375.6552394649416, "spark.cleaner.periodicGC.interval": 59.893776564448714, "spark.cleaner.referenceTracking.blocking": 0.34889834197784253, "spark.cleaner.referenceTracking.cleanCheckpoints": 0.8958862181960668, "spark.default.parallelism": 218.6208654166771, "spark.driver.maxResultSize": 482.45518352704437, "spark.driver.memoryOverhead": 1487.9666523698977, "spark.executor.cores": 6.595261481882096, "spark.files.fetchTimeout": 60.487273007099226, "spark.files.maxPartitionBytes": 129418022.16465575, "spark.files.openCostInBytes": 3588396.817011878, "spark.files.useFetchCache": 0.5736794866722859, "spark.io.compression.snappy.blockSize": 84.96780505011242, "spark.kryoserializer.buffer": 113.62870451315759, "spark.kryoserializer.buffer.max": 50.87237120029997, "spark.locality.wait": 9.176816358278193, "spark.maxRemoteBlockSizeFetchToMem": 1338655411.0225203, "spark.memory.offHeap.enabled": 0.9294372337437613, "spark.memory.offHeap.size": 693.9879483417548, "spark.memory.storageFraction": 0.9986614252257402, "spark.python.worker.memory": 941.2232437684066, "spark.rdd.compress": 0.06600017272206249, "spark.reducer.maxReqsInFlight": 1618936789.0444548, "spark.rpc.io.backLog": 100.30637682833328, "spark.rpc.lookupTimeout": 56.09690201415459, "spark.serializer.objectStreamReset": 260.50772308990145, "spark.shuffle.io.maxRetries": 9.756765986557397, "spark.shuffle.io.numConnectionsPerPeer": 3.24412087702284, "spark.shuffle.maxChunksBeingTransferred": 7.384533004994694e+18, "spark.shuffle.service.index.cache.size": 171.06577934281688, "spark.shuffle.sort.bypassMergeThreshold": 449.07457965775455, "spark.shuffle.spill.compress": 0.8635418545594287, "spark.speculation.interval": 749.6504263098128, "spark.speculation.multiplier": 3.7812011699520944, "spark.storage.memoryMapThreshold": 70.04834534514278, "spark.streaming.stopGracefullyOnShutdown": 0.07197427968948678, "spark.task.maxFailures": 5.408602771519653, "spark.task.reaper.threadDump": 0.7438258540750929}, "datetime": {"datetime": "2022-02-15 12:57:17", "elapsed": 0.000259, "delta": 0.000259}}
{"target": -181.053, "params": {"spark.broadcast.blockSize": 47.076958789630105, "spark.cleaner.periodicGC.interval": 41.741397938453595, "spark.cleaner.referenceTracking.blocking": 0.4191945144032948, "spark.cleaner.referenceTracking.cleanCheckpoints": 0.20445224973151743, "spark.default.parallelism": 440.03377870434514, "spark.driver.maxResultSize": 14.666409005765155, "spark.driver.memoryOverhead": 1499.6579369368612, "spark.executor.cores": 4.755743221304143, "spark.files.fetchTimeout": 76.05211980728757, "spark.files.maxPartitionBytes": 260980702.40482563, "spark.files.openCostInBytes": 4069046.4262250373, "spark.files.useFetchCache": 0.8763891522960383, "spark.io.compression.snappy.blockSize": 11.91991494115212, "spark.kryoserializer.buffer": 112.64595543210605, "spark.kryoserializer.buffer.max": 19.801620059966012, "spark.locality.wait": 4.78996862504547, "spark.maxRemoteBlockSizeFetchToMem": 2057051619.613371, "spark.memory.offHeap.enabled": 0.6918771139504734, "spark.memory.offHeap.size": 322.3604746960023, "spark.memory.storageFraction": 0.8432504638407918, "spark.python.worker.memory": 782.1258426320117, "spark.rdd.compress": 0.7481656543798394, "spark.reducer.maxReqsInFlight": 1694964452.87192, "spark.rpc.io.backLog": 74.9977785128869, "spark.rpc.lookupTimeout": 220.80505564955007, "spark.serializer.objectStreamReset": 172.8932898200846, "spark.shuffle.io.maxRetries": 6.714444295226274, "spark.shuffle.io.numConnectionsPerPeer": 3.7990334400837247, "spark.shuffle.maxChunksBeingTransferred": 3.8189924197472855e+18, "spark.shuffle.service.index.cache.size": 112.1268904290354, "spark.shuffle.sort.bypassMergeThreshold": 144.95811305147845, "spark.shuffle.spill.compress": 0.5358964059155116, "spark.speculation.interval": 667.1566987675909, "spark.speculation.multiplier": 3.574445560291543, "spark.storage.memoryMapThreshold": 111.86361686580689, "spark.streaming.stopGracefullyOnShutdown": 0.34776585974550656, "spark.task.maxFailures": 6.355987912102709, "spark.task.reaper.threadDump": 0.7509424340273372}, "datetime": {"datetime": "2022-02-15 12:57:17", "elapsed": 0.00043, "delta": 0.000171}}
{"target": -221.978, "params": {"spark.broadcast.blockSize": 93.28247248386644, "spark.cleaner.periodicGC.interval": 37.9033588591242, "spark.cleaner.referenceTracking.blocking": 0.17761652016074347, "spark.cleaner.referenceTracking.cleanCheckpoints": 0.7864640461024726, "spark.default.parallelism": 363.654908200584, "spark.driver.maxResultSize": 348.0332662085242, "spark.driver.memoryOverhead": 913.7710050914555, "spark.executor.cores": 7.706356070220653, "spark.files.fetchTimeout": 87.24639422136097, "spark.files.maxPartitionBytes": 101562446.39312789, "spark.files.openCostInBytes": 7094532.859998507, "spark.files.useFetchCache": 0.6822342049844854, "spark.io.compression.snappy.blockSize": 130.7670626811007, "spark.kryoserializer.buffer": 48.025921977568125, "spark.kryoserializer.buffer.max": 119.56221418782407, "spark.locality.wait": 7.792784953033649, "spark.maxRemoteBlockSizeFetchToMem": 10365824.391471488, "spark.memory.offHeap.enabled": 0.5926352834147437, "spark.memory.offHeap.size": 114.92847291621355, "spark.memory.storageFraction": 0.8642945896536929, "spark.python.worker.memory": 665.9900455915925, "spark.rdd.compress": 0.25734445426709174, "spark.reducer.maxReqsInFlight": 1627541383.7289054, "spark.rpc.io.backLog": 68.0822254435442, "spark.rpc.lookupTimeout": 82.63814038665275, "spark.serializer.objectStreamReset": 249.36949133165615, "spark.shuffle.io.maxRetries": 5.964801530513161, "spark.shuffle.io.numConnectionsPerPeer": 3.9323744640943237, "spark.shuffle.maxChunksBeingTransferred": 9.161444059797034e+18, "spark.shuffle.service.index.cache.size": 168.02249531572969, "spark.shuffle.sort.bypassMergeThreshold": 632.3484354698016, "spark.shuffle.spill.compress": 0.7034193513618049, "spark.speculation.interval": 235.22562043374668, "spark.speculation.multiplier": 4.596660219150223, "spark.storage.memoryMapThreshold": 190.76621383912394, "spark.streaming.stopGracefullyOnShutdown": 0.10282430793707698, "spark.task.maxFailures": 4.838541520092291, "spark.task.reaper.threadDump": 0.206940916686997}, "datetime": {"datetime": "2022-02-15 12:57:17", "elapsed": 0.000593, "delta": 0.000163}}
{"target": -220.127, "params": {"spark.broadcast.blockSize": 407.08994747012423, "spark.cleaner.periodicGC.interval": 89.26107697910996, "spark.cleaner.referenceTracking.blocking": 0.3760963631761455, "spark.cleaner.referenceTracking.cleanCheckpoints": 0.08054521685415328, "spark.default.parallelism": 169.49374809078077, "spark.driver.maxResultSize": 324.2558657671032, "spark.driver.memoryOverhead": 472.1047124151002, "spark.executor.cores": 9.917901714426623, "spark.files.fetchTimeout": 53.854690614559125, "spark.files.maxPartitionBytes": 236229101.43727642, "spark.files.openCostInBytes": 2949737.9230958493, "spark.files.useFetchCache": 0.9952442082070267, "spark.io.compression.snappy.blockSize": 72.32290663162051, "spark.kryoserializer.buffer": 46.115641782243834, "spark.kryoserializer.buffer.max": 86.536281039396, "spark.locality.wait": 8.525034686308015, "spark.maxRemoteBlockSizeFetchToMem": 1234544158.4701846, "spark.memory.offHeap.enabled": 0.6173313631842413, "spark.memory.offHeap.size": 389.14883583447164, "spark.memory.storageFraction": 0.9184410948119226, "spark.python.worker.memory": 590.2675647615919, "spark.rdd.compress": 0.9541280213526093, "spark.reducer.maxReqsInFlight": 1484705324.1076846, "spark.rpc.io.backLog": 75.71342830298653, "spark.rpc.lookupTimeout": 123.92841349745001, "spark.serializer.objectStreamReset": 298.2302847732914, "spark.shuffle.io.maxRetries": 9.414711185481067, "spark.shuffle.io.numConnectionsPerPeer": 3.060915917421575, "spark.shuffle.maxChunksBeingTransferred": 1.0031113627497743e+18, "spark.shuffle.service.index.cache.size": 73.72799796237842, "spark.shuffle.sort.bypassMergeThreshold": 385.1108505800339, "spark.shuffle.spill.compress": 0.8713862583367523, "spark.speculation.interval": 800.3644811559034, "spark.speculation.multiplier": 5.641159687710138, "spark.storage.memoryMapThreshold": 368.8402741568919, "spark.streaming.stopGracefullyOnShutdown": 0.8294878752202222, "spark.task.maxFailures": 6.332708357696136, "spark.task.reaper.threadDump": 0.7805560373062449}, "datetime": {"datetime": "2022-02-15 12:57:17", "elapsed": 0.000742, "delta": 0.000149}}
{"target": -278.201, "params": {"spark.broadcast.blockSize": 182.05958763879363, "spark.cleaner.periodicGC.interval": 51.04317649160021, "spark.cleaner.referenceTracking.blocking": 0.7143072527606359, "spark.cleaner.referenceTracking.cleanCheckpoints": 0.0154902618464835, "spark.default.parallelism": 432.6497710398779, "spark.driver.maxResultSize": 149.20066876901902, "spark.driver.memoryOverhead": 2015.4806694037295, "spark.executor.cores": 4.771636662351658, "spark.files.fetchTimeout": 60.60912818157097, "spark.files.maxPartitionBytes": 252862583.36743703, "spark.files.openCostInBytes": 4052473.930787324, "spark.files.useFetchCache": 0.8114845793516468, "spark.io.compression.snappy.blockSize": 22.741409983279066, "spark.kryoserializer.buffer": 82.05331153654012, "spark.kryoserializer.buffer.max": 44.924861571723746, "spark.locality.wait": 2.7422857037500226, "spark.maxRemoteBlockSizeFetchToMem": 1995287686.9252295, "spark.memory.offHeap.enabled": 0.6274718855843593, "spark.memory.offHeap.size": 448.8044049751605, "spark.memory.storageFraction": 0.692484314425859, "spark.python.worker.memory": 260.31810378941026, "spark.rdd.compress": 0.9877840687881116, "spark.reducer.maxReqsInFlight": 1336116530.6951253, "spark.rpc.io.backLog": 67.97485655199762, "spark.rpc.lookupTimeout": 151.2929080647598, "spark.serializer.objectStreamReset": 154.91737855579797, "spark.shuffle.io.maxRetries": 8.809005775951874, "spark.shuffle.io.numConnectionsPerPeer": 4.344314511984058, "spark.shuffle.maxChunksBeingTransferred": 2.269136820227862e+18, "spark.shuffle.service.index.cache.size": 133.34283291303984, "spark.shuffle.sort.bypassMergeThreshold": 660.0331893754344, "spark.shuffle.spill.compress": 0.8881132292915174, "spark.speculation.interval": 543.1205161977755, "spark.speculation.multiplier": 4.0392073363305645, "spark.storage.memoryMapThreshold": 67.22338261119314, "spark.streaming.stopGracefullyOnShutdown": 0.5277980998627385, "spark.task.maxFailures": 4.38784533745174, "spark.task.reaper.threadDump": 0.3789639370536324}, "datetime": {"datetime": "2022-02-15 12:57:17", "elapsed": 0.000906, "delta": 0.000164}}
{"target": -929.932, "params": {"spark.broadcast.blockSize": 1.0, "spark.cleaner.periodicGC.interval": 10.0, "spark.cleaner.referenceTracking.blocking": 0.0, "spark.cleaner.referenceTracking.cleanCheckpoints": 0.0, "spark.default.parallelism": 8.0, "spark.driver.maxResultSize": 1.331805323992143, "spark.driver.memoryOverhead": 384.0, "spark.executor.cores": 1.0, "spark.files.fetchTimeout": 20.0, "spark.files.maxPartitionBytes": 33554432.0, "spark.files.openCostInBytes": 2097152.0, "spark.files.useFetchCache": 0.0, "spark.io.compression.snappy.blockSize": 2.0, "spark.kryoserializer.buffer": 2.0, "spark.kryoserializer.buffer.max": 8.0, "spark.locality.wait": 1.0, "spark.maxRemoteBlockSizeFetchToMem": 200.0, "spark.memory.offHeap.enabled": 0.035300574022778815, "spark.memory.offHeap.size": 10.0, "spark.memory.storageFraction": 0.5, "spark.python.worker.memory": 128.0, "spark.rdd.compress": 0.0, "spark.reducer.maxReqsInFlight": 10.0, "spark.rpc.io.backLog": 32.0, "spark.rpc.lookupTimeout": 30.0, "spark.serializer.objectStreamReset": 50.0, "spark.shuffle.io.maxRetries": 2.0, "spark.shuffle.io.numConnectionsPerPeer": 1.0, "spark.shuffle.maxChunksBeingTransferred": 100.0, "spark.shuffle.service.index.cache.size": 50.0, "spark.shuffle.sort.bypassMergeThreshold": 100.0, "spark.shuffle.spill.compress": 0.0, "spark.speculation.interval": 10.0, "spark.speculation.multiplier": 1.0, "spark.storage.memoryMapThreshold": 50.0, "spark.streaming.stopGracefullyOnShutdown": 0.0, "spark.task.maxFailures": 2.0, "spark.task.reaper.threadDump": 0.0}, "datetime": {"datetime": "2022-02-15 12:57:17", "elapsed": 0.001104, "delta": 0.000198}}
{"target": -138.45, "params": {"spark.broadcast.blockSize": 360.9347658993174, "spark.cleaner.periodicGC.interval": 83.1188904453138, "spark.cleaner.referenceTracking.blocking": 0.9441799161512598, "spark.cleaner.referenceTracking.cleanCheckpoints": 0.7889219951064005, "spark.default.parallelism": 122.93366788632075, "spark.driver.maxResultSize": 260.176734948926, "spark.driver.memoryOverhead": 1114.5608798972564, "spark.executor.cores": 8.526293919109051, "spark.files.fetchTimeout": 47.67385327423513, "spark.files.maxPartitionBytes": 67745426.92003512, "spark.files.openCostInBytes": 6386118.449660939, "spark.files.useFetchCache": 0.06512766865984032, "spark.io.compression.snappy.blockSize": 232.44845611341194, "spark.kryoserializer.buffer": 57.98386025497525, "spark.kryoserializer.buffer.max": 19.04870309325488, "spark.locality.wait": 8.203234656892167, "spark.maxRemoteBlockSizeFetchToMem": 1874799484.4404008, "spark.memory.offHeap.enabled": 0.66021064720349, "spark.memory.offHeap.size": 988.1125191885634, "spark.memory.storageFraction": 0.9414621472386042, "spark.python.worker.memory": 769.5236134191434, "spark.rdd.compress": 0.9275858036326236, "spark.reducer.maxReqsInFlight": 2039302077.8419747, "spark.rpc.io.backLog": 85.87320921132662, "spark.rpc.lookupTimeout": 198.86588100351557, "spark.serializer.objectStreamReset": 167.46656235239755, "spark.shuffle.io.maxRetries": 9.521365393871282, "spark.shuffle.io.numConnectionsPerPeer": 3.9137178976106393, "spark.shuffle.maxChunksBeingTransferred": 9.094069859867751e+18, "spark.shuffle.service.index.cache.size": 189.30610150542742, "spark.shuffle.sort.bypassMergeThreshold": 524.012315196007, "spark.shuffle.spill.compress": 0.3951326272841652, "spark.speculation.interval": 753.8975267504178, "spark.speculation.multiplier": 4.627562428494583, "spark.storage.memoryMapThreshold": 229.36593139700116, "spark.streaming.stopGracefullyOnShutdown": 0.9849720034128011, "spark.task.maxFailures": 7.661604772532322, "spark.task.reaper.threadDump": 0.4847909969953651}, "datetime": {"datetime": "2022-02-15 12:57:17", "elapsed": 0.001248, "delta": 0.000144}}
{"target": -141.242, "params": {"spark.broadcast.blockSize": 226.1095053959986, "spark.cleaner.periodicGC.interval": 32.92454599734964, "spark.cleaner.referenceTracking.blocking": 0.768131118559939, "spark.cleaner.referenceTracking.cleanCheckpoints": 0.315026410018985, "spark.default.parallelism": 413.73088093360036, "spark.driver.maxResultSize": 70.47286905928156, "spark.driver.memoryOverhead": 832.0191409081499, "spark.executor.cores": 6.969837543555092, "spark.files.fetchTimeout": 58.033614661667556, "spark.files.maxPartitionBytes": 183555450.58135462, "spark.files.openCostInBytes": 7805702.9050762225, "spark.files.useFetchCache": 0.6299751652015112, "spark.io.compression.snappy.blockSize": 126.40536443328949, "spark.kryoserializer.buffer": 112.18441007494648, "spark.kryoserializer.buffer.max": 94.56975490061585, "spark.locality.wait": 7.500283993864376, "spark.maxRemoteBlockSizeFetchToMem": 1002611621.883962, "spark.memory.offHeap.enabled": 0.7042205550393954, "spark.memory.offHeap.size": 605.7996401783921, "spark.memory.storageFraction": 0.9366465793113821, "spark.python.worker.memory": 718.4605867452403, "spark.rdd.compress": 0.8773985108330912, "spark.reducer.maxReqsInFlight": 1623687418.3630316, "spark.rpc.io.backLog": 89.32181396539313, "spark.rpc.lookupTimeout": 228.75343673491474, "spark.serializer.objectStreamReset": 245.2118758233553, "spark.shuffle.io.maxRetries": 2.269212234904142, "spark.shuffle.io.numConnectionsPerPeer": 3.4897607080848196, "spark.shuffle.maxChunksBeingTransferred": 3.435626253751627e+18, "spark.shuffle.service.index.cache.size": 65.71362557503114, "spark.shuffle.sort.bypassMergeThreshold": 353.21445139901925, "spark.shuffle.spill.compress": 0.47809011886599717, "spark.speculation.interval": 586.1332102209916, "spark.speculation.multiplier": 2.4570385729948225, "spark.storage.memoryMapThreshold": 400.7149638095093, "spark.streaming.stopGracefullyOnShutdown": 0.49876554217138047, "spark.task.maxFailures": 6.02797162025077, "spark.task.reaper.threadDump": 0.8195963304869034}, "datetime": {"datetime": "2022-02-15 12:57:17", "elapsed": 0.001414, "delta": 0.000166}}
{"target": -268.765, "params": {"spark.broadcast.blockSize": 413.61200941171523, "spark.cleaner.periodicGC.interval": 37.09499866118502, "spark.cleaner.referenceTracking.blocking": 0.6168381500794586, "spark.cleaner.referenceTracking.cleanCheckpoints": 0.6865914684158795, "spark.default.parallelism": 303.74939866210946, "spark.driver.maxResultSize": 82.44638793013128, "spark.driver.memoryOverhead": 1021.8394688420182, "spark.executor.cores": 2.465235921974734, "spark.files.fetchTimeout": 53.26721376882766, "spark.files.maxPartitionBytes": 240272203.45784423, "spark.files.openCostInBytes": 4526002.800375579, "spark.files.useFetchCache": 0.6859596309574708, "spark.io.compression.snappy.blockSize": 66.4209651914111, "spark.kryoserializer.buffer": 65.99534148893221, "spark.kryoserializer.buffer.max": 117.40996797563704, "spark.locality.wait": 5.729617149647806, "spark.maxRemoteBlockSizeFetchToMem": 566262110.9270682, "spark.memory.offHeap.enabled": 0.17485957429629684, "spark.memory.offHeap.size": 158.50556232043442, "spark.memory.storageFraction": 0.5569731378610121, "spark.python.worker.memory": 684.4365205543202, "spark.rdd.compress": 0.6215527557046998, "spark.reducer.maxReqsInFlight": 1431121930.1757407, "spark.rpc.io.backLog": 90.69721934842246, "spark.rpc.lookupTimeout": 177.4720364900734, "spark.serializer.objectStreamReset": 181.41934043343508, "spark.shuffle.io.maxRetries": 4.3957266350725925, "spark.shuffle.io.numConnectionsPerPeer": 3.300103054761377, "spark.shuffle.maxChunksBeingTransferred": 6.542211524047368e+17, "spark.shuffle.service.index.cache.size": 135.53639266825024, "spark.shuffle.sort.bypassMergeThreshold": 373.1936504527635, "spark.shuffle.spill.compress": 0.7096233204867975, "spark.speculation.interval": 693.0775211650607, "spark.speculation.multiplier": 1.7466921331203387, "spark.storage.memoryMapThreshold": 230.34402712475452, "spark.streaming.stopGracefullyOnShutdown": 0.7160048574975837, "spark.task.maxFailures": 2.0184437520907466, "spark.task.reaper.threadDump": 0.7725898855036445}, "datetime": {"datetime": "2022-02-15 12:57:17", "elapsed": 0.001594, "delta": 0.00018}}
