{"target": -2712.9847200000013, "params": {"spark.default.parallelism": 460.4995105023629, "spark.executor.cores": 3.768644285478477, "spark.executor.instances": 7.231745264949848, "spark.executor.memory": 3.3484166327954523, "spark.executor.memoryOverhead": 616.5276605976494, "spark.memory.fraction": 0.5572788079195128, "spark.memory.storageFraction": 0.7107582093420214, "spark.reducer.maxBlocksInFlightPerAddress": 1687259010.1441264, "spark.reducer.maxSizeInFlight": 38.25489924792037, "spark.shuffle.file.buffer": 37.27527659284837}, "datetime": {"datetime": "2022-02-25 18:37:20", "elapsed": 4.046633, "delta": 0.180547}}
{"target": -2714.4375000000014, "params": {"spark.default.parallelism": 459.27565325331557, "spark.executor.cores": 3.6949630897765284, "spark.executor.instances": 7.235975122465332, "spark.executor.memory": 3.3592172132458553, "spark.executor.memoryOverhead": 619.092460147095, "spark.memory.fraction": 0.5550972213871818, "spark.memory.storageFraction": 0.7053995549862011, "spark.reducer.maxBlocksInFlightPerAddress": 1691213369.714553, "spark.reducer.maxSizeInFlight": 37.54229491828978, "spark.shuffle.file.buffer": 37.854424403888814}, "datetime": {"datetime": "2022-02-25 18:37:20", "elapsed": 4.21917, "delta": 0.172537}}
