{"target": -2714.2584100000013, "params": {"spark.default.parallelism": 379.0, "spark.executor.cores": 4.0, "spark.executor.instances": 8.0, "spark.executor.memory": 3.0, "spark.executor.memoryOverhead": 643.0, "spark.memory.fraction": 0.6, "spark.memory.storageFraction": 0.72, "spark.reducer.maxBlocksInFlightPerAddress": 1542044609.0, "spark.reducer.maxSizeInFlight": 33.0, "spark.shuffle.file.buffer": 44.0}, "datetime": {"datetime": "2022-02-25 18:37:16", "elapsed": 0.0, "delta": 0.0}}
{"target": -2799.364570000001, "params": {"spark.default.parallelism": 266.0, "spark.executor.cores": 2.0, "spark.executor.instances": 4.0, "spark.executor.memory": 7.0, "spark.executor.memoryOverhead": 707.0, "spark.memory.fraction": 0.58, "spark.memory.storageFraction": 0.79, "spark.reducer.maxBlocksInFlightPerAddress": 1600711726.0, "spark.reducer.maxSizeInFlight": 62.0, "spark.shuffle.file.buffer": 26.0}, "datetime": {"datetime": "2022-02-25 18:37:16", "elapsed": 0.000962, "delta": 0.000962}}
{"target": -2714.2584100000013, "params": {"spark.default.parallelism": 382.0, "spark.executor.cores": 4.0, "spark.executor.instances": 8.0, "spark.executor.memory": 3.0, "spark.executor.memoryOverhead": 645.0, "spark.memory.fraction": 0.6000000238418579, "spark.memory.storageFraction": 0.7200000286102295, "spark.reducer.maxBlocksInFlightPerAddress": 1545532928.0, "spark.reducer.maxSizeInFlight": 33.0, "spark.shuffle.file.buffer": 44.0}, "datetime": {"datetime": "2022-02-25 18:37:16", "elapsed": 0.009177, "delta": 0.008215}}
{"target": -2714.1743100000003, "params": {"spark.default.parallelism": 382.0, "spark.executor.cores": 4.0, "spark.executor.instances": 8.0, "spark.executor.memory": 3.0, "spark.executor.memoryOverhead": 641.0, "spark.memory.fraction": 0.6000000238418579, "spark.memory.storageFraction": 0.7200000286102295, "spark.reducer.maxBlocksInFlightPerAddress": 1530747392.0, "spark.reducer.maxSizeInFlight": 34.0, "spark.shuffle.file.buffer": 42.0}, "datetime": {"datetime": "2022-02-25 18:37:16", "elapsed": 0.01017, "delta": 0.000993}}
{"target": -2716.2096800000004, "params": {"spark.default.parallelism": 382.0, "spark.executor.cores": 4.0, "spark.executor.instances": 8.0, "spark.executor.memory": 3.0, "spark.executor.memoryOverhead": 633.0, "spark.memory.fraction": 0.6000000238418579, "spark.memory.storageFraction": 0.7200000286102295, "spark.reducer.maxBlocksInFlightPerAddress": 1521721344.0, "spark.reducer.maxSizeInFlight": 34.0, "spark.shuffle.file.buffer": 42.0}, "datetime": {"datetime": "2022-02-25 18:37:16", "elapsed": 0.011166, "delta": 0.000996}}
{"target": -2715.101560000001, "params": {"spark.default.parallelism": 388.0, "spark.executor.cores": 4.0, "spark.executor.instances": 8.0, "spark.executor.memory": 3.0, "spark.executor.memoryOverhead": 636.0, "spark.memory.fraction": 0.5799999833106995, "spark.memory.storageFraction": 0.7200000286102295, "spark.reducer.maxBlocksInFlightPerAddress": 1538104960.0, "spark.reducer.maxSizeInFlight": 34.0, "spark.shuffle.file.buffer": 43.0}, "datetime": {"datetime": "2022-02-25 18:37:16", "elapsed": 0.011166, "delta": 0.0}}
{"target": -2800.69275, "params": {"spark.default.parallelism": 270.0, "spark.executor.cores": 2.0, "spark.executor.instances": 6.0, "spark.executor.memory": 4.0, "spark.executor.memoryOverhead": 722.0, "spark.memory.fraction": 0.81, "spark.memory.storageFraction": 0.66, "spark.reducer.maxBlocksInFlightPerAddress": 1104758452.0, "spark.reducer.maxSizeInFlight": 29.0, "spark.shuffle.file.buffer": 22.0}, "datetime": {"datetime": "2022-02-25 18:37:16", "elapsed": 0.012163, "delta": 0.000997}}
{"target": -2714.921180000001, "params": {"spark.default.parallelism": 207.0, "spark.executor.cores": 4.0, "spark.executor.instances": 8.0, "spark.executor.memory": 3.0, "spark.executor.memoryOverhead": 870.0, "spark.memory.fraction": 0.89, "spark.memory.storageFraction": 0.73, "spark.reducer.maxBlocksInFlightPerAddress": 1929259591.0, "spark.reducer.maxSizeInFlight": 61.0, "spark.shuffle.file.buffer": 26.0}, "datetime": {"datetime": "2022-02-25 18:37:16", "elapsed": 0.012163, "delta": 0.0}}
{"target": -2811.666330000001, "params": {"spark.default.parallelism": 471.7347958176224, "spark.executor.cores": 1.623735245622408, "spark.executor.instances": 6.7021902652564265, "spark.executor.memory": 6.307245827387211, "spark.executor.memoryOverhead": 512.8708848319183, "spark.memory.fraction": 0.5002018501106356, "spark.memory.storageFraction": 0.7529280134151459, "spark.reducer.maxBlocksInFlightPerAddress": 2027727390.8450725, "spark.reducer.maxSizeInFlight": 60.16555453095418, "spark.shuffle.file.buffer": 25.13734788014303}, "datetime": {"datetime": "2022-02-25 18:37:16", "elapsed": 0.142814, "delta": 0.130651}}
{"target": -2796.5814300000015, "params": {"spark.default.parallelism": 489.08787255581456, "spark.executor.cores": 2.9478891081009833, "spark.executor.instances": 7.4951911872657995, "spark.executor.memory": 4.175559894874703, "spark.executor.memoryOverhead": 614.1040960946732, "spark.memory.fraction": 0.5429888875548623, "spark.memory.storageFraction": 0.5992114624468237, "spark.reducer.maxBlocksInFlightPerAddress": 1326279357.354127, "spark.reducer.maxSizeInFlight": 24.940395029052944, "spark.shuffle.file.buffer": 40.6988178499688}, "datetime": {"datetime": "2022-02-25 18:37:16", "elapsed": 0.266484, "delta": 0.12367}}
{"target": -2715.1018300000014, "params": {"spark.default.parallelism": 321.5653471169332, "spark.executor.cores": 3.8516979841490513, "spark.executor.instances": 7.719385061447528, "spark.executor.memory": 3.477831345325318, "spark.executor.memoryOverhead": 633.5598352392208, "spark.memory.fraction": 0.6341282497700425, "spark.memory.storageFraction": 0.7038725725183383, "spark.reducer.maxBlocksInFlightPerAddress": 1686360386.5776634, "spark.reducer.maxSizeInFlight": 33.87152875924515, "spark.shuffle.file.buffer": 47.92894360527184}, "datetime": {"datetime": "2022-02-25 18:37:17", "elapsed": 0.387195, "delta": 0.120711}}
{"target": -2719.1299200000003, "params": {"spark.default.parallelism": 379.3826468204003, "spark.executor.cores": 3.736551609766849, "spark.executor.instances": 7.704273477996218, "spark.executor.memory": 4.2197275194366295, "spark.executor.memoryOverhead": 730.161645367997, "spark.memory.fraction": 0.5464153313431097, "spark.memory.storageFraction": 0.6764189609681835, "spark.reducer.maxBlocksInFlightPerAddress": 1271525676.3838768, "spark.reducer.maxSizeInFlight": 24.52447096048335, "spark.shuffle.file.buffer": 46.18538825076811}, "datetime": {"datetime": "2022-02-25 18:37:17", "elapsed": 0.505879, "delta": 0.118684}}
{"target": -2798.600580000001, "params": {"spark.default.parallelism": 341.4733815995958, "spark.executor.cores": 3.2700155944591387, "spark.executor.instances": 7.582099902897486, "spark.executor.memory": 3.4777160263956737, "spark.executor.memoryOverhead": 615.7515420508173, "spark.memory.fraction": 0.6037086935478566, "spark.memory.storageFraction": 0.6551496779283995, "spark.reducer.maxBlocksInFlightPerAddress": 1824457899.2462595, "spark.reducer.maxSizeInFlight": 31.585495274975777, "spark.shuffle.file.buffer": 43.47198780671631}, "datetime": {"datetime": "2022-02-25 18:37:17", "elapsed": 0.615584, "delta": 0.109705}}
{"target": -2716.505790000002, "params": {"spark.default.parallelism": 319.542406969854, "spark.executor.cores": 3.588079279116422, "spark.executor.instances": 7.5884278132258585, "spark.executor.memory": 3.4645174005265487, "spark.executor.memoryOverhead": 590.266142021475, "spark.memory.fraction": 0.6435110201965701, "spark.memory.storageFraction": 0.6423639941035197, "spark.reducer.maxBlocksInFlightPerAddress": 1761239717.357353, "spark.reducer.maxSizeInFlight": 39.7985473247742, "spark.shuffle.file.buffer": 47.10099554881336}, "datetime": {"datetime": "2022-02-25 18:37:17", "elapsed": 0.721777, "delta": 0.106193}}
{"target": -2720.2058600000005, "params": {"spark.default.parallelism": 382.9659517568921, "spark.executor.cores": 3.5014760255900863, "spark.executor.instances": 7.974367304820701, "spark.executor.memory": 3.4573268168111273, "spark.executor.memoryOverhead": 596.9188006673752, "spark.memory.fraction": 0.6024310009811245, "spark.memory.storageFraction": 0.6503365068769044, "spark.reducer.maxBlocksInFlightPerAddress": 1422490117.6376994, "spark.reducer.maxSizeInFlight": 25.819662560718225, "spark.shuffle.file.buffer": 45.62200582935097}, "datetime": {"datetime": "2022-02-25 18:37:17", "elapsed": 0.835511, "delta": 0.113734}}
{"target": -2715.227780000001, "params": {"spark.default.parallelism": 348.21943200800297, "spark.executor.cores": 3.8460667175300105, "spark.executor.instances": 7.567297219928044, "spark.executor.memory": 3.2181286899809183, "spark.executor.memoryOverhead": 637.6087335967402, "spark.memory.fraction": 0.592617526839884, "spark.memory.storageFraction": 0.7069195895021577, "spark.reducer.maxBlocksInFlightPerAddress": 1584823118.4769855, "spark.reducer.maxSizeInFlight": 29.73075590469159, "spark.shuffle.file.buffer": 44.60344322352781}, "datetime": {"datetime": "2022-02-25 18:37:17", "elapsed": 0.952166, "delta": 0.116655}}
{"target": -2717.50009, "params": {"spark.default.parallelism": 359.8710064067006, "spark.executor.cores": 3.765129489358583, "spark.executor.instances": 7.310663007307325, "spark.executor.memory": 3.314540801873223, "spark.executor.memoryOverhead": 684.1662889762521, "spark.memory.fraction": 0.6019007695965992, "spark.memory.storageFraction": 0.6722699440742791, "spark.reducer.maxBlocksInFlightPerAddress": 1467887349.296015, "spark.reducer.maxSizeInFlight": 42.65294800612031, "spark.shuffle.file.buffer": 39.48757757621061}, "datetime": {"datetime": "2022-02-25 18:37:17", "elapsed": 1.07281, "delta": 0.120644}}
{"target": -2713.390090000001, "params": {"spark.default.parallelism": 433.08716351799, "spark.executor.cores": 3.8871111887695333, "spark.executor.instances": 7.7693259086753566, "spark.executor.memory": 3.134382115820233, "spark.executor.memoryOverhead": 680.2041117905459, "spark.memory.fraction": 0.5561655251802892, "spark.memory.storageFraction": 0.6648956170294864, "spark.reducer.maxBlocksInFlightPerAddress": 1594990992.4606528, "spark.reducer.maxSizeInFlight": 36.45948154178381, "spark.shuffle.file.buffer": 40.847175266655434}, "datetime": {"datetime": "2022-02-25 18:37:17", "elapsed": 1.195846, "delta": 0.123036}}
{"target": -2713.2006800000013, "params": {"spark.default.parallelism": 451.753784665041, "spark.executor.cores": 3.6782035681774756, "spark.executor.instances": 7.363754358033863, "spark.executor.memory": 3.4342754459749787, "spark.executor.memoryOverhead": 612.5803216950416, "spark.memory.fraction": 0.5672068408415973, "spark.memory.storageFraction": 0.7166281735719685, "spark.reducer.maxBlocksInFlightPerAddress": 1738584173.1818223, "spark.reducer.maxSizeInFlight": 37.87140691354132, "spark.shuffle.file.buffer": 38.4265901308313}, "datetime": {"datetime": "2022-02-25 18:37:18", "elapsed": 1.324732, "delta": 0.128886}}
{"target": -2714.955440000001, "params": {"spark.default.parallelism": 465.36131966289486, "spark.executor.cores": 3.8616456121061358, "spark.executor.instances": 6.848511965839723, "spark.executor.memory": 3.232985459660249, "spark.executor.memoryOverhead": 557.5585027766926, "spark.memory.fraction": 0.5990546852776623, "spark.memory.storageFraction": 0.7282977216793547, "spark.reducer.maxBlocksInFlightPerAddress": 1785688674.6318808, "spark.reducer.maxSizeInFlight": 31.937836727878647, "spark.shuffle.file.buffer": 41.503374818287085}, "datetime": {"datetime": "2022-02-25 18:37:18", "elapsed": 1.454382, "delta": 0.12965}}
{"target": -2713.5372600000014, "params": {"spark.default.parallelism": 424.14965772486477, "spark.executor.cores": 3.774555546006837, "spark.executor.instances": 7.312885817172754, "spark.executor.memory": 3.2544874815308806, "spark.executor.memoryOverhead": 560.7348335965963, "spark.memory.fraction": 0.5852510298758925, "spark.memory.storageFraction": 0.6795974165730522, "spark.reducer.maxBlocksInFlightPerAddress": 1633116330.688252, "spark.reducer.maxSizeInFlight": 32.734918972291965, "spark.shuffle.file.buffer": 41.22317843276572}, "datetime": {"datetime": "2022-02-25 18:37:18", "elapsed": 1.587028, "delta": 0.132646}}
{"target": -2715.4539900000013, "params": {"spark.default.parallelism": 420.10632045746115, "spark.executor.cores": 3.6690601975255066, "spark.executor.instances": 6.971368504794157, "spark.executor.memory": 3.548942487550919, "spark.executor.memoryOverhead": 649.2119796067675, "spark.memory.fraction": 0.5586378825853462, "spark.memory.storageFraction": 0.7039994274309701, "spark.reducer.maxBlocksInFlightPerAddress": 1824090039.179612, "spark.reducer.maxSizeInFlight": 38.15315162597953, "spark.shuffle.file.buffer": 40.169599812497545}, "datetime": {"datetime": "2022-02-25 18:37:18", "elapsed": 1.719644, "delta": 0.132616}}
{"target": -2715.106470000001, "params": {"spark.default.parallelism": 425.02963192537663, "spark.executor.cores": 3.7696153136456356, "spark.executor.instances": 7.610854647164224, "spark.executor.memory": 3.49703645536388, "spark.executor.memoryOverhead": 631.3817944367021, "spark.memory.fraction": 0.6024885317494406, "spark.memory.storageFraction": 0.6899510081184299, "spark.reducer.maxBlocksInFlightPerAddress": 1802146227.1469128, "spark.reducer.maxSizeInFlight": 35.50589416907886, "spark.shuffle.file.buffer": 37.503023409730915}, "datetime": {"datetime": "2022-02-25 18:37:18", "elapsed": 1.855315, "delta": 0.135671}}
{"target": -2715.306410000001, "params": {"spark.default.parallelism": 478.16947851612724, "spark.executor.cores": 3.551421127627111, "spark.executor.instances": 7.336351501750562, "spark.executor.memory": 3.1542896319233105, "spark.executor.memoryOverhead": 633.7696114994791, "spark.memory.fraction": 0.536873937124329, "spark.memory.storageFraction": 0.7225861184382641, "spark.reducer.maxBlocksInFlightPerAddress": 1784701191.9607377, "spark.reducer.maxSizeInFlight": 40.378436394940984, "spark.shuffle.file.buffer": 39.981266253480925}, "datetime": {"datetime": "2022-02-25 18:37:18", "elapsed": 1.990948, "delta": 0.135633}}
{"target": -2715.4539900000013, "params": {"spark.default.parallelism": 428.4242118865502, "spark.executor.cores": 3.6283819268072897, "spark.executor.instances": 7.562208740804978, "spark.executor.memory": 3.737744771594548, "spark.executor.memoryOverhead": 612.3769540247462, "spark.memory.fraction": 0.575814880398707, "spark.memory.storageFraction": 0.7034017767370612, "spark.reducer.maxBlocksInFlightPerAddress": 1825378800.4756382, "spark.reducer.maxSizeInFlight": 40.67017061504147, "spark.shuffle.file.buffer": 39.09578527076608}, "datetime": {"datetime": "2022-02-25 18:37:18", "elapsed": 2.132748, "delta": 0.1418}}
{"target": -2713.8950900000013, "params": {"spark.default.parallelism": 441.91243989063713, "spark.executor.cores": 3.8165885215208473, "spark.executor.instances": 7.105640735868181, "spark.executor.memory": 3.4085411354862645, "spark.executor.memoryOverhead": 628.4030684215015, "spark.memory.fraction": 0.5755421401221599, "spark.memory.storageFraction": 0.7237154961348451, "spark.reducer.maxBlocksInFlightPerAddress": 1776321313.1634796, "spark.reducer.maxSizeInFlight": 38.04096437156858, "spark.shuffle.file.buffer": 36.84152522155807}, "datetime": {"datetime": "2022-02-25 18:37:18", "elapsed": 2.277359, "delta": 0.144611}}
{"target": -2713.8950900000013, "params": {"spark.default.parallelism": 457.9937445371554, "spark.executor.cores": 3.8291746037205687, "spark.executor.instances": 7.162551521362281, "spark.executor.memory": 3.304495712113741, "spark.executor.memoryOverhead": 628.6322934519154, "spark.memory.fraction": 0.5667306544910117, "spark.memory.storageFraction": 0.7266669720690685, "spark.reducer.maxBlocksInFlightPerAddress": 1770112491.095195, "spark.reducer.maxSizeInFlight": 36.34765158733378, "spark.shuffle.file.buffer": 38.30578320670412}, "datetime": {"datetime": "2022-02-25 18:37:19", "elapsed": 2.422445, "delta": 0.145086}}
{"target": -2716.2757800000018, "params": {"spark.default.parallelism": 434.5654830516676, "spark.executor.cores": 3.7311135940904583, "spark.executor.instances": 7.480364418655273, "spark.executor.memory": 3.5219195252265636, "spark.executor.memoryOverhead": 615.5705190368905, "spark.memory.fraction": 0.5757562290265781, "spark.memory.storageFraction": 0.7056854471220433, "spark.reducer.maxBlocksInFlightPerAddress": 1796681192.216276, "spark.reducer.maxSizeInFlight": 37.82438796466355, "spark.shuffle.file.buffer": 38.315271258216285}, "datetime": {"datetime": "2022-02-25 18:37:19", "elapsed": 2.567551, "delta": 0.145106}}
{"target": -2714.4889500000013, "params": {"spark.default.parallelism": 456.10142838949304, "spark.executor.cores": 3.636091522826384, "spark.executor.instances": 7.281741079380442, "spark.executor.memory": 3.588408991086659, "spark.executor.memoryOverhead": 591.5711840195056, "spark.memory.fraction": 0.5822319640971554, "spark.memory.storageFraction": 0.7208946549459186, "spark.reducer.maxBlocksInFlightPerAddress": 1715318633.6806192, "spark.reducer.maxSizeInFlight": 36.71616565129291, "spark.shuffle.file.buffer": 37.09566068640542}, "datetime": {"datetime": "2022-02-25 18:37:19", "elapsed": 2.712164, "delta": 0.144613}}
{"target": -2712.9847200000013, "params": {"spark.default.parallelism": 454.73525261376903, "spark.executor.cores": 3.808599545118052, "spark.executor.instances": 7.208412332526874, "spark.executor.memory": 3.321686106203445, "spark.executor.memoryOverhead": 617.6263045897765, "spark.memory.fraction": 0.5509855113329917, "spark.memory.storageFraction": 0.712461221840469, "spark.reducer.maxBlocksInFlightPerAddress": 1708717006.568014, "spark.reducer.maxSizeInFlight": 38.44257361424291, "spark.shuffle.file.buffer": 37.370222318078255}, "datetime": {"datetime": "2022-02-25 18:37:19", "elapsed": 2.859445, "delta": 0.147281}}
{"target": -2714.4375000000014, "params": {"spark.default.parallelism": 445.03216627449376, "spark.executor.cores": 3.709723515015758, "spark.executor.instances": 7.254770201407965, "spark.executor.memory": 3.398776086087766, "spark.executor.memoryOverhead": 609.8304728244162, "spark.memory.fraction": 0.5562698345759489, "spark.memory.storageFraction": 0.7055774123139184, "spark.reducer.maxBlocksInFlightPerAddress": 1699621597.7084868, "spark.reducer.maxSizeInFlight": 37.604335954637314, "spark.shuffle.file.buffer": 37.42593637966789}, "datetime": {"datetime": "2022-02-25 18:37:19", "elapsed": 3.001714, "delta": 0.142269}}
{"target": -2713.547570000001, "params": {"spark.default.parallelism": 445.4807305997936, "spark.executor.cores": 3.8151667980264246, "spark.executor.instances": 7.227022956629961, "spark.executor.memory": 3.389429907217746, "spark.executor.memoryOverhead": 619.4009527120301, "spark.memory.fraction": 0.5492448169309826, "spark.memory.storageFraction": 0.7175746976460742, "spark.reducer.maxBlocksInFlightPerAddress": 1746112070.9876409, "spark.reducer.maxSizeInFlight": 39.16341138625289, "spark.shuffle.file.buffer": 36.85267527512123}, "datetime": {"datetime": "2022-02-25 18:37:19", "elapsed": 3.144976, "delta": 0.143262}}
{"target": -2713.2006800000013, "params": {"spark.default.parallelism": 451.3422015882924, "spark.executor.cores": 3.826137947177572, "spark.executor.instances": 7.211633327379011, "spark.executor.memory": 3.3074011639131786, "spark.executor.memoryOverhead": 617.8823727323254, "spark.memory.fraction": 0.5556454569661958, "spark.memory.storageFraction": 0.715106885745977, "spark.reducer.maxBlocksInFlightPerAddress": 1741002899.1009586, "spark.reducer.maxSizeInFlight": 38.26885035012959, "spark.shuffle.file.buffer": 36.623227688407475}, "datetime": {"datetime": "2022-02-25 18:37:19", "elapsed": 3.292913, "delta": 0.147937}}
{"target": -2712.9847200000013, "params": {"spark.default.parallelism": 451.12404498843154, "spark.executor.cores": 3.8496574459971136, "spark.executor.instances": 7.154420903693143, "spark.executor.memory": 3.317210018500058, "spark.executor.memoryOverhead": 612.3943968237846, "spark.memory.fraction": 0.5496998726670527, "spark.memory.storageFraction": 0.7131888043438892, "spark.reducer.maxBlocksInFlightPerAddress": 1713101987.4471228, "spark.reducer.maxSizeInFlight": 37.38287299645149, "spark.shuffle.file.buffer": 38.12485956233136}, "datetime": {"datetime": "2022-02-25 18:37:20", "elapsed": 3.494862, "delta": 0.201949}}
{"target": -2712.7497600000006, "params": {"spark.default.parallelism": 454.80329610227807, "spark.executor.cores": 3.742812908854811, "spark.executor.instances": 7.231203678347108, "spark.executor.memory": 3.3824537373477717, "spark.executor.memoryOverhead": 617.5171910695525, "spark.memory.fraction": 0.5607737598274366, "spark.memory.storageFraction": 0.7100503674968224, "spark.reducer.maxBlocksInFlightPerAddress": 1681102256.062285, "spark.reducer.maxSizeInFlight": 37.65842107673824, "spark.shuffle.file.buffer": 37.251890684282536}, "datetime": {"datetime": "2022-02-25 18:37:20", "elapsed": 3.679583, "delta": 0.184721}}
{"target": -2714.927660000001, "params": {"spark.default.parallelism": 460.3338751006898, "spark.executor.cores": 3.777344425020483, "spark.executor.instances": 7.300625266492691, "spark.executor.memory": 3.336602943683382, "spark.executor.memoryOverhead": 617.6694264488798, "spark.memory.fraction": 0.5676449797064005, "spark.memory.storageFraction": 0.7062976171961981, "spark.reducer.maxBlocksInFlightPerAddress": 1655852589.754098, "spark.reducer.maxSizeInFlight": 37.99469761758968, "spark.shuffle.file.buffer": 36.65319999683713}, "datetime": {"datetime": "2022-02-25 18:37:20", "elapsed": 3.866086, "delta": 0.186503}}
