{"target": -1015.519, "params": {"spark.broadcast.blockSize": 27.85536429155959, "spark.broadcast.checksum": 0.7203244934421581, "spark.broadcast.compress": 0.00011437481734488664, "spark.default.parallelism": 290.69977178955196, "spark.executor.cores": 4.4402676724513395, "spark.executor.instances": 8.554031568612787, "spark.executor.memory": 9.117561268266025, "spark.executor.memoryOverhead": 857.7637567760185, "spark.kryoserializer.buffer": 70.08967752614431, "spark.kryoserializer.buffer.max": 83.72640646432227, "spark.locality.wait": 4.772750629629654, "spark.maxRemoteBlockSizeFetchToMem": 1809490227.7801933, "spark.memory.fraction": 0.581780899892607, "spark.memory.offHeap.enabled": 0.8781174363909454, "spark.memory.offHeap.size": 28.04489543467639, "spark.memory.storageFraction": 0.768187004071361, "spark.rdd.compress": 0.41730480236712697, "spark.reducer.maxBlocksInFlightPerAddress": 1673630458.4455886, "spark.reducer.maxReqsInFlight": 1224481150.5130224, "spark.reducer.maxSizeInFlight": 33.508871476074184, "spark.scheduler.mode": 0.8007445686755367, "spark.scheduler.revive.interval": 984.1307878596988, "spark.shuffle.compress": 0.31342417815924284, "spark.shuffle.file.buffer": 38.15432370141805, "spark.shuffle.io.numConnectionsPerPeer": 4.505556609184153, "spark.shuffle.sort.bypassMergeThreshold": 457.8426654015389, "spark.storage.memoryFraction": 0.5340176845479112, "spark.storage.memoryMapThreshold": 1.3514930490959411}, "datetime": {"datetime": "2022-02-14 11:17:40", "elapsed": 0.0, "delta": 0.0}}
{"target": -289.519, "params": {"spark.broadcast.blockSize": 12.529486013003272, "spark.broadcast.checksum": 0.8781425034294131, "spark.broadcast.compress": 0.0983468338330501, "spark.default.parallelism": 326.3322875015157, "spark.executor.cores": 6.873668590451506, "spark.executor.instances": 11.198991709838102, "spark.executor.memory": 12.15126268370284, "spark.executor.memoryOverhead": 816.5719301093122, "spark.kryoserializer.buffer": 97.90408905743203, "spark.kryoserializer.buffer.max": 112.1240645021478, "spark.locality.wait": 1.1645944960977261, "spark.maxRemoteBlockSizeFetchToMem": 1879202699.955295, "spark.memory.fraction": 0.8955444355625979, "spark.memory.offHeap.enabled": 0.7481656543798394, "spark.memory.offHeap.size": 287.1746478739509, "spark.memory.storageFraction": 0.8157117313805955, "spark.rdd.compress": 0.10322600657764203, "spark.reducer.maxBlocksInFlightPerAddress": 1554663834.7539082, "spark.reducer.maxReqsInFlight": 2049338815.7693782, "spark.reducer.maxSizeInFlight": 38.09347912193662, "spark.scheduler.mode": 0.28777533858634874, "spark.scheduler.revive.interval": 565.0142860591388, "spark.shuffle.compress": 0.019366957870297075, "spark.shuffle.file.buffer": 37.72273705407651, "spark.shuffle.io.numConnectionsPerPeer": 1.8465124640002362, "spark.shuffle.sort.bypassMergeThreshold": 206.2186637488905, "spark.storage.memoryFraction": 0.6966292637121353, "spark.storage.memoryMapThreshold": 1.4802629060537233}, "datetime": {"datetime": "2022-02-14 11:22:38", "elapsed": 298.190462, "delta": 298.190462}}
{"target": -246.938, "params": {"spark.broadcast.blockSize": 37.59529154050481, "spark.broadcast.checksum": 0.14672857490581015, "spark.broadcast.compress": 0.5893055369032842, "spark.default.parallelism": 409.92750800627937, "spark.executor.cores": 4.307003286483478, "spark.executor.instances": 10.48433592691741, "spark.executor.memory": 12.16640094636647, "spark.executor.memoryOverhead": 951.8397785213836, "spark.kryoserializer.buffer": 36.795532058824364, "spark.kryoserializer.buffer.max": 83.44605496788911, "spark.locality.wait": 6.974151806978099, "spark.maxRemoteBlockSizeFetchToMem": 1626599409.527616, "spark.memory.fraction": 0.8778379023963254, "spark.memory.offHeap.enabled": 0.5865550405019929, "spark.memory.offHeap.size": 925.0835612547927, "spark.memory.storageFraction": 0.554989881658495, "spark.rdd.compress": 0.13927634725075855, "spark.reducer.maxBlocksInFlightPerAddress": 1940671618.0206747, "spark.reducer.maxReqsInFlight": 1500744075.3073974, "spark.reducer.maxSizeInFlight": 31.937001461612773, "spark.scheduler.mode": 0.9275085803960339, "spark.scheduler.revive.interval": 673.8829298727533, "spark.shuffle.compress": 0.7508121031361555, "spark.shuffle.file.buffer": 39.23193553121445, "spark.shuffle.io.numConnectionsPerPeer": 4.533224364823239, "spark.shuffle.sort.bypassMergeThreshold": 349.4688828222436, "spark.storage.memoryFraction": 0.800376973610935, "spark.storage.memoryMapThreshold": 4.140085077800583}, "datetime": {"datetime": "2022-02-14 11:26:54", "elapsed": 553.787379, "delta": 255.596917}}
{"target": -753.494, "params": {"spark.broadcast.blockSize": 18.735529289431618, "spark.broadcast.checksum": 0.8958862181960668, "spark.broadcast.compress": 0.4280911898712949, "spark.default.parallelism": 489.45201414451566, "spark.executor.cores": 5.990324493455344, "spark.executor.instances": 11.730174321254731, "spark.executor.memory": 8.688475837720251, "spark.executor.memoryOverhead": 1685.7497736873947, "spark.kryoserializer.buffer": 75.1915648140743, "spark.kryoserializer.buffer.max": 87.52540298116465, "spark.locality.wait": 4.673231224851531, "spark.maxRemoteBlockSizeFetchToMem": 1328247288.4244535, "spark.memory.fraction": 0.8613518082249015, "spark.memory.offHeap.enabled": 0.5736794866722859, "spark.memory.offHeap.size": 2.9392148799067854, "spark.memory.storageFraction": 0.7468579654482895, "spark.rdd.compress": 0.32664490177209615, "spark.reducer.maxBlocksInFlightPerAddress": 1639666151.072064, "spark.reducer.maxReqsInFlight": 2025014908.6723402, "spark.reducer.maxSizeInFlight": 41.14894848011999, "spark.scheduler.mode": 0.9085351509197992, "spark.scheduler.revive.interval": 811.6800578959014, "spark.shuffle.compress": 0.015821242846556283, "spark.shuffle.file.buffer": 45.74199147980036, "spark.shuffle.io.numConnectionsPerPeer": 3.763587670067696, "spark.shuffle.sort.bypassMergeThreshold": 498.9291401805922, "spark.storage.memoryFraction": 0.5689362033381314, "spark.storage.memoryMapThreshold": 2.2342217466599}, "datetime": {"datetime": "2022-02-14 11:39:36", "elapsed": 1316.097906, "delta": 762.310527}}
{"target": -261.275, "params": {"spark.broadcast.blockSize": 59.82091870830414, "spark.broadcast.checksum": 0.6968181614899002, "spark.broadcast.compress": 0.06600017272206249, "spark.default.parallelism": 426.6389157807399, "spark.executor.cores": 6.261628565383739, "spark.executor.instances": 13.5381472132789, "spark.executor.memory": 12.26914855177083, "spark.executor.memoryOverhead": 554.3754888638377, "spark.kryoserializer.buffer": 33.90849284862038, "spark.kryoserializer.buffer.max": 34.51625474026105, "spark.locality.wait": 1.2547583921871515, "spark.maxRemoteBlockSizeFetchToMem": 1338108624.7870486, "spark.memory.fraction": 0.8440111794731553, "spark.memory.offHeap.enabled": 0.5388310643416528, "spark.memory.offHeap.size": 566.0897061742243, "spark.memory.storageFraction": 0.8368123569438424, "spark.rdd.compress": 0.12417331511991114, "spark.reducer.maxBlocksInFlightPerAddress": 1373513015.7324514, "spark.reducer.maxReqsInFlight": 1702696051.560533, "spark.reducer.maxSizeInFlight": 70.54059591934438, "spark.scheduler.mode": 0.56103021925571, "spark.scheduler.revive.interval": 509.32364468647154, "spark.shuffle.compress": 0.8006326726806163, "spark.shuffle.file.buffer": 23.455176762912654, "spark.shuffle.io.numConnectionsPerPeer": 4.2284207824751165, "spark.shuffle.sort.bypassMergeThreshold": 255.1442576256687, "spark.storage.memoryFraction": 0.8454167418237715, "spark.storage.memoryMapThreshold": 7.724094784634661}, "datetime": {"datetime": "2022-02-14 11:44:06", "elapsed": 1586.267595, "delta": 270.169689}}
{"target": -541.414, "params": {"spark.broadcast.blockSize": 36.48689450740597, "spark.broadcast.checksum": 0.13645522566068502, "spark.broadcast.compress": 0.05991768951221166, "spark.default.parallelism": 236.4030367222212, "spark.executor.cores": 4.133655635634285, "spark.executor.instances": 8.644964774636557, "spark.executor.memory": 9.354256031647129, "spark.executor.memoryOverhead": 1361.5078921046497, "spark.kryoserializer.buffer": 85.73283027719768, "spark.kryoserializer.buffer.max": 33.20537409527512, "spark.locality.wait": 1.6477685172053809, "spark.maxRemoteBlockSizeFetchToMem": 2112346370.2637775, "spark.memory.fraction": 0.7272401847679768, "spark.memory.offHeap.enabled": 0.20329323466099047, "spark.memory.offHeap.size": 258.3815624400112, "spark.memory.storageFraction": 0.7975303416300372, "spark.rdd.compress": 0.1954294811093188, "spark.reducer.maxBlocksInFlightPerAddress": 1697971217.9690711, "spark.reducer.maxReqsInFlight": 2115292855.4001446, "spark.reducer.maxSizeInFlight": 64.6477824715217, "spark.scheduler.mode": 0.23984775914758616, "spark.scheduler.revive.interval": 746.884857134365, "spark.shuffle.compress": 0.6199557183813798, "spark.shuffle.file.buffer": 42.52738878560572, "spark.shuffle.io.numConnectionsPerPeer": 1.627165578584337, "spark.shuffle.sort.bypassMergeThreshold": 107.4304808709638, "spark.storage.memoryFraction": 0.5280088574876889, "spark.storage.memoryMapThreshold": 5.3771059984332865}, "datetime": {"datetime": "2022-02-14 11:53:16", "elapsed": 2136.361675, "delta": 550.09408}}
{"target": -251.662, "params": {"spark.broadcast.blockSize": 29.62772043888836, "spark.broadcast.checksum": 0.14550838259671514, "spark.broadcast.compress": 0.4932753903482261, "spark.default.parallelism": 348.9292099035377, "spark.executor.cores": 4.930238850959193, "spark.executor.instances": 10.220158162302681, "spark.executor.memory": 12.59244877570191, "spark.executor.memoryOverhead": 680.9366682654509, "spark.kryoserializer.buffer": 38.97111761904757, "spark.kryoserializer.buffer.max": 98.0840365135488, "spark.locality.wait": 7.120471701977377, "spark.maxRemoteBlockSizeFetchToMem": 1806186814.7005525, "spark.memory.fraction": 0.8997934241576611, "spark.memory.offHeap.enabled": 0.5612505206041299, "spark.memory.offHeap.size": 864.4378208706435, "spark.memory.storageFraction": 0.5476101348481546, "spark.rdd.compress": 0.14425263780807165, "spark.reducer.maxBlocksInFlightPerAddress": 1946878935.6599226, "spark.reducer.maxReqsInFlight": 1508470943.1966243, "spark.reducer.maxSizeInFlight": 34.74356839663398, "spark.scheduler.mode": 0.9206024403283865, "spark.scheduler.revive.interval": 674.7425383013291, "spark.shuffle.compress": 0.7261097226112746, "spark.shuffle.file.buffer": 40.563985272199766, "spark.shuffle.io.numConnectionsPerPeer": 4.464981258003799, "spark.shuffle.sort.bypassMergeThreshold": 349.5616910999021, "spark.storage.memoryFraction": 0.8227025282539787, "spark.storage.memoryMapThreshold": 3.918160665025751}, "datetime": {"datetime": "2022-02-14 11:57:37", "elapsed": 2396.802733, "delta": 260.441058}}
{"target": -262.594, "params": {"spark.broadcast.blockSize": 43.48846514242591, "spark.broadcast.checksum": 0.18380979321119073, "spark.broadcast.compress": 0.770054410574651, "spark.default.parallelism": 419.71758015725993, "spark.executor.cores": 4.271490113838299, "spark.executor.instances": 11.072817862092348, "spark.executor.memory": 13.02233828168819, "spark.executor.memoryOverhead": 751.4476455914767, "spark.kryoserializer.buffer": 40.40175034725345, "spark.kryoserializer.buffer.max": 98.65282558971367, "spark.locality.wait": 7.546876014717885, "spark.maxRemoteBlockSizeFetchToMem": 1616904179.4604347, "spark.memory.fraction": 0.880018684205315, "spark.memory.offHeap.enabled": 0.5654251241992774, "spark.memory.offHeap.size": 853.4140096577296, "spark.memory.storageFraction": 0.512029912670997, "spark.rdd.compress": 0.07365898692558868, "spark.reducer.maxBlocksInFlightPerAddress": 2009429433.4054174, "spark.reducer.maxReqsInFlight": 1515442780.3933957, "spark.reducer.maxSizeInFlight": 34.556676966561476, "spark.scheduler.mode": 0.9221972528407198, "spark.scheduler.revive.interval": 669.4678808620971, "spark.shuffle.compress": 0.7851405195674257, "spark.shuffle.file.buffer": 34.406032109127736, "spark.shuffle.io.numConnectionsPerPeer": 4.725187837694152, "spark.shuffle.sort.bypassMergeThreshold": 338.0530742133493, "spark.storage.memoryFraction": 0.8629609148229723, "spark.storage.memoryMapThreshold": 5.83180234670301}, "datetime": {"datetime": "2022-02-14 12:02:08", "elapsed": 2668.38706, "delta": 271.584327}}
{"target": -257.117, "params": {"spark.broadcast.blockSize": 46.353281845155514, "spark.broadcast.checksum": 0.10475349573913402, "spark.broadcast.compress": 0.6163103221851434, "spark.default.parallelism": 428.4917288109118, "spark.executor.cores": 4.5691334440251765, "spark.executor.instances": 10.91275813743685, "spark.executor.memory": 12.70584594728371, "spark.executor.memoryOverhead": 870.8504008924525, "spark.kryoserializer.buffer": 33.17621205435934, "spark.kryoserializer.buffer.max": 92.83593498973056, "spark.locality.wait": 6.1064357268436895, "spark.maxRemoteBlockSizeFetchToMem": 1553395396.6467059, "spark.memory.fraction": 0.8987001862575137, "spark.memory.offHeap.enabled": 0.45670689275746684, "spark.memory.offHeap.size": 1007.5705818565077, "spark.memory.storageFraction": 0.529262844001904, "spark.rdd.compress": 0.09193377838494661, "spark.reducer.maxBlocksInFlightPerAddress": 1856811358.9578953, "spark.reducer.maxReqsInFlight": 1524844253.7491214, "spark.reducer.maxSizeInFlight": 37.75018415469052, "spark.scheduler.mode": 0.9395485295520462, "spark.scheduler.revive.interval": 668.645206031514, "spark.shuffle.compress": 0.7511446098711226, "spark.shuffle.file.buffer": 37.310365046151006, "spark.shuffle.io.numConnectionsPerPeer": 4.582691334676711, "spark.shuffle.sort.bypassMergeThreshold": 354.732523213325, "spark.storage.memoryFraction": 0.8416914638541882, "spark.storage.memoryMapThreshold": 3.827330615583989}, "datetime": {"datetime": "2022-02-14 12:06:34", "elapsed": 2934.250221, "delta": 265.863161}}
{"target": -271.246, "params": {"spark.broadcast.blockSize": 38.81119822737773, "spark.broadcast.checksum": 0.10216365010976138, "spark.broadcast.compress": 0.6524161118850111, "spark.default.parallelism": 438.5598450585738, "spark.executor.cores": 4.372142727672827, "spark.executor.instances": 10.97349204436552, "spark.executor.memory": 12.688631679680103, "spark.executor.memoryOverhead": 950.8643661061573, "spark.kryoserializer.buffer": 34.93832040749965, "spark.kryoserializer.buffer.max": 88.7507640241044, "spark.locality.wait": 6.89200662194267, "spark.maxRemoteBlockSizeFetchToMem": 1718134491.4281194, "spark.memory.fraction": 0.8910039085222947, "spark.memory.offHeap.enabled": 0.6869918103559534, "spark.memory.offHeap.size": 1020.885730467416, "spark.memory.storageFraction": 0.534974649488462, "spark.rdd.compress": 0.011403228779359832, "spark.reducer.maxBlocksInFlightPerAddress": 1853459656.6046574, "spark.reducer.maxReqsInFlight": 1520536295.1071053, "spark.reducer.maxSizeInFlight": 25.96340433284224, "spark.scheduler.mode": 0.9317505836655519, "spark.scheduler.revive.interval": 671.822947077973, "spark.shuffle.compress": 0.824771267355809, "spark.shuffle.file.buffer": 39.34452952707943, "spark.shuffle.io.numConnectionsPerPeer": 4.412784464129593, "spark.shuffle.sort.bypassMergeThreshold": 340.3527490464059, "spark.storage.memoryFraction": 0.8446529043020775, "spark.storage.memoryMapThreshold": 4.998767167063278}, "datetime": {"datetime": "2022-02-14 12:11:14", "elapsed": 3214.266988, "delta": 280.016767}}
{"target": -262.947, "params": {"spark.broadcast.blockSize": 36.4824519155065, "spark.broadcast.checksum": 0.19289735068582764, "spark.broadcast.compress": 0.5815785400510254, "spark.default.parallelism": 390.6886629657906, "spark.executor.cores": 4.547763497799841, "spark.executor.instances": 10.756261111163893, "spark.executor.memory": 12.773819887197964, "spark.executor.memoryOverhead": 773.4140527544098, "spark.kryoserializer.buffer": 36.066659329461004, "spark.kryoserializer.buffer.max": 80.84354629391315, "spark.locality.wait": 7.298420874118435, "spark.maxRemoteBlockSizeFetchToMem": 1718051917.0568976, "spark.memory.fraction": 0.8975852812614242, "spark.memory.offHeap.enabled": 0.6837600036997393, "spark.memory.offHeap.size": 962.6576144493629, "spark.memory.storageFraction": 0.5699425382601832, "spark.rdd.compress": 0.13122154412907075, "spark.reducer.maxBlocksInFlightPerAddress": 1935811202.6431556, "spark.reducer.maxReqsInFlight": 1517585531.7409072, "spark.reducer.maxSizeInFlight": 34.78905921376453, "spark.scheduler.mode": 0.9196412590595994, "spark.scheduler.revive.interval": 668.8220719398547, "spark.shuffle.compress": 0.7413293920588842, "spark.shuffle.file.buffer": 39.99800604475167, "spark.shuffle.io.numConnectionsPerPeer": 4.435257109851645, "spark.shuffle.sort.bypassMergeThreshold": 340.6626062649539, "spark.storage.memoryFraction": 0.8144678231347101, "spark.storage.memoryMapThreshold": 5.413617192199746}, "datetime": {"datetime": "2022-02-14 12:15:46", "elapsed": 3485.991632, "delta": 271.724644}}
{"target": -262.489, "params": {"spark.broadcast.blockSize": 34.24989654509972, "spark.broadcast.checksum": 0.15941120521270646, "spark.broadcast.compress": 0.6306472420168435, "spark.default.parallelism": 384.0152747538464, "spark.executor.cores": 4.684674473414708, "spark.executor.instances": 10.37430458022685, "spark.executor.memory": 12.418463556230051, "spark.executor.memoryOverhead": 831.9698665460683, "spark.kryoserializer.buffer": 35.67337818699909, "spark.kryoserializer.buffer.max": 81.23950002379345, "spark.locality.wait": 6.920887212641302, "spark.maxRemoteBlockSizeFetchToMem": 1543710901.5366344, "spark.memory.fraction": 0.8843000223758488, "spark.memory.offHeap.enabled": 0.47912658885691256, "spark.memory.offHeap.size": 998.1436773833188, "spark.memory.storageFraction": 0.5229919580603176, "spark.rdd.compress": 0.04991755599936771, "spark.reducer.maxBlocksInFlightPerAddress": 2043755051.7878342, "spark.reducer.maxReqsInFlight": 1498459868.654809, "spark.reducer.maxSizeInFlight": 28.25051274592425, "spark.scheduler.mode": 0.9330661027118049, "spark.scheduler.revive.interval": 670.7128332194449, "spark.shuffle.compress": 0.815804460309522, "spark.shuffle.file.buffer": 39.997428541319756, "spark.shuffle.io.numConnectionsPerPeer": 4.354343908639495, "spark.shuffle.sort.bypassMergeThreshold": 340.3849180088777, "spark.storage.memoryFraction": 0.7992235890245432, "spark.storage.memoryMapThreshold": 4.098817782266723}, "datetime": {"datetime": "2022-02-14 12:20:17", "elapsed": 3757.335051, "delta": 271.343419}}
{"target": -262.365, "params": {"spark.broadcast.blockSize": 41.38525436488453, "spark.broadcast.checksum": 0.08417941994737188, "spark.broadcast.compress": 0.6528426793557809, "spark.default.parallelism": 413.5562775466394, "spark.executor.cores": 4.121094733438354, "spark.executor.instances": 10.077999042244096, "spark.executor.memory": 12.56028252507269, "spark.executor.memoryOverhead": 933.3434815543682, "spark.kryoserializer.buffer": 32.83206969147237, "spark.kryoserializer.buffer.max": 93.04654619324847, "spark.locality.wait": 6.5093245191584455, "spark.maxRemoteBlockSizeFetchToMem": 1714727941.2869844, "spark.memory.fraction": 0.8859040116544852, "spark.memory.offHeap.enabled": 0.4960797614738168, "spark.memory.offHeap.size": 900.2910999315736, "spark.memory.storageFraction": 0.5464819505042, "spark.rdd.compress": 0.25661443007746154, "spark.reducer.maxBlocksInFlightPerAddress": 2026431072.9102764, "spark.reducer.maxReqsInFlight": 1489172400.0312002, "spark.reducer.maxSizeInFlight": 26.51235993710935, "spark.scheduler.mode": 0.9199295271259716, "spark.scheduler.revive.interval": 670.0527216524644, "spark.shuffle.compress": 0.7064801439131065, "spark.shuffle.file.buffer": 37.41531667835044, "spark.shuffle.io.numConnectionsPerPeer": 4.468866591867837, "spark.shuffle.sort.bypassMergeThreshold": 340.29459976500976, "spark.storage.memoryFraction": 0.8145106551861142, "spark.storage.memoryMapThreshold": 4.403783163785232}, "datetime": {"datetime": "2022-02-14 12:24:48", "elapsed": 4028.427917, "delta": 271.092866}}
{"target": -259.308, "params": {"spark.broadcast.blockSize": 37.8408384243951, "spark.broadcast.checksum": 0.11639489771961165, "spark.broadcast.compress": 0.6082358128001186, "spark.default.parallelism": 434.5729663945249, "spark.executor.cores": 4.297222389026561, "spark.executor.instances": 10.397131931091328, "spark.executor.memory": 12.431849469768201, "spark.executor.memoryOverhead": 870.8083986126201, "spark.kryoserializer.buffer": 35.318654297433234, "spark.kryoserializer.buffer.max": 84.73361704982078, "spark.locality.wait": 7.210025233752746, "spark.maxRemoteBlockSizeFetchToMem": 1620645461.3250961, "spark.memory.fraction": 0.894014671366196, "spark.memory.offHeap.enabled": 0.6101277609719113, "spark.memory.offHeap.size": 960.2792580841149, "spark.memory.storageFraction": 0.5587069349121173, "spark.rdd.compress": 0.1370460696157245, "spark.reducer.maxBlocksInFlightPerAddress": 1994402050.1674078, "spark.reducer.maxReqsInFlight": 1506955119.0719707, "spark.reducer.maxSizeInFlight": 34.72387595523509, "spark.scheduler.mode": 0.9237687970173335, "spark.scheduler.revive.interval": 672.3669103548355, "spark.shuffle.compress": 0.7993469858297565, "spark.shuffle.file.buffer": 38.22272028748159, "spark.shuffle.io.numConnectionsPerPeer": 4.4634325913570585, "spark.shuffle.sort.bypassMergeThreshold": 346.01952443389763, "spark.storage.memoryFraction": 0.8333325877850357, "spark.storage.memoryMapThreshold": 3.3342976082885962}, "datetime": {"datetime": "2022-02-14 12:29:17", "elapsed": 4296.614344, "delta": 268.186427}}
