{"target": -260.851, "params": {"spark.broadcast.blockSize": 34.76517598713009, "spark.broadcast.checksum": 0.1100267464417876, "spark.broadcast.compress": 0.5640373398445214, "spark.default.parallelism": 380.9003612389823, "spark.executor.cores": 4.191744790034942, "spark.executor.instances": 10.606483475509618, "spark.executor.memory": 12.14427448649787, "spark.executor.memoryOverhead": 1033.646498295945, "spark.kryoserializer.buffer": 34.708880682218954, "spark.kryoserializer.buffer.max": 84.59181918497266, "spark.locality.wait": 7.246259339152254, "spark.maxRemoteBlockSizeFetchToMem": 1616384130.192676, "spark.memory.fraction": 0.8900311181956959, "spark.memory.offHeap.enabled": 0.534787320264438, "spark.memory.offHeap.size": 968.7426649838733, "spark.memory.storageFraction": 0.5393631638192832, "spark.rdd.compress": 0.05170944999195158, "spark.reducer.maxBlocksInFlightPerAddress": 1909590504.5504751, "spark.reducer.maxReqsInFlight": 1479998025.8650975, "spark.reducer.maxSizeInFlight": 33.67559569697057, "spark.scheduler.mode": 0.9336417150016522, "spark.scheduler.revive.interval": 671.4378463156476, "spark.shuffle.compress": 0.7158876253836978, "spark.shuffle.file.buffer": 36.96747391942456, "spark.shuffle.io.numConnectionsPerPeer": 4.528379931478707, "spark.shuffle.sort.bypassMergeThreshold": 346.8366927125177, "spark.storage.memoryFraction": 0.8131844797915412, "spark.storage.memoryMapThreshold": 4.548740617532305}, "datetime": {"datetime": "2022-02-14 14:40:15", "elapsed": 12154.793084, "delta": 269.681644}}
{"target": -262.386, "params": {"spark.broadcast.blockSize": 34.730762254787095, "spark.broadcast.checksum": 0.10789794611135504, "spark.broadcast.compress": 0.5659474912427933, "spark.default.parallelism": 382.60559546306763, "spark.executor.cores": 4.199418694295915, "spark.executor.instances": 10.602790324439734, "spark.executor.memory": 12.154121682171693, "spark.executor.memoryOverhead": 1031.213599420672, "spark.kryoserializer.buffer": 34.686653396253355, "spark.kryoserializer.buffer.max": 84.90860284855219, "spark.locality.wait": 7.256157494786968, "spark.maxRemoteBlockSizeFetchToMem": 1616655541.8362255, "spark.memory.fraction": 0.8900158789877675, "spark.memory.offHeap.enabled": 0.5302467502477821, "spark.memory.offHeap.size": 963.7419896273019, "spark.memory.storageFraction": 0.5395692352525671, "spark.rdd.compress": 0.051642245016988546, "spark.reducer.maxBlocksInFlightPerAddress": 1910322877.9442818, "spark.reducer.maxReqsInFlight": 1480369334.953206, "spark.reducer.maxSizeInFlight": 33.84997366848163, "spark.scheduler.mode": 0.9337746261079347, "spark.scheduler.revive.interval": 671.2673080679008, "spark.shuffle.compress": 0.7173609200590152, "spark.shuffle.file.buffer": 36.99591740819849, "spark.shuffle.io.numConnectionsPerPeer": 4.531167947563968, "spark.shuffle.sort.bypassMergeThreshold": 347.4367075339933, "spark.storage.memoryFraction": 0.8126125215231331, "spark.storage.memoryMapThreshold": 4.551857602908648}, "datetime": {"datetime": "2022-02-14 14:44:46", "elapsed": 12425.923395, "delta": 271.130311}}
{"target": -270.704, "params": {"spark.broadcast.blockSize": 34.86329754738644, "spark.broadcast.checksum": 0.10781429587543463, "spark.broadcast.compress": 0.5648759386980449, "spark.default.parallelism": 380.8037256077973, "spark.executor.cores": 4.195259833535386, "spark.executor.instances": 10.620287062352098, "spark.executor.memory": 12.15995122212552, "spark.executor.memoryOverhead": 1036.2679496275252, "spark.kryoserializer.buffer": 34.83380346634288, "spark.kryoserializer.buffer.max": 84.34290060602369, "spark.locality.wait": 7.2271747501961405, "spark.maxRemoteBlockSizeFetchToMem": 1618252028.8997107, "spark.memory.fraction": 0.889282892198575, "spark.memory.offHeap.enabled": 0.535694370917062, "spark.memory.offHeap.size": 963.2803853981815, "spark.memory.storageFraction": 0.5402936454111185, "spark.rdd.compress": 0.05446609131115438, "spark.reducer.maxBlocksInFlightPerAddress": 1906684274.7225327, "spark.reducer.maxReqsInFlight": 1479909504.2035816, "spark.reducer.maxSizeInFlight": 33.8794226628057, "spark.scheduler.mode": 0.9338888850352949, "spark.scheduler.revive.interval": 671.2839924147457, "spark.shuffle.compress": 0.716844876612261, "spark.shuffle.file.buffer": 37.07159472600128, "spark.shuffle.io.numConnectionsPerPeer": 4.531137167942882, "spark.shuffle.sort.bypassMergeThreshold": 347.4633449842245, "spark.storage.memoryFraction": 0.8130758181822838, "spark.storage.memoryMapThreshold": 4.52931798938548}, "datetime": {"datetime": "2022-02-14 14:49:25", "elapsed": 12705.482137, "delta": 279.558742}}
{"target": -259.422, "params": {"spark.broadcast.blockSize": 34.80438626530738, "spark.broadcast.checksum": 0.10829504861417194, "spark.broadcast.compress": 0.5607997209242551, "spark.default.parallelism": 382.2066855925143, "spark.executor.cores": 4.203600979702275, "spark.executor.instances": 10.596709351780914, "spark.executor.memory": 12.16422507299686, "spark.executor.memoryOverhead": 1028.174599891872, "spark.kryoserializer.buffer": 34.79790923849823, "spark.kryoserializer.buffer.max": 84.7431917374699, "spark.locality.wait": 7.258482829483713, "spark.maxRemoteBlockSizeFetchToMem": 1620971432.5622783, "spark.memory.fraction": 0.8893882484069081, "spark.memory.offHeap.enabled": 0.533427623458748, "spark.memory.offHeap.size": 968.1651874571814, "spark.memory.storageFraction": 0.5390532096474436, "spark.rdd.compress": 0.05075735605455182, "spark.reducer.maxBlocksInFlightPerAddress": 1906639890.8177254, "spark.reducer.maxReqsInFlight": 1480385595.7123752, "spark.reducer.maxSizeInFlight": 33.682406591902534, "spark.scheduler.mode": 0.9338192584088819, "spark.scheduler.revive.interval": 671.2828075477235, "spark.shuffle.compress": 0.7142558755346857, "spark.shuffle.file.buffer": 36.880008272829905, "spark.shuffle.io.numConnectionsPerPeer": 4.532919912319221, "spark.shuffle.sort.bypassMergeThreshold": 347.1323349933084, "spark.storage.memoryFraction": 0.8117347289094918, "spark.storage.memoryMapThreshold": 4.533268149693876}, "datetime": {"datetime": "2022-02-14 14:53:54", "elapsed": 12973.634212, "delta": 268.152075}}
{"target": -263.241, "params": {"spark.broadcast.blockSize": 34.83769438973684, "spark.broadcast.checksum": 0.10831781335704953, "spark.broadcast.compress": 0.5644235409344421, "spark.default.parallelism": 381.4234021884303, "spark.executor.cores": 4.196530538102195, "spark.executor.instances": 10.606754924108856, "spark.executor.memory": 12.155273984378734, "spark.executor.memoryOverhead": 1031.784845839415, "spark.kryoserializer.buffer": 34.61747490982594, "spark.kryoserializer.buffer.max": 84.44594673649871, "spark.locality.wait": 7.240013736140484, "spark.maxRemoteBlockSizeFetchToMem": 1617738055.9280353, "spark.memory.fraction": 0.8898010269210546, "spark.memory.offHeap.enabled": 0.5330851802654861, "spark.memory.offHeap.size": 966.8665821650003, "spark.memory.storageFraction": 0.5385414385929951, "spark.rdd.compress": 0.04887444358692982, "spark.reducer.maxBlocksInFlightPerAddress": 1907099476.6800368, "spark.reducer.maxReqsInFlight": 1480307718.3556433, "spark.reducer.maxSizeInFlight": 33.894375666371786, "spark.scheduler.mode": 0.933625847498669, "spark.scheduler.revive.interval": 671.3252263782045, "spark.shuffle.compress": 0.7167531950541085, "spark.shuffle.file.buffer": 37.0340443827364, "spark.shuffle.io.numConnectionsPerPeer": 4.532039446361959, "spark.shuffle.sort.bypassMergeThreshold": 347.38988335883954, "spark.storage.memoryFraction": 0.8125378621293009, "spark.storage.memoryMapThreshold": 4.559323887310063}, "datetime": {"datetime": "2022-02-14 14:58:26", "elapsed": 13245.857004, "delta": 272.222792}}
{"target": -277.329, "params": {"spark.broadcast.blockSize": 34.77111964380379, "spark.broadcast.checksum": 0.10912735180339944, "spark.broadcast.compress": 0.5645981973153023, "spark.default.parallelism": 381.0262026750258, "spark.executor.cores": 4.200953154887669, "spark.executor.instances": 10.595974777993888, "spark.executor.memory": 12.14924439275233, "spark.executor.memoryOverhead": 1030.0227913217734, "spark.kryoserializer.buffer": 34.7171974236423, "spark.kryoserializer.buffer.max": 84.68466591932635, "spark.locality.wait": 7.230630375244416, "spark.maxRemoteBlockSizeFetchToMem": 1616897273.3395236, "spark.memory.fraction": 0.8902953688456925, "spark.memory.offHeap.enabled": 0.5295452561150047, "spark.memory.offHeap.size": 964.4171794815896, "spark.memory.storageFraction": 0.5394739176943938, "spark.rdd.compress": 0.0526658225331585, "spark.reducer.maxBlocksInFlightPerAddress": 1910114960.5731003, "spark.reducer.maxReqsInFlight": 1480351284.4484777, "spark.reducer.maxSizeInFlight": 33.75011549435984, "spark.scheduler.mode": 0.9336207103241259, "spark.scheduler.revive.interval": 671.1995524629363, "spark.shuffle.compress": 0.715656532676188, "spark.shuffle.file.buffer": 37.07534491584991, "spark.shuffle.io.numConnectionsPerPeer": 4.529890392823161, "spark.shuffle.sort.bypassMergeThreshold": 347.2371008372387, "spark.storage.memoryFraction": 0.8128977893218747, "spark.storage.memoryMapThreshold": 4.555649277015655}, "datetime": {"datetime": "2022-02-14 15:03:12", "elapsed": 13531.819787, "delta": 285.962783}}
{"target": -252.653, "params": {"spark.broadcast.blockSize": 34.68221228096098, "spark.broadcast.checksum": 0.10877386642609854, "spark.broadcast.compress": 0.5655881857222048, "spark.default.parallelism": 380.92141006248823, "spark.executor.cores": 4.185068447949837, "spark.executor.instances": 10.613754114548883, "spark.executor.memory": 12.159213481717972, "spark.executor.memoryOverhead": 1031.1652293010332, "spark.kryoserializer.buffer": 34.61430963922203, "spark.kryoserializer.buffer.max": 84.59114782033787, "spark.locality.wait": 7.243036978117791, "spark.maxRemoteBlockSizeFetchToMem": 1618121897.858136, "spark.memory.fraction": 0.889736477638017, "spark.memory.offHeap.enabled": 0.5316847797442906, "spark.memory.offHeap.size": 965.1988820660864, "spark.memory.storageFraction": 0.5390462775570248, "spark.rdd.compress": 0.05037261001735526, "spark.reducer.maxBlocksInFlightPerAddress": 1908752514.8344028, "spark.reducer.maxReqsInFlight": 1479664357.3380778, "spark.reducer.maxSizeInFlight": 33.8275021626119, "spark.scheduler.mode": 0.9337186514048037, "spark.scheduler.revive.interval": 671.2639023676583, "spark.shuffle.compress": 0.715732818981774, "spark.shuffle.file.buffer": 37.012247670347364, "spark.shuffle.io.numConnectionsPerPeer": 4.532734993637141, "spark.shuffle.sort.bypassMergeThreshold": 347.2715722576966, "spark.storage.memoryFraction": 0.8124343787801916, "spark.storage.memoryMapThreshold": 4.567041325255252}, "datetime": {"datetime": "2022-02-14 15:07:33", "elapsed": 13793.360597, "delta": 261.54081}}
{"target": -260.455, "params": {"spark.broadcast.blockSize": 34.63545038825613, "spark.broadcast.checksum": 0.10817229298365567, "spark.broadcast.compress": 0.5623945882580316, "spark.default.parallelism": 381.8164118922037, "spark.executor.cores": 4.2009292482624145, "spark.executor.instances": 10.602875001821822, "spark.executor.memory": 12.158480803609509, "spark.executor.memoryOverhead": 1031.0373018808627, "spark.kryoserializer.buffer": 34.611765050407165, "spark.kryoserializer.buffer.max": 84.71437601068921, "spark.locality.wait": 7.234618291694023, "spark.maxRemoteBlockSizeFetchToMem": 1619927908.7339313, "spark.memory.fraction": 0.8900420487927782, "spark.memory.offHeap.enabled": 0.5322042087319587, "spark.memory.offHeap.size": 967.4771448807592, "spark.memory.storageFraction": 0.5392303649958822, "spark.rdd.compress": 0.05260187602894399, "spark.reducer.maxBlocksInFlightPerAddress": 1909461018.7727072, "spark.reducer.maxReqsInFlight": 1480113581.5954466, "spark.reducer.maxSizeInFlight": 33.75056842115228, "spark.scheduler.mode": 0.9334889655644945, "spark.scheduler.revive.interval": 671.23517203795, "spark.shuffle.compress": 0.7165890527704702, "spark.shuffle.file.buffer": 36.97330123653874, "spark.shuffle.io.numConnectionsPerPeer": 4.5290086090254045, "spark.shuffle.sort.bypassMergeThreshold": 347.1519350009919, "spark.storage.memoryFraction": 0.8126192224980082, "spark.storage.memoryMapThreshold": 4.568103840011099}, "datetime": {"datetime": "2022-02-14 15:12:03", "elapsed": 14062.941143, "delta": 269.580546}}
