{"target": -240.851, "params": {"spark.broadcast.blockSize": 34.738688681141554, "spark.broadcast.checksum": 0.10931327056910843, "spark.broadcast.compress": 0.5642512494888938, "spark.default.parallelism": 381.4800063839926, "spark.executor.cores": 4.193923241005496, "spark.executor.instances": 10.607114828511836, "spark.executor.memory": 12.156834516303668, "spark.executor.memoryOverhead": 1032.4245050865222, "spark.kryoserializer.buffer": 34.6886796697432, "spark.kryoserializer.buffer.max": 84.67310677140524, "spark.locality.wait": 7.241710807031542, "spark.maxRemoteBlockSizeFetchToMem": 1618058184.288846, "spark.memory.fraction": 0.889802226552344, "spark.memory.offHeap.enabled": 0.5322019455977882, "spark.memory.offHeap.size": 965.9374182760787, "spark.memory.storageFraction": 0.539198306171598, "spark.rdd.compress": 0.05081078511012647, "spark.reducer.maxBlocksInFlightPerAddress": 1908359472.109308, "spark.reducer.maxReqsInFlight": 1480040621.1649508, "spark.reducer.maxSizeInFlight": 33.841946592319964, "spark.scheduler.mode": 0.9336410023437718, "spark.scheduler.revive.interval": 671.2968056332429, "spark.shuffle.compress": 0.7159491484906404, "spark.shuffle.file.buffer": 36.994338802307006, "spark.shuffle.io.numConnectionsPerPeer": 4.531473532339993, "spark.shuffle.sort.bypassMergeThreshold": 347.2119081108654, "spark.storage.memoryFraction": 0.8127829435563043, "spark.storage.memoryMapThreshold": 4.552156169112308}, "datetime": {"datetime": "2022-02-14 12:33:26", "elapsed": 4546.593294, "delta": 249.97895}}
{"target": -259.989, "params": {"spark.broadcast.blockSize": 34.76574309516778, "spark.broadcast.checksum": 0.08119087618625744, "spark.broadcast.compress": 0.49148482912796565, "spark.default.parallelism": 384.0394937461481, "spark.executor.cores": 4.46802489238792, "spark.executor.instances": 10.88792441327294, "spark.executor.memory": 11.996996353588933, "spark.executor.memoryOverhead": 972.2795712091465, "spark.kryoserializer.buffer": 35.770133577146325, "spark.kryoserializer.buffer.max": 87.80887571267579, "spark.locality.wait": 7.4491080380498085, "spark.maxRemoteBlockSizeFetchToMem": 1608480150.464779, "spark.memory.fraction": 0.8972632115680733, "spark.memory.offHeap.enabled": 0.4923881236077551, "spark.memory.offHeap.size": 1019.7983737600671, "spark.memory.storageFraction": 0.5486638737753048, "spark.rdd.compress": 0.002946921940287261, "spark.reducer.maxBlocksInFlightPerAddress": 1924165953.9985976, "spark.reducer.maxReqsInFlight": 1489561344.862214, "spark.reducer.maxSizeInFlight": 30.862927719273014, "spark.scheduler.mode": 0.9331452542146506, "spark.scheduler.revive.interval": 668.6268265416087, "spark.shuffle.compress": 0.6925040049719019, "spark.shuffle.file.buffer": 37.2866838216226, "spark.shuffle.io.numConnectionsPerPeer": 4.5774365164087545, "spark.shuffle.sort.bypassMergeThreshold": 340.231205409442, "spark.storage.memoryFraction": 0.8328754931400498, "spark.storage.memoryMapThreshold": 4.935177420180235}, "datetime": {"datetime": "2022-02-14 12:37:56", "elapsed": 4815.74189, "delta": 269.148596}}
{"target": -258.121, "params": {"spark.broadcast.blockSize": 33.17387622447115, "spark.broadcast.checksum": 0.06627343018082206, "spark.broadcast.compress": 0.5601803061624518, "spark.default.parallelism": 365.54793290610405, "spark.executor.cores": 4.041007944817814, "spark.executor.instances": 10.564969494962064, "spark.executor.memory": 12.492241386760476, "spark.executor.memoryOverhead": 1090.4353933252526, "spark.kryoserializer.buffer": 34.37016324802568, "spark.kryoserializer.buffer.max": 89.74429621033597, "spark.locality.wait": 7.542466200376608, "spark.maxRemoteBlockSizeFetchToMem": 1680573809.9554746, "spark.memory.fraction": 0.884936870222223, "spark.memory.offHeap.enabled": 0.49322378300743114, "spark.memory.offHeap.size": 1002.2545534426467, "spark.memory.storageFraction": 0.5365663810164008, "spark.rdd.compress": 0.07755404302514746, "spark.reducer.maxBlocksInFlightPerAddress": 1892881093.5252283, "spark.reducer.maxReqsInFlight": 1482870836.6860108, "spark.reducer.maxSizeInFlight": 36.671107765289854, "spark.scheduler.mode": 0.9300850366171463, "spark.scheduler.revive.interval": 669.5490204659452, "spark.shuffle.compress": 0.7445019436672022, "spark.shuffle.file.buffer": 38.630109460557755, "spark.shuffle.io.numConnectionsPerPeer": 4.633930355409926, "spark.shuffle.sort.bypassMergeThreshold": 346.56812429190586, "spark.storage.memoryFraction": 0.8063174931014361, "spark.storage.memoryMapThreshold": 4.4277488959212326}, "datetime": {"datetime": "2022-02-14 12:42:23", "elapsed": 5082.648987, "delta": 266.907097}}
{"target": -273.267, "params": {"spark.broadcast.blockSize": 32.331561550371894, "spark.broadcast.checksum": 0.07730783827933346, "spark.broadcast.compress": 0.5383588667994869, "spark.default.parallelism": 363.89091525432116, "spark.executor.cores": 4.287385283698174, "spark.executor.instances": 10.653519854613316, "spark.executor.memory": 12.441740335844369, "spark.executor.memoryOverhead": 968.0712019729639, "spark.kryoserializer.buffer": 37.58222879002841, "spark.kryoserializer.buffer.max": 80.90292324440418, "spark.locality.wait": 6.9483806562685375, "spark.maxRemoteBlockSizeFetchToMem": 1571906925.6519578, "spark.memory.fraction": 0.8970327915488286, "spark.memory.offHeap.enabled": 0.568086939988946, "spark.memory.offHeap.size": 974.8411767913135, "spark.memory.storageFraction": 0.5260848716112435, "spark.rdd.compress": 0.03216329090649937, "spark.reducer.maxBlocksInFlightPerAddress": 1931858975.934159, "spark.reducer.maxReqsInFlight": 1481524709.7608242, "spark.reducer.maxSizeInFlight": 31.219858473055062, "spark.scheduler.mode": 0.9332244552743073, "spark.scheduler.revive.interval": 669.5111294408795, "spark.shuffle.compress": 0.7362232366986897, "spark.shuffle.file.buffer": 34.97963987474702, "spark.shuffle.io.numConnectionsPerPeer": 4.561038029673898, "spark.shuffle.sort.bypassMergeThreshold": 341.5303983910062, "spark.storage.memoryFraction": 0.8306865709255349, "spark.storage.memoryMapThreshold": 4.084660831601941}, "datetime": {"datetime": "2022-02-14 12:47:05", "elapsed": 5364.697638, "delta": 282.048651}}
{"target": -249.942, "params": {"spark.broadcast.blockSize": 35.76778958977183, "spark.broadcast.checksum": 0.09981048373068906, "spark.broadcast.compress": 0.617986232781118, "spark.default.parallelism": 386.0556401656352, "spark.executor.cores": 4.0554817147492805, "spark.executor.instances": 10.454713375575809, "spark.executor.memory": 12.121618040845973, "spark.executor.memoryOverhead": 1025.016503217313, "spark.kryoserializer.buffer": 32.120400274429095, "spark.kryoserializer.buffer.max": 85.29607742553453, "spark.locality.wait": 7.463090035607103, "spark.maxRemoteBlockSizeFetchToMem": 1597320660.7279534, "spark.memory.fraction": 0.8983062132065383, "spark.memory.offHeap.enabled": 0.48766255770251954, "spark.memory.offHeap.size": 977.7795751905652, "spark.memory.storageFraction": 0.5276313171146091, "spark.rdd.compress": 0.025036064939113162, "spark.reducer.maxBlocksInFlightPerAddress": 1851920258.7540958, "spark.reducer.maxReqsInFlight": 1483057350.0814598, "spark.reducer.maxSizeInFlight": 33.96456917182177, "spark.scheduler.mode": 0.9365656997842696, "spark.scheduler.revive.interval": 669.3474840689289, "spark.shuffle.compress": 0.7257541415558426, "spark.shuffle.file.buffer": 37.83013018814733, "spark.shuffle.io.numConnectionsPerPeer": 4.528149724764172, "spark.shuffle.sort.bypassMergeThreshold": 350.4377964402545, "spark.storage.memoryFraction": 0.822757200123094, "spark.storage.memoryMapThreshold": 4.736927128292249}, "datetime": {"datetime": "2022-02-14 12:51:23", "elapsed": 5623.550511, "delta": 258.852873}}
{"target": -250.935, "params": {"spark.broadcast.blockSize": 36.19338499773951, "spark.broadcast.checksum": 0.1348874770804374, "spark.broadcast.compress": 0.5988094253671392, "spark.default.parallelism": 384.10969014698975, "spark.executor.cores": 4.28716669735731, "spark.executor.instances": 10.662598589235111, "spark.executor.memory": 12.372623872266926, "spark.executor.memoryOverhead": 1075.1707404203494, "spark.kryoserializer.buffer": 34.00218578980155, "spark.kryoserializer.buffer.max": 89.19362945010909, "spark.locality.wait": 7.398465186636079, "spark.maxRemoteBlockSizeFetchToMem": 1669448244.351943, "spark.memory.fraction": 0.8997326410084645, "spark.memory.offHeap.enabled": 0.49992411236746365, "spark.memory.offHeap.size": 952.693255478397, "spark.memory.storageFraction": 0.5432317326990762, "spark.rdd.compress": 0.03569643709954995, "spark.reducer.maxBlocksInFlightPerAddress": 1956288773.2082822, "spark.reducer.maxReqsInFlight": 1483348946.9072847, "spark.reducer.maxSizeInFlight": 36.23357902899451, "spark.scheduler.mode": 0.931250270603273, "spark.scheduler.revive.interval": 669.6376046101091, "spark.shuffle.compress": 0.7036577226518181, "spark.shuffle.file.buffer": 36.447845411120426, "spark.shuffle.io.numConnectionsPerPeer": 4.465146735689179, "spark.shuffle.sort.bypassMergeThreshold": 349.56444036986943, "spark.storage.memoryFraction": 0.8208806911508166, "spark.storage.memoryMapThreshold": 4.837267564942738}, "datetime": {"datetime": "2022-02-14 12:55:43", "elapsed": 5883.336457, "delta": 259.785946}}
{"target": -268.426, "params": {"spark.broadcast.blockSize": 33.986953467797164, "spark.broadcast.checksum": 0.12689332215716348, "spark.broadcast.compress": 0.5902511650565486, "spark.default.parallelism": 393.00329198338454, "spark.executor.cores": 4.048027744519068, "spark.executor.instances": 10.614840274191709, "spark.executor.memory": 11.956033206539443, "spark.executor.memoryOverhead": 1050.4228954845178, "spark.kryoserializer.buffer": 33.817086032948, "spark.kryoserializer.buffer.max": 85.68387673107097, "spark.locality.wait": 7.094203074083384, "spark.maxRemoteBlockSizeFetchToMem": 1639527331.5732644, "spark.memory.fraction": 0.8931188373328799, "spark.memory.offHeap.enabled": 0.5458347404200776, "spark.memory.offHeap.size": 994.2652998602398, "spark.memory.storageFraction": 0.5375413208075441, "spark.rdd.compress": 0.049659772499369134, "spark.reducer.maxBlocksInFlightPerAddress": 1952136319.162783, "spark.reducer.maxReqsInFlight": 1471126352.2452273, "spark.reducer.maxSizeInFlight": 34.038212926069605, "spark.scheduler.mode": 0.9351538239198194, "spark.scheduler.revive.interval": 670.2239510166187, "spark.shuffle.compress": 0.7241094749437211, "spark.shuffle.file.buffer": 35.82334223230034, "spark.shuffle.io.numConnectionsPerPeer": 4.48136888598328, "spark.shuffle.sort.bypassMergeThreshold": 342.4746610244757, "spark.storage.memoryFraction": 0.8024713102517369, "spark.storage.memoryMapThreshold": 4.4901218398815566}, "datetime": {"datetime": "2022-02-14 13:00:20", "elapsed": 6160.546324, "delta": 277.209867}}
{"target": -261.117, "params": {"spark.broadcast.blockSize": 36.08917751151493, "spark.broadcast.checksum": 0.09032468944987253, "spark.broadcast.compress": 0.5401589609313443, "spark.default.parallelism": 387.9188098876177, "spark.executor.cores": 4.305317490466588, "spark.executor.instances": 10.460181292275422, "spark.executor.memory": 12.355363061889646, "spark.executor.memoryOverhead": 1026.239261967857, "spark.kryoserializer.buffer": 33.35845060348391, "spark.kryoserializer.buffer.max": 82.0454243886179, "spark.locality.wait": 7.114884827706693, "spark.maxRemoteBlockSizeFetchToMem": 1581822994.2909462, "spark.memory.fraction": 0.8934091362802451, "spark.memory.offHeap.enabled": 0.5210391108696711, "spark.memory.offHeap.size": 942.5447132483615, "spark.memory.storageFraction": 0.5285890989830566, "spark.rdd.compress": 0.07109031457538101, "spark.reducer.maxBlocksInFlightPerAddress": 1934795648.227777, "spark.reducer.maxReqsInFlight": 1472139390.472849, "spark.reducer.maxSizeInFlight": 35.37046103235258, "spark.scheduler.mode": 0.9346959129540987, "spark.scheduler.revive.interval": 669.9646780906413, "spark.shuffle.compress": 0.7256454517956166, "spark.shuffle.file.buffer": 37.15770619004991, "spark.shuffle.io.numConnectionsPerPeer": 4.490297354994965, "spark.shuffle.sort.bypassMergeThreshold": 350.99817391331624, "spark.storage.memoryFraction": 0.8235139245766694, "spark.storage.memoryMapThreshold": 4.584308440704863}, "datetime": {"datetime": "2022-02-14 13:04:50", "elapsed": 6430.431511, "delta": 269.885187}}
{"target": -257.294, "params": {"spark.broadcast.blockSize": 36.03172535557282, "spark.broadcast.checksum": 0.12195897465950947, "spark.broadcast.compress": 0.5989091005184645, "spark.default.parallelism": 370.57562399411023, "spark.executor.cores": 4.278812762924089, "spark.executor.instances": 10.63377887503893, "spark.executor.memory": 12.194030468362753, "spark.executor.memoryOverhead": 985.4502827301357, "spark.kryoserializer.buffer": 34.62525239669591, "spark.kryoserializer.buffer.max": 88.06724235813647, "spark.locality.wait": 7.365299169273595, "spark.maxRemoteBlockSizeFetchToMem": 1649951448.7016208, "spark.memory.fraction": 0.8889771047993102, "spark.memory.offHeap.enabled": 0.5025706569964852, "spark.memory.offHeap.size": 967.2296640198116, "spark.memory.storageFraction": 0.5484161716156883, "spark.rdd.compress": 0.010882884884739786, "spark.reducer.maxBlocksInFlightPerAddress": 1922031806.4958246, "spark.reducer.maxReqsInFlight": 1480266849.132677, "spark.reducer.maxSizeInFlight": 32.566871094103846, "spark.scheduler.mode": 0.9333497577094131, "spark.scheduler.revive.interval": 670.3839391895, "spark.shuffle.compress": 0.6995313211679288, "spark.shuffle.file.buffer": 36.050779452865854, "spark.shuffle.io.numConnectionsPerPeer": 4.5404924493087, "spark.shuffle.sort.bypassMergeThreshold": 347.25071735286434, "spark.storage.memoryFraction": 0.8032033097937006, "spark.storage.memoryMapThreshold": 4.237489629061485}, "datetime": {"datetime": "2022-02-14 13:09:17", "elapsed": 6696.606234, "delta": 266.174723}}
{"target": -273.64, "params": {"spark.broadcast.blockSize": 35.22385534285206, "spark.broadcast.checksum": 0.10043409478916732, "spark.broadcast.compress": 0.602277141912048, "spark.default.parallelism": 385.0529190335364, "spark.executor.cores": 4.295322094702489, "spark.executor.instances": 10.634982374274843, "spark.executor.memory": 12.184972741343007, "spark.executor.memoryOverhead": 1022.8726853643677, "spark.kryoserializer.buffer": 35.62404833224559, "spark.kryoserializer.buffer.max": 85.6882070056715, "spark.locality.wait": 7.406647070308092, "spark.maxRemoteBlockSizeFetchToMem": 1590355328.0322897, "spark.memory.fraction": 0.8943730424810578, "spark.memory.offHeap.enabled": 0.5294789025927613, "spark.memory.offHeap.size": 965.6176898410619, "spark.memory.storageFraction": 0.5437927745339655, "spark.rdd.compress": 0.057526508738834546, "spark.reducer.maxBlocksInFlightPerAddress": 1922399460.2694085, "spark.reducer.maxReqsInFlight": 1480832899.6272194, "spark.reducer.maxSizeInFlight": 32.76963973701441, "spark.scheduler.mode": 0.9334783242660173, "spark.scheduler.revive.interval": 670.6287510221392, "spark.shuffle.compress": 0.7040138960051039, "spark.shuffle.file.buffer": 36.50683580870833, "spark.shuffle.io.numConnectionsPerPeer": 4.500269221065527, "spark.shuffle.sort.bypassMergeThreshold": 344.10115357771883, "spark.storage.memoryFraction": 0.8236068810970222, "spark.storage.memoryMapThreshold": 4.3497062297485165}, "datetime": {"datetime": "2022-02-14 13:13:59", "elapsed": 6979.11323, "delta": 282.506996}}
{"target": -257.971, "params": {"spark.broadcast.blockSize": 35.712148419480755, "spark.broadcast.checksum": 0.11922857980936905, "spark.broadcast.compress": 0.5578271942820331, "spark.default.parallelism": 381.9626985312102, "spark.executor.cores": 4.191317412975719, "spark.executor.instances": 10.647846139027536, "spark.executor.memory": 12.279551184771455, "spark.executor.memoryOverhead": 1008.8751594361382, "spark.kryoserializer.buffer": 34.045879651590134, "spark.kryoserializer.buffer.max": 84.00356236151148, "spark.locality.wait": 7.209699630828857, "spark.maxRemoteBlockSizeFetchToMem": 1648450402.6651874, "spark.memory.fraction": 0.8922667100709857, "spark.memory.offHeap.enabled": 0.5328561413277929, "spark.memory.offHeap.size": 960.0448220386, "spark.memory.storageFraction": 0.5321287128239304, "spark.rdd.compress": 0.019125900138957222, "spark.reducer.maxBlocksInFlightPerAddress": 1910436460.2669935, "spark.reducer.maxReqsInFlight": 1485187158.773323, "spark.reducer.maxSizeInFlight": 34.288839717556755, "spark.scheduler.mode": 0.9320960913001584, "spark.scheduler.revive.interval": 671.8467405016025, "spark.shuffle.compress": 0.718794399328585, "spark.shuffle.file.buffer": 37.664473700491904, "spark.shuffle.io.numConnectionsPerPeer": 4.5337515961851045, "spark.shuffle.sort.bypassMergeThreshold": 348.8435326125624, "spark.storage.memoryFraction": 0.817684820914056, "spark.storage.memoryMapThreshold": 4.474677173604544}, "datetime": {"datetime": "2022-02-14 13:18:26", "elapsed": 7245.827314, "delta": 266.714084}}
{"target": -264.445, "params": {"spark.broadcast.blockSize": 33.69660296850712, "spark.broadcast.checksum": 0.10119545723998404, "spark.broadcast.compress": 0.5481110079934175, "spark.default.parallelism": 374.81367941901556, "spark.executor.cores": 4.171595217142481, "spark.executor.instances": 10.559383743472297, "spark.executor.memory": 12.09656713580511, "spark.executor.memoryOverhead": 1048.096662719027, "spark.kryoserializer.buffer": 33.82000412709072, "spark.kryoserializer.buffer.max": 85.3820122600825, "spark.locality.wait": 7.135123943858615, "spark.maxRemoteBlockSizeFetchToMem": 1591659271.130091, "spark.memory.fraction": 0.8866931964048099, "spark.memory.offHeap.enabled": 0.5044811859965418, "spark.memory.offHeap.size": 988.6096386486956, "spark.memory.storageFraction": 0.5353924381138958, "spark.rdd.compress": 0.030911164306818287, "spark.reducer.maxBlocksInFlightPerAddress": 1895705668.3129804, "spark.reducer.maxReqsInFlight": 1478755104.5853858, "spark.reducer.maxSizeInFlight": 33.76924131241836, "spark.scheduler.mode": 0.9335964756087995, "spark.scheduler.revive.interval": 671.2891897767911, "spark.shuffle.compress": 0.7171767113195083, "spark.shuffle.file.buffer": 36.93424253932515, "spark.shuffle.io.numConnectionsPerPeer": 4.558606111591796, "spark.shuffle.sort.bypassMergeThreshold": 348.7596950841645, "spark.storage.memoryFraction": 0.8118464736802227, "spark.storage.memoryMapThreshold": 4.760601928914146}, "datetime": {"datetime": "2022-02-14 13:22:59", "elapsed": 7519.179749, "delta": 273.352435}}
{"target": -264.028, "params": {"spark.broadcast.blockSize": 35.470641918795515, "spark.broadcast.checksum": 0.12292769188355535, "spark.broadcast.compress": 0.577715396288907, "spark.default.parallelism": 380.64405448306223, "spark.executor.cores": 4.177859180385302, "spark.executor.instances": 10.615124828992492, "spark.executor.memory": 12.159325138972623, "spark.executor.memoryOverhead": 1029.2889148946097, "spark.kryoserializer.buffer": 34.370070062791655, "spark.kryoserializer.buffer.max": 85.82447034959654, "spark.locality.wait": 7.358582757439381, "spark.maxRemoteBlockSizeFetchToMem": 1626998968.6585543, "spark.memory.fraction": 0.8932786967280818, "spark.memory.offHeap.enabled": 0.5303309655493758, "spark.memory.offHeap.size": 974.5149278469223, "spark.memory.storageFraction": 0.5442462896930952, "spark.rdd.compress": 0.04910062085297846, "spark.reducer.maxBlocksInFlightPerAddress": 1892060375.286815, "spark.reducer.maxReqsInFlight": 1478657329.491583, "spark.reducer.maxSizeInFlight": 33.763888469375765, "spark.scheduler.mode": 0.9351898906682932, "spark.scheduler.revive.interval": 670.8037076740675, "spark.shuffle.compress": 0.723111998130325, "spark.shuffle.file.buffer": 36.40203757921479, "spark.shuffle.io.numConnectionsPerPeer": 4.522137920789916, "spark.shuffle.sort.bypassMergeThreshold": 345.70412153241267, "spark.storage.memoryFraction": 0.8186924059584129, "spark.storage.memoryMapThreshold": 4.738563493746221}, "datetime": {"datetime": "2022-02-14 13:27:32", "elapsed": 7791.990854, "delta": 272.811105}}
{"target": -269.526, "params": {"spark.broadcast.blockSize": 33.995711862077435, "spark.broadcast.checksum": 0.09736934315595298, "spark.broadcast.compress": 0.5777979357497142, "spark.default.parallelism": 378.3599139099757, "spark.executor.cores": 4.244133158760183, "spark.executor.instances": 10.531461556243523, "spark.executor.memory": 12.209796238266398, "spark.executor.memoryOverhead": 1030.7133200661326, "spark.kryoserializer.buffer": 35.00770237886732, "spark.kryoserializer.buffer.max": 85.77679809212151, "spark.locality.wait": 7.307016687842249, "spark.maxRemoteBlockSizeFetchToMem": 1639641150.7998004, "spark.memory.fraction": 0.8915270113622158, "spark.memory.offHeap.enabled": 0.5231013468210761, "spark.memory.offHeap.size": 949.8736465340141, "spark.memory.storageFraction": 0.5326676495853707, "spark.rdd.compress": 0.035001920115037076, "spark.reducer.maxBlocksInFlightPerAddress": 1917678294.719819, "spark.reducer.maxReqsInFlight": 1479831032.2318218, "spark.reducer.maxSizeInFlight": 33.12610903769096, "spark.scheduler.mode": 0.9349064334575777, "spark.scheduler.revive.interval": 670.708073261385, "spark.shuffle.compress": 0.7130393481817446, "spark.shuffle.file.buffer": 37.110088690566336, "spark.shuffle.io.numConnectionsPerPeer": 4.545177102786023, "spark.shuffle.sort.bypassMergeThreshold": 347.2849875608969, "spark.storage.memoryFraction": 0.8055527942489268, "spark.storage.memoryMapThreshold": 4.645633593142643}, "datetime": {"datetime": "2022-02-14 13:32:10", "elapsed": 8070.275033, "delta": 278.284179}}
