{"target": -246.842, "params": {"spark.broadcast.blockSize": 34.98160396854455, "spark.broadcast.checksum": 0.11037756048012853, "spark.broadcast.compress": 0.547401755984637, "spark.default.parallelism": 378.8930301864299, "spark.executor.cores": 4.14438650615758, "spark.executor.instances": 10.67725872942656, "spark.executor.memory": 12.202597470197686, "spark.executor.memoryOverhead": 1015.9524033480025, "spark.kryoserializer.buffer": 34.96660858713247, "spark.kryoserializer.buffer.max": 84.64607993034807, "spark.locality.wait": 7.30155956541555, "spark.maxRemoteBlockSizeFetchToMem": 1615245136.9422317, "spark.memory.fraction": 0.8894036080040827, "spark.memory.offHeap.enabled": 0.5141442009527551, "spark.memory.offHeap.size": 974.9687365635504, "spark.memory.storageFraction": 0.5384730580452972, "spark.rdd.compress": 0.05148765334592967, "spark.reducer.maxBlocksInFlightPerAddress": 1924247005.0066526, "spark.reducer.maxReqsInFlight": 1482510650.9043434, "spark.reducer.maxSizeInFlight": 33.53383058234835, "spark.scheduler.mode": 0.934054461058829, "spark.scheduler.revive.interval": 671.7284339760666, "spark.shuffle.compress": 0.7139082018115336, "spark.shuffle.file.buffer": 36.73521154962572, "spark.shuffle.io.numConnectionsPerPeer": 4.537239384098126, "spark.shuffle.sort.bypassMergeThreshold": 348.38967347887564, "spark.storage.memoryFraction": 0.8149909572418296, "spark.storage.memoryMapThreshold": 4.438998908506334}, "datetime": {"datetime": "2022-02-14 13:36:26", "elapsed": 8326.541301, "delta": 256.266268}}
{"target": -270.538, "params": {"spark.broadcast.blockSize": 35.02482047234766, "spark.broadcast.checksum": 0.10853759024352584, "spark.broadcast.compress": 0.5718372286055593, "spark.default.parallelism": 386.97748006572004, "spark.executor.cores": 4.17438719264658, "spark.executor.instances": 10.610270396404166, "spark.executor.memory": 12.13438998936644, "spark.executor.memoryOverhead": 1052.9641463700757, "spark.kryoserializer.buffer": 34.076043256077114, "spark.kryoserializer.buffer.max": 85.41165631265267, "spark.locality.wait": 7.327668316826572, "spark.maxRemoteBlockSizeFetchToMem": 1630106331.5162704, "spark.memory.fraction": 0.8899512470683332, "spark.memory.offHeap.enabled": 0.5207409661509138, "spark.memory.offHeap.size": 956.9772591397841, "spark.memory.storageFraction": 0.5380454447791787, "spark.rdd.compress": 0.04171811336023688, "spark.reducer.maxBlocksInFlightPerAddress": 1914670389.4763098, "spark.reducer.maxReqsInFlight": 1478259579.7470658, "spark.reducer.maxSizeInFlight": 34.372166341745114, "spark.scheduler.mode": 0.9341380721482351, "spark.scheduler.revive.interval": 671.340268554584, "spark.shuffle.compress": 0.7134246808314085, "spark.shuffle.file.buffer": 37.1464142484246, "spark.shuffle.io.numConnectionsPerPeer": 4.522777199180483, "spark.shuffle.sort.bypassMergeThreshold": 347.26200121016234, "spark.storage.memoryFraction": 0.8113685663917607, "spark.storage.memoryMapThreshold": 4.473877095474123}, "datetime": {"datetime": "2022-02-14 13:41:06", "elapsed": 8605.938956, "delta": 279.397655}}
{"target": -268.809, "params": {"spark.broadcast.blockSize": 34.58229752600168, "spark.broadcast.checksum": 0.10681625621399797, "spark.broadcast.compress": 0.5573965969597632, "spark.default.parallelism": 378.87865394979934, "spark.executor.cores": 4.143559543858545, "spark.executor.instances": 10.611390538485114, "spark.executor.memory": 12.194055409441505, "spark.executor.memoryOverhead": 1021.1571612991061, "spark.kryoserializer.buffer": 34.78926872642132, "spark.kryoserializer.buffer.max": 84.19024302938314, "spark.locality.wait": 7.2384215694782, "spark.maxRemoteBlockSizeFetchToMem": 1603150134.1145537, "spark.memory.fraction": 0.8890472524360085, "spark.memory.offHeap.enabled": 0.5333049950394354, "spark.memory.offHeap.size": 961.0647600815072, "spark.memory.storageFraction": 0.5403479973989923, "spark.rdd.compress": 0.05035357279779355, "spark.reducer.maxBlocksInFlightPerAddress": 1894525176.0000026, "spark.reducer.maxReqsInFlight": 1477882197.6196587, "spark.reducer.maxSizeInFlight": 34.03898827219083, "spark.scheduler.mode": 0.933594956798078, "spark.scheduler.revive.interval": 671.2065506103651, "spark.shuffle.compress": 0.7096698438052175, "spark.shuffle.file.buffer": 37.351126888574704, "spark.shuffle.io.numConnectionsPerPeer": 4.52552761282396, "spark.shuffle.sort.bypassMergeThreshold": 346.9123898216319, "spark.storage.memoryFraction": 0.8119052377119715, "spark.storage.memoryMapThreshold": 4.537540103775055}, "datetime": {"datetime": "2022-02-14 13:45:44", "elapsed": 8883.716074, "delta": 277.777118}}
{"target": -266.06, "params": {"spark.broadcast.blockSize": 34.50137700387436, "spark.broadcast.checksum": 0.10697510146546807, "spark.broadcast.compress": 0.5715212043883042, "spark.default.parallelism": 380.1948371434065, "spark.executor.cores": 4.2000291548111806, "spark.executor.instances": 10.616299030226486, "spark.executor.memory": 12.18003360270316, "spark.executor.memoryOverhead": 1035.140011572037, "spark.kryoserializer.buffer": 35.06895107010117, "spark.kryoserializer.buffer.max": 85.3411366459044, "spark.locality.wait": 7.188136872312251, "spark.maxRemoteBlockSizeFetchToMem": 1625537969.9988694, "spark.memory.fraction": 0.8899240607452663, "spark.memory.offHeap.enabled": 0.5315442356569491, "spark.memory.offHeap.size": 980.8474474362351, "spark.memory.storageFraction": 0.5420309799408703, "spark.rdd.compress": 0.06539481644497538, "spark.reducer.maxBlocksInFlightPerAddress": 1915330583.5542123, "spark.reducer.maxReqsInFlight": 1480623095.374935, "spark.reducer.maxSizeInFlight": 33.56632049896113, "spark.scheduler.mode": 0.9333617689354701, "spark.scheduler.revive.interval": 671.1674338507208, "spark.shuffle.compress": 0.7158827910894007, "spark.shuffle.file.buffer": 37.15504391937177, "spark.shuffle.io.numConnectionsPerPeer": 4.537961245597365, "spark.shuffle.sort.bypassMergeThreshold": 347.08939727185265, "spark.storage.memoryFraction": 0.813444895242217, "spark.storage.memoryMapThreshold": 4.522747082798284}, "datetime": {"datetime": "2022-02-14 13:50:19", "elapsed": 9158.614337, "delta": 274.898263}}
{"target": -257.007, "params": {"spark.broadcast.blockSize": 34.67497596078657, "spark.broadcast.checksum": 0.11722214504676098, "spark.broadcast.compress": 0.5595805506337476, "spark.default.parallelism": 379.8970491326948, "spark.executor.cores": 4.231876850064582, "spark.executor.instances": 10.624401952700413, "spark.executor.memory": 12.15644908551468, "spark.executor.memoryOverhead": 1019.0983610767886, "spark.kryoserializer.buffer": 34.37377976104081, "spark.kryoserializer.buffer.max": 84.835856153816, "spark.locality.wait": 7.302820038670718, "spark.maxRemoteBlockSizeFetchToMem": 1621042463.0125985, "spark.memory.fraction": 0.8884431249617974, "spark.memory.offHeap.enabled": 0.53712717748538, "spark.memory.offHeap.size": 972.4747875115091, "spark.memory.storageFraction": 0.5382546251476886, "spark.rdd.compress": 0.0542046882435059, "spark.reducer.maxBlocksInFlightPerAddress": 1914772240.9834754, "spark.reducer.maxReqsInFlight": 1478624198.726046, "spark.reducer.maxSizeInFlight": 33.59054013156349, "spark.scheduler.mode": 0.9338984343982437, "spark.scheduler.revive.interval": 671.2491955564624, "spark.shuffle.compress": 0.718401686624081, "spark.shuffle.file.buffer": 36.86238814345535, "spark.shuffle.io.numConnectionsPerPeer": 4.5376078906472666, "spark.shuffle.sort.bypassMergeThreshold": 348.19574703707997, "spark.storage.memoryFraction": 0.8135033168982183, "spark.storage.memoryMapThreshold": 4.545602289201542}, "datetime": {"datetime": "2022-02-14 13:54:45", "elapsed": 9424.607613, "delta": 265.993276}}
{"target": -267.641, "params": {"spark.broadcast.blockSize": 35.03152677957481, "spark.broadcast.checksum": 0.10579067114644655, "spark.broadcast.compress": 0.5628182192755746, "spark.default.parallelism": 380.81205450769414, "spark.executor.cores": 4.187695181601319, "spark.executor.instances": 10.63176962842186, "spark.executor.memory": 12.188894619275818, "spark.executor.memoryOverhead": 1036.254944048559, "spark.kryoserializer.buffer": 34.606435534486685, "spark.kryoserializer.buffer.max": 85.70888930063175, "spark.locality.wait": 7.264701557431473, "spark.maxRemoteBlockSizeFetchToMem": 1626751438.1200871, "spark.memory.fraction": 0.8920255497802844, "spark.memory.offHeap.enabled": 0.526211448848665, "spark.memory.offHeap.size": 961.1069152660498, "spark.memory.storageFraction": 0.5370003614719563, "spark.rdd.compress": 0.04400685827457299, "spark.reducer.maxBlocksInFlightPerAddress": 1904428943.7221942, "spark.reducer.maxReqsInFlight": 1481152665.3488038, "spark.reducer.maxSizeInFlight": 34.20055514255565, "spark.scheduler.mode": 0.9338335583695103, "spark.scheduler.revive.interval": 671.5164662955358, "spark.shuffle.compress": 0.7171008716626263, "spark.shuffle.file.buffer": 37.18937207300257, "spark.shuffle.io.numConnectionsPerPeer": 4.54261852632348, "spark.shuffle.sort.bypassMergeThreshold": 347.46301937952666, "spark.storage.memoryFraction": 0.8124935831406149, "spark.storage.memoryMapThreshold": 4.608370707424181}, "datetime": {"datetime": "2022-02-14 13:59:21", "elapsed": 9701.067652, "delta": 276.460039}}
{"target": -269.03, "params": {"spark.broadcast.blockSize": 34.68022039790954, "spark.broadcast.checksum": 0.10514988382794259, "spark.broadcast.compress": 0.5723378751939556, "spark.default.parallelism": 380.934698439504, "spark.executor.cores": 4.192269676625922, "spark.executor.instances": 10.576933116638955, "spark.executor.memory": 12.162384626304272, "spark.executor.memoryOverhead": 1031.9339689192634, "spark.kryoserializer.buffer": 34.21178616749777, "spark.kryoserializer.buffer.max": 84.32402617227831, "spark.locality.wait": 7.2397587256370315, "spark.maxRemoteBlockSizeFetchToMem": 1622212387.6795964, "spark.memory.fraction": 0.8889150092237801, "spark.memory.offHeap.enabled": 0.5297996125077234, "spark.memory.offHeap.size": 974.3431995318306, "spark.memory.storageFraction": 0.5390500821217847, "spark.rdd.compress": 0.042896806232068596, "spark.reducer.maxBlocksInFlightPerAddress": 1913439685.526503, "spark.reducer.maxReqsInFlight": 1479537303.339787, "spark.reducer.maxSizeInFlight": 33.56892310236131, "spark.scheduler.mode": 0.9337179185661294, "spark.scheduler.revive.interval": 671.173405927007, "spark.shuffle.compress": 0.7200102374306054, "spark.shuffle.file.buffer": 36.90264775277633, "spark.shuffle.io.numConnectionsPerPeer": 4.528466152206267, "spark.shuffle.sort.bypassMergeThreshold": 346.38544663513204, "spark.storage.memoryFraction": 0.8145064720588646, "spark.storage.memoryMapThreshold": 4.528037512253607}, "datetime": {"datetime": "2022-02-14 14:03:58", "elapsed": 9978.112178, "delta": 277.044526}}
{"target": -281.337, "params": {"spark.broadcast.blockSize": 34.99172036671281, "spark.broadcast.checksum": 0.10603918105814973, "spark.broadcast.compress": 0.5613477243262278, "spark.default.parallelism": 383.2763457916931, "spark.executor.cores": 4.168075825165949, "spark.executor.instances": 10.597177896968585, "spark.executor.memory": 12.131971965577149, "spark.executor.memoryOverhead": 1036.2873735619985, "spark.kryoserializer.buffer": 34.47520241509645, "spark.kryoserializer.buffer.max": 85.099541491719, "spark.locality.wait": 7.222766771179041, "spark.maxRemoteBlockSizeFetchToMem": 1613062576.077965, "spark.memory.fraction": 0.890261867949065, "spark.memory.offHeap.enabled": 0.5343884987848996, "spark.memory.offHeap.size": 960.4503738618497, "spark.memory.storageFraction": 0.5392738431367063, "spark.rdd.compress": 0.04565481066031007, "spark.reducer.maxBlocksInFlightPerAddress": 1914919836.0933561, "spark.reducer.maxReqsInFlight": 1480985306.816997, "spark.reducer.maxSizeInFlight": 33.66047898362955, "spark.scheduler.mode": 0.9336011894562058, "spark.scheduler.revive.interval": 671.2576104275423, "spark.shuffle.compress": 0.718792799077416, "spark.shuffle.file.buffer": 37.121616405768215, "spark.shuffle.io.numConnectionsPerPeer": 4.5372501695124114, "spark.shuffle.sort.bypassMergeThreshold": 347.56535953467704, "spark.storage.memoryFraction": 0.8134801996275384, "spark.storage.memoryMapThreshold": 4.58295445932622}, "datetime": {"datetime": "2022-02-14 14:08:48", "elapsed": 10268.248981, "delta": 290.136803}}
{"target": -255.311, "params": {"spark.broadcast.blockSize": 34.80641254957984, "spark.broadcast.checksum": 0.10637328511436853, "spark.broadcast.compress": 0.5638140869222371, "spark.default.parallelism": 381.7705160411238, "spark.executor.cores": 4.176664073137034, "spark.executor.instances": 10.627272356633714, "spark.executor.memory": 12.149448999493746, "spark.executor.memoryOverhead": 1031.2937186527724, "spark.kryoserializer.buffer": 34.8621897627499, "spark.kryoserializer.buffer.max": 84.89271777087295, "spark.locality.wait": 7.231663322686686, "spark.maxRemoteBlockSizeFetchToMem": 1626308104.1431067, "spark.memory.fraction": 0.8899863615220249, "spark.memory.offHeap.enabled": 0.5315493589277697, "spark.memory.offHeap.size": 963.8694628806303, "spark.memory.storageFraction": 0.5377528585325334, "spark.rdd.compress": 0.04941498342976869, "spark.reducer.maxBlocksInFlightPerAddress": 1909148229.4445112, "spark.reducer.maxReqsInFlight": 1479664178.6925917, "spark.reducer.maxSizeInFlight": 33.99537723229902, "spark.scheduler.mode": 0.9334142718225279, "spark.scheduler.revive.interval": 671.366535833234, "spark.shuffle.compress": 0.7157901519847898, "spark.shuffle.file.buffer": 36.91893848319247, "spark.shuffle.io.numConnectionsPerPeer": 4.537324507738565, "spark.shuffle.sort.bypassMergeThreshold": 347.7852886859862, "spark.storage.memoryFraction": 0.8115620832338846, "spark.storage.memoryMapThreshold": 4.498695175902963}, "datetime": {"datetime": "2022-02-14 14:13:12", "elapsed": 10532.278983, "delta": 264.030002}}
{"target": -265.267, "params": {"spark.broadcast.blockSize": 35.0314858606399, "spark.broadcast.checksum": 0.11297897025007055, "spark.broadcast.compress": 0.5606073367717735, "spark.default.parallelism": 382.59433353469836, "spark.executor.cores": 4.1944804074192605, "spark.executor.instances": 10.602781111270259, "spark.executor.memory": 12.15124151054763, "spark.executor.memoryOverhead": 1028.7295933621483, "spark.kryoserializer.buffer": 34.71045382893008, "spark.kryoserializer.buffer.max": 84.5412915878567, "spark.locality.wait": 7.254236724954621, "spark.maxRemoteBlockSizeFetchToMem": 1618717630.9284377, "spark.memory.fraction": 0.8906560829142653, "spark.memory.offHeap.enabled": 0.5263517891802675, "spark.memory.offHeap.size": 968.6380984165066, "spark.memory.storageFraction": 0.5395130293718855, "spark.rdd.compress": 0.05210239187540991, "spark.reducer.maxBlocksInFlightPerAddress": 1906702023.62861, "spark.reducer.maxReqsInFlight": 1479132288.4626005, "spark.reducer.maxSizeInFlight": 33.90320023597083, "spark.scheduler.mode": 0.9337717497028569, "spark.scheduler.revive.interval": 671.168271321325, "spark.shuffle.compress": 0.7164647900478054, "spark.shuffle.file.buffer": 37.17665193415681, "spark.shuffle.io.numConnectionsPerPeer": 4.536481828952614, "spark.shuffle.sort.bypassMergeThreshold": 347.0014119082312, "spark.storage.memoryFraction": 0.814186818254205, "spark.storage.memoryMapThreshold": 4.54670143282373}, "datetime": {"datetime": "2022-02-14 14:17:47", "elapsed": 10806.667269, "delta": 274.388286}}
{"target": -268.098, "params": {"spark.broadcast.blockSize": 34.707692247363816, "spark.broadcast.checksum": 0.10894821926775804, "spark.broadcast.compress": 0.5660921381683534, "spark.default.parallelism": 380.1400609389041, "spark.executor.cores": 4.182259318308545, "spark.executor.instances": 10.618208016942003, "spark.executor.memory": 12.17185143899679, "spark.executor.memoryOverhead": 1033.0155087056908, "spark.kryoserializer.buffer": 34.64790275312602, "spark.kryoserializer.buffer.max": 85.02916292850121, "spark.locality.wait": 7.23706189334261, "spark.maxRemoteBlockSizeFetchToMem": 1617298170.2675152, "spark.memory.fraction": 0.8897244679871814, "spark.memory.offHeap.enabled": 0.5318699560729635, "spark.memory.offHeap.size": 967.1290130177381, "spark.memory.storageFraction": 0.5380054774422116, "spark.rdd.compress": 0.04633878242066802, "spark.reducer.maxBlocksInFlightPerAddress": 1907247127.590825, "spark.reducer.maxReqsInFlight": 1478953568.6690845, "spark.reducer.maxSizeInFlight": 33.74567350801509, "spark.scheduler.mode": 0.9335244002787145, "spark.scheduler.revive.interval": 671.3353407048731, "spark.shuffle.compress": 0.7171042795377449, "spark.shuffle.file.buffer": 36.90565963579217, "spark.shuffle.io.numConnectionsPerPeer": 4.527900195433542, "spark.shuffle.sort.bypassMergeThreshold": 347.0961419186449, "spark.storage.memoryFraction": 0.8112471638922938, "spark.storage.memoryMapThreshold": 4.522743443052003}, "datetime": {"datetime": "2022-02-14 14:22:23", "elapsed": 11083.551056, "delta": 276.883787}}
{"target": -251.661, "params": {"spark.broadcast.blockSize": 34.616555301468836, "spark.broadcast.checksum": 0.1063135865543771, "spark.broadcast.compress": 0.5701280713735073, "spark.default.parallelism": 381.50704439047655, "spark.executor.cores": 4.175276390493058, "spark.executor.instances": 10.611476797264821, "spark.executor.memory": 12.165530137809482, "spark.executor.memoryOverhead": 1036.8894748011114, "spark.kryoserializer.buffer": 34.8763034364555, "spark.kryoserializer.buffer.max": 84.71423724646569, "spark.locality.wait": 7.242622459709969, "spark.maxRemoteBlockSizeFetchToMem": 1623847995.3901157, "spark.memory.fraction": 0.89023517750341, "spark.memory.offHeap.enabled": 0.5338649494322893, "spark.memory.offHeap.size": 965.123477730938, "spark.memory.storageFraction": 0.5382073846052995, "spark.rdd.compress": 0.050070541667174784, "spark.reducer.maxBlocksInFlightPerAddress": 1908123050.6570292, "spark.reducer.maxReqsInFlight": 1480136336.8655927, "spark.reducer.maxSizeInFlight": 33.98703174824746, "spark.scheduler.mode": 0.9339911828361598, "spark.scheduler.revive.interval": 671.3284865389962, "spark.shuffle.compress": 0.7163057279564908, "spark.shuffle.file.buffer": 37.13720325033813, "spark.shuffle.io.numConnectionsPerPeer": 4.53300740843772, "spark.shuffle.sort.bypassMergeThreshold": 347.2416316654237, "spark.storage.memoryFraction": 0.8131087770262139, "spark.storage.memoryMapThreshold": 4.563715778216178}, "datetime": {"datetime": "2022-02-14 14:26:44", "elapsed": 11344.219942, "delta": 260.668886}}
{"target": -273.414, "params": {"spark.broadcast.blockSize": 34.75555277248283, "spark.broadcast.checksum": 0.1087577557737758, "spark.broadcast.compress": 0.5636133700298795, "spark.default.parallelism": 382.8694395649851, "spark.executor.cores": 4.1936258666334, "spark.executor.instances": 10.61278310813084, "spark.executor.memory": 12.15992089622723, "spark.executor.memoryOverhead": 1030.0167385620439, "spark.kryoserializer.buffer": 34.51879494642092, "spark.kryoserializer.buffer.max": 84.70989831200514, "spark.locality.wait": 7.254657248465229, "spark.maxRemoteBlockSizeFetchToMem": 1615749808.174168, "spark.memory.fraction": 0.8898604922537349, "spark.memory.offHeap.enabled": 0.5298194137775659, "spark.memory.offHeap.size": 964.7019080750072, "spark.memory.storageFraction": 0.5376742747037703, "spark.rdd.compress": 0.04868205588576751, "spark.reducer.maxBlocksInFlightPerAddress": 1912254253.8910766, "spark.reducer.maxReqsInFlight": 1479116727.813288, "spark.reducer.maxSizeInFlight": 33.95620023800654, "spark.scheduler.mode": 0.9334341264450039, "spark.scheduler.revive.interval": 671.2483375471916, "spark.shuffle.compress": 0.7144836915043068, "spark.shuffle.file.buffer": 36.86997320706972, "spark.shuffle.io.numConnectionsPerPeer": 4.533270079772448, "spark.shuffle.sort.bypassMergeThreshold": 347.50520411361487, "spark.storage.memoryFraction": 0.8139283595621741, "spark.storage.memoryMapThreshold": 4.5356496826843005}, "datetime": {"datetime": "2022-02-14 14:31:26", "elapsed": 11626.463276, "delta": 282.243334}}
{"target": -249.574, "params": {"spark.broadcast.blockSize": 34.87847079938456, "spark.broadcast.checksum": 0.10646624751036618, "spark.broadcast.compress": 0.5651315102801068, "spark.default.parallelism": 381.5515668982691, "spark.executor.cores": 4.197265135864784, "spark.executor.instances": 10.62390797137415, "spark.executor.memory": 12.148743865704326, "spark.executor.memoryOverhead": 1037.7591063274033, "spark.kryoserializer.buffer": 34.72115769764069, "spark.kryoserializer.buffer.max": 84.80914481236817, "spark.locality.wait": 7.262331803854877, "spark.maxRemoteBlockSizeFetchToMem": 1617657411.9057775, "spark.memory.fraction": 0.8894241929481511, "spark.memory.offHeap.enabled": 0.5300155820845618, "spark.memory.offHeap.size": 964.8439250373515, "spark.memory.storageFraction": 0.5383866972864366, "spark.rdd.compress": 0.05069635667503, "spark.reducer.maxBlocksInFlightPerAddress": 1909711351.457129, "spark.reducer.maxReqsInFlight": 1479965226.800381, "spark.reducer.maxSizeInFlight": 33.79698695351324, "spark.scheduler.mode": 0.9335964750719705, "spark.scheduler.revive.interval": 671.2294016068482, "spark.shuffle.compress": 0.7163070779716902, "spark.shuffle.file.buffer": 36.9733695190447, "spark.shuffle.io.numConnectionsPerPeer": 4.535163606487528, "spark.shuffle.sort.bypassMergeThreshold": 347.251004594544, "spark.storage.memoryFraction": 0.8131939397442748, "spark.storage.memoryMapThreshold": 4.557464556371941}, "datetime": {"datetime": "2022-02-14 14:35:45", "elapsed": 11885.11144, "delta": 258.648164}}
