{"target": -262.669, "params": {"spark.broadcast.blockSize": 28.0, "spark.broadcast.checksum": 1.0, "spark.broadcast.compress": 0.0, "spark.default.parallelism": 370.0, "spark.executor.cores": 5.0, "spark.executor.instances": 12.0, "spark.executor.memory": 13.0, "spark.executor.memoryOverhead": 1073.0, "spark.kryoserializer.buffer": 111.0, "spark.kryoserializer.buffer.max": 98.0, "spark.locality.wait": 5.0, "spark.maxRemoteBlockSizeFetchToMem": 1200366245.0, "spark.memory.fraction": 0.74, "spark.memory.offHeap.enabled": 0.0, "spark.memory.offHeap.size": 297.0, "spark.memory.storageFraction": 0.71, "spark.rdd.compress": 1.0, "spark.reducer.maxBlocksInFlightPerAddress": 1692908495.0, "spark.reducer.maxReqsInFlight": 1741983426.0, "spark.reducer.maxSizeInFlight": 44.0, "spark.scheduler.mode": 0.0, "spark.scheduler.revive.interval": 763.0, "spark.shuffle.compress": 1.0, "spark.shuffle.file.buffer": 39.0, "spark.shuffle.io.numConnectionsPerPeer": 3.0, "spark.shuffle.sort.bypassMergeThreshold": 443.0, "spark.storage.memoryMapThreshold": 10.0}, "datetime": {"datetime": "2022-02-20 18:04:12", "elapsed": 0.0, "delta": 0.0}}
{"target": -351.79, "params": {"spark.broadcast.blockSize": 14.0, "spark.broadcast.checksum": 0.0, "spark.broadcast.compress": 0.0, "spark.default.parallelism": 358.0, "spark.executor.cores": 5.0, "spark.executor.instances": 13.0, "spark.executor.memory": 13.0, "spark.executor.memoryOverhead": 1173.0, "spark.kryoserializer.buffer": 33.0, "spark.kryoserializer.buffer.max": 66.0, "spark.locality.wait": 1.0, "spark.maxRemoteBlockSizeFetchToMem": 1136382365.0, "spark.memory.fraction": 0.57, "spark.memory.offHeap.enabled": 1.0, "spark.memory.offHeap.size": 154.0, "spark.memory.storageFraction": 0.69, "spark.rdd.compress": 1.0, "spark.reducer.maxBlocksInFlightPerAddress": 1848844734.0, "spark.reducer.maxReqsInFlight": 1121417540.0, "spark.reducer.maxSizeInFlight": 66.0, "spark.scheduler.mode": 0.0, "spark.scheduler.revive.interval": 855.0, "spark.shuffle.compress": 1.0, "spark.shuffle.file.buffer": 19.0, "spark.shuffle.io.numConnectionsPerPeer": 1.0, "spark.shuffle.sort.bypassMergeThreshold": 271.0, "spark.storage.memoryMapThreshold": 1.0}, "datetime": {"datetime": "2022-02-20 18:04:12", "elapsed": 0.000434, "delta": 0.000434}}
{"target": -661.4, "params": {"spark.broadcast.blockSize": 34.0, "spark.broadcast.checksum": 1.0, "spark.broadcast.compress": 0.0, "spark.default.parallelism": 478.0, "spark.executor.cores": 5.0, "spark.executor.instances": 8.0, "spark.executor.memory": 10.0, "spark.executor.memoryOverhead": 957.0, "spark.kryoserializer.buffer": 68.0, "spark.kryoserializer.buffer.max": 66.0, "spark.locality.wait": 9.0, "spark.maxRemoteBlockSizeFetchToMem": 1435323252.0, "spark.memory.fraction": 0.6, "spark.memory.offHeap.enabled": 1.0, "spark.memory.offHeap.size": 55.0, "spark.memory.storageFraction": 0.89, "spark.rdd.compress": 1.0, "spark.reducer.maxBlocksInFlightPerAddress": 1378015560.0, "spark.reducer.maxReqsInFlight": 2018511272.0, "spark.reducer.maxSizeInFlight": 53.0, "spark.scheduler.mode": 1.0, "spark.scheduler.revive.interval": 976.0, "spark.shuffle.compress": 0.0, "spark.shuffle.file.buffer": 21.0, "spark.shuffle.io.numConnectionsPerPeer": 1.0, "spark.shuffle.sort.bypassMergeThreshold": 168.0, "spark.storage.memoryMapThreshold": 5.0}, "datetime": {"datetime": "2022-02-20 18:04:12", "elapsed": 0.000659, "delta": 0.000225}}
{"target": -250.268, "params": {"spark.broadcast.blockSize": 32.0, "spark.broadcast.checksum": 1.0, "spark.broadcast.compress": 0.0, "spark.default.parallelism": 369.0, "spark.executor.cores": 4.0, "spark.executor.instances": 9.0, "spark.executor.memory": 10.0, "spark.executor.memoryOverhead": 877.0, "spark.kryoserializer.buffer": 110.0, "spark.kryoserializer.buffer.max": 98.0, "spark.locality.wait": 5.0, "spark.maxRemoteBlockSizeFetchToMem": 1226909056.0, "spark.memory.fraction": 0.7200000286102295, "spark.memory.offHeap.enabled": 0.0, "spark.memory.offHeap.size": 303.0, "spark.memory.storageFraction": 0.7099999785423279, "spark.rdd.compress": 1.0, "spark.reducer.maxBlocksInFlightPerAddress": 1702687104.0, "spark.reducer.maxReqsInFlight": 1762992768.0, "spark.reducer.maxSizeInFlight": 45.0, "spark.scheduler.mode": 0.0, "spark.scheduler.revive.interval": 764.0, "spark.shuffle.compress": 1.0, "spark.shuffle.file.buffer": 39.0, "spark.shuffle.io.numConnectionsPerPeer": 3.0, "spark.shuffle.sort.bypassMergeThreshold": 350.0, "spark.storage.memoryMapThreshold": 8.0}, "datetime": {"datetime": "2022-02-20 18:04:12", "elapsed": 0.000857, "delta": 0.000198}}
{"target": -723.715, "params": {"spark.broadcast.blockSize": 32.0, "spark.broadcast.checksum": 1.0, "spark.broadcast.compress": 0.0, "spark.default.parallelism": 368.0, "spark.executor.cores": 4.0, "spark.executor.instances": 9.0, "spark.executor.memory": 10.0, "spark.executor.memoryOverhead": 877.0, "spark.kryoserializer.buffer": 108.0, "spark.kryoserializer.buffer.max": 96.0, "spark.locality.wait": 5.0, "spark.maxRemoteBlockSizeFetchToMem": 1228837504.0, "spark.memory.fraction": 0.7200000286102295, "spark.memory.offHeap.enabled": 0.0, "spark.memory.offHeap.size": 306.0, "spark.memory.storageFraction": 0.7099999785423279, "spark.rdd.compress": 1.0, "spark.reducer.maxBlocksInFlightPerAddress": 1686744064.0, "spark.reducer.maxReqsInFlight": 1756950784.0, "spark.reducer.maxSizeInFlight": 43.0, "spark.scheduler.mode": 0.0, "spark.scheduler.revive.interval": 764.0, "spark.shuffle.compress": 1.0, "spark.shuffle.file.buffer": 40.0, "spark.shuffle.io.numConnectionsPerPeer": 3.0, "spark.shuffle.sort.bypassMergeThreshold": 350.0, "spark.storage.memoryMapThreshold": 8.0}, "datetime": {"datetime": "2022-02-20 18:04:12", "elapsed": 0.001067, "delta": 0.00021}}
{"target": -252.609, "params": {"spark.broadcast.blockSize": 34.0, "spark.broadcast.checksum": 1.0, "spark.broadcast.compress": 0.0, "spark.default.parallelism": 362.0, "spark.executor.cores": 4.0, "spark.executor.instances": 9.0, "spark.executor.memory": 10.0, "spark.executor.memoryOverhead": 877.0, "spark.kryoserializer.buffer": 101.0, "spark.kryoserializer.buffer.max": 94.0, "spark.locality.wait": 6.0, "spark.maxRemoteBlockSizeFetchToMem": 1312211968.0, "spark.memory.fraction": 0.7099999785423279, "spark.memory.offHeap.enabled": 0.0, "spark.memory.offHeap.size": 354.0, "spark.memory.storageFraction": 0.7099999785423279, "spark.rdd.compress": 1.0, "spark.reducer.maxBlocksInFlightPerAddress": 1659764480.0, "spark.reducer.maxReqsInFlight": 1740709888.0, "spark.reducer.maxSizeInFlight": 45.0, "spark.scheduler.mode": 0.0, "spark.scheduler.revive.interval": 761.0, "spark.shuffle.compress": 1.0, "spark.shuffle.file.buffer": 38.0, "spark.shuffle.io.numConnectionsPerPeer": 3.0, "spark.shuffle.sort.bypassMergeThreshold": 350.0, "spark.storage.memoryMapThreshold": 8.0}, "datetime": {"datetime": "2022-02-20 18:04:12", "elapsed": 0.001273, "delta": 0.000206}}
{"target": -678.946, "params": {"spark.broadcast.blockSize": 32.0, "spark.broadcast.checksum": 1.0, "spark.broadcast.compress": 0.0, "spark.default.parallelism": 378.0, "spark.executor.cores": 4.0, "spark.executor.instances": 8.0, "spark.executor.memory": 8.0, "spark.executor.memoryOverhead": 868.0, "spark.kryoserializer.buffer": 110.0, "spark.kryoserializer.buffer.max": 98.0, "spark.locality.wait": 5.0, "spark.maxRemoteBlockSizeFetchToMem": 1220716032.0, "spark.memory.fraction": 0.7099999785423279, "spark.memory.offHeap.enabled": 0.0, "spark.memory.offHeap.size": 304.0, "spark.memory.storageFraction": 0.7099999785423279, "spark.rdd.compress": 1.0, "spark.reducer.maxBlocksInFlightPerAddress": 1672898048.0, "spark.reducer.maxReqsInFlight": 1735287808.0, "spark.reducer.maxSizeInFlight": 46.0, "spark.scheduler.mode": 0.0, "spark.scheduler.revive.interval": 767.0, "spark.shuffle.compress": 1.0, "spark.shuffle.file.buffer": 39.0, "spark.shuffle.io.numConnectionsPerPeer": 3.0, "spark.shuffle.sort.bypassMergeThreshold": 348.0, "spark.storage.memoryMapThreshold": 6.0}, "datetime": {"datetime": "2022-02-20 18:04:12", "elapsed": 0.001491, "delta": 0.000218}}
{"target": -690.9, "params": {"spark.broadcast.blockSize": 32.0, "spark.broadcast.checksum": 1.0, "spark.broadcast.compress": 0.0, "spark.default.parallelism": 369.0, "spark.executor.cores": 4.0, "spark.executor.instances": 8.0, "spark.executor.memory": 8.0, "spark.executor.memoryOverhead": 863.0, "spark.kryoserializer.buffer": 113.0, "spark.kryoserializer.buffer.max": 97.0, "spark.locality.wait": 5.0, "spark.maxRemoteBlockSizeFetchToMem": 1203054976.0, "spark.memory.fraction": 0.7200000286102295, "spark.memory.offHeap.enabled": 0.0, "spark.memory.offHeap.size": 310.0, "spark.memory.storageFraction": 0.7099999785423279, "spark.rdd.compress": 1.0, "spark.reducer.maxBlocksInFlightPerAddress": 1712350336.0, "spark.reducer.maxReqsInFlight": 1777047808.0, "spark.reducer.maxSizeInFlight": 46.0, "spark.scheduler.mode": 0.0, "spark.scheduler.revive.interval": 757.0, "spark.shuffle.compress": 1.0, "spark.shuffle.file.buffer": 41.0, "spark.shuffle.io.numConnectionsPerPeer": 3.0, "spark.shuffle.sort.bypassMergeThreshold": 350.0, "spark.storage.memoryMapThreshold": 6.0}, "datetime": {"datetime": "2022-02-20 18:04:12", "elapsed": 0.001719, "delta": 0.000228}}
{"target": -593.14, "params": {"spark.broadcast.blockSize": 36.0, "spark.broadcast.checksum": 1.0, "spark.broadcast.compress": 0.0, "spark.default.parallelism": 359.0, "spark.executor.cores": 3.0, "spark.executor.instances": 8.0, "spark.executor.memory": 8.0, "spark.executor.memoryOverhead": 781.0, "spark.kryoserializer.buffer": 99.0, "spark.kryoserializer.buffer.max": 92.0, "spark.locality.wait": 5.0, "spark.maxRemoteBlockSizeFetchToMem": 1296594048.0, "spark.memory.fraction": 0.7200000286102295, "spark.memory.offHeap.enabled": 0.0, "spark.memory.offHeap.size": 379.0, "spark.memory.storageFraction": 0.7099999785423279, "spark.rdd.compress": 1.0, "spark.reducer.maxBlocksInFlightPerAddress": 1709444864.0, "spark.reducer.maxReqsInFlight": 1754296832.0, "spark.reducer.maxSizeInFlight": 44.0, "spark.scheduler.mode": 0.0, "spark.scheduler.revive.interval": 764.0, "spark.shuffle.compress": 1.0, "spark.shuffle.file.buffer": 38.0, "spark.shuffle.io.numConnectionsPerPeer": 3.0, "spark.shuffle.sort.bypassMergeThreshold": 331.0, "spark.storage.memoryMapThreshold": 6.0}, "datetime": {"datetime": "2022-02-20 18:04:12", "elapsed": 0.001943, "delta": 0.000224}}
{"target": -1045.74, "params": {"spark.broadcast.blockSize": 4.0, "spark.broadcast.checksum": 0.0, "spark.broadcast.compress": 0.0, "spark.default.parallelism": 427.0, "spark.executor.cores": 6.0, "spark.executor.instances": 8.0, "spark.executor.memory": 8.0, "spark.executor.memoryOverhead": 1489.0, "spark.kryoserializer.buffer": 112.0, "spark.kryoserializer.buffer.max": 89.0, "spark.locality.wait": 8.0, "spark.maxRemoteBlockSizeFetchToMem": 2102990459.0, "spark.memory.fraction": 0.78, "spark.memory.offHeap.enabled": 1.0, "spark.memory.offHeap.size": 564.0, "spark.memory.storageFraction": 0.81, "spark.rdd.compress": 0.0, "spark.reducer.maxBlocksInFlightPerAddress": 1530082197.0, "spark.reducer.maxReqsInFlight": 1275897957.0, "spark.reducer.maxSizeInFlight": 48.0, "spark.scheduler.mode": 0.0, "spark.scheduler.revive.interval": 739.0, "spark.shuffle.compress": 0.0, "spark.shuffle.file.buffer": 39.0, "spark.shuffle.io.numConnectionsPerPeer": 5.0, "spark.shuffle.sort.bypassMergeThreshold": 282.0, "spark.storage.memoryMapThreshold": 5.0}, "datetime": {"datetime": "2022-02-20 18:04:12", "elapsed": 0.002166, "delta": 0.000223}}
{"target": -300.569, "params": {"spark.broadcast.blockSize": 12.0, "spark.broadcast.checksum": 0.0, "spark.broadcast.compress": 0.0, "spark.default.parallelism": 425.0, "spark.executor.cores": 5.0, "spark.executor.instances": 11.0, "spark.executor.memory": 14.0, "spark.executor.memoryOverhead": 1309.0, "spark.kryoserializer.buffer": 72.0, "spark.kryoserializer.buffer.max": 87.0, "spark.locality.wait": 1.0, "spark.maxRemoteBlockSizeFetchToMem": 1756901021.0, "spark.memory.fraction": 0.6, "spark.memory.offHeap.enabled": 0.0, "spark.memory.offHeap.size": 796.0, "spark.memory.storageFraction": 0.73, "spark.rdd.compress": 1.0, "spark.reducer.maxBlocksInFlightPerAddress": 1524044551.0, "spark.reducer.maxReqsInFlight": 1294271505.0, "spark.reducer.maxSizeInFlight": 54.0, "spark.scheduler.mode": 1.0, "spark.scheduler.revive.interval": 730.0, "spark.shuffle.compress": 0.0, "spark.shuffle.file.buffer": 16.0, "spark.shuffle.io.numConnectionsPerPeer": 2.0, "spark.shuffle.sort.bypassMergeThreshold": 283.0, "spark.storage.memoryMapThreshold": 4.0}, "datetime": {"datetime": "2022-02-20 18:04:12", "elapsed": 0.0024, "delta": 0.000234}}
{"target": -253.497, "params": {"spark.broadcast.blockSize": 58.0, "spark.broadcast.checksum": 0.0, "spark.broadcast.compress": 0.0, "spark.default.parallelism": 283.0, "spark.executor.cores": 5.0, "spark.executor.instances": 10.0, "spark.executor.memory": 12.0, "spark.executor.memoryOverhead": 1401.0, "spark.kryoserializer.buffer": 32.0, "spark.kryoserializer.buffer.max": 55.0, "spark.locality.wait": 2.0, "spark.maxRemoteBlockSizeFetchToMem": 1714312276.0, "spark.memory.fraction": 0.67, "spark.memory.offHeap.enabled": 0.0, "spark.memory.offHeap.size": 540.0, "spark.memory.storageFraction": 0.54, "spark.rdd.compress": 1.0, "spark.reducer.maxBlocksInFlightPerAddress": 1378423850.0, "spark.reducer.maxReqsInFlight": 1537979291.0, "spark.reducer.maxSizeInFlight": 43.0, "spark.scheduler.mode": 1.0, "spark.scheduler.revive.interval": 632.0, "spark.shuffle.compress": 1.0, "spark.shuffle.file.buffer": 17.0, "spark.shuffle.io.numConnectionsPerPeer": 1.0, "spark.shuffle.sort.bypassMergeThreshold": 347.0, "spark.storage.memoryMapThreshold": 9.0}, "datetime": {"datetime": "2022-02-20 18:04:12", "elapsed": 0.002641, "delta": 0.000241}}
