{"target": 1328652773.9245906, "params": {"spark.broadcast.compress": 0.24271368636424473, "spark.locality.wait": 8.296026403457754, "spark.reducer.maxBlocksInFlightPerAddress": 1328651056.4610946, "spark.reducer.maxSizeInFlight": 471.32697147268436}, "datetime": {"datetime": "2022-03-02 18:03:40", "elapsed": 0.0, "delta": 0.0}}
{"target": 915031751.4281223, "params": {"spark.broadcast.compress": 0.7570501988500736, "spark.locality.wait": 4.452767573045213, "spark.reducer.maxBlocksInFlightPerAddress": 915029838.7407005, "spark.reducer.maxSizeInFlight": 74.26361265077745}, "datetime": {"datetime": "2022-03-02 18:03:40", "elapsed": 0.0, "delta": 0.0}}
{"target": 1600028886.5473912, "params": {"spark.broadcast.compress": 0.27553998413876424, "spark.locality.wait": 7.801056444376771, "spark.reducer.maxBlocksInFlightPerAddress": 1600027440.3279135, "spark.reducer.maxSizeInFlight": 499.62488584031007}, "datetime": {"datetime": "2022-03-02 18:03:40", "elapsed": 0.000998, "delta": 0.000998}}
{"target": 1923121877.4308197, "params": {"spark.broadcast.compress": 0.13435903821291362, "spark.locality.wait": 7.818169548634051, "spark.reducer.maxBlocksInFlightPerAddress": 1923120735.5886002, "spark.reducer.maxSizeInFlight": 328.6416329442649}, "datetime": {"datetime": "2022-03-02 18:03:40", "elapsed": 0.000998, "delta": 0.0}}
{"target": 1908979581.4343247, "params": {"spark.broadcast.compress": 0.07884025481033985, "spark.locality.wait": 8.104810864649938, "spark.reducer.maxBlocksInFlightPerAddress": 1908978062.7683399, "spark.reducer.maxSizeInFlight": 397.9599391819557}, "datetime": {"datetime": "2022-03-02 18:03:40", "elapsed": 0.000998, "delta": 0.0}}
{"target": 2109500725.0639007, "params": {"spark.broadcast.compress": 0.2395951488646939, "spark.locality.wait": 8.161620217632837, "spark.reducer.maxBlocksInFlightPerAddress": 2109500039.2565558, "spark.reducer.maxSizeInFlight": 199.68604972979134}, "datetime": {"datetime": "2022-03-02 18:03:40", "elapsed": 0.001995, "delta": 0.000997}}
{"target": 2010719049.032549, "params": {"spark.broadcast.compress": 0.23709642171695888, "spark.locality.wait": 7.711728156933093, "spark.reducer.maxBlocksInFlightPerAddress": 2010718444.9304857, "spark.reducer.maxSizeInFlight": 89.55282890559589}, "datetime": {"datetime": "2022-03-02 18:03:40", "elapsed": 0.001995, "delta": 0.0}}
{"target": 2144894687.0018585, "params": {"spark.broadcast.compress": 0.36190554660766927, "spark.locality.wait": 8.657012197544269, "spark.reducer.maxBlocksInFlightPerAddress": 2144894539.701889, "spark.reducer.maxSizeInFlight": 138.28105158979244}, "datetime": {"datetime": "2022-03-02 18:03:40", "elapsed": 0.059839, "delta": 0.057844}}
