{"target": 1328652773.9245906, "params": {"spark.broadcast.compress": 0.24271368636424473, "spark.default.parallelism": 100.62355154275338, "spark.executor.cores": 3.6042385853685635, "spark.executor.instances": 12.036933440017805, "spark.executor.memoryOverhead": 782.5440983112683, "spark.locality.wait": 8.296026403457754, "spark.memory.offHeap.size": 338.15076291728514, "spark.memory.storageFraction": 0.6381994997706413, "spark.reducer.maxBlocksInFlightPerAddress": 1328651056.4610946, "spark.reducer.maxSizeInFlight": 471.32697147268436}, "datetime": {"datetime": "2022-03-02 18:03:14", "elapsed": 0.0, "delta": 0.0}}
{"target": 915031751.4281223, "params": {"spark.broadcast.compress": 0.7570501988500736, "spark.default.parallelism": 418.5053921313403, "spark.executor.cores": 7.520640729179037, "spark.executor.instances": 7.778254242028485, "spark.executor.memoryOverhead": 477.698861899576, "spark.locality.wait": 4.452767573045213, "spark.memory.offHeap.size": 920.9221518488516, "spark.memory.storageFraction": 0.7886905694476892, "spark.reducer.maxBlocksInFlightPerAddress": 915029838.7407005, "spark.reducer.maxSizeInFlight": 74.26361265077745}, "datetime": {"datetime": "2022-03-02 18:03:14", "elapsed": 0.000997, "delta": 0.000997}}
{"target": 1600028886.5473912, "params": {"spark.broadcast.compress": 0.27553998413876424, "spark.default.parallelism": 134.15544770793264, "spark.executor.cores": 2.0136913697212586, "spark.executor.instances": 10.107952348933772, "spark.executor.memoryOverhead": 710.3698105083768, "spark.locality.wait": 7.801056444376771, "spark.memory.offHeap.size": 81.23943665935501, "spark.memory.storageFraction": 0.631656684361848, "spark.reducer.maxBlocksInFlightPerAddress": 1600027440.3279135, "spark.reducer.maxSizeInFlight": 499.62488584031007}, "datetime": {"datetime": "2022-03-02 18:03:14", "elapsed": 0.023355, "delta": 0.022358}}
{"target": 1923121877.4308197, "params": {"spark.broadcast.compress": 0.13435903821291362, "spark.default.parallelism": 74.7950718789954, "spark.executor.cores": 3.4126803840745388, "spark.executor.instances": 7.939002508552623, "spark.executor.memoryOverhead": 581.3983739764464, "spark.locality.wait": 7.818169548634051, "spark.memory.offHeap.size": 137.10760439499046, "spark.memory.storageFraction": 0.5953249859497747, "spark.reducer.maxBlocksInFlightPerAddress": 1923120735.5886002, "spark.reducer.maxSizeInFlight": 328.6416329442649}, "datetime": {"datetime": "2022-03-02 18:03:14", "elapsed": 0.040311, "delta": 0.016956}}
{"target": 1908979581.4343247, "params": {"spark.broadcast.compress": 0.07884025481033985, "spark.default.parallelism": 205.40609406585466, "spark.executor.cores": 3.284218656878921, "spark.executor.instances": 2.593808830287721, "spark.executor.memoryOverhead": 526.3788323220257, "spark.locality.wait": 8.104810864649938, "spark.memory.offHeap.size": 374.1687828035539, "spark.memory.storageFraction": 0.6906578726626242, "spark.reducer.maxBlocksInFlightPerAddress": 1908978062.7683399, "spark.reducer.maxSizeInFlight": 397.9599391819557}, "datetime": {"datetime": "2022-03-02 18:03:14", "elapsed": 0.058263, "delta": 0.017952}}
