{"target": -180.913, "params": {"spark.broadcast.blockSize": 40.81295575455117, "spark.broadcast.checksum": 0.7494736767353869, "spark.broadcast.compress": 0.3897303550608754, "spark.default.parallelism": 340.1170166848557, "spark.executor.cores": 3.9124084069501497, "spark.executor.instances": 7.464789638725748, "spark.executor.memory": 6.3522966916088714, "spark.executor.memoryOverhead": 458.77298533762325, "spark.kryoserializer.buffer": 87.08201485547275, "spark.kryoserializer.buffer.max": 63.74105304233534, "spark.locality.wait": 9.21549058747878, "spark.maxRemoteBlockSizeFetchToMem": 2101965343.6526718, "spark.memory.fraction": 0.5013894221355913, "spark.memory.offHeap.enabled": 0.7397928242778712, "spark.memory.offHeap.size": 773.7492087612989, "spark.memory.storageFraction": 0.8096347543933171, "spark.rdd.compress": 0.8069761240067186, "spark.reducer.maxBlocksInFlightPerAddress": 1882847048.4746027, "spark.reducer.maxReqsInFlight": 1428974383.4647164, "spark.reducer.maxSizeInFlight": 29.738216533297155, "spark.scheduler.mode": 0.8186505507384676, "spark.scheduler.revive.interval": 913.5739627214012, "spark.shuffle.compress": 0.37927963962933964, "spark.shuffle.file.buffer": 25.668792191675095, "spark.shuffle.io.numConnectionsPerPeer": 4.029561468769511, "spark.shuffle.sort.bypassMergeThreshold": 312.3162931330995, "spark.storage.memoryFraction": 0.5868988166983009, "spark.storage.memoryMapThreshold": 2.2284125087045004}, "datetime": {"datetime": "2022-02-01 06:54:20", "elapsed": 30572.915488, "delta": 189.807258}}
{"target": -159.719, "params": {"spark.broadcast.blockSize": 62.70481580715489, "spark.broadcast.checksum": 0.23529669070931758, "spark.broadcast.compress": 0.8153008493675507, "spark.default.parallelism": 395.76019302035684, "spark.executor.cores": 3.96948097900092, "spark.executor.instances": 7.478828107082969, "spark.executor.memory": 6.717091930513623, "spark.executor.memoryOverhead": 415.8584001436064, "spark.kryoserializer.buffer": 42.99858036109577, "spark.kryoserializer.buffer.max": 94.99864016257501, "spark.locality.wait": 5.962050286934469, "spark.maxRemoteBlockSizeFetchToMem": 1403105628.812301, "spark.memory.fraction": 0.6019159688973643, "spark.memory.offHeap.enabled": 0.1117511683005471, "spark.memory.offHeap.size": 763.8916459609279, "spark.memory.storageFraction": 0.590030340075667, "spark.rdd.compress": 0.48928012244294816, "spark.reducer.maxBlocksInFlightPerAddress": 1949192021.9046645, "spark.reducer.maxReqsInFlight": 1453629711.3605585, "spark.reducer.maxSizeInFlight": 49.46263603543414, "spark.scheduler.mode": 0.7179294644049274, "spark.scheduler.revive.interval": 775.5866337318892, "spark.shuffle.compress": 0.15823689945648656, "spark.shuffle.file.buffer": 31.293018407224274, "spark.shuffle.io.numConnectionsPerPeer": 3.791618374506387, "spark.shuffle.sort.bypassMergeThreshold": 266.1000431534011, "spark.storage.memoryFraction": 0.7528288893547463, "spark.storage.memoryMapThreshold": 3.735153232799548}, "datetime": {"datetime": "2022-02-01 06:57:09", "elapsed": 30741.694008, "delta": 168.77852}}
{"target": -184.387, "params": {"spark.broadcast.blockSize": 56.00628919391724, "spark.broadcast.checksum": 0.15028336866958847, "spark.broadcast.compress": 0.4944720194180492, "spark.default.parallelism": 290.11573855389923, "spark.executor.cores": 2.9782633451650042, "spark.executor.instances": 7.985244212714774, "spark.executor.memory": 4.330117057588838, "spark.executor.memoryOverhead": 544.7838811923034, "spark.kryoserializer.buffer": 50.01018720934539, "spark.kryoserializer.buffer.max": 44.223069610259856, "spark.locality.wait": 5.020543615379685, "spark.maxRemoteBlockSizeFetchToMem": 1234089934.9066882, "spark.memory.fraction": 0.7620928900952204, "spark.memory.offHeap.enabled": 0.3278643994214431, "spark.memory.offHeap.size": 928.2503858153434, "spark.memory.storageFraction": 0.7266472078402708, "spark.rdd.compress": 0.22460244428126663, "spark.reducer.maxBlocksInFlightPerAddress": 1693527935.7244253, "spark.reducer.maxReqsInFlight": 1453880423.9070392, "spark.reducer.maxSizeInFlight": 62.876427844971836, "spark.scheduler.mode": 0.4410861186798024, "spark.scheduler.revive.interval": 568.7510835271529, "spark.shuffle.compress": 0.1781797587486308, "spark.shuffle.file.buffer": 41.034275928519946, "spark.shuffle.io.numConnectionsPerPeer": 4.472563754248044, "spark.shuffle.sort.bypassMergeThreshold": 285.65549677295337, "spark.storage.memoryFraction": 0.7761350605335207, "spark.storage.memoryMapThreshold": 1.2814373643325503}, "datetime": {"datetime": "2022-02-01 07:00:23", "elapsed": 30935.07206, "delta": 193.378052}}
{"target": -160.585, "params": {"spark.broadcast.blockSize": 59.263695745644, "spark.broadcast.checksum": 0.40449614067515627, "spark.broadcast.compress": 0.16308712914435253, "spark.default.parallelism": 264.94752683561785, "spark.executor.cores": 3.85694538288483, "spark.executor.instances": 7.825456816708472, "spark.executor.memory": 5.893378358881888, "spark.executor.memoryOverhead": 695.6586697672961, "spark.kryoserializer.buffer": 64.86579812877075, "spark.kryoserializer.buffer.max": 81.53152424771446, "spark.locality.wait": 6.091614462347416, "spark.maxRemoteBlockSizeFetchToMem": 1547312498.639111, "spark.memory.fraction": 0.8459488567653795, "spark.memory.offHeap.enabled": 0.1529281917685117, "spark.memory.offHeap.size": 614.6274921839363, "spark.memory.storageFraction": 0.8703864169604938, "spark.rdd.compress": 0.8571466367205184, "spark.reducer.maxBlocksInFlightPerAddress": 1341334685.4153624, "spark.reducer.maxReqsInFlight": 1622147248.1889982, "spark.reducer.maxSizeInFlight": 48.532537956009904, "spark.scheduler.mode": 0.13207172490416108, "spark.scheduler.revive.interval": 891.3015591216702, "spark.shuffle.compress": 0.5726061786810627, "spark.shuffle.file.buffer": 16.689967676974902, "spark.shuffle.io.numConnectionsPerPeer": 4.797226808244654, "spark.shuffle.sort.bypassMergeThreshold": 205.07126389718135, "spark.storage.memoryFraction": 0.5746882915849679, "spark.storage.memoryMapThreshold": 2.2568209815136937}, "datetime": {"datetime": "2022-02-01 07:03:12", "elapsed": 31104.636316, "delta": 169.564256}}
{"target": -155.748, "params": {"spark.broadcast.blockSize": 58.886054473635824, "spark.broadcast.checksum": 0.18023315140456442, "spark.broadcast.compress": 0.29533008964908647, "spark.default.parallelism": 217.67190216264345, "spark.executor.cores": 3.917542126511207, "spark.executor.instances": 7.804359158141807, "spark.executor.memory": 4.636245873925609, "spark.executor.memoryOverhead": 394.66215080833643, "spark.kryoserializer.buffer": 33.82160806671632, "spark.kryoserializer.buffer.max": 36.571713810268236, "spark.locality.wait": 5.745500211076892, "spark.maxRemoteBlockSizeFetchToMem": 1294543300.6194055, "spark.memory.fraction": 0.7136350899650815, "spark.memory.offHeap.enabled": 0.6724481684086805, "spark.memory.offHeap.size": 778.5840451881768, "spark.memory.storageFraction": 0.6886740924095012, "spark.rdd.compress": 0.7971167553207069, "spark.reducer.maxBlocksInFlightPerAddress": 1523448935.452372, "spark.reducer.maxReqsInFlight": 1666485902.5889993, "spark.reducer.maxSizeInFlight": 53.707576109811015, "spark.scheduler.mode": 0.40249348526144746, "spark.scheduler.revive.interval": 926.3135134931575, "spark.shuffle.compress": 0.24465614964786997, "spark.shuffle.file.buffer": 17.210704198079732, "spark.shuffle.io.numConnectionsPerPeer": 4.992186244875992, "spark.shuffle.sort.bypassMergeThreshold": 349.2995261136339, "spark.storage.memoryFraction": 0.879997782682008, "spark.storage.memoryMapThreshold": 1.057558654430008}, "datetime": {"datetime": "2022-02-01 07:05:57", "elapsed": 31269.369646, "delta": 164.73333}}
{"target": -182.269, "params": {"spark.broadcast.blockSize": 57.98551648209483, "spark.broadcast.checksum": 0.0361662331870336, "spark.broadcast.compress": 0.17771891702418785, "spark.default.parallelism": 326.28384285273324, "spark.executor.cores": 3.599146151072611, "spark.executor.instances": 7.394173075314918, "spark.executor.memory": 3.8026392836842504, "spark.executor.memoryOverhead": 385.32689776231166, "spark.kryoserializer.buffer": 80.01054989050064, "spark.kryoserializer.buffer.max": 50.970277872219135, "spark.locality.wait": 4.636265090187363, "spark.maxRemoteBlockSizeFetchToMem": 1360325259.9989073, "spark.memory.fraction": 0.8279183722751622, "spark.memory.offHeap.enabled": 0.31419616597748146, "spark.memory.offHeap.size": 534.9598705769826, "spark.memory.storageFraction": 0.7483384980985863, "spark.rdd.compress": 0.08315583352559508, "spark.reducer.maxBlocksInFlightPerAddress": 1963881229.7919393, "spark.reducer.maxReqsInFlight": 1294551054.0700867, "spark.reducer.maxSizeInFlight": 47.37257095048777, "spark.scheduler.mode": 0.5053057255733795, "spark.scheduler.revive.interval": 539.6871040141845, "spark.shuffle.compress": 0.5671873117515658, "spark.shuffle.file.buffer": 19.16307166093853, "spark.shuffle.io.numConnectionsPerPeer": 4.565967545689723, "spark.shuffle.sort.bypassMergeThreshold": 243.96339670949317, "spark.storage.memoryFraction": 0.5537047091773106, "spark.storage.memoryMapThreshold": 2.5447637910438927}, "datetime": {"datetime": "2022-02-01 07:09:08", "elapsed": 31460.559257, "delta": 191.189611}}
{"target": -146.851, "params": {"spark.broadcast.blockSize": 49.52282795960487, "spark.broadcast.checksum": 0.2965461852156338, "spark.broadcast.compress": 0.9243866605392957, "spark.default.parallelism": 227.26543034921232, "spark.executor.cores": 3.558811443781951, "spark.executor.instances": 7.276792254130469, "spark.executor.memory": 6.464822423362862, "spark.executor.memoryOverhead": 481.49560811745073, "spark.kryoserializer.buffer": 55.01419718744576, "spark.kryoserializer.buffer.max": 57.18248179222826, "spark.locality.wait": 5.364241176215065, "spark.maxRemoteBlockSizeFetchToMem": 1419552200.9021962, "spark.memory.fraction": 0.7127705808819428, "spark.memory.offHeap.enabled": 0.06217348993394156, "spark.memory.offHeap.size": 776.2955076530702, "spark.memory.storageFraction": 0.761278465797512, "spark.rdd.compress": 0.416391811797596, "spark.reducer.maxBlocksInFlightPerAddress": 1907498021.3170106, "spark.reducer.maxReqsInFlight": 1880495246.1873114, "spark.reducer.maxSizeInFlight": 44.07039906488352, "spark.scheduler.mode": 0.8568335164779747, "spark.scheduler.revive.interval": 639.1155051995094, "spark.shuffle.compress": 0.35718540802887755, "spark.shuffle.file.buffer": 27.07094154829682, "spark.shuffle.io.numConnectionsPerPeer": 4.809709580303318, "spark.shuffle.sort.bypassMergeThreshold": 289.06860597131015, "spark.storage.memoryFraction": 0.5327245929251764, "spark.storage.memoryMapThreshold": 3.05041570184255}, "datetime": {"datetime": "2022-02-01 07:11:44", "elapsed": 31616.312805, "delta": 155.753548}}
{"target": -164.079, "params": {"spark.broadcast.blockSize": 61.207120497367534, "spark.broadcast.checksum": 0.11068817555383281, "spark.broadcast.compress": 0.6341755454946217, "spark.default.parallelism": 244.73854866132007, "spark.executor.cores": 3.764337596042385, "spark.executor.instances": 7.566611230151095, "spark.executor.memory": 6.747931488438099, "spark.executor.memoryOverhead": 508.4316620120342, "spark.kryoserializer.buffer": 108.95627006855004, "spark.kryoserializer.buffer.max": 38.85074390068428, "spark.locality.wait": 7.34877004203871, "spark.maxRemoteBlockSizeFetchToMem": 1576126985.522966, "spark.memory.fraction": 0.7093796330108779, "spark.memory.offHeap.enabled": 0.26290865072826897, "spark.memory.offHeap.size": 749.6974713105519, "spark.memory.storageFraction": 0.5016628381740019, "spark.rdd.compress": 0.16333716755840588, "spark.reducer.maxBlocksInFlightPerAddress": 1276559695.5758834, "spark.reducer.maxReqsInFlight": 1943784894.2244506, "spark.reducer.maxSizeInFlight": 36.236294721175206, "spark.scheduler.mode": 0.5542592916326974, "spark.scheduler.revive.interval": 527.5633546644368, "spark.shuffle.compress": 0.5040085212735459, "spark.shuffle.file.buffer": 21.624730011422688, "spark.shuffle.io.numConnectionsPerPeer": 4.930278057286751, "spark.shuffle.sort.bypassMergeThreshold": 221.47624162155074, "spark.storage.memoryFraction": 0.7028508038227264, "spark.storage.memoryMapThreshold": 2.598468744529996}, "datetime": {"datetime": "2022-02-01 07:14:37", "elapsed": 31789.471699, "delta": 173.158894}}
{"target": -157.217, "params": {"spark.broadcast.blockSize": 56.41773401853608, "spark.broadcast.checksum": 0.32786894392307064, "spark.broadcast.compress": 0.8323576402257012, "spark.default.parallelism": 430.0387147831849, "spark.executor.cores": 3.99172538791945, "spark.executor.instances": 7.658758238766881, "spark.executor.memory": 5.2207513926961635, "spark.executor.memoryOverhead": 516.6547098233101, "spark.kryoserializer.buffer": 74.0703169973731, "spark.kryoserializer.buffer.max": 90.68980905998603, "spark.locality.wait": 7.734818676979206, "spark.maxRemoteBlockSizeFetchToMem": 1605242324.3836408, "spark.memory.fraction": 0.6680112693053859, "spark.memory.offHeap.enabled": 0.3103417992575477, "spark.memory.offHeap.size": 904.1857063689971, "spark.memory.storageFraction": 0.8138878641913617, "spark.rdd.compress": 0.849633871692993, "spark.reducer.maxBlocksInFlightPerAddress": 2102602348.958661, "spark.reducer.maxReqsInFlight": 1740389813.7454772, "spark.reducer.maxSizeInFlight": 36.287087183002676, "spark.scheduler.mode": 0.797930928696198, "spark.scheduler.revive.interval": 761.6174380601558, "spark.shuffle.compress": 0.3787576860176711, "spark.shuffle.file.buffer": 37.441985952784535, "spark.shuffle.io.numConnectionsPerPeer": 4.3997138541158485, "spark.shuffle.sort.bypassMergeThreshold": 334.82991851410407, "spark.storage.memoryFraction": 0.638654429488945, "spark.storage.memoryMapThreshold": 3.505320515867542}, "datetime": {"datetime": "2022-02-01 07:17:23", "elapsed": 31955.51695, "delta": 166.045251}}
{"target": -156.278, "params": {"spark.broadcast.blockSize": 48.84254527363638, "spark.broadcast.checksum": 0.3043766541276739, "spark.broadcast.compress": 0.9487145489569804, "spark.default.parallelism": 271.07918603849214, "spark.executor.cores": 3.6825570636990994, "spark.executor.instances": 7.832023072058684, "spark.executor.memory": 6.958658628593573, "spark.executor.memoryOverhead": 448.79205395015924, "spark.kryoserializer.buffer": 70.30364983762426, "spark.kryoserializer.buffer.max": 69.86562350051913, "spark.locality.wait": 7.170534871116038, "spark.maxRemoteBlockSizeFetchToMem": 2057436177.1008306, "spark.memory.fraction": 0.8812869886582704, "spark.memory.offHeap.enabled": 0.3451244901214, "spark.memory.offHeap.size": 780.5611569659882, "spark.memory.storageFraction": 0.6574444712968521, "spark.rdd.compress": 0.3769995305489643, "spark.reducer.maxBlocksInFlightPerAddress": 1640112276.2232668, "spark.reducer.maxReqsInFlight": 1595080889.6239579, "spark.reducer.maxSizeInFlight": 35.1925505049663, "spark.scheduler.mode": 0.6491582751530831, "spark.scheduler.revive.interval": 937.7560736621026, "spark.shuffle.compress": 0.23531789860088093, "spark.shuffle.file.buffer": 34.80495384704541, "spark.shuffle.io.numConnectionsPerPeer": 3.308619000687828, "spark.shuffle.sort.bypassMergeThreshold": 222.40667793450532, "spark.storage.memoryFraction": 0.613054196420059, "spark.storage.memoryMapThreshold": 3.0341549229109996}, "datetime": {"datetime": "2022-02-01 07:20:08", "elapsed": 32120.613164, "delta": 165.096214}}
{"target": -158.692, "params": {"spark.broadcast.blockSize": 51.60711297585269, "spark.broadcast.checksum": 0.3087843175701964, "spark.broadcast.compress": 0.6816572998895855, "spark.default.parallelism": 290.82495561392193, "spark.executor.cores": 3.761634466159331, "spark.executor.instances": 7.965126669602007, "spark.executor.memory": 4.03640208394876, "spark.executor.memoryOverhead": 676.7389266733073, "spark.kryoserializer.buffer": 39.75069368811261, "spark.kryoserializer.buffer.max": 65.76734679696163, "spark.locality.wait": 7.12200687817195, "spark.maxRemoteBlockSizeFetchToMem": 1893950591.0764983, "spark.memory.fraction": 0.6104579102198867, "spark.memory.offHeap.enabled": 0.61653287730758, "spark.memory.offHeap.size": 674.2129029811442, "spark.memory.storageFraction": 0.8050988389431142, "spark.rdd.compress": 0.3038981761684909, "spark.reducer.maxBlocksInFlightPerAddress": 1700965339.0749912, "spark.reducer.maxReqsInFlight": 2020676751.5880835, "spark.reducer.maxSizeInFlight": 28.077958425386072, "spark.scheduler.mode": 0.9887317855984542, "spark.scheduler.revive.interval": 827.3510369880936, "spark.shuffle.compress": 0.7896814138490296, "spark.shuffle.file.buffer": 27.126689430851208, "spark.shuffle.io.numConnectionsPerPeer": 4.687011965936524, "spark.shuffle.sort.bypassMergeThreshold": 339.1526325815579, "spark.storage.memoryFraction": 0.6283424463442794, "spark.storage.memoryMapThreshold": 3.8232507478033027}, "datetime": {"datetime": "2022-02-01 07:22:56", "elapsed": 32288.315646, "delta": 167.702482}}
{"target": -157.853, "params": {"spark.broadcast.blockSize": 43.91337527365377, "spark.broadcast.checksum": 0.2904143120476137, "spark.broadcast.compress": 0.4385161871264559, "spark.default.parallelism": 230.7296009576937, "spark.executor.cores": 3.957947687170945, "spark.executor.instances": 7.970836917179172, "spark.executor.memory": 6.93673303082333, "spark.executor.memoryOverhead": 619.0815817025232, "spark.kryoserializer.buffer": 79.13737223742643, "spark.kryoserializer.buffer.max": 47.89463942742047, "spark.locality.wait": 7.077633616945867, "spark.maxRemoteBlockSizeFetchToMem": 1394155175.908545, "spark.memory.fraction": 0.834170885117991, "spark.memory.offHeap.enabled": 0.09938648228768665, "spark.memory.offHeap.size": 906.3866691990955, "spark.memory.storageFraction": 0.6187002140394275, "spark.rdd.compress": 0.3599725654060584, "spark.reducer.maxBlocksInFlightPerAddress": 1603941555.3276744, "spark.reducer.maxReqsInFlight": 1924171907.5683565, "spark.reducer.maxSizeInFlight": 36.73890161251376, "spark.scheduler.mode": 0.8676820168901699, "spark.scheduler.revive.interval": 836.2190975317104, "spark.shuffle.compress": 0.19893476587747605, "spark.shuffle.file.buffer": 37.883416292741586, "spark.shuffle.io.numConnectionsPerPeer": 4.363772167716812, "spark.shuffle.sort.bypassMergeThreshold": 313.7718021331285, "spark.storage.memoryFraction": 0.5087325487569155, "spark.storage.memoryMapThreshold": 2.8555847727602135}, "datetime": {"datetime": "2022-02-01 07:25:43", "elapsed": 32455.197464, "delta": 166.881818}}
{"target": -163.292, "params": {"spark.broadcast.blockSize": 40.596445824030425, "spark.broadcast.checksum": 0.10413390711667914, "spark.broadcast.compress": 0.8406401678313252, "spark.default.parallelism": 282.9091743122488, "spark.executor.cores": 3.6341972182552733, "spark.executor.instances": 7.931959472899383, "spark.executor.memory": 6.091005309722629, "spark.executor.memoryOverhead": 609.103708557042, "spark.kryoserializer.buffer": 57.61933853129253, "spark.kryoserializer.buffer.max": 44.81164982158863, "spark.locality.wait": 5.719267886961667, "spark.maxRemoteBlockSizeFetchToMem": 1532275020.7808642, "spark.memory.fraction": 0.7413389873030085, "spark.memory.offHeap.enabled": 0.854951493928227, "spark.memory.offHeap.size": 674.6347096670138, "spark.memory.storageFraction": 0.8171589801870784, "spark.rdd.compress": 0.6962934981855985, "spark.reducer.maxBlocksInFlightPerAddress": 1885212630.0354526, "spark.reducer.maxReqsInFlight": 1706102232.5363264, "spark.reducer.maxSizeInFlight": 55.37137779523357, "spark.scheduler.mode": 0.5261380048344654, "spark.scheduler.revive.interval": 529.8672117971254, "spark.shuffle.compress": 0.7058697055566836, "spark.shuffle.file.buffer": 31.68116069132289, "spark.shuffle.io.numConnectionsPerPeer": 1.6254244902195119, "spark.shuffle.sort.bypassMergeThreshold": 263.5566229781989, "spark.storage.memoryFraction": 0.5737041571746522, "spark.storage.memoryMapThreshold": 3.418305309399304}, "datetime": {"datetime": "2022-02-01 07:28:35", "elapsed": 32627.728066, "delta": 172.530602}}
{"target": -153.817, "params": {"spark.broadcast.blockSize": 49.507142105859835, "spark.broadcast.checksum": 0.45718219698834783, "spark.broadcast.compress": 0.8823385347078894, "spark.default.parallelism": 268.60140422107366, "spark.executor.cores": 3.905236277926859, "spark.executor.instances": 7.183696012045273, "spark.executor.memory": 4.131613782842993, "spark.executor.memoryOverhead": 429.365548789842, "spark.kryoserializer.buffer": 74.45066311731321, "spark.kryoserializer.buffer.max": 65.34791223442464, "spark.locality.wait": 4.304164725450546, "spark.maxRemoteBlockSizeFetchToMem": 1898469300.6927617, "spark.memory.fraction": 0.6095196758526139, "spark.memory.offHeap.enabled": 0.44521751274922583, "spark.memory.offHeap.size": 573.0454065739841, "spark.memory.storageFraction": 0.8198593539644611, "spark.rdd.compress": 0.9390743558308503, "spark.reducer.maxBlocksInFlightPerAddress": 1691347966.2973218, "spark.reducer.maxReqsInFlight": 1590687557.1084507, "spark.reducer.maxSizeInFlight": 27.482647914229375, "spark.scheduler.mode": 0.3602845251702119, "spark.scheduler.revive.interval": 574.7519999342144, "spark.shuffle.compress": 0.24621204721830459, "spark.shuffle.file.buffer": 18.461058543826734, "spark.shuffle.io.numConnectionsPerPeer": 4.7839867364264155, "spark.shuffle.sort.bypassMergeThreshold": 299.15661253243786, "spark.storage.memoryFraction": 0.8678332839413379, "spark.storage.memoryMapThreshold": 3.661482281318719}, "datetime": {"datetime": "2022-02-01 07:31:18", "elapsed": 32790.494543, "delta": 162.766477}}
