{"target": -208.943, "params": {"spark.broadcast.blockSize": 53.62909579593078, "spark.broadcast.checksum": 0.7725497075167397, "spark.broadcast.compress": 0.7341367038069442, "spark.default.parallelism": 405.8964053837126, "spark.executor.cores": 3.891396438632866, "spark.executor.instances": 6.7067863804269985, "spark.executor.memory": 6.627358741975092, "spark.executor.memoryOverhead": 436.51399616665253, "spark.kryoserializer.buffer": 62.32590028486399, "spark.kryoserializer.buffer.max": 82.61874958767407, "spark.locality.wait": 8.078939419515148, "spark.maxRemoteBlockSizeFetchToMem": 2076441325.7474713, "spark.memory.fraction": 0.5689930581407844, "spark.memory.offHeap.enabled": 0.06924131755635676, "spark.memory.offHeap.size": 762.7942416793294, "spark.memory.storageFraction": 0.8886262163380946, "spark.rdd.compress": 0.7643841862029899, "spark.reducer.maxBlocksInFlightPerAddress": 1866932766.2276678, "spark.reducer.maxReqsInFlight": 1600748152.807117, "spark.reducer.maxSizeInFlight": 61.24743589377492, "spark.scheduler.mode": 0.7493872730882182, "spark.scheduler.revive.interval": 637.8117795892679, "spark.shuffle.compress": 0.6372525367662454, "spark.shuffle.file.buffer": 17.441744175741444, "spark.shuffle.io.numConnectionsPerPeer": 2.8204612959941864, "spark.shuffle.sort.bypassMergeThreshold": 295.7235447001867, "spark.storage.memoryFraction": 0.616073894358061, "spark.storage.memoryMapThreshold": 1.9872780992634176}, "datetime": {"datetime": "2022-02-01 02:51:57", "elapsed": 16029.764123, "delta": 218.009197}}
{"target": -154.182, "params": {"spark.broadcast.blockSize": 58.14344292382075, "spark.broadcast.checksum": 0.4773433378396166, "spark.broadcast.compress": 0.5915446546705634, "spark.default.parallelism": 460.6695556830995, "spark.executor.cores": 3.861200618494512, "spark.executor.instances": 7.919294295459974, "spark.executor.memory": 6.105531937570163, "spark.executor.memoryOverhead": 600.3731236718243, "spark.kryoserializer.buffer": 86.47139175223666, "spark.kryoserializer.buffer.max": 66.83133989905667, "spark.locality.wait": 4.344629699641154, "spark.maxRemoteBlockSizeFetchToMem": 2117749779.1717024, "spark.memory.fraction": 0.5945912951163846, "spark.memory.offHeap.enabled": 0.15094590975076716, "spark.memory.offHeap.size": 726.4789243040516, "spark.memory.storageFraction": 0.5814153853775289, "spark.rdd.compress": 0.6422884833034364, "spark.reducer.maxBlocksInFlightPerAddress": 2054642280.6385736, "spark.reducer.maxReqsInFlight": 1421243897.1576242, "spark.reducer.maxSizeInFlight": 41.30006336517599, "spark.scheduler.mode": 0.9931509164182344, "spark.scheduler.revive.interval": 620.836391490111, "spark.shuffle.compress": 0.3484244681556006, "spark.shuffle.file.buffer": 22.226350900434646, "spark.shuffle.io.numConnectionsPerPeer": 3.4750467177372837, "spark.shuffle.sort.bypassMergeThreshold": 336.00176459425194, "spark.storage.memoryFraction": 0.6138796367712902, "spark.storage.memoryMapThreshold": 2.178962179611572}, "datetime": {"datetime": "2022-02-01 02:54:40", "elapsed": 16193.024863, "delta": 163.26074}}
{"target": -160.46, "params": {"spark.broadcast.blockSize": 63.588629192845936, "spark.broadcast.checksum": 0.6970837752774623, "spark.broadcast.compress": 0.15260088165751928, "spark.default.parallelism": 319.6510016153529, "spark.executor.cores": 3.9848567107343453, "spark.executor.instances": 7.8246397299016, "spark.executor.memory": 6.91851023550303, "spark.executor.memoryOverhead": 436.6571532651262, "spark.kryoserializer.buffer": 95.064851051942, "spark.kryoserializer.buffer.max": 53.19957895184062, "spark.locality.wait": 8.102334568327088, "spark.maxRemoteBlockSizeFetchToMem": 1978910314.4229937, "spark.memory.fraction": 0.6589421184971147, "spark.memory.offHeap.enabled": 0.6630617959188768, "spark.memory.offHeap.size": 587.1767465882527, "spark.memory.storageFraction": 0.5425641719854273, "spark.rdd.compress": 0.5735182308774474, "spark.reducer.maxBlocksInFlightPerAddress": 1790548666.779046, "spark.reducer.maxReqsInFlight": 1964643907.8527043, "spark.reducer.maxSizeInFlight": 28.9652468706381, "spark.scheduler.mode": 0.13616101004245296, "spark.scheduler.revive.interval": 879.7528314346011, "spark.shuffle.compress": 0.5412067302650806, "spark.shuffle.file.buffer": 20.433947782465196, "spark.shuffle.io.numConnectionsPerPeer": 1.9919313599786155, "spark.shuffle.sort.bypassMergeThreshold": 278.56244665807435, "spark.storage.memoryFraction": 0.7611636818703976, "spark.storage.memoryMapThreshold": 3.9535515998084625}, "datetime": {"datetime": "2022-02-01 02:57:30", "elapsed": 16362.294979, "delta": 169.270116}}
{"target": -158.692, "params": {"spark.broadcast.blockSize": 40.5726207779262, "spark.broadcast.checksum": 0.285393442856792, "spark.broadcast.compress": 0.8201122780987415, "spark.default.parallelism": 474.24460263294577, "spark.executor.cores": 3.8655019142256344, "spark.executor.instances": 7.819888855157956, "spark.executor.memory": 3.1689046237158305, "spark.executor.memoryOverhead": 471.8362067161857, "spark.kryoserializer.buffer": 72.82340732951013, "spark.kryoserializer.buffer.max": 32.73479790906583, "spark.locality.wait": 6.220321282422967, "spark.maxRemoteBlockSizeFetchToMem": 1664019282.915171, "spark.memory.fraction": 0.6753400980525022, "spark.memory.offHeap.enabled": 0.8563360137922381, "spark.memory.offHeap.size": 725.4927391057546, "spark.memory.storageFraction": 0.6780284495386094, "spark.rdd.compress": 0.7109396242101257, "spark.reducer.maxBlocksInFlightPerAddress": 2079968325.7777863, "spark.reducer.maxReqsInFlight": 1979655509.8851964, "spark.reducer.maxSizeInFlight": 51.57871212306739, "spark.scheduler.mode": 0.3791444034016419, "spark.scheduler.revive.interval": 507.219953974031, "spark.shuffle.compress": 0.7493736362410899, "spark.shuffle.file.buffer": 28.179115321183207, "spark.shuffle.io.numConnectionsPerPeer": 4.005048883882045, "spark.shuffle.sort.bypassMergeThreshold": 313.4211517490446, "spark.storage.memoryFraction": 0.5657441472528538, "spark.storage.memoryMapThreshold": 3.745190200113151}, "datetime": {"datetime": "2022-02-01 03:00:17", "elapsed": 16529.857929, "delta": 167.56295}}
{"target": -180.695, "params": {"spark.broadcast.blockSize": 60.34551591144645, "spark.broadcast.checksum": 0.12008792972886118, "spark.broadcast.compress": 0.4404168774203041, "spark.default.parallelism": 376.08186566457846, "spark.executor.cores": 3.414814850207918, "spark.executor.instances": 7.64506770926373, "spark.executor.memory": 6.70608934966767, "spark.executor.memoryOverhead": 521.2997695045273, "spark.kryoserializer.buffer": 104.75629918509303, "spark.kryoserializer.buffer.max": 34.108518337236134, "spark.locality.wait": 4.342892461642486, "spark.maxRemoteBlockSizeFetchToMem": 1373273497.6082916, "spark.memory.fraction": 0.6315258447111188, "spark.memory.offHeap.enabled": 0.5196451034707638, "spark.memory.offHeap.size": 577.7606816448986, "spark.memory.storageFraction": 0.7867292211064949, "spark.rdd.compress": 0.8091009087221253, "spark.reducer.maxBlocksInFlightPerAddress": 1886126858.3586006, "spark.reducer.maxReqsInFlight": 1490858646.2135823, "spark.reducer.maxSizeInFlight": 43.93204054636111, "spark.scheduler.mode": 0.6185556353793732, "spark.scheduler.revive.interval": 564.182852749112, "spark.shuffle.compress": 0.10229555273074409, "spark.shuffle.file.buffer": 32.91540518142084, "spark.shuffle.io.numConnectionsPerPeer": 4.343806617118899, "spark.shuffle.sort.bypassMergeThreshold": 259.2808164154634, "spark.storage.memoryFraction": 0.6006453724220291, "spark.storage.memoryMapThreshold": 3.7952050335519907}, "datetime": {"datetime": "2022-02-01 03:03:27", "elapsed": 16719.532259, "delta": 189.67433}}
{"target": -233.304, "params": {"spark.broadcast.blockSize": 37.99042032479892, "spark.broadcast.checksum": 0.4187299480312632, "spark.broadcast.compress": 0.07342154136672085, "spark.default.parallelism": 466.98350394183717, "spark.executor.cores": 3.973400218585432, "spark.executor.instances": 6.947374106045327, "spark.executor.memory": 6.45030431172654, "spark.executor.memoryOverhead": 388.52536034163126, "spark.kryoserializer.buffer": 55.916958170264536, "spark.kryoserializer.buffer.max": 70.95701942928328, "spark.locality.wait": 7.293402968932243, "spark.maxRemoteBlockSizeFetchToMem": 1143055050.1734061, "spark.memory.fraction": 0.6314590664584601, "spark.memory.offHeap.enabled": 0.2586649514622523, "spark.memory.offHeap.size": 567.6866815644468, "spark.memory.storageFraction": 0.7588276206080677, "spark.rdd.compress": 0.7492323189227161, "spark.reducer.maxBlocksInFlightPerAddress": 1986531959.4681172, "spark.reducer.maxReqsInFlight": 2045839634.9607368, "spark.reducer.maxSizeInFlight": 32.12028219891509, "spark.scheduler.mode": 0.6439541649333729, "spark.scheduler.revive.interval": 649.5281766302487, "spark.shuffle.compress": 0.49628039872773533, "spark.shuffle.file.buffer": 28.15596635474716, "spark.shuffle.io.numConnectionsPerPeer": 4.823766021978598, "spark.shuffle.sort.bypassMergeThreshold": 188.79738655468998, "spark.storage.memoryFraction": 0.8145731854950928, "spark.storage.memoryMapThreshold": 3.340420835102035}, "datetime": {"datetime": "2022-02-01 03:07:29", "elapsed": 16961.646243, "delta": 242.113984}}
{"target": -156.991, "params": {"spark.broadcast.blockSize": 54.211125918259405, "spark.broadcast.checksum": 0.5615525087171024, "spark.broadcast.compress": 0.5035820054639503, "spark.default.parallelism": 317.7024356382284, "spark.executor.cores": 3.7986907939447407, "spark.executor.instances": 7.099512498758786, "spark.executor.memory": 5.646206868525335, "spark.executor.memoryOverhead": 478.5897818514061, "spark.kryoserializer.buffer": 36.48394211518173, "spark.kryoserializer.buffer.max": 55.92601379200015, "spark.locality.wait": 8.458456203249572, "spark.maxRemoteBlockSizeFetchToMem": 1666631054.931118, "spark.memory.fraction": 0.6806619991951172, "spark.memory.offHeap.enabled": 0.46471729104741955, "spark.memory.offHeap.size": 684.3465728460546, "spark.memory.storageFraction": 0.697738237177494, "spark.rdd.compress": 0.2727049029395955, "spark.reducer.maxBlocksInFlightPerAddress": 1643061659.8491292, "spark.reducer.maxReqsInFlight": 1716658123.548009, "spark.reducer.maxSizeInFlight": 48.69021120856618, "spark.scheduler.mode": 0.4120618050882081, "spark.scheduler.revive.interval": 696.7355373127292, "spark.shuffle.compress": 0.2580868093959334, "spark.shuffle.file.buffer": 18.256093127389995, "spark.shuffle.io.numConnectionsPerPeer": 4.714081903729502, "spark.shuffle.sort.bypassMergeThreshold": 315.8566524588937, "spark.storage.memoryFraction": 0.6902275292058244, "spark.storage.memoryMapThreshold": 3.4461390958168687}, "datetime": {"datetime": "2022-02-01 03:10:15", "elapsed": 17127.380587, "delta": 165.734344}}
{"target": -156.864, "params": {"spark.broadcast.blockSize": 55.52315158128714, "spark.broadcast.checksum": 0.4574028540258941, "spark.broadcast.compress": 0.9554393799879684, "spark.default.parallelism": 362.8853221745631, "spark.executor.cores": 3.849131608814974, "spark.executor.instances": 7.629126732937344, "spark.executor.memory": 5.215386373759095, "spark.executor.memoryOverhead": 527.9614922302038, "spark.kryoserializer.buffer": 70.7915135256412, "spark.kryoserializer.buffer.max": 32.50762014300499, "spark.locality.wait": 6.464585190727583, "spark.maxRemoteBlockSizeFetchToMem": 1604238572.6571615, "spark.memory.fraction": 0.5624595305829486, "spark.memory.offHeap.enabled": 0.6869332930294516, "spark.memory.offHeap.size": 911.3776856126267, "spark.memory.storageFraction": 0.6978645768886341, "spark.rdd.compress": 0.715857681801514, "spark.reducer.maxBlocksInFlightPerAddress": 1913832486.6343908, "spark.reducer.maxReqsInFlight": 1351699720.8348417, "spark.reducer.maxSizeInFlight": 37.612668437326036, "spark.scheduler.mode": 0.5761769657404393, "spark.scheduler.revive.interval": 743.9990714695862, "spark.shuffle.compress": 0.6565323071026011, "spark.shuffle.file.buffer": 39.922143791528335, "spark.shuffle.io.numConnectionsPerPeer": 2.0700802840514734, "spark.shuffle.sort.bypassMergeThreshold": 330.99793750669767, "spark.storage.memoryFraction": 0.5270995007524647, "spark.storage.memoryMapThreshold": 1.8772750608142281}, "datetime": {"datetime": "2022-02-01 03:13:01", "elapsed": 17293.356276, "delta": 165.975689}}
{"target": -154.577, "params": {"spark.broadcast.blockSize": 44.19100547259083, "spark.broadcast.checksum": 0.4556888331504775, "spark.broadcast.compress": 0.7581123506628376, "spark.default.parallelism": 211.2440879441304, "spark.executor.cores": 3.667879710569171, "spark.executor.instances": 7.519653304149136, "spark.executor.memory": 5.33189884079637, "spark.executor.memoryOverhead": 517.9868464948181, "spark.kryoserializer.buffer": 62.19935367051156, "spark.kryoserializer.buffer.max": 41.921951351887444, "spark.locality.wait": 5.641901277760906, "spark.maxRemoteBlockSizeFetchToMem": 1453129811.5198188, "spark.memory.fraction": 0.6580304276730298, "spark.memory.offHeap.enabled": 0.3626758508056829, "spark.memory.offHeap.size": 879.4570345599091, "spark.memory.storageFraction": 0.7434339027147645, "spark.rdd.compress": 0.2532607705665152, "spark.reducer.maxBlocksInFlightPerAddress": 1845757231.86777, "spark.reducer.maxReqsInFlight": 1720505952.4879642, "spark.reducer.maxSizeInFlight": 44.59105493495717, "spark.scheduler.mode": 0.5785130725411585, "spark.scheduler.revive.interval": 571.336590304257, "spark.shuffle.compress": 0.8497233514867379, "spark.shuffle.file.buffer": 33.78674947676849, "spark.shuffle.io.numConnectionsPerPeer": 3.1514165606768607, "spark.shuffle.sort.bypassMergeThreshold": 243.27072530532638, "spark.storage.memoryFraction": 0.5967868529652195, "spark.storage.memoryMapThreshold": 2.812725496302638}, "datetime": {"datetime": "2022-02-01 03:15:44", "elapsed": 17456.838727, "delta": 163.482451}}
{"target": -173.058, "params": {"spark.broadcast.blockSize": 59.622536237112456, "spark.broadcast.checksum": 0.07450632683533143, "spark.broadcast.compress": 0.9171144574905423, "spark.default.parallelism": 427.68791594612617, "spark.executor.cores": 3.9021852630185467, "spark.executor.instances": 7.066068469231154, "spark.executor.memory": 4.735162998147986, "spark.executor.memoryOverhead": 644.5536608057373, "spark.kryoserializer.buffer": 70.74792128549326, "spark.kryoserializer.buffer.max": 54.94885539766379, "spark.locality.wait": 6.24578586815582, "spark.maxRemoteBlockSizeFetchToMem": 1284858859.3037584, "spark.memory.fraction": 0.6344861467229074, "spark.memory.offHeap.enabled": 0.18691338842899907, "spark.memory.offHeap.size": 1012.7512824746645, "spark.memory.storageFraction": 0.6578241639215754, "spark.rdd.compress": 0.30457800059067086, "spark.reducer.maxBlocksInFlightPerAddress": 1953177669.3838353, "spark.reducer.maxReqsInFlight": 2047418578.4598799, "spark.reducer.maxSizeInFlight": 26.717180756279156, "spark.scheduler.mode": 0.3833875156488964, "spark.scheduler.revive.interval": 801.8472472286782, "spark.shuffle.compress": 0.24695724519771145, "spark.shuffle.file.buffer": 16.315777350253704, "spark.shuffle.io.numConnectionsPerPeer": 3.560540232595074, "spark.shuffle.sort.bypassMergeThreshold": 303.20371435277195, "spark.storage.memoryFraction": 0.5533735360538374, "spark.storage.memoryMapThreshold": 3.0022274341562465}, "datetime": {"datetime": "2022-02-01 03:18:46", "elapsed": 17638.894419, "delta": 182.055692}}
{"target": -187.737, "params": {"spark.broadcast.blockSize": 53.255906004338904, "spark.broadcast.checksum": 0.3024685241533739, "spark.broadcast.compress": 0.6637879154383713, "spark.default.parallelism": 226.96000274750529, "spark.executor.cores": 3.781045121924565, "spark.executor.instances": 7.228653624928058, "spark.executor.memory": 4.869978350010281, "spark.executor.memoryOverhead": 524.158384024393, "spark.kryoserializer.buffer": 73.25519907388909, "spark.kryoserializer.buffer.max": 58.12406269105928, "spark.locality.wait": 7.109379490274494, "spark.maxRemoteBlockSizeFetchToMem": 1617798360.6974833, "spark.memory.fraction": 0.710669703631533, "spark.memory.offHeap.enabled": 0.5303345377240238, "spark.memory.offHeap.size": 777.1711319355135, "spark.memory.storageFraction": 0.6000476119014607, "spark.rdd.compress": 0.43454981335354914, "spark.reducer.maxBlocksInFlightPerAddress": 2008283728.4121065, "spark.reducer.maxReqsInFlight": 1486690646.762871, "spark.reducer.maxSizeInFlight": 48.81876890494725, "spark.scheduler.mode": 0.013448779449065973, "spark.scheduler.revive.interval": 675.8161373539194, "spark.shuffle.compress": 0.9780103039563263, "spark.shuffle.file.buffer": 30.73897238836847, "spark.shuffle.io.numConnectionsPerPeer": 1.0990871109747369, "spark.shuffle.sort.bypassMergeThreshold": 192.6970374671389, "spark.storage.memoryFraction": 0.6885982807867841, "spark.storage.memoryMapThreshold": 3.2550691273168666}, "datetime": {"datetime": "2022-02-01 03:22:03", "elapsed": 17835.610115, "delta": 196.715696}}
{"target": -160.531, "params": {"spark.broadcast.blockSize": 49.49296381655835, "spark.broadcast.checksum": 0.1627412673388744, "spark.broadcast.compress": 0.6089574203395838, "spark.default.parallelism": 482.6789919313946, "spark.executor.cores": 3.853135506245379, "spark.executor.instances": 7.9608274698991295, "spark.executor.memory": 5.663349337291738, "spark.executor.memoryOverhead": 562.9644760378719, "spark.kryoserializer.buffer": 96.42525443682048, "spark.kryoserializer.buffer.max": 71.93675194315671, "spark.locality.wait": 5.786382067951694, "spark.maxRemoteBlockSizeFetchToMem": 1545717750.880283, "spark.memory.fraction": 0.6492698822888059, "spark.memory.offHeap.enabled": 0.11568754543451465, "spark.memory.offHeap.size": 758.3843537256731, "spark.memory.storageFraction": 0.7169229235876375, "spark.rdd.compress": 0.5661278020713261, "spark.reducer.maxBlocksInFlightPerAddress": 1787663106.8286362, "spark.reducer.maxReqsInFlight": 1458129988.1912038, "spark.reducer.maxSizeInFlight": 37.53411396559673, "spark.scheduler.mode": 0.5079181776189644, "spark.scheduler.revive.interval": 655.5928347129502, "spark.shuffle.compress": 0.2927522393373656, "spark.shuffle.file.buffer": 28.27581445410853, "spark.shuffle.io.numConnectionsPerPeer": 3.011140276726535, "spark.shuffle.sort.bypassMergeThreshold": 344.8462535521147, "spark.storage.memoryFraction": 0.6868289566561745, "spark.storage.memoryMapThreshold": 2.9895053988202895}, "datetime": {"datetime": "2022-02-01 03:24:52", "elapsed": 18005.003865, "delta": 169.39375}}
{"target": -159.417, "params": {"spark.broadcast.blockSize": 60.90058909050584, "spark.broadcast.checksum": 0.7953014398005326, "spark.broadcast.compress": 0.8950314084265364, "spark.default.parallelism": 328.73225921369055, "spark.executor.cores": 3.9249889087413496, "spark.executor.instances": 7.936063151649862, "spark.executor.memory": 4.627363275083157, "spark.executor.memoryOverhead": 504.2780223933608, "spark.kryoserializer.buffer": 51.17341720740965, "spark.kryoserializer.buffer.max": 78.37717989605196, "spark.locality.wait": 9.443423555413837, "spark.maxRemoteBlockSizeFetchToMem": 1075438871.7798574, "spark.memory.fraction": 0.7119087619326846, "spark.memory.offHeap.enabled": 0.6500607338711383, "spark.memory.offHeap.size": 980.3795633328962, "spark.memory.storageFraction": 0.7080143537589025, "spark.rdd.compress": 0.2818150392430291, "spark.reducer.maxBlocksInFlightPerAddress": 1796229433.831447, "spark.reducer.maxReqsInFlight": 2066658199.8592997, "spark.reducer.maxSizeInFlight": 27.485118944688207, "spark.scheduler.mode": 0.6775564403079858, "spark.scheduler.revive.interval": 573.4236370038595, "spark.shuffle.compress": 0.507575805996744, "spark.shuffle.file.buffer": 46.210332185509664, "spark.shuffle.io.numConnectionsPerPeer": 2.8341201743169973, "spark.shuffle.sort.bypassMergeThreshold": 323.4250124045674, "spark.storage.memoryFraction": 0.7081753768705599, "spark.storage.memoryMapThreshold": 3.4451603949637515}, "datetime": {"datetime": "2022-02-01 03:27:41", "elapsed": 18173.441671, "delta": 168.437806}}
{"target": -153.336, "params": {"spark.broadcast.blockSize": 61.73143683809066, "spark.broadcast.checksum": 0.43173014073571203, "spark.broadcast.compress": 0.46795714494308527, "spark.default.parallelism": 319.08301384152685, "spark.executor.cores": 3.898011147916952, "spark.executor.instances": 7.440364898925539, "spark.executor.memory": 3.63891949600071, "spark.executor.memoryOverhead": 391.9859104772559, "spark.kryoserializer.buffer": 33.31983864108906, "spark.kryoserializer.buffer.max": 33.90619811384484, "spark.locality.wait": 6.662649305036086, "spark.maxRemoteBlockSizeFetchToMem": 1715175102.9790082, "spark.memory.fraction": 0.6857914047318918, "spark.memory.offHeap.enabled": 0.545196895118376, "spark.memory.offHeap.size": 815.5180730907011, "spark.memory.storageFraction": 0.6746183026317341, "spark.rdd.compress": 0.6240448120293616, "spark.reducer.maxBlocksInFlightPerAddress": 1098666469.8746808, "spark.reducer.maxReqsInFlight": 1951343680.1438794, "spark.reducer.maxSizeInFlight": 44.506717344495144, "spark.scheduler.mode": 0.19488888204511412, "spark.scheduler.revive.interval": 580.8544698179321, "spark.shuffle.compress": 0.8170656553435356, "spark.shuffle.file.buffer": 24.924800542969983, "spark.shuffle.io.numConnectionsPerPeer": 4.999913124838706, "spark.shuffle.sort.bypassMergeThreshold": 280.975799209274, "spark.storage.memoryFraction": 0.775697565978519, "spark.storage.memoryMapThreshold": 3.046146636549274}, "datetime": {"datetime": "2022-02-01 03:30:23", "elapsed": 18335.604008, "delta": 162.162337}}
