{"target": -153.843, "params": {"spark.broadcast.blockSize": 51.58692537509369, "spark.broadcast.checksum": 0.46797942059757125, "spark.broadcast.compress": 0.727193877309024, "spark.default.parallelism": 268.2091611873421, "spark.executor.cores": 3.7712898893917908, "spark.executor.instances": 7.647784870165912, "spark.executor.memory": 4.589441834702793, "spark.executor.memoryOverhead": 449.50857483706375, "spark.kryoserializer.buffer": 122.61363694918495, "spark.kryoserializer.buffer.max": 41.30595816974983, "spark.locality.wait": 5.439100711340255, "spark.maxRemoteBlockSizeFetchToMem": 1840096906.3330479, "spark.memory.fraction": 0.8228895573991877, "spark.memory.offHeap.enabled": 0.4499816367244198, "spark.memory.offHeap.size": 655.110670714056, "spark.memory.storageFraction": 0.8865370119943404, "spark.rdd.compress": 0.3452664754154319, "spark.reducer.maxBlocksInFlightPerAddress": 1534639261.664825, "spark.reducer.maxReqsInFlight": 1903122325.7343307, "spark.reducer.maxSizeInFlight": 64.65530692615542, "spark.scheduler.mode": 0.2451779263749625, "spark.scheduler.revive.interval": 841.4047477993136, "spark.shuffle.compress": 0.299969487039917, "spark.shuffle.file.buffer": 33.57390559104675, "spark.shuffle.io.numConnectionsPerPeer": 3.5301181182839496, "spark.shuffle.sort.bypassMergeThreshold": 334.7550308161496, "spark.storage.memoryFraction": 0.6656716458663107, "spark.storage.memoryMapThreshold": 2.2377922335322777}, "datetime": {"datetime": "2022-02-01 12:55:29", "elapsed": 52241.403306, "delta": 163.051437}}
{"target": -150.995, "params": {"spark.broadcast.blockSize": 34.48137879310771, "spark.broadcast.checksum": 0.7165063394733635, "spark.broadcast.compress": 0.6239511164943689, "spark.default.parallelism": 226.26596583708638, "spark.executor.cores": 3.9994388722983962, "spark.executor.instances": 6.981594992637091, "spark.executor.memory": 6.3242310392399705, "spark.executor.memoryOverhead": 478.2524837744013, "spark.kryoserializer.buffer": 123.80824307073428, "spark.kryoserializer.buffer.max": 53.595298899463586, "spark.locality.wait": 5.053655541833722, "spark.maxRemoteBlockSizeFetchToMem": 1121800058.1656916, "spark.memory.fraction": 0.8146887329888968, "spark.memory.offHeap.enabled": 0.07994040086933185, "spark.memory.offHeap.size": 519.0235561860605, "spark.memory.storageFraction": 0.5821513041697453, "spark.rdd.compress": 0.03682383062964956, "spark.reducer.maxBlocksInFlightPerAddress": 1871410424.8997264, "spark.reducer.maxReqsInFlight": 1497705170.60917, "spark.reducer.maxSizeInFlight": 53.53657766418582, "spark.scheduler.mode": 0.7528825642881607, "spark.scheduler.revive.interval": 644.1970804886138, "spark.shuffle.compress": 0.055347044786444255, "spark.shuffle.file.buffer": 24.888981407440983, "spark.shuffle.io.numConnectionsPerPeer": 3.8091723788635035, "spark.shuffle.sort.bypassMergeThreshold": 306.38996795510855, "spark.storage.memoryFraction": 0.8492380992337816, "spark.storage.memoryMapThreshold": 3.608144925278492}, "datetime": {"datetime": "2022-02-01 12:58:09", "elapsed": 52401.698903, "delta": 160.295597}}
{"target": -155.4, "params": {"spark.broadcast.blockSize": 53.167433311113456, "spark.broadcast.checksum": 0.30691370712665866, "spark.broadcast.compress": 0.7657487608177025, "spark.default.parallelism": 237.43824529113755, "spark.executor.cores": 3.6334785414231585, "spark.executor.instances": 7.673458415034274, "spark.executor.memory": 4.333975979578332, "spark.executor.memoryOverhead": 506.64646796073504, "spark.kryoserializer.buffer": 36.492364338325004, "spark.kryoserializer.buffer.max": 75.73800475745037, "spark.locality.wait": 6.614381746467327, "spark.maxRemoteBlockSizeFetchToMem": 1688195273.2439814, "spark.memory.fraction": 0.7180293720759375, "spark.memory.offHeap.enabled": 0.0371786583994389, "spark.memory.offHeap.size": 737.0052784498039, "spark.memory.storageFraction": 0.7519879001573695, "spark.rdd.compress": 0.567591874216068, "spark.reducer.maxBlocksInFlightPerAddress": 1647018604.0707889, "spark.reducer.maxReqsInFlight": 1456332952.1737223, "spark.reducer.maxSizeInFlight": 36.728409274504244, "spark.scheduler.mode": 0.19655512390068042, "spark.scheduler.revive.interval": 696.4300981168467, "spark.shuffle.compress": 0.36282102698478214, "spark.shuffle.file.buffer": 47.29275506207101, "spark.shuffle.io.numConnectionsPerPeer": 4.408911382579844, "spark.shuffle.sort.bypassMergeThreshold": 306.15015808436345, "spark.storage.memoryFraction": 0.8154091908469359, "spark.storage.memoryMapThreshold": 1.7449840999242725}, "datetime": {"datetime": "2022-02-01 13:00:54", "elapsed": 52566.596971, "delta": 164.898068}}
{"target": -158.104, "params": {"spark.broadcast.blockSize": 43.5797777689702, "spark.broadcast.checksum": 0.8587822027106052, "spark.broadcast.compress": 0.6662897857166532, "spark.default.parallelism": 220.70421352246902, "spark.executor.cores": 3.693218858356897, "spark.executor.instances": 7.92842081110506, "spark.executor.memory": 3.9985918781617595, "spark.executor.memoryOverhead": 460.18781002732726, "spark.kryoserializer.buffer": 49.7268630606519, "spark.kryoserializer.buffer.max": 88.10969069508579, "spark.locality.wait": 4.264040616321463, "spark.maxRemoteBlockSizeFetchToMem": 1680160687.8782756, "spark.memory.fraction": 0.5856069016874099, "spark.memory.offHeap.enabled": 0.6952804800038488, "spark.memory.offHeap.size": 773.0084328572893, "spark.memory.storageFraction": 0.7409077107087829, "spark.rdd.compress": 0.7975122340203986, "spark.reducer.maxBlocksInFlightPerAddress": 1918069294.6056638, "spark.reducer.maxReqsInFlight": 1282421806.6085086, "spark.reducer.maxSizeInFlight": 60.90954656942023, "spark.scheduler.mode": 0.3812580122086755, "spark.scheduler.revive.interval": 565.0451795269987, "spark.shuffle.compress": 0.38736223784705703, "spark.shuffle.file.buffer": 22.90863439146405, "spark.shuffle.io.numConnectionsPerPeer": 4.620003218615781, "spark.shuffle.sort.bypassMergeThreshold": 316.0285015145753, "spark.storage.memoryFraction": 0.7661862714685306, "spark.storage.memoryMapThreshold": 2.466858787925708}, "datetime": {"datetime": "2022-02-01 13:03:41", "elapsed": 52733.707216, "delta": 167.110245}}
{"target": -173.342, "params": {"spark.broadcast.blockSize": 56.118352978344674, "spark.broadcast.checksum": 0.4709661759847179, "spark.broadcast.compress": 0.9156251938195575, "spark.default.parallelism": 231.1513380408478, "spark.executor.cores": 3.586722437484849, "spark.executor.instances": 6.4339574394667265, "spark.executor.memory": 6.0311720241955005, "spark.executor.memoryOverhead": 778.991178923088, "spark.kryoserializer.buffer": 74.59349734490537, "spark.kryoserializer.buffer.max": 65.32640785648103, "spark.locality.wait": 6.25448077445836, "spark.maxRemoteBlockSizeFetchToMem": 1477065627.4526181, "spark.memory.fraction": 0.7180136182953858, "spark.memory.offHeap.enabled": 0.35738094034338697, "spark.memory.offHeap.size": 810.9189738458781, "spark.memory.storageFraction": 0.7150279742855201, "spark.rdd.compress": 0.2660928451789958, "spark.reducer.maxBlocksInFlightPerAddress": 2032343188.7167616, "spark.reducer.maxReqsInFlight": 1366411146.728341, "spark.reducer.maxSizeInFlight": 62.50863512920274, "spark.scheduler.mode": 0.33388646412094647, "spark.scheduler.revive.interval": 527.8994329602366, "spark.shuffle.compress": 0.19819790362711887, "spark.shuffle.file.buffer": 44.04964604320807, "spark.shuffle.io.numConnectionsPerPeer": 4.750975094676085, "spark.shuffle.sort.bypassMergeThreshold": 307.91684531369623, "spark.storage.memoryFraction": 0.8938028344015894, "spark.storage.memoryMapThreshold": 3.6074858656200672}, "datetime": {"datetime": "2022-02-01 13:06:44", "elapsed": 52916.253988, "delta": 182.546772}}
{"target": -159.328, "params": {"spark.broadcast.blockSize": 49.34326415969362, "spark.broadcast.checksum": 0.5669651087443784, "spark.broadcast.compress": 0.3628333691299871, "spark.default.parallelism": 375.94280394314035, "spark.executor.cores": 3.7979464005006283, "spark.executor.instances": 7.572420179081314, "spark.executor.memory": 4.084310455931853, "spark.executor.memoryOverhead": 627.8353833576392, "spark.kryoserializer.buffer": 75.75081333514741, "spark.kryoserializer.buffer.max": 58.76958345133899, "spark.locality.wait": 6.358102895636664, "spark.maxRemoteBlockSizeFetchToMem": 2138226568.6100721, "spark.memory.fraction": 0.5189502203215386, "spark.memory.offHeap.enabled": 0.2564708669602338, "spark.memory.offHeap.size": 782.0845924305512, "spark.memory.storageFraction": 0.6155985868994565, "spark.rdd.compress": 0.4929958710132042, "spark.reducer.maxBlocksInFlightPerAddress": 1848622908.6428914, "spark.reducer.maxReqsInFlight": 1423503248.5078986, "spark.reducer.maxSizeInFlight": 25.008288358717923, "spark.scheduler.mode": 0.7079238028184307, "spark.scheduler.revive.interval": 500.46532801790903, "spark.shuffle.compress": 0.8891303014613735, "spark.shuffle.file.buffer": 23.724727172417047, "spark.shuffle.io.numConnectionsPerPeer": 4.241939357116165, "spark.shuffle.sort.bypassMergeThreshold": 262.75211050601496, "spark.storage.memoryFraction": 0.6991068863994798, "spark.storage.memoryMapThreshold": 3.506077648815983}, "datetime": {"datetime": "2022-02-01 13:09:33", "elapsed": 53085.57896, "delta": 169.324972}}
