{"target": -250.552, "params": {"spark.broadcast.blockSize": 63.08430031022837, "spark.broadcast.checksum": 0.8502666453540174, "spark.broadcast.compress": 0.0591417351953657, "spark.default.parallelism": 385.9268002257296, "spark.executor.cores": 2.383728341854159, "spark.executor.instances": 6.317549283123752, "spark.executor.memory": 5.351649999918353, "spark.executor.memoryOverhead": 404.0559405802424, "spark.kryoserializer.buffer": 124.58803251325453, "spark.kryoserializer.buffer.max": 115.89990597729555, "spark.locality.wait": 4.581946438150714, "spark.maxRemoteBlockSizeFetchToMem": 1943628797.381934, "spark.memory.fraction": 0.6462307144429641, "spark.memory.offHeap.enabled": 0.26786448426258924, "spark.memory.offHeap.size": 1007.850835043529, "spark.memory.storageFraction": 0.8741691407396613, "spark.rdd.compress": 0.9464658184002782, "spark.reducer.maxBlocksInFlightPerAddress": 1241605824.2095914, "spark.reducer.maxReqsInFlight": 1172783318.2875779, "spark.reducer.maxSizeInFlight": 31.58990182019285, "spark.scheduler.mode": 0.4905395343314496, "spark.scheduler.revive.interval": 574.9908000811342, "spark.shuffle.compress": 0.0037222914993053635, "spark.shuffle.file.buffer": 17.52740931932276, "spark.shuffle.io.numConnectionsPerPeer": 1.8150495766748298, "spark.shuffle.sort.bypassMergeThreshold": 304.2968590339166, "spark.storage.memoryFraction": 0.8248661256108152, "spark.storage.memoryMapThreshold": 2.9216311644129576}, "datetime": {"datetime": "2022-01-31 23:18:49", "elapsed": 3241.194392, "delta": 259.441617}}
{"target": -185.171, "params": {"spark.broadcast.blockSize": 55.225020971970665, "spark.broadcast.checksum": 0.11745618125195001, "spark.broadcast.compress": 0.11558379366078841, "spark.default.parallelism": 481.38350186987935, "spark.executor.cores": 3.7279768732928327, "spark.executor.instances": 7.452163962869456, "spark.executor.memory": 6.966721954253061, "spark.executor.memoryOverhead": 783.1170722311258, "spark.kryoserializer.buffer": 79.8889742996449, "spark.kryoserializer.buffer.max": 121.88422358534497, "spark.locality.wait": 8.000474475579967, "spark.maxRemoteBlockSizeFetchToMem": 2009222848.615335, "spark.memory.fraction": 0.6257820083021172, "spark.memory.offHeap.enabled": 0.9491669348708617, "spark.memory.offHeap.size": 523.6836644340589, "spark.memory.storageFraction": 0.8828059552426046, "spark.rdd.compress": 0.4678383152452227, "spark.reducer.maxBlocksInFlightPerAddress": 1256407042.2825768, "spark.reducer.maxReqsInFlight": 1962471924.347052, "spark.reducer.maxSizeInFlight": 69.08304140451634, "spark.scheduler.mode": 0.862442226254488, "spark.scheduler.revive.interval": 873.8620512740258, "spark.shuffle.compress": 0.6422363416929844, "spark.shuffle.file.buffer": 37.80298621801593, "spark.shuffle.io.numConnectionsPerPeer": 1.8991320021548428, "spark.shuffle.sort.bypassMergeThreshold": 222.720917214221, "spark.storage.memoryFraction": 0.8274847583385632, "spark.storage.memoryMapThreshold": 1.7459858783079416}, "datetime": {"datetime": "2022-01-31 23:22:02", "elapsed": 3435.031761, "delta": 193.837369}}
{"target": -177.015, "params": {"spark.broadcast.blockSize": 48.01528185823625, "spark.broadcast.checksum": 0.6693729483705216, "spark.broadcast.compress": 0.027489800790559182, "spark.default.parallelism": 481.5800903640205, "spark.executor.cores": 3.216249683616263, "spark.executor.instances": 7.792861340176046, "spark.executor.memory": 6.948228631761452, "spark.executor.memoryOverhead": 805.4525044280601, "spark.kryoserializer.buffer": 35.74482093814859, "spark.kryoserializer.buffer.max": 80.39946401307009, "spark.locality.wait": 9.363033743640951, "spark.maxRemoteBlockSizeFetchToMem": 2137933059.094952, "spark.memory.fraction": 0.5094235274399628, "spark.memory.offHeap.enabled": 0.9638876734590944, "spark.memory.offHeap.size": 820.1412236377298, "spark.memory.storageFraction": 0.7828029465128468, "spark.rdd.compress": 0.6463346437690803, "spark.reducer.maxBlocksInFlightPerAddress": 1782184028.1904094, "spark.reducer.maxReqsInFlight": 1592417687.4689865, "spark.reducer.maxSizeInFlight": 27.973118947051802, "spark.scheduler.mode": 0.8555497012635814, "spark.scheduler.revive.interval": 636.7511631487123, "spark.shuffle.compress": 0.39402911933979734, "spark.shuffle.file.buffer": 21.363758878484212, "spark.shuffle.io.numConnectionsPerPeer": 4.810144848417414, "spark.shuffle.sort.bypassMergeThreshold": 337.26020085614954, "spark.storage.memoryFraction": 0.7370468951684119, "spark.storage.memoryMapThreshold": 1.2340328057278271}, "datetime": {"datetime": "2022-01-31 23:25:08", "elapsed": 3620.903677, "delta": 185.871916}}
{"target": -183.603, "params": {"spark.broadcast.blockSize": 45.036886721771126, "spark.broadcast.checksum": 0.8682481961511181, "spark.broadcast.compress": 0.8552650499867234, "spark.default.parallelism": 425.1774906747565, "spark.executor.cores": 3.4227952647089674, "spark.executor.instances": 7.035654692174202, "spark.executor.memory": 5.848803671815843, "spark.executor.memoryOverhead": 756.8282972174903, "spark.kryoserializer.buffer": 33.44074892179795, "spark.kryoserializer.buffer.max": 120.60587852602673, "spark.locality.wait": 9.240637273307756, "spark.maxRemoteBlockSizeFetchToMem": 1705737406.9124808, "spark.memory.fraction": 0.5676996085087378, "spark.memory.offHeap.enabled": 0.8238915489829208, "spark.memory.offHeap.size": 657.3909135278838, "spark.memory.storageFraction": 0.8575383775882195, "spark.rdd.compress": 0.8286910528231597, "spark.reducer.maxBlocksInFlightPerAddress": 1483522762.7982974, "spark.reducer.maxReqsInFlight": 1280950312.9249501, "spark.reducer.maxSizeInFlight": 31.991879547083116, "spark.scheduler.mode": 0.5869080311924016, "spark.scheduler.revive.interval": 920.4080228955625, "spark.shuffle.compress": 0.14238306514936683, "spark.shuffle.file.buffer": 20.968509859588924, "spark.shuffle.io.numConnectionsPerPeer": 1.082031266876574, "spark.shuffle.sort.bypassMergeThreshold": 322.3262681956938, "spark.storage.memoryFraction": 0.7049826562282743, "spark.storage.memoryMapThreshold": 2.0463733783741334}, "datetime": {"datetime": "2022-01-31 23:28:21", "elapsed": 3813.281703, "delta": 192.378026}}
{"target": -222.085, "params": {"spark.broadcast.blockSize": 53.39870843348303, "spark.broadcast.checksum": 0.3582239204190486, "spark.broadcast.compress": 0.1865689644696341, "spark.default.parallelism": 455.4847046578486, "spark.executor.cores": 2.417399895039182, "spark.executor.instances": 7.912848056458715, "spark.executor.memory": 5.46060613076593, "spark.executor.memoryOverhead": 863.3014757045203, "spark.kryoserializer.buffer": 36.84494467852717, "spark.kryoserializer.buffer.max": 78.3277087033878, "spark.locality.wait": 4.869321828347425, "spark.maxRemoteBlockSizeFetchToMem": 1914929741.299296, "spark.memory.fraction": 0.6415464454357996, "spark.memory.offHeap.enabled": 0.9651635237126401, "spark.memory.offHeap.size": 862.6681431835557, "spark.memory.storageFraction": 0.8981910026136932, "spark.rdd.compress": 0.017218452638658177, "spark.reducer.maxBlocksInFlightPerAddress": 1307725385.7981594, "spark.reducer.maxReqsInFlight": 2080128426.7294464, "spark.reducer.maxSizeInFlight": 53.8138538813711, "spark.scheduler.mode": 0.4050646025485193, "spark.scheduler.revive.interval": 806.6030798785578, "spark.shuffle.compress": 0.977669805093133, "spark.shuffle.file.buffer": 16.542846956833046, "spark.shuffle.io.numConnectionsPerPeer": 4.641867670152916, "spark.shuffle.sort.bypassMergeThreshold": 339.433938342027, "spark.storage.memoryFraction": 0.8388241098356948, "spark.storage.memoryMapThreshold": 1.0738632680631062}, "datetime": {"datetime": "2022-01-31 23:32:11", "elapsed": 4044.025939, "delta": 230.744236}}
{"target": -160.735, "params": {"spark.broadcast.blockSize": 50.00340568247941, "spark.broadcast.checksum": 0.6133043577473887, "spark.broadcast.compress": 0.38209824977292517, "spark.default.parallelism": 471.30396716715995, "spark.executor.cores": 3.99176220173445, "spark.executor.instances": 7.6932902286107225, "spark.executor.memory": 6.840827528251719, "spark.executor.memoryOverhead": 630.8496286719633, "spark.kryoserializer.buffer": 48.7389671804999, "spark.kryoserializer.buffer.max": 37.45937926167311, "spark.locality.wait": 7.112123256546398, "spark.maxRemoteBlockSizeFetchToMem": 1284555591.482879, "spark.memory.fraction": 0.6334390685929631, "spark.memory.offHeap.enabled": 0.7061969397373147, "spark.memory.offHeap.size": 609.8334314951167, "spark.memory.storageFraction": 0.8496276209422949, "spark.rdd.compress": 0.9380683232524039, "spark.reducer.maxBlocksInFlightPerAddress": 1653814120.6793773, "spark.reducer.maxReqsInFlight": 1707857106.7033396, "spark.reducer.maxSizeInFlight": 36.24591993413856, "spark.scheduler.mode": 0.2999988736249988, "spark.scheduler.revive.interval": 553.5005957380951, "spark.shuffle.compress": 0.7310168213577272, "spark.shuffle.file.buffer": 19.663199240533224, "spark.shuffle.io.numConnectionsPerPeer": 2.4357103465202834, "spark.shuffle.sort.bypassMergeThreshold": 184.53689329186088, "spark.storage.memoryFraction": 0.575137417823976, "spark.storage.memoryMapThreshold": 2.368964614186753}, "datetime": {"datetime": "2022-01-31 23:35:01", "elapsed": 4213.4368, "delta": 169.410861}}
{"target": -160.237, "params": {"spark.broadcast.blockSize": 47.32719456378841, "spark.broadcast.checksum": 0.8606789774561856, "spark.broadcast.compress": 0.033120913519093076, "spark.default.parallelism": 471.6805353904425, "spark.executor.cores": 3.6004984014357286, "spark.executor.instances": 7.258016013354118, "spark.executor.memory": 6.591296195055935, "spark.executor.memoryOverhead": 614.8013360290979, "spark.kryoserializer.buffer": 126.93394622821404, "spark.kryoserializer.buffer.max": 104.46492581316892, "spark.locality.wait": 8.029265862745637, "spark.maxRemoteBlockSizeFetchToMem": 1730887176.91537, "spark.memory.fraction": 0.6494833243253917, "spark.memory.offHeap.enabled": 0.858885795244835, "spark.memory.offHeap.size": 641.4752679810626, "spark.memory.storageFraction": 0.7391919440041439, "spark.rdd.compress": 0.694035580463733, "spark.reducer.maxBlocksInFlightPerAddress": 1436683803.8786092, "spark.reducer.maxReqsInFlight": 2144624368.799098, "spark.reducer.maxSizeInFlight": 41.032508586049346, "spark.scheduler.mode": 0.06936732609877783, "spark.scheduler.revive.interval": 685.7829879384565, "spark.shuffle.compress": 0.5858662980361647, "spark.shuffle.file.buffer": 20.118726484517296, "spark.shuffle.io.numConnectionsPerPeer": 2.558998224753131, "spark.shuffle.sort.bypassMergeThreshold": 195.74617511799374, "spark.storage.memoryFraction": 0.6691983416405511, "spark.storage.memoryMapThreshold": 1.6540949905722484}, "datetime": {"datetime": "2022-01-31 23:37:50", "elapsed": 4382.757502, "delta": 169.320702}}
{"target": -184.369, "params": {"spark.broadcast.blockSize": 40.9511955630802, "spark.broadcast.checksum": 0.2884327083951006, "spark.broadcast.compress": 0.45337898089555684, "spark.default.parallelism": 461.5178154959705, "spark.executor.cores": 2.813512614488527, "spark.executor.instances": 7.983116066434931, "spark.executor.memory": 6.839944100521257, "spark.executor.memoryOverhead": 642.4628386418501, "spark.kryoserializer.buffer": 96.83442819806285, "spark.kryoserializer.buffer.max": 94.03630001090771, "spark.locality.wait": 8.635249544657377, "spark.maxRemoteBlockSizeFetchToMem": 1263073504.1215086, "spark.memory.fraction": 0.7275756401008668, "spark.memory.offHeap.enabled": 0.9660934501851504, "spark.memory.offHeap.size": 681.9877284274226, "spark.memory.storageFraction": 0.8301039291905745, "spark.rdd.compress": 0.7425445612532535, "spark.reducer.maxBlocksInFlightPerAddress": 2136406231.0783625, "spark.reducer.maxReqsInFlight": 2147143855.9031997, "spark.reducer.maxSizeInFlight": 32.37161085653978, "spark.scheduler.mode": 0.12893210323322168, "spark.scheduler.revive.interval": 790.1465301464832, "spark.shuffle.compress": 0.7765261600516843, "spark.shuffle.file.buffer": 17.8268322812921, "spark.shuffle.io.numConnectionsPerPeer": 4.174593157514142, "spark.shuffle.sort.bypassMergeThreshold": 305.0640439421148, "spark.storage.memoryFraction": 0.5863138948864905, "spark.storage.memoryMapThreshold": 2.768844369507077}, "datetime": {"datetime": "2022-01-31 23:41:03", "elapsed": 4575.880552, "delta": 193.12305}}
{"target": -174.056, "params": {"spark.broadcast.blockSize": 61.708315437402824, "spark.broadcast.checksum": 0.896113340247701, "spark.broadcast.compress": 0.6397855382412321, "spark.default.parallelism": 466.24239780971385, "spark.executor.cores": 3.4941279294913246, "spark.executor.instances": 6.733372435040828, "spark.executor.memory": 6.929255747661974, "spark.executor.memoryOverhead": 799.1489920208883, "spark.kryoserializer.buffer": 73.11390821753335, "spark.kryoserializer.buffer.max": 124.6408057612511, "spark.locality.wait": 4.540121316223545, "spark.maxRemoteBlockSizeFetchToMem": 1273919161.9499598, "spark.memory.fraction": 0.5111933691287608, "spark.memory.offHeap.enabled": 0.8384642825095362, "spark.memory.offHeap.size": 770.0848090791166, "spark.memory.storageFraction": 0.6402538416069075, "spark.rdd.compress": 0.8003496331144907, "spark.reducer.maxBlocksInFlightPerAddress": 1935241468.2302325, "spark.reducer.maxReqsInFlight": 1455001214.123032, "spark.reducer.maxSizeInFlight": 39.54662115574187, "spark.scheduler.mode": 0.3697674891718843, "spark.scheduler.revive.interval": 932.0674622424119, "spark.shuffle.compress": 0.10396852357098041, "spark.shuffle.file.buffer": 21.311743513444718, "spark.shuffle.io.numConnectionsPerPeer": 3.39189513229939, "spark.shuffle.sort.bypassMergeThreshold": 210.96720080622666, "spark.storage.memoryFraction": 0.6738814449738232, "spark.storage.memoryMapThreshold": 1.9373686175440041}, "datetime": {"datetime": "2022-01-31 23:44:06", "elapsed": 4758.786408, "delta": 182.905856}}
{"target": -218.06, "params": {"spark.broadcast.blockSize": 59.12977910696888, "spark.broadcast.checksum": 0.7571858775265708, "spark.broadcast.compress": 0.3412150567014911, "spark.default.parallelism": 485.9785800731208, "spark.executor.cores": 3.2634022028526513, "spark.executor.instances": 7.334378691036682, "spark.executor.memory": 5.533581875272857, "spark.executor.memoryOverhead": 827.6933922126136, "spark.kryoserializer.buffer": 73.95120354251887, "spark.kryoserializer.buffer.max": 100.97872442312107, "spark.locality.wait": 9.122019718519113, "spark.maxRemoteBlockSizeFetchToMem": 1197273134.6122391, "spark.memory.fraction": 0.7723089980808431, "spark.memory.offHeap.enabled": 0.9249464257895479, "spark.memory.offHeap.size": 720.7314430319366, "spark.memory.storageFraction": 0.7322892377676595, "spark.rdd.compress": 0.99054416599926, "spark.reducer.maxBlocksInFlightPerAddress": 1681711992.1815195, "spark.reducer.maxReqsInFlight": 1915242965.762995, "spark.reducer.maxSizeInFlight": 65.71193942479965, "spark.scheduler.mode": 0.3404898882533629, "spark.scheduler.revive.interval": 889.4915146806004, "spark.shuffle.compress": 0.3706397661524796, "spark.shuffle.file.buffer": 23.267700157398625, "spark.shuffle.io.numConnectionsPerPeer": 1.634391232033511, "spark.shuffle.sort.bypassMergeThreshold": 155.00741969235764, "spark.storage.memoryFraction": 0.8939831191004053, "spark.storage.memoryMapThreshold": 1.6626487873964437}, "datetime": {"datetime": "2022-01-31 23:47:53", "elapsed": 4985.862745, "delta": 227.076337}}
{"target": -164.252, "params": {"spark.broadcast.blockSize": 34.94327363343536, "spark.broadcast.checksum": 0.7055681677018381, "spark.broadcast.compress": 0.2827952938199765, "spark.default.parallelism": 490.6925988461945, "spark.executor.cores": 3.5026414198123637, "spark.executor.instances": 7.425510905817367, "spark.executor.memory": 6.002001905006166, "spark.executor.memoryOverhead": 532.5506136152427, "spark.kryoserializer.buffer": 42.212433524120826, "spark.kryoserializer.buffer.max": 112.32122754696121, "spark.locality.wait": 5.552752975954567, "spark.maxRemoteBlockSizeFetchToMem": 1606614933.7143328, "spark.memory.fraction": 0.8741139180155604, "spark.memory.offHeap.enabled": 0.8240882721140869, "spark.memory.offHeap.size": 578.0697856197605, "spark.memory.storageFraction": 0.8581674521076201, "spark.rdd.compress": 0.7673834322166813, "spark.reducer.maxBlocksInFlightPerAddress": 1615424272.3044877, "spark.reducer.maxReqsInFlight": 1697866681.2327967, "spark.reducer.maxSizeInFlight": 28.09971469670765, "spark.scheduler.mode": 0.7979143013845786, "spark.scheduler.revive.interval": 554.1010515821841, "spark.shuffle.compress": 0.8650342554499527, "spark.shuffle.file.buffer": 17.753982605331867, "spark.shuffle.io.numConnectionsPerPeer": 2.3227129380487743, "spark.shuffle.sort.bypassMergeThreshold": 205.97259731472855, "spark.storage.memoryFraction": 0.7883217358587848, "spark.storage.memoryMapThreshold": 2.376993807778305}, "datetime": {"datetime": "2022-01-31 23:50:46", "elapsed": 5159.015158, "delta": 173.152413}}
{"target": -197.515, "params": {"spark.broadcast.blockSize": 49.18754140022526, "spark.broadcast.checksum": 0.7158410897927674, "spark.broadcast.compress": 0.5426931796793268, "spark.default.parallelism": 471.21314047309966, "spark.executor.cores": 3.494216412583767, "spark.executor.instances": 7.072413089899772, "spark.executor.memory": 5.49343119812725, "spark.executor.memoryOverhead": 622.7156210038305, "spark.kryoserializer.buffer": 113.28425328694945, "spark.kryoserializer.buffer.max": 124.58898881024074, "spark.locality.wait": 4.204294465919211, "spark.maxRemoteBlockSizeFetchToMem": 1867391142.3886995, "spark.memory.fraction": 0.7227589163492032, "spark.memory.offHeap.enabled": 0.7258454851348521, "spark.memory.offHeap.size": 581.2395059167311, "spark.memory.storageFraction": 0.5596994852654493, "spark.rdd.compress": 0.8381036792256721, "spark.reducer.maxBlocksInFlightPerAddress": 1831896761.3720229, "spark.reducer.maxReqsInFlight": 1491225325.3684535, "spark.reducer.maxSizeInFlight": 30.689683738206906, "spark.scheduler.mode": 0.33934848496578685, "spark.scheduler.revive.interval": 664.3586882071379, "spark.shuffle.compress": 0.4499163813784083, "spark.shuffle.file.buffer": 19.559242788139002, "spark.shuffle.io.numConnectionsPerPeer": 3.772111063790302, "spark.shuffle.sort.bypassMergeThreshold": 216.6790728933405, "spark.storage.memoryFraction": 0.6259933315859769, "spark.storage.memoryMapThreshold": 2.6361041413363084}, "datetime": {"datetime": "2022-01-31 23:54:13", "elapsed": 5365.408133, "delta": 206.392975}}
{"target": -162.865, "params": {"spark.broadcast.blockSize": 45.119860299565715, "spark.broadcast.checksum": 0.844346316444868, "spark.broadcast.compress": 0.5890539976905645, "spark.default.parallelism": 497.02289006750124, "spark.executor.cores": 3.781763693520558, "spark.executor.instances": 6.944402894856584, "spark.executor.memory": 6.083288312217517, "spark.executor.memoryOverhead": 429.8904535093527, "spark.kryoserializer.buffer": 56.04416308708787, "spark.kryoserializer.buffer.max": 65.77639139858861, "spark.locality.wait": 5.579366732840359, "spark.maxRemoteBlockSizeFetchToMem": 1537338506.213709, "spark.memory.fraction": 0.5054778940354314, "spark.memory.offHeap.enabled": 0.64138132059905, "spark.memory.offHeap.size": 841.4017187692477, "spark.memory.storageFraction": 0.8373860186602022, "spark.rdd.compress": 0.6246422590840208, "spark.reducer.maxBlocksInFlightPerAddress": 1679177458.4594462, "spark.reducer.maxReqsInFlight": 1932303149.4852984, "spark.reducer.maxSizeInFlight": 40.05813718340704, "spark.scheduler.mode": 0.5945733927479904, "spark.scheduler.revive.interval": 615.2679769893535, "spark.shuffle.compress": 0.5858328433167164, "spark.shuffle.file.buffer": 21.781196821077184, "spark.shuffle.io.numConnectionsPerPeer": 2.035565855674566, "spark.shuffle.sort.bypassMergeThreshold": 291.39472720107483, "spark.storage.memoryFraction": 0.5268436364788784, "spark.storage.memoryMapThreshold": 1.6464535118015406}, "datetime": {"datetime": "2022-01-31 23:57:05", "elapsed": 5537.265394, "delta": 171.857261}}
{"target": -162.137, "params": {"spark.broadcast.blockSize": 48.575187926956936, "spark.broadcast.checksum": 0.8804224599162315, "spark.broadcast.compress": 0.7936770272241217, "spark.default.parallelism": 495.9512509762362, "spark.executor.cores": 3.5828136056902777, "spark.executor.instances": 7.728047711089413, "spark.executor.memory": 6.142739922332806, "spark.executor.memoryOverhead": 775.1857765743177, "spark.kryoserializer.buffer": 91.66482434816439, "spark.kryoserializer.buffer.max": 82.79927333814783, "spark.locality.wait": 5.880300332223258, "spark.maxRemoteBlockSizeFetchToMem": 1397096149.4518719, "spark.memory.fraction": 0.5973489676935587, "spark.memory.offHeap.enabled": 0.5802346537056884, "spark.memory.offHeap.size": 880.0928258754809, "spark.memory.storageFraction": 0.8028273648759822, "spark.rdd.compress": 0.07604142964246097, "spark.reducer.maxBlocksInFlightPerAddress": 2061129006.5844676, "spark.reducer.maxReqsInFlight": 1946908503.1849961, "spark.reducer.maxSizeInFlight": 25.448924372531124, "spark.scheduler.mode": 0.9478365060156139, "spark.scheduler.revive.interval": 651.217130029534, "spark.shuffle.compress": 0.5626358721669893, "spark.shuffle.file.buffer": 32.4812641562856, "spark.shuffle.io.numConnectionsPerPeer": 1.2014015218431937, "spark.shuffle.sort.bypassMergeThreshold": 221.90182770446074, "spark.storage.memoryFraction": 0.6179230903680022, "spark.storage.memoryMapThreshold": 2.0383201039455976}, "datetime": {"datetime": "2022-01-31 23:59:56", "elapsed": 5708.319523, "delta": 171.054129}}
