{"target": -161.967, "params": {"spark.broadcast.blockSize": 58.081413128667414, "spark.broadcast.checksum": 0.05903145927650488, "spark.broadcast.compress": 0.29083448044904636, "spark.default.parallelism": 400.30870829276455, "spark.executor.cores": 3.5607670582046986, "spark.executor.instances": 7.461437743046359, "spark.executor.memory": 5.200233207775801, "spark.executor.memoryOverhead": 498.9044089105312, "spark.kryoserializer.buffer": 69.85532260161257, "spark.kryoserializer.buffer.max": 69.34519227722598, "spark.locality.wait": 8.441406360570362, "spark.maxRemoteBlockSizeFetchToMem": 1153852176.9545624, "spark.memory.fraction": 0.6158665758222228, "spark.memory.offHeap.enabled": 0.45446377008427186, "spark.memory.offHeap.size": 665.0553126841644, "spark.memory.storageFraction": 0.6747456380233355, "spark.rdd.compress": 0.2865364997452343, "spark.reducer.maxBlocksInFlightPerAddress": 2142742816.5782053, "spark.reducer.maxReqsInFlight": 1485969803.5857968, "spark.reducer.maxSizeInFlight": 32.005734099116445, "spark.scheduler.mode": 0.5247189927486398, "spark.scheduler.revive.interval": 628.49036649319, "spark.shuffle.compress": 0.6102997282068654, "spark.shuffle.file.buffer": 21.60037736611278, "spark.shuffle.io.numConnectionsPerPeer": 3.730279877697108, "spark.shuffle.sort.bypassMergeThreshold": 281.35276570324845, "spark.storage.memoryFraction": 0.8261542932667066, "spark.storage.memoryMapThreshold": 2.9799643510780904}, "datetime": {"datetime": "2022-02-01 01:29:50", "elapsed": 11102.107563, "delta": 170.699569}}
{"target": -187.88, "params": {"spark.broadcast.blockSize": 62.55143301851591, "spark.broadcast.checksum": 0.430232651454137, "spark.broadcast.compress": 0.7947987754497422, "spark.default.parallelism": 431.0395904371609, "spark.executor.cores": 3.1055562216368218, "spark.executor.instances": 7.284146818050809, "spark.executor.memory": 5.593243316998361, "spark.executor.memoryOverhead": 557.236702728899, "spark.kryoserializer.buffer": 55.986007915339925, "spark.kryoserializer.buffer.max": 42.69042091783722, "spark.locality.wait": 6.2656889278480845, "spark.maxRemoteBlockSizeFetchToMem": 1193872371.7198143, "spark.memory.fraction": 0.5254880416715761, "spark.memory.offHeap.enabled": 0.6229788889724445, "spark.memory.offHeap.size": 836.4644085264849, "spark.memory.storageFraction": 0.8847067871614267, "spark.rdd.compress": 0.15817122821144858, "spark.reducer.maxBlocksInFlightPerAddress": 2136409100.9357939, "spark.reducer.maxReqsInFlight": 1890368874.093227, "spark.reducer.maxSizeInFlight": 45.21220919069894, "spark.scheduler.mode": 0.9033422097019597, "spark.scheduler.revive.interval": 601.5392131299936, "spark.shuffle.compress": 0.6768946916895682, "spark.shuffle.file.buffer": 39.857350568437546, "spark.shuffle.io.numConnectionsPerPeer": 3.026961459077195, "spark.shuffle.sort.bypassMergeThreshold": 221.25693425489456, "spark.storage.memoryFraction": 0.8024738102350624, "spark.storage.memoryMapThreshold": 3.233443245255216}, "datetime": {"datetime": "2022-02-01 01:33:06", "elapsed": 11298.71857, "delta": 196.611007}}
{"target": -156.076, "params": {"spark.broadcast.blockSize": 47.54272244073953, "spark.broadcast.checksum": 0.6509632780119119, "spark.broadcast.compress": 0.6509582786042634, "spark.default.parallelism": 487.4385160204786, "spark.executor.cores": 3.588221470481227, "spark.executor.instances": 7.86287948246166, "spark.executor.memory": 5.37694527072181, "spark.executor.memoryOverhead": 492.0728679343666, "spark.kryoserializer.buffer": 59.47652889359376, "spark.kryoserializer.buffer.max": 55.321039375720915, "spark.locality.wait": 4.026343696500946, "spark.maxRemoteBlockSizeFetchToMem": 1642089856.309429, "spark.memory.fraction": 0.5167787575768898, "spark.memory.offHeap.enabled": 0.550137591576095, "spark.memory.offHeap.size": 609.3891403177806, "spark.memory.storageFraction": 0.8801931510425524, "spark.rdd.compress": 0.2807642705791634, "spark.reducer.maxBlocksInFlightPerAddress": 2139569578.233737, "spark.reducer.maxReqsInFlight": 1817963947.7413523, "spark.reducer.maxSizeInFlight": 35.83956270017052, "spark.scheduler.mode": 0.2251736102813654, "spark.scheduler.revive.interval": 621.074940398943, "spark.shuffle.compress": 0.8432889444201835, "spark.shuffle.file.buffer": 38.17263419151038, "spark.shuffle.io.numConnectionsPerPeer": 2.1575789820753246, "spark.shuffle.sort.bypassMergeThreshold": 319.4224992476837, "spark.storage.memoryFraction": 0.5211590774790169, "spark.storage.memoryMapThreshold": 1.8044133687595276}, "datetime": {"datetime": "2022-02-01 01:35:51", "elapsed": 11463.689109, "delta": 164.970539}}
{"target": -194.65, "params": {"spark.broadcast.blockSize": 57.99461658106861, "spark.broadcast.checksum": 0.1589840428405468, "spark.broadcast.compress": 0.1373278534047323, "spark.default.parallelism": 317.6180740556946, "spark.executor.cores": 3.6764603134361615, "spark.executor.instances": 7.26750197423985, "spark.executor.memory": 5.877314189702972, "spark.executor.memoryOverhead": 708.5132960801247, "spark.kryoserializer.buffer": 104.88240753565708, "spark.kryoserializer.buffer.max": 79.55447151630464, "spark.locality.wait": 4.584647871414196, "spark.maxRemoteBlockSizeFetchToMem": 1271340947.2521896, "spark.memory.fraction": 0.513288930701371, "spark.memory.offHeap.enabled": 0.7803286077888849, "spark.memory.offHeap.size": 578.8544158910995, "spark.memory.storageFraction": 0.7012041026240718, "spark.rdd.compress": 0.28622430147542877, "spark.reducer.maxBlocksInFlightPerAddress": 1914316363.3898466, "spark.reducer.maxReqsInFlight": 1695785027.7550976, "spark.reducer.maxSizeInFlight": 32.59385465027508, "spark.scheduler.mode": 0.9908732632269546, "spark.scheduler.revive.interval": 586.1735691615255, "spark.shuffle.compress": 0.9070487943092421, "spark.shuffle.file.buffer": 27.506295712463558, "spark.shuffle.io.numConnectionsPerPeer": 2.079304337185021, "spark.shuffle.sort.bypassMergeThreshold": 261.53948460830327, "spark.storage.memoryFraction": 0.8655062147494805, "spark.storage.memoryMapThreshold": 2.9940075242585587}, "datetime": {"datetime": "2022-02-01 01:39:15", "elapsed": 11667.423446, "delta": 203.734337}}
{"target": -159.262, "params": {"spark.broadcast.blockSize": 35.53323425351438, "spark.broadcast.checksum": 0.6534670768351662, "spark.broadcast.compress": 0.49587204489185843, "spark.default.parallelism": 304.52693144157786, "spark.executor.cores": 3.9201902395191937, "spark.executor.instances": 7.960158871022951, "spark.executor.memory": 3.7197546313415426, "spark.executor.memoryOverhead": 422.71502628140786, "spark.kryoserializer.buffer": 73.92605744542676, "spark.kryoserializer.buffer.max": 70.33207567769298, "spark.locality.wait": 8.104264315695861, "spark.maxRemoteBlockSizeFetchToMem": 1873389562.6188483, "spark.memory.fraction": 0.5159966107049208, "spark.memory.offHeap.enabled": 0.3924185151013254, "spark.memory.offHeap.size": 604.6755193807074, "spark.memory.storageFraction": 0.8242802698319698, "spark.rdd.compress": 0.3629174730679078, "spark.reducer.maxBlocksInFlightPerAddress": 2121972136.4528859, "spark.reducer.maxReqsInFlight": 1968136591.1677127, "spark.reducer.maxSizeInFlight": 33.34597019478929, "spark.scheduler.mode": 0.8405310554549003, "spark.scheduler.revive.interval": 682.9561198791885, "spark.shuffle.compress": 0.6262765408465275, "spark.shuffle.file.buffer": 27.221498066254046, "spark.shuffle.io.numConnectionsPerPeer": 3.953649216003984, "spark.shuffle.sort.bypassMergeThreshold": 342.22410293397763, "spark.storage.memoryFraction": 0.5563888456208251, "spark.storage.memoryMapThreshold": 3.9530970997603654}, "datetime": {"datetime": "2022-02-01 01:42:03", "elapsed": 11835.858858, "delta": 168.435412}}
{"target": -182.831, "params": {"spark.broadcast.blockSize": 55.85520144616329, "spark.broadcast.checksum": 0.19241076792606893, "spark.broadcast.compress": 0.8756808022836837, "spark.default.parallelism": 469.78650859944065, "spark.executor.cores": 3.225899464550175, "spark.executor.instances": 7.897800606421338, "spark.executor.memory": 6.831298199596549, "spark.executor.memoryOverhead": 486.1720994802839, "spark.kryoserializer.buffer": 51.904938075396146, "spark.kryoserializer.buffer.max": 101.36009567826446, "spark.locality.wait": 6.175181727005013, "spark.maxRemoteBlockSizeFetchToMem": 1774609122.6936183, "spark.memory.fraction": 0.5008348113657188, "spark.memory.offHeap.enabled": 0.020906005854283594, "spark.memory.offHeap.size": 820.4433427523014, "spark.memory.storageFraction": 0.7249970314212671, "spark.rdd.compress": 0.611959031277356, "spark.reducer.maxBlocksInFlightPerAddress": 2110225943.7508307, "spark.reducer.maxReqsInFlight": 1824365720.0082073, "spark.reducer.maxSizeInFlight": 40.70597565456782, "spark.scheduler.mode": 0.9385062182507977, "spark.scheduler.revive.interval": 786.2516223054752, "spark.shuffle.compress": 0.6389498852595167, "spark.shuffle.file.buffer": 46.77364679104775, "spark.shuffle.io.numConnectionsPerPeer": 3.6415449033539016, "spark.shuffle.sort.bypassMergeThreshold": 217.3547371473153, "spark.storage.memoryFraction": 0.5012223576431047, "spark.storage.memoryMapThreshold": 3.554462867555791}, "datetime": {"datetime": "2022-02-01 01:45:15", "elapsed": 12027.608108, "delta": 191.74925}}
{"target": -157.294, "params": {"spark.broadcast.blockSize": 62.8999534133519, "spark.broadcast.checksum": 0.32863726501786317, "spark.broadcast.compress": 0.8263697672617937, "spark.default.parallelism": 357.5564362042202, "spark.executor.cores": 3.9975851715255404, "spark.executor.instances": 6.774105799755839, "spark.executor.memory": 5.838009752270887, "spark.executor.memoryOverhead": 408.37072413410016, "spark.kryoserializer.buffer": 85.29319557607906, "spark.kryoserializer.buffer.max": 79.03820442615489, "spark.locality.wait": 9.041494603981509, "spark.maxRemoteBlockSizeFetchToMem": 2039004362.7147336, "spark.memory.fraction": 0.5413459704081189, "spark.memory.offHeap.enabled": 0.3348816139142874, "spark.memory.offHeap.size": 701.5750329629093, "spark.memory.storageFraction": 0.8312044162969174, "spark.rdd.compress": 0.6185616488863616, "spark.reducer.maxBlocksInFlightPerAddress": 1934508666.0260272, "spark.reducer.maxReqsInFlight": 1637265501.2052526, "spark.reducer.maxSizeInFlight": 25.371072553839625, "spark.scheduler.mode": 0.7280644329093496, "spark.scheduler.revive.interval": 591.8468052446468, "spark.shuffle.compress": 0.564698300491379, "spark.shuffle.file.buffer": 27.701606335836175, "spark.shuffle.io.numConnectionsPerPeer": 2.6196466863589767, "spark.shuffle.sort.bypassMergeThreshold": 258.8820589575897, "spark.storage.memoryFraction": 0.5727041459869835, "spark.storage.memoryMapThreshold": 3.766933239249348}, "datetime": {"datetime": "2022-02-01 01:48:01", "elapsed": 12193.71413, "delta": 166.106022}}
{"target": -160.385, "params": {"spark.broadcast.blockSize": 54.994480052484136, "spark.broadcast.checksum": 0.8450954446976464, "spark.broadcast.compress": 0.25559878734408403, "spark.default.parallelism": 461.68794943370295, "spark.executor.cores": 3.917543739083756, "spark.executor.instances": 7.743340826063145, "spark.executor.memory": 4.736711214532945, "spark.executor.memoryOverhead": 392.90466012533176, "spark.kryoserializer.buffer": 43.221001493728785, "spark.kryoserializer.buffer.max": 35.780263387680606, "spark.locality.wait": 6.432352347785249, "spark.maxRemoteBlockSizeFetchToMem": 1264672501.6940641, "spark.memory.fraction": 0.5680756809038313, "spark.memory.offHeap.enabled": 0.07703884046652187, "spark.memory.offHeap.size": 654.654699362792, "spark.memory.storageFraction": 0.7415794101521755, "spark.rdd.compress": 0.20386191141789556, "spark.reducer.maxBlocksInFlightPerAddress": 1967514195.3575773, "spark.reducer.maxReqsInFlight": 1591485114.90609, "spark.reducer.maxSizeInFlight": 30.49399312548349, "spark.scheduler.mode": 0.7305423656283655, "spark.scheduler.revive.interval": 658.3972433116604, "spark.shuffle.compress": 0.2799949949700822, "spark.shuffle.file.buffer": 38.505023719472675, "spark.shuffle.io.numConnectionsPerPeer": 4.074805640368359, "spark.shuffle.sort.bypassMergeThreshold": 246.63971760957742, "spark.storage.memoryFraction": 0.8210660021880176, "spark.storage.memoryMapThreshold": 3.121039071449167}, "datetime": {"datetime": "2022-02-01 01:50:50", "elapsed": 12363.034076, "delta": 169.319946}}
{"target": -154.577, "params": {"spark.broadcast.blockSize": 52.84987976667, "spark.broadcast.checksum": 0.5015495432321405, "spark.broadcast.compress": 0.444590788666274, "spark.default.parallelism": 465.3038284388503, "spark.executor.cores": 3.868797375837983, "spark.executor.instances": 7.701709111984805, "spark.executor.memory": 5.975136829750452, "spark.executor.memoryOverhead": 706.7548309447, "spark.kryoserializer.buffer": 77.65617654480172, "spark.kryoserializer.buffer.max": 67.37653036036983, "spark.locality.wait": 6.983742748760164, "spark.maxRemoteBlockSizeFetchToMem": 1743775696.9484165, "spark.memory.fraction": 0.5996372360077995, "spark.memory.offHeap.enabled": 0.4310050708679062, "spark.memory.offHeap.size": 673.4490157247654, "spark.memory.storageFraction": 0.7691421179274645, "spark.rdd.compress": 0.5797376643497347, "spark.reducer.maxBlocksInFlightPerAddress": 1852222211.2509608, "spark.reducer.maxReqsInFlight": 2013308085.4739022, "spark.reducer.maxSizeInFlight": 54.62295432361541, "spark.scheduler.mode": 0.755115291827518, "spark.scheduler.revive.interval": 623.158984856626, "spark.shuffle.compress": 0.9440874482772764, "spark.shuffle.file.buffer": 23.66669500283202, "spark.shuffle.io.numConnectionsPerPeer": 4.529546028377236, "spark.shuffle.sort.bypassMergeThreshold": 310.64841917723965, "spark.storage.memoryFraction": 0.5104691096955583, "spark.storage.memoryMapThreshold": 3.92509531860122}, "datetime": {"datetime": "2022-02-01 01:53:34", "elapsed": 12526.666039, "delta": 163.631963}}
{"target": -162.235, "params": {"spark.broadcast.blockSize": 58.423433188220244, "spark.broadcast.checksum": 0.883010956267031, "spark.broadcast.compress": 0.5460852560291747, "spark.default.parallelism": 293.29969005609473, "spark.executor.cores": 3.992526720606068, "spark.executor.instances": 7.004035118164477, "spark.executor.memory": 6.662927665151672, "spark.executor.memoryOverhead": 550.7428998456608, "spark.kryoserializer.buffer": 95.45411383080956, "spark.kryoserializer.buffer.max": 105.27846007304059, "spark.locality.wait": 8.39751668039578, "spark.maxRemoteBlockSizeFetchToMem": 1562667250.0001254, "spark.memory.fraction": 0.6452946320070772, "spark.memory.offHeap.enabled": 0.45026683027129355, "spark.memory.offHeap.size": 670.2390187031847, "spark.memory.storageFraction": 0.7547758742381625, "spark.rdd.compress": 0.9546945994391933, "spark.reducer.maxBlocksInFlightPerAddress": 1997590715.918119, "spark.reducer.maxReqsInFlight": 1368674553.5175643, "spark.reducer.maxSizeInFlight": 57.27684344081964, "spark.scheduler.mode": 0.5555263671507745, "spark.scheduler.revive.interval": 774.7200875343292, "spark.shuffle.compress": 0.5010175439640557, "spark.shuffle.file.buffer": 16.55444203551965, "spark.shuffle.io.numConnectionsPerPeer": 3.7127425370513447, "spark.shuffle.sort.bypassMergeThreshold": 312.39870404476375, "spark.storage.memoryFraction": 0.6485625940809211, "spark.storage.memoryMapThreshold": 3.173124519925236}, "datetime": {"datetime": "2022-02-01 01:56:25", "elapsed": 12698.032965, "delta": 171.366926}}
{"target": -166.266, "params": {"spark.broadcast.blockSize": 47.101248097998834, "spark.broadcast.checksum": 0.27574446597716884, "spark.broadcast.compress": 0.6173317383948456, "spark.default.parallelism": 354.3593061778571, "spark.executor.cores": 3.2501039380320145, "spark.executor.instances": 7.559271827636355, "spark.executor.memory": 5.953167710544801, "spark.executor.memoryOverhead": 404.495290499366, "spark.kryoserializer.buffer": 71.14543797216385, "spark.kryoserializer.buffer.max": 53.22972322159184, "spark.locality.wait": 7.686818160347479, "spark.maxRemoteBlockSizeFetchToMem": 1785438798.0939007, "spark.memory.fraction": 0.6594814394118427, "spark.memory.offHeap.enabled": 0.18940472519642404, "spark.memory.offHeap.size": 681.4494157891495, "spark.memory.storageFraction": 0.6766170207492638, "spark.rdd.compress": 0.8026233097345896, "spark.reducer.maxBlocksInFlightPerAddress": 2122018576.4140868, "spark.reducer.maxReqsInFlight": 1356713502.8376327, "spark.reducer.maxSizeInFlight": 38.77194746163125, "spark.scheduler.mode": 0.408387002186714, "spark.scheduler.revive.interval": 585.676770104879, "spark.shuffle.compress": 0.43617031637297854, "spark.shuffle.file.buffer": 20.347472452111862, "spark.shuffle.io.numConnectionsPerPeer": 4.224991736350084, "spark.shuffle.sort.bypassMergeThreshold": 278.0300839862301, "spark.storage.memoryFraction": 0.7701465072136326, "spark.storage.memoryMapThreshold": 2.996546042377554}, "datetime": {"datetime": "2022-02-01 01:59:21", "elapsed": 12873.161829, "delta": 175.128864}}
{"target": -162.227, "params": {"spark.broadcast.blockSize": 62.122572008775926, "spark.broadcast.checksum": 0.8466372883251004, "spark.broadcast.compress": 0.5158124994630108, "spark.default.parallelism": 407.4191090435675, "spark.executor.cores": 3.9657614254702525, "spark.executor.instances": 7.958254472771053, "spark.executor.memory": 5.4266624377716886, "spark.executor.memoryOverhead": 503.44431247080945, "spark.kryoserializer.buffer": 108.89587579873576, "spark.kryoserializer.buffer.max": 73.66404706567617, "spark.locality.wait": 5.663340961459254, "spark.maxRemoteBlockSizeFetchToMem": 1459667631.4081244, "spark.memory.fraction": 0.521673087034391, "spark.memory.offHeap.enabled": 0.23468334701283122, "spark.memory.offHeap.size": 592.406884828963, "spark.memory.storageFraction": 0.8622112602148813, "spark.rdd.compress": 0.2339646251387929, "spark.reducer.maxBlocksInFlightPerAddress": 1942185460.0800295, "spark.reducer.maxReqsInFlight": 1074613033.2660685, "spark.reducer.maxSizeInFlight": 26.554408632090876, "spark.scheduler.mode": 0.42817057332778174, "spark.scheduler.revive.interval": 904.2221583845494, "spark.shuffle.compress": 0.6011248985048606, "spark.shuffle.file.buffer": 16.01230916433407, "spark.shuffle.io.numConnectionsPerPeer": 2.026681617315934, "spark.shuffle.sort.bypassMergeThreshold": 336.52505491775594, "spark.storage.memoryFraction": 0.7199757928770287, "spark.storage.memoryMapThreshold": 2.7349497241981555}, "datetime": {"datetime": "2022-02-01 02:02:12", "elapsed": 13044.212608, "delta": 171.050779}}
{"target": -160.925, "params": {"spark.broadcast.blockSize": 46.341141683352305, "spark.broadcast.checksum": 0.6319535481925298, "spark.broadcast.compress": 0.851062831451946, "spark.default.parallelism": 382.4038161322785, "spark.executor.cores": 3.721932900420299, "spark.executor.instances": 7.228799739799214, "spark.executor.memory": 6.688674375707705, "spark.executor.memoryOverhead": 419.1285578032369, "spark.kryoserializer.buffer": 64.02389658052522, "spark.kryoserializer.buffer.max": 42.0604682044291, "spark.locality.wait": 5.332920010399947, "spark.maxRemoteBlockSizeFetchToMem": 1738556523.4226186, "spark.memory.fraction": 0.6187998956975833, "spark.memory.offHeap.enabled": 0.4487156186995406, "spark.memory.offHeap.size": 611.4878740420969, "spark.memory.storageFraction": 0.66299851656404, "spark.rdd.compress": 0.1397755871180013, "spark.reducer.maxBlocksInFlightPerAddress": 1991333058.901699, "spark.reducer.maxReqsInFlight": 1767883203.6127715, "spark.reducer.maxSizeInFlight": 28.292079302568556, "spark.scheduler.mode": 0.8690679314496608, "spark.scheduler.revive.interval": 914.2595416588656, "spark.shuffle.compress": 0.9696556856956831, "spark.shuffle.file.buffer": 25.491384075939674, "spark.shuffle.io.numConnectionsPerPeer": 2.591317708225083, "spark.shuffle.sort.bypassMergeThreshold": 309.2848312029462, "spark.storage.memoryFraction": 0.5587026435086453, "spark.storage.memoryMapThreshold": 2.3554339075130377}, "datetime": {"datetime": "2022-02-01 02:05:01", "elapsed": 13214.036424, "delta": 169.823816}}
{"target": -164.197, "params": {"spark.broadcast.blockSize": 48.327999889430515, "spark.broadcast.checksum": 0.8017723998913963, "spark.broadcast.compress": 0.8630349940877616, "spark.default.parallelism": 300.0778250764044, "spark.executor.cores": 3.9085406666429563, "spark.executor.instances": 7.60962061147815, "spark.executor.memory": 5.391969942369502, "spark.executor.memoryOverhead": 496.17944453011785, "spark.kryoserializer.buffer": 60.84545998427898, "spark.kryoserializer.buffer.max": 60.74282548069142, "spark.locality.wait": 7.6384809962632065, "spark.maxRemoteBlockSizeFetchToMem": 1882168576.264864, "spark.memory.fraction": 0.6521366381937095, "spark.memory.offHeap.enabled": 0.4507077772261793, "spark.memory.offHeap.size": 519.4271329436843, "spark.memory.storageFraction": 0.8960985696378956, "spark.rdd.compress": 0.01791136220670897, "spark.reducer.maxBlocksInFlightPerAddress": 2093419730.0126843, "spark.reducer.maxReqsInFlight": 1331560235.0689044, "spark.reducer.maxSizeInFlight": 28.178982995254913, "spark.scheduler.mode": 0.7424536125060041, "spark.scheduler.revive.interval": 927.0582559301286, "spark.shuffle.compress": 0.6325401343804133, "spark.shuffle.file.buffer": 23.527645546549095, "spark.shuffle.io.numConnectionsPerPeer": 2.8566049947885195, "spark.shuffle.sort.bypassMergeThreshold": 318.2747236728701, "spark.storage.memoryFraction": 0.7840887932431841, "spark.storage.memoryMapThreshold": 3.4446311790122794}, "datetime": {"datetime": "2022-02-01 02:07:55", "elapsed": 13387.14951, "delta": 173.113086}}
