{"target": -186.547, "params": {"spark.broadcast.blockSize": 43.728966147988245, "spark.broadcast.checksum": 0.8730343001932119, "spark.broadcast.compress": 0.6602073143009045, "spark.default.parallelism": 409.9800199586466, "spark.executor.cores": 3.482967233171502, "spark.executor.instances": 7.672431790646769, "spark.executor.memory": 6.009641657051141, "spark.executor.memoryOverhead": 758.8912740214325, "spark.kryoserializer.buffer": 60.02446973672059, "spark.kryoserializer.buffer.max": 122.86177015748811, "spark.locality.wait": 6.368609274101533, "spark.maxRemoteBlockSizeFetchToMem": 1539686466.0794415, "spark.memory.fraction": 0.5410216690074385, "spark.memory.offHeap.enabled": 0.9405806268325911, "spark.memory.offHeap.size": 659.8003414561432, "spark.memory.storageFraction": 0.6966845123393957, "spark.rdd.compress": 0.8406717471480785, "spark.reducer.maxBlocksInFlightPerAddress": 1534623332.3637786, "spark.reducer.maxReqsInFlight": 1559220280.5727253, "spark.reducer.maxSizeInFlight": 34.558708526182464, "spark.scheduler.mode": 0.43217266860341375, "spark.scheduler.revive.interval": 530.0791574684329, "spark.shuffle.compress": 0.3670208534815266, "spark.shuffle.file.buffer": 27.075059934849687, "spark.shuffle.io.numConnectionsPerPeer": 2.0920683129351967, "spark.shuffle.sort.bypassMergeThreshold": 319.28568898028965, "spark.storage.memoryFraction": 0.5864039413620951, "spark.storage.memoryMapThreshold": 3.5520221785281625}, "datetime": {"datetime": "2022-02-01 00:03:11", "elapsed": 5903.835429, "delta": 195.515906}}
{"target": -213.09, "params": {"spark.broadcast.blockSize": 51.44607114148822, "spark.broadcast.checksum": 0.9957847433510498, "spark.broadcast.compress": 0.312952830627623, "spark.default.parallelism": 494.46143699164355, "spark.executor.cores": 3.441209394651685, "spark.executor.instances": 7.0368930034606, "spark.executor.memory": 6.367620975557388, "spark.executor.memoryOverhead": 509.7353674618905, "spark.kryoserializer.buffer": 84.31293678107083, "spark.kryoserializer.buffer.max": 108.41527624375082, "spark.locality.wait": 6.9821649043779015, "spark.maxRemoteBlockSizeFetchToMem": 1762043571.6582847, "spark.memory.fraction": 0.643990139525574, "spark.memory.offHeap.enabled": 0.6609449693933833, "spark.memory.offHeap.size": 817.6233250834115, "spark.memory.storageFraction": 0.7846948930420719, "spark.rdd.compress": 0.5346618549557846, "spark.reducer.maxBlocksInFlightPerAddress": 1363544813.3793478, "spark.reducer.maxReqsInFlight": 2039872672.4731722, "spark.reducer.maxSizeInFlight": 27.462059276746245, "spark.scheduler.mode": 0.7540500643351482, "spark.scheduler.revive.interval": 669.7619255618376, "spark.shuffle.compress": 0.25269947667850634, "spark.shuffle.file.buffer": 24.835432903928385, "spark.shuffle.io.numConnectionsPerPeer": 3.0133708889931543, "spark.shuffle.sort.bypassMergeThreshold": 198.1042798216041, "spark.storage.memoryFraction": 0.7020870281929031, "spark.storage.memoryMapThreshold": 1.0839880978461442}, "datetime": {"datetime": "2022-02-01 00:06:53", "elapsed": 6125.827091, "delta": 221.991662}}
{"target": -160.53, "params": {"spark.broadcast.blockSize": 46.15802176024994, "spark.broadcast.checksum": 0.6131370209876548, "spark.broadcast.compress": 0.142474381845346, "spark.default.parallelism": 457.0091859509959, "spark.executor.cores": 3.595267448589501, "spark.executor.instances": 7.570529906707777, "spark.executor.memory": 6.873039623950566, "spark.executor.memoryOverhead": 647.4795564592257, "spark.kryoserializer.buffer": 119.00093114292935, "spark.kryoserializer.buffer.max": 112.53053936966461, "spark.locality.wait": 5.876774510839245, "spark.maxRemoteBlockSizeFetchToMem": 1305950208.92365, "spark.memory.fraction": 0.5618071291917186, "spark.memory.offHeap.enabled": 0.8032835588200916, "spark.memory.offHeap.size": 913.9854102832195, "spark.memory.storageFraction": 0.8997465646306411, "spark.rdd.compress": 0.6018760389470593, "spark.reducer.maxBlocksInFlightPerAddress": 1974340165.113641, "spark.reducer.maxReqsInFlight": 1509532755.1316252, "spark.reducer.maxSizeInFlight": 26.898466395512454, "spark.scheduler.mode": 0.7387037144035483, "spark.scheduler.revive.interval": 919.6293484193886, "spark.shuffle.compress": 0.9979573719993097, "spark.shuffle.file.buffer": 28.24927017390503, "spark.shuffle.io.numConnectionsPerPeer": 2.4606382661072126, "spark.shuffle.sort.bypassMergeThreshold": 288.387837972621, "spark.storage.memoryFraction": 0.5258116940489931, "spark.storage.memoryMapThreshold": 2.4867096648556544}, "datetime": {"datetime": "2022-02-01 00:09:42", "elapsed": 6295.013356, "delta": 169.186265}}
{"target": -225.979, "params": {"spark.broadcast.blockSize": 53.50671313283155, "spark.broadcast.checksum": 0.6107579139061718, "spark.broadcast.compress": 0.2862420667635267, "spark.default.parallelism": 466.6213267462563, "spark.executor.cores": 1.8433027182320285, "spark.executor.instances": 7.2330199374271995, "spark.executor.memory": 6.751353107686571, "spark.executor.memoryOverhead": 691.7571259182896, "spark.kryoserializer.buffer": 72.23928369035703, "spark.kryoserializer.buffer.max": 87.5326722670788, "spark.locality.wait": 8.396540698328895, "spark.maxRemoteBlockSizeFetchToMem": 1570296117.1112332, "spark.memory.fraction": 0.7587286197011609, "spark.memory.offHeap.enabled": 0.9178957700492502, "spark.memory.offHeap.size": 665.1143152987551, "spark.memory.storageFraction": 0.8092056313115039, "spark.rdd.compress": 0.9301415904870842, "spark.reducer.maxBlocksInFlightPerAddress": 1913395972.4755569, "spark.reducer.maxReqsInFlight": 1959391968.6274552, "spark.reducer.maxSizeInFlight": 58.52689596775671, "spark.scheduler.mode": 0.4427969791712333, "spark.scheduler.revive.interval": 518.7997537839432, "spark.shuffle.compress": 0.9957105137049516, "spark.shuffle.file.buffer": 19.64110916603015, "spark.shuffle.io.numConnectionsPerPeer": 1.3005555635081385, "spark.shuffle.sort.bypassMergeThreshold": 271.1406067892778, "spark.storage.memoryFraction": 0.5015698648140072, "spark.storage.memoryMapThreshold": 2.1766896585797317}, "datetime": {"datetime": "2022-02-01 00:13:37", "elapsed": 6529.881147, "delta": 234.867791}}
{"target": -180.279, "params": {"spark.broadcast.blockSize": 43.04072688052834, "spark.broadcast.checksum": 0.9830578072869841, "spark.broadcast.compress": 0.5675528241237476, "spark.default.parallelism": 399.18762747222104, "spark.executor.cores": 3.8845529991235, "spark.executor.instances": 7.4453246307252545, "spark.executor.memory": 6.992378939966451, "spark.executor.memoryOverhead": 771.729649856667, "spark.kryoserializer.buffer": 72.29161497012123, "spark.kryoserializer.buffer.max": 66.86597796910158, "spark.locality.wait": 4.747533303909224, "spark.maxRemoteBlockSizeFetchToMem": 1230771790.7788496, "spark.memory.fraction": 0.5376530191115506, "spark.memory.offHeap.enabled": 0.6451862147657896, "spark.memory.offHeap.size": 939.6008944447858, "spark.memory.storageFraction": 0.8441004686904843, "spark.rdd.compress": 0.6510319504146599, "spark.reducer.maxBlocksInFlightPerAddress": 2061762047.801424, "spark.reducer.maxReqsInFlight": 1343652209.2399855, "spark.reducer.maxSizeInFlight": 53.446959720475625, "spark.scheduler.mode": 0.005093349079117626, "spark.scheduler.revive.interval": 846.3203734112111, "spark.shuffle.compress": 0.3974108050080436, "spark.shuffle.file.buffer": 24.99955403286094, "spark.shuffle.io.numConnectionsPerPeer": 1.6684380389865203, "spark.shuffle.sort.bypassMergeThreshold": 318.8715612152856, "spark.storage.memoryFraction": 0.5138894698401073, "spark.storage.memoryMapThreshold": 1.2394497798364499}, "datetime": {"datetime": "2022-02-01 00:16:47", "elapsed": 6719.154456, "delta": 189.273309}}
{"target": -185.555, "params": {"spark.broadcast.blockSize": 53.08111495953591, "spark.broadcast.checksum": 0.4477272194048415, "spark.broadcast.compress": 0.34275007972241445, "spark.default.parallelism": 473.03177515424085, "spark.executor.cores": 3.9838617448226072, "spark.executor.instances": 5.885422768478254, "spark.executor.memory": 6.467381303884888, "spark.executor.memoryOverhead": 601.8498823175255, "spark.kryoserializer.buffer": 115.12504946226053, "spark.kryoserializer.buffer.max": 48.34080569397089, "spark.locality.wait": 9.195158497746208, "spark.maxRemoteBlockSizeFetchToMem": 1791142933.6347075, "spark.memory.fraction": 0.7869270142710718, "spark.memory.offHeap.enabled": 0.5447802643370692, "spark.memory.offHeap.size": 842.4240673122499, "spark.memory.storageFraction": 0.8772504395128693, "spark.rdd.compress": 0.9159861413591248, "spark.reducer.maxBlocksInFlightPerAddress": 1978599711.9325573, "spark.reducer.maxReqsInFlight": 2131194871.2005997, "spark.reducer.maxSizeInFlight": 37.54773837673533, "spark.scheduler.mode": 0.4485319730948507, "spark.scheduler.revive.interval": 815.0713975720973, "spark.shuffle.compress": 0.7946835684184028, "spark.shuffle.file.buffer": 19.75633954104884, "spark.shuffle.io.numConnectionsPerPeer": 1.8036373551802862, "spark.shuffle.sort.bypassMergeThreshold": 247.82166005730681, "spark.storage.memoryFraction": 0.5589659109321172, "spark.storage.memoryMapThreshold": 1.9277396362587758}, "datetime": {"datetime": "2022-02-01 00:20:01", "elapsed": 6913.588606, "delta": 194.43415}}
{"target": -160.739, "params": {"spark.broadcast.blockSize": 59.079134219336325, "spark.broadcast.checksum": 0.8025815674611232, "spark.broadcast.compress": 0.8167335839267637, "spark.default.parallelism": 473.9533118483737, "spark.executor.cores": 3.9529817180108204, "spark.executor.instances": 7.322976982700419, "spark.executor.memory": 6.908788296253238, "spark.executor.memoryOverhead": 684.223858298792, "spark.kryoserializer.buffer": 127.00417703042935, "spark.kryoserializer.buffer.max": 66.81402633281785, "spark.locality.wait": 5.399742509966293, "spark.maxRemoteBlockSizeFetchToMem": 1916850493.8822594, "spark.memory.fraction": 0.511214131029069, "spark.memory.offHeap.enabled": 0.3417590052717261, "spark.memory.offHeap.size": 556.5852319196993, "spark.memory.storageFraction": 0.8160913941948438, "spark.rdd.compress": 0.9003315973729393, "spark.reducer.maxBlocksInFlightPerAddress": 1802533373.5696244, "spark.reducer.maxReqsInFlight": 1215192829.1864815, "spark.reducer.maxSizeInFlight": 33.378321780319396, "spark.scheduler.mode": 0.08558936987445842, "spark.scheduler.revive.interval": 706.1005630287143, "spark.shuffle.compress": 0.6511678023733914, "spark.shuffle.file.buffer": 32.286344235497026, "spark.shuffle.io.numConnectionsPerPeer": 1.0897810313733016, "spark.shuffle.sort.bypassMergeThreshold": 289.21960525008024, "spark.storage.memoryFraction": 0.7329739325523776, "spark.storage.memoryMapThreshold": 3.41504214562593}, "datetime": {"datetime": "2022-02-01 00:22:51", "elapsed": 7083.062052, "delta": 169.473446}}
{"target": -198.372, "params": {"spark.broadcast.blockSize": 52.48611983814919, "spark.broadcast.checksum": 0.7137014123746167, "spark.broadcast.compress": 0.30183517442860874, "spark.default.parallelism": 473.39533983531356, "spark.executor.cores": 3.744720665933307, "spark.executor.instances": 7.149308435123276, "spark.executor.memory": 6.55999474424349, "spark.executor.memoryOverhead": 688.4174758945994, "spark.kryoserializer.buffer": 96.40845129404376, "spark.kryoserializer.buffer.max": 81.43320427729768, "spark.locality.wait": 7.110559360208525, "spark.maxRemoteBlockSizeFetchToMem": 1620329062.1082525, "spark.memory.fraction": 0.7734444562046328, "spark.memory.offHeap.enabled": 0.6265384842910147, "spark.memory.offHeap.size": 641.5104113998622, "spark.memory.storageFraction": 0.6569562275929923, "spark.rdd.compress": 0.5330724782688134, "spark.reducer.maxBlocksInFlightPerAddress": 1792210368.3764782, "spark.reducer.maxReqsInFlight": 1488322344.3142958, "spark.reducer.maxSizeInFlight": 26.31728794266369, "spark.scheduler.mode": 0.4517857792236146, "spark.scheduler.revive.interval": 786.5743889554218, "spark.shuffle.compress": 0.727663028247045, "spark.shuffle.file.buffer": 25.006588300019335, "spark.shuffle.io.numConnectionsPerPeer": 1.276149340370715, "spark.shuffle.sort.bypassMergeThreshold": 283.36889222095976, "spark.storage.memoryFraction": 0.8289818209752713, "spark.storage.memoryMapThreshold": 1.75403917467251}, "datetime": {"datetime": "2022-02-01 00:26:18", "elapsed": 7290.513554, "delta": 207.451502}}
{"target": -194.976, "params": {"spark.broadcast.blockSize": 47.82915218230837, "spark.broadcast.checksum": 0.09718735288149827, "spark.broadcast.compress": 0.2145299661980017, "spark.default.parallelism": 471.2949296899536, "spark.executor.cores": 2.9134845163095524, "spark.executor.instances": 7.311256990306337, "spark.executor.memory": 6.93252495991913, "spark.executor.memoryOverhead": 712.3067980228515, "spark.kryoserializer.buffer": 121.01251066279117, "spark.kryoserializer.buffer.max": 124.50483557408035, "spark.locality.wait": 4.236044067304927, "spark.maxRemoteBlockSizeFetchToMem": 1394253880.3829625, "spark.memory.fraction": 0.5652364749750202, "spark.memory.offHeap.enabled": 0.9289771673451162, "spark.memory.offHeap.size": 757.7312449623257, "spark.memory.storageFraction": 0.8353712451640803, "spark.rdd.compress": 0.9073104007678939, "spark.reducer.maxBlocksInFlightPerAddress": 2128192795.1325603, "spark.reducer.maxReqsInFlight": 1991169557.0616293, "spark.reducer.maxSizeInFlight": 24.68658290843608, "spark.scheduler.mode": 0.005928662924436945, "spark.scheduler.revive.interval": 949.5753915853792, "spark.shuffle.compress": 0.570341708996108, "spark.shuffle.file.buffer": 34.07836305754366, "spark.shuffle.io.numConnectionsPerPeer": 1.2028858612683755, "spark.shuffle.sort.bypassMergeThreshold": 327.25717392294416, "spark.storage.memoryFraction": 0.8625636201191613, "spark.storage.memoryMapThreshold": 3.328435359054311}, "datetime": {"datetime": "2022-02-01 00:29:42", "elapsed": 7494.378382, "delta": 203.864828}}
{"target": -160.725, "params": {"spark.broadcast.blockSize": 47.27857640460769, "spark.broadcast.checksum": 0.0012488119456591784, "spark.broadcast.compress": 0.7115508718414236, "spark.default.parallelism": 417.34474207343294, "spark.executor.cores": 3.7908071773032077, "spark.executor.instances": 6.755725284397078, "spark.executor.memory": 6.547392718931837, "spark.executor.memoryOverhead": 618.5616093376523, "spark.kryoserializer.buffer": 75.48382479654234, "spark.kryoserializer.buffer.max": 91.2210355037803, "spark.locality.wait": 4.9994306443841285, "spark.maxRemoteBlockSizeFetchToMem": 1220594812.96318, "spark.memory.fraction": 0.5057171663612968, "spark.memory.offHeap.enabled": 0.7304035009839168, "spark.memory.offHeap.size": 683.3474431606246, "spark.memory.storageFraction": 0.6927168934008335, "spark.rdd.compress": 0.09002610376081988, "spark.reducer.maxBlocksInFlightPerAddress": 1992369454.771472, "spark.reducer.maxReqsInFlight": 1765052048.032763, "spark.reducer.maxSizeInFlight": 24.950442513502345, "spark.scheduler.mode": 0.006533609940203244, "spark.scheduler.revive.interval": 587.9475535300493, "spark.shuffle.compress": 0.987397249232037, "spark.shuffle.file.buffer": 23.20865831257431, "spark.shuffle.io.numConnectionsPerPeer": 2.038888433285289, "spark.shuffle.sort.bypassMergeThreshold": 216.28894352571263, "spark.storage.memoryFraction": 0.6404319635532755, "spark.storage.memoryMapThreshold": 3.4347541487064928}, "datetime": {"datetime": "2022-02-01 00:32:31", "elapsed": 7663.98043, "delta": 169.602048}}
{"target": -185.501, "params": {"spark.broadcast.blockSize": 51.86519829252719, "spark.broadcast.checksum": 0.47139862648831243, "spark.broadcast.compress": 0.44661398273644615, "spark.default.parallelism": 437.0277170933365, "spark.executor.cores": 3.6063167523988, "spark.executor.instances": 6.000642530483793, "spark.executor.memory": 6.328053008118798, "spark.executor.memoryOverhead": 819.8090994577515, "spark.kryoserializer.buffer": 101.07847223007636, "spark.kryoserializer.buffer.max": 97.77634186240469, "spark.locality.wait": 4.019273969853966, "spark.maxRemoteBlockSizeFetchToMem": 2124933699.521186, "spark.memory.fraction": 0.5532444111061935, "spark.memory.offHeap.enabled": 0.6531885560448758, "spark.memory.offHeap.size": 559.4219868328125, "spark.memory.storageFraction": 0.6688892581804537, "spark.rdd.compress": 0.8047293734095726, "spark.reducer.maxBlocksInFlightPerAddress": 2011669277.2126267, "spark.reducer.maxReqsInFlight": 1886483872.0538552, "spark.reducer.maxSizeInFlight": 43.92728779004905, "spark.scheduler.mode": 0.5194930254761164, "spark.scheduler.revive.interval": 769.5047409858121, "spark.shuffle.compress": 0.9418138888890346, "spark.shuffle.file.buffer": 24.4405264989568, "spark.shuffle.io.numConnectionsPerPeer": 1.2107972527567696, "spark.shuffle.sort.bypassMergeThreshold": 213.6097497966449, "spark.storage.memoryFraction": 0.5514558849899105, "spark.storage.memoryMapThreshold": 2.932365156225275}, "datetime": {"datetime": "2022-02-01 00:35:46", "elapsed": 7858.417017, "delta": 194.436587}}
{"target": -154.365, "params": {"spark.broadcast.blockSize": 40.5668570369983, "spark.broadcast.checksum": 0.6853004408437671, "spark.broadcast.compress": 0.12656112187721302, "spark.default.parallelism": 291.1243902118184, "spark.executor.cores": 3.7335475252143464, "spark.executor.instances": 7.876133927327384, "spark.executor.memory": 5.68517281089612, "spark.executor.memoryOverhead": 424.4286722142275, "spark.kryoserializer.buffer": 57.9899599498617, "spark.kryoserializer.buffer.max": 65.70163779053101, "spark.locality.wait": 4.0173442016039065, "spark.maxRemoteBlockSizeFetchToMem": 1108847171.0506837, "spark.memory.fraction": 0.5572568890579973, "spark.memory.offHeap.enabled": 0.8051988082585627, "spark.memory.offHeap.size": 680.0560899204231, "spark.memory.storageFraction": 0.8339273095427726, "spark.rdd.compress": 0.062492357602685566, "spark.reducer.maxBlocksInFlightPerAddress": 1973058169.6962457, "spark.reducer.maxReqsInFlight": 1585081923.2172189, "spark.reducer.maxSizeInFlight": 31.704476107719287, "spark.scheduler.mode": 0.32389596733544324, "spark.scheduler.revive.interval": 577.2835082637894, "spark.shuffle.compress": 0.6880174629702261, "spark.shuffle.file.buffer": 22.626049846836903, "spark.shuffle.io.numConnectionsPerPeer": 2.5670316364614356, "spark.shuffle.sort.bypassMergeThreshold": 216.99461378311278, "spark.storage.memoryFraction": 0.7874258938328926, "spark.storage.memoryMapThreshold": 3.8148870227391}, "datetime": {"datetime": "2022-02-01 00:38:29", "elapsed": 8021.62232, "delta": 163.205303}}
{"target": -160.521, "params": {"spark.broadcast.blockSize": 47.279391203974406, "spark.broadcast.checksum": 0.9037889540641749, "spark.broadcast.compress": 0.23783995417709858, "spark.default.parallelism": 460.3558539693318, "spark.executor.cores": 3.7026295953679056, "spark.executor.instances": 7.716796607510259, "spark.executor.memory": 6.9428842973827045, "spark.executor.memoryOverhead": 391.8796737329401, "spark.kryoserializer.buffer": 122.93643628669115, "spark.kryoserializer.buffer.max": 81.36986534758702, "spark.locality.wait": 5.430871384247149, "spark.maxRemoteBlockSizeFetchToMem": 2029486029.3863401, "spark.memory.fraction": 0.5913700737436114, "spark.memory.offHeap.enabled": 0.6949683675357312, "spark.memory.offHeap.size": 836.1548433483539, "spark.memory.storageFraction": 0.6982773499543999, "spark.rdd.compress": 0.28624552978909934, "spark.reducer.maxBlocksInFlightPerAddress": 1964274810.654811, "spark.reducer.maxReqsInFlight": 1376205104.8188877, "spark.reducer.maxSizeInFlight": 39.287884743500044, "spark.scheduler.mode": 0.49274006448720054, "spark.scheduler.revive.interval": 653.7618657072153, "spark.shuffle.compress": 0.8447652578489253, "spark.shuffle.file.buffer": 27.551701016699507, "spark.shuffle.io.numConnectionsPerPeer": 3.6795132796804557, "spark.shuffle.sort.bypassMergeThreshold": 272.5560054330326, "spark.storage.memoryFraction": 0.606761671341912, "spark.storage.memoryMapThreshold": 3.5270699617948558}, "datetime": {"datetime": "2022-02-01 00:41:19", "elapsed": 8191.061562, "delta": 169.439242}}
{"target": -184.66, "params": {"spark.broadcast.blockSize": 46.19369074429123, "spark.broadcast.checksum": 0.4757938134040214, "spark.broadcast.compress": 0.20855684062453206, "spark.default.parallelism": 421.5556925881275, "spark.executor.cores": 3.8668469485149854, "spark.executor.instances": 7.263195048547214, "spark.executor.memory": 6.676654608868832, "spark.executor.memoryOverhead": 583.1375639248106, "spark.kryoserializer.buffer": 125.9970977153041, "spark.kryoserializer.buffer.max": 120.73014428000522, "spark.locality.wait": 4.620293601962016, "spark.maxRemoteBlockSizeFetchToMem": 1584881355.4872494, "spark.memory.fraction": 0.5200309707760036, "spark.memory.offHeap.enabled": 0.6086820382006662, "spark.memory.offHeap.size": 936.5263280648221, "spark.memory.storageFraction": 0.8217155392421567, "spark.rdd.compress": 0.38056007708389616, "spark.reducer.maxBlocksInFlightPerAddress": 1729896025.8827426, "spark.reducer.maxReqsInFlight": 1597948329.15241, "spark.reducer.maxSizeInFlight": 48.264709942929194, "spark.scheduler.mode": 0.48709446740527096, "spark.scheduler.revive.interval": 821.3392450423396, "spark.shuffle.compress": 0.8072669722543017, "spark.shuffle.file.buffer": 19.757389087132804, "spark.shuffle.io.numConnectionsPerPeer": 3.5452291519013763, "spark.shuffle.sort.bypassMergeThreshold": 164.2493697935617, "spark.storage.memoryFraction": 0.5968374238532222, "spark.storage.memoryMapThreshold": 3.5968197805395477}, "datetime": {"datetime": "2022-02-01 00:44:32", "elapsed": 8384.580812, "delta": 193.51925}}
