{"target": -153.966, "params": {"spark.broadcast.blockSize": 61.29582328431496, "spark.broadcast.checksum": 0.08978719901166554, "spark.broadcast.compress": 0.01885339460932489, "spark.default.parallelism": 331.6888720948838, "spark.executor.cores": 3.8161315708599703, "spark.executor.instances": 7.950945950545885, "spark.executor.memory": 6.982608451993983, "spark.executor.memoryOverhead": 428.8494450902412, "spark.kryoserializer.buffer": 53.58163920149327, "spark.kryoserializer.buffer.max": 74.80891558360678, "spark.locality.wait": 9.00855539257862, "spark.maxRemoteBlockSizeFetchToMem": 2100471687.6358728, "spark.memory.fraction": 0.7339158095009729, "spark.memory.offHeap.enabled": 0.17498896558773136, "spark.memory.offHeap.size": 899.2170553716089, "spark.memory.storageFraction": 0.8087850522893407, "spark.rdd.compress": 0.4924255896134563, "spark.reducer.maxBlocksInFlightPerAddress": 1735176167.133028, "spark.reducer.maxReqsInFlight": 1871479278.0100732, "spark.reducer.maxSizeInFlight": 56.81819012341785, "spark.scheduler.mode": 0.3866231152401751, "spark.scheduler.revive.interval": 506.2908595199741, "spark.shuffle.compress": 0.15713457966812217, "spark.shuffle.file.buffer": 20.43445706875023, "spark.shuffle.io.numConnectionsPerPeer": 4.765003598944061, "spark.shuffle.sort.bypassMergeThreshold": 263.9729189274665, "spark.storage.memoryFraction": 0.7886450810192092, "spark.storage.memoryMapThreshold": 2.00868759167191}, "datetime": {"datetime": "2022-02-01 04:55:06", "elapsed": 23418.739919, "delta": 163.182418}}
{"target": -158.217, "params": {"spark.broadcast.blockSize": 51.50772661008243, "spark.broadcast.checksum": 0.5159536087884427, "spark.broadcast.compress": 0.9839978823840477, "spark.default.parallelism": 290.01475350476903, "spark.executor.cores": 3.507379004364237, "spark.executor.instances": 7.906555287757882, "spark.executor.memory": 4.8962399431094035, "spark.executor.memoryOverhead": 562.8031186403362, "spark.kryoserializer.buffer": 74.76720737204155, "spark.kryoserializer.buffer.max": 58.98809009567838, "spark.locality.wait": 4.3122615632768575, "spark.maxRemoteBlockSizeFetchToMem": 1127300255.3713777, "spark.memory.fraction": 0.7224980334357183, "spark.memory.offHeap.enabled": 0.4862146760398034, "spark.memory.offHeap.size": 878.1284997559408, "spark.memory.storageFraction": 0.7395096120710324, "spark.rdd.compress": 0.019946163708004172, "spark.reducer.maxBlocksInFlightPerAddress": 2120815096.190733, "spark.reducer.maxReqsInFlight": 1828896968.178533, "spark.reducer.maxSizeInFlight": 57.70263435832703, "spark.scheduler.mode": 0.735317951533278, "spark.scheduler.revive.interval": 545.9491570984801, "spark.shuffle.compress": 0.5294306357409045, "spark.shuffle.file.buffer": 41.741799110457535, "spark.shuffle.io.numConnectionsPerPeer": 4.301518511193383, "spark.shuffle.sort.bypassMergeThreshold": 212.39431308773368, "spark.storage.memoryFraction": 0.6325853864354719, "spark.storage.memoryMapThreshold": 2.7159494553249477}, "datetime": {"datetime": "2022-02-01 04:57:53", "elapsed": 23585.924911, "delta": 167.184992}}
{"target": -159.041, "params": {"spark.broadcast.blockSize": 56.5147079798768, "spark.broadcast.checksum": 0.0578952296598092, "spark.broadcast.compress": 0.8781598630494548, "spark.default.parallelism": 277.44111112575695, "spark.executor.cores": 3.871266152900757, "spark.executor.instances": 7.749138252955451, "spark.executor.memory": 3.468741848725492, "spark.executor.memoryOverhead": 723.5223743539725, "spark.kryoserializer.buffer": 65.93601452780725, "spark.kryoserializer.buffer.max": 42.92971275115792, "spark.locality.wait": 5.645623101559579, "spark.maxRemoteBlockSizeFetchToMem": 1738187383.0554023, "spark.memory.fraction": 0.7846493590049354, "spark.memory.offHeap.enabled": 0.45899965154500044, "spark.memory.offHeap.size": 732.6673714260459, "spark.memory.storageFraction": 0.844372901755732, "spark.rdd.compress": 0.6330472770164766, "spark.reducer.maxBlocksInFlightPerAddress": 2004743061.5622988, "spark.reducer.maxReqsInFlight": 1401749662.620417, "spark.reducer.maxSizeInFlight": 32.6420147411565, "spark.scheduler.mode": 0.16388102409874872, "spark.scheduler.revive.interval": 666.5560114592673, "spark.shuffle.compress": 0.4117138601928747, "spark.shuffle.file.buffer": 21.007769637630545, "spark.shuffle.io.numConnectionsPerPeer": 3.304035874542858, "spark.shuffle.sort.bypassMergeThreshold": 248.8944150113302, "spark.storage.memoryFraction": 0.5154538674983624, "spark.storage.memoryMapThreshold": 2.7573630163624134}, "datetime": {"datetime": "2022-02-01 05:00:41", "elapsed": 23753.913379, "delta": 167.988468}}
{"target": -165.153, "params": {"spark.broadcast.blockSize": 62.451130683851275, "spark.broadcast.checksum": 0.689180910411685, "spark.broadcast.compress": 0.5710454795142434, "spark.default.parallelism": 324.57896376960764, "spark.executor.cores": 3.794370719335888, "spark.executor.instances": 7.840637826630833, "spark.executor.memory": 5.862900535696319, "spark.executor.memoryOverhead": 631.5319820265148, "spark.kryoserializer.buffer": 101.83229515407909, "spark.kryoserializer.buffer.max": 74.8286802716665, "spark.locality.wait": 5.123920429903727, "spark.maxRemoteBlockSizeFetchToMem": 2025203508.4726098, "spark.memory.fraction": 0.7358150338981416, "spark.memory.offHeap.enabled": 0.30496037655062214, "spark.memory.offHeap.size": 856.3035585219567, "spark.memory.storageFraction": 0.6873283136367284, "spark.rdd.compress": 0.1558741225095669, "spark.reducer.maxBlocksInFlightPerAddress": 1767632498.146688, "spark.reducer.maxReqsInFlight": 1818153568.1160989, "spark.reducer.maxSizeInFlight": 32.304548719908695, "spark.scheduler.mode": 0.46163255034731776, "spark.scheduler.revive.interval": 643.2524078213742, "spark.shuffle.compress": 0.516949163378494, "spark.shuffle.file.buffer": 27.511406259109982, "spark.shuffle.io.numConnectionsPerPeer": 3.793384708445473, "spark.shuffle.sort.bypassMergeThreshold": 285.13976546077834, "spark.storage.memoryFraction": 0.515848423379976, "spark.storage.memoryMapThreshold": 2.314397536417674}, "datetime": {"datetime": "2022-02-01 05:03:36", "elapsed": 23928.081376, "delta": 174.167997}}
{"target": -161.385, "params": {"spark.broadcast.blockSize": 63.48920270223636, "spark.broadcast.checksum": 0.533166960494008, "spark.broadcast.compress": 0.8719700472787432, "spark.default.parallelism": 313.2914744583541, "spark.executor.cores": 3.809490883260958, "spark.executor.instances": 7.80178518331044, "spark.executor.memory": 4.519399122758853, "spark.executor.memoryOverhead": 417.9957414800807, "spark.kryoserializer.buffer": 65.86727019357153, "spark.kryoserializer.buffer.max": 74.3075742604784, "spark.locality.wait": 5.7291756687524105, "spark.maxRemoteBlockSizeFetchToMem": 1297540115.5749588, "spark.memory.fraction": 0.6766480355159836, "spark.memory.offHeap.enabled": 0.46957455525809066, "spark.memory.offHeap.size": 785.4895353056063, "spark.memory.storageFraction": 0.6617747504123261, "spark.rdd.compress": 0.9989010172748028, "spark.reducer.maxBlocksInFlightPerAddress": 1829626263.9809723, "spark.reducer.maxReqsInFlight": 1129168670.8844733, "spark.reducer.maxSizeInFlight": 39.167308082160474, "spark.scheduler.mode": 0.17485647665354576, "spark.scheduler.revive.interval": 721.233422177964, "spark.shuffle.compress": 0.3473269434189771, "spark.shuffle.file.buffer": 35.96063481459877, "spark.shuffle.io.numConnectionsPerPeer": 4.541036513848456, "spark.shuffle.sort.bypassMergeThreshold": 323.1737319573657, "spark.storage.memoryFraction": 0.5333349310799644, "spark.storage.memoryMapThreshold": 2.390104459319196}, "datetime": {"datetime": "2022-02-01 05:06:26", "elapsed": 24098.528971, "delta": 170.447595}}
{"target": -148.925, "params": {"spark.broadcast.blockSize": 57.797487478806346, "spark.broadcast.checksum": 0.4963554106268717, "spark.broadcast.compress": 0.6078095522565217, "spark.default.parallelism": 371.6349007084175, "spark.executor.cores": 3.9939116488363133, "spark.executor.instances": 7.92952518718994, "spark.executor.memory": 3.949689350685508, "spark.executor.memoryOverhead": 462.3158187684469, "spark.kryoserializer.buffer": 94.11745120088568, "spark.kryoserializer.buffer.max": 87.93712165386262, "spark.locality.wait": 6.270921775256272, "spark.maxRemoteBlockSizeFetchToMem": 1424248742.8058977, "spark.memory.fraction": 0.7908599945107997, "spark.memory.offHeap.enabled": 0.13239125499014903, "spark.memory.offHeap.size": 651.6689215438744, "spark.memory.storageFraction": 0.6997807057891784, "spark.rdd.compress": 0.6560820403904406, "spark.reducer.maxBlocksInFlightPerAddress": 1959949304.1480212, "spark.reducer.maxReqsInFlight": 1520704578.7233138, "spark.reducer.maxSizeInFlight": 36.32101333103489, "spark.scheduler.mode": 0.7215012666461075, "spark.scheduler.revive.interval": 659.4248089647376, "spark.shuffle.compress": 0.006413056883169177, "spark.shuffle.file.buffer": 17.18092051094797, "spark.shuffle.io.numConnectionsPerPeer": 4.55751002530477, "spark.shuffle.sort.bypassMergeThreshold": 252.09157356779298, "spark.storage.memoryFraction": 0.7268224529152792, "spark.storage.memoryMapThreshold": 3.0343154284800065}, "datetime": {"datetime": "2022-02-01 05:09:04", "elapsed": 24256.374018, "delta": 157.845047}}
{"target": -156.95, "params": {"spark.broadcast.blockSize": 33.73235449870714, "spark.broadcast.checksum": 0.0023656162400358394, "spark.broadcast.compress": 0.821787746503468, "spark.default.parallelism": 347.8930534029698, "spark.executor.cores": 3.950864221467466, "spark.executor.instances": 7.811659183173892, "spark.executor.memory": 4.803750643831997, "spark.executor.memoryOverhead": 498.5645562833973, "spark.kryoserializer.buffer": 65.17713195769002, "spark.kryoserializer.buffer.max": 47.668768320712516, "spark.locality.wait": 8.305663415780522, "spark.maxRemoteBlockSizeFetchToMem": 1512168834.7591486, "spark.memory.fraction": 0.5677143385419816, "spark.memory.offHeap.enabled": 0.4592781509830962, "spark.memory.offHeap.size": 825.9584642083767, "spark.memory.storageFraction": 0.7632497085109601, "spark.rdd.compress": 0.006694252980923188, "spark.reducer.maxBlocksInFlightPerAddress": 1691365726.5773125, "spark.reducer.maxReqsInFlight": 2012970323.3118198, "spark.reducer.maxSizeInFlight": 30.90814559864513, "spark.scheduler.mode": 0.7671721710117057, "spark.scheduler.revive.interval": 595.3208540544454, "spark.shuffle.compress": 0.06603788708213487, "spark.shuffle.file.buffer": 25.91263481047341, "spark.shuffle.io.numConnectionsPerPeer": 4.861196550793313, "spark.shuffle.sort.bypassMergeThreshold": 244.0356363597886, "spark.storage.memoryFraction": 0.7077958932262199, "spark.storage.memoryMapThreshold": 3.230345487722568}, "datetime": {"datetime": "2022-02-01 05:11:50", "elapsed": 24422.275851, "delta": 165.901833}}
{"target": -150.237, "params": {"spark.broadcast.blockSize": 54.566449887739864, "spark.broadcast.checksum": 0.1126913795910992, "spark.broadcast.compress": 0.8996008606665633, "spark.default.parallelism": 255.99193582817827, "spark.executor.cores": 3.5636655982249366, "spark.executor.instances": 7.656885333167302, "spark.executor.memory": 6.008413839987728, "spark.executor.memoryOverhead": 607.5504525510429, "spark.kryoserializer.buffer": 81.83094689736404, "spark.kryoserializer.buffer.max": 86.61084175768225, "spark.locality.wait": 6.359871262834427, "spark.maxRemoteBlockSizeFetchToMem": 1638862967.5186043, "spark.memory.fraction": 0.6425001227749811, "spark.memory.offHeap.enabled": 0.1752430910424383, "spark.memory.offHeap.size": 569.4193251177261, "spark.memory.storageFraction": 0.8731444436435856, "spark.rdd.compress": 0.23021506694596827, "spark.reducer.maxBlocksInFlightPerAddress": 1801779731.2384202, "spark.reducer.maxReqsInFlight": 1550554171.859755, "spark.reducer.maxSizeInFlight": 28.17927228897635, "spark.scheduler.mode": 0.7903947368332068, "spark.scheduler.revive.interval": 654.3473935213348, "spark.shuffle.compress": 0.005784303910084332, "spark.shuffle.file.buffer": 16.495719416796316, "spark.shuffle.io.numConnectionsPerPeer": 4.710148294141701, "spark.shuffle.sort.bypassMergeThreshold": 309.3683095341671, "spark.storage.memoryFraction": 0.6192566427802338, "spark.storage.memoryMapThreshold": 2.9362900530181375}, "datetime": {"datetime": "2022-02-01 05:14:29", "elapsed": 24581.534442, "delta": 159.258591}}
{"target": -159.733, "params": {"spark.broadcast.blockSize": 59.638206963394296, "spark.broadcast.checksum": 0.41252121720069745, "spark.broadcast.compress": 0.9285441459606009, "spark.default.parallelism": 245.64474534583414, "spark.executor.cores": 3.7946623733065556, "spark.executor.instances": 7.60980362818308, "spark.executor.memory": 3.726113721657175, "spark.executor.memoryOverhead": 553.4328586901923, "spark.kryoserializer.buffer": 45.15380354042158, "spark.kryoserializer.buffer.max": 51.87836529301971, "spark.locality.wait": 7.232972556784677, "spark.maxRemoteBlockSizeFetchToMem": 1574143301.896782, "spark.memory.fraction": 0.6870540016419007, "spark.memory.offHeap.enabled": 0.05153216165926078, "spark.memory.offHeap.size": 943.7778118977908, "spark.memory.storageFraction": 0.5715362718953224, "spark.rdd.compress": 0.31088119409902726, "spark.reducer.maxBlocksInFlightPerAddress": 1426092350.7343147, "spark.reducer.maxReqsInFlight": 1359365364.039729, "spark.reducer.maxSizeInFlight": 40.74689639193068, "spark.scheduler.mode": 0.1544340492088827, "spark.scheduler.revive.interval": 806.5478455015864, "spark.shuffle.compress": 0.021679386403323564, "spark.shuffle.file.buffer": 17.803365478344528, "spark.shuffle.io.numConnectionsPerPeer": 4.694496013837016, "spark.shuffle.sort.bypassMergeThreshold": 221.39740720653953, "spark.storage.memoryFraction": 0.7745869085025914, "spark.storage.memoryMapThreshold": 2.651921424798606}, "datetime": {"datetime": "2022-02-01 05:17:18", "elapsed": 24750.365908, "delta": 168.831466}}
{"target": -160.931, "params": {"spark.broadcast.blockSize": 39.729188308385304, "spark.broadcast.checksum": 0.5083087148572065, "spark.broadcast.compress": 0.9506351957061387, "spark.default.parallelism": 276.7429147612452, "spark.executor.cores": 3.7110178367032436, "spark.executor.instances": 7.813038637864721, "spark.executor.memory": 6.373527192313051, "spark.executor.memoryOverhead": 484.1214992147237, "spark.kryoserializer.buffer": 52.261193703291966, "spark.kryoserializer.buffer.max": 43.89493654971186, "spark.locality.wait": 6.396394785875927, "spark.maxRemoteBlockSizeFetchToMem": 1537241131.6489174, "spark.memory.fraction": 0.6822974865549108, "spark.memory.offHeap.enabled": 0.8469556722208941, "spark.memory.offHeap.size": 830.4896357430353, "spark.memory.storageFraction": 0.680690443852477, "spark.rdd.compress": 0.6013020988254486, "spark.reducer.maxBlocksInFlightPerAddress": 1419881546.2432086, "spark.reducer.maxReqsInFlight": 1368814764.1275768, "spark.reducer.maxSizeInFlight": 51.527993201331995, "spark.scheduler.mode": 0.7911138889076497, "spark.scheduler.revive.interval": 557.7229985950196, "spark.shuffle.compress": 0.7348615795028836, "spark.shuffle.file.buffer": 26.942706834309607, "spark.shuffle.io.numConnectionsPerPeer": 4.065362118074193, "spark.shuffle.sort.bypassMergeThreshold": 167.5104407240622, "spark.storage.memoryFraction": 0.5074249583524273, "spark.storage.memoryMapThreshold": 3.04291616745226}, "datetime": {"datetime": "2022-02-01 05:20:08", "elapsed": 24920.066275, "delta": 169.700367}}
{"target": -156.07, "params": {"spark.broadcast.blockSize": 45.97261235725861, "spark.broadcast.checksum": 0.2839830337371493, "spark.broadcast.compress": 0.7988148337023075, "spark.default.parallelism": 336.58532207534313, "spark.executor.cores": 3.879944626900303, "spark.executor.instances": 7.946438791931366, "spark.executor.memory": 4.38152878001802, "spark.executor.memoryOverhead": 568.7655640057212, "spark.kryoserializer.buffer": 41.931664855043806, "spark.kryoserializer.buffer.max": 83.36867545844774, "spark.locality.wait": 6.219450612558422, "spark.maxRemoteBlockSizeFetchToMem": 1217785267.917085, "spark.memory.fraction": 0.7682093220308592, "spark.memory.offHeap.enabled": 0.5409696078561822, "spark.memory.offHeap.size": 976.3468335779057, "spark.memory.storageFraction": 0.7857814832540506, "spark.rdd.compress": 0.541778785166812, "spark.reducer.maxBlocksInFlightPerAddress": 1735540123.0141644, "spark.reducer.maxReqsInFlight": 1743093530.9976113, "spark.reducer.maxSizeInFlight": 29.586589595414665, "spark.scheduler.mode": 0.3464493765327623, "spark.scheduler.revive.interval": 502.1121554161046, "spark.shuffle.compress": 0.0671121204673919, "spark.shuffle.file.buffer": 36.30203777472936, "spark.shuffle.io.numConnectionsPerPeer": 3.3119497157546514, "spark.shuffle.sort.bypassMergeThreshold": 222.95858743246941, "spark.storage.memoryFraction": 0.7774775137612364, "spark.storage.memoryMapThreshold": 3.60562947996802}, "datetime": {"datetime": "2022-02-01 05:22:53", "elapsed": 25085.076497, "delta": 165.010222}}
{"target": -165.692, "params": {"spark.broadcast.blockSize": 59.90626145252399, "spark.broadcast.checksum": 0.8825447056715859, "spark.broadcast.compress": 0.5573738814537882, "spark.default.parallelism": 326.76743827975037, "spark.executor.cores": 3.829866604456787, "spark.executor.instances": 7.63747601589201, "spark.executor.memory": 5.543596544053177, "spark.executor.memoryOverhead": 526.7646017995324, "spark.kryoserializer.buffer": 48.941413727987594, "spark.kryoserializer.buffer.max": 60.97118553563849, "spark.locality.wait": 7.941898395929705, "spark.maxRemoteBlockSizeFetchToMem": 1382869126.2353115, "spark.memory.fraction": 0.5867065346070576, "spark.memory.offHeap.enabled": 0.5628391962463215, "spark.memory.offHeap.size": 683.9252799037173, "spark.memory.storageFraction": 0.8250156113716387, "spark.rdd.compress": 0.4431576016354395, "spark.reducer.maxBlocksInFlightPerAddress": 1412688271.1936185, "spark.reducer.maxReqsInFlight": 1501445023.210161, "spark.reducer.maxSizeInFlight": 33.846290240393444, "spark.scheduler.mode": 0.35358433803982126, "spark.scheduler.revive.interval": 660.121817172377, "spark.shuffle.compress": 0.8648268743863741, "spark.shuffle.file.buffer": 25.209510389937957, "spark.shuffle.io.numConnectionsPerPeer": 3.8701352575593257, "spark.shuffle.sort.bypassMergeThreshold": 293.5305853047113, "spark.storage.memoryFraction": 0.7566919468303777, "spark.storage.memoryMapThreshold": 3.9023601776024845}, "datetime": {"datetime": "2022-02-01 05:25:47", "elapsed": 25259.686612, "delta": 174.610115}}
{"target": -156.766, "params": {"spark.broadcast.blockSize": 39.22652063270314, "spark.broadcast.checksum": 0.5254317863963928, "spark.broadcast.compress": 0.5768773710524999, "spark.default.parallelism": 358.35292778452106, "spark.executor.cores": 3.915600435640913, "spark.executor.instances": 7.972525251553963, "spark.executor.memory": 6.940300601779766, "spark.executor.memoryOverhead": 552.9864594982355, "spark.kryoserializer.buffer": 111.87250868668988, "spark.kryoserializer.buffer.max": 68.00365604681896, "spark.locality.wait": 5.98040488637485, "spark.maxRemoteBlockSizeFetchToMem": 1624335330.0917869, "spark.memory.fraction": 0.5859904410221605, "spark.memory.offHeap.enabled": 0.5901398472567297, "spark.memory.offHeap.size": 1008.3094037964121, "spark.memory.storageFraction": 0.6785139352258392, "spark.rdd.compress": 0.3592101286937267, "spark.reducer.maxBlocksInFlightPerAddress": 2039968352.8184242, "spark.reducer.maxReqsInFlight": 1829888280.8158069, "spark.reducer.maxSizeInFlight": 66.34297435913675, "spark.scheduler.mode": 0.8808627612793798, "spark.scheduler.revive.interval": 535.053407364203, "spark.shuffle.compress": 0.31357776418127825, "spark.shuffle.file.buffer": 25.799778535887747, "spark.shuffle.io.numConnectionsPerPeer": 2.2445659441836905, "spark.shuffle.sort.bypassMergeThreshold": 256.7900146129557, "spark.storage.memoryFraction": 0.5374520493942407, "spark.storage.memoryMapThreshold": 1.8661255466097735}, "datetime": {"datetime": "2022-02-01 05:28:33", "elapsed": 25425.333073, "delta": 165.646461}}
{"target": -159.082, "params": {"spark.broadcast.blockSize": 54.54665250379823, "spark.broadcast.checksum": 0.10840488006075355, "spark.broadcast.compress": 0.709190785876817, "spark.default.parallelism": 339.0581457698037, "spark.executor.cores": 3.753358289484822, "spark.executor.instances": 7.857696389696748, "spark.executor.memory": 6.619085551778859, "spark.executor.memoryOverhead": 468.1360154719986, "spark.kryoserializer.buffer": 125.89907731743476, "spark.kryoserializer.buffer.max": 42.30300620124863, "spark.locality.wait": 5.1497170325748405, "spark.maxRemoteBlockSizeFetchToMem": 1692493906.3999438, "spark.memory.fraction": 0.5976607255363975, "spark.memory.offHeap.enabled": 0.11402439108364515, "spark.memory.offHeap.size": 690.1809866054678, "spark.memory.storageFraction": 0.7830665309130393, "spark.rdd.compress": 0.34607754631898846, "spark.reducer.maxBlocksInFlightPerAddress": 1939499110.8858318, "spark.reducer.maxReqsInFlight": 1889749588.953257, "spark.reducer.maxSizeInFlight": 66.37606451942607, "spark.scheduler.mode": 0.36970140328868906, "spark.scheduler.revive.interval": 504.0621749736946, "spark.shuffle.compress": 0.9582130778704802, "spark.shuffle.file.buffer": 20.191917474737064, "spark.shuffle.io.numConnectionsPerPeer": 2.7669328979683385, "spark.shuffle.sort.bypassMergeThreshold": 246.61470359690745, "spark.storage.memoryFraction": 0.6715384399598876, "spark.storage.memoryMapThreshold": 3.6745717961753965}, "datetime": {"datetime": "2022-02-01 05:31:21", "elapsed": 25593.250516, "delta": 167.917443}}
