{"target": -156.695, "params": {"spark.broadcast.blockSize": 54.61261330899101, "spark.broadcast.checksum": 0.29436658044796093, "spark.broadcast.compress": 0.9660084439297939, "spark.default.parallelism": 269.99694377222005, "spark.executor.cores": 3.8699295693831184, "spark.executor.instances": 7.3593428659224545, "spark.executor.memory": 5.502199752763369, "spark.executor.memoryOverhead": 563.7193701307923, "spark.kryoserializer.buffer": 46.01585902231058, "spark.kryoserializer.buffer.max": 48.7333766173287, "spark.locality.wait": 6.390646966252258, "spark.maxRemoteBlockSizeFetchToMem": 1394283077.6293616, "spark.memory.fraction": 0.8751623171006249, "spark.memory.offHeap.enabled": 0.38439273830823273, "spark.memory.offHeap.size": 1006.3148500319207, "spark.memory.storageFraction": 0.5822608138938328, "spark.rdd.compress": 0.22726707334739005, "spark.reducer.maxBlocksInFlightPerAddress": 2108273789.8513775, "spark.reducer.maxReqsInFlight": 1935768380.3498654, "spark.reducer.maxSizeInFlight": 56.65743066169651, "spark.scheduler.mode": 0.6962661243439457, "spark.scheduler.revive.interval": 886.7517067064615, "spark.shuffle.compress": 0.10826031029396121, "spark.shuffle.file.buffer": 20.589406556302745, "spark.shuffle.io.numConnectionsPerPeer": 4.596938713060724, "spark.shuffle.sort.bypassMergeThreshold": 328.8306117474584, "spark.storage.memoryFraction": 0.5212339068410508, "spark.storage.memoryMapThreshold": 3.089415106060031}, "datetime": {"datetime": "2022-02-01 08:55:15", "elapsed": 37827.932763, "delta": 165.525357}}
{"target": -176.883, "params": {"spark.broadcast.blockSize": 54.02395091468965, "spark.broadcast.checksum": 0.7231984768638966, "spark.broadcast.compress": 0.767394526879862, "spark.default.parallelism": 225.1783275587858, "spark.executor.cores": 3.2361507817146524, "spark.executor.instances": 7.993730790150962, "spark.executor.memory": 4.480387982716547, "spark.executor.memoryOverhead": 434.83856879351384, "spark.kryoserializer.buffer": 36.175145101827326, "spark.kryoserializer.buffer.max": 61.77525599765816, "spark.locality.wait": 4.510971333094181, "spark.maxRemoteBlockSizeFetchToMem": 1859759960.7068336, "spark.memory.fraction": 0.8011216936135596, "spark.memory.offHeap.enabled": 0.5602666623911701, "spark.memory.offHeap.size": 856.2388229512213, "spark.memory.storageFraction": 0.6020135204970295, "spark.rdd.compress": 0.986241603416313, "spark.reducer.maxBlocksInFlightPerAddress": 1711875861.8771424, "spark.reducer.maxReqsInFlight": 1372715699.8527427, "spark.reducer.maxSizeInFlight": 49.06708724210229, "spark.scheduler.mode": 0.10535380481677481, "spark.scheduler.revive.interval": 773.2779960618645, "spark.shuffle.compress": 0.3151698537928572, "spark.shuffle.file.buffer": 24.58546064284972, "spark.shuffle.io.numConnectionsPerPeer": 4.821890578669594, "spark.shuffle.sort.bypassMergeThreshold": 259.50414468132783, "spark.storage.memoryFraction": 0.8200631690750122, "spark.storage.memoryMapThreshold": 2.889645870375942}, "datetime": {"datetime": "2022-02-01 08:58:21", "elapsed": 38013.708235, "delta": 185.775472}}
{"target": -158.0, "params": {"spark.broadcast.blockSize": 58.77810279957609, "spark.broadcast.checksum": 0.13218259018080725, "spark.broadcast.compress": 0.618542435224928, "spark.default.parallelism": 448.9686612527868, "spark.executor.cores": 3.978957060787231, "spark.executor.instances": 7.526882034324479, "spark.executor.memory": 4.279986408042664, "spark.executor.memoryOverhead": 440.5605002141054, "spark.kryoserializer.buffer": 82.35511420718869, "spark.kryoserializer.buffer.max": 70.75391320745534, "spark.locality.wait": 7.8272170434845405, "spark.maxRemoteBlockSizeFetchToMem": 1878850862.633761, "spark.memory.fraction": 0.6413468421898956, "spark.memory.offHeap.enabled": 0.05453418106952046, "spark.memory.offHeap.size": 560.2688317833106, "spark.memory.storageFraction": 0.5081751692918861, "spark.rdd.compress": 0.9220762544093017, "spark.reducer.maxBlocksInFlightPerAddress": 1209219130.638946, "spark.reducer.maxReqsInFlight": 1216845044.451067, "spark.reducer.maxSizeInFlight": 27.282127111803128, "spark.scheduler.mode": 0.16422387496570534, "spark.scheduler.revive.interval": 519.1922387088874, "spark.shuffle.compress": 0.30572242364923663, "spark.shuffle.file.buffer": 35.16673487790347, "spark.shuffle.io.numConnectionsPerPeer": 4.9062516299072385, "spark.shuffle.sort.bypassMergeThreshold": 262.1170688906668, "spark.storage.memoryFraction": 0.8183492400694703, "spark.storage.memoryMapThreshold": 3.0407427803760014}, "datetime": {"datetime": "2022-02-01 09:01:08", "elapsed": 38180.681185, "delta": 166.97295}}
{"target": -171.575, "params": {"spark.broadcast.blockSize": 37.73287829566756, "spark.broadcast.checksum": 0.7307027589880234, "spark.broadcast.compress": 0.8199141091649496, "spark.default.parallelism": 229.2032794672028, "spark.executor.cores": 3.5167305089133882, "spark.executor.instances": 7.408751417393823, "spark.executor.memory": 6.004580355596422, "spark.executor.memoryOverhead": 392.77517301062767, "spark.kryoserializer.buffer": 49.19608829077055, "spark.kryoserializer.buffer.max": 51.22228118000647, "spark.locality.wait": 6.067975926265492, "spark.maxRemoteBlockSizeFetchToMem": 1231483208.063428, "spark.memory.fraction": 0.5648487847919869, "spark.memory.offHeap.enabled": 0.4942028176303418, "spark.memory.offHeap.size": 666.1644305202485, "spark.memory.storageFraction": 0.6472563913886931, "spark.rdd.compress": 0.06612894370785327, "spark.reducer.maxBlocksInFlightPerAddress": 1824897870.823057, "spark.reducer.maxReqsInFlight": 1330110754.2386885, "spark.reducer.maxSizeInFlight": 35.3746591726314, "spark.scheduler.mode": 0.33918174456683525, "spark.scheduler.revive.interval": 514.4554621910493, "spark.shuffle.compress": 0.3032857182058162, "spark.shuffle.file.buffer": 23.043300048712133, "spark.shuffle.io.numConnectionsPerPeer": 4.320418785893995, "spark.shuffle.sort.bypassMergeThreshold": 205.79371621807738, "spark.storage.memoryFraction": 0.7164745748038015, "spark.storage.memoryMapThreshold": 3.2096845458444108}, "datetime": {"datetime": "2022-02-01 09:04:09", "elapsed": 38361.497995, "delta": 180.81681}}
{"target": -156.759, "params": {"spark.broadcast.blockSize": 47.62189710748045, "spark.broadcast.checksum": 0.006331352910959875, "spark.broadcast.compress": 0.9413952192964143, "spark.default.parallelism": 226.44332693313333, "spark.executor.cores": 3.7425657253261315, "spark.executor.instances": 7.535367437173578, "spark.executor.memory": 6.366682072371857, "spark.executor.memoryOverhead": 496.65160936057504, "spark.kryoserializer.buffer": 65.8377702348665, "spark.kryoserializer.buffer.max": 83.7472598433086, "spark.locality.wait": 5.094910544114981, "spark.maxRemoteBlockSizeFetchToMem": 1605522416.5425522, "spark.memory.fraction": 0.6622141383882142, "spark.memory.offHeap.enabled": 0.2679029731658171, "spark.memory.offHeap.size": 777.2726347195419, "spark.memory.storageFraction": 0.6743581026641318, "spark.rdd.compress": 0.8451891596245643, "spark.reducer.maxBlocksInFlightPerAddress": 1801171193.3042064, "spark.reducer.maxReqsInFlight": 1223668370.318199, "spark.reducer.maxSizeInFlight": 35.758393390974746, "spark.scheduler.mode": 0.10303390426283354, "spark.scheduler.revive.interval": 687.5555328138062, "spark.shuffle.compress": 0.15390596210966367, "spark.shuffle.file.buffer": 47.004971441195565, "spark.shuffle.io.numConnectionsPerPeer": 4.276035278874929, "spark.shuffle.sort.bypassMergeThreshold": 263.6078015669698, "spark.storage.memoryFraction": 0.6790483184865176, "spark.storage.memoryMapThreshold": 3.221719388988296}, "datetime": {"datetime": "2022-02-01 09:06:55", "elapsed": 38527.447668, "delta": 165.949673}}
{"target": -184.817, "params": {"spark.broadcast.blockSize": 49.95140309345902, "spark.broadcast.checksum": 0.2462981283925536, "spark.broadcast.compress": 0.9036110494333722, "spark.default.parallelism": 259.12996680593193, "spark.executor.cores": 3.881625403081419, "spark.executor.instances": 6.771850580276331, "spark.executor.memory": 5.497096524062064, "spark.executor.memoryOverhead": 422.4642803585501, "spark.kryoserializer.buffer": 49.06593828078515, "spark.kryoserializer.buffer.max": 69.27785554364954, "spark.locality.wait": 9.43663323257575, "spark.maxRemoteBlockSizeFetchToMem": 1872626189.4346867, "spark.memory.fraction": 0.6956481119420491, "spark.memory.offHeap.enabled": 0.17227132814845392, "spark.memory.offHeap.size": 838.757046802411, "spark.memory.storageFraction": 0.7162940596851295, "spark.rdd.compress": 0.2256552535453934, "spark.reducer.maxBlocksInFlightPerAddress": 2092367575.083838, "spark.reducer.maxReqsInFlight": 1799141474.866282, "spark.reducer.maxSizeInFlight": 54.2545838885728, "spark.scheduler.mode": 0.3366154603665519, "spark.scheduler.revive.interval": 606.7861814686431, "spark.shuffle.compress": 0.8778486525544684, "spark.shuffle.file.buffer": 33.34779612389526, "spark.shuffle.io.numConnectionsPerPeer": 4.566562986830988, "spark.shuffle.sort.bypassMergeThreshold": 178.7628765864642, "spark.storage.memoryFraction": 0.6617859115317768, "spark.storage.memoryMapThreshold": 3.1981470657638997}, "datetime": {"datetime": "2022-02-01 09:10:09", "elapsed": 38721.33134, "delta": 193.883672}}
{"target": -154.379, "params": {"spark.broadcast.blockSize": 56.38128178756649, "spark.broadcast.checksum": 0.7227211288622611, "spark.broadcast.compress": 0.9781671718219271, "spark.default.parallelism": 397.2898757949349, "spark.executor.cores": 3.894666444435459, "spark.executor.instances": 7.876028937053542, "spark.executor.memory": 3.733970741439675, "spark.executor.memoryOverhead": 397.5799689221945, "spark.kryoserializer.buffer": 54.01006833087855, "spark.kryoserializer.buffer.max": 67.88415036215333, "spark.locality.wait": 5.933726420783291, "spark.maxRemoteBlockSizeFetchToMem": 1920010913.6358366, "spark.memory.fraction": 0.6737861124428552, "spark.memory.offHeap.enabled": 0.24726622436112955, "spark.memory.offHeap.size": 742.2924191115571, "spark.memory.storageFraction": 0.8392509828406889, "spark.rdd.compress": 0.3487840628814538, "spark.reducer.maxBlocksInFlightPerAddress": 1922488883.7312732, "spark.reducer.maxReqsInFlight": 1564598306.6226246, "spark.reducer.maxSizeInFlight": 28.72737184897843, "spark.scheduler.mode": 0.029917190824296558, "spark.scheduler.revive.interval": 629.1429431674658, "spark.shuffle.compress": 0.5366082370829844, "spark.shuffle.file.buffer": 25.906359364883677, "spark.shuffle.io.numConnectionsPerPeer": 4.648303344292573, "spark.shuffle.sort.bypassMergeThreshold": 237.49624607533715, "spark.storage.memoryFraction": 0.653637382892841, "spark.storage.memoryMapThreshold": 2.92175336569671}, "datetime": {"datetime": "2022-02-01 09:12:52", "elapsed": 38884.708422, "delta": 163.377082}}
{"target": -157.609, "params": {"spark.broadcast.blockSize": 52.10006381392809, "spark.broadcast.checksum": 0.16996312327491891, "spark.broadcast.compress": 0.8532190518392578, "spark.default.parallelism": 302.0678348338179, "spark.executor.cores": 3.9636732409767763, "spark.executor.instances": 7.624399742766338, "spark.executor.memory": 4.616447336517167, "spark.executor.memoryOverhead": 634.9176741599051, "spark.kryoserializer.buffer": 51.07979218792546, "spark.kryoserializer.buffer.max": 49.730775573616455, "spark.locality.wait": 4.532173932159563, "spark.maxRemoteBlockSizeFetchToMem": 1768310565.0489042, "spark.memory.fraction": 0.8529339781237038, "spark.memory.offHeap.enabled": 0.4498106211897973, "spark.memory.offHeap.size": 819.3883213385805, "spark.memory.storageFraction": 0.6258153712995892, "spark.rdd.compress": 0.8710505767109181, "spark.reducer.maxBlocksInFlightPerAddress": 2056160887.7917154, "spark.reducer.maxReqsInFlight": 1636376279.3560436, "spark.reducer.maxSizeInFlight": 44.59430347729104, "spark.scheduler.mode": 0.9201040725646437, "spark.scheduler.revive.interval": 756.3203903865542, "spark.shuffle.compress": 0.24436601398076452, "spark.shuffle.file.buffer": 26.281227829993057, "spark.shuffle.io.numConnectionsPerPeer": 4.479372294802319, "spark.shuffle.sort.bypassMergeThreshold": 201.77536045001688, "spark.storage.memoryFraction": 0.7400318396404401, "spark.storage.memoryMapThreshold": 2.9484543241409056}, "datetime": {"datetime": "2022-02-01 09:15:39", "elapsed": 39051.24483, "delta": 166.536408}}
{"target": -160.062, "params": {"spark.broadcast.blockSize": 45.52148927821591, "spark.broadcast.checksum": 0.0745211572683947, "spark.broadcast.compress": 0.3258839056227907, "spark.default.parallelism": 315.33953283771825, "spark.executor.cores": 3.776547363232276, "spark.executor.instances": 7.894317951582811, "spark.executor.memory": 5.828314491051566, "spark.executor.memoryOverhead": 496.70108649677013, "spark.kryoserializer.buffer": 34.73972071081536, "spark.kryoserializer.buffer.max": 113.85703971390886, "spark.locality.wait": 5.423432060977315, "spark.maxRemoteBlockSizeFetchToMem": 1172758133.6059363, "spark.memory.fraction": 0.5569125927979529, "spark.memory.offHeap.enabled": 0.17850392455852238, "spark.memory.offHeap.size": 867.6767851536315, "spark.memory.storageFraction": 0.6402928676571302, "spark.rdd.compress": 0.3906119857862026, "spark.reducer.maxBlocksInFlightPerAddress": 1413113732.7202253, "spark.reducer.maxReqsInFlight": 1502803122.1041968, "spark.reducer.maxSizeInFlight": 49.383294029323565, "spark.scheduler.mode": 0.5713674116818696, "spark.scheduler.revive.interval": 573.4241922278948, "spark.shuffle.compress": 0.18067390383396842, "spark.shuffle.file.buffer": 18.37915040690391, "spark.shuffle.io.numConnectionsPerPeer": 4.781342374561792, "spark.shuffle.sort.bypassMergeThreshold": 248.49528151152222, "spark.storage.memoryFraction": 0.6455629047578727, "spark.storage.memoryMapThreshold": 2.3354324876282107}, "datetime": {"datetime": "2022-02-01 09:18:28", "elapsed": 39220.270725, "delta": 169.025895}}
{"target": -157.713, "params": {"spark.broadcast.blockSize": 45.150043679435484, "spark.broadcast.checksum": 0.5566894185645476, "spark.broadcast.compress": 0.7872102247129468, "spark.default.parallelism": 271.56600085989714, "spark.executor.cores": 3.5400780613733227, "spark.executor.instances": 7.986387874884324, "spark.executor.memory": 4.090207927364661, "spark.executor.memoryOverhead": 422.1606784154102, "spark.kryoserializer.buffer": 53.38139411767429, "spark.kryoserializer.buffer.max": 41.89963234499551, "spark.locality.wait": 4.176087255623955, "spark.maxRemoteBlockSizeFetchToMem": 1882539106.8647041, "spark.memory.fraction": 0.7904737806158308, "spark.memory.offHeap.enabled": 0.7505708872609471, "spark.memory.offHeap.size": 689.1441082189303, "spark.memory.storageFraction": 0.5664351221355121, "spark.rdd.compress": 0.6725456373816876, "spark.reducer.maxBlocksInFlightPerAddress": 1639988892.5773745, "spark.reducer.maxReqsInFlight": 1215526077.780923, "spark.reducer.maxSizeInFlight": 46.43204735214875, "spark.scheduler.mode": 0.604863265782562, "spark.scheduler.revive.interval": 522.4696035299021, "spark.shuffle.compress": 0.33429244543532366, "spark.shuffle.file.buffer": 28.580621081535547, "spark.shuffle.io.numConnectionsPerPeer": 4.999578735627826, "spark.shuffle.sort.bypassMergeThreshold": 323.886018149111, "spark.storage.memoryFraction": 0.6360216819496256, "spark.storage.memoryMapThreshold": 1.0483745500899184}, "datetime": {"datetime": "2022-02-01 09:21:15", "elapsed": 39387.067451, "delta": 166.796726}}
{"target": -160.159, "params": {"spark.broadcast.blockSize": 47.577160669894866, "spark.broadcast.checksum": 0.7782521682640535, "spark.broadcast.compress": 0.944939151038445, "spark.default.parallelism": 207.07378404088695, "spark.executor.cores": 3.8886026457501126, "spark.executor.instances": 7.741886823784466, "spark.executor.memory": 4.869825667936262, "spark.executor.memoryOverhead": 777.0385954847866, "spark.kryoserializer.buffer": 117.3010329239379, "spark.kryoserializer.buffer.max": 74.76737144592342, "spark.locality.wait": 5.188286482036344, "spark.maxRemoteBlockSizeFetchToMem": 1973430441.777254, "spark.memory.fraction": 0.6838061913202733, "spark.memory.offHeap.enabled": 0.18879984618697, "spark.memory.offHeap.size": 804.1914167942466, "spark.memory.storageFraction": 0.5680990277670613, "spark.rdd.compress": 0.518730567331163, "spark.reducer.maxBlocksInFlightPerAddress": 2117966733.4867408, "spark.reducer.maxReqsInFlight": 1585556394.16011, "spark.reducer.maxSizeInFlight": 44.032612694459836, "spark.scheduler.mode": 0.6646329443337794, "spark.scheduler.revive.interval": 534.5299294833985, "spark.shuffle.compress": 0.4177085615473882, "spark.shuffle.file.buffer": 32.07152087466257, "spark.shuffle.io.numConnectionsPerPeer": 3.909124025693585, "spark.shuffle.sort.bypassMergeThreshold": 188.60191494892285, "spark.storage.memoryFraction": 0.848452315955041, "spark.storage.memoryMapThreshold": 3.0433791015109124}, "datetime": {"datetime": "2022-02-01 09:24:04", "elapsed": 39556.394471, "delta": 169.32702}}
{"target": -157.93, "params": {"spark.broadcast.blockSize": 42.34964440855413, "spark.broadcast.checksum": 0.08358846235260975, "spark.broadcast.compress": 0.9648897087344748, "spark.default.parallelism": 265.79256325759485, "spark.executor.cores": 3.7657204472179124, "spark.executor.instances": 7.830648665369436, "spark.executor.memory": 5.282386070734049, "spark.executor.memoryOverhead": 394.2430981243172, "spark.kryoserializer.buffer": 77.24943196014148, "spark.kryoserializer.buffer.max": 50.25538139383807, "spark.locality.wait": 4.057973150897541, "spark.maxRemoteBlockSizeFetchToMem": 1375219920.880538, "spark.memory.fraction": 0.8399612234650895, "spark.memory.offHeap.enabled": 0.5773476814520578, "spark.memory.offHeap.size": 648.9187216224275, "spark.memory.storageFraction": 0.7597258402354472, "spark.rdd.compress": 0.8716993959033132, "spark.reducer.maxBlocksInFlightPerAddress": 1732584741.351069, "spark.reducer.maxReqsInFlight": 1789481718.0122702, "spark.reducer.maxSizeInFlight": 29.437520525828365, "spark.scheduler.mode": 0.21956166874521588, "spark.scheduler.revive.interval": 518.4389584963432, "spark.shuffle.compress": 0.950031852377451, "spark.shuffle.file.buffer": 41.529969613555565, "spark.shuffle.io.numConnectionsPerPeer": 3.8247728148315776, "spark.shuffle.sort.bypassMergeThreshold": 268.2989104717162, "spark.storage.memoryFraction": 0.8439175901189868, "spark.storage.memoryMapThreshold": 3.0703081294670005}, "datetime": {"datetime": "2022-02-01 09:26:51", "elapsed": 39723.253332, "delta": 166.858861}}
{"target": -180.141, "params": {"spark.broadcast.blockSize": 47.0675358860362, "spark.broadcast.checksum": 0.8297889089027026, "spark.broadcast.compress": 0.873173550142962, "spark.default.parallelism": 346.93045588376856, "spark.executor.cores": 3.8354105536548504, "spark.executor.instances": 7.271431343369889, "spark.executor.memory": 6.018076977963778, "spark.executor.memoryOverhead": 468.69425078094554, "spark.kryoserializer.buffer": 43.687051907537025, "spark.kryoserializer.buffer.max": 79.2400809193065, "spark.locality.wait": 5.54717900516575, "spark.maxRemoteBlockSizeFetchToMem": 1154466893.5275006, "spark.memory.fraction": 0.7839278318603928, "spark.memory.offHeap.enabled": 0.16576185063336668, "spark.memory.offHeap.size": 708.357482647567, "spark.memory.storageFraction": 0.7803433381045486, "spark.rdd.compress": 0.4863286139072579, "spark.reducer.maxBlocksInFlightPerAddress": 1961053178.2254715, "spark.reducer.maxReqsInFlight": 1664276461.7447555, "spark.reducer.maxSizeInFlight": 42.22145651972244, "spark.scheduler.mode": 0.6504914725075815, "spark.scheduler.revive.interval": 603.5463752362751, "spark.shuffle.compress": 0.2864853605827633, "spark.shuffle.file.buffer": 33.1165881984187, "spark.shuffle.io.numConnectionsPerPeer": 4.576848495952505, "spark.shuffle.sort.bypassMergeThreshold": 235.7476251199576, "spark.storage.memoryFraction": 0.5793405299706833, "spark.storage.memoryMapThreshold": 1.722108660290532}, "datetime": {"datetime": "2022-02-01 09:30:01", "elapsed": 39913.498544, "delta": 190.245212}}
{"target": -152.714, "params": {"spark.broadcast.blockSize": 61.921906637871174, "spark.broadcast.checksum": 0.09216467776007276, "spark.broadcast.compress": 0.5215882996368485, "spark.default.parallelism": 205.3835702485032, "spark.executor.cores": 3.9680396282658332, "spark.executor.instances": 7.919075023626337, "spark.executor.memory": 4.10441694668711, "spark.executor.memoryOverhead": 391.3837748791425, "spark.kryoserializer.buffer": 53.74650275286973, "spark.kryoserializer.buffer.max": 55.845675766961655, "spark.locality.wait": 6.4536567994181055, "spark.maxRemoteBlockSizeFetchToMem": 1384011315.806105, "spark.memory.fraction": 0.7440867148106896, "spark.memory.offHeap.enabled": 0.08842771857339249, "spark.memory.offHeap.size": 768.1813649920533, "spark.memory.storageFraction": 0.860752983888458, "spark.rdd.compress": 0.7870329141562246, "spark.reducer.maxBlocksInFlightPerAddress": 1379120047.9237673, "spark.reducer.maxReqsInFlight": 1796844068.2954204, "spark.reducer.maxSizeInFlight": 30.665769583721385, "spark.scheduler.mode": 0.5218658423447301, "spark.scheduler.revive.interval": 732.0371919611414, "spark.shuffle.compress": 0.6048362159478955, "spark.shuffle.file.buffer": 46.372369572123006, "spark.shuffle.io.numConnectionsPerPeer": 4.74233914997542, "spark.shuffle.sort.bypassMergeThreshold": 297.83759231679306, "spark.storage.memoryFraction": 0.8469960930376048, "spark.storage.memoryMapThreshold": 2.06693266727539}, "datetime": {"datetime": "2022-02-01 09:32:43", "elapsed": 40075.286618, "delta": 161.788074}}
