{"target": -154.24, "params": {"spark.broadcast.blockSize": 55.187791283120674, "spark.broadcast.checksum": 0.2557768663787513, "spark.broadcast.compress": 0.6305979673467169, "spark.default.parallelism": 271.16572233733984, "spark.executor.cores": 3.6571699037459977, "spark.executor.instances": 6.404563265249003, "spark.executor.memory": 5.141203894788584, "spark.executor.memoryOverhead": 477.2933809932038, "spark.kryoserializer.buffer": 108.97870731567973, "spark.kryoserializer.buffer.max": 81.97947120103301, "spark.locality.wait": 4.483485067901524, "spark.maxRemoteBlockSizeFetchToMem": 1555167351.299602, "spark.memory.fraction": 0.6931968155236414, "spark.memory.offHeap.enabled": 0.01521696375241366, "spark.memory.offHeap.size": 705.9110235126542, "spark.memory.storageFraction": 0.7074495674624077, "spark.rdd.compress": 0.029196727636439768, "spark.reducer.maxBlocksInFlightPerAddress": 2135376746.5058248, "spark.reducer.maxReqsInFlight": 1348648852.1806471, "spark.reducer.maxSizeInFlight": 61.093695554921084, "spark.scheduler.mode": 0.2278135447367936, "spark.scheduler.revive.interval": 588.8456924299244, "spark.shuffle.compress": 0.4654848635946264, "spark.shuffle.file.buffer": 16.573268558226108, "spark.shuffle.io.numConnectionsPerPeer": 4.4617850066567675, "spark.shuffle.sort.bypassMergeThreshold": 349.66678500618707, "spark.storage.memoryFraction": 0.8085426442160777, "spark.storage.memoryMapThreshold": 3.5454702709781603}, "datetime": {"datetime": "2022-02-01 10:54:27", "elapsed": 44979.282935, "delta": 163.79571}}
{"target": -158.54, "params": {"spark.broadcast.blockSize": 59.26258002585014, "spark.broadcast.checksum": 0.16547452638920157, "spark.broadcast.compress": 0.501963891179841, "spark.default.parallelism": 487.82317687516144, "spark.executor.cores": 3.806509689566031, "spark.executor.instances": 7.776307980393737, "spark.executor.memory": 5.392261555436864, "spark.executor.memoryOverhead": 467.9396011858213, "spark.kryoserializer.buffer": 45.993167160951344, "spark.kryoserializer.buffer.max": 47.51259959328344, "spark.locality.wait": 9.037865946889964, "spark.maxRemoteBlockSizeFetchToMem": 1600077020.756465, "spark.memory.fraction": 0.5727615801273999, "spark.memory.offHeap.enabled": 0.5114594090721155, "spark.memory.offHeap.size": 758.5825442202124, "spark.memory.storageFraction": 0.8365346638134759, "spark.rdd.compress": 0.1453187929201899, "spark.reducer.maxBlocksInFlightPerAddress": 1754553302.4095533, "spark.reducer.maxReqsInFlight": 1914872488.6163013, "spark.reducer.maxSizeInFlight": 34.88150899419698, "spark.scheduler.mode": 0.18550992309106373, "spark.scheduler.revive.interval": 502.45090307265525, "spark.shuffle.compress": 0.3262641377566464, "spark.shuffle.file.buffer": 46.53492950557503, "spark.shuffle.io.numConnectionsPerPeer": 3.399765583625389, "spark.shuffle.sort.bypassMergeThreshold": 290.60238507985366, "spark.storage.memoryFraction": 0.7315818257655973, "spark.storage.memoryMapThreshold": 3.8934227051252375}, "datetime": {"datetime": "2022-02-01 10:57:14", "elapsed": 45146.865506, "delta": 167.582571}}
{"target": -184.885, "params": {"spark.broadcast.blockSize": 43.792418716376886, "spark.broadcast.checksum": 0.1094023206418896, "spark.broadcast.compress": 0.9164276166794274, "spark.default.parallelism": 207.5421055895003, "spark.executor.cores": 3.8913003972621008, "spark.executor.instances": 7.416088009547139, "spark.executor.memory": 4.380008054347823, "spark.executor.memoryOverhead": 722.627726429768, "spark.kryoserializer.buffer": 109.63226559718517, "spark.kryoserializer.buffer.max": 95.97611667549575, "spark.locality.wait": 4.591043332121324, "spark.maxRemoteBlockSizeFetchToMem": 1171119434.1871984, "spark.memory.fraction": 0.8679006245080891, "spark.memory.offHeap.enabled": 0.47616791898326416, "spark.memory.offHeap.size": 858.618369500666, "spark.memory.storageFraction": 0.8041828357412439, "spark.rdd.compress": 0.2735088097304248, "spark.reducer.maxBlocksInFlightPerAddress": 1874413927.4183273, "spark.reducer.maxReqsInFlight": 1885036151.5878153, "spark.reducer.maxSizeInFlight": 58.414780260812755, "spark.scheduler.mode": 0.8749195313525093, "spark.scheduler.revive.interval": 577.9423022787898, "spark.shuffle.compress": 0.4372029603073154, "spark.shuffle.file.buffer": 43.39881491105406, "spark.shuffle.io.numConnectionsPerPeer": 3.541118881407012, "spark.shuffle.sort.bypassMergeThreshold": 205.3543445230175, "spark.storage.memoryFraction": 0.7619770413179889, "spark.storage.memoryMapThreshold": 3.612011548816054}, "datetime": {"datetime": "2022-02-01 11:00:29", "elapsed": 45341.144974, "delta": 194.279468}}
{"target": -178.71, "params": {"spark.broadcast.blockSize": 51.29524778622118, "spark.broadcast.checksum": 0.05974353839304103, "spark.broadcast.compress": 0.7299111911305168, "spark.default.parallelism": 255.08032242593413, "spark.executor.cores": 3.9987597499399934, "spark.executor.instances": 6.16647588780984, "spark.executor.memory": 6.408921842971138, "spark.executor.memoryOverhead": 761.8082254735574, "spark.kryoserializer.buffer": 104.23733599782413, "spark.kryoserializer.buffer.max": 46.48505649432256, "spark.locality.wait": 4.929438869306972, "spark.maxRemoteBlockSizeFetchToMem": 1512840346.8046858, "spark.memory.fraction": 0.5723253374426578, "spark.memory.offHeap.enabled": 0.06733277504894186, "spark.memory.offHeap.size": 618.319334723267, "spark.memory.storageFraction": 0.8378963362915464, "spark.rdd.compress": 0.26102586384501314, "spark.reducer.maxBlocksInFlightPerAddress": 1642706534.520894, "spark.reducer.maxReqsInFlight": 1639393515.0817196, "spark.reducer.maxSizeInFlight": 45.17982407755366, "spark.scheduler.mode": 0.5392359781968928, "spark.scheduler.revive.interval": 503.2380719712993, "spark.shuffle.compress": 0.5689354412414533, "spark.shuffle.file.buffer": 42.82814714888141, "spark.shuffle.io.numConnectionsPerPeer": 4.072197794573357, "spark.shuffle.sort.bypassMergeThreshold": 278.63818828401725, "spark.storage.memoryFraction": 0.6665687456752275, "spark.storage.memoryMapThreshold": 2.2515380573221018}, "datetime": {"datetime": "2022-02-01 11:03:36", "elapsed": 45529.050914, "delta": 187.90594}}
{"target": -167.777, "params": {"spark.broadcast.blockSize": 44.42670464581974, "spark.broadcast.checksum": 0.6348235796858349, "spark.broadcast.compress": 0.8721897036798671, "spark.default.parallelism": 348.9965543701988, "spark.executor.cores": 3.6471431973712125, "spark.executor.instances": 7.758152827065402, "spark.executor.memory": 5.239893052739909, "spark.executor.memoryOverhead": 443.5594622646155, "spark.kryoserializer.buffer": 112.82597606703564, "spark.kryoserializer.buffer.max": 45.561738296434456, "spark.locality.wait": 7.631529721163517, "spark.maxRemoteBlockSizeFetchToMem": 2061428835.1802764, "spark.memory.fraction": 0.6982144453473217, "spark.memory.offHeap.enabled": 0.21947600821665203, "spark.memory.offHeap.size": 854.3565834384682, "spark.memory.storageFraction": 0.7932536867204816, "spark.rdd.compress": 0.44723784142734146, "spark.reducer.maxBlocksInFlightPerAddress": 2013876231.7593439, "spark.reducer.maxReqsInFlight": 1867351523.4986653, "spark.reducer.maxSizeInFlight": 54.60168951907988, "spark.scheduler.mode": 0.6795892552333826, "spark.scheduler.revive.interval": 542.711903493965, "spark.shuffle.compress": 0.2790058398691059, "spark.shuffle.file.buffer": 41.89402159970287, "spark.shuffle.io.numConnectionsPerPeer": 2.795583572653297, "spark.shuffle.sort.bypassMergeThreshold": 304.57335462761796, "spark.storage.memoryFraction": 0.5600785261494927, "spark.storage.memoryMapThreshold": 3.7796925221871813}, "datetime": {"datetime": "2022-02-01 11:06:33", "elapsed": 45705.924711, "delta": 176.873797}}
{"target": -148.053, "params": {"spark.broadcast.blockSize": 33.65347463035428, "spark.broadcast.checksum": 0.5228749733974976, "spark.broadcast.compress": 0.9191254598240518, "spark.default.parallelism": 276.35293899547537, "spark.executor.cores": 3.969842423340176, "spark.executor.instances": 7.817933496647555, "spark.executor.memory": 4.952336238643753, "spark.executor.memoryOverhead": 389.0742797224928, "spark.kryoserializer.buffer": 124.00421950337318, "spark.kryoserializer.buffer.max": 52.831371475183914, "spark.locality.wait": 6.466266020169822, "spark.maxRemoteBlockSizeFetchToMem": 1737269377.3812413, "spark.memory.fraction": 0.7063270813259739, "spark.memory.offHeap.enabled": 0.20704849835212136, "spark.memory.offHeap.size": 716.5129136264477, "spark.memory.storageFraction": 0.5924205294829682, "spark.rdd.compress": 0.46512077058021495, "spark.reducer.maxBlocksInFlightPerAddress": 1565013808.7028701, "spark.reducer.maxReqsInFlight": 1099290300.116304, "spark.reducer.maxSizeInFlight": 52.27643721851354, "spark.scheduler.mode": 0.21878444149302645, "spark.scheduler.revive.interval": 593.5738072739297, "spark.shuffle.compress": 0.009824921782468854, "spark.shuffle.file.buffer": 40.90156880270871, "spark.shuffle.io.numConnectionsPerPeer": 3.9072223295754647, "spark.shuffle.sort.bypassMergeThreshold": 239.25643649491337, "spark.storage.memoryFraction": 0.7606952430604486, "spark.storage.memoryMapThreshold": 3.416740124417953}, "datetime": {"datetime": "2022-02-01 11:09:10", "elapsed": 45862.989615, "delta": 157.064904}}
{"target": -159.296, "params": {"spark.broadcast.blockSize": 48.30355766597103, "spark.broadcast.checksum": 0.10106512023901515, "spark.broadcast.compress": 0.828046955405992, "spark.default.parallelism": 287.6818329367423, "spark.executor.cores": 3.979992612294705, "spark.executor.instances": 7.994858361173472, "spark.executor.memory": 4.178011656928203, "spark.executor.memoryOverhead": 663.594495232231, "spark.kryoserializer.buffer": 37.62027540183324, "spark.kryoserializer.buffer.max": 46.25447169196235, "spark.locality.wait": 4.509464814279772, "spark.maxRemoteBlockSizeFetchToMem": 1962359204.6688309, "spark.memory.fraction": 0.7413066584632618, "spark.memory.offHeap.enabled": 0.4469842862641714, "spark.memory.offHeap.size": 845.551086423486, "spark.memory.storageFraction": 0.6763013676118423, "spark.rdd.compress": 0.7005124765362837, "spark.reducer.maxBlocksInFlightPerAddress": 1348114422.5635076, "spark.reducer.maxReqsInFlight": 1277170521.8431804, "spark.reducer.maxSizeInFlight": 49.48332465273287, "spark.scheduler.mode": 0.4145538445469217, "spark.scheduler.revive.interval": 707.7335083519903, "spark.shuffle.compress": 0.13357215838182068, "spark.shuffle.file.buffer": 22.494611979218757, "spark.shuffle.io.numConnectionsPerPeer": 3.5433137712140144, "spark.shuffle.sort.bypassMergeThreshold": 230.51676241710214, "spark.storage.memoryFraction": 0.5753109701704654, "spark.storage.memoryMapThreshold": 2.3938222888725735}, "datetime": {"datetime": "2022-02-01 11:11:59", "elapsed": 46031.221444, "delta": 168.231829}}
{"target": -144.699, "params": {"spark.broadcast.blockSize": 45.976971987763335, "spark.broadcast.checksum": 0.19023263369058874, "spark.broadcast.compress": 0.5158513701601631, "spark.default.parallelism": 207.09392212595046, "spark.executor.cores": 3.972225446094543, "spark.executor.instances": 7.557154828547386, "spark.executor.memory": 3.201264643963981, "spark.executor.memoryOverhead": 469.53200493235533, "spark.kryoserializer.buffer": 73.85466062133221, "spark.kryoserializer.buffer.max": 81.27380355101565, "spark.locality.wait": 6.539203878095659, "spark.maxRemoteBlockSizeFetchToMem": 1477831287.4498491, "spark.memory.fraction": 0.6320346947566928, "spark.memory.offHeap.enabled": 0.294537128965061, "spark.memory.offHeap.size": 697.5901694318508, "spark.memory.storageFraction": 0.65903991962073, "spark.rdd.compress": 0.08406097409359814, "spark.reducer.maxBlocksInFlightPerAddress": 1804971238.8583727, "spark.reducer.maxReqsInFlight": 1280972196.4751184, "spark.reducer.maxSizeInFlight": 58.88637408889713, "spark.scheduler.mode": 0.35830179597083855, "spark.scheduler.revive.interval": 708.0663546127367, "spark.shuffle.compress": 0.1398284674566297, "spark.shuffle.file.buffer": 33.70751811354602, "spark.shuffle.io.numConnectionsPerPeer": 4.87936650379917, "spark.shuffle.sort.bypassMergeThreshold": 301.52807251443613, "spark.storage.memoryFraction": 0.7658718698635634, "spark.storage.memoryMapThreshold": 2.5316089938228146}, "datetime": {"datetime": "2022-02-01 11:14:33", "elapsed": 46185.166456, "delta": 153.945012}}
{"target": -165.922, "params": {"spark.broadcast.blockSize": 49.95819938000775, "spark.broadcast.checksum": 0.8546839463111403, "spark.broadcast.compress": 0.8614848116646355, "spark.default.parallelism": 306.21285153445655, "spark.executor.cores": 3.593159498674917, "spark.executor.instances": 7.856029215704224, "spark.executor.memory": 3.2997306267538673, "spark.executor.memoryOverhead": 679.7491979724462, "spark.kryoserializer.buffer": 97.8006302458499, "spark.kryoserializer.buffer.max": 46.780342091869976, "spark.locality.wait": 6.108634121345617, "spark.maxRemoteBlockSizeFetchToMem": 1777817650.6481547, "spark.memory.fraction": 0.5950547319947355, "spark.memory.offHeap.enabled": 0.1559860506430345, "spark.memory.offHeap.size": 764.2969221131042, "spark.memory.storageFraction": 0.8196068958261205, "spark.rdd.compress": 0.5545105500848949, "spark.reducer.maxBlocksInFlightPerAddress": 1852033434.068632, "spark.reducer.maxReqsInFlight": 1851966284.0660572, "spark.reducer.maxSizeInFlight": 46.29539259318719, "spark.scheduler.mode": 0.730975340999167, "spark.scheduler.revive.interval": 525.834731886125, "spark.shuffle.compress": 0.5161596908766002, "spark.shuffle.file.buffer": 31.878036605916584, "spark.shuffle.io.numConnectionsPerPeer": 4.177409414044812, "spark.shuffle.sort.bypassMergeThreshold": 292.806807632488, "spark.storage.memoryFraction": 0.7262783190776099, "spark.storage.memoryMapThreshold": 3.3216363024196283}, "datetime": {"datetime": "2022-02-01 11:17:28", "elapsed": 46360.209959, "delta": 175.043503}}
{"target": -185.279, "params": {"spark.broadcast.blockSize": 53.7091388361717, "spark.broadcast.checksum": 0.394492668041745, "spark.broadcast.compress": 0.972856420293538, "spark.default.parallelism": 223.00246785695458, "spark.executor.cores": 3.759291656817273, "spark.executor.instances": 7.357237842298801, "spark.executor.memory": 4.164136902673555, "spark.executor.memoryOverhead": 448.2186687754382, "spark.kryoserializer.buffer": 94.68188236162175, "spark.kryoserializer.buffer.max": 51.71189150211768, "spark.locality.wait": 9.87571663828192, "spark.maxRemoteBlockSizeFetchToMem": 1226472638.8031924, "spark.memory.fraction": 0.7879668507780058, "spark.memory.offHeap.enabled": 0.3384065085694117, "spark.memory.offHeap.size": 775.4526044928905, "spark.memory.storageFraction": 0.5746005629863435, "spark.rdd.compress": 0.49538367055760124, "spark.reducer.maxBlocksInFlightPerAddress": 1520363140.038463, "spark.reducer.maxReqsInFlight": 1278067226.1144044, "spark.reducer.maxSizeInFlight": 52.06548905334935, "spark.scheduler.mode": 0.010684106717164688, "spark.scheduler.revive.interval": 513.7861181342842, "spark.shuffle.compress": 0.2986221669226, "spark.shuffle.file.buffer": 47.20821123769375, "spark.shuffle.io.numConnectionsPerPeer": 2.330193860563143, "spark.shuffle.sort.bypassMergeThreshold": 233.87090624800032, "spark.storage.memoryFraction": 0.8471976617788692, "spark.storage.memoryMapThreshold": 1.045514728539234}, "datetime": {"datetime": "2022-02-01 11:20:42", "elapsed": 46554.745425, "delta": 194.535466}}
{"target": -153.517, "params": {"spark.broadcast.blockSize": 55.66095603405382, "spark.broadcast.checksum": 0.31920664101299256, "spark.broadcast.compress": 0.9751331715768395, "spark.default.parallelism": 259.13278554539033, "spark.executor.cores": 3.866410334207967, "spark.executor.instances": 7.894017770074555, "spark.executor.memory": 6.521048981326739, "spark.executor.memoryOverhead": 614.5270750096146, "spark.kryoserializer.buffer": 52.777210031818626, "spark.kryoserializer.buffer.max": 111.20512407516254, "spark.locality.wait": 7.715990415583117, "spark.maxRemoteBlockSizeFetchToMem": 1327744679.4177027, "spark.memory.fraction": 0.600815667731203, "spark.memory.offHeap.enabled": 0.6000608666977346, "spark.memory.offHeap.size": 586.2397694123297, "spark.memory.storageFraction": 0.8910609744458396, "spark.rdd.compress": 0.6990524193931404, "spark.reducer.maxBlocksInFlightPerAddress": 2128400177.8152685, "spark.reducer.maxReqsInFlight": 1213024211.1197026, "spark.reducer.maxSizeInFlight": 56.892037770395326, "spark.scheduler.mode": 0.43824593676663326, "spark.scheduler.revive.interval": 585.1644557497009, "spark.shuffle.compress": 0.3556498942166797, "spark.shuffle.file.buffer": 28.913859077016266, "spark.shuffle.io.numConnectionsPerPeer": 4.814082460164185, "spark.shuffle.sort.bypassMergeThreshold": 257.8626505935622, "spark.storage.memoryFraction": 0.6565729100466621, "spark.storage.memoryMapThreshold": 2.604944221199678}, "datetime": {"datetime": "2022-02-01 11:23:25", "elapsed": 46717.21487, "delta": 162.469445}}
{"target": -178.088, "params": {"spark.broadcast.blockSize": 52.29016994135598, "spark.broadcast.checksum": 0.014330417368087822, "spark.broadcast.compress": 0.6185806777656524, "spark.default.parallelism": 265.25449109366036, "spark.executor.cores": 3.269952439835735, "spark.executor.instances": 7.034396854078006, "spark.executor.memory": 5.245860748936506, "spark.executor.memoryOverhead": 478.85206432299395, "spark.kryoserializer.buffer": 46.33170330508946, "spark.kryoserializer.buffer.max": 71.75280428429112, "spark.locality.wait": 5.100471103942913, "spark.maxRemoteBlockSizeFetchToMem": 1738651406.461193, "spark.memory.fraction": 0.5955493020693546, "spark.memory.offHeap.enabled": 0.29189036535539326, "spark.memory.offHeap.size": 933.5071178872283, "spark.memory.storageFraction": 0.8310819154597353, "spark.rdd.compress": 0.1354088112734695, "spark.reducer.maxBlocksInFlightPerAddress": 2138096968.8223417, "spark.reducer.maxReqsInFlight": 1647411137.2600274, "spark.reducer.maxSizeInFlight": 39.65463185653194, "spark.scheduler.mode": 0.6521527813374082, "spark.scheduler.revive.interval": 502.0915020701456, "spark.shuffle.compress": 0.03021838526861431, "spark.shuffle.file.buffer": 26.34387096316878, "spark.shuffle.io.numConnectionsPerPeer": 4.379542494671536, "spark.shuffle.sort.bypassMergeThreshold": 334.329825550305, "spark.storage.memoryFraction": 0.8997429104340071, "spark.storage.memoryMapThreshold": 1.9758118069981883}, "datetime": {"datetime": "2022-02-01 11:26:32", "elapsed": 46904.338158, "delta": 187.123288}}
{"target": -147.329, "params": {"spark.broadcast.blockSize": 50.30901507179069, "spark.broadcast.checksum": 0.32098272973774833, "spark.broadcast.compress": 0.7724422172375147, "spark.default.parallelism": 243.16546643430672, "spark.executor.cores": 3.744714325976279, "spark.executor.instances": 7.2060385958320765, "spark.executor.memory": 6.477431873121399, "spark.executor.memoryOverhead": 385.06830633489596, "spark.kryoserializer.buffer": 58.93055136746551, "spark.kryoserializer.buffer.max": 45.09585020042096, "spark.locality.wait": 8.98581382001806, "spark.maxRemoteBlockSizeFetchToMem": 1922134192.1214912, "spark.memory.fraction": 0.7072555161891815, "spark.memory.offHeap.enabled": 0.5226188503702287, "spark.memory.offHeap.size": 903.1651832362443, "spark.memory.storageFraction": 0.513803436766824, "spark.rdd.compress": 0.7283585775926679, "spark.reducer.maxBlocksInFlightPerAddress": 1672462914.2695153, "spark.reducer.maxReqsInFlight": 1165986653.5582342, "spark.reducer.maxSizeInFlight": 42.799124810538274, "spark.scheduler.mode": 0.1445050301148707, "spark.scheduler.revive.interval": 676.5400012622129, "spark.shuffle.compress": 0.41352654437182956, "spark.shuffle.file.buffer": 16.653995883234604, "spark.shuffle.io.numConnectionsPerPeer": 4.065614187581902, "spark.shuffle.sort.bypassMergeThreshold": 218.71344269441835, "spark.storage.memoryFraction": 0.6526666190180027, "spark.storage.memoryMapThreshold": 3.8212718361399105}, "datetime": {"datetime": "2022-02-01 11:29:08", "elapsed": 47060.785239, "delta": 156.447081}}
{"target": -157.494, "params": {"spark.broadcast.blockSize": 33.862924443399024, "spark.broadcast.checksum": 0.35799934124111155, "spark.broadcast.compress": 0.6794484751265523, "spark.default.parallelism": 205.5233611082438, "spark.executor.cores": 3.9300009710005392, "spark.executor.instances": 7.6651684184805084, "spark.executor.memory": 5.251447963399203, "spark.executor.memoryOverhead": 435.8451194361153, "spark.kryoserializer.buffer": 127.33219765595942, "spark.kryoserializer.buffer.max": 43.66975177927293, "spark.locality.wait": 5.45990011559463, "spark.maxRemoteBlockSizeFetchToMem": 1831516970.8105974, "spark.memory.fraction": 0.8105588807584285, "spark.memory.offHeap.enabled": 0.3312435965476399, "spark.memory.offHeap.size": 889.9957929102619, "spark.memory.storageFraction": 0.6673911566084505, "spark.rdd.compress": 0.3875803115281512, "spark.reducer.maxBlocksInFlightPerAddress": 2136350771.032391, "spark.reducer.maxReqsInFlight": 1255396292.988789, "spark.reducer.maxSizeInFlight": 43.68583871645071, "spark.scheduler.mode": 0.693641957675314, "spark.scheduler.revive.interval": 557.5148154328206, "spark.shuffle.compress": 0.12855247481923615, "spark.shuffle.file.buffer": 21.77811353626714, "spark.shuffle.io.numConnectionsPerPeer": 1.4781400044914736, "spark.shuffle.sort.bypassMergeThreshold": 276.36599569896634, "spark.storage.memoryFraction": 0.7758575215056369, "spark.storage.memoryMapThreshold": 2.5014689352033783}, "datetime": {"datetime": "2022-02-01 11:31:55", "elapsed": 47227.220515, "delta": 166.435276}}
