{"target": -187.894, "params": {"spark.broadcast.blockSize": 34.08425700976348, "spark.broadcast.checksum": 0.11597794652344284, "spark.broadcast.compress": 0.7756723474454209, "spark.default.parallelism": 250.70105689204829, "spark.executor.cores": 3.3249548248355567, "spark.executor.instances": 7.929711183526578, "spark.executor.memory": 5.753447118270662, "spark.executor.memoryOverhead": 560.5846544703112, "spark.kryoserializer.buffer": 48.58099812557933, "spark.kryoserializer.buffer.max": 87.5341137420942, "spark.locality.wait": 7.562464487474435, "spark.maxRemoteBlockSizeFetchToMem": 1107011798.190783, "spark.memory.fraction": 0.7628885400783652, "spark.memory.offHeap.enabled": 0.39685170637152023, "spark.memory.offHeap.size": 864.795629054348, "spark.memory.storageFraction": 0.7446568010475061, "spark.rdd.compress": 0.4658700319978011, "spark.reducer.maxBlocksInFlightPerAddress": 1803829947.363212, "spark.reducer.maxReqsInFlight": 2030677893.961896, "spark.reducer.maxSizeInFlight": 53.69759440403308, "spark.scheduler.mode": 0.5298552236126757, "spark.scheduler.revive.interval": 649.7066524200882, "spark.shuffle.compress": 0.9913367802319398, "spark.shuffle.file.buffer": 29.575207984382953, "spark.shuffle.io.numConnectionsPerPeer": 3.460302965729235, "spark.shuffle.sort.bypassMergeThreshold": 242.39791575074935, "spark.storage.memoryFraction": 0.7247763155437725, "spark.storage.memoryMapThreshold": 2.1548151105864135}, "datetime": {"datetime": "2022-02-01 07:34:35", "elapsed": 32987.488702, "delta": 196.994159}}
{"target": -159.547, "params": {"spark.broadcast.blockSize": 50.59736348672011, "spark.broadcast.checksum": 0.4705991411787639, "spark.broadcast.compress": 0.46447120766545746, "spark.default.parallelism": 364.30015251170335, "spark.executor.cores": 3.798098128823966, "spark.executor.instances": 7.524094974164488, "spark.executor.memory": 5.498719172460159, "spark.executor.memoryOverhead": 569.6455406592946, "spark.kryoserializer.buffer": 52.66411167788451, "spark.kryoserializer.buffer.max": 40.74928343504055, "spark.locality.wait": 7.7661476107678755, "spark.maxRemoteBlockSizeFetchToMem": 1406003859.1597931, "spark.memory.fraction": 0.6982193424728759, "spark.memory.offHeap.enabled": 0.3048991987481311, "spark.memory.offHeap.size": 822.5382697568066, "spark.memory.storageFraction": 0.8643585047899605, "spark.rdd.compress": 0.08811362813191481, "spark.reducer.maxBlocksInFlightPerAddress": 1984277407.9491537, "spark.reducer.maxReqsInFlight": 1397074792.7285416, "spark.reducer.maxSizeInFlight": 38.82222987576259, "spark.scheduler.mode": 0.5306434209322901, "spark.scheduler.revive.interval": 693.2509086032446, "spark.shuffle.compress": 0.47980401588057353, "spark.shuffle.file.buffer": 30.719018420626462, "spark.shuffle.io.numConnectionsPerPeer": 2.3895451097652676, "spark.shuffle.sort.bypassMergeThreshold": 305.31418224729475, "spark.storage.memoryFraction": 0.5748930395107694, "spark.storage.memoryMapThreshold": 3.0743359172818696}, "datetime": {"datetime": "2022-02-01 07:37:23", "elapsed": 33155.909957, "delta": 168.421255}}
{"target": -161.88, "params": {"spark.broadcast.blockSize": 53.41126663771606, "spark.broadcast.checksum": 0.3808657789462637, "spark.broadcast.compress": 0.47500437400158557, "spark.default.parallelism": 278.4498939059074, "spark.executor.cores": 3.838527076007624, "spark.executor.instances": 7.576962455508431, "spark.executor.memory": 5.79961662628313, "spark.executor.memoryOverhead": 627.3283860880614, "spark.kryoserializer.buffer": 37.07665687107981, "spark.kryoserializer.buffer.max": 68.21337752028049, "spark.locality.wait": 7.860525744343617, "spark.maxRemoteBlockSizeFetchToMem": 1214894226.6562667, "spark.memory.fraction": 0.6870632279150779, "spark.memory.offHeap.enabled": 0.10066500552432767, "spark.memory.offHeap.size": 721.9023691151716, "spark.memory.storageFraction": 0.7594016226371357, "spark.rdd.compress": 0.355469089655027, "spark.reducer.maxBlocksInFlightPerAddress": 1592934740.794895, "spark.reducer.maxReqsInFlight": 1698874045.3140492, "spark.reducer.maxSizeInFlight": 58.57680058202706, "spark.scheduler.mode": 0.4012433559947387, "spark.scheduler.revive.interval": 657.1345371063314, "spark.shuffle.compress": 0.22480955537826508, "spark.shuffle.file.buffer": 31.179199129694627, "spark.shuffle.io.numConnectionsPerPeer": 4.1904034166704545, "spark.shuffle.sort.bypassMergeThreshold": 157.95661063291664, "spark.storage.memoryFraction": 0.5628054119800209, "spark.storage.memoryMapThreshold": 1.9474684194557226}, "datetime": {"datetime": "2022-02-01 07:40:14", "elapsed": 33326.699569, "delta": 170.789612}}
{"target": -157.045, "params": {"spark.broadcast.blockSize": 40.99569997381344, "spark.broadcast.checksum": 0.7046132007770027, "spark.broadcast.compress": 0.7428701551749755, "spark.default.parallelism": 215.261792453475, "spark.executor.cores": 3.9808403865567836, "spark.executor.instances": 7.894000960181078, "spark.executor.memory": 4.927443227922801, "spark.executor.memoryOverhead": 694.3229118764673, "spark.kryoserializer.buffer": 112.08770254024788, "spark.kryoserializer.buffer.max": 44.05623661640592, "spark.locality.wait": 5.699567071040578, "spark.maxRemoteBlockSizeFetchToMem": 1731205267.8891873, "spark.memory.fraction": 0.7959337053714539, "spark.memory.offHeap.enabled": 0.5381577202179397, "spark.memory.offHeap.size": 657.3038496702538, "spark.memory.storageFraction": 0.5479666505910337, "spark.rdd.compress": 0.21853028323033885, "spark.reducer.maxBlocksInFlightPerAddress": 1756957830.8457184, "spark.reducer.maxReqsInFlight": 1755018383.5455108, "spark.reducer.maxSizeInFlight": 47.445973673904675, "spark.scheduler.mode": 0.6884317552625688, "spark.scheduler.revive.interval": 539.5640409653689, "spark.shuffle.compress": 0.6341310057182346, "spark.shuffle.file.buffer": 17.510126900297447, "spark.shuffle.io.numConnectionsPerPeer": 4.398906418363618, "spark.shuffle.sort.bypassMergeThreshold": 298.0960748625909, "spark.storage.memoryFraction": 0.5521066600492756, "spark.storage.memoryMapThreshold": 2.784776904257896}, "datetime": {"datetime": "2022-02-01 07:43:00", "elapsed": 33492.933522, "delta": 166.233953}}
{"target": -150.17, "params": {"spark.broadcast.blockSize": 54.764579836357655, "spark.broadcast.checksum": 0.5390226574877682, "spark.broadcast.compress": 0.9611361386127081, "spark.default.parallelism": 330.94900888779, "spark.executor.cores": 3.7283411169085308, "spark.executor.instances": 7.885793097502298, "spark.executor.memory": 6.218559842130224, "spark.executor.memoryOverhead": 568.693877292207, "spark.kryoserializer.buffer": 69.08455772597605, "spark.kryoserializer.buffer.max": 49.32954284737728, "spark.locality.wait": 8.789136627856475, "spark.maxRemoteBlockSizeFetchToMem": 2087863460.0312111, "spark.memory.fraction": 0.7314198173097526, "spark.memory.offHeap.enabled": 0.2750739777341207, "spark.memory.offHeap.size": 657.3197120593087, "spark.memory.storageFraction": 0.5049065770644126, "spark.rdd.compress": 0.47023777098322883, "spark.reducer.maxBlocksInFlightPerAddress": 1630149668.111258, "spark.reducer.maxReqsInFlight": 1344576589.8154879, "spark.reducer.maxSizeInFlight": 40.81949798274438, "spark.scheduler.mode": 0.7386587957120563, "spark.scheduler.revive.interval": 500.7029367481392, "spark.shuffle.compress": 0.3054290541111826, "spark.shuffle.file.buffer": 38.861266778955795, "spark.shuffle.io.numConnectionsPerPeer": 3.6420026102805205, "spark.shuffle.sort.bypassMergeThreshold": 258.91471738141155, "spark.storage.memoryFraction": 0.7859305428272089, "spark.storage.memoryMapThreshold": 3.944593778131527}, "datetime": {"datetime": "2022-02-01 07:45:40", "elapsed": 33652.185029, "delta": 159.251507}}
{"target": -162.038, "params": {"spark.broadcast.blockSize": 39.2508549912054, "spark.broadcast.checksum": 0.08660334860055574, "spark.broadcast.compress": 0.9218094369451565, "spark.default.parallelism": 384.7443705176205, "spark.executor.cores": 3.6471732858698203, "spark.executor.instances": 7.550724040616329, "spark.executor.memory": 5.11093079187616, "spark.executor.memoryOverhead": 487.72234071909315, "spark.kryoserializer.buffer": 57.973150146344764, "spark.kryoserializer.buffer.max": 107.15464330096755, "spark.locality.wait": 5.600495598401431, "spark.maxRemoteBlockSizeFetchToMem": 1802923535.3026905, "spark.memory.fraction": 0.6499049885588093, "spark.memory.offHeap.enabled": 0.6917802278524032, "spark.memory.offHeap.size": 848.2905391494506, "spark.memory.storageFraction": 0.7243819405917192, "spark.rdd.compress": 0.5724349108539758, "spark.reducer.maxBlocksInFlightPerAddress": 1676909266.992023, "spark.reducer.maxReqsInFlight": 1551654261.8406382, "spark.reducer.maxSizeInFlight": 34.244604590383275, "spark.scheduler.mode": 0.3668748360208387, "spark.scheduler.revive.interval": 528.5565453040324, "spark.shuffle.compress": 0.4253923628895445, "spark.shuffle.file.buffer": 16.83464836489328, "spark.shuffle.io.numConnectionsPerPeer": 4.893505571101109, "spark.shuffle.sort.bypassMergeThreshold": 279.33255097849855, "spark.storage.memoryFraction": 0.6209793996255755, "spark.storage.memoryMapThreshold": 1.809675877021466}, "datetime": {"datetime": "2022-02-01 07:48:31", "elapsed": 33823.225412, "delta": 171.040383}}
{"target": -162.25, "params": {"spark.broadcast.blockSize": 52.286007896903456, "spark.broadcast.checksum": 0.5788765080092244, "spark.broadcast.compress": 0.35483222650094925, "spark.default.parallelism": 393.9642474433263, "spark.executor.cores": 3.8099824425652735, "spark.executor.instances": 7.492857924797098, "spark.executor.memory": 6.593779284351223, "spark.executor.memoryOverhead": 441.64046672814135, "spark.kryoserializer.buffer": 115.44385817738467, "spark.kryoserializer.buffer.max": 88.30835228714093, "spark.locality.wait": 6.733839551810934, "spark.maxRemoteBlockSizeFetchToMem": 1784741137.5516167, "spark.memory.fraction": 0.6674661368256221, "spark.memory.offHeap.enabled": 0.3279337766406216, "spark.memory.offHeap.size": 653.7491400630415, "spark.memory.storageFraction": 0.7277382912525117, "spark.rdd.compress": 0.9397826917427315, "spark.reducer.maxBlocksInFlightPerAddress": 2075069494.5687888, "spark.reducer.maxReqsInFlight": 1225639892.7172108, "spark.reducer.maxSizeInFlight": 41.70176422354037, "spark.scheduler.mode": 0.3207860064319892, "spark.scheduler.revive.interval": 515.1014090962984, "spark.shuffle.compress": 0.799430414630977, "spark.shuffle.file.buffer": 21.152714105962826, "spark.shuffle.io.numConnectionsPerPeer": 3.9423015183040775, "spark.shuffle.sort.bypassMergeThreshold": 335.863617040322, "spark.storage.memoryFraction": 0.6837737232723302, "spark.storage.memoryMapThreshold": 3.3097644397979074}, "datetime": {"datetime": "2022-02-01 07:51:22", "elapsed": 33994.51779, "delta": 171.292378}}
{"target": -159.066, "params": {"spark.broadcast.blockSize": 59.454169970738555, "spark.broadcast.checksum": 0.054087567000238645, "spark.broadcast.compress": 0.9590624061679609, "spark.default.parallelism": 300.7435571527621, "spark.executor.cores": 3.7086948437816387, "spark.executor.instances": 7.9040152479569485, "spark.executor.memory": 6.532357858856317, "spark.executor.memoryOverhead": 572.3723302562834, "spark.kryoserializer.buffer": 51.4678091183535, "spark.kryoserializer.buffer.max": 45.99882401291708, "spark.locality.wait": 8.473860855105219, "spark.maxRemoteBlockSizeFetchToMem": 2062193639.7830975, "spark.memory.fraction": 0.8806607606561604, "spark.memory.offHeap.enabled": 0.2774660539489626, "spark.memory.offHeap.size": 592.5884497762597, "spark.memory.storageFraction": 0.5756092337381595, "spark.rdd.compress": 0.08895955356737661, "spark.reducer.maxBlocksInFlightPerAddress": 2015807389.6556191, "spark.reducer.maxReqsInFlight": 1438560741.3836362, "spark.reducer.maxSizeInFlight": 44.98757852280682, "spark.scheduler.mode": 0.2962986595639491, "spark.scheduler.revive.interval": 586.9015486752111, "spark.shuffle.compress": 0.6057882092388424, "spark.shuffle.file.buffer": 39.62576113215579, "spark.shuffle.io.numConnectionsPerPeer": 4.366934819748465, "spark.shuffle.sort.bypassMergeThreshold": 318.5047106065035, "spark.storage.memoryFraction": 0.8617361026782402, "spark.storage.memoryMapThreshold": 2.2098348279910134}, "datetime": {"datetime": "2022-02-01 07:54:10", "elapsed": 34162.527881, "delta": 168.010091}}
{"target": -158.179, "params": {"spark.broadcast.blockSize": 55.19936018704472, "spark.broadcast.checksum": 0.013898833267724564, "spark.broadcast.compress": 0.6350096813153028, "spark.default.parallelism": 262.0150440971259, "spark.executor.cores": 3.791021177563101, "spark.executor.instances": 7.985899321258481, "spark.executor.memory": 6.9111506422136335, "spark.executor.memoryOverhead": 405.902117188711, "spark.kryoserializer.buffer": 46.13744967990594, "spark.kryoserializer.buffer.max": 84.24141251389217, "spark.locality.wait": 7.127446017587321, "spark.maxRemoteBlockSizeFetchToMem": 1098571496.1140566, "spark.memory.fraction": 0.6054302653362649, "spark.memory.offHeap.enabled": 0.5988486911700259, "spark.memory.offHeap.size": 964.8123750736233, "spark.memory.storageFraction": 0.7808074147168198, "spark.rdd.compress": 0.5117766590508382, "spark.reducer.maxBlocksInFlightPerAddress": 1899787428.8136406, "spark.reducer.maxReqsInFlight": 1567161897.0626264, "spark.reducer.maxSizeInFlight": 44.19680226663111, "spark.scheduler.mode": 0.556935397647105, "spark.scheduler.revive.interval": 525.4620145526908, "spark.shuffle.compress": 0.9187789985515019, "spark.shuffle.file.buffer": 32.76450582544628, "spark.shuffle.io.numConnectionsPerPeer": 4.180600142762893, "spark.shuffle.sort.bypassMergeThreshold": 210.75020119318316, "spark.storage.memoryFraction": 0.6610859936539275, "spark.storage.memoryMapThreshold": 3.060362972278474}, "datetime": {"datetime": "2022-02-01 07:56:57", "elapsed": 34329.731017, "delta": 167.203136}}
{"target": -179.108, "params": {"spark.broadcast.blockSize": 59.90859852702457, "spark.broadcast.checksum": 0.6972550503124333, "spark.broadcast.compress": 0.9604042463435228, "spark.default.parallelism": 293.55419167637626, "spark.executor.cores": 3.6642380713694123, "spark.executor.instances": 7.440157821548114, "spark.executor.memory": 6.412403963940195, "spark.executor.memoryOverhead": 493.26345891564097, "spark.kryoserializer.buffer": 33.04745230750389, "spark.kryoserializer.buffer.max": 61.15482888198478, "spark.locality.wait": 6.1780328058483125, "spark.maxRemoteBlockSizeFetchToMem": 1139102609.3435993, "spark.memory.fraction": 0.7305302518116903, "spark.memory.offHeap.enabled": 0.11114572545960655, "spark.memory.offHeap.size": 757.3815407868989, "spark.memory.storageFraction": 0.6981657056946626, "spark.rdd.compress": 0.608862201638344, "spark.reducer.maxBlocksInFlightPerAddress": 1597031328.105596, "spark.reducer.maxReqsInFlight": 1661568101.644187, "spark.reducer.maxSizeInFlight": 42.905944318497355, "spark.scheduler.mode": 0.5656154928241387, "spark.scheduler.revive.interval": 665.512891559521, "spark.shuffle.compress": 0.47389387098032576, "spark.shuffle.file.buffer": 32.61863616534154, "spark.shuffle.io.numConnectionsPerPeer": 3.37243095678489, "spark.shuffle.sort.bypassMergeThreshold": 273.9075768187518, "spark.storage.memoryFraction": 0.6063137907849109, "spark.storage.memoryMapThreshold": 2.080233380347854}, "datetime": {"datetime": "2022-02-01 08:00:05", "elapsed": 34517.795711, "delta": 188.064694}}
{"target": -180.879, "params": {"spark.broadcast.blockSize": 57.511834628140306, "spark.broadcast.checksum": 0.14744146943704095, "spark.broadcast.compress": 0.8698851447566016, "spark.default.parallelism": 207.13415836457625, "spark.executor.cores": 3.61154680638988, "spark.executor.instances": 6.167702036611175, "spark.executor.memory": 5.062469246044289, "spark.executor.memoryOverhead": 423.43496348356774, "spark.kryoserializer.buffer": 51.90469423894615, "spark.kryoserializer.buffer.max": 80.17925404336793, "spark.locality.wait": 5.308040480832608, "spark.maxRemoteBlockSizeFetchToMem": 1997685176.0695336, "spark.memory.fraction": 0.720626348406409, "spark.memory.offHeap.enabled": 0.13119801281811505, "spark.memory.offHeap.size": 633.5592358530862, "spark.memory.storageFraction": 0.6258542394482515, "spark.rdd.compress": 0.0913219797089132, "spark.reducer.maxBlocksInFlightPerAddress": 1667922065.7956786, "spark.reducer.maxReqsInFlight": 2051495376.409936, "spark.reducer.maxSizeInFlight": 27.053238123154813, "spark.scheduler.mode": 0.553398451286629, "spark.scheduler.revive.interval": 622.3482700729222, "spark.shuffle.compress": 0.16260486901724458, "spark.shuffle.file.buffer": 39.18411153704287, "spark.shuffle.io.numConnectionsPerPeer": 4.9470461618977435, "spark.shuffle.sort.bypassMergeThreshold": 263.0917176110023, "spark.storage.memoryFraction": 0.6816865045917259, "spark.storage.memoryMapThreshold": 3.985301959433157}, "datetime": {"datetime": "2022-02-01 08:03:15", "elapsed": 34707.562689, "delta": 189.766978}}
{"target": -162.197, "params": {"spark.broadcast.blockSize": 60.020658430319756, "spark.broadcast.checksum": 0.20725488193677277, "spark.broadcast.compress": 0.6334862780188854, "spark.default.parallelism": 299.67049046228453, "spark.executor.cores": 3.5711642100228125, "spark.executor.instances": 7.895880699883788, "spark.executor.memory": 6.572872323317564, "spark.executor.memoryOverhead": 446.9009617991597, "spark.kryoserializer.buffer": 56.306789730562144, "spark.kryoserializer.buffer.max": 44.39382991362738, "spark.locality.wait": 6.9684004197416325, "spark.maxRemoteBlockSizeFetchToMem": 1142436053.9121633, "spark.memory.fraction": 0.6781460785431868, "spark.memory.offHeap.enabled": 0.8585618237372409, "spark.memory.offHeap.size": 631.3587160060156, "spark.memory.storageFraction": 0.8628537131245309, "spark.rdd.compress": 0.09753777722898538, "spark.reducer.maxBlocksInFlightPerAddress": 1611700530.4448662, "spark.reducer.maxReqsInFlight": 1878485951.7687845, "spark.reducer.maxSizeInFlight": 47.88632678256225, "spark.scheduler.mode": 0.4763929620316947, "spark.scheduler.revive.interval": 523.6551000069267, "spark.shuffle.compress": 0.3905654086286524, "spark.shuffle.file.buffer": 29.97512523562749, "spark.shuffle.io.numConnectionsPerPeer": 4.677574760942546, "spark.shuffle.sort.bypassMergeThreshold": 308.92553536593744, "spark.storage.memoryFraction": 0.587421497269103, "spark.storage.memoryMapThreshold": 1.95898766664651}, "datetime": {"datetime": "2022-02-01 08:06:06", "elapsed": 34878.994717, "delta": 171.432028}}
{"target": -156.656, "params": {"spark.broadcast.blockSize": 52.622572835857696, "spark.broadcast.checksum": 0.18028077025447453, "spark.broadcast.compress": 0.5213412469390105, "spark.default.parallelism": 269.88385611806865, "spark.executor.cores": 3.9367751831745723, "spark.executor.instances": 7.877710059099959, "spark.executor.memory": 3.062833524625883, "spark.executor.memoryOverhead": 686.1515318330096, "spark.kryoserializer.buffer": 74.01409891456908, "spark.kryoserializer.buffer.max": 39.0578324546515, "spark.locality.wait": 6.455424074097132, "spark.maxRemoteBlockSizeFetchToMem": 1864430148.160375, "spark.memory.fraction": 0.7261907539621955, "spark.memory.offHeap.enabled": 0.5639728591272892, "spark.memory.offHeap.size": 894.6209734544254, "spark.memory.storageFraction": 0.7699213323255578, "spark.rdd.compress": 0.3130162247311101, "spark.reducer.maxBlocksInFlightPerAddress": 1290799146.7711194, "spark.reducer.maxReqsInFlight": 1423735925.0641875, "spark.reducer.maxSizeInFlight": 43.09293523495372, "spark.scheduler.mode": 0.2147807913583083, "spark.scheduler.revive.interval": 622.2015627536445, "spark.shuffle.compress": 0.3836671938793733, "spark.shuffle.file.buffer": 33.33613892249076, "spark.shuffle.io.numConnectionsPerPeer": 3.522315701985839, "spark.shuffle.sort.bypassMergeThreshold": 199.11138116476891, "spark.storage.memoryFraction": 0.7816439615664883, "spark.storage.memoryMapThreshold": 3.0975748151439424}, "datetime": {"datetime": "2022-02-01 08:08:52", "elapsed": 35044.640934, "delta": 165.646217}}
{"target": -176.974, "params": {"spark.broadcast.blockSize": 54.9338758687329, "spark.broadcast.checksum": 0.24777686810272315, "spark.broadcast.compress": 0.3084585444084649, "spark.default.parallelism": 203.565331196645, "spark.executor.cores": 3.4394944735324664, "spark.executor.instances": 7.861631189237599, "spark.executor.memory": 5.528682111853048, "spark.executor.memoryOverhead": 516.4385325362741, "spark.kryoserializer.buffer": 64.28124769833941, "spark.kryoserializer.buffer.max": 46.60249340214421, "spark.locality.wait": 6.834521701739578, "spark.maxRemoteBlockSizeFetchToMem": 1482634269.3292317, "spark.memory.fraction": 0.5006206197290538, "spark.memory.offHeap.enabled": 0.3322548277934989, "spark.memory.offHeap.size": 833.6934052804818, "spark.memory.storageFraction": 0.7199826968482385, "spark.rdd.compress": 0.7614114119005347, "spark.reducer.maxBlocksInFlightPerAddress": 1947127446.7719345, "spark.reducer.maxReqsInFlight": 1643058151.4391646, "spark.reducer.maxSizeInFlight": 38.648565736566546, "spark.scheduler.mode": 0.2340220859333615, "spark.scheduler.revive.interval": 932.4149438125264, "spark.shuffle.compress": 0.23660115385700164, "spark.shuffle.file.buffer": 22.70883728182892, "spark.shuffle.io.numConnectionsPerPeer": 3.951978959471334, "spark.shuffle.sort.bypassMergeThreshold": 193.58389408876542, "spark.storage.memoryFraction": 0.6429296277042089, "spark.storage.memoryMapThreshold": 2.031758281615075}, "datetime": {"datetime": "2022-02-01 08:11:58", "elapsed": 35230.40446, "delta": 185.763526}}
