{"target": -180.409, "params": {"spark.broadcast.blockSize": 52.92254425240113, "spark.broadcast.checksum": 0.5939228375307897, "spark.broadcast.compress": 0.40951188841213737, "spark.default.parallelism": 249.90976271995072, "spark.executor.cores": 3.935879635444671, "spark.executor.instances": 7.033840906539618, "spark.executor.memory": 6.85372532444052, "spark.executor.memoryOverhead": 458.3604535815283, "spark.kryoserializer.buffer": 83.78575414056695, "spark.kryoserializer.buffer.max": 45.59733836272958, "spark.locality.wait": 5.690290965775497, "spark.maxRemoteBlockSizeFetchToMem": 1899712169.7933984, "spark.memory.fraction": 0.8518075138804162, "spark.memory.offHeap.enabled": 0.02666340532310607, "spark.memory.offHeap.size": 674.4807633242242, "spark.memory.storageFraction": 0.5778488774939857, "spark.rdd.compress": 0.6912660031759981, "spark.reducer.maxBlocksInFlightPerAddress": 2088736699.2800534, "spark.reducer.maxReqsInFlight": 1887425422.0346844, "spark.reducer.maxSizeInFlight": 54.95716910802886, "spark.scheduler.mode": 0.4923911769414091, "spark.scheduler.revive.interval": 692.7762297582944, "spark.shuffle.compress": 0.7434655118860035, "spark.shuffle.file.buffer": 23.134645822534115, "spark.shuffle.io.numConnectionsPerPeer": 4.26440077420258, "spark.shuffle.sort.bypassMergeThreshold": 295.3051017063593, "spark.storage.memoryFraction": 0.5896659791212215, "spark.storage.memoryMapThreshold": 2.086615146420633}, "datetime": {"datetime": "2022-02-01 09:35:52", "elapsed": 40264.68751, "delta": 189.400892}}
{"target": -153.585, "params": {"spark.broadcast.blockSize": 50.696649942756196, "spark.broadcast.checksum": 0.15253308231625284, "spark.broadcast.compress": 0.8337889408452623, "spark.default.parallelism": 203.56287875404263, "spark.executor.cores": 3.8023106406858016, "spark.executor.instances": 7.658099250851425, "spark.executor.memory": 3.9636952335302, "spark.executor.memoryOverhead": 420.73505318693225, "spark.kryoserializer.buffer": 107.57046777417884, "spark.kryoserializer.buffer.max": 83.47482452924675, "spark.locality.wait": 5.651924285889735, "spark.maxRemoteBlockSizeFetchToMem": 1995910569.4552553, "spark.memory.fraction": 0.8174603124574273, "spark.memory.offHeap.enabled": 0.728029913194401, "spark.memory.offHeap.size": 928.4068650305244, "spark.memory.storageFraction": 0.7623119081762584, "spark.rdd.compress": 0.9644510688997535, "spark.reducer.maxBlocksInFlightPerAddress": 1430551240.1944714, "spark.reducer.maxReqsInFlight": 1269816923.2792106, "spark.reducer.maxSizeInFlight": 40.46416428125262, "spark.scheduler.mode": 0.3039632576526413, "spark.scheduler.revive.interval": 700.5982265088879, "spark.shuffle.compress": 0.4819579919257986, "spark.shuffle.file.buffer": 36.5968899981156, "spark.shuffle.io.numConnectionsPerPeer": 3.747605173166612, "spark.shuffle.sort.bypassMergeThreshold": 194.43004614855943, "spark.storage.memoryFraction": 0.7023578127717385, "spark.storage.memoryMapThreshold": 3.2753495172752607}, "datetime": {"datetime": "2022-02-01 09:38:35", "elapsed": 40427.102624, "delta": 162.415114}}
{"target": -155.082, "params": {"spark.broadcast.blockSize": 48.64303660620457, "spark.broadcast.checksum": 0.47529654365169605, "spark.broadcast.compress": 0.7930642746514484, "spark.default.parallelism": 277.176771820185, "spark.executor.cores": 3.995726242033098, "spark.executor.instances": 7.533516428069783, "spark.executor.memory": 4.331476925600935, "spark.executor.memoryOverhead": 475.4359212777701, "spark.kryoserializer.buffer": 39.72693275655611, "spark.kryoserializer.buffer.max": 35.13626348113128, "spark.locality.wait": 6.465470825767971, "spark.maxRemoteBlockSizeFetchToMem": 1589086740.1391125, "spark.memory.fraction": 0.6162831728257212, "spark.memory.offHeap.enabled": 0.07608903113399035, "spark.memory.offHeap.size": 1004.2414025546507, "spark.memory.storageFraction": 0.5730197566571399, "spark.rdd.compress": 0.8708129026511745, "spark.reducer.maxBlocksInFlightPerAddress": 2056958515.9432697, "spark.reducer.maxReqsInFlight": 1650022419.768286, "spark.reducer.maxSizeInFlight": 39.404010460283274, "spark.scheduler.mode": 0.4764927814981148, "spark.scheduler.revive.interval": 612.4662333252169, "spark.shuffle.compress": 0.40932809393372616, "spark.shuffle.file.buffer": 40.206166847980995, "spark.shuffle.io.numConnectionsPerPeer": 4.720208684820911, "spark.shuffle.sort.bypassMergeThreshold": 313.6071402028342, "spark.storage.memoryFraction": 0.8632780813867373, "spark.storage.memoryMapThreshold": 1.0028119951782588}, "datetime": {"datetime": "2022-02-01 09:41:19", "elapsed": 40591.466514, "delta": 164.36389}}
{"target": -155.021, "params": {"spark.broadcast.blockSize": 37.774257382246454, "spark.broadcast.checksum": 0.03465884079880022, "spark.broadcast.compress": 0.8077797633554642, "spark.default.parallelism": 226.50976219270927, "spark.executor.cores": 3.9043004674152773, "spark.executor.instances": 7.661346483579756, "spark.executor.memory": 6.353232505965842, "spark.executor.memoryOverhead": 584.633990828521, "spark.kryoserializer.buffer": 53.92746343602762, "spark.kryoserializer.buffer.max": 64.87534811048629, "spark.locality.wait": 6.116071048357865, "spark.maxRemoteBlockSizeFetchToMem": 2119215056.0803332, "spark.memory.fraction": 0.7183853339894986, "spark.memory.offHeap.enabled": 0.8257965341709511, "spark.memory.offHeap.size": 778.0797956354833, "spark.memory.storageFraction": 0.7899252903196304, "spark.rdd.compress": 0.5776548718626197, "spark.reducer.maxBlocksInFlightPerAddress": 1960841452.572147, "spark.reducer.maxReqsInFlight": 1394584072.5760574, "spark.reducer.maxSizeInFlight": 54.976134145512994, "spark.scheduler.mode": 0.28017908957225235, "spark.scheduler.revive.interval": 608.0787610011778, "spark.shuffle.compress": 0.29606583125692476, "spark.shuffle.file.buffer": 35.13518733855969, "spark.shuffle.io.numConnectionsPerPeer": 3.9153922871942832, "spark.shuffle.sort.bypassMergeThreshold": 241.19882898727454, "spark.storage.memoryFraction": 0.7648940955747013, "spark.storage.memoryMapThreshold": 3.969909548346704}, "datetime": {"datetime": "2022-02-01 09:44:03", "elapsed": 40755.511096, "delta": 164.044582}}
{"target": -160.063, "params": {"spark.broadcast.blockSize": 40.309025755035734, "spark.broadcast.checksum": 0.642949496998203, "spark.broadcast.compress": 0.686780030664747, "spark.default.parallelism": 314.22777054978144, "spark.executor.cores": 3.9844603503575886, "spark.executor.instances": 7.964099578695198, "spark.executor.memory": 5.224913632961467, "spark.executor.memoryOverhead": 604.6664906649456, "spark.kryoserializer.buffer": 81.26400386049431, "spark.kryoserializer.buffer.max": 68.80226570561416, "spark.locality.wait": 9.145044356228428, "spark.maxRemoteBlockSizeFetchToMem": 1642721294.1887004, "spark.memory.fraction": 0.5696234814199037, "spark.memory.offHeap.enabled": 0.4113905015875525, "spark.memory.offHeap.size": 615.8821636474606, "spark.memory.storageFraction": 0.5253144226058275, "spark.rdd.compress": 0.8956637233367399, "spark.reducer.maxBlocksInFlightPerAddress": 2088427079.666975, "spark.reducer.maxReqsInFlight": 1809977938.0984178, "spark.reducer.maxSizeInFlight": 38.50066323424597, "spark.scheduler.mode": 0.7305921202323333, "spark.scheduler.revive.interval": 595.1752501100513, "spark.shuffle.compress": 0.34530353982272866, "spark.shuffle.file.buffer": 24.240739215556342, "spark.shuffle.io.numConnectionsPerPeer": 4.488412958702233, "spark.shuffle.sort.bypassMergeThreshold": 313.5495208975692, "spark.storage.memoryFraction": 0.7932314727753138, "spark.storage.memoryMapThreshold": 2.134799798355836}, "datetime": {"datetime": "2022-02-01 09:46:52", "elapsed": 40924.702752, "delta": 169.191656}}
{"target": -159.376, "params": {"spark.broadcast.blockSize": 44.41846800799127, "spark.broadcast.checksum": 0.547426352141166, "spark.broadcast.compress": 0.43444647961651794, "spark.default.parallelism": 257.4609667362464, "spark.executor.cores": 3.877947639674347, "spark.executor.instances": 7.991038034294739, "spark.executor.memory": 4.4854180602526235, "spark.executor.memoryOverhead": 595.8911258791228, "spark.kryoserializer.buffer": 69.16989266311555, "spark.kryoserializer.buffer.max": 32.385852394186685, "spark.locality.wait": 6.622069536062237, "spark.maxRemoteBlockSizeFetchToMem": 1415160911.551455, "spark.memory.fraction": 0.7375842440635778, "spark.memory.offHeap.enabled": 0.33422869046049863, "spark.memory.offHeap.size": 721.0097825057164, "spark.memory.storageFraction": 0.778143406873586, "spark.rdd.compress": 0.6539442564735832, "spark.reducer.maxBlocksInFlightPerAddress": 1913040352.3622012, "spark.reducer.maxReqsInFlight": 1517916987.708881, "spark.reducer.maxSizeInFlight": 51.37019450757664, "spark.scheduler.mode": 0.643727239465102, "spark.scheduler.revive.interval": 741.9862879918662, "spark.shuffle.compress": 0.09379462819461404, "spark.shuffle.file.buffer": 41.366790223163136, "spark.shuffle.io.numConnectionsPerPeer": 2.7901186251711696, "spark.shuffle.sort.bypassMergeThreshold": 220.76661087950583, "spark.storage.memoryFraction": 0.7175842739876327, "spark.storage.memoryMapThreshold": 3.522997016012626}, "datetime": {"datetime": "2022-02-01 09:49:41", "elapsed": 41093.170609, "delta": 168.467857}}
{"target": -159.1, "params": {"spark.broadcast.blockSize": 37.12031881142883, "spark.broadcast.checksum": 0.6482432226888035, "spark.broadcast.compress": 0.7944923022355158, "spark.default.parallelism": 319.0253503709212, "spark.executor.cores": 3.8690136638813986, "spark.executor.instances": 7.782622684103618, "spark.executor.memory": 4.619660774523693, "spark.executor.memoryOverhead": 462.7103763407724, "spark.kryoserializer.buffer": 115.5808289676701, "spark.kryoserializer.buffer.max": 39.47311077657004, "spark.locality.wait": 6.256542338273184, "spark.maxRemoteBlockSizeFetchToMem": 1523425041.9350455, "spark.memory.fraction": 0.5941988038034822, "spark.memory.offHeap.enabled": 0.18001692054091267, "spark.memory.offHeap.size": 889.864975306122, "spark.memory.storageFraction": 0.5724027776026922, "spark.rdd.compress": 0.3450665637891245, "spark.reducer.maxBlocksInFlightPerAddress": 2048987374.8181043, "spark.reducer.maxReqsInFlight": 1501931517.893128, "spark.reducer.maxSizeInFlight": 69.27895881849796, "spark.scheduler.mode": 0.9491999617496505, "spark.scheduler.revive.interval": 611.9207947614858, "spark.shuffle.compress": 0.8754374086025113, "spark.shuffle.file.buffer": 47.97845773799135, "spark.shuffle.io.numConnectionsPerPeer": 4.254199582084041, "spark.shuffle.sort.bypassMergeThreshold": 303.0979506989977, "spark.storage.memoryFraction": 0.8726389793053628, "spark.storage.memoryMapThreshold": 2.202343748637551}, "datetime": {"datetime": "2022-02-01 09:52:29", "elapsed": 41261.440701, "delta": 168.270092}}
{"target": -181.298, "params": {"spark.broadcast.blockSize": 41.92099497674225, "spark.broadcast.checksum": 0.4517646393882393, "spark.broadcast.compress": 0.8175455304101971, "spark.default.parallelism": 311.5394038532279, "spark.executor.cores": 3.4203310118017605, "spark.executor.instances": 7.968063235271437, "spark.executor.memory": 5.5650730774467725, "spark.executor.memoryOverhead": 630.1980238434679, "spark.kryoserializer.buffer": 42.341256774530336, "spark.kryoserializer.buffer.max": 38.22434655016725, "spark.locality.wait": 6.769421615084193, "spark.maxRemoteBlockSizeFetchToMem": 1491725846.1390996, "spark.memory.fraction": 0.5878428705598451, "spark.memory.offHeap.enabled": 0.3610976221936486, "spark.memory.offHeap.size": 534.2607030594779, "spark.memory.storageFraction": 0.8892933447064619, "spark.rdd.compress": 0.4645993953152494, "spark.reducer.maxBlocksInFlightPerAddress": 1729786914.6717033, "spark.reducer.maxReqsInFlight": 2040625067.4535532, "spark.reducer.maxSizeInFlight": 27.839950925473513, "spark.scheduler.mode": 0.7210676287429008, "spark.scheduler.revive.interval": 691.2498525515493, "spark.shuffle.compress": 0.2941766266134366, "spark.shuffle.file.buffer": 21.066220488801108, "spark.shuffle.io.numConnectionsPerPeer": 3.345777020903331, "spark.shuffle.sort.bypassMergeThreshold": 206.88746865112287, "spark.storage.memoryFraction": 0.5474312160626323, "spark.storage.memoryMapThreshold": 2.483970982673032}, "datetime": {"datetime": "2022-02-01 09:55:39", "elapsed": 41451.817255, "delta": 190.376554}}
{"target": -158.509, "params": {"spark.broadcast.blockSize": 60.07213309829668, "spark.broadcast.checksum": 0.1729536356609458, "spark.broadcast.compress": 0.6264985993064751, "spark.default.parallelism": 297.3860721748116, "spark.executor.cores": 3.874720306512146, "spark.executor.instances": 7.600422897041548, "spark.executor.memory": 5.019990232101918, "spark.executor.memoryOverhead": 517.615932855463, "spark.kryoserializer.buffer": 89.58198557529911, "spark.kryoserializer.buffer.max": 79.43724131370415, "spark.locality.wait": 9.175812421210578, "spark.maxRemoteBlockSizeFetchToMem": 1753845435.071109, "spark.memory.fraction": 0.8673290485121193, "spark.memory.offHeap.enabled": 0.6887040957572648, "spark.memory.offHeap.size": 707.6272450568672, "spark.memory.storageFraction": 0.8733488808660497, "spark.rdd.compress": 0.6394135933829763, "spark.reducer.maxBlocksInFlightPerAddress": 1490577188.0558863, "spark.reducer.maxReqsInFlight": 1501722147.181066, "spark.reducer.maxSizeInFlight": 34.1183388735834, "spark.scheduler.mode": 0.5271237767837804, "spark.scheduler.revive.interval": 920.1036167645274, "spark.shuffle.compress": 0.13001325110846096, "spark.shuffle.file.buffer": 18.832217462600298, "spark.shuffle.io.numConnectionsPerPeer": 4.76322292905878, "spark.shuffle.sort.bypassMergeThreshold": 269.4459311059102, "spark.storage.memoryFraction": 0.7339254559345836, "spark.storage.memoryMapThreshold": 3.7227269034941055}, "datetime": {"datetime": "2022-02-01 09:58:27", "elapsed": 41619.421699, "delta": 167.604444}}
{"target": -150.472, "params": {"spark.broadcast.blockSize": 45.0254310072745, "spark.broadcast.checksum": 0.7196608734696945, "spark.broadcast.compress": 0.9816806031242574, "spark.default.parallelism": 243.25365863388765, "spark.executor.cores": 3.6501795724643524, "spark.executor.instances": 7.3287888237763, "spark.executor.memory": 5.434373225470815, "spark.executor.memoryOverhead": 505.5550887249025, "spark.kryoserializer.buffer": 99.85033515551726, "spark.kryoserializer.buffer.max": 70.759331004827, "spark.locality.wait": 5.269070287642522, "spark.maxRemoteBlockSizeFetchToMem": 1833254836.857028, "spark.memory.fraction": 0.5044777593227341, "spark.memory.offHeap.enabled": 0.049897877159723936, "spark.memory.offHeap.size": 803.61633914004, "spark.memory.storageFraction": 0.8412743340455442, "spark.rdd.compress": 0.2938504958801683, "spark.reducer.maxBlocksInFlightPerAddress": 1852997179.9834943, "spark.reducer.maxReqsInFlight": 1458395365.194989, "spark.reducer.maxSizeInFlight": 35.448497373168976, "spark.scheduler.mode": 0.4111709805393269, "spark.scheduler.revive.interval": 621.2603257586906, "spark.shuffle.compress": 0.437791074555857, "spark.shuffle.file.buffer": 30.7237517073615, "spark.shuffle.io.numConnectionsPerPeer": 2.8246689031275305, "spark.shuffle.sort.bypassMergeThreshold": 277.7536059778506, "spark.storage.memoryFraction": 0.6546858507895448, "spark.storage.memoryMapThreshold": 2.6485056646138894}, "datetime": {"datetime": "2022-02-01 10:01:07", "elapsed": 41779.081728, "delta": 159.660029}}
{"target": -151.71, "params": {"spark.broadcast.blockSize": 52.76235593130043, "spark.broadcast.checksum": 0.17228184295472826, "spark.broadcast.compress": 0.6896930888325147, "spark.default.parallelism": 356.82578420154516, "spark.executor.cores": 3.866999614761123, "spark.executor.instances": 7.568508657169953, "spark.executor.memory": 3.7640562520785132, "spark.executor.memoryOverhead": 437.37316610625714, "spark.kryoserializer.buffer": 96.0854878621678, "spark.kryoserializer.buffer.max": 37.99577434344722, "spark.locality.wait": 6.797231519362008, "spark.maxRemoteBlockSizeFetchToMem": 2101549118.2764263, "spark.memory.fraction": 0.7290544165140553, "spark.memory.offHeap.enabled": 0.5205218001474512, "spark.memory.offHeap.size": 881.8883903229636, "spark.memory.storageFraction": 0.7645237054998013, "spark.rdd.compress": 0.5224293777143398, "spark.reducer.maxBlocksInFlightPerAddress": 1664134766.0845141, "spark.reducer.maxReqsInFlight": 1567311559.0027583, "spark.reducer.maxSizeInFlight": 30.617863757496742, "spark.scheduler.mode": 0.8669614114699742, "spark.scheduler.revive.interval": 589.0902008341393, "spark.shuffle.compress": 0.5638548590722519, "spark.shuffle.file.buffer": 46.094451693943114, "spark.shuffle.io.numConnectionsPerPeer": 3.1700499139618734, "spark.shuffle.sort.bypassMergeThreshold": 254.6824746350536, "spark.storage.memoryFraction": 0.7381771457688286, "spark.storage.memoryMapThreshold": 1.0635120996383352}, "datetime": {"datetime": "2022-02-01 10:03:47", "elapsed": 41939.680461, "delta": 160.598733}}
{"target": -172.741, "params": {"spark.broadcast.blockSize": 41.55396549526907, "spark.broadcast.checksum": 0.04008307074409312, "spark.broadcast.compress": 0.42342669023584534, "spark.default.parallelism": 200.3409902071875, "spark.executor.cores": 3.453347903094811, "spark.executor.instances": 7.740391907473113, "spark.executor.memory": 5.80307157363703, "spark.executor.memoryOverhead": 400.65494909797184, "spark.kryoserializer.buffer": 88.7165605659568, "spark.kryoserializer.buffer.max": 46.961824342266596, "spark.locality.wait": 5.220034666063119, "spark.maxRemoteBlockSizeFetchToMem": 1726124514.248066, "spark.memory.fraction": 0.6569441018710869, "spark.memory.offHeap.enabled": 0.5285414687024548, "spark.memory.offHeap.size": 842.2283217177778, "spark.memory.storageFraction": 0.5835027008321285, "spark.rdd.compress": 0.41539309312182404, "spark.reducer.maxBlocksInFlightPerAddress": 1993610328.4113157, "spark.reducer.maxReqsInFlight": 1247844807.7602677, "spark.reducer.maxSizeInFlight": 34.99845023024709, "spark.scheduler.mode": 0.8632900634972633, "spark.scheduler.revive.interval": 577.6488030055759, "spark.shuffle.compress": 0.09984234514772827, "spark.shuffle.file.buffer": 29.854707533000024, "spark.shuffle.io.numConnectionsPerPeer": 4.467528470843526, "spark.shuffle.sort.bypassMergeThreshold": 209.44546941183012, "spark.storage.memoryFraction": 0.8940366029706561, "spark.storage.memoryMapThreshold": 2.946736842847428}, "datetime": {"datetime": "2022-02-01 10:06:49", "elapsed": 42121.756199, "delta": 182.075738}}
{"target": -154.735, "params": {"spark.broadcast.blockSize": 58.14983506966952, "spark.broadcast.checksum": 0.35808612484411595, "spark.broadcast.compress": 0.8540345788091082, "spark.default.parallelism": 221.65824806913338, "spark.executor.cores": 3.761810112076111, "spark.executor.instances": 7.61675242336292, "spark.executor.memory": 4.553040163220258, "spark.executor.memoryOverhead": 543.2840938624286, "spark.kryoserializer.buffer": 84.83422388429094, "spark.kryoserializer.buffer.max": 79.97636790980157, "spark.locality.wait": 5.737769062471733, "spark.maxRemoteBlockSizeFetchToMem": 1659856684.2170258, "spark.memory.fraction": 0.7196735772312013, "spark.memory.offHeap.enabled": 0.5072159704397494, "spark.memory.offHeap.size": 772.548001312435, "spark.memory.storageFraction": 0.8723787708883248, "spark.rdd.compress": 0.2443448031206592, "spark.reducer.maxBlocksInFlightPerAddress": 1682559191.6542387, "spark.reducer.maxReqsInFlight": 1860264236.8056135, "spark.reducer.maxSizeInFlight": 28.891101391913317, "spark.scheduler.mode": 0.833516566560454, "spark.scheduler.revive.interval": 565.3946243341063, "spark.shuffle.compress": 0.7721581574696181, "spark.shuffle.file.buffer": 42.49727455211364, "spark.shuffle.io.numConnectionsPerPeer": 4.115999231657852, "spark.shuffle.sort.bypassMergeThreshold": 287.7811132056038, "spark.storage.memoryFraction": 0.7486130881377588, "spark.storage.memoryMapThreshold": 3.330683267810427}, "datetime": {"datetime": "2022-02-01 10:09:33", "elapsed": 42285.733047, "delta": 163.976848}}
{"target": -155.921, "params": {"spark.broadcast.blockSize": 35.446274935175076, "spark.broadcast.checksum": 0.7111932297648206, "spark.broadcast.compress": 0.6202247830378432, "spark.default.parallelism": 225.67091868507754, "spark.executor.cores": 3.963449187159509, "spark.executor.instances": 7.9494113279123475, "spark.executor.memory": 5.83514970795223, "spark.executor.memoryOverhead": 402.6568592839649, "spark.kryoserializer.buffer": 75.96893123691271, "spark.kryoserializer.buffer.max": 32.37240900798784, "spark.locality.wait": 5.0590315900823075, "spark.maxRemoteBlockSizeFetchToMem": 1399417640.8239536, "spark.memory.fraction": 0.8104295982966534, "spark.memory.offHeap.enabled": 0.6029779565711887, "spark.memory.offHeap.size": 724.4218863465342, "spark.memory.storageFraction": 0.831506398678274, "spark.rdd.compress": 0.04774654665737699, "spark.reducer.maxBlocksInFlightPerAddress": 1437328983.009254, "spark.reducer.maxReqsInFlight": 1879553872.5758085, "spark.reducer.maxSizeInFlight": 40.46637842415848, "spark.scheduler.mode": 0.6222233943237637, "spark.scheduler.revive.interval": 656.1196094828975, "spark.shuffle.compress": 0.1996039049193722, "spark.shuffle.file.buffer": 35.89873110802799, "spark.shuffle.io.numConnectionsPerPeer": 2.718998195027563, "spark.shuffle.sort.bypassMergeThreshold": 258.9799287026068, "spark.storage.memoryFraction": 0.616436259364321, "spark.storage.memoryMapThreshold": 3.44854976735947}, "datetime": {"datetime": "2022-02-01 10:12:18", "elapsed": 42450.625757, "delta": 164.89271}}
