{"target": -152.956, "params": {"spark.broadcast.blockSize": 54.8359795293639, "spark.broadcast.checksum": 0.20348856321085673, "spark.broadcast.compress": 0.3931418212088289, "spark.default.parallelism": 329.57137661216564, "spark.executor.cores": 3.7911446242950717, "spark.executor.instances": 6.8184783993291145, "spark.executor.memory": 3.1870367989980393, "spark.executor.memoryOverhead": 550.89568146913, "spark.kryoserializer.buffer": 55.75084331326971, "spark.kryoserializer.buffer.max": 93.8967079342474, "spark.locality.wait": 6.032203838429106, "spark.maxRemoteBlockSizeFetchToMem": 1889195531.3519154, "spark.memory.fraction": 0.5223246592823599, "spark.memory.offHeap.enabled": 0.23201850023491288, "spark.memory.offHeap.size": 802.3233916696977, "spark.memory.storageFraction": 0.6700144025087768, "spark.rdd.compress": 0.23013078099816808, "spark.reducer.maxBlocksInFlightPerAddress": 1932437020.6780534, "spark.reducer.maxReqsInFlight": 1864198287.7424452, "spark.reducer.maxSizeInFlight": 25.246503603550075, "spark.scheduler.mode": 0.40291206582982686, "spark.scheduler.revive.interval": 588.6232499437045, "spark.shuffle.compress": 0.4409684307725683, "spark.shuffle.file.buffer": 29.133916356961837, "spark.shuffle.io.numConnectionsPerPeer": 4.738711919066829, "spark.shuffle.sort.bypassMergeThreshold": 345.8233480517257, "spark.storage.memoryFraction": 0.6494812004441296, "spark.storage.memoryMapThreshold": 1.736174391531354}, "datetime": {"datetime": "2022-02-01 12:14:17", "elapsed": 49769.590575, "delta": 162.017238}}
{"target": -169.246, "params": {"spark.broadcast.blockSize": 35.73922902633189, "spark.broadcast.checksum": 0.6955772008883043, "spark.broadcast.compress": 0.8956038087262854, "spark.default.parallelism": 223.97781497425964, "spark.executor.cores": 3.959540897344641, "spark.executor.instances": 6.887114419063844, "spark.executor.memory": 6.600797279668122, "spark.executor.memoryOverhead": 408.04752161052113, "spark.kryoserializer.buffer": 101.33950531478733, "spark.kryoserializer.buffer.max": 118.16638209578481, "spark.locality.wait": 4.028564596404012, "spark.maxRemoteBlockSizeFetchToMem": 2059011950.4923818, "spark.memory.fraction": 0.8929243882655431, "spark.memory.offHeap.enabled": 0.11898272640538077, "spark.memory.offHeap.size": 694.1623505767252, "spark.memory.storageFraction": 0.7248068287331868, "spark.rdd.compress": 0.6836875934101366, "spark.reducer.maxBlocksInFlightPerAddress": 1620616910.3759906, "spark.reducer.maxReqsInFlight": 1217426514.1897912, "spark.reducer.maxSizeInFlight": 70.57316108360287, "spark.scheduler.mode": 0.4590251842675801, "spark.scheduler.revive.interval": 538.1376965162317, "spark.shuffle.compress": 0.6300191681976837, "spark.shuffle.file.buffer": 45.59720786304718, "spark.shuffle.io.numConnectionsPerPeer": 2.769311694234596, "spark.shuffle.sort.bypassMergeThreshold": 339.6699791226953, "spark.storage.memoryFraction": 0.655675568396192, "spark.storage.memoryMapThreshold": 1.8858650762927436}, "datetime": {"datetime": "2022-02-01 12:17:16", "elapsed": 49948.149723, "delta": 178.559148}}
{"target": -177.003, "params": {"spark.broadcast.blockSize": 45.8249253425398, "spark.broadcast.checksum": 0.5595491956553049, "spark.broadcast.compress": 0.7515584009833833, "spark.default.parallelism": 235.2922561868508, "spark.executor.cores": 3.374512834866386, "spark.executor.instances": 7.294765661872836, "spark.executor.memory": 4.43186884373311, "spark.executor.memoryOverhead": 653.8794079180695, "spark.kryoserializer.buffer": 75.03481523542109, "spark.kryoserializer.buffer.max": 46.51453409369162, "spark.locality.wait": 4.646899123189583, "spark.maxRemoteBlockSizeFetchToMem": 1330523324.412706, "spark.memory.fraction": 0.610355974506909, "spark.memory.offHeap.enabled": 0.22091638286898385, "spark.memory.offHeap.size": 773.1764100847989, "spark.memory.storageFraction": 0.6276695575534522, "spark.rdd.compress": 0.4019716145687825, "spark.reducer.maxBlocksInFlightPerAddress": 1660071026.4705753, "spark.reducer.maxReqsInFlight": 1330105246.3363192, "spark.reducer.maxSizeInFlight": 45.67023815724913, "spark.scheduler.mode": 0.52788758225667, "spark.scheduler.revive.interval": 603.9636588571212, "spark.shuffle.compress": 0.41504182433631776, "spark.shuffle.file.buffer": 38.84379780040248, "spark.shuffle.io.numConnectionsPerPeer": 4.655492691229429, "spark.shuffle.sort.bypassMergeThreshold": 215.97231856323359, "spark.storage.memoryFraction": 0.8861021164491416, "spark.storage.memoryMapThreshold": 2.178530460503991}, "datetime": {"datetime": "2022-02-01 12:20:21", "elapsed": 50134.017691, "delta": 185.867968}}
{"target": -151.472, "params": {"spark.broadcast.blockSize": 45.69460932989176, "spark.broadcast.checksum": 0.20645395355883445, "spark.broadcast.compress": 0.8020499430470168, "spark.default.parallelism": 347.7792283847731, "spark.executor.cores": 3.84971321008401, "spark.executor.instances": 6.993679521376744, "spark.executor.memory": 3.831286706808197, "spark.executor.memoryOverhead": 565.3190184129412, "spark.kryoserializer.buffer": 116.63195650498575, "spark.kryoserializer.buffer.max": 70.61008906676446, "spark.locality.wait": 5.478014769092914, "spark.maxRemoteBlockSizeFetchToMem": 1946106529.7451854, "spark.memory.fraction": 0.8315072731997899, "spark.memory.offHeap.enabled": 0.1716568436841791, "spark.memory.offHeap.size": 727.0636236620285, "spark.memory.storageFraction": 0.822232294755352, "spark.rdd.compress": 0.5944625488835762, "spark.reducer.maxBlocksInFlightPerAddress": 1965355196.541277, "spark.reducer.maxReqsInFlight": 1086708928.633484, "spark.reducer.maxSizeInFlight": 36.02769875442418, "spark.scheduler.mode": 0.35397072408745645, "spark.scheduler.revive.interval": 602.7392492257485, "spark.shuffle.compress": 0.04582510390003536, "spark.shuffle.file.buffer": 26.587392846292904, "spark.shuffle.io.numConnectionsPerPeer": 3.5690859142709037, "spark.shuffle.sort.bypassMergeThreshold": 194.16411808096024, "spark.storage.memoryFraction": 0.873778842484712, "spark.storage.memoryMapThreshold": 2.1038499819048697}, "datetime": {"datetime": "2022-02-01 12:23:02", "elapsed": 50294.396619, "delta": 160.378928}}
{"target": -181.798, "params": {"spark.broadcast.blockSize": 56.63632802988674, "spark.broadcast.checksum": 0.3791435232843394, "spark.broadcast.compress": 0.93603290242167, "spark.default.parallelism": 337.64723516120296, "spark.executor.cores": 3.726746390561641, "spark.executor.instances": 6.1401326249691826, "spark.executor.memory": 4.885067135581264, "spark.executor.memoryOverhead": 414.01889430204244, "spark.kryoserializer.buffer": 100.3979050916728, "spark.kryoserializer.buffer.max": 114.23411379139614, "spark.locality.wait": 8.26396745713955, "spark.maxRemoteBlockSizeFetchToMem": 1774956076.3881888, "spark.memory.fraction": 0.5561097999456481, "spark.memory.offHeap.enabled": 0.24692837523811062, "spark.memory.offHeap.size": 575.4317120821835, "spark.memory.storageFraction": 0.6488058941471582, "spark.rdd.compress": 0.49641228372567325, "spark.reducer.maxBlocksInFlightPerAddress": 1961378564.185267, "spark.reducer.maxReqsInFlight": 1466423515.8950477, "spark.reducer.maxSizeInFlight": 35.22592056140742, "spark.scheduler.mode": 0.33948503264978747, "spark.scheduler.revive.interval": 504.03670854929624, "spark.shuffle.compress": 0.7408409070521237, "spark.shuffle.file.buffer": 26.443208441749675, "spark.shuffle.io.numConnectionsPerPeer": 4.218860185568276, "spark.shuffle.sort.bypassMergeThreshold": 265.8450608387541, "spark.storage.memoryFraction": 0.8823738221926676, "spark.storage.memoryMapThreshold": 3.502843661127529}, "datetime": {"datetime": "2022-02-01 12:26:13", "elapsed": 50485.351668, "delta": 190.955049}}
{"target": -183.372, "params": {"spark.broadcast.blockSize": 53.11572451562016, "spark.broadcast.checksum": 0.06889054811978002, "spark.broadcast.compress": 0.9606127009045762, "spark.default.parallelism": 208.32031913321578, "spark.executor.cores": 3.9118582654672567, "spark.executor.instances": 7.488347728167444, "spark.executor.memory": 3.064882202697821, "spark.executor.memoryOverhead": 498.07125803095863, "spark.kryoserializer.buffer": 90.5321260509353, "spark.kryoserializer.buffer.max": 100.82509366489128, "spark.locality.wait": 5.850642000928881, "spark.maxRemoteBlockSizeFetchToMem": 1976539759.1840582, "spark.memory.fraction": 0.6276594254665173, "spark.memory.offHeap.enabled": 0.6209883305004268, "spark.memory.offHeap.size": 747.393498855854, "spark.memory.storageFraction": 0.7280344542301062, "spark.rdd.compress": 0.8223317839527303, "spark.reducer.maxBlocksInFlightPerAddress": 1902209735.6999943, "spark.reducer.maxReqsInFlight": 1330238243.6081676, "spark.reducer.maxSizeInFlight": 34.17543225243729, "spark.scheduler.mode": 0.23578072713217912, "spark.scheduler.revive.interval": 803.853072951663, "spark.shuffle.compress": 0.14266951456599664, "spark.shuffle.file.buffer": 16.203617484753487, "spark.shuffle.io.numConnectionsPerPeer": 3.232724168921239, "spark.shuffle.sort.bypassMergeThreshold": 280.2016984870062, "spark.storage.memoryFraction": 0.6626655046236558, "spark.storage.memoryMapThreshold": 3.464976326789997}, "datetime": {"datetime": "2022-02-01 12:29:25", "elapsed": 50677.873454, "delta": 192.521786}}
{"target": -150.056, "params": {"spark.broadcast.blockSize": 52.3081666607865, "spark.broadcast.checksum": 0.012004085187764968, "spark.broadcast.compress": 0.8417538101338292, "spark.default.parallelism": 265.64799362468034, "spark.executor.cores": 3.5238557817528164, "spark.executor.instances": 7.631741941274079, "spark.executor.memory": 6.697659048650609, "spark.executor.memoryOverhead": 447.7574532901379, "spark.kryoserializer.buffer": 80.22047481625967, "spark.kryoserializer.buffer.max": 38.654751859570176, "spark.locality.wait": 7.5526629011145, "spark.maxRemoteBlockSizeFetchToMem": 1641180665.010049, "spark.memory.fraction": 0.8696369552596093, "spark.memory.offHeap.enabled": 0.46490339799932023, "spark.memory.offHeap.size": 832.8500905511899, "spark.memory.storageFraction": 0.7958141085496442, "spark.rdd.compress": 0.22776458102253128, "spark.reducer.maxBlocksInFlightPerAddress": 1437612838.3392677, "spark.reducer.maxReqsInFlight": 1727116040.7464395, "spark.reducer.maxSizeInFlight": 37.60141362413727, "spark.scheduler.mode": 0.3911610697843717, "spark.scheduler.revive.interval": 904.2075610976225, "spark.shuffle.compress": 0.15306164768762154, "spark.shuffle.file.buffer": 17.436355168646514, "spark.shuffle.io.numConnectionsPerPeer": 3.8854630652604913, "spark.shuffle.sort.bypassMergeThreshold": 238.00494288515824, "spark.storage.memoryFraction": 0.6121082480108726, "spark.storage.memoryMapThreshold": 3.115339954788761}, "datetime": {"datetime": "2022-02-01 12:32:05", "elapsed": 50837.219482, "delta": 159.346028}}
{"target": -154.285, "params": {"spark.broadcast.blockSize": 57.735333393369764, "spark.broadcast.checksum": 0.5213037534163608, "spark.broadcast.compress": 0.4468566107880857, "spark.default.parallelism": 240.50579718118786, "spark.executor.cores": 3.61146631540814, "spark.executor.instances": 7.025247010901326, "spark.executor.memory": 4.933261137553858, "spark.executor.memoryOverhead": 458.7028705909663, "spark.kryoserializer.buffer": 106.27345475082826, "spark.kryoserializer.buffer.max": 77.71365405121847, "spark.locality.wait": 4.553289210664054, "spark.maxRemoteBlockSizeFetchToMem": 1719240301.8612921, "spark.memory.fraction": 0.6066510780157641, "spark.memory.offHeap.enabled": 0.46811737935866304, "spark.memory.offHeap.size": 601.1581385421048, "spark.memory.storageFraction": 0.8453344398145852, "spark.rdd.compress": 0.5265180843838361, "spark.reducer.maxBlocksInFlightPerAddress": 1992567892.2475693, "spark.reducer.maxReqsInFlight": 1935662639.3757527, "spark.reducer.maxSizeInFlight": 55.32411822749141, "spark.scheduler.mode": 0.31366263344466705, "spark.scheduler.revive.interval": 673.4103632378692, "spark.shuffle.compress": 0.02054836230606194, "spark.shuffle.file.buffer": 29.7597826610914, "spark.shuffle.io.numConnectionsPerPeer": 4.9212993334822865, "spark.shuffle.sort.bypassMergeThreshold": 327.8204793770559, "spark.storage.memoryFraction": 0.7248135295640932, "spark.storage.memoryMapThreshold": 1.7333521283943605}, "datetime": {"datetime": "2022-02-01 12:34:48", "elapsed": 51000.59325, "delta": 163.373768}}
{"target": -175.586, "params": {"spark.broadcast.blockSize": 56.93353504446838, "spark.broadcast.checksum": 0.5325590854340867, "spark.broadcast.compress": 0.46146227989214206, "spark.default.parallelism": 330.95115857867296, "spark.executor.cores": 3.533844004138376, "spark.executor.instances": 6.478946589788125, "spark.executor.memory": 6.015554983027499, "spark.executor.memoryOverhead": 474.7272998545477, "spark.kryoserializer.buffer": 70.97873283049006, "spark.kryoserializer.buffer.max": 77.52838589011544, "spark.locality.wait": 8.050580924498975, "spark.maxRemoteBlockSizeFetchToMem": 1538158524.7778285, "spark.memory.fraction": 0.7652095351780033, "spark.memory.offHeap.enabled": 0.2660297510782005, "spark.memory.offHeap.size": 799.0679898564799, "spark.memory.storageFraction": 0.5786043339796114, "spark.rdd.compress": 0.4356169821127591, "spark.reducer.maxBlocksInFlightPerAddress": 2140708633.8876445, "spark.reducer.maxReqsInFlight": 1419244000.4446507, "spark.reducer.maxSizeInFlight": 46.04179114655021, "spark.scheduler.mode": 0.24586338019119403, "spark.scheduler.revive.interval": 561.8583198539499, "spark.shuffle.compress": 0.4070888882341609, "spark.shuffle.file.buffer": 25.130872791915785, "spark.shuffle.io.numConnectionsPerPeer": 4.488784960556384, "spark.shuffle.sort.bypassMergeThreshold": 287.0103513165691, "spark.storage.memoryFraction": 0.7466009982870258, "spark.storage.memoryMapThreshold": 2.409736886225073}, "datetime": {"datetime": "2022-02-01 12:37:53", "elapsed": 51185.14576, "delta": 184.55251}}
{"target": -155.612, "params": {"spark.broadcast.blockSize": 35.94676970037679, "spark.broadcast.checksum": 0.8447452972531065, "spark.broadcast.compress": 0.4784856755610474, "spark.default.parallelism": 257.4022284257447, "spark.executor.cores": 3.9566196019592503, "spark.executor.instances": 7.495876183952378, "spark.executor.memory": 5.021552737033241, "spark.executor.memoryOverhead": 406.513051428903, "spark.kryoserializer.buffer": 83.86471230240956, "spark.kryoserializer.buffer.max": 32.21902948836296, "spark.locality.wait": 5.340613103218141, "spark.maxRemoteBlockSizeFetchToMem": 2065725963.0186903, "spark.memory.fraction": 0.7888751691294684, "spark.memory.offHeap.enabled": 0.37527273417921114, "spark.memory.offHeap.size": 633.01835020933, "spark.memory.storageFraction": 0.8159770196332969, "spark.rdd.compress": 0.22766470364102576, "spark.reducer.maxBlocksInFlightPerAddress": 1718818971.990411, "spark.reducer.maxReqsInFlight": 1108721806.7241898, "spark.reducer.maxSizeInFlight": 31.95633383912506, "spark.scheduler.mode": 0.390094621135731, "spark.scheduler.revive.interval": 618.0651283517496, "spark.shuffle.compress": 0.20775132712727662, "spark.shuffle.file.buffer": 32.80265834865771, "spark.shuffle.io.numConnectionsPerPeer": 3.292447584204423, "spark.shuffle.sort.bypassMergeThreshold": 271.88497016206844, "spark.storage.memoryFraction": 0.7819124888423985, "spark.storage.memoryMapThreshold": 1.979667825253321}, "datetime": {"datetime": "2022-02-01 12:40:37", "elapsed": 51349.771306, "delta": 164.625546}}
{"target": -154.109, "params": {"spark.broadcast.blockSize": 56.04915911399776, "spark.broadcast.checksum": 0.06448263865297976, "spark.broadcast.compress": 0.10239932644733196, "spark.default.parallelism": 292.74135928943934, "spark.executor.cores": 3.903086937215111, "spark.executor.instances": 7.658326363909967, "spark.executor.memory": 3.5321301245131944, "spark.executor.memoryOverhead": 533.8090621957325, "spark.kryoserializer.buffer": 46.68740978410122, "spark.kryoserializer.buffer.max": 90.45866037649077, "spark.locality.wait": 8.075185195057356, "spark.maxRemoteBlockSizeFetchToMem": 1749867374.2260835, "spark.memory.fraction": 0.8514570393479121, "spark.memory.offHeap.enabled": 0.1686403893071745, "spark.memory.offHeap.size": 983.2212392665415, "spark.memory.storageFraction": 0.7589361224960065, "spark.rdd.compress": 0.3498501258146993, "spark.reducer.maxBlocksInFlightPerAddress": 1704498923.7317028, "spark.reducer.maxReqsInFlight": 1718298079.5389607, "spark.reducer.maxSizeInFlight": 53.16046082968117, "spark.scheduler.mode": 0.3819328821119492, "spark.scheduler.revive.interval": 584.8048369400748, "spark.shuffle.compress": 0.31052159148681935, "spark.shuffle.file.buffer": 29.48202339722768, "spark.shuffle.io.numConnectionsPerPeer": 3.9404180767131365, "spark.shuffle.sort.bypassMergeThreshold": 199.06649883367956, "spark.storage.memoryFraction": 0.8116225681526952, "spark.storage.memoryMapThreshold": 3.390345932242306}, "datetime": {"datetime": "2022-02-01 12:43:21", "elapsed": 51513.182363, "delta": 163.411057}}
{"target": -161.606, "params": {"spark.broadcast.blockSize": 61.46212412989321, "spark.broadcast.checksum": 0.27097866230232603, "spark.broadcast.compress": 0.6918004200791469, "spark.default.parallelism": 328.3102457159674, "spark.executor.cores": 3.841621282563638, "spark.executor.instances": 7.710549318640654, "spark.executor.memory": 4.774814431154724, "spark.executor.memoryOverhead": 675.2270192271249, "spark.kryoserializer.buffer": 85.0935963913804, "spark.kryoserializer.buffer.max": 41.41446401703732, "spark.locality.wait": 6.01887974358657, "spark.maxRemoteBlockSizeFetchToMem": 1768089144.7862759, "spark.memory.fraction": 0.5325565738240695, "spark.memory.offHeap.enabled": 0.537110791217209, "spark.memory.offHeap.size": 844.8338957163019, "spark.memory.storageFraction": 0.7352931818963411, "spark.rdd.compress": 0.24863538962350085, "spark.reducer.maxBlocksInFlightPerAddress": 1811585698.0151603, "spark.reducer.maxReqsInFlight": 1741413463.551568, "spark.reducer.maxSizeInFlight": 44.68029300514637, "spark.scheduler.mode": 0.6882478629718709, "spark.scheduler.revive.interval": 543.8453026323414, "spark.shuffle.compress": 0.2776850551422807, "spark.shuffle.file.buffer": 30.07380145849289, "spark.shuffle.io.numConnectionsPerPeer": 3.3006632036653487, "spark.shuffle.sort.bypassMergeThreshold": 216.37325141620528, "spark.storage.memoryFraction": 0.6903659030453906, "spark.storage.memoryMapThreshold": 3.2208734235849428}, "datetime": {"datetime": "2022-02-01 12:46:11", "elapsed": 51683.889757, "delta": 170.707394}}
{"target": -210.924, "params": {"spark.broadcast.blockSize": 46.33382232043151, "spark.broadcast.checksum": 0.5384809383301374, "spark.broadcast.compress": 0.72280511973886, "spark.default.parallelism": 226.1280123296907, "spark.executor.cores": 3.47369604968876, "spark.executor.instances": 6.7806904738817755, "spark.executor.memory": 4.6184798216740255, "spark.executor.memoryOverhead": 678.5613594216628, "spark.kryoserializer.buffer": 109.68542457474453, "spark.kryoserializer.buffer.max": 45.96592099983826, "spark.locality.wait": 4.794748895053125, "spark.maxRemoteBlockSizeFetchToMem": 2067335239.186244, "spark.memory.fraction": 0.6182108358897158, "spark.memory.offHeap.enabled": 0.3178676563359365, "spark.memory.offHeap.size": 752.3982309036514, "spark.memory.storageFraction": 0.5128322794824276, "spark.rdd.compress": 0.42877421022809903, "spark.reducer.maxBlocksInFlightPerAddress": 1868355401.7630708, "spark.reducer.maxReqsInFlight": 1196290740.7546544, "spark.reducer.maxSizeInFlight": 55.99514890268646, "spark.scheduler.mode": 0.2876628564488819, "spark.scheduler.revive.interval": 524.3707864852781, "spark.shuffle.compress": 0.29127412398107533, "spark.shuffle.file.buffer": 47.881625461870094, "spark.shuffle.io.numConnectionsPerPeer": 4.4848744118389785, "spark.shuffle.sort.bypassMergeThreshold": 200.19044623521003, "spark.storage.memoryFraction": 0.8512988996741271, "spark.storage.memoryMapThreshold": 3.5762643832055354}, "datetime": {"datetime": "2022-02-01 12:49:51", "elapsed": 51903.855511, "delta": 219.965754}}
{"target": -165.511, "params": {"spark.broadcast.blockSize": 36.21274252439312, "spark.broadcast.checksum": 0.38443738181123255, "spark.broadcast.compress": 0.5785529431850397, "spark.default.parallelism": 278.1643941670363, "spark.executor.cores": 3.8971063623628304, "spark.executor.instances": 7.886263838809219, "spark.executor.memory": 4.575328306818353, "spark.executor.memoryOverhead": 613.1374721208553, "spark.kryoserializer.buffer": 91.71226150815345, "spark.kryoserializer.buffer.max": 52.43723822967118, "spark.locality.wait": 4.372992132879721, "spark.maxRemoteBlockSizeFetchToMem": 1815354435.3234353, "spark.memory.fraction": 0.7668360974257724, "spark.memory.offHeap.enabled": 0.08149350431323976, "spark.memory.offHeap.size": 915.7423674891828, "spark.memory.storageFraction": 0.6960353115638016, "spark.rdd.compress": 0.22540918452723213, "spark.reducer.maxBlocksInFlightPerAddress": 1838874958.3314476, "spark.reducer.maxReqsInFlight": 1811303661.6767294, "spark.reducer.maxSizeInFlight": 48.467400497329045, "spark.scheduler.mode": 0.5001306234985066, "spark.scheduler.revive.interval": 582.7907534192526, "spark.shuffle.compress": 0.5515523483563991, "spark.shuffle.file.buffer": 40.69418681672849, "spark.shuffle.io.numConnectionsPerPeer": 3.8101717768932537, "spark.shuffle.sort.bypassMergeThreshold": 295.7003780164365, "spark.storage.memoryFraction": 0.7457030795735017, "spark.storage.memoryMapThreshold": 2.835820658870234}, "datetime": {"datetime": "2022-02-01 12:52:46", "elapsed": 52078.351869, "delta": 174.496358}}
