{"target": -154.27, "params": {"spark.broadcast.blockSize": 39.51973328315009, "spark.broadcast.checksum": 0.10672162158956511, "spark.broadcast.compress": 0.9794544003457, "spark.default.parallelism": 445.9157650488088, "spark.executor.cores": 3.98726154171941, "spark.executor.instances": 7.167407559567403, "spark.executor.memory": 5.260540451703058, "spark.executor.memoryOverhead": 539.7912087258082, "spark.kryoserializer.buffer": 82.22264771022343, "spark.kryoserializer.buffer.max": 76.79381552230451, "spark.locality.wait": 6.52082514146797, "spark.maxRemoteBlockSizeFetchToMem": 1640719983.4062977, "spark.memory.fraction": 0.6770139180834346, "spark.memory.offHeap.enabled": 0.22996419169470528, "spark.memory.offHeap.size": 842.3965111885484, "spark.memory.storageFraction": 0.5424794533921523, "spark.rdd.compress": 0.13432594069952164, "spark.reducer.maxBlocksInFlightPerAddress": 2122875990.5421891, "spark.reducer.maxReqsInFlight": 2037214382.7257473, "spark.reducer.maxSizeInFlight": 26.31470425526294, "spark.scheduler.mode": 0.33783397305963414, "spark.scheduler.revive.interval": 541.8007728958282, "spark.shuffle.compress": 0.9572598437661504, "spark.shuffle.file.buffer": 26.471077417614893, "spark.shuffle.io.numConnectionsPerPeer": 4.287304121837423, "spark.shuffle.sort.bypassMergeThreshold": 339.56116307852335, "spark.storage.memoryFraction": 0.6437146087689746, "spark.storage.memoryMapThreshold": 2.3007980115843556}, "datetime": {"datetime": "2022-02-01 02:10:38", "elapsed": 13550.556246, "delta": 163.406736}}
{"target": -165.125, "params": {"spark.broadcast.blockSize": 43.815468865098794, "spark.broadcast.checksum": 0.7992339093919792, "spark.broadcast.compress": 0.9331496933150447, "spark.default.parallelism": 482.32824350799467, "spark.executor.cores": 3.8424951443229904, "spark.executor.instances": 7.92539661039728, "spark.executor.memory": 6.384116492329669, "spark.executor.memoryOverhead": 724.7598633018046, "spark.kryoserializer.buffer": 114.061769282904, "spark.kryoserializer.buffer.max": 109.64214246107883, "spark.locality.wait": 4.254419754538027, "spark.maxRemoteBlockSizeFetchToMem": 2083639375.3406808, "spark.memory.fraction": 0.5033808399853992, "spark.memory.offHeap.enabled": 0.4706040193747604, "spark.memory.offHeap.size": 688.7112009141705, "spark.memory.storageFraction": 0.562998017672476, "spark.rdd.compress": 0.8134899541117661, "spark.reducer.maxBlocksInFlightPerAddress": 2052441436.6541123, "spark.reducer.maxReqsInFlight": 2045287897.0606868, "spark.reducer.maxSizeInFlight": 44.27514738127084, "spark.scheduler.mode": 0.790001994887923, "spark.scheduler.revive.interval": 891.1363834061136, "spark.shuffle.compress": 0.6685725480431783, "spark.shuffle.file.buffer": 26.1058220003909, "spark.shuffle.io.numConnectionsPerPeer": 4.237213877266731, "spark.shuffle.sort.bypassMergeThreshold": 345.21200457015124, "spark.storage.memoryFraction": 0.6055986959730104, "spark.storage.memoryMapThreshold": 2.4102556409825944}, "datetime": {"datetime": "2022-02-01 02:13:32", "elapsed": 13724.577419, "delta": 174.021173}}
{"target": -165.734, "params": {"spark.broadcast.blockSize": 43.731957667025966, "spark.broadcast.checksum": 0.8380821413035101, "spark.broadcast.compress": 0.9902952917853902, "spark.default.parallelism": 495.4327638590702, "spark.executor.cores": 3.943399189478607, "spark.executor.instances": 6.715692504575596, "spark.executor.memory": 5.9014327290447355, "spark.executor.memoryOverhead": 393.1708928963827, "spark.kryoserializer.buffer": 78.00841898577796, "spark.kryoserializer.buffer.max": 64.79199818221069, "spark.locality.wait": 4.238718327510767, "spark.maxRemoteBlockSizeFetchToMem": 1231127835.2162535, "spark.memory.fraction": 0.5537526279414506, "spark.memory.offHeap.enabled": 0.07188203230239598, "spark.memory.offHeap.size": 601.83171339039, "spark.memory.storageFraction": 0.8192376735338149, "spark.rdd.compress": 0.30617870689220117, "spark.reducer.maxBlocksInFlightPerAddress": 2067236982.1069112, "spark.reducer.maxReqsInFlight": 1164806128.4722962, "spark.reducer.maxSizeInFlight": 62.6920482296531, "spark.scheduler.mode": 0.4384050300138508, "spark.scheduler.revive.interval": 568.9410317848092, "spark.shuffle.compress": 0.7989603706180886, "spark.shuffle.file.buffer": 38.0203995451326, "spark.shuffle.io.numConnectionsPerPeer": 1.812507974865968, "spark.shuffle.sort.bypassMergeThreshold": 327.2807698491772, "spark.storage.memoryFraction": 0.5275170225626333, "spark.storage.memoryMapThreshold": 3.658004514907842}, "datetime": {"datetime": "2022-02-01 02:16:27", "elapsed": 13899.236635, "delta": 174.659216}}
{"target": -156.658, "params": {"spark.broadcast.blockSize": 52.92915649195612, "spark.broadcast.checksum": 0.3823552663412587, "spark.broadcast.compress": 0.6284304406655234, "spark.default.parallelism": 470.7378017177822, "spark.executor.cores": 3.7919040493973313, "spark.executor.instances": 7.193053443734543, "spark.executor.memory": 6.69991843997405, "spark.executor.memoryOverhead": 394.72736888221874, "spark.kryoserializer.buffer": 40.26986625477268, "spark.kryoserializer.buffer.max": 58.43837800880878, "spark.locality.wait": 6.872884147513431, "spark.maxRemoteBlockSizeFetchToMem": 1107452296.374136, "spark.memory.fraction": 0.5662946347254858, "spark.memory.offHeap.enabled": 0.800619722854245, "spark.memory.offHeap.size": 654.5553662267821, "spark.memory.storageFraction": 0.8988777408730317, "spark.rdd.compress": 0.9242564181421425, "spark.reducer.maxBlocksInFlightPerAddress": 2030302075.71866, "spark.reducer.maxReqsInFlight": 1896410267.8730235, "spark.reducer.maxSizeInFlight": 31.676541497300462, "spark.scheduler.mode": 0.4040337873466815, "spark.scheduler.revive.interval": 907.8234582715879, "spark.shuffle.compress": 0.7853785468440129, "spark.shuffle.file.buffer": 19.844603826481762, "spark.shuffle.io.numConnectionsPerPeer": 4.065638070051769, "spark.shuffle.sort.bypassMergeThreshold": 271.14807342550597, "spark.storage.memoryFraction": 0.6472766753539938, "spark.storage.memoryMapThreshold": 2.51075639177794}, "datetime": {"datetime": "2022-02-01 02:19:12", "elapsed": 14064.804192, "delta": 165.567557}}
{"target": -152.643, "params": {"spark.broadcast.blockSize": 44.813547980330995, "spark.broadcast.checksum": 0.23510764341595158, "spark.broadcast.compress": 0.3394029375171441, "spark.default.parallelism": 409.7419726823189, "spark.executor.cores": 3.793329203593972, "spark.executor.instances": 7.971879096600215, "spark.executor.memory": 6.704013293542827, "spark.executor.memoryOverhead": 465.93937225502304, "spark.kryoserializer.buffer": 102.25505212426171, "spark.kryoserializer.buffer.max": 64.21247868092709, "spark.locality.wait": 6.232575533213416, "spark.maxRemoteBlockSizeFetchToMem": 1692343983.8933396, "spark.memory.fraction": 0.6597355046712506, "spark.memory.offHeap.enabled": 0.0723975455445357, "spark.memory.offHeap.size": 717.1248834468704, "spark.memory.storageFraction": 0.789463315192136, "spark.rdd.compress": 0.36095149131898685, "spark.reducer.maxBlocksInFlightPerAddress": 2087442486.7991705, "spark.reducer.maxReqsInFlight": 1292300936.513115, "spark.reducer.maxSizeInFlight": 53.46951700100005, "spark.scheduler.mode": 0.8342269542802974, "spark.scheduler.revive.interval": 566.4765056722138, "spark.shuffle.compress": 0.3708724748105603, "spark.shuffle.file.buffer": 21.28487217894947, "spark.shuffle.io.numConnectionsPerPeer": 2.3183300951893, "spark.shuffle.sort.bypassMergeThreshold": 235.28180887811948, "spark.storage.memoryFraction": 0.6690159895130867, "spark.storage.memoryMapThreshold": 3.587653981744309}, "datetime": {"datetime": "2022-02-01 02:21:54", "elapsed": 14226.331523, "delta": 161.527331}}
{"target": -163.258, "params": {"spark.broadcast.blockSize": 36.577782830714995, "spark.broadcast.checksum": 0.19363414073331497, "spark.broadcast.compress": 0.7409129587192298, "spark.default.parallelism": 444.0635926651548, "spark.executor.cores": 3.7035933045324825, "spark.executor.instances": 7.849208822298328, "spark.executor.memory": 5.4632742678953425, "spark.executor.memoryOverhead": 391.6024502241749, "spark.kryoserializer.buffer": 41.2200546587029, "spark.kryoserializer.buffer.max": 69.5622210823487, "spark.locality.wait": 8.17976073695424, "spark.maxRemoteBlockSizeFetchToMem": 1296039113.6999915, "spark.memory.fraction": 0.6252981429680285, "spark.memory.offHeap.enabled": 0.3065857161755633, "spark.memory.offHeap.size": 840.4299854726626, "spark.memory.storageFraction": 0.8329225781155404, "spark.rdd.compress": 0.28157251021814267, "spark.reducer.maxBlocksInFlightPerAddress": 2016433078.376624, "spark.reducer.maxReqsInFlight": 1624051261.9873009, "spark.reducer.maxSizeInFlight": 44.71335766728227, "spark.scheduler.mode": 0.683313846388596, "spark.scheduler.revive.interval": 580.8922395947669, "spark.shuffle.compress": 0.6860546525506923, "spark.shuffle.file.buffer": 32.86316355224382, "spark.shuffle.io.numConnectionsPerPeer": 1.689817167863421, "spark.shuffle.sort.bypassMergeThreshold": 243.82026271088665, "spark.storage.memoryFraction": 0.8529307094926154, "spark.storage.memoryMapThreshold": 1.4232146553062615}, "datetime": {"datetime": "2022-02-01 02:24:46", "elapsed": 14398.397598, "delta": 172.066075}}
{"target": -194.748, "params": {"spark.broadcast.blockSize": 45.206712779082366, "spark.broadcast.checksum": 0.527111097047074, "spark.broadcast.compress": 0.7744601476329999, "spark.default.parallelism": 392.0043082213566, "spark.executor.cores": 3.1180934565152345, "spark.executor.instances": 7.743566607768167, "spark.executor.memory": 5.8155088416116945, "spark.executor.memoryOverhead": 567.5535028113534, "spark.kryoserializer.buffer": 89.12085440331133, "spark.kryoserializer.buffer.max": 32.1896988760693, "spark.locality.wait": 8.491969345631093, "spark.maxRemoteBlockSizeFetchToMem": 1360523184.8478918, "spark.memory.fraction": 0.7571048054810705, "spark.memory.offHeap.enabled": 0.19627901440356754, "spark.memory.offHeap.size": 773.2823823149779, "spark.memory.storageFraction": 0.6999642636490044, "spark.rdd.compress": 0.5229097604768438, "spark.reducer.maxBlocksInFlightPerAddress": 1943714597.493616, "spark.reducer.maxReqsInFlight": 1360355885.881664, "spark.reducer.maxSizeInFlight": 29.995595382337047, "spark.scheduler.mode": 0.9926229337024873, "spark.scheduler.revive.interval": 537.3598262203514, "spark.shuffle.compress": 0.9829830181435196, "spark.shuffle.file.buffer": 23.31851486304751, "spark.shuffle.io.numConnectionsPerPeer": 2.677228760945829, "spark.shuffle.sort.bypassMergeThreshold": 279.79137562717796, "spark.storage.memoryFraction": 0.7404445347953559, "spark.storage.memoryMapThreshold": 3.948262368480061}, "datetime": {"datetime": "2022-02-01 02:28:10", "elapsed": 14602.099047, "delta": 203.701449}}
{"target": -160.186, "params": {"spark.broadcast.blockSize": 47.69219273182961, "spark.broadcast.checksum": 0.4597119933443531, "spark.broadcast.compress": 0.4323842861947591, "spark.default.parallelism": 410.2514197984334, "spark.executor.cores": 3.826356433022923, "spark.executor.instances": 7.666106755748315, "spark.executor.memory": 6.50180987029848, "spark.executor.memoryOverhead": 496.9898703206228, "spark.kryoserializer.buffer": 37.34035370090569, "spark.kryoserializer.buffer.max": 110.48237672195168, "spark.locality.wait": 9.282357481905148, "spark.maxRemoteBlockSizeFetchToMem": 1850843596.746277, "spark.memory.fraction": 0.657770964127313, "spark.memory.offHeap.enabled": 0.3158375178958168, "spark.memory.offHeap.size": 772.9039057407285, "spark.memory.storageFraction": 0.7958740038926877, "spark.rdd.compress": 0.18095522057833635, "spark.reducer.maxBlocksInFlightPerAddress": 2029973856.1296244, "spark.reducer.maxReqsInFlight": 1668748152.3052287, "spark.reducer.maxSizeInFlight": 51.298473407375425, "spark.scheduler.mode": 0.24098229291071172, "spark.scheduler.revive.interval": 630.5194444960827, "spark.shuffle.compress": 0.7579222925660145, "spark.shuffle.file.buffer": 20.254114482404738, "spark.shuffle.io.numConnectionsPerPeer": 4.207311130104699, "spark.shuffle.sort.bypassMergeThreshold": 330.28891663255945, "spark.storage.memoryFraction": 0.6181901729665579, "spark.storage.memoryMapThreshold": 3.642370075292403}, "datetime": {"datetime": "2022-02-01 02:30:59", "elapsed": 14771.182098, "delta": 169.083051}}
{"target": -189.192, "params": {"spark.broadcast.blockSize": 43.34714653681879, "spark.broadcast.checksum": 0.5315697073812785, "spark.broadcast.compress": 0.4506747952703949, "spark.default.parallelism": 446.35245037570894, "spark.executor.cores": 3.9070501300288325, "spark.executor.instances": 7.356502104360748, "spark.executor.memory": 5.397147422837917, "spark.executor.memoryOverhead": 473.3679004475688, "spark.kryoserializer.buffer": 110.08356092854368, "spark.kryoserializer.buffer.max": 80.38835489237869, "spark.locality.wait": 5.109097765114603, "spark.maxRemoteBlockSizeFetchToMem": 1504948327.38732, "spark.memory.fraction": 0.5253573837254826, "spark.memory.offHeap.enabled": 0.6553721202239647, "spark.memory.offHeap.size": 807.1587615242406, "spark.memory.storageFraction": 0.7343349767968598, "spark.rdd.compress": 0.3674264233861264, "spark.reducer.maxBlocksInFlightPerAddress": 1923474044.4288907, "spark.reducer.maxReqsInFlight": 1233327904.3516755, "spark.reducer.maxSizeInFlight": 32.6253991657441, "spark.scheduler.mode": 0.41602114542580393, "spark.scheduler.revive.interval": 791.6912596637084, "spark.shuffle.compress": 0.5682289281662632, "spark.shuffle.file.buffer": 35.664906996422246, "spark.shuffle.io.numConnectionsPerPeer": 3.138409388082902, "spark.shuffle.sort.bypassMergeThreshold": 208.98793500498857, "spark.storage.memoryFraction": 0.6315876056726049, "spark.storage.memoryMapThreshold": 3.4289182216163048}, "datetime": {"datetime": "2022-02-01 02:34:17", "elapsed": 14969.426901, "delta": 198.244803}}
{"target": -158.799, "params": {"spark.broadcast.blockSize": 55.864196408640595, "spark.broadcast.checksum": 0.9258566505101663, "spark.broadcast.compress": 0.7070213215210802, "spark.default.parallelism": 378.72850708166624, "spark.executor.cores": 3.7255335403647516, "spark.executor.instances": 7.742161840463839, "spark.executor.memory": 6.486701444380667, "spark.executor.memoryOverhead": 396.34318076016024, "spark.kryoserializer.buffer": 82.3168218989127, "spark.kryoserializer.buffer.max": 83.47675647556161, "spark.locality.wait": 6.626621062432568, "spark.maxRemoteBlockSizeFetchToMem": 1576106407.8214188, "spark.memory.fraction": 0.709254756023097, "spark.memory.offHeap.enabled": 0.35094305229245903, "spark.memory.offHeap.size": 650.7530188942142, "spark.memory.storageFraction": 0.8831576160522139, "spark.rdd.compress": 0.14604722309222995, "spark.reducer.maxBlocksInFlightPerAddress": 2027437445.2801259, "spark.reducer.maxReqsInFlight": 1542909891.2371325, "spark.reducer.maxSizeInFlight": 34.208704624086735, "spark.scheduler.mode": 0.6736860416829211, "spark.scheduler.revive.interval": 525.8638550906489, "spark.shuffle.compress": 0.7205178252813725, "spark.shuffle.file.buffer": 31.69752747282975, "spark.shuffle.io.numConnectionsPerPeer": 3.9758863834460785, "spark.shuffle.sort.bypassMergeThreshold": 291.05517662789725, "spark.storage.memoryFraction": 0.6710644676331177, "spark.storage.memoryMapThreshold": 1.9969613685641305}, "datetime": {"datetime": "2022-02-01 02:37:05", "elapsed": 15137.176535, "delta": 167.749634}}
{"target": -157.548, "params": {"spark.broadcast.blockSize": 56.869225063816, "spark.broadcast.checksum": 0.5053891458518662, "spark.broadcast.compress": 0.7822234526623125, "spark.default.parallelism": 460.08620506900974, "spark.executor.cores": 3.784161543350138, "spark.executor.instances": 7.675369578434059, "spark.executor.memory": 4.721345279852516, "spark.executor.memoryOverhead": 521.7119905109184, "spark.kryoserializer.buffer": 51.655919963998, "spark.kryoserializer.buffer.max": 48.47972787700155, "spark.locality.wait": 6.538105074208385, "spark.maxRemoteBlockSizeFetchToMem": 1227471315.163707, "spark.memory.fraction": 0.5607682745220838, "spark.memory.offHeap.enabled": 0.06738676087602868, "spark.memory.offHeap.size": 744.3505513901628, "spark.memory.storageFraction": 0.7583459394266662, "spark.rdd.compress": 0.19631278309222888, "spark.reducer.maxBlocksInFlightPerAddress": 2100402582.6567693, "spark.reducer.maxReqsInFlight": 1179075861.3792, "spark.reducer.maxSizeInFlight": 55.69289777777231, "spark.scheduler.mode": 0.681313025363374, "spark.scheduler.revive.interval": 620.6879244852472, "spark.shuffle.compress": 0.15684912775356152, "spark.shuffle.file.buffer": 37.25497853651488, "spark.shuffle.io.numConnectionsPerPeer": 2.7244208486790757, "spark.shuffle.sort.bypassMergeThreshold": 301.5658409756984, "spark.storage.memoryFraction": 0.6270697072703606, "spark.storage.memoryMapThreshold": 3.0042281274412304}, "datetime": {"datetime": "2022-02-01 02:39:51", "elapsed": 15303.570925, "delta": 166.39439}}
{"target": -158.299, "params": {"spark.broadcast.blockSize": 57.73372939167665, "spark.broadcast.checksum": 0.11543212672603353, "spark.broadcast.compress": 0.43564548027941463, "spark.default.parallelism": 498.4273355910237, "spark.executor.cores": 3.723352566203446, "spark.executor.instances": 7.365366252711921, "spark.executor.memory": 6.074609595951557, "spark.executor.memoryOverhead": 427.71671800980914, "spark.kryoserializer.buffer": 44.806611987428674, "spark.kryoserializer.buffer.max": 84.65894297438153, "spark.locality.wait": 8.952910322923053, "spark.maxRemoteBlockSizeFetchToMem": 1717302472.0322347, "spark.memory.fraction": 0.5222656029732242, "spark.memory.offHeap.enabled": 0.12301736028035437, "spark.memory.offHeap.size": 532.847043953514, "spark.memory.storageFraction": 0.6696497304985322, "spark.rdd.compress": 0.8540915476124689, "spark.reducer.maxBlocksInFlightPerAddress": 1600017760.3521113, "spark.reducer.maxReqsInFlight": 1674798413.146799, "spark.reducer.maxSizeInFlight": 57.51868485586482, "spark.scheduler.mode": 0.3680332156925239, "spark.scheduler.revive.interval": 535.7631189095556, "spark.shuffle.compress": 0.23354097176081978, "spark.shuffle.file.buffer": 32.52759614931449, "spark.shuffle.io.numConnectionsPerPeer": 4.678507798335552, "spark.shuffle.sort.bypassMergeThreshold": 329.33865187738377, "spark.storage.memoryFraction": 0.5862703854593292, "spark.storage.memoryMapThreshold": 3.033975815603079}, "datetime": {"datetime": "2022-02-01 02:42:38", "elapsed": 15470.73471, "delta": 167.163785}}
{"target": -161.892, "params": {"spark.broadcast.blockSize": 55.873837113869854, "spark.broadcast.checksum": 0.8258634672706829, "spark.broadcast.compress": 0.18472922698866334, "spark.default.parallelism": 330.77227331221115, "spark.executor.cores": 3.88302633186177, "spark.executor.instances": 7.653119993831287, "spark.executor.memory": 6.0063430441543115, "spark.executor.memoryOverhead": 502.6102076263692, "spark.kryoserializer.buffer": 105.7710102844501, "spark.kryoserializer.buffer.max": 69.19571993943313, "spark.locality.wait": 8.235973772103051, "spark.maxRemoteBlockSizeFetchToMem": 1929858368.5073514, "spark.memory.fraction": 0.5697012064575931, "spark.memory.offHeap.enabled": 0.3144619994995892, "spark.memory.offHeap.size": 663.3544138510981, "spark.memory.storageFraction": 0.8525969717993862, "spark.rdd.compress": 0.41239392969804833, "spark.reducer.maxBlocksInFlightPerAddress": 1601801813.6438622, "spark.reducer.maxReqsInFlight": 1630003170.000111, "spark.reducer.maxSizeInFlight": 54.286863335293276, "spark.scheduler.mode": 0.676085123492366, "spark.scheduler.revive.interval": 614.7557567173753, "spark.shuffle.compress": 0.5685207725976791, "spark.shuffle.file.buffer": 31.614366735903285, "spark.shuffle.io.numConnectionsPerPeer": 2.343504420012098, "spark.shuffle.sort.bypassMergeThreshold": 344.1939410102218, "spark.storage.memoryFraction": 0.5230763124026381, "spark.storage.memoryMapThreshold": 2.454564240166257}, "datetime": {"datetime": "2022-02-01 02:45:29", "elapsed": 15641.602828, "delta": 170.868118}}
{"target": -161.19, "params": {"spark.broadcast.blockSize": 47.731157686033036, "spark.broadcast.checksum": 0.08766674764530336, "spark.broadcast.compress": 0.4504416139588736, "spark.default.parallelism": 420.2920535558992, "spark.executor.cores": 3.862002663771328, "spark.executor.instances": 7.660589541461489, "spark.executor.memory": 3.846008988921804, "spark.executor.memoryOverhead": 435.36898117051885, "spark.kryoserializer.buffer": 64.49044470382202, "spark.kryoserializer.buffer.max": 69.08168689302538, "spark.locality.wait": 4.435852563378896, "spark.maxRemoteBlockSizeFetchToMem": 2091538690.693288, "spark.memory.fraction": 0.7728948543307473, "spark.memory.offHeap.enabled": 0.5720167975098839, "spark.memory.offHeap.size": 570.467012761205, "spark.memory.storageFraction": 0.7727688119380701, "spark.rdd.compress": 0.7457497984145555, "spark.reducer.maxBlocksInFlightPerAddress": 1825385192.4023616, "spark.reducer.maxReqsInFlight": 1655677723.5542731, "spark.reducer.maxSizeInFlight": 32.86154135702449, "spark.scheduler.mode": 0.5796912502353506, "spark.scheduler.revive.interval": 577.3294155624592, "spark.shuffle.compress": 0.9614978084431225, "spark.shuffle.file.buffer": 26.13581114378898, "spark.shuffle.io.numConnectionsPerPeer": 4.301310310739085, "spark.shuffle.sort.bypassMergeThreshold": 349.85187253867514, "spark.storage.memoryFraction": 0.7044548178615906, "spark.storage.memoryMapThreshold": 2.702312965152812}, "datetime": {"datetime": "2022-02-01 02:48:19", "elapsed": 15811.754926, "delta": 170.152098}}
