{"target": -204.436, "params": {"spark.broadcast.blockSize": 44.272626203655506, "spark.broadcast.checksum": 0.08207092661410009, "spark.broadcast.compress": 0.5850373173951549, "spark.default.parallelism": 238.88042561463936, "spark.executor.cores": 3.218824265436583, "spark.executor.instances": 7.347299420976629, "spark.executor.memory": 4.189660873312347, "spark.executor.memoryOverhead": 489.04846166471714, "spark.kryoserializer.buffer": 48.824827014480775, "spark.kryoserializer.buffer.max": 53.53342174427419, "spark.locality.wait": 7.841179332227608, "spark.maxRemoteBlockSizeFetchToMem": 1741247589.0629983, "spark.memory.fraction": 0.6938268053005905, "spark.memory.offHeap.enabled": 0.08839695198446973, "spark.memory.offHeap.size": 636.553214790847, "spark.memory.storageFraction": 0.8356343605414258, "spark.rdd.compress": 0.216073160492936, "spark.reducer.maxBlocksInFlightPerAddress": 2059926479.6105042, "spark.reducer.maxReqsInFlight": 2023455683.9078534, "spark.reducer.maxSizeInFlight": 61.22049594038399, "spark.scheduler.mode": 0.8677969033587491, "spark.scheduler.revive.interval": 713.0310958808917, "spark.shuffle.compress": 0.33707429822914226, "spark.shuffle.file.buffer": 18.2017845177097, "spark.shuffle.io.numConnectionsPerPeer": 4.393150502409182, "spark.shuffle.sort.bypassMergeThreshold": 279.0348231629001, "spark.storage.memoryFraction": 0.5082143587347465, "spark.storage.memoryMapThreshold": 2.3083510757352528}, "datetime": {"datetime": "2022-02-01 08:15:31", "elapsed": 35443.866067, "delta": 213.461607}}
{"target": -158.125, "params": {"spark.broadcast.blockSize": 45.4978535829823, "spark.broadcast.checksum": 0.7435056713028498, "spark.broadcast.compress": 0.9317174398173304, "spark.default.parallelism": 227.62321034492703, "spark.executor.cores": 3.866469057941286, "spark.executor.instances": 7.608746863181574, "spark.executor.memory": 5.293687231029669, "spark.executor.memoryOverhead": 620.4524735818273, "spark.kryoserializer.buffer": 88.33356607661447, "spark.kryoserializer.buffer.max": 95.78888966962906, "spark.locality.wait": 6.711003252278316, "spark.maxRemoteBlockSizeFetchToMem": 1446973593.086342, "spark.memory.fraction": 0.6495762865741067, "spark.memory.offHeap.enabled": 0.22513510249885205, "spark.memory.offHeap.size": 688.1023618733834, "spark.memory.storageFraction": 0.5480668226045309, "spark.rdd.compress": 0.9988080325514234, "spark.reducer.maxBlocksInFlightPerAddress": 2062569723.6534932, "spark.reducer.maxReqsInFlight": 1236615512.785481, "spark.reducer.maxSizeInFlight": 52.11491240688815, "spark.scheduler.mode": 0.4681650575558376, "spark.scheduler.revive.interval": 546.1030957330014, "spark.shuffle.compress": 0.4812102410467731, "spark.shuffle.file.buffer": 21.66819868702693, "spark.shuffle.io.numConnectionsPerPeer": 4.471963250718532, "spark.shuffle.sort.bypassMergeThreshold": 265.9508840257443, "spark.storage.memoryFraction": 0.566992785329824, "spark.storage.memoryMapThreshold": 2.202976909078092}, "datetime": {"datetime": "2022-02-01 08:18:18", "elapsed": 35610.94557, "delta": 167.079503}}
{"target": -156.13, "params": {"spark.broadcast.blockSize": 53.22323436421427, "spark.broadcast.checksum": 0.25585290379928716, "spark.broadcast.compress": 0.42144274098926626, "spark.default.parallelism": 279.65768126941555, "spark.executor.cores": 3.853790445760935, "spark.executor.instances": 7.988683379310948, "spark.executor.memory": 5.82608734834705, "spark.executor.memoryOverhead": 475.4392537955122, "spark.kryoserializer.buffer": 74.07545102606944, "spark.kryoserializer.buffer.max": 55.83576290718615, "spark.locality.wait": 7.572783218434709, "spark.maxRemoteBlockSizeFetchToMem": 1324007296.297302, "spark.memory.fraction": 0.6060106091732644, "spark.memory.offHeap.enabled": 0.265385876608349, "spark.memory.offHeap.size": 642.1209458865358, "spark.memory.storageFraction": 0.7509158653343266, "spark.rdd.compress": 0.7194812601427669, "spark.reducer.maxBlocksInFlightPerAddress": 1918913200.4955983, "spark.reducer.maxReqsInFlight": 1563104323.6449857, "spark.reducer.maxSizeInFlight": 55.0748352131254, "spark.scheduler.mode": 0.3038283231336599, "spark.scheduler.revive.interval": 632.4607667274491, "spark.shuffle.compress": 0.817562067253442, "spark.shuffle.file.buffer": 33.53824377037631, "spark.shuffle.io.numConnectionsPerPeer": 4.87205459743489, "spark.shuffle.sort.bypassMergeThreshold": 246.55271701862756, "spark.storage.memoryFraction": 0.558030701862531, "spark.storage.memoryMapThreshold": 3.385946667457993}, "datetime": {"datetime": "2022-02-01 08:21:04", "elapsed": 35776.162016, "delta": 165.216446}}
{"target": -204.998, "params": {"spark.broadcast.blockSize": 54.017049423820794, "spark.broadcast.checksum": 0.11380365796276604, "spark.broadcast.compress": 0.8948238202760007, "spark.default.parallelism": 353.8585551881699, "spark.executor.cores": 3.4056073804119533, "spark.executor.instances": 7.446770036844425, "spark.executor.memory": 5.501054683338298, "spark.executor.memoryOverhead": 731.2090799050638, "spark.kryoserializer.buffer": 35.43329527767285, "spark.kryoserializer.buffer.max": 75.68267709715711, "spark.locality.wait": 9.039761848772454, "spark.maxRemoteBlockSizeFetchToMem": 1727156295.5501192, "spark.memory.fraction": 0.7820849904162891, "spark.memory.offHeap.enabled": 0.2948167237604762, "spark.memory.offHeap.size": 634.8424231594338, "spark.memory.storageFraction": 0.5378390294219811, "spark.rdd.compress": 0.835323452183805, "spark.reducer.maxBlocksInFlightPerAddress": 1690761818.874638, "spark.reducer.maxReqsInFlight": 1832918807.9909482, "spark.reducer.maxSizeInFlight": 58.91998268745102, "spark.scheduler.mode": 0.02378021906693939, "spark.scheduler.revive.interval": 720.1187051789244, "spark.shuffle.compress": 0.3107569177353441, "spark.shuffle.file.buffer": 25.234865069174962, "spark.shuffle.io.numConnectionsPerPeer": 4.894092017019057, "spark.shuffle.sort.bypassMergeThreshold": 279.6789258452827, "spark.storage.memoryFraction": 0.5795430982284906, "spark.storage.memoryMapThreshold": 2.391541665563929}, "datetime": {"datetime": "2022-02-01 08:24:38", "elapsed": 35990.176032, "delta": 214.014016}}
{"target": -161.02, "params": {"spark.broadcast.blockSize": 50.51215729971668, "spark.broadcast.checksum": 0.18667599500285226, "spark.broadcast.compress": 0.6009036637006092, "spark.default.parallelism": 341.0727568624046, "spark.executor.cores": 3.7904916252384018, "spark.executor.instances": 7.216529810671453, "spark.executor.memory": 5.79330793340012, "spark.executor.memoryOverhead": 492.7765512968032, "spark.kryoserializer.buffer": 88.20177431856969, "spark.kryoserializer.buffer.max": 69.85375500421597, "spark.locality.wait": 6.188419236239948, "spark.maxRemoteBlockSizeFetchToMem": 1893432303.2601728, "spark.memory.fraction": 0.8993016999632268, "spark.memory.offHeap.enabled": 0.09930816152960165, "spark.memory.offHeap.size": 924.8182156434343, "spark.memory.storageFraction": 0.7579898933409577, "spark.rdd.compress": 0.7508187630397355, "spark.reducer.maxBlocksInFlightPerAddress": 1759836817.623013, "spark.reducer.maxReqsInFlight": 1129946645.8501697, "spark.reducer.maxSizeInFlight": 47.9049160940777, "spark.scheduler.mode": 0.27281995757533184, "spark.scheduler.revive.interval": 929.546220532322, "spark.shuffle.compress": 0.16172973294514748, "spark.shuffle.file.buffer": 17.997077461612786, "spark.shuffle.io.numConnectionsPerPeer": 4.841720847795935, "spark.shuffle.sort.bypassMergeThreshold": 168.58801020397811, "spark.storage.memoryFraction": 0.7090021075588779, "spark.storage.memoryMapThreshold": 3.221503751354633}, "datetime": {"datetime": "2022-02-01 08:27:27", "elapsed": 36159.957257, "delta": 169.781225}}
{"target": -150.523, "params": {"spark.broadcast.blockSize": 49.149187272531975, "spark.broadcast.checksum": 0.08701974856314287, "spark.broadcast.compress": 0.9576599612529457, "spark.default.parallelism": 230.2349501991993, "spark.executor.cores": 3.9803737280755267, "spark.executor.instances": 7.983491150489622, "spark.executor.memory": 6.810049584525471, "spark.executor.memoryOverhead": 599.0376111156513, "spark.kryoserializer.buffer": 72.72973947373646, "spark.kryoserializer.buffer.max": 73.08918256219005, "spark.locality.wait": 8.352156713891098, "spark.maxRemoteBlockSizeFetchToMem": 1605949548.0256963, "spark.memory.fraction": 0.632199015462384, "spark.memory.offHeap.enabled": 0.5995435193368759, "spark.memory.offHeap.size": 612.2877305213674, "spark.memory.storageFraction": 0.5802939991118394, "spark.rdd.compress": 0.33867363214418666, "spark.reducer.maxBlocksInFlightPerAddress": 1769925014.1651542, "spark.reducer.maxReqsInFlight": 1903528463.2215858, "spark.reducer.maxSizeInFlight": 40.20790553004679, "spark.scheduler.mode": 0.11531091669438953, "spark.scheduler.revive.interval": 765.5395841533089, "spark.shuffle.compress": 0.21932238207388666, "spark.shuffle.file.buffer": 19.14051635201199, "spark.shuffle.io.numConnectionsPerPeer": 3.8447451432684754, "spark.shuffle.sort.bypassMergeThreshold": 230.15135067403588, "spark.storage.memoryFraction": 0.6024224615054479, "spark.storage.memoryMapThreshold": 3.3108128315019156}, "datetime": {"datetime": "2022-02-01 08:30:07", "elapsed": 36319.330987, "delta": 159.37373}}
{"target": -157.25, "params": {"spark.broadcast.blockSize": 33.05366538586824, "spark.broadcast.checksum": 0.45816695116246153, "spark.broadcast.compress": 0.709362663538653, "spark.default.parallelism": 322.34039347333317, "spark.executor.cores": 3.6171489322844534, "spark.executor.instances": 7.556928457355626, "spark.executor.memory": 5.923568072171283, "spark.executor.memoryOverhead": 607.5742748297396, "spark.kryoserializer.buffer": 39.26521730700667, "spark.kryoserializer.buffer.max": 56.671405751488365, "spark.locality.wait": 4.418141318005826, "spark.maxRemoteBlockSizeFetchToMem": 1540552300.318357, "spark.memory.fraction": 0.5418686954115495, "spark.memory.offHeap.enabled": 0.7757562565834238, "spark.memory.offHeap.size": 630.0412156793464, "spark.memory.storageFraction": 0.7970401141944499, "spark.rdd.compress": 0.9212219096083831, "spark.reducer.maxBlocksInFlightPerAddress": 1893125931.704138, "spark.reducer.maxReqsInFlight": 1734977811.1527638, "spark.reducer.maxSizeInFlight": 56.80388851280817, "spark.scheduler.mode": 0.3767545406674161, "spark.scheduler.revive.interval": 530.1422641033353, "spark.shuffle.compress": 0.39971889115445636, "spark.shuffle.file.buffer": 22.29047897875167, "spark.shuffle.io.numConnectionsPerPeer": 4.672291400866226, "spark.shuffle.sort.bypassMergeThreshold": 301.4917891091358, "spark.storage.memoryFraction": 0.5635687869609285, "spark.storage.memoryMapThreshold": 2.1730934335164434}, "datetime": {"datetime": "2022-02-01 08:32:53", "elapsed": 36485.560214, "delta": 166.229227}}
{"target": -178.824, "params": {"spark.broadcast.blockSize": 56.28543590573719, "spark.broadcast.checksum": 0.4114683511064885, "spark.broadcast.compress": 0.57775597953892, "spark.default.parallelism": 210.9523321696203, "spark.executor.cores": 3.8764148548850903, "spark.executor.instances": 6.924625913794943, "spark.executor.memory": 4.449458150806173, "spark.executor.memoryOverhead": 571.5076888551113, "spark.kryoserializer.buffer": 43.25426785119874, "spark.kryoserializer.buffer.max": 50.234161908042765, "spark.locality.wait": 9.19703450359473, "spark.maxRemoteBlockSizeFetchToMem": 2124893785.467747, "spark.memory.fraction": 0.7980088032113879, "spark.memory.offHeap.enabled": 0.3163303387761388, "spark.memory.offHeap.size": 671.0976287820849, "spark.memory.storageFraction": 0.7893359473365378, "spark.rdd.compress": 0.4582979810702317, "spark.reducer.maxBlocksInFlightPerAddress": 1809469709.1082964, "spark.reducer.maxReqsInFlight": 1777592105.5974245, "spark.reducer.maxSizeInFlight": 39.192975258190806, "spark.scheduler.mode": 0.4769960549779587, "spark.scheduler.revive.interval": 656.1907641668438, "spark.shuffle.compress": 0.10278909707412498, "spark.shuffle.file.buffer": 46.71732331128533, "spark.shuffle.io.numConnectionsPerPeer": 3.8073136179499536, "spark.shuffle.sort.bypassMergeThreshold": 176.96411071712993, "spark.storage.memoryFraction": 0.7268330529668663, "spark.storage.memoryMapThreshold": 3.0776332186302455}, "datetime": {"datetime": "2022-02-01 08:36:01", "elapsed": 36673.340678, "delta": 187.780464}}
{"target": -156.317, "params": {"spark.broadcast.blockSize": 49.84738842177178, "spark.broadcast.checksum": 0.2773279786600247, "spark.broadcast.compress": 0.9408759326555297, "spark.default.parallelism": 260.17206125562797, "spark.executor.cores": 3.792253141570545, "spark.executor.instances": 7.797194937292028, "spark.executor.memory": 4.192781188288146, "spark.executor.memoryOverhead": 392.49116586375374, "spark.kryoserializer.buffer": 41.6808107343675, "spark.kryoserializer.buffer.max": 53.04168425184331, "spark.locality.wait": 4.455688388324006, "spark.maxRemoteBlockSizeFetchToMem": 1593565194.303949, "spark.memory.fraction": 0.8274751390571102, "spark.memory.offHeap.enabled": 0.38999241172489485, "spark.memory.offHeap.size": 603.9036716306941, "spark.memory.storageFraction": 0.6004749976887933, "spark.rdd.compress": 0.2582377376109378, "spark.reducer.maxBlocksInFlightPerAddress": 1997173200.1507235, "spark.reducer.maxReqsInFlight": 1088485588.9905553, "spark.reducer.maxSizeInFlight": 27.534971605173375, "spark.scheduler.mode": 0.7779991875944151, "spark.scheduler.revive.interval": 601.2816066442629, "spark.shuffle.compress": 0.25015540961656746, "spark.shuffle.file.buffer": 29.67662390887742, "spark.shuffle.io.numConnectionsPerPeer": 3.4906599916889878, "spark.shuffle.sort.bypassMergeThreshold": 158.37074334762073, "spark.storage.memoryFraction": 0.7084910657086146, "spark.storage.memoryMapThreshold": 1.7375985171449972}, "datetime": {"datetime": "2022-02-01 08:38:46", "elapsed": 36838.810542, "delta": 165.469864}}
{"target": -154.446, "params": {"spark.broadcast.blockSize": 59.737571280032554, "spark.broadcast.checksum": 0.9945764478427598, "spark.broadcast.compress": 0.7799767210706549, "spark.default.parallelism": 202.2808695114064, "spark.executor.cores": 3.7802798257615033, "spark.executor.instances": 7.714161306571671, "spark.executor.memory": 5.8723258385126105, "spark.executor.memoryOverhead": 536.0543822176328, "spark.kryoserializer.buffer": 51.39851110030457, "spark.kryoserializer.buffer.max": 54.79213238542042, "spark.locality.wait": 9.076547277661781, "spark.maxRemoteBlockSizeFetchToMem": 2061744248.0905654, "spark.memory.fraction": 0.6527772840060003, "spark.memory.offHeap.enabled": 0.4757038287839076, "spark.memory.offHeap.size": 704.362681966102, "spark.memory.storageFraction": 0.5641229678412188, "spark.rdd.compress": 0.8172608512098813, "spark.reducer.maxBlocksInFlightPerAddress": 1855141638.7807426, "spark.reducer.maxReqsInFlight": 1091819740.3476515, "spark.reducer.maxSizeInFlight": 49.69178145777725, "spark.scheduler.mode": 0.5233805858197661, "spark.scheduler.revive.interval": 695.344334940563, "spark.shuffle.compress": 0.46237812885298935, "spark.shuffle.file.buffer": 28.141903539462337, "spark.shuffle.io.numConnectionsPerPeer": 3.967232249218477, "spark.shuffle.sort.bypassMergeThreshold": 237.44382929809174, "spark.storage.memoryFraction": 0.6819087140953102, "spark.storage.memoryMapThreshold": 3.9827295763268293}, "datetime": {"datetime": "2022-02-01 08:41:30", "elapsed": 37002.23833, "delta": 163.427788}}
{"target": -152.102, "params": {"spark.broadcast.blockSize": 50.508414585794185, "spark.broadcast.checksum": 0.30815071629121105, "spark.broadcast.compress": 0.21167661979488295, "spark.default.parallelism": 258.26750623237604, "spark.executor.cores": 3.8915424693918883, "spark.executor.instances": 7.779133347103418, "spark.executor.memory": 6.925877014665637, "spark.executor.memoryOverhead": 441.3681593942282, "spark.kryoserializer.buffer": 80.3019667155767, "spark.kryoserializer.buffer.max": 41.464854369171405, "spark.locality.wait": 4.789164791619973, "spark.maxRemoteBlockSizeFetchToMem": 1890394061.5562944, "spark.memory.fraction": 0.5452239104599933, "spark.memory.offHeap.enabled": 0.27689106473228586, "spark.memory.offHeap.size": 953.4414829505122, "spark.memory.storageFraction": 0.5473943439052518, "spark.rdd.compress": 0.03903526759930154, "spark.reducer.maxBlocksInFlightPerAddress": 2146339049.6381679, "spark.reducer.maxReqsInFlight": 1414311292.8692136, "spark.reducer.maxSizeInFlight": 55.61554008812698, "spark.scheduler.mode": 0.032501894722547164, "spark.scheduler.revive.interval": 604.4087391508244, "spark.shuffle.compress": 0.3191063141001468, "spark.shuffle.file.buffer": 30.509034811227007, "spark.shuffle.io.numConnectionsPerPeer": 4.088192587736307, "spark.shuffle.sort.bypassMergeThreshold": 250.99986044066225, "spark.storage.memoryFraction": 0.7248409952730605, "spark.storage.memoryMapThreshold": 3.6117386067169956}, "datetime": {"datetime": "2022-02-01 08:44:11", "elapsed": 37163.354561, "delta": 161.116231}}
{"target": -160.097, "params": {"spark.broadcast.blockSize": 40.42263606286667, "spark.broadcast.checksum": 0.36185445657774096, "spark.broadcast.compress": 0.9420183026133891, "spark.default.parallelism": 254.56682847951345, "spark.executor.cores": 3.6975617230278925, "spark.executor.instances": 7.842131802464515, "spark.executor.memory": 6.006581404181352, "spark.executor.memoryOverhead": 467.3692374445043, "spark.kryoserializer.buffer": 50.197405877548185, "spark.kryoserializer.buffer.max": 65.2439658814349, "spark.locality.wait": 4.937772744954386, "spark.maxRemoteBlockSizeFetchToMem": 1716004468.2203755, "spark.memory.fraction": 0.7363770961679379, "spark.memory.offHeap.enabled": 0.16650309511369843, "spark.memory.offHeap.size": 784.1826578901234, "spark.memory.storageFraction": 0.8952166925858904, "spark.rdd.compress": 0.3750855931705753, "spark.reducer.maxBlocksInFlightPerAddress": 1473813680.044773, "spark.reducer.maxReqsInFlight": 1390281123.40385, "spark.reducer.maxSizeInFlight": 33.75650376705994, "spark.scheduler.mode": 0.5870064167054335, "spark.scheduler.revive.interval": 759.0908773096944, "spark.shuffle.compress": 0.5205398677318013, "spark.shuffle.file.buffer": 28.819257674214416, "spark.shuffle.io.numConnectionsPerPeer": 3.434259547204891, "spark.shuffle.sort.bypassMergeThreshold": 234.62639114284661, "spark.storage.memoryFraction": 0.8125083957775643, "spark.storage.memoryMapThreshold": 2.3120323923203356}, "datetime": {"datetime": "2022-02-01 08:47:00", "elapsed": 37332.452715, "delta": 169.098154}}
{"target": -150.725, "params": {"spark.broadcast.blockSize": 54.38101734525955, "spark.broadcast.checksum": 0.2264249482733034, "spark.broadcast.compress": 0.9717450256033419, "spark.default.parallelism": 247.954170923119, "spark.executor.cores": 3.7171720120403116, "spark.executor.instances": 7.6171897403601925, "spark.executor.memory": 5.763033555834399, "spark.executor.memoryOverhead": 419.56591311418634, "spark.kryoserializer.buffer": 91.16366042115729, "spark.kryoserializer.buffer.max": 42.11221476148251, "spark.locality.wait": 6.252382724545894, "spark.maxRemoteBlockSizeFetchToMem": 1520169524.567009, "spark.memory.fraction": 0.8245884350822232, "spark.memory.offHeap.enabled": 0.14262394077916962, "spark.memory.offHeap.size": 576.2061566201976, "spark.memory.storageFraction": 0.7559171144289547, "spark.rdd.compress": 0.36002865776982484, "spark.reducer.maxBlocksInFlightPerAddress": 1769243766.9272704, "spark.reducer.maxReqsInFlight": 1311473474.2887282, "spark.reducer.maxSizeInFlight": 35.03688464231516, "spark.scheduler.mode": 0.22927210371116924, "spark.scheduler.revive.interval": 649.2827871525537, "spark.shuffle.compress": 0.28312315632138174, "spark.shuffle.file.buffer": 44.329907384361505, "spark.shuffle.io.numConnectionsPerPeer": 4.214772252649297, "spark.shuffle.sort.bypassMergeThreshold": 226.77205183703006, "spark.storage.memoryFraction": 0.5094390323260846, "spark.storage.memoryMapThreshold": 1.7263188779855638}, "datetime": {"datetime": "2022-02-01 08:49:40", "elapsed": 37492.343163, "delta": 159.890448}}
{"target": -160.976, "params": {"spark.broadcast.blockSize": 54.27615403495822, "spark.broadcast.checksum": 0.09510508461672396, "spark.broadcast.compress": 0.910150990609575, "spark.default.parallelism": 388.7388106503375, "spark.executor.cores": 3.9395944759345904, "spark.executor.instances": 7.863729280519414, "spark.executor.memory": 3.3616532959116388, "spark.executor.memoryOverhead": 462.98731508732084, "spark.kryoserializer.buffer": 56.66356069392734, "spark.kryoserializer.buffer.max": 71.6159609819448, "spark.locality.wait": 8.28199072216776, "spark.maxRemoteBlockSizeFetchToMem": 1341711111.3770864, "spark.memory.fraction": 0.8220446195872044, "spark.memory.offHeap.enabled": 0.03982017007214966, "spark.memory.offHeap.size": 701.629809887654, "spark.memory.storageFraction": 0.792694471802246, "spark.rdd.compress": 0.9878493895121399, "spark.reducer.maxBlocksInFlightPerAddress": 2143516573.8611073, "spark.reducer.maxReqsInFlight": 1325624312.7421176, "spark.reducer.maxSizeInFlight": 36.78395135525452, "spark.scheduler.mode": 0.31904931094351197, "spark.scheduler.revive.interval": 760.3238070770665, "spark.shuffle.compress": 0.5709779858357787, "spark.shuffle.file.buffer": 16.954621780577458, "spark.shuffle.io.numConnectionsPerPeer": 4.774068754736554, "spark.shuffle.sort.bypassMergeThreshold": 211.61298752565276, "spark.storage.memoryFraction": 0.7112942365915453, "spark.storage.memoryMapThreshold": 2.681593776993327}, "datetime": {"datetime": "2022-02-01 08:52:30", "elapsed": 37662.407406, "delta": 170.064243}}
