{"target": -155.299, "params": {"spark.broadcast.blockSize": 37.92755129495608, "spark.broadcast.checksum": 0.5184247876579299, "spark.broadcast.compress": 0.2869442083197693, "spark.default.parallelism": 233.17734858396742, "spark.executor.cores": 3.9180130006055203, "spark.executor.instances": 7.988643648808024, "spark.executor.memory": 6.404496378879284, "spark.executor.memoryOverhead": 420.0828151457855, "spark.kryoserializer.buffer": 81.28064039839128, "spark.kryoserializer.buffer.max": 69.22926975315785, "spark.locality.wait": 5.451880276606079, "spark.maxRemoteBlockSizeFetchToMem": 1505016675.086657, "spark.memory.fraction": 0.7824358345010576, "spark.memory.offHeap.enabled": 0.8727312650339554, "spark.memory.offHeap.size": 527.4785798465665, "spark.memory.storageFraction": 0.8021805225435641, "spark.rdd.compress": 0.2968617839898151, "spark.reducer.maxBlocksInFlightPerAddress": 1786818684.417551, "spark.reducer.maxReqsInFlight": 1429603532.5484333, "spark.reducer.maxSizeInFlight": 44.427570565537664, "spark.scheduler.mode": 0.8274140032864409, "spark.scheduler.revive.interval": 532.8294005130409, "spark.shuffle.compress": 0.029801855573239555, "spark.shuffle.file.buffer": 18.679480970624887, "spark.shuffle.io.numConnectionsPerPeer": 3.386663426616266, "spark.shuffle.sort.bypassMergeThreshold": 340.2391092244826, "spark.storage.memoryFraction": 0.5357911269049995, "spark.storage.memoryMapThreshold": 3.2279348621122392}, "datetime": {"datetime": "2022-02-01 05:34:05", "elapsed": 25757.468279, "delta": 164.217763}}
{"target": -186.465, "params": {"spark.broadcast.blockSize": 63.137491214805024, "spark.broadcast.checksum": 0.6836461518190332, "spark.broadcast.compress": 0.87092090546933, "spark.default.parallelism": 283.9243548090641, "spark.executor.cores": 3.6354403336141408, "spark.executor.instances": 7.8136982798684755, "spark.executor.memory": 4.304870129065691, "spark.executor.memoryOverhead": 594.8818733844564, "spark.kryoserializer.buffer": 34.2805950901451, "spark.kryoserializer.buffer.max": 96.0333619262749, "spark.locality.wait": 7.595593814202213, "spark.maxRemoteBlockSizeFetchToMem": 1755427624.226182, "spark.memory.fraction": 0.8078268465873064, "spark.memory.offHeap.enabled": 0.2925527012709589, "spark.memory.offHeap.size": 900.3225336871815, "spark.memory.storageFraction": 0.8903229837409636, "spark.rdd.compress": 0.7939472427815161, "spark.reducer.maxBlocksInFlightPerAddress": 1531595741.5509045, "spark.reducer.maxReqsInFlight": 1897988878.4215808, "spark.reducer.maxSizeInFlight": 29.61402319807388, "spark.scheduler.mode": 0.3748246988222632, "spark.scheduler.revive.interval": 577.283459806251, "spark.shuffle.compress": 0.022362924655519256, "spark.shuffle.file.buffer": 22.630554208538527, "spark.shuffle.io.numConnectionsPerPeer": 4.476828909042997, "spark.shuffle.sort.bypassMergeThreshold": 303.8005094998807, "spark.storage.memoryFraction": 0.5925149608050279, "spark.storage.memoryMapThreshold": 3.767197925320647}, "datetime": {"datetime": "2022-02-01 05:37:20", "elapsed": 25952.783392, "delta": 195.315113}}
{"target": -161.872, "params": {"spark.broadcast.blockSize": 45.293658180544284, "spark.broadcast.checksum": 0.10483218852174991, "spark.broadcast.compress": 0.8865227371662653, "spark.default.parallelism": 428.74456162700824, "spark.executor.cores": 3.7615827536621977, "spark.executor.instances": 7.808591158678677, "spark.executor.memory": 5.60347616380008, "spark.executor.memoryOverhead": 581.2394843206412, "spark.kryoserializer.buffer": 83.51572342601146, "spark.kryoserializer.buffer.max": 99.58338034051809, "spark.locality.wait": 6.4590224188288445, "spark.maxRemoteBlockSizeFetchToMem": 1680064987.734071, "spark.memory.fraction": 0.5476471961288778, "spark.memory.offHeap.enabled": 0.4323623882687736, "spark.memory.offHeap.size": 795.865449451257, "spark.memory.storageFraction": 0.5688413189377276, "spark.rdd.compress": 0.09674230115866844, "spark.reducer.maxBlocksInFlightPerAddress": 1726503764.9514627, "spark.reducer.maxReqsInFlight": 1845846572.0397696, "spark.reducer.maxSizeInFlight": 67.0168231489322, "spark.scheduler.mode": 0.4731265377320577, "spark.scheduler.revive.interval": 555.7597294390847, "spark.shuffle.compress": 0.8916752291500514, "spark.shuffle.file.buffer": 18.47316114444693, "spark.shuffle.io.numConnectionsPerPeer": 4.873853193604058, "spark.shuffle.sort.bypassMergeThreshold": 251.3146885247661, "spark.storage.memoryFraction": 0.5318621746804906, "spark.storage.memoryMapThreshold": 3.9650825078940475}, "datetime": {"datetime": "2022-02-01 05:40:11", "elapsed": 26123.397519, "delta": 170.614127}}
{"target": -163.072, "params": {"spark.broadcast.blockSize": 62.47907525489602, "spark.broadcast.checksum": 0.23475914286879118, "spark.broadcast.compress": 0.6095511877677139, "spark.default.parallelism": 391.5717097958461, "spark.executor.cores": 3.9724164179963606, "spark.executor.instances": 7.873066008394089, "spark.executor.memory": 4.476258696271838, "spark.executor.memoryOverhead": 568.526368716665, "spark.kryoserializer.buffer": 117.02664831415284, "spark.kryoserializer.buffer.max": 68.64062932881714, "spark.locality.wait": 8.49535602357821, "spark.maxRemoteBlockSizeFetchToMem": 2064819416.1695216, "spark.memory.fraction": 0.697294950930106, "spark.memory.offHeap.enabled": 0.520508603572572, "spark.memory.offHeap.size": 889.7373379048063, "spark.memory.storageFraction": 0.8774780272713614, "spark.rdd.compress": 0.3857308261483624, "spark.reducer.maxBlocksInFlightPerAddress": 1931983389.8138478, "spark.reducer.maxReqsInFlight": 1120129985.0493581, "spark.reducer.maxSizeInFlight": 43.88603755759383, "spark.scheduler.mode": 0.5349014902441626, "spark.scheduler.revive.interval": 814.0166819860694, "spark.shuffle.compress": 0.47856116693810613, "spark.shuffle.file.buffer": 41.1827322305416, "spark.shuffle.io.numConnectionsPerPeer": 3.794470834356816, "spark.shuffle.sort.bypassMergeThreshold": 290.6326596444772, "spark.storage.memoryFraction": 0.6502926470382029, "spark.storage.memoryMapThreshold": 3.517987701646554}, "datetime": {"datetime": "2022-02-01 05:43:03", "elapsed": 26295.539993, "delta": 172.142474}}
{"target": -160.287, "params": {"spark.broadcast.blockSize": 57.300963345418225, "spark.broadcast.checksum": 0.37060580640338203, "spark.broadcast.compress": 0.6073556239252154, "spark.default.parallelism": 253.03925150449686, "spark.executor.cores": 3.7388289732976996, "spark.executor.instances": 7.914536839859583, "spark.executor.memory": 4.01386707633972, "spark.executor.memoryOverhead": 406.99837385066365, "spark.kryoserializer.buffer": 54.197944011259096, "spark.kryoserializer.buffer.max": 81.36269091717969, "spark.locality.wait": 9.210435120414648, "spark.maxRemoteBlockSizeFetchToMem": 1691793808.7499561, "spark.memory.fraction": 0.6544260932719494, "spark.memory.offHeap.enabled": 0.28010801386611195, "spark.memory.offHeap.size": 881.2653614530279, "spark.memory.storageFraction": 0.8149510219056182, "spark.rdd.compress": 0.5899679773292213, "spark.reducer.maxBlocksInFlightPerAddress": 2133100888.420699, "spark.reducer.maxReqsInFlight": 1956200093.6554255, "spark.reducer.maxSizeInFlight": 33.56586742130297, "spark.scheduler.mode": 0.5520660831455826, "spark.scheduler.revive.interval": 726.5690177242493, "spark.shuffle.compress": 0.5470217273517359, "spark.shuffle.file.buffer": 42.97989414701376, "spark.shuffle.io.numConnectionsPerPeer": 3.964023656757641, "spark.shuffle.sort.bypassMergeThreshold": 307.6277362346937, "spark.storage.memoryFraction": 0.757188813301839, "spark.storage.memoryMapThreshold": 3.416463741962533}, "datetime": {"datetime": "2022-02-01 05:45:52", "elapsed": 26464.697669, "delta": 169.157676}}
{"target": -158.371, "params": {"spark.broadcast.blockSize": 42.465022812601944, "spark.broadcast.checksum": 0.6839418497486309, "spark.broadcast.compress": 0.9512159193500502, "spark.default.parallelism": 311.31721612358683, "spark.executor.cores": 3.925400289352832, "spark.executor.instances": 7.912062419445913, "spark.executor.memory": 6.599378467233654, "spark.executor.memoryOverhead": 445.547446059055, "spark.kryoserializer.buffer": 76.38120003027878, "spark.kryoserializer.buffer.max": 87.38013489729488, "spark.locality.wait": 4.493368587357001, "spark.maxRemoteBlockSizeFetchToMem": 1234340635.0824873, "spark.memory.fraction": 0.6323446853615072, "spark.memory.offHeap.enabled": 0.5807263835198039, "spark.memory.offHeap.size": 997.7643188394773, "spark.memory.storageFraction": 0.7274219032202062, "spark.rdd.compress": 0.2196536723839988, "spark.reducer.maxBlocksInFlightPerAddress": 1964344342.9887228, "spark.reducer.maxReqsInFlight": 1435649940.2110481, "spark.reducer.maxSizeInFlight": 46.23155108145536, "spark.scheduler.mode": 0.559682603666123, "spark.scheduler.revive.interval": 527.5544824736453, "spark.shuffle.compress": 0.7304686631086718, "spark.shuffle.file.buffer": 23.762866644913686, "spark.shuffle.io.numConnectionsPerPeer": 1.1906433236946627, "spark.shuffle.sort.bypassMergeThreshold": 336.1416998696422, "spark.storage.memoryFraction": 0.567595674559158, "spark.storage.memoryMapThreshold": 2.3211047047339974}, "datetime": {"datetime": "2022-02-01 05:48:39", "elapsed": 26631.912162, "delta": 167.214493}}
{"target": -149.985, "params": {"spark.broadcast.blockSize": 62.84147791161354, "spark.broadcast.checksum": 0.02544081674466292, "spark.broadcast.compress": 0.9952026922060759, "spark.default.parallelism": 364.34531153766204, "spark.executor.cores": 3.6897127067300532, "spark.executor.instances": 7.881230767692854, "spark.executor.memory": 6.86446304874222, "spark.executor.memoryOverhead": 691.4029259545053, "spark.kryoserializer.buffer": 78.9458007878678, "spark.kryoserializer.buffer.max": 102.37380397189345, "spark.locality.wait": 8.096153006734598, "spark.maxRemoteBlockSizeFetchToMem": 1378327262.2957585, "spark.memory.fraction": 0.5245709764645088, "spark.memory.offHeap.enabled": 0.2943719281432764, "spark.memory.offHeap.size": 628.0843029619068, "spark.memory.storageFraction": 0.8980427222270895, "spark.rdd.compress": 0.9998048398092835, "spark.reducer.maxBlocksInFlightPerAddress": 2142012508.3721566, "spark.reducer.maxReqsInFlight": 1261955157.0465133, "spark.reducer.maxSizeInFlight": 36.418138157511486, "spark.scheduler.mode": 0.27046073592578435, "spark.scheduler.revive.interval": 977.5405874837577, "spark.shuffle.compress": 0.23245275253540965, "spark.shuffle.file.buffer": 25.810046417639686, "spark.shuffle.io.numConnectionsPerPeer": 4.362649371640454, "spark.shuffle.sort.bypassMergeThreshold": 269.3877667552042, "spark.storage.memoryFraction": 0.5602769858678417, "spark.storage.memoryMapThreshold": 2.2792042991813726}, "datetime": {"datetime": "2022-02-01 05:51:18", "elapsed": 26790.687176, "delta": 158.775014}}
{"target": -160.939, "params": {"spark.broadcast.blockSize": 51.03941445365395, "spark.broadcast.checksum": 0.39150181609742685, "spark.broadcast.compress": 0.36147629384583946, "spark.default.parallelism": 319.7124181776835, "spark.executor.cores": 3.7907390710046514, "spark.executor.instances": 7.84161455963028, "spark.executor.memory": 6.497294259565527, "spark.executor.memoryOverhead": 449.27849915186044, "spark.kryoserializer.buffer": 61.534694470783435, "spark.kryoserializer.buffer.max": 36.447235757454315, "spark.locality.wait": 4.845405781417432, "spark.maxRemoteBlockSizeFetchToMem": 1284307501.889477, "spark.memory.fraction": 0.5333252435462708, "spark.memory.offHeap.enabled": 0.22300284179276897, "spark.memory.offHeap.size": 622.0847595984671, "spark.memory.storageFraction": 0.8759627879175833, "spark.rdd.compress": 0.47159009130071006, "spark.reducer.maxBlocksInFlightPerAddress": 2123673117.6594205, "spark.reducer.maxReqsInFlight": 1487262778.0246305, "spark.reducer.maxSizeInFlight": 24.026495952104483, "spark.scheduler.mode": 0.7779265850954351, "spark.scheduler.revive.interval": 560.8645372761515, "spark.shuffle.compress": 0.9266886475178023, "spark.shuffle.file.buffer": 41.023129513616674, "spark.shuffle.io.numConnectionsPerPeer": 2.992373067727254, "spark.shuffle.sort.bypassMergeThreshold": 233.27094310951225, "spark.storage.memoryFraction": 0.6775191542254998, "spark.storage.memoryMapThreshold": 2.414305412151573}, "datetime": {"datetime": "2022-02-01 05:54:08", "elapsed": 26960.655642, "delta": 169.968466}}
{"target": -157.294, "params": {"spark.broadcast.blockSize": 56.40511352964607, "spark.broadcast.checksum": 0.21270503822799114, "spark.broadcast.compress": 0.30303626768108494, "spark.default.parallelism": 407.0450653596425, "spark.executor.cores": 3.9373349782078546, "spark.executor.instances": 7.920865841383278, "spark.executor.memory": 4.156449720883725, "spark.executor.memoryOverhead": 549.8299954357421, "spark.kryoserializer.buffer": 43.77224504524814, "spark.kryoserializer.buffer.max": 47.55626188331965, "spark.locality.wait": 9.997831876950334, "spark.maxRemoteBlockSizeFetchToMem": 1667176520.256343, "spark.memory.fraction": 0.8970824490691967, "spark.memory.offHeap.enabled": 0.8024089557479447, "spark.memory.offHeap.size": 560.5282756446591, "spark.memory.storageFraction": 0.6595970259484288, "spark.rdd.compress": 0.49145298333341514, "spark.reducer.maxBlocksInFlightPerAddress": 1964907047.6026065, "spark.reducer.maxReqsInFlight": 1401449583.5611372, "spark.reducer.maxSizeInFlight": 37.89915531381077, "spark.scheduler.mode": 0.5268705225612391, "spark.scheduler.revive.interval": 879.5526392312281, "spark.shuffle.compress": 0.6023284746319515, "spark.shuffle.file.buffer": 22.515572247161575, "spark.shuffle.io.numConnectionsPerPeer": 4.958051059456677, "spark.shuffle.sort.bypassMergeThreshold": 210.3580081603944, "spark.storage.memoryFraction": 0.5206095793034895, "spark.storage.memoryMapThreshold": 2.2759888725361033}, "datetime": {"datetime": "2022-02-01 05:56:54", "elapsed": 27126.936409, "delta": 166.280767}}
{"target": -164.877, "params": {"spark.broadcast.blockSize": 45.15717554047188, "spark.broadcast.checksum": 0.2677637086032305, "spark.broadcast.compress": 0.6916757149751833, "spark.default.parallelism": 402.56523525700925, "spark.executor.cores": 3.5872186237038037, "spark.executor.instances": 7.961718560526682, "spark.executor.memory": 4.728997580999308, "spark.executor.memoryOverhead": 486.7252981480676, "spark.kryoserializer.buffer": 34.329842081355686, "spark.kryoserializer.buffer.max": 92.95607207976951, "spark.locality.wait": 7.918433474600792, "spark.maxRemoteBlockSizeFetchToMem": 1634525718.9916124, "spark.memory.fraction": 0.6592499262561033, "spark.memory.offHeap.enabled": 0.7308672925907873, "spark.memory.offHeap.size": 695.253559221127, "spark.memory.storageFraction": 0.643771396214092, "spark.rdd.compress": 0.11192536607237946, "spark.reducer.maxBlocksInFlightPerAddress": 1888819223.2746677, "spark.reducer.maxReqsInFlight": 1761103614.7422285, "spark.reducer.maxSizeInFlight": 27.76298177495965, "spark.scheduler.mode": 0.7414339709627732, "spark.scheduler.revive.interval": 585.9839714102852, "spark.shuffle.compress": 0.684285373341829, "spark.shuffle.file.buffer": 24.391477846563454, "spark.shuffle.io.numConnectionsPerPeer": 2.460528423520373, "spark.shuffle.sort.bypassMergeThreshold": 311.7403331816961, "spark.storage.memoryFraction": 0.7737858065548026, "spark.storage.memoryMapThreshold": 2.1740876063395245}, "datetime": {"datetime": "2022-02-01 05:59:48", "elapsed": 27300.841304, "delta": 173.904895}}
{"target": -196.794, "params": {"spark.broadcast.blockSize": 54.95306097438768, "spark.broadcast.checksum": 0.22437044166285713, "spark.broadcast.compress": 0.7496181117453045, "spark.default.parallelism": 482.07308386919294, "spark.executor.cores": 3.9987983528628837, "spark.executor.instances": 6.812150563234653, "spark.executor.memory": 6.894567079312971, "spark.executor.memoryOverhead": 552.5228607935596, "spark.kryoserializer.buffer": 102.26731193308409, "spark.kryoserializer.buffer.max": 55.4910464960583, "spark.locality.wait": 7.603470099685362, "spark.maxRemoteBlockSizeFetchToMem": 1829970974.159739, "spark.memory.fraction": 0.7154912832771224, "spark.memory.offHeap.enabled": 0.8538259722943095, "spark.memory.offHeap.size": 538.464453069734, "spark.memory.storageFraction": 0.8051379811582609, "spark.rdd.compress": 0.48873126185494176, "spark.reducer.maxBlocksInFlightPerAddress": 2084870919.103729, "spark.reducer.maxReqsInFlight": 1814752119.7275848, "spark.reducer.maxSizeInFlight": 30.83186416113874, "spark.scheduler.mode": 0.48796997371829487, "spark.scheduler.revive.interval": 833.563694312074, "spark.shuffle.compress": 0.9959879359562017, "spark.shuffle.file.buffer": 17.28904650515652, "spark.shuffle.io.numConnectionsPerPeer": 3.1076786813302553, "spark.shuffle.sort.bypassMergeThreshold": 177.1811050217717, "spark.storage.memoryFraction": 0.5665542890160069, "spark.storage.memoryMapThreshold": 1.9130150353506665}, "datetime": {"datetime": "2022-02-01 06:03:14", "elapsed": 27506.512227, "delta": 205.670923}}
{"target": -158.72, "params": {"spark.broadcast.blockSize": 61.78970046008912, "spark.broadcast.checksum": 0.5033085493414869, "spark.broadcast.compress": 0.6865827159524325, "spark.default.parallelism": 487.09841312640765, "spark.executor.cores": 3.9972775501931954, "spark.executor.instances": 7.958705213215414, "spark.executor.memory": 5.122844662970867, "spark.executor.memoryOverhead": 431.5556425365941, "spark.kryoserializer.buffer": 35.93847470876262, "spark.kryoserializer.buffer.max": 62.84071887979516, "spark.locality.wait": 9.33739814272177, "spark.maxRemoteBlockSizeFetchToMem": 1793392712.7658362, "spark.memory.fraction": 0.6871114666208005, "spark.memory.offHeap.enabled": 0.5930582090718499, "spark.memory.offHeap.size": 954.5580268208248, "spark.memory.storageFraction": 0.7294198291359139, "spark.rdd.compress": 0.406046355633211, "spark.reducer.maxBlocksInFlightPerAddress": 1659564020.8420134, "spark.reducer.maxReqsInFlight": 1191357690.4787657, "spark.reducer.maxSizeInFlight": 65.55574524497979, "spark.scheduler.mode": 0.7658131722514147, "spark.scheduler.revive.interval": 683.6332332678377, "spark.shuffle.compress": 0.35397058669273107, "spark.shuffle.file.buffer": 46.492880492003906, "spark.shuffle.io.numConnectionsPerPeer": 4.271170155028204, "spark.shuffle.sort.bypassMergeThreshold": 268.40506720471507, "spark.storage.memoryFraction": 0.5395495514926026, "spark.storage.memoryMapThreshold": 2.9902028977151587}, "datetime": {"datetime": "2022-02-01 06:06:02", "elapsed": 27674.357685, "delta": 167.845458}}
{"target": -166.338, "params": {"spark.broadcast.blockSize": 53.26802875970984, "spark.broadcast.checksum": 0.2480422902729782, "spark.broadcast.compress": 0.5297207610800906, "spark.default.parallelism": 320.8992834750394, "spark.executor.cores": 3.9704088671057938, "spark.executor.instances": 7.6930954184883475, "spark.executor.memory": 5.827076865007324, "spark.executor.memoryOverhead": 449.5334332763687, "spark.kryoserializer.buffer": 102.10183628684658, "spark.kryoserializer.buffer.max": 89.4589558724119, "spark.locality.wait": 6.170666288314386, "spark.maxRemoteBlockSizeFetchToMem": 2134496476.0842648, "spark.memory.fraction": 0.6847407381116152, "spark.memory.offHeap.enabled": 0.5211243636648384, "spark.memory.offHeap.size": 564.308628221572, "spark.memory.storageFraction": 0.7767444495671811, "spark.rdd.compress": 0.2274017335251769, "spark.reducer.maxBlocksInFlightPerAddress": 1329318003.6419134, "spark.reducer.maxReqsInFlight": 1576661094.5168333, "spark.reducer.maxSizeInFlight": 58.06302410643133, "spark.scheduler.mode": 0.8108801227191011, "spark.scheduler.revive.interval": 580.8991869930835, "spark.shuffle.compress": 0.18820490580555416, "spark.shuffle.file.buffer": 17.399036827235093, "spark.shuffle.io.numConnectionsPerPeer": 4.9463158385763055, "spark.shuffle.sort.bypassMergeThreshold": 236.99048523238608, "spark.storage.memoryFraction": 0.6013233483214692, "spark.storage.memoryMapThreshold": 3.8634245386330575}, "datetime": {"datetime": "2022-02-01 06:08:57", "elapsed": 27849.607583, "delta": 175.249898}}
{"target": -174.813, "params": {"spark.broadcast.blockSize": 57.11955061868795, "spark.broadcast.checksum": 0.17632615468420643, "spark.broadcast.compress": 0.9434706052777171, "spark.default.parallelism": 268.1337427440109, "spark.executor.cores": 3.4485865397393, "spark.executor.instances": 7.927337765312984, "spark.executor.memory": 6.858530547176544, "spark.executor.memoryOverhead": 531.5862386989154, "spark.kryoserializer.buffer": 95.73215608966731, "spark.kryoserializer.buffer.max": 50.944465002451416, "spark.locality.wait": 9.157879445566302, "spark.maxRemoteBlockSizeFetchToMem": 1762264734.0046496, "spark.memory.fraction": 0.6053294187928637, "spark.memory.offHeap.enabled": 0.23310922486905417, "spark.memory.offHeap.size": 851.7624052612316, "spark.memory.storageFraction": 0.753159029898512, "spark.rdd.compress": 0.16748792175570004, "spark.reducer.maxBlocksInFlightPerAddress": 1932339352.6509938, "spark.reducer.maxReqsInFlight": 1157004841.5189786, "spark.reducer.maxSizeInFlight": 52.577709023544216, "spark.scheduler.mode": 0.8181761202045941, "spark.scheduler.revive.interval": 607.0444514674011, "spark.shuffle.compress": 0.06371892355472475, "spark.shuffle.file.buffer": 17.70806520418062, "spark.shuffle.io.numConnectionsPerPeer": 3.116482686505722, "spark.shuffle.sort.bypassMergeThreshold": 305.9960125119139, "spark.storage.memoryFraction": 0.6619904820005762, "spark.storage.memoryMapThreshold": 3.257471835475769}, "datetime": {"datetime": "2022-02-01 06:12:01", "elapsed": 28033.377139, "delta": 183.769556}}
