{"target": -163.121, "params": {"spark.broadcast.blockSize": 49.8091095442134, "spark.broadcast.checksum": 0.4957099114915434, "spark.broadcast.compress": 0.8621006411977298, "spark.default.parallelism": 297.09002751974333, "spark.executor.cores": 3.6879434659685413, "spark.executor.instances": 7.95204462655293, "spark.executor.memory": 5.677497981438984, "spark.executor.memoryOverhead": 447.2561207515136, "spark.kryoserializer.buffer": 78.83081518678176, "spark.kryoserializer.buffer.max": 92.77267095138941, "spark.locality.wait": 5.122877366539898, "spark.maxRemoteBlockSizeFetchToMem": 1769059043.3178382, "spark.memory.fraction": 0.7188089016081665, "spark.memory.offHeap.enabled": 0.436452954537504, "spark.memory.offHeap.size": 1003.7714079574273, "spark.memory.storageFraction": 0.6981640120457467, "spark.rdd.compress": 0.31793982962194955, "spark.reducer.maxBlocksInFlightPerAddress": 1891254053.2191372, "spark.reducer.maxReqsInFlight": 1946205916.2989216, "spark.reducer.maxSizeInFlight": 36.23040835869483, "spark.scheduler.mode": 0.9181941111517925, "spark.scheduler.revive.interval": 670.0359689569908, "spark.shuffle.compress": 0.8698029631066149, "spark.shuffle.file.buffer": 33.68913069817082, "spark.shuffle.io.numConnectionsPerPeer": 4.291819382373854, "spark.shuffle.sort.bypassMergeThreshold": 232.34726435602124, "spark.storage.memoryFraction": 0.7740889271117307, "spark.storage.memoryMapThreshold": 2.689622169315827}, "datetime": {"datetime": "2022-02-01 11:34:47", "elapsed": 47399.459576, "delta": 172.239061}}
{"target": -147.787, "params": {"spark.broadcast.blockSize": 51.684346730233976, "spark.broadcast.checksum": 0.45565925853233824, "spark.broadcast.compress": 0.6599246386631612, "spark.default.parallelism": 361.78900918964155, "spark.executor.cores": 3.8928474049998645, "spark.executor.instances": 7.454293260799288, "spark.executor.memory": 5.27799043933434, "spark.executor.memoryOverhead": 491.2848317625147, "spark.kryoserializer.buffer": 103.42045422316139, "spark.kryoserializer.buffer.max": 89.07982724088971, "spark.locality.wait": 4.261407439467599, "spark.maxRemoteBlockSizeFetchToMem": 1758803641.0610852, "spark.memory.fraction": 0.8163630193312772, "spark.memory.offHeap.enabled": 0.18537940064924685, "spark.memory.offHeap.size": 873.8277114286336, "spark.memory.storageFraction": 0.8086662365851838, "spark.rdd.compress": 0.5221448042171314, "spark.reducer.maxBlocksInFlightPerAddress": 1261952345.0060294, "spark.reducer.maxReqsInFlight": 1307179102.8350039, "spark.reducer.maxSizeInFlight": 70.84277963947324, "spark.scheduler.mode": 0.06642816739286128, "spark.scheduler.revive.interval": 507.13951816525355, "spark.shuffle.compress": 0.16328436644922095, "spark.shuffle.file.buffer": 32.34712102493019, "spark.shuffle.io.numConnectionsPerPeer": 4.070217892310813, "spark.shuffle.sort.bypassMergeThreshold": 215.72147878368125, "spark.storage.memoryFraction": 0.857604592890089, "spark.storage.memoryMapThreshold": 2.215747447387765}, "datetime": {"datetime": "2022-02-01 11:37:24", "elapsed": 47556.299734, "delta": 156.840158}}
{"target": -164.766, "params": {"spark.broadcast.blockSize": 45.31470206913116, "spark.broadcast.checksum": 0.38784334014249033, "spark.broadcast.compress": 0.7375911117148326, "spark.default.parallelism": 349.4922936666027, "spark.executor.cores": 3.6747423390935308, "spark.executor.instances": 7.367722258400059, "spark.executor.memory": 3.941896266320997, "spark.executor.memoryOverhead": 493.4729482107092, "spark.kryoserializer.buffer": 92.78302061532206, "spark.kryoserializer.buffer.max": 40.99703772738718, "spark.locality.wait": 6.145152088072506, "spark.maxRemoteBlockSizeFetchToMem": 1417742320.7654507, "spark.memory.fraction": 0.6014283425145182, "spark.memory.offHeap.enabled": 0.5676703878355366, "spark.memory.offHeap.size": 687.3359009293399, "spark.memory.storageFraction": 0.6548462149029536, "spark.rdd.compress": 0.6638218605376781, "spark.reducer.maxBlocksInFlightPerAddress": 1363658658.7166998, "spark.reducer.maxReqsInFlight": 1425458505.344229, "spark.reducer.maxSizeInFlight": 43.89672158747759, "spark.scheduler.mode": 0.7592068123396564, "spark.scheduler.revive.interval": 733.2686015326569, "spark.shuffle.compress": 0.35213363744082715, "spark.shuffle.file.buffer": 17.417423082025856, "spark.shuffle.io.numConnectionsPerPeer": 4.797651199851565, "spark.shuffle.sort.bypassMergeThreshold": 306.48062608627504, "spark.storage.memoryFraction": 0.615235948743837, "spark.storage.memoryMapThreshold": 2.7432032502724972}, "datetime": {"datetime": "2022-02-01 11:40:17", "elapsed": 47729.993458, "delta": 173.693724}}
{"target": -149.541, "params": {"spark.broadcast.blockSize": 36.72103249127962, "spark.broadcast.checksum": 0.41090548433211893, "spark.broadcast.compress": 0.7028839082890344, "spark.default.parallelism": 219.48709101501703, "spark.executor.cores": 3.71593268911785, "spark.executor.instances": 6.770810420719436, "spark.executor.memory": 6.859661258115777, "spark.executor.memoryOverhead": 541.9110366767453, "spark.kryoserializer.buffer": 57.79541802056379, "spark.kryoserializer.buffer.max": 85.95833917509472, "spark.locality.wait": 4.135067344252003, "spark.maxRemoteBlockSizeFetchToMem": 1704547270.1829443, "spark.memory.fraction": 0.6522855437090664, "spark.memory.offHeap.enabled": 0.3564337406309047, "spark.memory.offHeap.size": 859.2490850499032, "spark.memory.storageFraction": 0.843567743573579, "spark.rdd.compress": 0.6046609843547801, "spark.reducer.maxBlocksInFlightPerAddress": 2137237052.1352108, "spark.reducer.maxReqsInFlight": 1313267406.623991, "spark.reducer.maxSizeInFlight": 63.944341015329655, "spark.scheduler.mode": 0.8160653081776811, "spark.scheduler.revive.interval": 565.4674712581096, "spark.shuffle.compress": 0.3916844922046042, "spark.shuffle.file.buffer": 28.007303136093732, "spark.shuffle.io.numConnectionsPerPeer": 4.000000085991781, "spark.shuffle.sort.bypassMergeThreshold": 327.04644977611656, "spark.storage.memoryFraction": 0.6021726010070724, "spark.storage.memoryMapThreshold": 3.0657097745178645}, "datetime": {"datetime": "2022-02-01 11:42:56", "elapsed": 47888.950771, "delta": 158.957313}}
{"target": -179.3, "params": {"spark.broadcast.blockSize": 58.0351338426495, "spark.broadcast.checksum": 0.25830056103508414, "spark.broadcast.compress": 0.887687638972907, "spark.default.parallelism": 225.97854827796408, "spark.executor.cores": 3.778676200760861, "spark.executor.instances": 6.88594444665819, "spark.executor.memory": 5.574793037300893, "spark.executor.memoryOverhead": 525.6845999784883, "spark.kryoserializer.buffer": 108.68031511224007, "spark.kryoserializer.buffer.max": 43.8849301287726, "spark.locality.wait": 5.839928915987998, "spark.maxRemoteBlockSizeFetchToMem": 1160881125.018601, "spark.memory.fraction": 0.5054693991989838, "spark.memory.offHeap.enabled": 0.22647436629960804, "spark.memory.offHeap.size": 812.6540954598796, "spark.memory.storageFraction": 0.8263752335863537, "spark.rdd.compress": 0.9346620110514727, "spark.reducer.maxBlocksInFlightPerAddress": 1778124898.1272926, "spark.reducer.maxReqsInFlight": 1425155603.6588833, "spark.reducer.maxSizeInFlight": 41.082868744439686, "spark.scheduler.mode": 0.7264068645785681, "spark.scheduler.revive.interval": 571.0291771947733, "spark.shuffle.compress": 0.3746779544087866, "spark.shuffle.file.buffer": 16.175919879229774, "spark.shuffle.io.numConnectionsPerPeer": 4.5028668334288735, "spark.shuffle.sort.bypassMergeThreshold": 254.52533962636568, "spark.storage.memoryFraction": 0.5614838920451648, "spark.storage.memoryMapThreshold": 3.392013881572538}, "datetime": {"datetime": "2022-02-01 11:46:05", "elapsed": 48077.399745, "delta": 188.448974}}
{"target": -157.287, "params": {"spark.broadcast.blockSize": 43.26759989352347, "spark.broadcast.checksum": 0.6903132242020146, "spark.broadcast.compress": 0.42161753969406557, "spark.default.parallelism": 240.47945236148547, "spark.executor.cores": 3.9875818960177245, "spark.executor.instances": 7.82317101636324, "spark.executor.memory": 3.1401778614863747, "spark.executor.memoryOverhead": 448.6574295798995, "spark.kryoserializer.buffer": 81.4051984030008, "spark.kryoserializer.buffer.max": 63.27730562089501, "spark.locality.wait": 9.32175883960352, "spark.maxRemoteBlockSizeFetchToMem": 1924902973.593636, "spark.memory.fraction": 0.6208843158734006, "spark.memory.offHeap.enabled": 0.20668025678991886, "spark.memory.offHeap.size": 601.965212089348, "spark.memory.storageFraction": 0.6141381854576287, "spark.rdd.compress": 0.0396957867296841, "spark.reducer.maxBlocksInFlightPerAddress": 1598236259.2855124, "spark.reducer.maxReqsInFlight": 1434342121.22425, "spark.reducer.maxSizeInFlight": 50.291595571225066, "spark.scheduler.mode": 0.7702055539973054, "spark.scheduler.revive.interval": 634.7739060130124, "spark.shuffle.compress": 0.28333252253991936, "spark.shuffle.file.buffer": 37.55782037434497, "spark.shuffle.io.numConnectionsPerPeer": 3.9113666282432, "spark.shuffle.sort.bypassMergeThreshold": 314.2669613383692, "spark.storage.memoryFraction": 0.5860861049656971, "spark.storage.memoryMapThreshold": 2.9946867433522737}, "datetime": {"datetime": "2022-02-01 11:48:51", "elapsed": 48243.962344, "delta": 166.562599}}
{"target": -150.088, "params": {"spark.broadcast.blockSize": 58.906166982428616, "spark.broadcast.checksum": 0.06893144132450824, "spark.broadcast.compress": 0.9690825829320557, "spark.default.parallelism": 215.01459272260172, "spark.executor.cores": 3.9620948216835767, "spark.executor.instances": 6.847991895323387, "spark.executor.memory": 4.052442466919151, "spark.executor.memoryOverhead": 521.6667628860673, "spark.kryoserializer.buffer": 75.73531284473952, "spark.kryoserializer.buffer.max": 117.87108529847355, "spark.locality.wait": 4.397802781350346, "spark.maxRemoteBlockSizeFetchToMem": 1739489288.476985, "spark.memory.fraction": 0.7232797739466461, "spark.memory.offHeap.enabled": 0.27926565817356575, "spark.memory.offHeap.size": 692.7430823513691, "spark.memory.storageFraction": 0.6200523685062808, "spark.rdd.compress": 0.25577258283477433, "spark.reducer.maxBlocksInFlightPerAddress": 2071621725.5863824, "spark.reducer.maxReqsInFlight": 1601318579.3571758, "spark.reducer.maxSizeInFlight": 30.93436290760352, "spark.scheduler.mode": 0.4969488541943794, "spark.scheduler.revive.interval": 550.9997041319807, "spark.shuffle.compress": 0.2512789439130837, "spark.shuffle.file.buffer": 20.37513401166849, "spark.shuffle.io.numConnectionsPerPeer": 3.848187404633991, "spark.shuffle.sort.bypassMergeThreshold": 236.78821727822327, "spark.storage.memoryFraction": 0.6399576030469428, "spark.storage.memoryMapThreshold": 3.5583760489340044}, "datetime": {"datetime": "2022-02-01 11:51:30", "elapsed": 48402.932046, "delta": 158.969702}}
{"target": -180.96, "params": {"spark.broadcast.blockSize": 62.37176371448261, "spark.broadcast.checksum": 0.06264957518473002, "spark.broadcast.compress": 0.3153243336393081, "spark.default.parallelism": 232.16341730500847, "spark.executor.cores": 3.873653374830072, "spark.executor.instances": 7.353715982150499, "spark.executor.memory": 3.666697016643947, "spark.executor.memoryOverhead": 507.6314342528656, "spark.kryoserializer.buffer": 103.64768411026061, "spark.kryoserializer.buffer.max": 52.257079373356994, "spark.locality.wait": 9.010449059804394, "spark.maxRemoteBlockSizeFetchToMem": 1323842379.6382537, "spark.memory.fraction": 0.7974731603771983, "spark.memory.offHeap.enabled": 0.0070933164442880114, "spark.memory.offHeap.size": 772.0984136337859, "spark.memory.storageFraction": 0.6291789719297364, "spark.rdd.compress": 0.3828358200162908, "spark.reducer.maxBlocksInFlightPerAddress": 1595546710.7975693, "spark.reducer.maxReqsInFlight": 1256153919.948485, "spark.reducer.maxSizeInFlight": 27.853722528172057, "spark.scheduler.mode": 0.14912557998274256, "spark.scheduler.revive.interval": 594.3422294779575, "spark.shuffle.compress": 0.15383930788332645, "spark.shuffle.file.buffer": 27.9750382370842, "spark.shuffle.io.numConnectionsPerPeer": 3.5031352585768367, "spark.shuffle.sort.bypassMergeThreshold": 220.4554486572489, "spark.storage.memoryFraction": 0.7390043464284479, "spark.storage.memoryMapThreshold": 2.2806033184371404}, "datetime": {"datetime": "2022-02-01 11:54:40", "elapsed": 48592.895396, "delta": 189.96335}}
{"target": -144.501, "params": {"spark.broadcast.blockSize": 58.67307783463516, "spark.broadcast.checksum": 0.06742622823187605, "spark.broadcast.compress": 0.5136005345500554, "spark.default.parallelism": 203.97158597269564, "spark.executor.cores": 3.948472825098997, "spark.executor.instances": 7.832002894906436, "spark.executor.memory": 5.505522747114652, "spark.executor.memoryOverhead": 422.67354725882734, "spark.kryoserializer.buffer": 81.2259559445819, "spark.kryoserializer.buffer.max": 65.81778701294277, "spark.locality.wait": 9.35292945601823, "spark.maxRemoteBlockSizeFetchToMem": 1727072790.6744719, "spark.memory.fraction": 0.8645173075677659, "spark.memory.offHeap.enabled": 0.16436582819434253, "spark.memory.offHeap.size": 720.3398950242613, "spark.memory.storageFraction": 0.7089490730627508, "spark.rdd.compress": 0.3251987646428798, "spark.reducer.maxBlocksInFlightPerAddress": 1736101914.169157, "spark.reducer.maxReqsInFlight": 1593554361.1960359, "spark.reducer.maxSizeInFlight": 70.2185283042308, "spark.scheduler.mode": 0.2590843119988472, "spark.scheduler.revive.interval": 825.9718922272974, "spark.shuffle.compress": 0.11754173695205006, "spark.shuffle.file.buffer": 26.423488345580964, "spark.shuffle.io.numConnectionsPerPeer": 4.366233968169045, "spark.shuffle.sort.bypassMergeThreshold": 272.79056801431545, "spark.storage.memoryFraction": 0.5989112272635997, "spark.storage.memoryMapThreshold": 1.641712426901723}, "datetime": {"datetime": "2022-02-01 11:57:14", "elapsed": 48746.498505, "delta": 153.603109}}
{"target": -157.781, "params": {"spark.broadcast.blockSize": 56.975672532107254, "spark.broadcast.checksum": 0.8173199619571898, "spark.broadcast.compress": 0.8922227656985605, "spark.default.parallelism": 263.13916356147774, "spark.executor.cores": 3.5767105312988194, "spark.executor.instances": 7.665783502280165, "spark.executor.memory": 4.5219790525414165, "spark.executor.memoryOverhead": 386.94150590998566, "spark.kryoserializer.buffer": 94.21203390141679, "spark.kryoserializer.buffer.max": 98.85442495405901, "spark.locality.wait": 6.8331293035554435, "spark.maxRemoteBlockSizeFetchToMem": 1676875300.8328605, "spark.memory.fraction": 0.795302432526202, "spark.memory.offHeap.enabled": 0.03874395725915081, "spark.memory.offHeap.size": 666.232180882105, "spark.memory.storageFraction": 0.7802931347368445, "spark.rdd.compress": 0.07861288871335093, "spark.reducer.maxBlocksInFlightPerAddress": 1628217155.3215456, "spark.reducer.maxReqsInFlight": 1616337209.3499548, "spark.reducer.maxSizeInFlight": 47.43704519000123, "spark.scheduler.mode": 0.12253592374576883, "spark.scheduler.revive.interval": 637.0475997605163, "spark.shuffle.compress": 0.5290355734160267, "spark.shuffle.file.buffer": 46.12856499356332, "spark.shuffle.io.numConnectionsPerPeer": 4.985821516972906, "spark.shuffle.sort.bypassMergeThreshold": 338.2902279636003, "spark.storage.memoryFraction": 0.7600540602048151, "spark.storage.memoryMapThreshold": 1.9068272641183128}, "datetime": {"datetime": "2022-02-01 12:00:01", "elapsed": 48913.449544, "delta": 166.951039}}
{"target": -188.887, "params": {"spark.broadcast.blockSize": 38.556384231523914, "spark.broadcast.checksum": 0.47868454581199715, "spark.broadcast.compress": 0.5037869047636583, "spark.default.parallelism": 262.6565240807497, "spark.executor.cores": 3.8518656633204587, "spark.executor.instances": 6.676990527661548, "spark.executor.memory": 4.269704887106846, "spark.executor.memoryOverhead": 399.93206618876667, "spark.kryoserializer.buffer": 96.5631947385865, "spark.kryoserializer.buffer.max": 75.03392485614141, "spark.locality.wait": 6.182330471665187, "spark.maxRemoteBlockSizeFetchToMem": 1613720576.3425899, "spark.memory.fraction": 0.6957633739095576, "spark.memory.offHeap.enabled": 0.4141008366092441, "spark.memory.offHeap.size": 853.9915610357832, "spark.memory.storageFraction": 0.7651025734288607, "spark.rdd.compress": 0.007960320401075638, "spark.reducer.maxBlocksInFlightPerAddress": 1483352706.0639682, "spark.reducer.maxReqsInFlight": 1836211406.4099712, "spark.reducer.maxSizeInFlight": 66.43876112639423, "spark.scheduler.mode": 0.34574964581592194, "spark.scheduler.revive.interval": 565.2963677546912, "spark.shuffle.compress": 0.6055503865084823, "spark.shuffle.file.buffer": 32.96763772372239, "spark.shuffle.io.numConnectionsPerPeer": 4.378592389412741, "spark.shuffle.sort.bypassMergeThreshold": 319.4425550019404, "spark.storage.memoryFraction": 0.6529408761563259, "spark.storage.memoryMapThreshold": 3.8551323515598694}, "datetime": {"datetime": "2022-02-01 12:03:19", "elapsed": 49111.366647, "delta": 197.917103}}
{"target": -159.282, "params": {"spark.broadcast.blockSize": 50.701909010128176, "spark.broadcast.checksum": 0.5841579091285926, "spark.broadcast.compress": 0.8465611122293393, "spark.default.parallelism": 320.6395865484653, "spark.executor.cores": 3.9887414532259315, "spark.executor.instances": 7.903856808444873, "spark.executor.memory": 5.374769432813379, "spark.executor.memoryOverhead": 400.6623749645211, "spark.kryoserializer.buffer": 92.07723263264707, "spark.kryoserializer.buffer.max": 67.05260644612656, "spark.locality.wait": 7.656063389805536, "spark.maxRemoteBlockSizeFetchToMem": 1898388535.0883222, "spark.memory.fraction": 0.6940177658610385, "spark.memory.offHeap.enabled": 0.7184858617730142, "spark.memory.offHeap.size": 856.5853590267529, "spark.memory.storageFraction": 0.5230376455199318, "spark.rdd.compress": 0.9437739885693692, "spark.reducer.maxBlocksInFlightPerAddress": 1721736500.4147165, "spark.reducer.maxReqsInFlight": 1202927497.5555403, "spark.reducer.maxSizeInFlight": 43.07550164896844, "spark.scheduler.mode": 0.7347720193198428, "spark.scheduler.revive.interval": 648.2143109333368, "spark.shuffle.compress": 0.6890956456875197, "spark.shuffle.file.buffer": 20.873807137586553, "spark.shuffle.io.numConnectionsPerPeer": 3.5952915518317714, "spark.shuffle.sort.bypassMergeThreshold": 317.9920812358769, "spark.storage.memoryFraction": 0.7516083662209678, "spark.storage.memoryMapThreshold": 2.476253366156188}, "datetime": {"datetime": "2022-02-01 12:06:07", "elapsed": 49279.993475, "delta": 168.626828}}
{"target": -156.647, "params": {"spark.broadcast.blockSize": 50.04193564231602, "spark.broadcast.checksum": 0.059046201777012586, "spark.broadcast.compress": 0.9283532241893463, "spark.default.parallelism": 316.6897725175572, "spark.executor.cores": 3.947196677441246, "spark.executor.instances": 6.934122530683346, "spark.executor.memory": 5.917017438316442, "spark.executor.memoryOverhead": 493.7555225461632, "spark.kryoserializer.buffer": 73.76222076163802, "spark.kryoserializer.buffer.max": 61.84201308226924, "spark.locality.wait": 6.382595537530447, "spark.maxRemoteBlockSizeFetchToMem": 1859703238.5051827, "spark.memory.fraction": 0.8746558251898837, "spark.memory.offHeap.enabled": 0.4072336525179816, "spark.memory.offHeap.size": 761.8030894545154, "spark.memory.storageFraction": 0.5577153321802395, "spark.rdd.compress": 0.5002734327507514, "spark.reducer.maxBlocksInFlightPerAddress": 1634438237.292021, "spark.reducer.maxReqsInFlight": 1099739980.2579331, "spark.reducer.maxSizeInFlight": 32.85118208034863, "spark.scheduler.mode": 0.4963316171578681, "spark.scheduler.revive.interval": 651.5191590425123, "spark.shuffle.compress": 0.3172368672133751, "spark.shuffle.file.buffer": 19.665499720047137, "spark.shuffle.io.numConnectionsPerPeer": 3.5878391243206034, "spark.shuffle.sort.bypassMergeThreshold": 191.84125321184018, "spark.storage.memoryFraction": 0.8585081229479834, "spark.storage.memoryMapThreshold": 3.601393472108359}, "datetime": {"datetime": "2022-02-01 12:08:53", "elapsed": 49445.829295, "delta": 165.83582}}
{"target": -152.704, "params": {"spark.broadcast.blockSize": 57.76101162449315, "spark.broadcast.checksum": 0.24044464457973513, "spark.broadcast.compress": 0.6613011660393256, "spark.default.parallelism": 344.40006361580225, "spark.executor.cores": 3.9719775614649686, "spark.executor.instances": 7.373957846822977, "spark.executor.memory": 4.470644469187047, "spark.executor.memoryOverhead": 523.6340120448597, "spark.kryoserializer.buffer": 80.93499623742078, "spark.kryoserializer.buffer.max": 40.80605745442104, "spark.locality.wait": 7.1092535198654785, "spark.maxRemoteBlockSizeFetchToMem": 1690760468.1177073, "spark.memory.fraction": 0.6735851751411405, "spark.memory.offHeap.enabled": 0.541129654231441, "spark.memory.offHeap.size": 719.0397921831745, "spark.memory.storageFraction": 0.648127714297171, "spark.rdd.compress": 0.4532530353074139, "spark.reducer.maxBlocksInFlightPerAddress": 1798247967.5396461, "spark.reducer.maxReqsInFlight": 1468180118.898902, "spark.reducer.maxSizeInFlight": 28.358146675999414, "spark.scheduler.mode": 0.471174001402042, "spark.scheduler.revive.interval": 619.8715291620281, "spark.shuffle.compress": 0.7757435036619621, "spark.shuffle.file.buffer": 37.40465851323079, "spark.shuffle.io.numConnectionsPerPeer": 4.044273218302473, "spark.shuffle.sort.bypassMergeThreshold": 209.1822669629354, "spark.storage.memoryFraction": 0.803461422965233, "spark.storage.memoryMapThreshold": 2.376570734174463}, "datetime": {"datetime": "2022-02-01 12:11:35", "elapsed": 49607.573337, "delta": 161.744042}}
