{"target": -154.863, "params": {"spark.broadcast.blockSize": 56.994208109716794, "spark.broadcast.checksum": 0.03352194703570177, "spark.broadcast.compress": 0.7227409263367991, "spark.default.parallelism": 251.5914580968678, "spark.executor.cores": 3.5642900325430533, "spark.executor.instances": 7.557890564447344, "spark.executor.memory": 5.355623261600501, "spark.executor.memoryOverhead": 464.4008137334819, "spark.kryoserializer.buffer": 63.07611877988271, "spark.kryoserializer.buffer.max": 74.78030192717826, "spark.locality.wait": 9.668455737798649, "spark.maxRemoteBlockSizeFetchToMem": 1691538895.3973496, "spark.memory.fraction": 0.864303861351027, "spark.memory.offHeap.enabled": 0.23347722017953232, "spark.memory.offHeap.size": 623.5474999161797, "spark.memory.storageFraction": 0.696533174016347, "spark.rdd.compress": 0.3239073496125523, "spark.reducer.maxBlocksInFlightPerAddress": 1936140332.189449, "spark.reducer.maxReqsInFlight": 1504283358.9786367, "spark.reducer.maxSizeInFlight": 51.534051918428304, "spark.scheduler.mode": 0.23037155741451465, "spark.scheduler.revive.interval": 524.8608474729867, "spark.shuffle.compress": 0.809701087110568, "spark.shuffle.file.buffer": 16.1882110377205, "spark.shuffle.io.numConnectionsPerPeer": 4.398166762234913, "spark.shuffle.sort.bypassMergeThreshold": 197.75215097266005, "spark.storage.memoryFraction": 0.703375585412995, "spark.storage.memoryMapThreshold": 2.674843130514359}, "datetime": {"datetime": "2022-02-01 03:33:07", "elapsed": 18499.13011, "delta": 163.526102}}
{"target": -178.649, "params": {"spark.broadcast.blockSize": 59.18464047818982, "spark.broadcast.checksum": 0.16603782330985728, "spark.broadcast.compress": 0.46954818943690957, "spark.default.parallelism": 224.71334395349817, "spark.executor.cores": 3.490828532941465, "spark.executor.instances": 7.976069572221666, "spark.executor.memory": 3.424211001506927, "spark.executor.memoryOverhead": 467.72273871003404, "spark.kryoserializer.buffer": 39.23979028868895, "spark.kryoserializer.buffer.max": 40.93733809875311, "spark.locality.wait": 9.552633456201324, "spark.maxRemoteBlockSizeFetchToMem": 1282220016.7788434, "spark.memory.fraction": 0.6313385478929253, "spark.memory.offHeap.enabled": 0.6876527120583312, "spark.memory.offHeap.size": 768.5282695006304, "spark.memory.storageFraction": 0.5504141217076886, "spark.rdd.compress": 0.401146442259962, "spark.reducer.maxBlocksInFlightPerAddress": 1535649171.0047536, "spark.reducer.maxReqsInFlight": 1831793069.0126832, "spark.reducer.maxSizeInFlight": 52.569066049962494, "spark.scheduler.mode": 0.6018939357666856, "spark.scheduler.revive.interval": 510.29515814023, "spark.shuffle.compress": 0.6405059093383744, "spark.shuffle.file.buffer": 21.83262437382335, "spark.shuffle.io.numConnectionsPerPeer": 3.927127335261361, "spark.shuffle.sort.bypassMergeThreshold": 185.7724905523834, "spark.storage.memoryFraction": 0.5334224128019451, "spark.storage.memoryMapThreshold": 1.1307273146359786}, "datetime": {"datetime": "2022-02-01 03:36:14", "elapsed": 18686.701633, "delta": 187.571523}}
{"target": -158.485, "params": {"spark.broadcast.blockSize": 49.16700917991335, "spark.broadcast.checksum": 0.6211724720315277, "spark.broadcast.compress": 0.989085702648393, "spark.default.parallelism": 226.0252913096793, "spark.executor.cores": 3.5824562506966084, "spark.executor.instances": 7.890592359959802, "spark.executor.memory": 5.982056049509843, "spark.executor.memoryOverhead": 410.78047135377017, "spark.kryoserializer.buffer": 101.81318534881552, "spark.kryoserializer.buffer.max": 47.07080068529774, "spark.locality.wait": 6.59115677936341, "spark.maxRemoteBlockSizeFetchToMem": 1518958848.2645724, "spark.memory.fraction": 0.6080087757009398, "spark.memory.offHeap.enabled": 0.44063307690590703, "spark.memory.offHeap.size": 690.4282626346505, "spark.memory.storageFraction": 0.6109547302402454, "spark.rdd.compress": 0.2607657545791363, "spark.reducer.maxBlocksInFlightPerAddress": 1875426393.7130709, "spark.reducer.maxReqsInFlight": 1669948113.8302374, "spark.reducer.maxSizeInFlight": 48.851554233013445, "spark.scheduler.mode": 0.5808988616795417, "spark.scheduler.revive.interval": 503.0553728162292, "spark.shuffle.compress": 0.8785388499392485, "spark.shuffle.file.buffer": 45.56998908343438, "spark.shuffle.io.numConnectionsPerPeer": 3.051114447475551, "spark.shuffle.sort.bypassMergeThreshold": 250.7545506976973, "spark.storage.memoryFraction": 0.6090577848976132, "spark.storage.memoryMapThreshold": 3.848474696611934}, "datetime": {"datetime": "2022-02-01 03:39:01", "elapsed": 18853.944888, "delta": 167.243255}}
{"target": -139.783, "params": {"spark.broadcast.blockSize": 57.566055060088566, "spark.broadcast.checksum": 0.6490616962920545, "spark.broadcast.compress": 0.9731960694843207, "spark.default.parallelism": 201.50553758025572, "spark.executor.cores": 3.671141401056582, "spark.executor.instances": 7.801777380725853, "spark.executor.memory": 5.779379296963251, "spark.executor.memoryOverhead": 464.9887918705033, "spark.kryoserializer.buffer": 53.7256264025544, "spark.kryoserializer.buffer.max": 81.38052995608521, "spark.locality.wait": 7.0484976208621415, "spark.maxRemoteBlockSizeFetchToMem": 1785369771.1528552, "spark.memory.fraction": 0.6020869463268466, "spark.memory.offHeap.enabled": 0.2842817714600204, "spark.memory.offHeap.size": 776.6791366460868, "spark.memory.storageFraction": 0.796647073023836, "spark.rdd.compress": 0.7408945144873681, "spark.reducer.maxBlocksInFlightPerAddress": 1649494849.1333256, "spark.reducer.maxReqsInFlight": 1572593296.9308062, "spark.reducer.maxSizeInFlight": 38.595486260573054, "spark.scheduler.mode": 0.490217843982089, "spark.scheduler.revive.interval": 782.8111241430731, "spark.shuffle.compress": 0.554514332193124, "spark.shuffle.file.buffer": 17.459892649498556, "spark.shuffle.io.numConnectionsPerPeer": 4.995076191985884, "spark.shuffle.sort.bypassMergeThreshold": 248.89666240235502, "spark.storage.memoryFraction": 0.5842383709752423, "spark.storage.memoryMapThreshold": 3.253868818415195}, "datetime": {"datetime": "2022-02-01 03:41:30", "elapsed": 19002.568647, "delta": 148.623759}}
{"target": -158.84, "params": {"spark.broadcast.blockSize": 46.32380505208768, "spark.broadcast.checksum": 0.33238842142008584, "spark.broadcast.compress": 0.22695976754023317, "spark.default.parallelism": 249.58483247985097, "spark.executor.cores": 3.8500564663105092, "spark.executor.instances": 7.860050149733292, "spark.executor.memory": 4.3661769525133804, "spark.executor.memoryOverhead": 525.3279340855053, "spark.kryoserializer.buffer": 48.137156931665416, "spark.kryoserializer.buffer.max": 33.14578266646271, "spark.locality.wait": 5.079051573164623, "spark.maxRemoteBlockSizeFetchToMem": 2132003352.4898643, "spark.memory.fraction": 0.5587279919349942, "spark.memory.offHeap.enabled": 0.11957295172031368, "spark.memory.offHeap.size": 736.0012114621923, "spark.memory.storageFraction": 0.6734705921399401, "spark.rdd.compress": 0.08199566041332063, "spark.reducer.maxBlocksInFlightPerAddress": 1774697823.4546604, "spark.reducer.maxReqsInFlight": 1562638720.7711434, "spark.reducer.maxSizeInFlight": 35.471582137410905, "spark.scheduler.mode": 0.8124951642729729, "spark.scheduler.revive.interval": 541.5921845254519, "spark.shuffle.compress": 0.9679012583230883, "spark.shuffle.file.buffer": 40.004563328812196, "spark.shuffle.io.numConnectionsPerPeer": 4.813859921360072, "spark.shuffle.sort.bypassMergeThreshold": 209.96919062860337, "spark.storage.memoryFraction": 0.6740632828520045, "spark.storage.memoryMapThreshold": 3.0805637281811804}, "datetime": {"datetime": "2022-02-01 03:44:18", "elapsed": 19170.261583, "delta": 167.692936}}
{"target": -187.384, "params": {"spark.broadcast.blockSize": 62.7096273308906, "spark.broadcast.checksum": 0.5859292611320126, "spark.broadcast.compress": 0.7091123631635132, "spark.default.parallelism": 246.55695676654037, "spark.executor.cores": 3.1660545157292086, "spark.executor.instances": 7.767302762591592, "spark.executor.memory": 5.126288771911847, "spark.executor.memoryOverhead": 450.95540733770014, "spark.kryoserializer.buffer": 33.2910776877467, "spark.kryoserializer.buffer.max": 52.74072289495915, "spark.locality.wait": 7.679125442282762, "spark.maxRemoteBlockSizeFetchToMem": 1658624871.5810318, "spark.memory.fraction": 0.8789334985237858, "spark.memory.offHeap.enabled": 0.16124885165371639, "spark.memory.offHeap.size": 768.5607838343273, "spark.memory.storageFraction": 0.7231847824538052, "spark.rdd.compress": 0.025037673260754345, "spark.reducer.maxBlocksInFlightPerAddress": 1505801707.1049445, "spark.reducer.maxReqsInFlight": 1351657914.4685779, "spark.reducer.maxSizeInFlight": 68.20490857012912, "spark.scheduler.mode": 0.5405191746856451, "spark.scheduler.revive.interval": 555.1863736796586, "spark.shuffle.compress": 0.5620833982592587, "spark.shuffle.file.buffer": 22.245528513550116, "spark.shuffle.io.numConnectionsPerPeer": 4.883263104449497, "spark.shuffle.sort.bypassMergeThreshold": 314.44994998715913, "spark.storage.memoryFraction": 0.6988805351577304, "spark.storage.memoryMapThreshold": 3.797786941248325}, "datetime": {"datetime": "2022-02-01 03:47:34", "elapsed": 19366.571975, "delta": 196.310392}}
{"target": -150.94, "params": {"spark.broadcast.blockSize": 56.01130892513995, "spark.broadcast.checksum": 0.03699268099619979, "spark.broadcast.compress": 0.8998060870653846, "spark.default.parallelism": 226.38691637841114, "spark.executor.cores": 3.899666334160488, "spark.executor.instances": 7.203782235101016, "spark.executor.memory": 5.605702474239351, "spark.executor.memoryOverhead": 465.27106522306656, "spark.kryoserializer.buffer": 71.84825091571551, "spark.kryoserializer.buffer.max": 41.796928626829384, "spark.locality.wait": 6.697104853061732, "spark.maxRemoteBlockSizeFetchToMem": 2062924731.583969, "spark.memory.fraction": 0.6097529071648526, "spark.memory.offHeap.enabled": 0.21187881380198248, "spark.memory.offHeap.size": 919.3844565713558, "spark.memory.storageFraction": 0.665840441604605, "spark.rdd.compress": 0.8654963815819682, "spark.reducer.maxBlocksInFlightPerAddress": 1970612920.4645586, "spark.reducer.maxReqsInFlight": 1339109125.748711, "spark.reducer.maxSizeInFlight": 39.67979872171756, "spark.scheduler.mode": 0.04068251319249294, "spark.scheduler.revive.interval": 539.4451409012597, "spark.shuffle.compress": 0.847025917306939, "spark.shuffle.file.buffer": 39.01908471700032, "spark.shuffle.io.numConnectionsPerPeer": 4.403937666832088, "spark.shuffle.sort.bypassMergeThreshold": 234.66638480717523, "spark.storage.memoryFraction": 0.7369559520686783, "spark.storage.memoryMapThreshold": 2.875929096091509}, "datetime": {"datetime": "2022-02-01 03:50:14", "elapsed": 19526.480123, "delta": 159.908148}}
{"target": -182.666, "params": {"spark.broadcast.blockSize": 55.128365407267594, "spark.broadcast.checksum": 0.8819688735163804, "spark.broadcast.compress": 0.5350185446504107, "spark.default.parallelism": 254.63702908062595, "spark.executor.cores": 3.8233917908810087, "spark.executor.instances": 7.0515319669705825, "spark.executor.memory": 3.9805336715298765, "spark.executor.memoryOverhead": 449.52944373073916, "spark.kryoserializer.buffer": 45.16928958608204, "spark.kryoserializer.buffer.max": 54.7674337259371, "spark.locality.wait": 8.838960122994553, "spark.maxRemoteBlockSizeFetchToMem": 1547166174.3618193, "spark.memory.fraction": 0.5937162910804067, "spark.memory.offHeap.enabled": 0.3350428988884704, "spark.memory.offHeap.size": 741.9287931180595, "spark.memory.storageFraction": 0.6676467948141751, "spark.rdd.compress": 0.7725919464568659, "spark.reducer.maxBlocksInFlightPerAddress": 1366879477.0506897, "spark.reducer.maxReqsInFlight": 1858957031.0472827, "spark.reducer.maxSizeInFlight": 40.02555668445066, "spark.scheduler.mode": 0.3408043676522923, "spark.scheduler.revive.interval": 678.3733195464368, "spark.shuffle.compress": 0.964610210447696, "spark.shuffle.file.buffer": 35.712987929455736, "spark.shuffle.io.numConnectionsPerPeer": 2.9949770340853257, "spark.shuffle.sort.bypassMergeThreshold": 349.71291793087266, "spark.storage.memoryFraction": 0.5794820225656305, "spark.storage.memoryMapThreshold": 3.133124740020934}, "datetime": {"datetime": "2022-02-01 03:53:26", "elapsed": 19718.133664, "delta": 191.653541}}
{"target": -159.867, "params": {"spark.broadcast.blockSize": 44.4658300014615, "spark.broadcast.checksum": 0.5184394744105616, "spark.broadcast.compress": 0.7192582849770176, "spark.default.parallelism": 268.4994941749868, "spark.executor.cores": 3.9158528318480883, "spark.executor.instances": 7.99461266587525, "spark.executor.memory": 4.728592588413372, "spark.executor.memoryOverhead": 529.0894952634641, "spark.kryoserializer.buffer": 99.77835851981561, "spark.kryoserializer.buffer.max": 89.02608686679405, "spark.locality.wait": 6.814199765861634, "spark.maxRemoteBlockSizeFetchToMem": 1523506667.2659035, "spark.memory.fraction": 0.6164769645524526, "spark.memory.offHeap.enabled": 0.3574327795192299, "spark.memory.offHeap.size": 723.7229217081406, "spark.memory.storageFraction": 0.6510951460946334, "spark.rdd.compress": 0.2867648286173635, "spark.reducer.maxBlocksInFlightPerAddress": 1376067730.479998, "spark.reducer.maxReqsInFlight": 1502034186.049652, "spark.reducer.maxSizeInFlight": 32.928539049087846, "spark.scheduler.mode": 0.3294612240530993, "spark.scheduler.revive.interval": 686.5534969526017, "spark.shuffle.compress": 0.6699313331399626, "spark.shuffle.file.buffer": 18.88056586185261, "spark.shuffle.io.numConnectionsPerPeer": 4.226619383352936, "spark.shuffle.sort.bypassMergeThreshold": 316.56881116624885, "spark.storage.memoryFraction": 0.7823723038029511, "spark.storage.memoryMapThreshold": 3.0301527402315656}, "datetime": {"datetime": "2022-02-01 03:56:15", "elapsed": 19887.089525, "delta": 168.955861}}
{"target": -150.599, "params": {"spark.broadcast.blockSize": 62.75477906331973, "spark.broadcast.checksum": 0.1364286175790861, "spark.broadcast.compress": 0.7491500235909526, "spark.default.parallelism": 280.0756547372323, "spark.executor.cores": 3.5213224370716096, "spark.executor.instances": 7.714162530976434, "spark.executor.memory": 3.889131515507698, "spark.executor.memoryOverhead": 408.6302001763566, "spark.kryoserializer.buffer": 52.250963037837444, "spark.kryoserializer.buffer.max": 74.70457326139503, "spark.locality.wait": 7.987919250368896, "spark.maxRemoteBlockSizeFetchToMem": 1902793416.5944815, "spark.memory.fraction": 0.7719581589186251, "spark.memory.offHeap.enabled": 0.33991087804744846, "spark.memory.offHeap.size": 905.0285914365822, "spark.memory.storageFraction": 0.6304550460995624, "spark.rdd.compress": 0.13500078264970017, "spark.reducer.maxBlocksInFlightPerAddress": 1961908540.414894, "spark.reducer.maxReqsInFlight": 2078929855.195445, "spark.reducer.maxSizeInFlight": 51.216145955236826, "spark.scheduler.mode": 0.3450180317714233, "spark.scheduler.revive.interval": 543.9140952735156, "spark.shuffle.compress": 0.2223897953822862, "spark.shuffle.file.buffer": 30.719097997995835, "spark.shuffle.io.numConnectionsPerPeer": 4.857372633191751, "spark.shuffle.sort.bypassMergeThreshold": 344.34914935763254, "spark.storage.memoryFraction": 0.59966447225081, "spark.storage.memoryMapThreshold": 2.960837066207607}, "datetime": {"datetime": "2022-02-01 03:58:54", "elapsed": 20046.759185, "delta": 159.66966}}
{"target": -157.59, "params": {"spark.broadcast.blockSize": 60.90494891513944, "spark.broadcast.checksum": 0.7364849851284536, "spark.broadcast.compress": 0.6185445623903754, "spark.default.parallelism": 231.41246315859402, "spark.executor.cores": 3.8018518553348524, "spark.executor.instances": 7.943517941877412, "spark.executor.memory": 4.000868538614618, "spark.executor.memoryOverhead": 501.3137574993007, "spark.kryoserializer.buffer": 65.93630151525855, "spark.kryoserializer.buffer.max": 71.76033670387095, "spark.locality.wait": 8.10430509032132, "spark.maxRemoteBlockSizeFetchToMem": 1669935890.392906, "spark.memory.fraction": 0.6411025338826899, "spark.memory.offHeap.enabled": 0.5183288571483102, "spark.memory.offHeap.size": 658.998203693814, "spark.memory.storageFraction": 0.6658428900994782, "spark.rdd.compress": 0.7910947243380706, "spark.reducer.maxBlocksInFlightPerAddress": 1832676899.269627, "spark.reducer.maxReqsInFlight": 1644965709.8653567, "spark.reducer.maxSizeInFlight": 43.891717383232276, "spark.scheduler.mode": 0.02210225657417808, "spark.scheduler.revive.interval": 694.9282946754474, "spark.shuffle.compress": 0.5493493678706005, "spark.shuffle.file.buffer": 45.7015312787924, "spark.shuffle.io.numConnectionsPerPeer": 4.357164405992304, "spark.shuffle.sort.bypassMergeThreshold": 285.87379951060745, "spark.storage.memoryFraction": 0.7450773284848582, "spark.storage.memoryMapThreshold": 3.4786113642500975}, "datetime": {"datetime": "2022-02-01 04:01:41", "elapsed": 20213.678417, "delta": 166.919232}}
{"target": -163.538, "params": {"spark.broadcast.blockSize": 57.030875209962105, "spark.broadcast.checksum": 0.5618901111354812, "spark.broadcast.compress": 0.8988386485470621, "spark.default.parallelism": 289.86429499357183, "spark.executor.cores": 3.7845686090840336, "spark.executor.instances": 7.655188761733104, "spark.executor.memory": 6.224394681540044, "spark.executor.memoryOverhead": 630.6290750435492, "spark.kryoserializer.buffer": 69.42199032284881, "spark.kryoserializer.buffer.max": 100.68357043686484, "spark.locality.wait": 9.244233324269109, "spark.maxRemoteBlockSizeFetchToMem": 1900285621.4031467, "spark.memory.fraction": 0.7686336753754869, "spark.memory.offHeap.enabled": 0.6926915952405981, "spark.memory.offHeap.size": 767.2119439236443, "spark.memory.storageFraction": 0.734613849180854, "spark.rdd.compress": 0.7424496363024167, "spark.reducer.maxBlocksInFlightPerAddress": 1522510181.835709, "spark.reducer.maxReqsInFlight": 2112570454.5157862, "spark.reducer.maxSizeInFlight": 57.949011111685984, "spark.scheduler.mode": 0.3666759216595391, "spark.scheduler.revive.interval": 700.1063008516736, "spark.shuffle.compress": 0.7993455982878995, "spark.shuffle.file.buffer": 22.432010346509053, "spark.shuffle.io.numConnectionsPerPeer": 4.587007077349947, "spark.shuffle.sort.bypassMergeThreshold": 297.40903637911964, "spark.storage.memoryFraction": 0.5082075132144187, "spark.storage.memoryMapThreshold": 3.0665818986154774}, "datetime": {"datetime": "2022-02-01 04:04:33", "elapsed": 20385.965128, "delta": 172.286711}}
{"target": -181.15, "params": {"spark.broadcast.blockSize": 58.24297540637609, "spark.broadcast.checksum": 0.8567920902099428, "spark.broadcast.compress": 0.9470588780588399, "spark.default.parallelism": 219.34514708953262, "spark.executor.cores": 3.9481842739430384, "spark.executor.instances": 7.227649780722142, "spark.executor.memory": 3.3543965880063027, "spark.executor.memoryOverhead": 452.8805643388509, "spark.kryoserializer.buffer": 68.64971973885069, "spark.kryoserializer.buffer.max": 56.422518988778656, "spark.locality.wait": 6.789772184803291, "spark.maxRemoteBlockSizeFetchToMem": 1214437512.3786082, "spark.memory.fraction": 0.5663464900031325, "spark.memory.offHeap.enabled": 0.748016553265391, "spark.memory.offHeap.size": 974.1347988146942, "spark.memory.storageFraction": 0.7414768284287665, "spark.rdd.compress": 0.6820647994164616, "spark.reducer.maxBlocksInFlightPerAddress": 1780857315.0945683, "spark.reducer.maxReqsInFlight": 2140983565.6341267, "spark.reducer.maxSizeInFlight": 27.037968809518908, "spark.scheduler.mode": 0.3508262132936708, "spark.scheduler.revive.interval": 631.2640853008407, "spark.shuffle.compress": 0.5571230624792008, "spark.shuffle.file.buffer": 20.227375228895863, "spark.shuffle.io.numConnectionsPerPeer": 3.0638596182349374, "spark.shuffle.sort.bypassMergeThreshold": 304.8631932807583, "spark.storage.memoryFraction": 0.883180669132372, "spark.storage.memoryMapThreshold": 2.3343795068808957}, "datetime": {"datetime": "2022-02-01 04:07:44", "elapsed": 20576.199877, "delta": 190.234749}}
{"target": -159.107, "params": {"spark.broadcast.blockSize": 57.14832903973787, "spark.broadcast.checksum": 0.6721143297653761, "spark.broadcast.compress": 0.8906470369645921, "spark.default.parallelism": 276.69878323349263, "spark.executor.cores": 3.6582031876733683, "spark.executor.instances": 7.782711936457467, "spark.executor.memory": 6.358973359890417, "spark.executor.memoryOverhead": 456.22291964968633, "spark.kryoserializer.buffer": 58.336247676213674, "spark.kryoserializer.buffer.max": 77.01601840775605, "spark.locality.wait": 5.057596895345517, "spark.maxRemoteBlockSizeFetchToMem": 1283106798.0314736, "spark.memory.fraction": 0.5149068385987672, "spark.memory.offHeap.enabled": 0.8555977664818448, "spark.memory.offHeap.size": 880.1005858456331, "spark.memory.storageFraction": 0.6136234660069368, "spark.rdd.compress": 0.7038167720143595, "spark.reducer.maxBlocksInFlightPerAddress": 1787411778.240433, "spark.reducer.maxReqsInFlight": 1924479123.4469368, "spark.reducer.maxSizeInFlight": 24.44789183944203, "spark.scheduler.mode": 0.9976451685348016, "spark.scheduler.revive.interval": 762.7071342064157, "spark.shuffle.compress": 0.9307587967126899, "spark.shuffle.file.buffer": 16.7859319961272, "spark.shuffle.io.numConnectionsPerPeer": 4.726988110552755, "spark.shuffle.sort.bypassMergeThreshold": 341.4851844357937, "spark.storage.memoryFraction": 0.579278027737654, "spark.storage.memoryMapThreshold": 3.3231337634522817}, "datetime": {"datetime": "2022-02-01 04:10:32", "elapsed": 20744.231361, "delta": 168.031484}}
