{"target": -154.777, "params": {"spark.broadcast.blockSize": 53.39576489534247, "spark.broadcast.checksum": 0.31091212207869645, "spark.broadcast.compress": 0.5281480809142907, "spark.default.parallelism": 325.38258347609036, "spark.executor.cores": 3.805142982532952, "spark.executor.instances": 7.81212539068952, "spark.executor.memory": 5.295974699145063, "spark.executor.memoryOverhead": 516.6391491534855, "spark.kryoserializer.buffer": 93.67247411559744, "spark.kryoserializer.buffer.max": 73.58552675046155, "spark.locality.wait": 5.391513803135833, "spark.maxRemoteBlockSizeFetchToMem": 1831315814.9564538, "spark.memory.fraction": 0.861914368986921, "spark.memory.offHeap.enabled": 0.4444744925294656, "spark.memory.offHeap.size": 890.2021316389496, "spark.memory.storageFraction": 0.7135251258995849, "spark.rdd.compress": 0.9667949028097735, "spark.reducer.maxBlocksInFlightPerAddress": 1874270699.1363802, "spark.reducer.maxReqsInFlight": 1547960953.985853, "spark.reducer.maxSizeInFlight": 51.47950848970044, "spark.scheduler.mode": 0.5236716094180689, "spark.scheduler.revive.interval": 919.3025803049785, "spark.shuffle.compress": 0.2737757934645001, "spark.shuffle.file.buffer": 17.24205544061871, "spark.shuffle.io.numConnectionsPerPeer": 4.557456592323219, "spark.shuffle.sort.bypassMergeThreshold": 266.2126960605526, "spark.storage.memoryFraction": 0.556341901291237, "spark.storage.memoryMapThreshold": 2.843154010860014}, "datetime": {"datetime": "2022-02-01 06:14:44", "elapsed": 28196.988172, "delta": 163.611033}}
{"target": -179.525, "params": {"spark.broadcast.blockSize": 57.30838951233803, "spark.broadcast.checksum": 0.2553058965956322, "spark.broadcast.compress": 0.7926808925722291, "spark.default.parallelism": 206.75621298637012, "spark.executor.cores": 3.586836080127555, "spark.executor.instances": 7.188228341901611, "spark.executor.memory": 4.781922985133054, "spark.executor.memoryOverhead": 398.9460031828786, "spark.kryoserializer.buffer": 63.99915329569682, "spark.kryoserializer.buffer.max": 90.53321885506473, "spark.locality.wait": 9.916871357112933, "spark.maxRemoteBlockSizeFetchToMem": 1131768367.6472862, "spark.memory.fraction": 0.7157074558689281, "spark.memory.offHeap.enabled": 0.6666876042208956, "spark.memory.offHeap.size": 818.8358607258508, "spark.memory.storageFraction": 0.6871154573738701, "spark.rdd.compress": 0.40690320272627856, "spark.reducer.maxBlocksInFlightPerAddress": 1537015177.2959204, "spark.reducer.maxReqsInFlight": 1320397027.0775504, "spark.reducer.maxSizeInFlight": 32.414312139050914, "spark.scheduler.mode": 0.9002162873460027, "spark.scheduler.revive.interval": 593.2533252061137, "spark.shuffle.compress": 0.05537920038631239, "spark.shuffle.file.buffer": 22.20120830813197, "spark.shuffle.io.numConnectionsPerPeer": 4.636365095550991, "spark.shuffle.sort.bypassMergeThreshold": 290.7616881770929, "spark.storage.memoryFraction": 0.5916920900613654, "spark.storage.memoryMapThreshold": 3.9040954423783463}, "datetime": {"datetime": "2022-02-01 06:17:53", "elapsed": 28385.460834, "delta": 188.472662}}
{"target": -158.047, "params": {"spark.broadcast.blockSize": 47.81190131789355, "spark.broadcast.checksum": 0.3293507573046601, "spark.broadcast.compress": 0.883378522095584, "spark.default.parallelism": 304.9193961705447, "spark.executor.cores": 3.9820516973724946, "spark.executor.instances": 7.24517543831724, "spark.executor.memory": 6.698216214252303, "spark.executor.memoryOverhead": 779.1849955513528, "spark.kryoserializer.buffer": 66.45764967595764, "spark.kryoserializer.buffer.max": 48.11492790829974, "spark.locality.wait": 7.734748899574752, "spark.maxRemoteBlockSizeFetchToMem": 1647418718.897562, "spark.memory.fraction": 0.7903285521645673, "spark.memory.offHeap.enabled": 0.5202760641981083, "spark.memory.offHeap.size": 859.0468476024691, "spark.memory.storageFraction": 0.8084359387494702, "spark.rdd.compress": 0.7318799498741888, "spark.reducer.maxBlocksInFlightPerAddress": 2130943180.487269, "spark.reducer.maxReqsInFlight": 1455659012.8153005, "spark.reducer.maxSizeInFlight": 26.12803222300552, "spark.scheduler.mode": 0.14863542455130196, "spark.scheduler.revive.interval": 657.4437509333349, "spark.shuffle.compress": 0.1189974596260488, "spark.shuffle.file.buffer": 23.87019796296757, "spark.shuffle.io.numConnectionsPerPeer": 4.57227809057672, "spark.shuffle.sort.bypassMergeThreshold": 204.83878628068055, "spark.storage.memoryFraction": 0.6360109095204989, "spark.storage.memoryMapThreshold": 2.6040162146017285}, "datetime": {"datetime": "2022-02-01 06:20:40", "elapsed": 28552.553883, "delta": 167.093049}}
{"target": -158.84, "params": {"spark.broadcast.blockSize": 58.15328852848071, "spark.broadcast.checksum": 0.33066453769591386, "spark.broadcast.compress": 0.704347503129592, "spark.default.parallelism": 284.36965106248107, "spark.executor.cores": 3.750461602260672, "spark.executor.instances": 7.880806012833669, "spark.executor.memory": 3.731892910190515, "spark.executor.memoryOverhead": 518.3644891487791, "spark.kryoserializer.buffer": 44.420973944875215, "spark.kryoserializer.buffer.max": 117.3081887276621, "spark.locality.wait": 7.252189019385384, "spark.maxRemoteBlockSizeFetchToMem": 2014266316.143391, "spark.memory.fraction": 0.7651362335577523, "spark.memory.offHeap.enabled": 0.6081772257076742, "spark.memory.offHeap.size": 837.0847518375896, "spark.memory.storageFraction": 0.5360592446375733, "spark.rdd.compress": 0.19676087836502243, "spark.reducer.maxBlocksInFlightPerAddress": 2113040777.2447436, "spark.reducer.maxReqsInFlight": 1598365059.7830935, "spark.reducer.maxSizeInFlight": 29.459189095153036, "spark.scheduler.mode": 0.5473715550030352, "spark.scheduler.revive.interval": 502.73074564324446, "spark.shuffle.compress": 0.2227861609515619, "spark.shuffle.file.buffer": 33.66204807111974, "spark.shuffle.io.numConnectionsPerPeer": 4.133416139643732, "spark.shuffle.sort.bypassMergeThreshold": 160.68551815916348, "spark.storage.memoryFraction": 0.8734902964160551, "spark.storage.memoryMapThreshold": 2.9791146128946617}, "datetime": {"datetime": "2022-02-01 06:23:28", "elapsed": 28720.401628, "delta": 167.847745}}
{"target": -155.984, "params": {"spark.broadcast.blockSize": 52.618667523381106, "spark.broadcast.checksum": 0.254327605752974, "spark.broadcast.compress": 0.6427450966983212, "spark.default.parallelism": 310.9267199544338, "spark.executor.cores": 3.6425097901807293, "spark.executor.instances": 7.95220747821746, "spark.executor.memory": 4.934252267759886, "spark.executor.memoryOverhead": 606.7939885709252, "spark.kryoserializer.buffer": 39.02705528059645, "spark.kryoserializer.buffer.max": 55.55346923833521, "spark.locality.wait": 8.1834254297811, "spark.maxRemoteBlockSizeFetchToMem": 1077714517.9853725, "spark.memory.fraction": 0.7000142758634676, "spark.memory.offHeap.enabled": 0.4370117127058736, "spark.memory.offHeap.size": 758.284924864167, "spark.memory.storageFraction": 0.7351565759923, "spark.rdd.compress": 0.3053727389321048, "spark.reducer.maxBlocksInFlightPerAddress": 1492913512.924776, "spark.reducer.maxReqsInFlight": 1356775046.6813397, "spark.reducer.maxSizeInFlight": 65.05119271251596, "spark.scheduler.mode": 0.14966107901728531, "spark.scheduler.revive.interval": 698.0480982937413, "spark.shuffle.compress": 0.05562700225233297, "spark.shuffle.file.buffer": 28.603658402910803, "spark.shuffle.io.numConnectionsPerPeer": 4.441381771630168, "spark.shuffle.sort.bypassMergeThreshold": 192.52331285069818, "spark.storage.memoryFraction": 0.6407530497004077, "spark.storage.memoryMapThreshold": 2.600349026025988}, "datetime": {"datetime": "2022-02-01 06:26:13", "elapsed": 28885.420911, "delta": 165.019283}}
{"target": -155.717, "params": {"spark.broadcast.blockSize": 59.57101501485647, "spark.broadcast.checksum": 0.6094605967773973, "spark.broadcast.compress": 0.7715504432561147, "spark.default.parallelism": 241.7140060948909, "spark.executor.cores": 3.764956111834296, "spark.executor.instances": 7.4918712418967495, "spark.executor.memory": 5.289989804460921, "spark.executor.memoryOverhead": 575.487086304337, "spark.kryoserializer.buffer": 45.811647313000286, "spark.kryoserializer.buffer.max": 65.90401656437172, "spark.locality.wait": 6.259252715825127, "spark.maxRemoteBlockSizeFetchToMem": 1458740853.0092611, "spark.memory.fraction": 0.7513383487456462, "spark.memory.offHeap.enabled": 0.18256285153327367, "spark.memory.offHeap.size": 620.2766348790998, "spark.memory.storageFraction": 0.7988012513899028, "spark.rdd.compress": 0.02333065499046738, "spark.reducer.maxBlocksInFlightPerAddress": 2099818568.2370162, "spark.reducer.maxReqsInFlight": 1775683889.0074158, "spark.reducer.maxSizeInFlight": 57.58336777288081, "spark.scheduler.mode": 0.5172580109667158, "spark.scheduler.revive.interval": 540.8990539080843, "spark.shuffle.compress": 0.6662549844623207, "spark.shuffle.file.buffer": 44.860327388122116, "spark.shuffle.io.numConnectionsPerPeer": 4.516400518191883, "spark.shuffle.sort.bypassMergeThreshold": 284.9371154183646, "spark.storage.memoryFraction": 0.6815954697264359, "spark.storage.memoryMapThreshold": 2.433734944594283}, "datetime": {"datetime": "2022-02-01 06:28:58", "elapsed": 29050.244138, "delta": 164.823227}}
{"target": -154.475, "params": {"spark.broadcast.blockSize": 54.58807591983332, "spark.broadcast.checksum": 0.3410288398022392, "spark.broadcast.compress": 0.9757004011693599, "spark.default.parallelism": 270.04073805164273, "spark.executor.cores": 3.846280916005536, "spark.executor.instances": 7.9862538505662055, "spark.executor.memory": 5.669126667704626, "spark.executor.memoryOverhead": 649.1136962886985, "spark.kryoserializer.buffer": 56.613132843698935, "spark.kryoserializer.buffer.max": 40.10034048066504, "spark.locality.wait": 8.550371904236782, "spark.maxRemoteBlockSizeFetchToMem": 1614909270.1326427, "spark.memory.fraction": 0.8138134275315277, "spark.memory.offHeap.enabled": 0.7340213118893312, "spark.memory.offHeap.size": 866.4445206869145, "spark.memory.storageFraction": 0.7789157441259457, "spark.rdd.compress": 0.6176980743391993, "spark.reducer.maxBlocksInFlightPerAddress": 1861706949.2569528, "spark.reducer.maxReqsInFlight": 1696902214.1628373, "spark.reducer.maxSizeInFlight": 35.523097981876965, "spark.scheduler.mode": 0.35228303177468956, "spark.scheduler.revive.interval": 942.6040747009035, "spark.shuffle.compress": 0.29285652787241023, "spark.shuffle.file.buffer": 26.22324951290698, "spark.shuffle.io.numConnectionsPerPeer": 3.2712914837018547, "spark.shuffle.sort.bypassMergeThreshold": 271.48884756961274, "spark.storage.memoryFraction": 0.6234724754756463, "spark.storage.memoryMapThreshold": 2.465139617299787}, "datetime": {"datetime": "2022-02-01 06:31:41", "elapsed": 29213.699578, "delta": 163.45544}}
{"target": -157.024, "params": {"spark.broadcast.blockSize": 49.60645600052359, "spark.broadcast.checksum": 0.0021085395898990944, "spark.broadcast.compress": 0.992403658347639, "spark.default.parallelism": 266.7367368301464, "spark.executor.cores": 3.5979751437302694, "spark.executor.instances": 7.81915973104859, "spark.executor.memory": 4.349941982817791, "spark.executor.memoryOverhead": 397.5924010132689, "spark.kryoserializer.buffer": 40.07105012500726, "spark.kryoserializer.buffer.max": 59.55398283588289, "spark.locality.wait": 4.516550945670018, "spark.maxRemoteBlockSizeFetchToMem": 1531336026.8421974, "spark.memory.fraction": 0.7911659769548323, "spark.memory.offHeap.enabled": 0.6513316241386333, "spark.memory.offHeap.size": 918.0940766168017, "spark.memory.storageFraction": 0.5839317122865227, "spark.rdd.compress": 0.4914570399442315, "spark.reducer.maxBlocksInFlightPerAddress": 2101776548.8126085, "spark.reducer.maxReqsInFlight": 1646108585.806969, "spark.reducer.maxSizeInFlight": 36.88184310773683, "spark.scheduler.mode": 0.21894002246964617, "spark.scheduler.revive.interval": 538.4119967480027, "spark.shuffle.compress": 0.41773542578091505, "spark.shuffle.file.buffer": 38.495795521382476, "spark.shuffle.io.numConnectionsPerPeer": 3.8468120986522876, "spark.shuffle.sort.bypassMergeThreshold": 262.01946196986574, "spark.storage.memoryFraction": 0.6533764097044115, "spark.storage.memoryMapThreshold": 2.2579371515488154}, "datetime": {"datetime": "2022-02-01 06:34:27", "elapsed": 29379.820372, "delta": 166.120794}}
{"target": -157.085, "params": {"spark.broadcast.blockSize": 40.63973694390744, "spark.broadcast.checksum": 0.003940658571942257, "spark.broadcast.compress": 0.9768101822027345, "spark.default.parallelism": 342.1881830131415, "spark.executor.cores": 3.745124249848279, "spark.executor.instances": 7.998876923600964, "spark.executor.memory": 6.325543962627851, "spark.executor.memoryOverhead": 460.2346902811514, "spark.kryoserializer.buffer": 42.39188756864144, "spark.kryoserializer.buffer.max": 38.52807140793438, "spark.locality.wait": 5.943713861248264, "spark.maxRemoteBlockSizeFetchToMem": 1649049219.3497443, "spark.memory.fraction": 0.5392130457893998, "spark.memory.offHeap.enabled": 0.5395311332209813, "spark.memory.offHeap.size": 838.2358659494073, "spark.memory.storageFraction": 0.6251024063580317, "spark.rdd.compress": 0.18361429387299755, "spark.reducer.maxBlocksInFlightPerAddress": 2052270663.348018, "spark.reducer.maxReqsInFlight": 1081621729.3445284, "spark.reducer.maxSizeInFlight": 32.77874983621675, "spark.scheduler.mode": 0.8681216980137629, "spark.scheduler.revive.interval": 943.8590677962922, "spark.shuffle.compress": 0.5348113502802219, "spark.shuffle.file.buffer": 27.205834737643045, "spark.shuffle.io.numConnectionsPerPeer": 2.954361041037254, "spark.shuffle.sort.bypassMergeThreshold": 346.1985792118288, "spark.storage.memoryFraction": 0.5579294698757922, "spark.storage.memoryMapThreshold": 3.2840290744750313}, "datetime": {"datetime": "2022-02-01 06:37:13", "elapsed": 29545.85501, "delta": 166.034638}}
{"target": -152.456, "params": {"spark.broadcast.blockSize": 58.24932693750527, "spark.broadcast.checksum": 0.15430550142626143, "spark.broadcast.compress": 0.32612882540160937, "spark.default.parallelism": 298.0548252141476, "spark.executor.cores": 3.8443233039419287, "spark.executor.instances": 7.68847060042138, "spark.executor.memory": 4.87293296834846, "spark.executor.memoryOverhead": 535.6209346903061, "spark.kryoserializer.buffer": 47.10149863378612, "spark.kryoserializer.buffer.max": 32.565832844707906, "spark.locality.wait": 9.025559768935828, "spark.maxRemoteBlockSizeFetchToMem": 1825939224.8427513, "spark.memory.fraction": 0.7782124504703317, "spark.memory.offHeap.enabled": 0.1446938720242591, "spark.memory.offHeap.size": 646.3574464412488, "spark.memory.storageFraction": 0.7191802789595274, "spark.rdd.compress": 0.07426007542630253, "spark.reducer.maxBlocksInFlightPerAddress": 1206886957.5672863, "spark.reducer.maxReqsInFlight": 1093300353.3193052, "spark.reducer.maxSizeInFlight": 38.428047621119994, "spark.scheduler.mode": 0.23327856441254968, "spark.scheduler.revive.interval": 861.4066401395618, "spark.shuffle.compress": 0.011468116310145104, "spark.shuffle.file.buffer": 23.63138842200454, "spark.shuffle.io.numConnectionsPerPeer": 4.886998320982524, "spark.shuffle.sort.bypassMergeThreshold": 228.35495659459343, "spark.storage.memoryFraction": 0.5303265979536774, "spark.storage.memoryMapThreshold": 2.062685417760153}, "datetime": {"datetime": "2022-02-01 06:39:55", "elapsed": 29707.214796, "delta": 161.359786}}
{"target": -145.66, "params": {"spark.broadcast.blockSize": 61.4715750738885, "spark.broadcast.checksum": 0.13828992135239548, "spark.broadcast.compress": 0.09065318161640368, "spark.default.parallelism": 205.45642338291046, "spark.executor.cores": 3.938042673411522, "spark.executor.instances": 7.268457545327097, "spark.executor.memory": 4.7681442246003405, "spark.executor.memoryOverhead": 468.93068377249847, "spark.kryoserializer.buffer": 44.292541246497336, "spark.kryoserializer.buffer.max": 56.84949863379404, "spark.locality.wait": 8.910188960666591, "spark.maxRemoteBlockSizeFetchToMem": 2077818325.9051316, "spark.memory.fraction": 0.5673087316298211, "spark.memory.offHeap.enabled": 0.5907326720026937, "spark.memory.offHeap.size": 744.3041240912588, "spark.memory.storageFraction": 0.6706357730022164, "spark.rdd.compress": 0.22509877501973308, "spark.reducer.maxBlocksInFlightPerAddress": 1892982404.1966739, "spark.reducer.maxReqsInFlight": 1752466040.9845564, "spark.reducer.maxSizeInFlight": 35.61005983648653, "spark.scheduler.mode": 0.43472139756130046, "spark.scheduler.revive.interval": 564.4677204429099, "spark.shuffle.compress": 0.2463155425578828, "spark.shuffle.file.buffer": 21.352956269304467, "spark.shuffle.io.numConnectionsPerPeer": 4.821279574507182, "spark.shuffle.sort.bypassMergeThreshold": 320.04707410587554, "spark.storage.memoryFraction": 0.7661687327970459, "spark.storage.memoryMapThreshold": 3.2916071021938453}, "datetime": {"datetime": "2022-02-01 06:42:29", "elapsed": 29861.868255, "delta": 154.653459}}
{"target": -184.97, "params": {"spark.broadcast.blockSize": 60.639391112167665, "spark.broadcast.checksum": 0.12350277602488635, "spark.broadcast.compress": 0.8486198212167393, "spark.default.parallelism": 205.0199510392783, "spark.executor.cores": 3.4519779096685554, "spark.executor.instances": 7.754669440071517, "spark.executor.memory": 4.478909345933717, "spark.executor.memoryOverhead": 526.1544984563143, "spark.kryoserializer.buffer": 43.14665901772046, "spark.kryoserializer.buffer.max": 108.81753643920077, "spark.locality.wait": 7.003874970445372, "spark.maxRemoteBlockSizeFetchToMem": 1557575973.8058364, "spark.memory.fraction": 0.5488434470384931, "spark.memory.offHeap.enabled": 0.050839175157204486, "spark.memory.offHeap.size": 546.3290927717615, "spark.memory.storageFraction": 0.7786959081807688, "spark.rdd.compress": 0.16120636725864257, "spark.reducer.maxBlocksInFlightPerAddress": 1998809481.2266467, "spark.reducer.maxReqsInFlight": 1312692241.5538778, "spark.reducer.maxSizeInFlight": 57.92434746412953, "spark.scheduler.mode": 0.3552728750330717, "spark.scheduler.revive.interval": 711.5108667601014, "spark.shuffle.compress": 0.8875670978039328, "spark.shuffle.file.buffer": 25.55345554367553, "spark.shuffle.io.numConnectionsPerPeer": 4.722966025317015, "spark.shuffle.sort.bypassMergeThreshold": 208.14588099308804, "spark.storage.memoryFraction": 0.6512340134664829, "spark.storage.memoryMapThreshold": 3.5326954722632236}, "datetime": {"datetime": "2022-02-01 06:45:43", "elapsed": 30055.873914, "delta": 194.005659}}
{"target": -154.893, "params": {"spark.broadcast.blockSize": 53.00994191973844, "spark.broadcast.checksum": 0.22837335294213656, "spark.broadcast.compress": 0.6096610949039741, "spark.default.parallelism": 263.2755718204754, "spark.executor.cores": 3.8813157821177535, "spark.executor.instances": 7.705758688935961, "spark.executor.memory": 4.194173411375572, "spark.executor.memoryOverhead": 543.3870900037788, "spark.kryoserializer.buffer": 46.19911495960609, "spark.kryoserializer.buffer.max": 61.86627101294681, "spark.locality.wait": 8.026465992241981, "spark.maxRemoteBlockSizeFetchToMem": 2106161996.0900114, "spark.memory.fraction": 0.7326116623166492, "spark.memory.offHeap.enabled": 0.8686015613841036, "spark.memory.offHeap.size": 892.9690209629933, "spark.memory.storageFraction": 0.5904333366449499, "spark.rdd.compress": 0.5383930190079638, "spark.reducer.maxBlocksInFlightPerAddress": 1486171671.8335023, "spark.reducer.maxReqsInFlight": 1795967222.0398502, "spark.reducer.maxSizeInFlight": 42.790919526338286, "spark.scheduler.mode": 0.2929126240505987, "spark.scheduler.revive.interval": 707.1327853779892, "spark.shuffle.compress": 0.3998361792413697, "spark.shuffle.file.buffer": 47.86343038494441, "spark.shuffle.io.numConnectionsPerPeer": 4.893594002587138, "spark.shuffle.sort.bypassMergeThreshold": 269.0442634599386, "spark.storage.memoryFraction": 0.8888322649173355, "spark.storage.memoryMapThreshold": 3.7626598047834166}, "datetime": {"datetime": "2022-02-01 06:48:27", "elapsed": 30219.806735, "delta": 163.932821}}
{"target": -154.301, "params": {"spark.broadcast.blockSize": 61.71023923770892, "spark.broadcast.checksum": 0.02623785098321685, "spark.broadcast.compress": 0.5542452011229478, "spark.default.parallelism": 352.0549570746371, "spark.executor.cores": 3.634161272188206, "spark.executor.instances": 7.940158904084701, "spark.executor.memory": 5.7396371479367625, "spark.executor.memoryOverhead": 553.4728797094142, "spark.kryoserializer.buffer": 92.35829401962852, "spark.kryoserializer.buffer.max": 58.19974407640274, "spark.locality.wait": 5.055743225270442, "spark.maxRemoteBlockSizeFetchToMem": 1337377895.109612, "spark.memory.fraction": 0.7369144013794525, "spark.memory.offHeap.enabled": 0.1421921191071358, "spark.memory.offHeap.size": 667.007879182808, "spark.memory.storageFraction": 0.6695024199943936, "spark.rdd.compress": 0.3564613336732487, "spark.reducer.maxBlocksInFlightPerAddress": 2001703056.0581598, "spark.reducer.maxReqsInFlight": 1516187024.7168384, "spark.reducer.maxSizeInFlight": 67.67348071940194, "spark.scheduler.mode": 0.42281961758278275, "spark.scheduler.revive.interval": 510.76838289832904, "spark.shuffle.compress": 0.3825976193564793, "spark.shuffle.file.buffer": 34.924058035732074, "spark.shuffle.io.numConnectionsPerPeer": 4.529196502373164, "spark.shuffle.sort.bypassMergeThreshold": 319.8573058355031, "spark.storage.memoryFraction": 0.7091774204228791, "spark.storage.memoryMapThreshold": 2.4846817483101606}, "datetime": {"datetime": "2022-02-01 06:51:11", "elapsed": 30383.10823, "delta": 163.301495}}
