{"target": -264.57, "params": {"spark.broadcast.blockSize": 32.56924029202053, "spark.broadcast.checksum": 0.5888735045698373, "spark.broadcast.compress": 0.020850902183824904, "spark.default.parallelism": 343.27369105387004, "spark.executor.cores": 1.8609491843597312, "spark.executor.instances": 5.404143020298201, "spark.executor.memory": 6.312303079782881, "spark.executor.memoryOverhead": 708.8581344966224, "spark.kryoserializer.buffer": 60.33366028399548, "spark.kryoserializer.buffer.max": 50.105334691706716, "spark.locality.wait": 5.303374605092008, "spark.maxRemoteBlockSizeFetchToMem": 1273257862.4473531, "spark.memory.fraction": 0.8889120647180269, "spark.memory.offHeap.enabled": 0.23644065584148846, "spark.memory.offHeap.size": 517.4212581044357, "spark.memory.storageFraction": 0.5635875613071559, "spark.rdd.compress": 0.40920745368393685, "spark.reducer.maxBlocksInFlightPerAddress": 2076782189.348293, "spark.reducer.maxReqsInFlight": 1734732523.9164104, "spark.reducer.maxSizeInFlight": 62.161846489813044, "spark.scheduler.mode": 0.32995220574157547, "spark.scheduler.revive.interval": 749.5321249393235, "spark.shuffle.compress": 0.2167933012933992, "spark.shuffle.file.buffer": 27.692559798956992, "spark.shuffle.io.numConnectionsPerPeer": 3.1226525039498454, "spark.shuffle.sort.bypassMergeThreshold": 153.97743858244175, "spark.storage.memoryFraction": 0.758545480561202, "spark.storage.memoryMapThreshold": 1.6361812451858695}, "datetime": {"datetime": "2022-01-31 22:24:47", "elapsed": 0.0, "delta": 0.0}}
{"target": -457.005, "params": {"spark.broadcast.blockSize": 38.208765911799134, "spark.broadcast.checksum": 0.40625337302034203, "spark.broadcast.compress": 0.8836223639296266, "spark.default.parallelism": 220.35911905686396, "spark.executor.cores": 1.1532565879219259, "spark.executor.instances": 4.719361408492451, "spark.executor.memory": 3.275310298388411, "spark.executor.memoryOverhead": 429.57026467787153, "spark.kryoserializer.buffer": 117.58082983199196, "spark.kryoserializer.buffer.max": 41.452281563995044, "spark.locality.wait": 8.789017322996344, "spark.maxRemoteBlockSizeFetchToMem": 1467368141.462574, "spark.memory.fraction": 0.7336702477937661, "spark.memory.offHeap.enabled": 0.033520897850183154, "spark.memory.offHeap.size": 918.490200339995, "spark.memory.storageFraction": 0.6006387824931, "spark.rdd.compress": 0.7528754790807941, "spark.reducer.maxBlocksInFlightPerAddress": 1637362884.7822967, "spark.reducer.maxReqsInFlight": 1967743758.4757462, "spark.reducer.maxSizeInFlight": 41.00219425767706, "spark.scheduler.mode": 0.8462093237820222, "spark.scheduler.revive.interval": 807.3575363529708, "spark.shuffle.compress": 0.9988703742392802, "spark.shuffle.file.buffer": 43.34667918146991, "spark.shuffle.io.numConnectionsPerPeer": 4.864554364612584, "spark.shuffle.sort.bypassMergeThreshold": 187.57359853973222, "spark.storage.memoryFraction": 0.540451775206806, "spark.storage.memoryMapThreshold": 2.2372679093766847}, "datetime": {"datetime": "2022-01-31 22:32:33", "elapsed": 465.744869, "delta": 465.744869}}
{"target": -156.466, "params": {"spark.broadcast.blockSize": 59.46915843256918, "spark.broadcast.checksum": 0.7399763248094217, "spark.broadcast.compress": 0.7073207028929336, "spark.default.parallelism": 496.9216192416118, "spark.executor.cores": 3.842847440716467, "spark.executor.instances": 7.053287537181464, "spark.executor.memory": 5.537613965332033, "spark.executor.memoryOverhead": 767.5311276519949, "spark.kryoserializer.buffer": 40.779525952769205, "spark.kryoserializer.buffer.max": 110.73808609040736, "spark.locality.wait": 7.307847693969149, "spark.maxRemoteBlockSizeFetchToMem": 1837388438.5174475, "spark.memory.fraction": 0.5376967757867835, "spark.memory.offHeap.enabled": 0.9195940333232222, "spark.memory.offHeap.size": 1006.6316349688308, "spark.memory.storageFraction": 0.8535262181764012, "spark.rdd.compress": 0.9132127997919567, "spark.reducer.maxBlocksInFlightPerAddress": 1400109750.9950118, "spark.reducer.maxReqsInFlight": 1313442150.3926492, "spark.reducer.maxSizeInFlight": 25.64901647364986, "spark.scheduler.mode": 0.34199346258076524, "spark.scheduler.revive.interval": 923.3754575135181, "spark.shuffle.compress": 0.043828417313435064, "spark.shuffle.file.buffer": 18.92024643371526, "spark.shuffle.io.numConnectionsPerPeer": 2.24929596864005, "spark.shuffle.sort.bypassMergeThreshold": 308.12290837684225, "spark.storage.memoryFraction": 0.6504272475677453, "spark.storage.memoryMapThreshold": 2.912786534666204}, "datetime": {"datetime": "2022-01-31 22:35:18", "elapsed": 630.935504, "delta": 165.190635}}
{"target": -251.718, "params": {"spark.broadcast.blockSize": 45.99534420858168, "spark.broadcast.checksum": 0.12928521473267277, "spark.broadcast.compress": 0.6043113139501074, "spark.default.parallelism": 374.9592607659764, "spark.executor.cores": 2.411728802916949, "spark.executor.instances": 6.402534902968583, "spark.executor.memory": 3.883852140100296, "spark.executor.memoryOverhead": 855.6630485786077, "spark.kryoserializer.buffer": 91.2356148286775, "spark.kryoserializer.buffer.max": 78.98151281911035, "spark.locality.wait": 4.898269395181053, "spark.maxRemoteBlockSizeFetchToMem": 1187180456.6041718, "spark.memory.fraction": 0.5908385669267039, "spark.memory.offHeap.enabled": 0.4930551924763115, "spark.memory.offHeap.size": 682.5009298548332, "spark.memory.storageFraction": 0.754592093607376, "spark.rdd.compress": 0.04144032116248776, "spark.reducer.maxBlocksInFlightPerAddress": 1245249110.459892, "spark.reducer.maxReqsInFlight": 1481339655.3713622, "spark.reducer.maxSizeInFlight": 51.83325650007212, "spark.scheduler.mode": 0.07241464997600312, "spark.scheduler.revive.interval": 541.8309713557576, "spark.shuffle.compress": 0.8203164573484366, "spark.shuffle.file.buffer": 42.499955218471314, "spark.shuffle.io.numConnectionsPerPeer": 4.154578222008752, "spark.shuffle.sort.bypassMergeThreshold": 342.1998110124829, "spark.storage.memoryFraction": 0.7732662290997783, "spark.storage.memoryMapThreshold": 3.5377149375531594}, "datetime": {"datetime": "2022-01-31 22:39:39", "elapsed": 891.309912, "delta": 260.374408}}
{"target": -194.107, "params": {"spark.broadcast.blockSize": 52.126302454776784, "spark.broadcast.checksum": 0.19304618202848442, "spark.broadcast.compress": 0.24614713644835434, "spark.default.parallelism": 433.42101382496537, "spark.executor.cores": 2.5554237503709123, "spark.executor.instances": 7.56415620724691, "spark.executor.memory": 6.564599406155618, "spark.executor.memoryOverhead": 495.268824632024, "spark.kryoserializer.buffer": 68.75239519013371, "spark.kryoserializer.buffer.max": 121.21398701858439, "spark.locality.wait": 6.059900497695002, "spark.maxRemoteBlockSizeFetchToMem": 1718180036.069301, "spark.memory.fraction": 0.6365677709677243, "spark.memory.offHeap.enabled": 0.6265864443355009, "spark.memory.offHeap.size": 760.4188525220939, "spark.memory.storageFraction": 0.6921817269813222, "spark.rdd.compress": 0.22026990703271349, "spark.reducer.maxBlocksInFlightPerAddress": 1558300695.893898, "spark.reducer.maxReqsInFlight": 2132404548.6291814, "spark.reducer.maxSizeInFlight": 39.662090306489254, "spark.scheduler.mode": 0.5260423907117607, "spark.scheduler.revive.interval": 665.0226314291696, "spark.shuffle.compress": 0.6380258564118367, "spark.shuffle.file.buffer": 23.67565260217591, "spark.shuffle.io.numConnectionsPerPeer": 1.6078407970902187, "spark.shuffle.sort.bypassMergeThreshold": 279.94313678593886, "spark.storage.memoryFraction": 0.8664636429561468, "spark.storage.memoryMapThreshold": 3.054054118401594}, "datetime": {"datetime": "2022-01-31 22:43:01", "elapsed": 1094.011356, "delta": 202.701444}}
{"target": -231.695, "params": {"spark.broadcast.blockSize": 57.06217362820658, "spark.broadcast.checksum": 0.9754226177660128, "spark.broadcast.compress": 0.4150051074377593, "spark.default.parallelism": 283.14320677868943, "spark.executor.cores": 3.322635612527925, "spark.executor.instances": 4.2185130810786315, "spark.executor.memory": 4.718357879051271, "spark.executor.memoryOverhead": 603.9975094573774, "spark.kryoserializer.buffer": 103.32138500245199, "spark.kryoserializer.buffer.max": 94.11786131920681, "spark.locality.wait": 9.347943666485042, "spark.maxRemoteBlockSizeFetchToMem": 2070505635.2395966, "spark.memory.fraction": 0.7939901410715169, "spark.memory.offHeap.enabled": 0.6668182048387838, "spark.memory.offHeap.size": 844.0247071436476, "spark.memory.storageFraction": 0.8228133416652506, "spark.rdd.compress": 0.5025119733566306, "spark.reducer.maxBlocksInFlightPerAddress": 1846232194.7323215, "spark.reducer.maxReqsInFlight": 1137873054.6468406, "spark.reducer.maxSizeInFlight": 65.95188663484609, "spark.scheduler.mode": 0.7988578727489968, "spark.scheduler.revive.interval": 852.0695138742551, "spark.shuffle.compress": 0.3913765726282314, "spark.shuffle.file.buffer": 35.795701561163, "spark.shuffle.io.numConnectionsPerPeer": 2.9074057156693796, "spark.shuffle.sort.bypassMergeThreshold": 236.45110063680983, "spark.storage.memoryFraction": 0.5827995621537997, "spark.storage.memoryMapThreshold": 1.2359357531774167}, "datetime": {"datetime": "2022-01-31 22:47:02", "elapsed": 1334.300515, "delta": 240.289159}}
{"target": -183.67, "params": {"spark.broadcast.blockSize": 38.2117549788033, "spark.broadcast.checksum": 0.690794199527594, "spark.broadcast.compress": 0.9548188729122172, "spark.default.parallelism": 378.44912248370156, "spark.executor.cores": 3.8558510277578453, "spark.executor.instances": 7.213428126163672, "spark.executor.memory": 5.885000512737836, "spark.executor.memoryOverhead": 705.4518344598664, "spark.kryoserializer.buffer": 102.92386177699578, "spark.kryoserializer.buffer.max": 125.1145284013015, "spark.locality.wait": 6.171216788318834, "spark.maxRemoteBlockSizeFetchToMem": 1532258389.9003766, "spark.memory.fraction": 0.5188100333901436, "spark.memory.offHeap.enabled": 0.8337436315110892, "spark.memory.offHeap.size": 798.879323567699, "spark.memory.storageFraction": 0.8440248213088265, "spark.rdd.compress": 0.9019704488214794, "spark.reducer.maxBlocksInFlightPerAddress": 1208207991.0256093, "spark.reducer.maxReqsInFlight": 1441271390.359092, "spark.reducer.maxSizeInFlight": 41.05855612243974, "spark.scheduler.mode": 0.4358759983081665, "spark.scheduler.revive.interval": 896.2967628131624, "spark.shuffle.compress": 0.07655765722007646, "spark.shuffle.file.buffer": 23.07768154759987, "spark.shuffle.io.numConnectionsPerPeer": 1.3883700341589749, "spark.shuffle.sort.bypassMergeThreshold": 324.8422333330607, "spark.storage.memoryFraction": 0.6114886316547639, "spark.storage.memoryMapThreshold": 2.312337468867935}, "datetime": {"datetime": "2022-01-31 22:50:14", "elapsed": 1526.61155, "delta": 192.311035}}
{"target": -187.97, "params": {"spark.broadcast.blockSize": 61.184395638216955, "spark.broadcast.checksum": 0.5678349735318203, "spark.broadcast.compress": 0.20081181559983874, "spark.default.parallelism": 497.4474266121393, "spark.executor.cores": 3.202110211591821, "spark.executor.instances": 7.601742097486031, "spark.executor.memory": 6.636010311376014, "spark.executor.memoryOverhead": 642.8320614579447, "spark.kryoserializer.buffer": 58.17983691280902, "spark.kryoserializer.buffer.max": 127.4273923689, "spark.locality.wait": 4.292822361496026, "spark.maxRemoteBlockSizeFetchToMem": 1825758134.634604, "spark.memory.fraction": 0.7676327634532383, "spark.memory.offHeap.enabled": 0.4277438311142585, "spark.memory.offHeap.size": 672.5844895883051, "spark.memory.storageFraction": 0.8702731436359104, "spark.rdd.compress": 0.4950724334816826, "spark.reducer.maxBlocksInFlightPerAddress": 1357619067.8631077, "spark.reducer.maxReqsInFlight": 1823002038.4864774, "spark.reducer.maxSizeInFlight": 47.83946242760364, "spark.scheduler.mode": 0.644890956277538, "spark.scheduler.revive.interval": 827.0101305621387, "spark.shuffle.compress": 0.49317796578495066, "spark.shuffle.file.buffer": 28.066432293043153, "spark.shuffle.io.numConnectionsPerPeer": 2.8160564129455747, "spark.shuffle.sort.bypassMergeThreshold": 343.7175643593841, "spark.storage.memoryFraction": 0.6010997287945496, "spark.storage.memoryMapThreshold": 3.1079380509692465}, "datetime": {"datetime": "2022-01-31 22:53:31", "elapsed": 1723.315095, "delta": 196.703545}}
{"target": -207.993, "params": {"spark.broadcast.blockSize": 32.619324809285835, "spark.broadcast.checksum": 0.9751560974791011, "spark.broadcast.compress": 0.0075101571559264, "spark.default.parallelism": 425.9035166023495, "spark.executor.cores": 3.3891598392549946, "spark.executor.instances": 7.426009742974042, "spark.executor.memory": 6.026590231431129, "spark.executor.memoryOverhead": 856.0770049302077, "spark.kryoserializer.buffer": 69.06862142887653, "spark.kryoserializer.buffer.max": 74.30119846464225, "spark.locality.wait": 5.627280370428803, "spark.maxRemoteBlockSizeFetchToMem": 1865889260.6187325, "spark.memory.fraction": 0.5061604638051915, "spark.memory.offHeap.enabled": 0.6939864057894308, "spark.memory.offHeap.size": 952.0128639143384, "spark.memory.storageFraction": 0.7574594730535673, "spark.rdd.compress": 0.1398149482155574, "spark.reducer.maxBlocksInFlightPerAddress": 2056145140.845774, "spark.reducer.maxReqsInFlight": 1158850504.9655747, "spark.reducer.maxSizeInFlight": 67.28319177028662, "spark.scheduler.mode": 0.05373466171575003, "spark.scheduler.revive.interval": 767.3547363063534, "spark.shuffle.compress": 0.0645547873471427, "spark.shuffle.file.buffer": 16.28429892378184, "spark.shuffle.io.numConnectionsPerPeer": 1.1153104447030766, "spark.shuffle.sort.bypassMergeThreshold": 274.2312820741412, "spark.storage.memoryFraction": 0.8366461681222108, "spark.storage.memoryMapThreshold": 3.7673523053442812}, "datetime": {"datetime": "2022-01-31 22:57:07", "elapsed": 1940.016392, "delta": 216.701297}}
{"target": -226.256, "params": {"spark.broadcast.blockSize": 56.64171830008817, "spark.broadcast.checksum": 0.6608249772576558, "spark.broadcast.compress": 0.13180646341408475, "spark.default.parallelism": 281.13711332309396, "spark.executor.cores": 3.986387040540049, "spark.executor.instances": 6.3754478480960515, "spark.executor.memory": 5.444424563185285, "spark.executor.memoryOverhead": 737.742631338363, "spark.kryoserializer.buffer": 40.36821133753014, "spark.kryoserializer.buffer.max": 118.74080326484585, "spark.locality.wait": 6.841735729558723, "spark.maxRemoteBlockSizeFetchToMem": 1859727284.3748002, "spark.memory.fraction": 0.6431939179833837, "spark.memory.offHeap.enabled": 0.9497872243424748, "spark.memory.offHeap.size": 807.3123287541212, "spark.memory.storageFraction": 0.7240502770059765, "spark.rdd.compress": 0.35462200735252514, "spark.reducer.maxBlocksInFlightPerAddress": 1720096619.690568, "spark.reducer.maxReqsInFlight": 1489323088.3488636, "spark.reducer.maxSizeInFlight": 46.750976943032626, "spark.scheduler.mode": 0.2303471683712951, "spark.scheduler.revive.interval": 810.1881993350231, "spark.shuffle.compress": 0.18590343484556848, "spark.shuffle.file.buffer": 34.71160992233325, "spark.shuffle.io.numConnectionsPerPeer": 1.7260782991521189, "spark.shuffle.sort.bypassMergeThreshold": 346.14827950388735, "spark.storage.memoryFraction": 0.7832773211243378, "spark.storage.memoryMapThreshold": 2.1890539838260805}, "datetime": {"datetime": "2022-01-31 23:01:03", "elapsed": 2175.252894, "delta": 235.236502}}
{"target": -155.036, "params": {"spark.broadcast.blockSize": 63.702130445038506, "spark.broadcast.checksum": 0.3124242523557934, "spark.broadcast.compress": 0.17391041267987895, "spark.default.parallelism": 416.99155329913776, "spark.executor.cores": 3.951587548221295, "spark.executor.instances": 7.711163086559512, "spark.executor.memory": 6.91141454030806, "spark.executor.memoryOverhead": 782.3445823877137, "spark.kryoserializer.buffer": 94.59567171977677, "spark.kryoserializer.buffer.max": 124.19253818065744, "spark.locality.wait": 7.530878315703871, "spark.maxRemoteBlockSizeFetchToMem": 1944841162.8219903, "spark.memory.fraction": 0.7680340535580412, "spark.memory.offHeap.enabled": 0.8739742980924055, "spark.memory.offHeap.size": 776.2186502277166, "spark.memory.storageFraction": 0.8996922632020863, "spark.rdd.compress": 0.9907684539592567, "spark.reducer.maxBlocksInFlightPerAddress": 1126083472.3667967, "spark.reducer.maxReqsInFlight": 2080632919.1353126, "spark.reducer.maxSizeInFlight": 38.5258716417156, "spark.scheduler.mode": 0.4641515359225078, "spark.scheduler.revive.interval": 522.3232738680158, "spark.shuffle.compress": 0.07925805654607865, "spark.shuffle.file.buffer": 21.2204405430529, "spark.shuffle.io.numConnectionsPerPeer": 1.611935415042069, "spark.shuffle.sort.bypassMergeThreshold": 241.85841112905382, "spark.storage.memoryFraction": 0.6339886792918881, "spark.storage.memoryMapThreshold": 1.6325347458159647}, "datetime": {"datetime": "2022-01-31 23:03:47", "elapsed": 2339.105774, "delta": 163.85288}}
{"target": -201.378, "params": {"spark.broadcast.blockSize": 51.52539946306766, "spark.broadcast.checksum": 0.10814514861951374, "spark.broadcast.compress": 0.36162794243137286, "spark.default.parallelism": 496.13698770476276, "spark.executor.cores": 3.485080879519924, "spark.executor.instances": 6.387339635410943, "spark.executor.memory": 4.7216326411199265, "spark.executor.memoryOverhead": 873.9450671236654, "spark.kryoserializer.buffer": 42.573132673452506, "spark.kryoserializer.buffer.max": 125.58702205438982, "spark.locality.wait": 6.440949179751813, "spark.maxRemoteBlockSizeFetchToMem": 1577264161.608309, "spark.memory.fraction": 0.8659182019300503, "spark.memory.offHeap.enabled": 0.8734609288674516, "spark.memory.offHeap.size": 530.8992765267567, "spark.memory.storageFraction": 0.8375825064220443, "spark.rdd.compress": 0.2439120117874659, "spark.reducer.maxBlocksInFlightPerAddress": 1130864248.023676, "spark.reducer.maxReqsInFlight": 1357533511.0617807, "spark.reducer.maxSizeInFlight": 34.42026409616882, "spark.scheduler.mode": 0.43105164780310834, "spark.scheduler.revive.interval": 805.9420202193431, "spark.shuffle.compress": 0.08097581102116613, "spark.shuffle.file.buffer": 16.1305908766916, "spark.shuffle.io.numConnectionsPerPeer": 1.9495305919525223, "spark.shuffle.sort.bypassMergeThreshold": 257.9991692123861, "spark.storage.memoryFraction": 0.5692000006186497, "spark.storage.memoryMapThreshold": 2.2823863158766544}, "datetime": {"datetime": "2022-01-31 23:07:17", "elapsed": 2549.43108, "delta": 210.325306}}
{"target": -203.539, "params": {"spark.broadcast.blockSize": 61.31123185897284, "spark.broadcast.checksum": 0.1378473545804163, "spark.broadcast.compress": 0.6348949527438752, "spark.default.parallelism": 407.8337516303149, "spark.executor.cores": 3.2913886643301358, "spark.executor.instances": 6.650679798627724, "spark.executor.memory": 6.912678081983072, "spark.executor.memoryOverhead": 579.2993302516377, "spark.kryoserializer.buffer": 109.99065061873361, "spark.kryoserializer.buffer.max": 120.6999907038097, "spark.locality.wait": 8.19300005687003, "spark.maxRemoteBlockSizeFetchToMem": 1648354921.1993914, "spark.memory.fraction": 0.5344340252548542, "spark.memory.offHeap.enabled": 0.9527301586614988, "spark.memory.offHeap.size": 822.6300586780994, "spark.memory.storageFraction": 0.8103803637350449, "spark.rdd.compress": 0.17008913242257873, "spark.reducer.maxBlocksInFlightPerAddress": 1428285608.1629148, "spark.reducer.maxReqsInFlight": 1612451461.0817676, "spark.reducer.maxSizeInFlight": 44.43502895526285, "spark.scheduler.mode": 0.2804939936342461, "spark.scheduler.revive.interval": 550.7596769352335, "spark.shuffle.compress": 0.36526510379842636, "spark.shuffle.file.buffer": 17.502285445329484, "spark.shuffle.io.numConnectionsPerPeer": 2.207957804056257, "spark.shuffle.sort.bypassMergeThreshold": 337.0615591410424, "spark.storage.memoryFraction": 0.56732085757383, "spark.storage.memoryMapThreshold": 1.2228502361893199}, "datetime": {"datetime": "2022-01-31 23:10:49", "elapsed": 2761.770523, "delta": 212.339443}}
{"target": -211.352, "params": {"spark.broadcast.blockSize": 59.615369434824615, "spark.broadcast.checksum": 0.4480271158531196, "spark.broadcast.compress": 0.7076493865104179, "spark.default.parallelism": 498.40934040695834, "spark.executor.cores": 3.143084343670437, "spark.executor.instances": 6.711781794611141, "spark.executor.memory": 6.585566739475314, "spark.executor.memoryOverhead": 742.9009837133603, "spark.kryoserializer.buffer": 83.19601913689047, "spark.kryoserializer.buffer.max": 113.59809878193121, "spark.locality.wait": 7.434647472164816, "spark.maxRemoteBlockSizeFetchToMem": 2052238501.8670564, "spark.memory.fraction": 0.5733890366255302, "spark.memory.offHeap.enabled": 0.28092060259504237, "spark.memory.offHeap.size": 801.6292506532176, "spark.memory.storageFraction": 0.7962317577169458, "spark.rdd.compress": 0.6198625992372799, "spark.reducer.maxBlocksInFlightPerAddress": 1313293123.9255366, "spark.reducer.maxReqsInFlight": 1895354919.955258, "spark.reducer.maxSizeInFlight": 41.61024008917723, "spark.scheduler.mode": 0.5193495441497905, "spark.scheduler.revive.interval": 755.7327707037691, "spark.shuffle.compress": 0.26157066280610664, "spark.shuffle.file.buffer": 27.01730719906143, "spark.shuffle.io.numConnectionsPerPeer": 2.0850953722074235, "spark.shuffle.sort.bypassMergeThreshold": 154.46929322058637, "spark.storage.memoryFraction": 0.7563878287050452, "spark.storage.memoryMapThreshold": 3.1933036528386975}, "datetime": {"datetime": "2022-01-31 23:14:29", "elapsed": 2981.752775, "delta": 219.982252}}
