{"target": -201.869, "params": {"spark.broadcast.blockSize": 45.697711954054554, "spark.broadcast.checksum": 0.5258710039492264, "spark.broadcast.compress": 0.772666342539857, "spark.default.parallelism": 489.3175378164706, "spark.executor.cores": 3.622181409974454, "spark.executor.instances": 6.590911769949314, "spark.executor.memory": 6.868922018948417, "spark.executor.memoryOverhead": 599.3012659238736, "spark.kryoserializer.buffer": 97.78048135697938, "spark.kryoserializer.buffer.max": 64.25258240251458, "spark.locality.wait": 4.5742728879324845, "spark.maxRemoteBlockSizeFetchToMem": 1981699531.1558146, "spark.memory.fraction": 0.5204143146991141, "spark.memory.offHeap.enabled": 0.8435624489870039, "spark.memory.offHeap.size": 541.0443927170644, "spark.memory.storageFraction": 0.8944867730747426, "spark.rdd.compress": 0.6741297743230251, "spark.reducer.maxBlocksInFlightPerAddress": 1182847409.5446856, "spark.reducer.maxReqsInFlight": 1827927821.2175426, "spark.reducer.maxSizeInFlight": 38.69748908930093, "spark.scheduler.mode": 0.1329075024571309, "spark.scheduler.revive.interval": 734.7568687963575, "spark.shuffle.compress": 0.603124161634952, "spark.shuffle.file.buffer": 22.919870440354853, "spark.shuffle.io.numConnectionsPerPeer": 1.4979155365184327, "spark.shuffle.sort.bypassMergeThreshold": 232.52525790110377, "spark.storage.memoryFraction": 0.7851530189432849, "spark.storage.memoryMapThreshold": 2.7733030334352904}, "datetime": {"datetime": "2022-02-01 00:48:03", "elapsed": 8595.365825, "delta": 210.785013}}
{"target": -178.298, "params": {"spark.broadcast.blockSize": 53.02005651099586, "spark.broadcast.checksum": 0.8326515441808495, "spark.broadcast.compress": 0.2659778561778052, "spark.default.parallelism": 447.8547866222999, "spark.executor.cores": 3.3845997704766013, "spark.executor.instances": 7.886693060798024, "spark.executor.memory": 5.375595485920103, "spark.executor.memoryOverhead": 724.1809216990373, "spark.kryoserializer.buffer": 80.3259343162056, "spark.kryoserializer.buffer.max": 83.38068950799841, "spark.locality.wait": 5.296671987618001, "spark.maxRemoteBlockSizeFetchToMem": 1955283621.8884692, "spark.memory.fraction": 0.7197746928701363, "spark.memory.offHeap.enabled": 0.6799892309378129, "spark.memory.offHeap.size": 597.1511785808755, "spark.memory.storageFraction": 0.7607006170061495, "spark.rdd.compress": 0.8591911689829923, "spark.reducer.maxBlocksInFlightPerAddress": 1968514504.2248125, "spark.reducer.maxReqsInFlight": 1669990641.5570288, "spark.reducer.maxSizeInFlight": 25.424150915101475, "spark.scheduler.mode": 0.18613348481753045, "spark.scheduler.revive.interval": 677.9812395878989, "spark.shuffle.compress": 0.5241711275328951, "spark.shuffle.file.buffer": 19.63985431190991, "spark.shuffle.io.numConnectionsPerPeer": 1.1415179893688565, "spark.shuffle.sort.bypassMergeThreshold": 167.4299395371418, "spark.storage.memoryFraction": 0.6138078561112488, "spark.storage.memoryMapThreshold": 3.9680277115317226}, "datetime": {"datetime": "2022-02-01 00:51:10", "elapsed": 8782.612101, "delta": 187.246276}}
{"target": -163.004, "params": {"spark.broadcast.blockSize": 36.66388991168814, "spark.broadcast.checksum": 0.845900989291409, "spark.broadcast.compress": 0.6514127298926757, "spark.default.parallelism": 441.7135177783758, "spark.executor.cores": 3.509682452893788, "spark.executor.instances": 7.717345781890698, "spark.executor.memory": 5.931476114525264, "spark.executor.memoryOverhead": 583.7232678996664, "spark.kryoserializer.buffer": 96.3581332653857, "spark.kryoserializer.buffer.max": 62.623767605454645, "spark.locality.wait": 5.93055041466679, "spark.maxRemoteBlockSizeFetchToMem": 1319600595.7625136, "spark.memory.fraction": 0.5498883413821032, "spark.memory.offHeap.enabled": 0.7407119734102426, "spark.memory.offHeap.size": 977.2581101801804, "spark.memory.storageFraction": 0.6509758296218136, "spark.rdd.compress": 0.4474054608017398, "spark.reducer.maxBlocksInFlightPerAddress": 2146609961.1991377, "spark.reducer.maxReqsInFlight": 1558065794.7247188, "spark.reducer.maxSizeInFlight": 27.82331333003727, "spark.scheduler.mode": 0.8516484297945908, "spark.scheduler.revive.interval": 669.1061521279685, "spark.shuffle.compress": 0.906340760426295, "spark.shuffle.file.buffer": 38.28390197365369, "spark.shuffle.io.numConnectionsPerPeer": 1.4942645263453564, "spark.shuffle.sort.bypassMergeThreshold": 300.1356942110353, "spark.storage.memoryFraction": 0.668205655323179, "spark.storage.memoryMapThreshold": 3.821000118621936}, "datetime": {"datetime": "2022-02-01 00:54:02", "elapsed": 8954.964927, "delta": 172.352826}}
{"target": -158.464, "params": {"spark.broadcast.blockSize": 49.29002359704654, "spark.broadcast.checksum": 0.45762978787731157, "spark.broadcast.compress": 0.319825898975588, "spark.default.parallelism": 421.3850935400809, "spark.executor.cores": 3.6509478524150096, "spark.executor.instances": 7.772638854082707, "spark.executor.memory": 6.141265504120443, "spark.executor.memoryOverhead": 420.63428433249845, "spark.kryoserializer.buffer": 54.41295312496749, "spark.kryoserializer.buffer.max": 81.6155555329451, "spark.locality.wait": 6.527232867642736, "spark.maxRemoteBlockSizeFetchToMem": 1171829043.5997596, "spark.memory.fraction": 0.6507945554891235, "spark.memory.offHeap.enabled": 0.6671996505099821, "spark.memory.offHeap.size": 668.2602756286065, "spark.memory.storageFraction": 0.7182133132881718, "spark.rdd.compress": 0.5588638999081277, "spark.reducer.maxBlocksInFlightPerAddress": 1534788127.9227233, "spark.reducer.maxReqsInFlight": 2068228019.6305215, "spark.reducer.maxSizeInFlight": 32.44389436904659, "spark.scheduler.mode": 0.7813327485784903, "spark.scheduler.revive.interval": 773.6204925764175, "spark.shuffle.compress": 0.4873550667128467, "spark.shuffle.file.buffer": 16.805510298453, "spark.shuffle.io.numConnectionsPerPeer": 4.433797700840634, "spark.shuffle.sort.bypassMergeThreshold": 248.59891424208354, "spark.storage.memoryFraction": 0.5445451737104378, "spark.storage.memoryMapThreshold": 3.3061748868554495}, "datetime": {"datetime": "2022-02-01 00:56:50", "elapsed": 9122.28814, "delta": 167.323213}}
{"target": -220.145, "params": {"spark.broadcast.blockSize": 39.2409941219442, "spark.broadcast.checksum": 0.8808482702382217, "spark.broadcast.compress": 0.10595657879859022, "spark.default.parallelism": 462.2670041193103, "spark.executor.cores": 3.1740026762075844, "spark.executor.instances": 7.079771149226425, "spark.executor.memory": 5.828625952610396, "spark.executor.memoryOverhead": 420.3806759503867, "spark.kryoserializer.buffer": 45.1001608138593, "spark.kryoserializer.buffer.max": 91.40458560884642, "spark.locality.wait": 4.17449747245324, "spark.maxRemoteBlockSizeFetchToMem": 1564256737.62349, "spark.memory.fraction": 0.7564969365920149, "spark.memory.offHeap.enabled": 0.7437369992032586, "spark.memory.offHeap.size": 827.4746194730069, "spark.memory.storageFraction": 0.7427915431506481, "spark.rdd.compress": 0.36146130878542115, "spark.reducer.maxBlocksInFlightPerAddress": 2119999127.7126982, "spark.reducer.maxReqsInFlight": 1800799906.1927094, "spark.reducer.maxSizeInFlight": 33.23615984095248, "spark.scheduler.mode": 0.7345113256298484, "spark.scheduler.revive.interval": 647.3274668693558, "spark.shuffle.compress": 0.6087573189375222, "spark.shuffle.file.buffer": 19.22926406419858, "spark.shuffle.io.numConnectionsPerPeer": 1.4401517500452403, "spark.shuffle.sort.bypassMergeThreshold": 234.77522252966577, "spark.storage.memoryFraction": 0.51247256171064, "spark.storage.memoryMapThreshold": 3.9833171237671046}, "datetime": {"datetime": "2022-02-01 01:00:39", "elapsed": 9351.287687, "delta": 228.999547}}
{"target": -190.316, "params": {"spark.broadcast.blockSize": 40.505661969767864, "spark.broadcast.checksum": 0.6417341525835968, "spark.broadcast.compress": 0.12765814201236458, "spark.default.parallelism": 406.1146225183587, "spark.executor.cores": 3.9143173962478346, "spark.executor.instances": 6.764404949994276, "spark.executor.memory": 5.720837715014156, "spark.executor.memoryOverhead": 650.3427294320813, "spark.kryoserializer.buffer": 120.74008950667303, "spark.kryoserializer.buffer.max": 71.61771184743125, "spark.locality.wait": 8.319913920918989, "spark.maxRemoteBlockSizeFetchToMem": 1633908256.5799825, "spark.memory.fraction": 0.514210426481262, "spark.memory.offHeap.enabled": 0.9046106809536515, "spark.memory.offHeap.size": 608.6165162100046, "spark.memory.storageFraction": 0.8805800209856356, "spark.rdd.compress": 0.09822020886621641, "spark.reducer.maxBlocksInFlightPerAddress": 2118205426.8496413, "spark.reducer.maxReqsInFlight": 2125050440.7678113, "spark.reducer.maxSizeInFlight": 24.080763699797398, "spark.scheduler.mode": 0.03910474876333325, "spark.scheduler.revive.interval": 688.3922784162843, "spark.shuffle.compress": 0.7864207721282118, "spark.shuffle.file.buffer": 31.23127604506873, "spark.shuffle.io.numConnectionsPerPeer": 4.571844212209104, "spark.shuffle.sort.bypassMergeThreshold": 207.896793373764, "spark.storage.memoryFraction": 0.6968050845797571, "spark.storage.memoryMapThreshold": 2.2224403619994075}, "datetime": {"datetime": "2022-02-01 01:03:58", "elapsed": 9550.349642, "delta": 199.061955}}
{"target": -175.008, "params": {"spark.broadcast.blockSize": 58.19604224353174, "spark.broadcast.checksum": 0.7077078709657719, "spark.broadcast.compress": 0.5164179537316674, "spark.default.parallelism": 288.63183572032614, "spark.executor.cores": 3.9250433456858005, "spark.executor.instances": 7.269016863724193, "spark.executor.memory": 6.550530478777217, "spark.executor.memoryOverhead": 414.19697070269103, "spark.kryoserializer.buffer": 77.64222462675771, "spark.kryoserializer.buffer.max": 120.08748159450938, "spark.locality.wait": 9.485308460185795, "spark.maxRemoteBlockSizeFetchToMem": 1196248914.5074246, "spark.memory.fraction": 0.5493563332981366, "spark.memory.offHeap.enabled": 0.8301309821148553, "spark.memory.offHeap.size": 682.1722116035384, "spark.memory.storageFraction": 0.7278689693565081, "spark.rdd.compress": 0.933654278308094, "spark.reducer.maxBlocksInFlightPerAddress": 1886590722.626099, "spark.reducer.maxReqsInFlight": 1284983712.0807185, "spark.reducer.maxSizeInFlight": 27.577442377558697, "spark.scheduler.mode": 0.7253102640624562, "spark.scheduler.revive.interval": 657.6193244710146, "spark.shuffle.compress": 0.812409534602713, "spark.shuffle.file.buffer": 38.69359743219381, "spark.shuffle.io.numConnectionsPerPeer": 4.250335806653692, "spark.shuffle.sort.bypassMergeThreshold": 192.36550949343564, "spark.storage.memoryFraction": 0.8622045756437198, "spark.storage.memoryMapThreshold": 3.651026987688313}, "datetime": {"datetime": "2022-02-01 01:07:02", "elapsed": 9734.291891, "delta": 183.942249}}
{"target": -156.598, "params": {"spark.broadcast.blockSize": 58.330582280916886, "spark.broadcast.checksum": 0.23995270302808724, "spark.broadcast.compress": 0.20289743474938016, "spark.default.parallelism": 352.08610658739565, "spark.executor.cores": 3.713809198416707, "spark.executor.instances": 7.806770602529337, "spark.executor.memory": 6.710846303070879, "spark.executor.memoryOverhead": 586.689631096646, "spark.kryoserializer.buffer": 108.30626220772598, "spark.kryoserializer.buffer.max": 39.5898311440307, "spark.locality.wait": 6.111813393398865, "spark.maxRemoteBlockSizeFetchToMem": 1518526604.7685707, "spark.memory.fraction": 0.7091320125914549, "spark.memory.offHeap.enabled": 0.283049953652562, "spark.memory.offHeap.size": 644.6685757540713, "spark.memory.storageFraction": 0.881782965411293, "spark.rdd.compress": 0.7936689914440183, "spark.reducer.maxBlocksInFlightPerAddress": 2118798672.705804, "spark.reducer.maxReqsInFlight": 2075529475.0309286, "spark.reducer.maxSizeInFlight": 51.366085804366435, "spark.scheduler.mode": 0.9936644810190884, "spark.scheduler.revive.interval": 665.1049607087849, "spark.shuffle.compress": 0.5794326437195925, "spark.shuffle.file.buffer": 19.327434354467613, "spark.shuffle.io.numConnectionsPerPeer": 4.722710065878687, "spark.shuffle.sort.bypassMergeThreshold": 328.75542640112224, "spark.storage.memoryFraction": 0.582408926788787, "spark.storage.memoryMapThreshold": 2.7925613857718012}, "datetime": {"datetime": "2022-02-01 01:09:47", "elapsed": 9899.544513, "delta": 165.252622}}
{"target": -161.412, "params": {"spark.broadcast.blockSize": 58.21290592435497, "spark.broadcast.checksum": 0.6415170440992676, "spark.broadcast.compress": 0.7086831320051424, "spark.default.parallelism": 499.71125065838874, "spark.executor.cores": 3.9084814798914076, "spark.executor.instances": 7.0373813490146055, "spark.executor.memory": 5.620529097472804, "spark.executor.memoryOverhead": 476.8098417132021, "spark.kryoserializer.buffer": 77.25894516018445, "spark.kryoserializer.buffer.max": 43.87057904930326, "spark.locality.wait": 9.45138493318462, "spark.maxRemoteBlockSizeFetchToMem": 1275395848.5508792, "spark.memory.fraction": 0.5032483082360475, "spark.memory.offHeap.enabled": 0.8854990588715294, "spark.memory.offHeap.size": 677.5122565151961, "spark.memory.storageFraction": 0.7790100309180845, "spark.rdd.compress": 0.4091900851733189, "spark.reducer.maxBlocksInFlightPerAddress": 1474793579.5698483, "spark.reducer.maxReqsInFlight": 1393513631.8916972, "spark.reducer.maxSizeInFlight": 41.152202032170045, "spark.scheduler.mode": 0.6223675379360474, "spark.scheduler.revive.interval": 572.0841660351094, "spark.shuffle.compress": 0.6554755239744524, "spark.shuffle.file.buffer": 32.48660500327565, "spark.shuffle.io.numConnectionsPerPeer": 4.277314100211434, "spark.shuffle.sort.bypassMergeThreshold": 308.44619819613376, "spark.storage.memoryFraction": 0.6720657051119132, "spark.storage.memoryMapThreshold": 3.674194283658454}, "datetime": {"datetime": "2022-02-01 01:12:37", "elapsed": 10069.68383, "delta": 170.139317}}
{"target": -162.36, "params": {"spark.broadcast.blockSize": 56.45189351759512, "spark.broadcast.checksum": 0.42741865526364453, "spark.broadcast.compress": 0.7687952325684395, "spark.default.parallelism": 440.44656503916326, "spark.executor.cores": 3.852638716692785, "spark.executor.instances": 7.3536699827598255, "spark.executor.memory": 6.409406466682798, "spark.executor.memoryOverhead": 624.3277282443844, "spark.kryoserializer.buffer": 97.05412835305452, "spark.kryoserializer.buffer.max": 124.9139916012156, "spark.locality.wait": 5.992133117457379, "spark.maxRemoteBlockSizeFetchToMem": 1457782809.6470869, "spark.memory.fraction": 0.543927105717064, "spark.memory.offHeap.enabled": 0.6214246793168222, "spark.memory.offHeap.size": 606.4717838488597, "spark.memory.storageFraction": 0.629345728848548, "spark.rdd.compress": 0.561835215830066, "spark.reducer.maxBlocksInFlightPerAddress": 1980313396.4868774, "spark.reducer.maxReqsInFlight": 1677140453.4184916, "spark.reducer.maxSizeInFlight": 54.82565598329921, "spark.scheduler.mode": 0.31473328390670086, "spark.scheduler.revive.interval": 688.9296607139239, "spark.shuffle.compress": 0.8328296345113453, "spark.shuffle.file.buffer": 27.31557007078727, "spark.shuffle.io.numConnectionsPerPeer": 4.976129963133092, "spark.shuffle.sort.bypassMergeThreshold": 311.8998455529895, "spark.storage.memoryFraction": 0.717787671876103, "spark.storage.memoryMapThreshold": 3.7364692154843846}, "datetime": {"datetime": "2022-02-01 01:15:28", "elapsed": 10240.992315, "delta": 171.308485}}
{"target": -160.737, "params": {"spark.broadcast.blockSize": 55.266599220232365, "spark.broadcast.checksum": 0.9419947613499227, "spark.broadcast.compress": 0.4476582677599735, "spark.default.parallelism": 489.9765178406129, "spark.executor.cores": 3.8844769880749794, "spark.executor.instances": 7.894469804578655, "spark.executor.memory": 6.056052466810845, "spark.executor.memoryOverhead": 733.4018857703512, "spark.kryoserializer.buffer": 102.78944389790506, "spark.kryoserializer.buffer.max": 111.08184640230743, "spark.locality.wait": 6.472959519254665, "spark.maxRemoteBlockSizeFetchToMem": 1290602509.1991987, "spark.memory.fraction": 0.5478603410990037, "spark.memory.offHeap.enabled": 0.13300437295126066, "spark.memory.offHeap.size": 774.086361941396, "spark.memory.storageFraction": 0.8482583195220113, "spark.rdd.compress": 0.8765420411509321, "spark.reducer.maxBlocksInFlightPerAddress": 1947253498.926963, "spark.reducer.maxReqsInFlight": 1833022642.5570245, "spark.reducer.maxSizeInFlight": 33.3609668320476, "spark.scheduler.mode": 0.1784277216728275, "spark.scheduler.revive.interval": 508.10697503449376, "spark.shuffle.compress": 0.7550824488207826, "spark.shuffle.file.buffer": 32.46564844827709, "spark.shuffle.io.numConnectionsPerPeer": 2.1137868338987125, "spark.shuffle.sort.bypassMergeThreshold": 172.4316603814448, "spark.storage.memoryFraction": 0.8488776524567476, "spark.storage.memoryMapThreshold": 3.858527405167539}, "datetime": {"datetime": "2022-02-01 01:18:18", "elapsed": 10410.642497, "delta": 169.650182}}
{"target": -162.287, "params": {"spark.broadcast.blockSize": 39.20093181978932, "spark.broadcast.checksum": 0.18141957059709468, "spark.broadcast.compress": 0.7680863041074786, "spark.default.parallelism": 462.4945368166933, "spark.executor.cores": 3.9034111769366806, "spark.executor.instances": 7.96640496580487, "spark.executor.memory": 5.746565477225529, "spark.executor.memoryOverhead": 488.4946811584068, "spark.kryoserializer.buffer": 38.16284008038907, "spark.kryoserializer.buffer.max": 53.855390417698715, "spark.locality.wait": 7.248396837010677, "spark.maxRemoteBlockSizeFetchToMem": 1260867599.6761127, "spark.memory.fraction": 0.5295025636595622, "spark.memory.offHeap.enabled": 0.6028178573951437, "spark.memory.offHeap.size": 796.9354417323062, "spark.memory.storageFraction": 0.5166450835540305, "spark.rdd.compress": 0.05660480488589992, "spark.reducer.maxBlocksInFlightPerAddress": 1559536213.845821, "spark.reducer.maxReqsInFlight": 2120519831.5842957, "spark.reducer.maxSizeInFlight": 25.065152265285356, "spark.scheduler.mode": 0.9825403895466335, "spark.scheduler.revive.interval": 604.7039286134144, "spark.shuffle.compress": 0.4515049105918544, "spark.shuffle.file.buffer": 18.135118124040464, "spark.shuffle.io.numConnectionsPerPeer": 1.7502699025193933, "spark.shuffle.sort.bypassMergeThreshold": 274.94255842428834, "spark.storage.memoryFraction": 0.6998530024931436, "spark.storage.memoryMapThreshold": 3.855776564159668}, "datetime": {"datetime": "2022-02-01 01:21:09", "elapsed": 10581.747704, "delta": 171.105207}}
{"target": -172.225, "params": {"spark.broadcast.blockSize": 53.645063561019285, "spark.broadcast.checksum": 0.46401074309474855, "spark.broadcast.compress": 0.3209979926254177, "spark.default.parallelism": 409.64305751909836, "spark.executor.cores": 3.974270814771584, "spark.executor.instances": 7.707982634479519, "spark.executor.memory": 6.093545945446862, "spark.executor.memoryOverhead": 690.920333674834, "spark.kryoserializer.buffer": 120.03587071352186, "spark.kryoserializer.buffer.max": 120.5839173727472, "spark.locality.wait": 9.726348691904764, "spark.maxRemoteBlockSizeFetchToMem": 1165384048.128264, "spark.memory.fraction": 0.6176114592240112, "spark.memory.offHeap.enabled": 0.2869678168999775, "spark.memory.offHeap.size": 903.1385162495448, "spark.memory.storageFraction": 0.8218271537608319, "spark.rdd.compress": 0.9183274575742567, "spark.reducer.maxBlocksInFlightPerAddress": 1913273820.5850894, "spark.reducer.maxReqsInFlight": 1957161642.5856476, "spark.reducer.maxSizeInFlight": 29.354076388447147, "spark.scheduler.mode": 0.6478216365661336, "spark.scheduler.revive.interval": 772.9123162977055, "spark.shuffle.compress": 0.46387371365322383, "spark.shuffle.file.buffer": 24.623837903311763, "spark.shuffle.io.numConnectionsPerPeer": 3.2769306919885914, "spark.shuffle.sort.bypassMergeThreshold": 305.154477989791, "spark.storage.memoryFraction": 0.522842141374927, "spark.storage.memoryMapThreshold": 2.7293335306343236}, "datetime": {"datetime": "2022-02-01 01:24:10", "elapsed": 10762.960158, "delta": 181.212454}}
{"target": -159.535, "params": {"spark.broadcast.blockSize": 53.916321598993676, "spark.broadcast.checksum": 0.2052458983521751, "spark.broadcast.compress": 0.6877873645916273, "spark.default.parallelism": 338.9907767907002, "spark.executor.cores": 3.9546421175917836, "spark.executor.instances": 7.899808820962474, "spark.executor.memory": 6.178861174549117, "spark.executor.memoryOverhead": 866.3295250432952, "spark.kryoserializer.buffer": 63.64725362790008, "spark.kryoserializer.buffer.max": 68.74826249419462, "spark.locality.wait": 8.352609877816288, "spark.maxRemoteBlockSizeFetchToMem": 1298776406.3158278, "spark.memory.fraction": 0.5342481303555504, "spark.memory.offHeap.enabled": 0.5788331518177015, "spark.memory.offHeap.size": 555.7202261382436, "spark.memory.storageFraction": 0.7324130723408494, "spark.rdd.compress": 0.4520897129505892, "spark.reducer.maxBlocksInFlightPerAddress": 1830217570.9846148, "spark.reducer.maxReqsInFlight": 1975511072.4586275, "spark.reducer.maxSizeInFlight": 36.109212343905924, "spark.scheduler.mode": 0.9812311352984248, "spark.scheduler.revive.interval": 899.1116959368715, "spark.shuffle.compress": 0.36071937652015096, "spark.shuffle.file.buffer": 18.538406012221916, "spark.shuffle.io.numConnectionsPerPeer": 1.890415891472463, "spark.shuffle.sort.bypassMergeThreshold": 345.66172804027497, "spark.storage.memoryFraction": 0.5839698470192226, "spark.storage.memoryMapThreshold": 3.914550536020735}, "datetime": {"datetime": "2022-02-01 01:26:59", "elapsed": 10931.407994, "delta": 168.447836}}
