{"target": -168.674, "params": {"spark.broadcast.blockSize": 52.204423234266244, "spark.broadcast.checksum": 0.25993571341684374, "spark.broadcast.compress": 0.4190422051728415, "spark.default.parallelism": 206.95261109103288, "spark.executor.cores": 3.8676476272235427, "spark.executor.instances": 7.261585428952561, "spark.executor.memory": 3.885617539383028, "spark.executor.memoryOverhead": 454.940822520412, "spark.kryoserializer.buffer": 52.14926809594333, "spark.kryoserializer.buffer.max": 57.384566110359756, "spark.locality.wait": 9.58665412710603, "spark.maxRemoteBlockSizeFetchToMem": 1459589266.361789, "spark.memory.fraction": 0.8650533879932825, "spark.memory.offHeap.enabled": 0.42228138550307504, "spark.memory.offHeap.size": 643.0867851251039, "spark.memory.storageFraction": 0.6498784995117295, "spark.rdd.compress": 0.05252523003326526, "spark.reducer.maxBlocksInFlightPerAddress": 1764758196.4882884, "spark.reducer.maxReqsInFlight": 2061085320.0310714, "spark.reducer.maxSizeInFlight": 69.39166751889461, "spark.scheduler.mode": 0.6637997478926583, "spark.scheduler.revive.interval": 625.2750265059184, "spark.shuffle.compress": 0.30550570987021275, "spark.shuffle.file.buffer": 24.550329063790922, "spark.shuffle.io.numConnectionsPerPeer": 4.58291272836081, "spark.shuffle.sort.bypassMergeThreshold": 295.47394805350825, "spark.storage.memoryFraction": 0.7129809755982887, "spark.storage.memoryMapThreshold": 2.3228808700976638}, "datetime": {"datetime": "2022-02-01 10:15:16", "elapsed": 42628.420179, "delta": 177.794422}}
{"target": -171.032, "params": {"spark.broadcast.blockSize": 56.95424276795433, "spark.broadcast.checksum": 0.765290643761638, "spark.broadcast.compress": 0.6471545059496586, "spark.default.parallelism": 201.76182815424943, "spark.executor.cores": 3.712995956182435, "spark.executor.instances": 6.975491700995915, "spark.executor.memory": 5.072543086876973, "spark.executor.memoryOverhead": 569.0644645537316, "spark.kryoserializer.buffer": 33.49398262575472, "spark.kryoserializer.buffer.max": 62.774613801684396, "spark.locality.wait": 4.138052895154241, "spark.maxRemoteBlockSizeFetchToMem": 1621091212.4299412, "spark.memory.fraction": 0.6457586669688186, "spark.memory.offHeap.enabled": 0.30579435114501796, "spark.memory.offHeap.size": 792.2639021346774, "spark.memory.storageFraction": 0.7582142547089679, "spark.rdd.compress": 0.4067498020816882, "spark.reducer.maxBlocksInFlightPerAddress": 1957113840.0677152, "spark.reducer.maxReqsInFlight": 2052290456.5513082, "spark.reducer.maxSizeInFlight": 31.205934445123756, "spark.scheduler.mode": 0.7106176548805637, "spark.scheduler.revive.interval": 517.0896422131367, "spark.shuffle.compress": 0.31832954677087877, "spark.shuffle.file.buffer": 41.93970141548374, "spark.shuffle.io.numConnectionsPerPeer": 3.905278853119952, "spark.shuffle.sort.bypassMergeThreshold": 331.92502315200437, "spark.storage.memoryFraction": 0.532198189239449, "spark.storage.memoryMapThreshold": 3.0392209567163047}, "datetime": {"datetime": "2022-02-01 10:18:16", "elapsed": 42808.634433, "delta": 180.214254}}
{"target": -161.937, "params": {"spark.broadcast.blockSize": 51.777577320547366, "spark.broadcast.checksum": 0.5449464117616466, "spark.broadcast.compress": 0.9219693654645842, "spark.default.parallelism": 243.8356352426179, "spark.executor.cores": 3.622660532917842, "spark.executor.instances": 7.90282742219263, "spark.executor.memory": 3.498500511373591, "spark.executor.memoryOverhead": 468.09052453413557, "spark.kryoserializer.buffer": 37.642571825640246, "spark.kryoserializer.buffer.max": 32.65274029697615, "spark.locality.wait": 7.01426196195433, "spark.maxRemoteBlockSizeFetchToMem": 1862308462.0423293, "spark.memory.fraction": 0.70460267526486, "spark.memory.offHeap.enabled": 0.7562302009659421, "spark.memory.offHeap.size": 812.2961212849366, "spark.memory.storageFraction": 0.5503682193849673, "spark.rdd.compress": 0.5983709130808931, "spark.reducer.maxBlocksInFlightPerAddress": 1594265800.1206045, "spark.reducer.maxReqsInFlight": 1668442224.0256095, "spark.reducer.maxSizeInFlight": 43.86252742590415, "spark.scheduler.mode": 0.9997250823303854, "spark.scheduler.revive.interval": 547.4615072552378, "spark.shuffle.compress": 0.29295729193215414, "spark.shuffle.file.buffer": 34.95372974259045, "spark.shuffle.io.numConnectionsPerPeer": 4.599422776265591, "spark.shuffle.sort.bypassMergeThreshold": 287.58168354067357, "spark.storage.memoryFraction": 0.7708076578238952, "spark.storage.memoryMapThreshold": 3.4867194196660614}, "datetime": {"datetime": "2022-02-01 10:21:07", "elapsed": 42979.503273, "delta": 170.86884}}
{"target": -156.599, "params": {"spark.broadcast.blockSize": 49.19867062495941, "spark.broadcast.checksum": 0.17615879943025703, "spark.broadcast.compress": 0.8977093876204983, "spark.default.parallelism": 306.99311356477597, "spark.executor.cores": 3.661307060491013, "spark.executor.instances": 7.823150794675174, "spark.executor.memory": 5.541654191265172, "spark.executor.memoryOverhead": 565.822831828988, "spark.kryoserializer.buffer": 66.79167383759308, "spark.kryoserializer.buffer.max": 35.975815725066745, "spark.locality.wait": 5.087932035611893, "spark.maxRemoteBlockSizeFetchToMem": 1546498600.4441342, "spark.memory.fraction": 0.6992108358462577, "spark.memory.offHeap.enabled": 0.29077224405135993, "spark.memory.offHeap.size": 802.9569944864347, "spark.memory.storageFraction": 0.5716279388617918, "spark.rdd.compress": 0.32914294707592906, "spark.reducer.maxBlocksInFlightPerAddress": 1789991159.3164296, "spark.reducer.maxReqsInFlight": 1327417061.3371217, "spark.reducer.maxSizeInFlight": 42.87249416194139, "spark.scheduler.mode": 0.680225538823711, "spark.scheduler.revive.interval": 648.0713679139382, "spark.shuffle.compress": 0.35516627153385405, "spark.shuffle.file.buffer": 45.96676549921841, "spark.shuffle.io.numConnectionsPerPeer": 4.657713461978356, "spark.shuffle.sort.bypassMergeThreshold": 330.53391568816573, "spark.storage.memoryFraction": 0.6275722587938745, "spark.storage.memoryMapThreshold": 2.289710075144893}, "datetime": {"datetime": "2022-02-01 10:23:53", "elapsed": 43145.398075, "delta": 165.894802}}
{"target": -150.201, "params": {"spark.broadcast.blockSize": 52.43501957703188, "spark.broadcast.checksum": 0.18226985578524724, "spark.broadcast.compress": 0.9178280334349235, "spark.default.parallelism": 205.31004036941576, "spark.executor.cores": 3.926917664185915, "spark.executor.instances": 7.468177186941997, "spark.executor.memory": 5.938876176584969, "spark.executor.memoryOverhead": 565.9076938835542, "spark.kryoserializer.buffer": 120.58415690047477, "spark.kryoserializer.buffer.max": 106.88061185695852, "spark.locality.wait": 8.617162034185355, "spark.maxRemoteBlockSizeFetchToMem": 1407615046.8052738, "spark.memory.fraction": 0.6992436415272447, "spark.memory.offHeap.enabled": 0.6634331492175309, "spark.memory.offHeap.size": 576.2243048694677, "spark.memory.storageFraction": 0.5348974172904551, "spark.rdd.compress": 0.4609378628249803, "spark.reducer.maxBlocksInFlightPerAddress": 2133666258.5066915, "spark.reducer.maxReqsInFlight": 1333567052.72087, "spark.reducer.maxSizeInFlight": 36.86996860808439, "spark.scheduler.mode": 0.46478013791452855, "spark.scheduler.revive.interval": 506.88897491901434, "spark.shuffle.compress": 0.5852187041897539, "spark.shuffle.file.buffer": 21.11850632250214, "spark.shuffle.io.numConnectionsPerPeer": 4.148385708175981, "spark.shuffle.sort.bypassMergeThreshold": 209.75779350765328, "spark.storage.memoryFraction": 0.6386346225399393, "spark.storage.memoryMapThreshold": 3.795309027638639}, "datetime": {"datetime": "2022-02-01 10:26:32", "elapsed": 43304.546376, "delta": 159.148301}}
{"target": -156.417, "params": {"spark.broadcast.blockSize": 50.82702601133499, "spark.broadcast.checksum": 0.3902351607043225, "spark.broadcast.compress": 0.9659224927382959, "spark.default.parallelism": 366.104721745187, "spark.executor.cores": 3.7260316818276245, "spark.executor.instances": 7.760956308133385, "spark.executor.memory": 6.416094325034166, "spark.executor.memoryOverhead": 589.4147615598964, "spark.kryoserializer.buffer": 82.65946642072353, "spark.kryoserializer.buffer.max": 60.90091461722961, "spark.locality.wait": 5.952262191004163, "spark.maxRemoteBlockSizeFetchToMem": 1812068343.2463493, "spark.memory.fraction": 0.6026447606444065, "spark.memory.offHeap.enabled": 0.40384848967786857, "spark.memory.offHeap.size": 729.6535929890237, "spark.memory.storageFraction": 0.7229552752203894, "spark.rdd.compress": 0.3163338466022261, "spark.reducer.maxBlocksInFlightPerAddress": 1805421327.0245502, "spark.reducer.maxReqsInFlight": 1127004990.6173398, "spark.reducer.maxSizeInFlight": 30.430939639873017, "spark.scheduler.mode": 0.7064983771103825, "spark.scheduler.revive.interval": 730.8181751144347, "spark.shuffle.compress": 0.14048561253514047, "spark.shuffle.file.buffer": 33.45285978967408, "spark.shuffle.io.numConnectionsPerPeer": 4.562918953847159, "spark.shuffle.sort.bypassMergeThreshold": 261.29180095329843, "spark.storage.memoryFraction": 0.5234783059577871, "spark.storage.memoryMapThreshold": 2.7694186327546064}, "datetime": {"datetime": "2022-02-01 10:29:17", "elapsed": 43470.022144, "delta": 165.475768}}
{"target": -157.436, "params": {"spark.broadcast.blockSize": 61.82357655507043, "spark.broadcast.checksum": 0.3908535013428206, "spark.broadcast.compress": 0.9294643340993147, "spark.default.parallelism": 235.60438030071424, "spark.executor.cores": 3.8279843324702, "spark.executor.instances": 7.666630684150833, "spark.executor.memory": 5.092263258714922, "spark.executor.memoryOverhead": 425.14524339549325, "spark.kryoserializer.buffer": 46.91431703548611, "spark.kryoserializer.buffer.max": 56.986694383012946, "spark.locality.wait": 7.6239321616962705, "spark.maxRemoteBlockSizeFetchToMem": 1648013934.2607427, "spark.memory.fraction": 0.6757849623636342, "spark.memory.offHeap.enabled": 0.4950227454447057, "spark.memory.offHeap.size": 933.3760589340013, "spark.memory.storageFraction": 0.6457806293530656, "spark.rdd.compress": 0.13963260673792544, "spark.reducer.maxBlocksInFlightPerAddress": 1372490168.832862, "spark.reducer.maxReqsInFlight": 1761105634.3603182, "spark.reducer.maxSizeInFlight": 48.24927117648114, "spark.scheduler.mode": 0.8004178460309269, "spark.scheduler.revive.interval": 903.7380024446586, "spark.shuffle.compress": 0.20927228708017442, "spark.shuffle.file.buffer": 29.738553316880495, "spark.shuffle.io.numConnectionsPerPeer": 4.520452599649283, "spark.shuffle.sort.bypassMergeThreshold": 282.2391010149863, "spark.storage.memoryFraction": 0.6529080499447075, "spark.storage.memoryMapThreshold": 1.8311703817468512}, "datetime": {"datetime": "2022-02-01 10:32:04", "elapsed": 43636.524035, "delta": 166.501891}}
{"target": -180.452, "params": {"spark.broadcast.blockSize": 57.05787111206951, "spark.broadcast.checksum": 0.2934091231716842, "spark.broadcast.compress": 0.8039450544884882, "spark.default.parallelism": 222.4485431020663, "spark.executor.cores": 3.985973261109197, "spark.executor.instances": 6.831384907175094, "spark.executor.memory": 6.886894266712867, "spark.executor.memoryOverhead": 504.80090150798725, "spark.kryoserializer.buffer": 63.51474024977996, "spark.kryoserializer.buffer.max": 56.01012318156802, "spark.locality.wait": 9.269601795086857, "spark.maxRemoteBlockSizeFetchToMem": 2139377963.993653, "spark.memory.fraction": 0.8178879161938304, "spark.memory.offHeap.enabled": 0.045642967358690556, "spark.memory.offHeap.size": 662.1084202721136, "spark.memory.storageFraction": 0.5759575775831666, "spark.rdd.compress": 0.7916265314427483, "spark.reducer.maxBlocksInFlightPerAddress": 2122068343.1378088, "spark.reducer.maxReqsInFlight": 1500072713.9232707, "spark.reducer.maxSizeInFlight": 49.46668937286533, "spark.scheduler.mode": 0.5234344318285724, "spark.scheduler.revive.interval": 682.7096896740043, "spark.shuffle.compress": 0.07136079947793761, "spark.shuffle.file.buffer": 22.719776446203593, "spark.shuffle.io.numConnectionsPerPeer": 4.846078065193784, "spark.shuffle.sort.bypassMergeThreshold": 343.0208918713448, "spark.storage.memoryFraction": 0.7588935197759483, "spark.storage.memoryMapThreshold": 1.9790742146085991}, "datetime": {"datetime": "2022-02-01 10:35:13", "elapsed": 43825.988716, "delta": 189.464681}}
{"target": -151.864, "params": {"spark.broadcast.blockSize": 35.345380009068954, "spark.broadcast.checksum": 0.2299031690730149, "spark.broadcast.compress": 0.8931249109563795, "spark.default.parallelism": 237.6570453722778, "spark.executor.cores": 3.8937125155926764, "spark.executor.instances": 7.358013198822496, "spark.executor.memory": 6.029825318546013, "spark.executor.memoryOverhead": 672.3362766774112, "spark.kryoserializer.buffer": 84.61503035406348, "spark.kryoserializer.buffer.max": 57.82137227050197, "spark.locality.wait": 4.1841337875772755, "spark.maxRemoteBlockSizeFetchToMem": 1716010278.844526, "spark.memory.fraction": 0.6630618050199496, "spark.memory.offHeap.enabled": 0.6504120152573873, "spark.memory.offHeap.size": 997.9245586640037, "spark.memory.storageFraction": 0.781219245907965, "spark.rdd.compress": 0.41231862452986423, "spark.reducer.maxBlocksInFlightPerAddress": 2110759524.1855054, "spark.reducer.maxReqsInFlight": 1311666951.6248956, "spark.reducer.maxSizeInFlight": 50.675955664989985, "spark.scheduler.mode": 0.7080756101572264, "spark.scheduler.revive.interval": 515.5573122049352, "spark.shuffle.compress": 0.11386006366123003, "spark.shuffle.file.buffer": 45.494022249529095, "spark.shuffle.io.numConnectionsPerPeer": 1.2832074222592165, "spark.shuffle.sort.bypassMergeThreshold": 264.6373810737739, "spark.storage.memoryFraction": 0.660790094570033, "spark.storage.memoryMapThreshold": 2.477006272322073}, "datetime": {"datetime": "2022-02-01 10:37:54", "elapsed": 43986.885077, "delta": 160.896361}}
{"target": -180.367, "params": {"spark.broadcast.blockSize": 53.342575100995106, "spark.broadcast.checksum": 0.6628855682192213, "spark.broadcast.compress": 0.6836820691676646, "spark.default.parallelism": 292.23421578703153, "spark.executor.cores": 2.987958343759805, "spark.executor.instances": 7.576330792066616, "spark.executor.memory": 6.066791062956847, "spark.executor.memoryOverhead": 504.34466703723376, "spark.kryoserializer.buffer": 109.10172952364336, "spark.kryoserializer.buffer.max": 50.25342904842812, "spark.locality.wait": 5.614397952426904, "spark.maxRemoteBlockSizeFetchToMem": 1692737510.2135084, "spark.memory.fraction": 0.5990533590548293, "spark.memory.offHeap.enabled": 0.24370894515087105, "spark.memory.offHeap.size": 942.0548057373828, "spark.memory.storageFraction": 0.6680677145770597, "spark.rdd.compress": 0.37849132884034686, "spark.reducer.maxBlocksInFlightPerAddress": 1925927684.5685284, "spark.reducer.maxReqsInFlight": 1477398486.796151, "spark.reducer.maxSizeInFlight": 45.443139118347766, "spark.scheduler.mode": 0.9029170521789005, "spark.scheduler.revive.interval": 627.6544453656006, "spark.shuffle.compress": 0.5064990011870417, "spark.shuffle.file.buffer": 40.2785895565651, "spark.shuffle.io.numConnectionsPerPeer": 3.946002806643247, "spark.shuffle.sort.bypassMergeThreshold": 289.219957193963, "spark.storage.memoryFraction": 0.6764355265148196, "spark.storage.memoryMapThreshold": 2.846502604777257}, "datetime": {"datetime": "2022-02-01 10:41:04", "elapsed": 44176.466055, "delta": 189.580978}}
{"target": -146.596, "params": {"spark.broadcast.blockSize": 41.33026765016192, "spark.broadcast.checksum": 0.6098620760421707, "spark.broadcast.compress": 0.5573393095867385, "spark.default.parallelism": 254.070663589436, "spark.executor.cores": 3.618004409958367, "spark.executor.instances": 7.272727349625054, "spark.executor.memory": 6.554435644589187, "spark.executor.memoryOverhead": 705.8908853413772, "spark.kryoserializer.buffer": 116.5369939509162, "spark.kryoserializer.buffer.max": 60.53962758367362, "spark.locality.wait": 5.085573193494998, "spark.maxRemoteBlockSizeFetchToMem": 1554506139.6964457, "spark.memory.fraction": 0.7125734135753097, "spark.memory.offHeap.enabled": 0.1643730419459073, "spark.memory.offHeap.size": 615.8760139383197, "spark.memory.storageFraction": 0.6448060146782988, "spark.rdd.compress": 0.2720049112978571, "spark.reducer.maxBlocksInFlightPerAddress": 1830211354.9651515, "spark.reducer.maxReqsInFlight": 1833568025.241502, "spark.reducer.maxSizeInFlight": 56.92510169674067, "spark.scheduler.mode": 0.6173737374670283, "spark.scheduler.revive.interval": 566.7601427184537, "spark.shuffle.compress": 0.16957046635438544, "spark.shuffle.file.buffer": 34.97634420715292, "spark.shuffle.io.numConnectionsPerPeer": 4.054486822970157, "spark.shuffle.sort.bypassMergeThreshold": 344.7273069808281, "spark.storage.memoryFraction": 0.6348238458592002, "spark.storage.memoryMapThreshold": 3.57720713541881}, "datetime": {"datetime": "2022-02-01 10:43:39", "elapsed": 44331.908476, "delta": 155.442421}}
{"target": -146.647, "params": {"spark.broadcast.blockSize": 44.82676426460551, "spark.broadcast.checksum": 0.2550293829508061, "spark.broadcast.compress": 0.25786699483439923, "spark.default.parallelism": 307.174024846642, "spark.executor.cores": 3.792721260818523, "spark.executor.instances": 6.810395366661162, "spark.executor.memory": 6.6080671586315205, "spark.executor.memoryOverhead": 492.664190444287, "spark.kryoserializer.buffer": 89.70553797283851, "spark.kryoserializer.buffer.max": 88.31892661610767, "spark.locality.wait": 4.192470961932116, "spark.maxRemoteBlockSizeFetchToMem": 1654522350.314611, "spark.memory.fraction": 0.7794465466930821, "spark.memory.offHeap.enabled": 0.20229498404090107, "spark.memory.offHeap.size": 716.6895707409037, "spark.memory.storageFraction": 0.7193234318461063, "spark.rdd.compress": 0.2797601581526272, "spark.reducer.maxBlocksInFlightPerAddress": 1644226771.2749207, "spark.reducer.maxReqsInFlight": 1658776658.5068855, "spark.reducer.maxSizeInFlight": 67.66423465637558, "spark.scheduler.mode": 0.12779509776803932, "spark.scheduler.revive.interval": 544.4621469424985, "spark.shuffle.compress": 0.1706527728399323, "spark.shuffle.file.buffer": 30.568578097624812, "spark.shuffle.io.numConnectionsPerPeer": 3.9480508116316257, "spark.shuffle.sort.bypassMergeThreshold": 319.7869353113137, "spark.storage.memoryFraction": 0.7935373841865296, "spark.storage.memoryMapThreshold": 2.9714688532984677}, "datetime": {"datetime": "2022-02-01 10:46:15", "elapsed": 44487.597294, "delta": 155.688818}}
{"target": -146.485, "params": {"spark.broadcast.blockSize": 50.45083327509588, "spark.broadcast.checksum": 0.43565009745663685, "spark.broadcast.compress": 0.8280533739599718, "spark.default.parallelism": 264.81704346791554, "spark.executor.cores": 3.8776970153850465, "spark.executor.instances": 6.781004207199683, "spark.executor.memory": 3.9793875936846774, "spark.executor.memoryOverhead": 459.8635032124626, "spark.kryoserializer.buffer": 93.55590722142242, "spark.kryoserializer.buffer.max": 62.24848407889772, "spark.locality.wait": 6.508063992314178, "spark.maxRemoteBlockSizeFetchToMem": 1662542457.3325253, "spark.memory.fraction": 0.8779800792508115, "spark.memory.offHeap.enabled": 0.1275215802736518, "spark.memory.offHeap.size": 717.2634714213622, "spark.memory.storageFraction": 0.7744126662869046, "spark.rdd.compress": 0.4763422436972279, "spark.reducer.maxBlocksInFlightPerAddress": 1328738620.5184288, "spark.reducer.maxReqsInFlight": 1116763423.7747087, "spark.reducer.maxSizeInFlight": 47.42296112920687, "spark.scheduler.mode": 0.48119735415178777, "spark.scheduler.revive.interval": 551.3532817264866, "spark.shuffle.compress": 0.452053716855621, "spark.shuffle.file.buffer": 39.7321576269368, "spark.shuffle.io.numConnectionsPerPeer": 2.5293649738484825, "spark.shuffle.sort.bypassMergeThreshold": 239.5819734626062, "spark.storage.memoryFraction": 0.7630131641834319, "spark.storage.memoryMapThreshold": 1.974073028258791}, "datetime": {"datetime": "2022-02-01 10:48:51", "elapsed": 44643.065697, "delta": 155.468403}}
{"target": -163.156, "params": {"spark.broadcast.blockSize": 48.87423133154793, "spark.broadcast.checksum": 0.35290002240822815, "spark.broadcast.compress": 0.9583740410030052, "spark.default.parallelism": 342.4284744592626, "spark.executor.cores": 3.5443866039528817, "spark.executor.instances": 7.810029808858032, "spark.executor.memory": 5.947543369095804, "spark.executor.memoryOverhead": 444.46190309392415, "spark.kryoserializer.buffer": 58.14573154409104, "spark.kryoserializer.buffer.max": 68.30071117857639, "spark.locality.wait": 6.875899169978091, "spark.maxRemoteBlockSizeFetchToMem": 1956122771.7835145, "spark.memory.fraction": 0.8283251706584879, "spark.memory.offHeap.enabled": 0.6441232598416916, "spark.memory.offHeap.size": 739.8954577192089, "spark.memory.storageFraction": 0.7099222749975769, "spark.rdd.compress": 0.3539110614746086, "spark.reducer.maxBlocksInFlightPerAddress": 1239538491.7144957, "spark.reducer.maxReqsInFlight": 1909358264.403269, "spark.reducer.maxSizeInFlight": 57.530415432439455, "spark.scheduler.mode": 0.303722055949907, "spark.scheduler.revive.interval": 523.8708424099607, "spark.shuffle.compress": 0.31020132033950776, "spark.shuffle.file.buffer": 36.692147026813714, "spark.shuffle.io.numConnectionsPerPeer": 4.743301760506247, "spark.shuffle.sort.bypassMergeThreshold": 308.4200196329076, "spark.storage.memoryFraction": 0.791998523312417, "spark.storage.memoryMapThreshold": 3.663422416233258}, "datetime": {"datetime": "2022-02-01 10:51:43", "elapsed": 44815.487225, "delta": 172.421528}}
