{"target": -161.91, "params": {"spark.broadcast.blockSize": 57.76841818375176, "spark.broadcast.checksum": 0.5121092959490507, "spark.broadcast.compress": 0.7383958361713867, "spark.default.parallelism": 325.37185518114995, "spark.executor.cores": 3.91508578601338, "spark.executor.instances": 7.777640821404859, "spark.executor.memory": 6.963515641324994, "spark.executor.memoryOverhead": 414.7371422531058, "spark.kryoserializer.buffer": 47.27983058996327, "spark.kryoserializer.buffer.max": 76.61164185771362, "spark.locality.wait": 9.141510772072937, "spark.maxRemoteBlockSizeFetchToMem": 1509718572.5621338, "spark.memory.fraction": 0.6363569030974765, "spark.memory.offHeap.enabled": 0.7232512190886354, "spark.memory.offHeap.size": 994.3357457084371, "spark.memory.storageFraction": 0.5469984910294985, "spark.rdd.compress": 0.6679480325221399, "spark.reducer.maxBlocksInFlightPerAddress": 1775173391.9573848, "spark.reducer.maxReqsInFlight": 1208766203.6396787, "spark.reducer.maxSizeInFlight": 30.28929722507555, "spark.scheduler.mode": 0.5335855456595803, "spark.scheduler.revive.interval": 633.7025359367569, "spark.shuffle.compress": 0.2323040597744379, "spark.shuffle.file.buffer": 30.743040565139633, "spark.shuffle.io.numConnectionsPerPeer": 2.421516205518051, "spark.shuffle.sort.bypassMergeThreshold": 254.62103047446982, "spark.storage.memoryFraction": 0.5556955391882024, "spark.storage.memoryMapThreshold": 3.357041502641459}, "datetime": {"datetime": "2022-02-01 04:13:23", "elapsed": 20915.256578, "delta": 171.025217}}
{"target": -154.135, "params": {"spark.broadcast.blockSize": 45.47589316013569, "spark.broadcast.checksum": 0.08540449061544164, "spark.broadcast.compress": 0.800340020738393, "spark.default.parallelism": 243.92887330543718, "spark.executor.cores": 3.588786772545864, "spark.executor.instances": 7.813753021958011, "spark.executor.memory": 5.933908089111963, "spark.executor.memoryOverhead": 516.5407609971445, "spark.kryoserializer.buffer": 75.91601894083121, "spark.kryoserializer.buffer.max": 80.20796775307241, "spark.locality.wait": 5.835050463615299, "spark.maxRemoteBlockSizeFetchToMem": 1199196832.906976, "spark.memory.fraction": 0.5178446165183521, "spark.memory.offHeap.enabled": 0.1888756381282195, "spark.memory.offHeap.size": 679.7209761779305, "spark.memory.storageFraction": 0.7318257585814473, "spark.rdd.compress": 0.6625657264149022, "spark.reducer.maxBlocksInFlightPerAddress": 1983082205.0799234, "spark.reducer.maxReqsInFlight": 1365674035.3667917, "spark.reducer.maxSizeInFlight": 49.37957224920594, "spark.scheduler.mode": 0.4771048897589295, "spark.scheduler.revive.interval": 508.0826967144591, "spark.shuffle.compress": 0.9961482187802428, "spark.shuffle.file.buffer": 25.907721812460565, "spark.shuffle.io.numConnectionsPerPeer": 4.243122661651203, "spark.shuffle.sort.bypassMergeThreshold": 289.22567305337725, "spark.storage.memoryFraction": 0.6538196731170068, "spark.storage.memoryMapThreshold": 2.6947563419440352}, "datetime": {"datetime": "2022-02-01 04:16:06", "elapsed": 21078.44875, "delta": 163.192172}}
{"target": -168.788, "params": {"spark.broadcast.blockSize": 57.58196497740039, "spark.broadcast.checksum": 0.07402115889724492, "spark.broadcast.compress": 0.6611772351685534, "spark.default.parallelism": 225.33130032087445, "spark.executor.cores": 3.717123412823635, "spark.executor.instances": 7.652685535484816, "spark.executor.memory": 6.408027544659133, "spark.executor.memoryOverhead": 404.5145748391763, "spark.kryoserializer.buffer": 54.7141339692818, "spark.kryoserializer.buffer.max": 53.25237610794414, "spark.locality.wait": 6.861053513659309, "spark.maxRemoteBlockSizeFetchToMem": 1816819907.2132945, "spark.memory.fraction": 0.5190921534404213, "spark.memory.offHeap.enabled": 0.6669554206217386, "spark.memory.offHeap.size": 988.2971366471031, "spark.memory.storageFraction": 0.6851650005661973, "spark.rdd.compress": 0.7303277807969947, "spark.reducer.maxBlocksInFlightPerAddress": 1257755438.9173703, "spark.reducer.maxReqsInFlight": 1936590864.942749, "spark.reducer.maxSizeInFlight": 37.61166029087172, "spark.scheduler.mode": 0.38017278377953145, "spark.scheduler.revive.interval": 548.6355959608729, "spark.shuffle.compress": 0.7915701456104516, "spark.shuffle.file.buffer": 41.61080847203711, "spark.shuffle.io.numConnectionsPerPeer": 4.355176903866258, "spark.shuffle.sort.bypassMergeThreshold": 254.6611574466767, "spark.storage.memoryFraction": 0.645959269845171, "spark.storage.memoryMapThreshold": 2.872641107212301}, "datetime": {"datetime": "2022-02-01 04:19:04", "elapsed": 21256.115055, "delta": 177.666305}}
{"target": -151.417, "params": {"spark.broadcast.blockSize": 59.606029027177094, "spark.broadcast.checksum": 0.06779572446956428, "spark.broadcast.compress": 0.652383747990954, "spark.default.parallelism": 205.66974026208806, "spark.executor.cores": 3.552816214764091, "spark.executor.instances": 7.615388551733744, "spark.executor.memory": 4.046026644301415, "spark.executor.memoryOverhead": 409.77052348385155, "spark.kryoserializer.buffer": 50.45072336698928, "spark.kryoserializer.buffer.max": 37.39410471993775, "spark.locality.wait": 8.3292674219111, "spark.maxRemoteBlockSizeFetchToMem": 1732041353.2404423, "spark.memory.fraction": 0.6663043853457928, "spark.memory.offHeap.enabled": 0.42606572294338296, "spark.memory.offHeap.size": 840.7567841035589, "spark.memory.storageFraction": 0.6315605516398214, "spark.rdd.compress": 0.3504548694831203, "spark.reducer.maxBlocksInFlightPerAddress": 1419904317.1527085, "spark.reducer.maxReqsInFlight": 1822502888.3024435, "spark.reducer.maxSizeInFlight": 30.365450632939048, "spark.scheduler.mode": 0.10276906555029741, "spark.scheduler.revive.interval": 748.6632171844267, "spark.shuffle.compress": 0.5856211697164668, "spark.shuffle.file.buffer": 29.32223482847718, "spark.shuffle.io.numConnectionsPerPeer": 4.459507043197496, "spark.shuffle.sort.bypassMergeThreshold": 342.49889416634227, "spark.storage.memoryFraction": 0.8336509670499543, "spark.storage.memoryMapThreshold": 2.4139389329891783}, "datetime": {"datetime": "2022-02-01 04:21:44", "elapsed": 21416.512928, "delta": 160.397873}}
{"target": -188.795, "params": {"spark.broadcast.blockSize": 44.83571091995872, "spark.broadcast.checksum": 0.5998140903560621, "spark.broadcast.compress": 0.7107304081963614, "spark.default.parallelism": 350.9245290108881, "spark.executor.cores": 3.9484531391742284, "spark.executor.instances": 7.077043710049363, "spark.executor.memory": 6.978255942737502, "spark.executor.memoryOverhead": 431.28613077322, "spark.kryoserializer.buffer": 63.83003158365723, "spark.kryoserializer.buffer.max": 40.30195302238076, "spark.locality.wait": 8.917992771758712, "spark.maxRemoteBlockSizeFetchToMem": 1242098123.7481866, "spark.memory.fraction": 0.5733879978439702, "spark.memory.offHeap.enabled": 0.7903169639058998, "spark.memory.offHeap.size": 795.4492183246549, "spark.memory.storageFraction": 0.6401770383078091, "spark.rdd.compress": 0.2454117195039638, "spark.reducer.maxBlocksInFlightPerAddress": 1913628776.2279592, "spark.reducer.maxReqsInFlight": 1370470289.8541296, "spark.reducer.maxSizeInFlight": 28.836921112468197, "spark.scheduler.mode": 0.1453511856490779, "spark.scheduler.revive.interval": 642.6644263326804, "spark.shuffle.compress": 0.9310535673639603, "spark.shuffle.file.buffer": 41.62226597316168, "spark.shuffle.io.numConnectionsPerPeer": 3.802626252087266, "spark.shuffle.sort.bypassMergeThreshold": 304.90417801454737, "spark.storage.memoryFraction": 0.5893555901334052, "spark.storage.memoryMapThreshold": 3.7960592021913655}, "datetime": {"datetime": "2022-02-01 04:25:02", "elapsed": 21614.272142, "delta": 197.759214}}
{"target": -157.822, "params": {"spark.broadcast.blockSize": 62.61270617340516, "spark.broadcast.checksum": 0.4638250958436032, "spark.broadcast.compress": 0.5298029612526652, "spark.default.parallelism": 338.4041986292739, "spark.executor.cores": 3.8431045670448496, "spark.executor.instances": 7.86033884456584, "spark.executor.memory": 3.9708001379903743, "spark.executor.memoryOverhead": 422.62258429772976, "spark.kryoserializer.buffer": 32.41969179759559, "spark.kryoserializer.buffer.max": 96.18363575688204, "spark.locality.wait": 4.252666072584594, "spark.maxRemoteBlockSizeFetchToMem": 1791450779.2792683, "spark.memory.fraction": 0.5213251292585006, "spark.memory.offHeap.enabled": 0.2539814329847263, "spark.memory.offHeap.size": 559.3984222511197, "spark.memory.storageFraction": 0.7999768777225938, "spark.rdd.compress": 0.05159845462501844, "spark.reducer.maxBlocksInFlightPerAddress": 1333750830.9666302, "spark.reducer.maxReqsInFlight": 1742348235.567474, "spark.reducer.maxSizeInFlight": 25.323913031690147, "spark.scheduler.mode": 0.11867141984438168, "spark.scheduler.revive.interval": 620.8831757843795, "spark.shuffle.compress": 0.5027589242528578, "spark.shuffle.file.buffer": 25.839785948801218, "spark.shuffle.io.numConnectionsPerPeer": 4.947728240840236, "spark.shuffle.sort.bypassMergeThreshold": 315.0486639871179, "spark.storage.memoryFraction": 0.5139818924541196, "spark.storage.memoryMapThreshold": 1.2468914232734183}, "datetime": {"datetime": "2022-02-01 04:27:49", "elapsed": 21781.168483, "delta": 166.896341}}
{"target": -163.481, "params": {"spark.broadcast.blockSize": 48.02661664559327, "spark.broadcast.checksum": 0.0735801886386298, "spark.broadcast.compress": 0.7966922829094297, "spark.default.parallelism": 272.00761235419475, "spark.executor.cores": 3.6937239543035645, "spark.executor.instances": 7.7946866235715575, "spark.executor.memory": 3.7711752211458864, "spark.executor.memoryOverhead": 469.30839032415, "spark.kryoserializer.buffer": 70.26512472573754, "spark.kryoserializer.buffer.max": 60.48207423476616, "spark.locality.wait": 7.371216578096658, "spark.maxRemoteBlockSizeFetchToMem": 1542461772.1099873, "spark.memory.fraction": 0.5922634235590909, "spark.memory.offHeap.enabled": 0.042049409993868636, "spark.memory.offHeap.size": 913.1944728059791, "spark.memory.storageFraction": 0.5386646843090352, "spark.rdd.compress": 0.07851586288608059, "spark.reducer.maxBlocksInFlightPerAddress": 1938170351.0874515, "spark.reducer.maxReqsInFlight": 1223234259.668066, "spark.reducer.maxSizeInFlight": 39.196461019826764, "spark.scheduler.mode": 0.6000752791074524, "spark.scheduler.revive.interval": 694.3381354417974, "spark.shuffle.compress": 0.32620197084775615, "spark.shuffle.file.buffer": 17.570412343594015, "spark.shuffle.io.numConnectionsPerPeer": 4.962877118771082, "spark.shuffle.sort.bypassMergeThreshold": 284.072035307462, "spark.storage.memoryFraction": 0.6559514180750504, "spark.storage.memoryMapThreshold": 1.8749804876596348}, "datetime": {"datetime": "2022-02-01 04:30:41", "elapsed": 21953.560814, "delta": 172.392331}}
{"target": -158.309, "params": {"spark.broadcast.blockSize": 55.913540374156106, "spark.broadcast.checksum": 0.10402308192849885, "spark.broadcast.compress": 0.8388489824213563, "spark.default.parallelism": 381.25337055822035, "spark.executor.cores": 3.967931495934408, "spark.executor.instances": 7.8236168453951125, "spark.executor.memory": 5.251991167193764, "spark.executor.memoryOverhead": 414.1648683364128, "spark.kryoserializer.buffer": 64.7367210193699, "spark.kryoserializer.buffer.max": 48.25359645343449, "spark.locality.wait": 7.087684496898862, "spark.maxRemoteBlockSizeFetchToMem": 1665400926.4000661, "spark.memory.fraction": 0.5070502235319861, "spark.memory.offHeap.enabled": 0.7653320344340745, "spark.memory.offHeap.size": 653.0302557112952, "spark.memory.storageFraction": 0.5706880687346572, "spark.rdd.compress": 0.15464949196101696, "spark.reducer.maxBlocksInFlightPerAddress": 1565168686.1287155, "spark.reducer.maxReqsInFlight": 1850428383.7615113, "spark.reducer.maxSizeInFlight": 37.86650147264403, "spark.scheduler.mode": 0.5282985260691323, "spark.scheduler.revive.interval": 679.2734753459447, "spark.shuffle.compress": 0.5949510733042386, "spark.shuffle.file.buffer": 25.373847501379313, "spark.shuffle.io.numConnectionsPerPeer": 4.954891873310727, "spark.shuffle.sort.bypassMergeThreshold": 312.65155679479244, "spark.storage.memoryFraction": 0.6717009666630308, "spark.storage.memoryMapThreshold": 1.2811905472484137}, "datetime": {"datetime": "2022-02-01 04:33:28", "elapsed": 22120.803328, "delta": 167.242514}}
{"target": -158.254, "params": {"spark.broadcast.blockSize": 35.17508127945557, "spark.broadcast.checksum": 0.3698552204609069, "spark.broadcast.compress": 0.6151164741025915, "spark.default.parallelism": 302.373986889556, "spark.executor.cores": 3.900318814371367, "spark.executor.instances": 7.865937707172105, "spark.executor.memory": 5.306877718479644, "spark.executor.memoryOverhead": 486.0956526911061, "spark.kryoserializer.buffer": 87.85970165566715, "spark.kryoserializer.buffer.max": 58.28303426855983, "spark.locality.wait": 6.7816595263972586, "spark.maxRemoteBlockSizeFetchToMem": 2133814834.9678044, "spark.memory.fraction": 0.6507534594052985, "spark.memory.offHeap.enabled": 0.23639617290820403, "spark.memory.offHeap.size": 566.721423945095, "spark.memory.storageFraction": 0.6845725628993803, "spark.rdd.compress": 0.08675080502787702, "spark.reducer.maxBlocksInFlightPerAddress": 1971200853.904365, "spark.reducer.maxReqsInFlight": 1896685979.755176, "spark.reducer.maxSizeInFlight": 39.91731134220649, "spark.scheduler.mode": 0.03012600928916087, "spark.scheduler.revive.interval": 579.4490324670016, "spark.shuffle.compress": 0.812297413615068, "spark.shuffle.file.buffer": 30.60512071667422, "spark.shuffle.io.numConnectionsPerPeer": 4.5842343009515965, "spark.shuffle.sort.bypassMergeThreshold": 303.52636567763625, "spark.storage.memoryFraction": 0.5733794610902756, "spark.storage.memoryMapThreshold": 2.8305349528969685}, "datetime": {"datetime": "2022-02-01 04:36:15", "elapsed": 22288.003026, "delta": 167.199698}}
{"target": -157.65, "params": {"spark.broadcast.blockSize": 54.7277557338938, "spark.broadcast.checksum": 0.8934795809942815, "spark.broadcast.compress": 0.8649500093379024, "spark.default.parallelism": 441.5343549825727, "spark.executor.cores": 3.963531353489679, "spark.executor.instances": 7.724321847375997, "spark.executor.memory": 4.152322885491913, "spark.executor.memoryOverhead": 486.5745750253789, "spark.kryoserializer.buffer": 83.5245641608559, "spark.kryoserializer.buffer.max": 64.34615912593297, "spark.locality.wait": 8.402951084248844, "spark.maxRemoteBlockSizeFetchToMem": 1624175154.152736, "spark.memory.fraction": 0.6663977869831521, "spark.memory.offHeap.enabled": 0.9141632782060911, "spark.memory.offHeap.size": 698.1375718239108, "spark.memory.storageFraction": 0.855894271952085, "spark.rdd.compress": 0.4836347204021054, "spark.reducer.maxBlocksInFlightPerAddress": 2038373878.1284103, "spark.reducer.maxReqsInFlight": 1937790040.4999042, "spark.reducer.maxSizeInFlight": 31.105469440871744, "spark.scheduler.mode": 0.5019501249875269, "spark.scheduler.revive.interval": 598.2770050515644, "spark.shuffle.compress": 0.4323268126300206, "spark.shuffle.file.buffer": 34.70684453435038, "spark.shuffle.io.numConnectionsPerPeer": 1.6901405868374355, "spark.shuffle.sort.bypassMergeThreshold": 315.3430093074637, "spark.storage.memoryFraction": 0.6109611792008385, "spark.storage.memoryMapThreshold": 2.76703313549545}, "datetime": {"datetime": "2022-02-01 04:39:02", "elapsed": 22454.737757, "delta": 166.734731}}
{"target": -164.579, "params": {"spark.broadcast.blockSize": 60.741850883326634, "spark.broadcast.checksum": 0.10015145487791044, "spark.broadcast.compress": 0.5907049102841636, "spark.default.parallelism": 263.2573593195481, "spark.executor.cores": 3.9914661732860734, "spark.executor.instances": 7.7502656028014325, "spark.executor.memory": 5.777401415488082, "spark.executor.memoryOverhead": 595.4470793613618, "spark.kryoserializer.buffer": 79.08851225216361, "spark.kryoserializer.buffer.max": 72.87916420653022, "spark.locality.wait": 7.154114028569033, "spark.maxRemoteBlockSizeFetchToMem": 1642963398.9705625, "spark.memory.fraction": 0.7133950994301943, "spark.memory.offHeap.enabled": 0.3364615054824178, "spark.memory.offHeap.size": 803.7824923595526, "spark.memory.storageFraction": 0.8282625787915066, "spark.rdd.compress": 0.6762658872761077, "spark.reducer.maxBlocksInFlightPerAddress": 1692627924.2007885, "spark.reducer.maxReqsInFlight": 1764285451.1128423, "spark.reducer.maxSizeInFlight": 33.28163813037591, "spark.scheduler.mode": 0.6134014614080578, "spark.scheduler.revive.interval": 720.1279209001475, "spark.shuffle.compress": 0.5179336117021458, "spark.shuffle.file.buffer": 25.926193981363216, "spark.shuffle.io.numConnectionsPerPeer": 1.3338685099922456, "spark.shuffle.sort.bypassMergeThreshold": 290.44952416378874, "spark.storage.memoryFraction": 0.7244830224795734, "spark.storage.memoryMapThreshold": 3.375890539965949}, "datetime": {"datetime": "2022-02-01 04:41:56", "elapsed": 22628.140331, "delta": 173.402574}}
{"target": -186.158, "params": {"spark.broadcast.blockSize": 38.39511696349287, "spark.broadcast.checksum": 0.26092204789031637, "spark.broadcast.compress": 0.8999328000356989, "spark.default.parallelism": 343.00994370516685, "spark.executor.cores": 3.3875203483515763, "spark.executor.instances": 7.528839880747588, "spark.executor.memory": 3.0244306634516445, "spark.executor.memoryOverhead": 484.3359173551769, "spark.kryoserializer.buffer": 43.539253583425364, "spark.kryoserializer.buffer.max": 36.646700402136254, "spark.locality.wait": 7.230800031949439, "spark.maxRemoteBlockSizeFetchToMem": 1783213469.1925576, "spark.memory.fraction": 0.7319023242839591, "spark.memory.offHeap.enabled": 0.2874642135014259, "spark.memory.offHeap.size": 996.8505153925271, "spark.memory.storageFraction": 0.7308546368165483, "spark.rdd.compress": 0.054805799730039295, "spark.reducer.maxBlocksInFlightPerAddress": 1876826629.460488, "spark.reducer.maxReqsInFlight": 1669234528.9427195, "spark.reducer.maxSizeInFlight": 32.32647512511387, "spark.scheduler.mode": 0.3681691574882905, "spark.scheduler.revive.interval": 607.5334009212614, "spark.shuffle.compress": 0.6785242309690939, "spark.shuffle.file.buffer": 29.610731694260817, "spark.shuffle.io.numConnectionsPerPeer": 3.95934448978042, "spark.shuffle.sort.bypassMergeThreshold": 304.3040068115721, "spark.storage.memoryFraction": 0.8378597496109652, "spark.storage.memoryMapThreshold": 3.116806885119206}, "datetime": {"datetime": "2022-02-01 04:45:11", "elapsed": 22823.303603, "delta": 195.163272}}
{"target": -195.558, "params": {"spark.broadcast.blockSize": 58.733281495126235, "spark.broadcast.checksum": 0.43484192608765104, "spark.broadcast.compress": 0.545384168893229, "spark.default.parallelism": 415.67624064352697, "spark.executor.cores": 3.007975886701683, "spark.executor.instances": 7.904453630612828, "spark.executor.memory": 4.39674943235212, "spark.executor.memoryOverhead": 407.1321073674303, "spark.kryoserializer.buffer": 120.99181723094615, "spark.kryoserializer.buffer.max": 62.60907473720518, "spark.locality.wait": 9.29871391045468, "spark.maxRemoteBlockSizeFetchToMem": 1690290548.379375, "spark.memory.fraction": 0.6719442497851306, "spark.memory.offHeap.enabled": 0.5881778185054434, "spark.memory.offHeap.size": 828.6744626320215, "spark.memory.storageFraction": 0.6884911134684382, "spark.rdd.compress": 0.4719553901411856, "spark.reducer.maxBlocksInFlightPerAddress": 2062585209.3105168, "spark.reducer.maxReqsInFlight": 1819676630.1336887, "spark.reducer.maxSizeInFlight": 47.04267350980619, "spark.scheduler.mode": 0.11866060485619612, "spark.scheduler.revive.interval": 510.04566444326997, "spark.shuffle.compress": 0.7694649427899926, "spark.shuffle.file.buffer": 38.063967480526486, "spark.shuffle.io.numConnectionsPerPeer": 4.143723434255813, "spark.shuffle.sort.bypassMergeThreshold": 349.86701585507865, "spark.storage.memoryFraction": 0.6468640571353521, "spark.storage.memoryMapThreshold": 3.479141175261346}, "datetime": {"datetime": "2022-02-01 04:48:36", "elapsed": 23028.065436, "delta": 204.761833}}
{"target": -218.684, "params": {"spark.broadcast.blockSize": 57.358191361907956, "spark.broadcast.checksum": 0.26468487130742824, "spark.broadcast.compress": 0.7066610599562194, "spark.default.parallelism": 325.67209226690636, "spark.executor.cores": 3.305248906736185, "spark.executor.instances": 7.492769536389224, "spark.executor.memory": 4.282199133453097, "spark.executor.memoryOverhead": 484.70534642266716, "spark.kryoserializer.buffer": 58.9273716126431, "spark.kryoserializer.buffer.max": 59.3373013470654, "spark.locality.wait": 5.401327381302672, "spark.maxRemoteBlockSizeFetchToMem": 1628661374.6528707, "spark.memory.fraction": 0.5511858412185555, "spark.memory.offHeap.enabled": 0.21824265413422683, "spark.memory.offHeap.size": 540.779270860774, "spark.memory.storageFraction": 0.5574933128110411, "spark.rdd.compress": 0.6225075514199184, "spark.reducer.maxBlocksInFlightPerAddress": 2137702961.6727557, "spark.reducer.maxReqsInFlight": 1762292246.7659278, "spark.reducer.maxSizeInFlight": 49.402918244977485, "spark.scheduler.mode": 0.43170329253856, "spark.scheduler.revive.interval": 677.3300135302097, "spark.shuffle.compress": 0.635604493805539, "spark.shuffle.file.buffer": 31.229650149543705, "spark.shuffle.io.numConnectionsPerPeer": 2.0950150437683117, "spark.shuffle.sort.bypassMergeThreshold": 309.2027929640112, "spark.storage.memoryFraction": 0.6466351464372804, "spark.storage.memoryMapThreshold": 2.7443384724430686}, "datetime": {"datetime": "2022-02-01 04:52:23", "elapsed": 23255.557501, "delta": 227.492065}}
