{"target": -250.617, "params": {"spark.broadcast.blockSize": 41.51460420823271, "spark.broadcast.checksum": 0.02760601195450363, "spark.broadcast.compress": 0.593432449464621, "spark.default.parallelism": 453.1521286793567, "spark.executor.cores": 2.1430483721866427, "spark.executor.instances": 6.999433242904574, "spark.executor.memory": 5.044565913188513, "spark.executor.memoryOverhead": 650.689239846359, "spark.kryoserializer.buffer": 124.10569482192824, "spark.kryoserializer.buffer.max": 109.18024558387009, "spark.locality.wait": 4.193938399741444, "spark.maxRemoteBlockSizeFetchToMem": 1835440146.4563007, "spark.memory.fraction": 0.6860005926254025, "spark.memory.offHeap.enabled": 0.9475489413950998, "spark.memory.offHeap.size": 625.373559973626, "spark.memory.storageFraction": 0.6068288078737463, "spark.rdd.compress": 0.081473964877262, "spark.reducer.maxBlocksInFlightPerAddress": 1533967785.8901978, "spark.reducer.maxReqsInFlight": 1190799829.52806, "spark.reducer.maxSizeInFlight": 54.42176450937205, "spark.scheduler.mode": 0.8029632373737379, "spark.scheduler.revive.interval": 848.4002480600892, "spark.shuffle.compress": 0.7662113810757705, "spark.shuffle.file.buffer": 26.958531834992634, "spark.shuffle.io.numConnectionsPerPeer": 4.38340593211071, "spark.shuffle.sort.bypassMergeThreshold": 235.7537549998885, "spark.storage.memoryFraction": 0.8296039481649276, "spark.storage.memoryMapThreshold": 2.8794884758728814}, "datetime": {"datetime": "2022-01-27 20:45:33", "elapsed": 3576.902628, "delta": 259.655743}}
{"target": -334.71, "params": {"spark.broadcast.blockSize": 36.58953755744784, "spark.broadcast.checksum": 0.07838689985494796, "spark.broadcast.compress": 0.01833264291300729, "spark.default.parallelism": 220.01749929180693, "spark.executor.cores": 2.3757514411252956, "spark.executor.instances": 4.453367691070362, "spark.executor.memory": 3.11113339539468, "spark.executor.memoryOverhead": 756.1467103255004, "spark.kryoserializer.buffer": 69.90564612422139, "spark.kryoserializer.buffer.max": 103.70609557832242, "spark.locality.wait": 6.71442896047871, "spark.maxRemoteBlockSizeFetchToMem": 1557018416.4606166, "spark.memory.fraction": 0.6912290026871324, "spark.memory.offHeap.enabled": 0.47400392656219403, "spark.memory.offHeap.size": 923.2196311624548, "spark.memory.storageFraction": 0.6609570079430943, "spark.rdd.compress": 0.904686160343623, "spark.reducer.maxBlocksInFlightPerAddress": 1113535820.229518, "spark.reducer.maxReqsInFlight": 1904683071.2994235, "spark.reducer.maxSizeInFlight": 30.030786294611463, "spark.scheduler.mode": 0.6185135669120855, "spark.scheduler.revive.interval": 505.182130667616, "spark.shuffle.compress": 0.538627282576347, "spark.shuffle.file.buffer": 16.096574611827084, "spark.shuffle.io.numConnectionsPerPeer": 4.804775141960818, "spark.shuffle.sort.bypassMergeThreshold": 331.08040674055565, "spark.storage.memoryFraction": 0.8183867767769077, "spark.storage.memoryMapThreshold": 3.7458229597443626}, "datetime": {"datetime": "2022-01-27 20:51:16", "elapsed": 3920.315802, "delta": 343.413174}}
{"target": -155.455, "params": {"spark.broadcast.blockSize": 36.65786339706871, "spark.broadcast.checksum": 0.15773006987053328, "spark.broadcast.compress": 0.187631672902434, "spark.default.parallelism": 386.74877068997637, "spark.executor.cores": 3.7174284880249058, "spark.executor.instances": 7.959820713436295, "spark.executor.memory": 5.844489835063264, "spark.executor.memoryOverhead": 744.7776017071516, "spark.kryoserializer.buffer": 119.29214763624843, "spark.kryoserializer.buffer.max": 70.4838783076276, "spark.locality.wait": 5.499104081350221, "spark.maxRemoteBlockSizeFetchToMem": 1259960750.519473, "spark.memory.fraction": 0.5477828201334916, "spark.memory.offHeap.enabled": 0.8126105880328287, "spark.memory.offHeap.size": 587.1576951896285, "spark.memory.storageFraction": 0.6057189930907603, "spark.rdd.compress": 0.8190891786335308, "spark.reducer.maxBlocksInFlightPerAddress": 1407232345.2526622, "spark.reducer.maxReqsInFlight": 2128604526.9332318, "spark.reducer.maxSizeInFlight": 36.798657703278494, "spark.scheduler.mode": 0.5336533449712114, "spark.scheduler.revive.interval": 657.2335055929248, "spark.shuffle.compress": 0.9107728311738374, "spark.shuffle.file.buffer": 27.729812603239502, "spark.shuffle.io.numConnectionsPerPeer": 2.734369309092658, "spark.shuffle.sort.bypassMergeThreshold": 252.45853845567228, "spark.storage.memoryFraction": 0.8755545909478853, "spark.storage.memoryMapThreshold": 1.092847018813452}, "datetime": {"datetime": "2022-01-27 20:54:00", "elapsed": 4084.189864, "delta": 163.874062}}
