{"target": -519.862, "params": {"spark.broadcast.blockSize": 45.34470415048237, "spark.broadcast.checksum": 0.7203244934421581, "spark.broadcast.compress": 0.00011437481734488664, "spark.default.parallelism": 290.69977178955196, "spark.executor.cores": 1.440267672451339, "spark.executor.instances": 4.369354379075191, "spark.executor.memory": 3.7450408455106836, "spark.executor.memoryOverhead": 554.3614384322225, "spark.kryoserializer.buffer": 70.08967752614431, "spark.kryoserializer.buffer.max": 83.72640646432227, "spark.locality.wait": 6.515167086419769, "spark.maxRemoteBlockSizeFetchToMem": 1809490227.7801933, "spark.memory.fraction": 0.581780899892607, "spark.memory.offHeap.enabled": 0.8781174363909454, "spark.memory.offHeap.size": 526.0224477173382, "spark.memory.storageFraction": 0.768187004071361, "spark.rdd.compress": 0.41730480236712697, "spark.reducer.maxBlocksInFlightPerAddress": 1673630458.4455886, "spark.reducer.maxReqsInFlight": 1224481150.5130224, "spark.reducer.maxSizeInFlight": 33.508871476074184, "spark.scheduler.mode": 0.8007445686755367, "spark.scheduler.revive.interval": 984.1307878596988, "spark.shuffle.compress": 0.31342417815924284, "spark.shuffle.file.buffer": 38.15432370141805, "spark.shuffle.io.numConnectionsPerPeer": 4.505556609184153, "spark.shuffle.sort.bypassMergeThreshold": 328.9213327007694, "spark.storage.memoryFraction": 0.5340176845479112, "spark.storage.memoryMapThreshold": 1.1171643496986472}, "datetime": {"datetime": "2022-01-27 19:45:56", "elapsed": 0.0, "delta": 0.0}}
{"target": -169.76, "params": {"spark.broadcast.blockSize": 37.43457342606621, "spark.broadcast.checksum": 0.8781425034294131, "spark.broadcast.compress": 0.0983468338330501, "spark.default.parallelism": 326.3322875015157, "spark.executor.cores": 3.873668590451506, "spark.executor.instances": 6.132661139892068, "spark.executor.memory": 5.767508455801893, "spark.executor.memoryOverhead": 539.549206085989, "spark.kryoserializer.buffer": 97.90408905743203, "spark.kryoserializer.buffer.max": 112.1240645021478, "spark.locality.wait": 4.109729664065151, "spark.maxRemoteBlockSizeFetchToMem": 1879202699.955295, "spark.memory.fraction": 0.8955444355625979, "spark.memory.offHeap.enabled": 0.7481656543798394, "spark.memory.offHeap.size": 655.5873239369755, "spark.memory.storageFraction": 0.8157117313805955, "spark.rdd.compress": 0.10322600657764203, "spark.reducer.maxBlocksInFlightPerAddress": 1554663834.7539082, "spark.reducer.maxReqsInFlight": 2049338815.7693782, "spark.reducer.maxSizeInFlight": 38.09347912193662, "spark.scheduler.mode": 0.28777533858634874, "spark.scheduler.revive.interval": 565.0142860591388, "spark.shuffle.compress": 0.019366957870297075, "spark.shuffle.file.buffer": 37.72273705407651, "spark.shuffle.io.numConnectionsPerPeer": 1.8465124640002362, "spark.shuffle.sort.bypassMergeThreshold": 203.10933187444525, "spark.storage.memoryFraction": 0.6966292637121353, "spark.storage.memoryMapThreshold": 1.1600876353512413}, "datetime": {"datetime": "2022-01-27 19:48:54", "elapsed": 178.431016, "delta": 178.431016}}
{"target": -381.787, "params": {"spark.broadcast.blockSize": 50.37176337574442, "spark.broadcast.checksum": 0.14672857490581015, "spark.broadcast.compress": 0.5893055369032842, "spark.default.parallelism": 409.92750800627937, "spark.executor.cores": 1.3070032864834775, "spark.executor.instances": 5.656223951278273, "spark.executor.memory": 5.77760063091098, "spark.executor.memoryOverhead": 588.190379876763, "spark.kryoserializer.buffer": 36.795532058824364, "spark.kryoserializer.buffer.max": 83.44605496788911, "spark.locality.wait": 7.982767871318733, "spark.maxRemoteBlockSizeFetchToMem": 1626599409.527616, "spark.memory.fraction": 0.8778379023963254, "spark.memory.offHeap.enabled": 0.5865550405019929, "spark.memory.offHeap.size": 974.5417806273963, "spark.memory.storageFraction": 0.554989881658495, "spark.rdd.compress": 0.13927634725075855, "spark.reducer.maxBlocksInFlightPerAddress": 1940671618.0206747, "spark.reducer.maxReqsInFlight": 1500744075.3073974, "spark.reducer.maxSizeInFlight": 31.937001461612773, "spark.scheduler.mode": 0.9275085803960339, "spark.scheduler.revive.interval": 673.8829298727533, "spark.shuffle.compress": 0.7508121031361555, "spark.shuffle.file.buffer": 39.23193553121445, "spark.shuffle.io.numConnectionsPerPeer": 4.533224364823239, "spark.shuffle.sort.bypassMergeThreshold": 274.7344414111218, "spark.storage.memoryFraction": 0.800376973610935, "spark.storage.memoryMapThreshold": 2.0466950259335275}, "datetime": {"datetime": "2022-01-27 19:55:24", "elapsed": 568.657331, "delta": 390.226315}}
{"target": -204.711, "params": {"spark.broadcast.blockSize": 40.637692536480834, "spark.broadcast.checksum": 0.8958862181960668, "spark.broadcast.compress": 0.4280911898712949, "spark.default.parallelism": 489.45201414451566, "spark.executor.cores": 2.9903244934553443, "spark.executor.instances": 6.486782880836487, "spark.executor.memory": 3.4589838918135007, "spark.executor.memoryOverhead": 852.0982045425861, "spark.kryoserializer.buffer": 75.1915648140743, "spark.kryoserializer.buffer.max": 87.52540298116465, "spark.locality.wait": 6.448820816567687, "spark.maxRemoteBlockSizeFetchToMem": 1328247288.4244535, "spark.memory.fraction": 0.8613518082249015, "spark.memory.offHeap.enabled": 0.5736794866722859, "spark.memory.offHeap.size": 513.4696074399534, "spark.memory.storageFraction": 0.7468579654482895, "spark.rdd.compress": 0.32664490177209615, "spark.reducer.maxBlocksInFlightPerAddress": 1639666151.072064, "spark.reducer.maxReqsInFlight": 2025014908.6723402, "spark.reducer.maxSizeInFlight": 41.14894848011999, "spark.scheduler.mode": 0.9085351509197992, "spark.scheduler.revive.interval": 811.6800578959014, "spark.shuffle.compress": 0.015821242846556283, "spark.shuffle.file.buffer": 45.74199147980036, "spark.shuffle.io.numConnectionsPerPeer": 3.763587670067696, "spark.shuffle.sort.bypassMergeThreshold": 349.4645700902961, "spark.storage.memoryFraction": 0.5689362033381314, "spark.storage.memoryMapThreshold": 1.4114072488866332}, "datetime": {"datetime": "2022-01-27 19:58:58", "elapsed": 781.971624, "delta": 213.314293}}
{"target": -187.209, "params": {"spark.broadcast.blockSize": 61.843054817189234, "spark.broadcast.checksum": 0.6968181614899002, "spark.broadcast.compress": 0.06600017272206249, "spark.default.parallelism": 426.6389157807399, "spark.executor.cores": 3.261628565383739, "spark.executor.instances": 7.692098142185934, "spark.executor.memory": 5.8460990345138875, "spark.executor.memoryOverhead": 445.2655842522772, "spark.kryoserializer.buffer": 33.90849284862038, "spark.kryoserializer.buffer.max": 34.51625474026105, "spark.locality.wait": 4.169838928124768, "spark.maxRemoteBlockSizeFetchToMem": 1338108624.7870486, "spark.memory.fraction": 0.8440111794731553, "spark.memory.offHeap.enabled": 0.5388310643416528, "spark.memory.offHeap.size": 795.0448530871122, "spark.memory.storageFraction": 0.8368123569438424, "spark.rdd.compress": 0.12417331511991114, "spark.reducer.maxBlocksInFlightPerAddress": 1373513015.7324514, "spark.reducer.maxReqsInFlight": 1702696051.560533, "spark.reducer.maxSizeInFlight": 70.54059591934438, "spark.scheduler.mode": 0.56103021925571, "spark.scheduler.revive.interval": 509.32364468647154, "spark.shuffle.compress": 0.8006326726806163, "spark.shuffle.file.buffer": 23.455176762912654, "spark.shuffle.io.numConnectionsPerPeer": 4.2284207824751165, "spark.shuffle.sort.bypassMergeThreshold": 227.57212881283436, "spark.storage.memoryFraction": 0.8454167418237715, "spark.storage.memoryMapThreshold": 3.2413649282115538}, "datetime": {"datetime": "2022-01-27 20:02:13", "elapsed": 977.677757, "delta": 195.706133}}
{"target": -525.524, "params": {"spark.broadcast.blockSize": 49.799687487693404, "spark.broadcast.checksum": 0.13645522566068502, "spark.broadcast.compress": 0.05991768951221166, "spark.default.parallelism": 236.4030367222212, "spark.executor.cores": 1.1336556356342853, "spark.executor.instances": 4.429976516424372, "spark.executor.memory": 3.9028373544314188, "spark.executor.memoryOverhead": 735.5035673286595, "spark.kryoserializer.buffer": 85.73283027719768, "spark.kryoserializer.buffer.max": 33.20537409527512, "spark.locality.wait": 4.431845678136921, "spark.maxRemoteBlockSizeFetchToMem": 2112346370.2637775, "spark.memory.fraction": 0.7272401847679768, "spark.memory.offHeap.enabled": 0.20329323466099047, "spark.memory.offHeap.size": 641.1907812200056, "spark.memory.storageFraction": 0.7975303416300372, "spark.rdd.compress": 0.1954294811093188, "spark.reducer.maxBlocksInFlightPerAddress": 1697971217.9690711, "spark.reducer.maxReqsInFlight": 2115292855.4001446, "spark.reducer.maxSizeInFlight": 64.6477824715217, "spark.scheduler.mode": 0.23984775914758616, "spark.scheduler.revive.interval": 746.884857134365, "spark.shuffle.compress": 0.6199557183813798, "spark.shuffle.file.buffer": 42.52738878560572, "spark.shuffle.io.numConnectionsPerPeer": 1.627165578584337, "spark.shuffle.sort.bypassMergeThreshold": 153.71524043548192, "spark.storage.memoryFraction": 0.5280088574876889, "spark.storage.memoryMapThreshold": 2.459035332811095}, "datetime": {"datetime": "2022-01-27 20:11:07", "elapsed": 1511.682771, "delta": 534.005014}}
{"target": -195.236, "params": {"spark.broadcast.blockSize": 51.40254277290657, "spark.broadcast.checksum": 0.5688514370864813, "spark.broadcast.compress": 0.31736240932216075, "spark.default.parallelism": 496.58484632373467, "spark.executor.cores": 2.7392356577373906, "spark.executor.instances": 5.520564690494202, "spark.executor.memory": 5.203792876471587, "spark.executor.memoryOverhead": 751.4498744369055, "spark.kryoserializer.buffer": 96.24635777150573, "spark.kryoserializer.buffer.max": 57.4322775356297, "spark.locality.wait": 4.39800900657065, "spark.maxRemoteBlockSizeFetchToMem": 1471116353.9603148, "spark.memory.fraction": 0.7518870028086257, "spark.memory.offHeap.enabled": 0.2101740099148396, "spark.memory.offHeap.size": 897.4108435142728, "spark.memory.storageFraction": 0.526614592541646, "spark.rdd.compress": 0.26031509857854096, "spark.reducer.maxBlocksInFlightPerAddress": 1937840456.1461039, "spark.reducer.maxReqsInFlight": 1281440302.4481034, "spark.reducer.maxSizeInFlight": 54.694122282237124, "spark.scheduler.mode": 0.5246703091237337, "spark.scheduler.revive.interval": 962.4039851996754, "spark.shuffle.compress": 0.263296770487111, "spark.shuffle.file.buffer": 18.11075490188876, "spark.shuffle.io.numConnectionsPerPeer": 3.940263853154678, "spark.shuffle.sort.bypassMergeThreshold": 304.43560590864934, "spark.storage.memoryFraction": 0.8631263410014096, "spark.storage.memoryMapThreshold": 3.795916207590512}, "datetime": {"datetime": "2022-01-27 20:14:31", "elapsed": 1715.522261, "delta": 203.83949}}
{"target": -187.437, "params": {"spark.broadcast.blockSize": 32.446450335219104, "spark.broadcast.checksum": 0.2343620861214205, "spark.broadcast.compress": 0.6167783570016576, "spark.default.parallelism": 484.70489620628496, "spark.executor.cores": 3.850528357741239, "spark.executor.instances": 6.226612752780626, "spark.executor.memory": 6.662425399065098, "spark.executor.memoryOverhead": 700.2921410105444, "spark.kryoserializer.buffer": 69.44074055755964, "spark.kryoserializer.buffer.max": 78.65510404130333, "spark.locality.wait": 7.6258628975198395, "spark.maxRemoteBlockSizeFetchToMem": 1663814013.931745, "spark.memory.fraction": 0.8704725706825815, "spark.memory.offHeap.enabled": 0.9187334356336061, "spark.memory.offHeap.size": 714.1763138168601, "spark.memory.storageFraction": 0.8853050113762848, "spark.rdd.compress": 0.17395566668046436, "spark.reducer.maxBlocksInFlightPerAddress": 1209387111.6281595, "spark.reducer.maxReqsInFlight": 1218781964.5454817, "spark.reducer.maxSizeInFlight": 48.27178395249104, "spark.scheduler.mode": 0.021524805274197978, "spark.scheduler.revive.interval": 973.9851056088405, "spark.shuffle.compress": 0.8271154711707325, "spark.shuffle.file.buffer": 16.480607383747916, "spark.shuffle.io.numConnectionsPerPeer": 1.704785022300221, "spark.shuffle.sort.bypassMergeThreshold": 216.4127148733674, "spark.storage.memoryFraction": 0.5523987379243668, "spark.storage.memoryMapThreshold": 3.4284720763797463}, "datetime": {"datetime": "2022-01-27 20:17:47", "elapsed": 1911.616982, "delta": 196.094721}}
{"target": -166.357, "params": {"spark.broadcast.blockSize": 43.03157288586539, "spark.broadcast.checksum": 0.9401074823333672, "spark.broadcast.compress": 0.58201417994708, "spark.default.parallelism": 463.6495953235532, "spark.executor.cores": 3.534203336176666, "spark.executor.instances": 7.621569274834597, "spark.executor.memory": 4.839521063267227, "spark.executor.memoryOverhead": 653.348980298044, "spark.kryoserializer.buffer": 108.66594475059578, "spark.kryoserializer.buffer.max": 59.42900976647817, "spark.locality.wait": 6.941521135719566, "spark.maxRemoteBlockSizeFetchToMem": 1717031208.1366477, "spark.memory.fraction": 0.5062133102203343, "spark.memory.offHeap.enabled": 0.5934814081966372, "spark.memory.offHeap.size": 734.0422906826027, "spark.memory.storageFraction": 0.8229442115539366, "spark.rdd.compress": 0.31524480309537295, "spark.reducer.maxBlocksInFlightPerAddress": 2032473773.5208004, "spark.reducer.maxReqsInFlight": 1694211283.3511777, "spark.reducer.maxSizeInFlight": 32.83248967811832, "spark.scheduler.mode": 0.7879292338255043, "spark.scheduler.revive.interval": 806.0155885224669, "spark.shuffle.compress": 0.053909272073752956, "spark.shuffle.file.buffer": 29.44619776003623, "spark.shuffle.io.numConnectionsPerPeer": 3.7162753462617184, "spark.shuffle.sort.bypassMergeThreshold": 333.72035559550517, "spark.storage.memoryFraction": 0.500160809956543, "spark.storage.memoryMapThreshold": 3.9302774470931787}, "datetime": {"datetime": "2022-01-27 20:20:42", "elapsed": 2086.723096, "delta": 175.106114}}
{"target": -245.624, "params": {"spark.broadcast.blockSize": 44.05057007186478, "spark.broadcast.checksum": 0.9737835383583225, "spark.broadcast.compress": 0.604716100974053, "spark.default.parallelism": 448.6537423942079, "spark.executor.cores": 2.724134514124307, "spark.executor.instances": 6.512304793229402, "spark.executor.memory": 4.142305126782776, "spark.executor.memoryOverhead": 673.3088369434489, "spark.kryoserializer.buffer": 104.00208931545535, "spark.kryoserializer.buffer.max": 114.39812829718807, "spark.locality.wait": 8.53049313080608, "spark.maxRemoteBlockSizeFetchToMem": 1823274651.5015726, "spark.memory.fraction": 0.84579177202184, "spark.memory.offHeap.enabled": 0.32268099683674645, "spark.memory.offHeap.size": 855.4438608832447, "spark.memory.storageFraction": 0.6803495745653396, "spark.rdd.compress": 0.3821027520315172, "spark.reducer.maxBlocksInFlightPerAddress": 1514847151.18535, "spark.reducer.maxReqsInFlight": 1504827243.2533448, "spark.reducer.maxSizeInFlight": 39.23442940599729, "spark.scheduler.mode": 0.6219193679203014, "spark.scheduler.revive.interval": 715.1236354106322, "spark.shuffle.compress": 0.9738020779272523, "spark.shuffle.file.buffer": 37.68962852589796, "spark.shuffle.io.numConnectionsPerPeer": 1.7942795537084435, "spark.shuffle.sort.bypassMergeThreshold": 235.34020186960657, "spark.storage.memoryFraction": 0.6373384959097692, "spark.storage.memoryMapThreshold": 3.3929164118757}, "datetime": {"datetime": "2022-01-27 20:24:56", "elapsed": 2340.819069, "delta": 254.095973}}
{"target": -223.75, "params": {"spark.broadcast.blockSize": 60.15994523402982, "spark.broadcast.checksum": 0.903841955826372, "spark.broadcast.compress": 0.6627198123752622, "spark.default.parallelism": 281.06247860892734, "spark.executor.cores": 1.757100104513769, "spark.executor.instances": 7.4195917707896095, "spark.executor.memory": 5.110858585234986, "spark.executor.memoryOverhead": 779.4654144142669, "spark.kryoserializer.buffer": 86.9588976503942, "spark.kryoserializer.buffer.max": 102.38168242760106, "spark.locality.wait": 7.114069764784335, "spark.maxRemoteBlockSizeFetchToMem": 1901471665.808269, "spark.memory.fraction": 0.7275431962818862, "spark.memory.offHeap.enabled": 0.4657098785919809, "spark.memory.offHeap.size": 687.4567208720803, "spark.memory.storageFraction": 0.5272837393666816, "spark.rdd.compress": 0.37792417932809985, "spark.reducer.maxBlocksInFlightPerAddress": 1159239672.9056873, "spark.reducer.maxReqsInFlight": 2129033663.3553433, "spark.reducer.maxSizeInFlight": 32.717416863876664, "spark.scheduler.mode": 0.8118586977205398, "spark.scheduler.revive.interval": 937.480822477949, "spark.shuffle.compress": 0.6884132523859433, "spark.shuffle.file.buffer": 34.223821207852026, "spark.shuffle.io.numConnectionsPerPeer": 1.643885747262435, "spark.shuffle.sort.bypassMergeThreshold": 243.37600455266124, "spark.storage.memoryFraction": 0.638068820462086, "spark.storage.memoryMapThreshold": 1.6751198734422537}, "datetime": {"datetime": "2022-01-27 20:28:49", "elapsed": 2573.185255, "delta": 232.366186}}
{"target": -307.751, "params": {"spark.broadcast.blockSize": 50.96037980050549, "spark.broadcast.checksum": 0.31226983770191696, "spark.broadcast.compress": 0.9163055534683507, "spark.default.parallelism": 472.8906574854671, "spark.executor.cores": 1.7713548813465887, "spark.executor.instances": 4.443565202976117, "spark.executor.memory": 3.7718509280764514, "spark.executor.memoryOverhead": 630.2949961446908, "spark.kryoserializer.buffer": 101.94422412556123, "spark.kryoserializer.buffer.max": 51.98666608724398, "spark.locality.wait": 5.488201350263385, "spark.maxRemoteBlockSizeFetchToMem": 1988217061.4156747, "spark.memory.fraction": 0.666339487307011, "spark.memory.offHeap.enabled": 0.6166850671552362, "spark.memory.offHeap.size": 631.637063290496, "spark.memory.storageFraction": 0.540786903770319, "spark.rdd.compress": 0.5158570169685298, "spark.reducer.maxBlocksInFlightPerAddress": 1586068056.7399936, "spark.reducer.maxReqsInFlight": 1237671752.601672, "spark.reducer.maxSizeInFlight": 53.84669912353994, "spark.scheduler.mode": 0.5440101188139381, "spark.scheduler.revive.interval": 827.0686734853722, "spark.shuffle.compress": 0.1445455401246598, "spark.shuffle.file.buffer": 40.0488901483278, "spark.shuffle.io.numConnectionsPerPeer": 1.8881965591996908, "spark.shuffle.sort.bypassMergeThreshold": 253.8703648732066, "spark.storage.memoryFraction": 0.8141184112886476, "spark.storage.memoryMapThreshold": 1.0669912839754185}, "datetime": {"datetime": "2022-01-27 20:34:05", "elapsed": 2889.391217, "delta": 316.205962}}
{"target": -159.944, "params": {"spark.broadcast.blockSize": 42.37959871123797, "spark.broadcast.checksum": 0.872922376400111, "spark.broadcast.compress": 0.8447096076020696, "spark.default.parallelism": 361.5321777783631, "spark.executor.cores": 3.599824822499539, "spark.executor.instances": 7.799223965414506, "spark.executor.memory": 6.305627990517365, "spark.executor.memoryOverhead": 805.0789138114136, "spark.kryoserializer.buffer": 41.47936657475344, "spark.kryoserializer.buffer.max": 94.52521590473515, "spark.locality.wait": 8.221101928915918, "spark.maxRemoteBlockSizeFetchToMem": 1728982494.0287862, "spark.memory.fraction": 0.8198461046944112, "spark.memory.offHeap.enabled": 0.03457121987163425, "spark.memory.offHeap.size": 906.3622320921497, "spark.memory.storageFraction": 0.7926914402958107, "spark.rdd.compress": 0.2596983932983531, "spark.reducer.maxBlocksInFlightPerAddress": 1349767880.8116927, "spark.reducer.maxReqsInFlight": 1752672340.3786764, "spark.reducer.maxSizeInFlight": 40.57427815637192, "spark.scheduler.mode": 0.7965886780072875, "spark.scheduler.revive.interval": 723.0731160017286, "spark.shuffle.compress": 0.7827494147841719, "spark.shuffle.file.buffer": 47.695097075962906, "spark.shuffle.io.numConnectionsPerPeer": 2.2009933581356003, "spark.shuffle.sort.bypassMergeThreshold": 178.60116565161988, "spark.storage.memoryFraction": 0.8605233745397096, "spark.storage.memoryMapThreshold": 2.6246781366621197}, "datetime": {"datetime": "2022-01-27 20:36:54", "elapsed": 3058.037788, "delta": 168.646571}}
{"target": -250.481, "params": {"spark.broadcast.blockSize": 63.191691867362636, "spark.broadcast.checksum": 0.6366044000018972, "spark.broadcast.compress": 0.9939130246104789, "spark.default.parallelism": 363.8212412428855, "spark.executor.cores": 2.5792778017165636, "spark.executor.instances": 4.54171161228868, "spark.executor.memory": 4.422820683935525, "spark.executor.memoryOverhead": 396.925753677112, "spark.kryoserializer.buffer": 47.39793723388631, "spark.kryoserializer.buffer.max": 103.58117049991962, "spark.locality.wait": 4.182398139572733, "spark.maxRemoteBlockSizeFetchToMem": 1467314126.9740746, "spark.memory.fraction": 0.8449385011352177, "spark.memory.offHeap.enabled": 0.6926777175073543, "spark.memory.offHeap.size": 865.7623767378783, "spark.memory.storageFraction": 0.5754547203821243, "spark.rdd.compress": 0.44190428074842336, "spark.reducer.maxBlocksInFlightPerAddress": 1698205809.1590502, "spark.reducer.maxReqsInFlight": 2136479626.8939416, "spark.reducer.maxSizeInFlight": 33.78749881118985, "spark.scheduler.mode": 0.24773290176235485, "spark.scheduler.revive.interval": 631.086541886456, "spark.shuffle.compress": 0.7501724132979928, "spark.shuffle.file.buffer": 30.62321047794217, "spark.shuffle.io.numConnectionsPerPeer": 1.22771775364438, "spark.shuffle.sort.bypassMergeThreshold": 251.7032481220479, "spark.storage.memoryFraction": 0.5847840658574703, "spark.storage.memoryMapThreshold": 3.3958127342806304}, "datetime": {"datetime": "2022-01-27 20:41:13", "elapsed": 3317.246885, "delta": 259.209097}}
