{"target": -192.987, "params": {"spark.broadcast.blockSize": 57.875214765624726, "spark.broadcast.checksum": 0.2831101793535184, "spark.broadcast.compress": 0.4144644976031575, "spark.default.parallelism": 419.95696549475747, "spark.executor.cores": 2.6971198423668996, "spark.executor.instances": 7.625324654272882, "spark.executor.memory": 5.80131795477393, "spark.executor.memoryOverhead": 718.2973719691075, "spark.kryoserializer.buffer": 47.742076502991516, "spark.kryoserializer.buffer.max": 105.6511262244029, "spark.locality.wait": 5.870289995171963, "spark.maxRemoteBlockSizeFetchToMem": 1902558343.3252213, "spark.memory.fraction": 0.549175195460168, "spark.memory.offHeap.enabled": 0.33844735322360764, "spark.memory.offHeap.size": 803.45060802936, "spark.memory.storageFraction": 0.6092631363824719, "spark.rdd.compress": 0.2602821194790077, "spark.reducer.maxBlocksInFlightPerAddress": 1548496918.931568, "spark.reducer.maxReqsInFlight": 1354785829.4796634, "spark.reducer.maxSizeInFlight": 30.762254590041415, "spark.scheduler.mode": 0.8443269812662293, "spark.scheduler.revive.interval": 606.0616049105884, "spark.shuffle.compress": 0.9517355885072011, "spark.shuffle.file.buffer": 46.60140718206189, "spark.shuffle.io.numConnectionsPerPeer": 2.4614696487991528, "spark.shuffle.sort.bypassMergeThreshold": 264.4956470132933, "spark.storage.memoryMapThreshold": 1.4016735567888656}, "datetime": {"datetime": "2022-01-26 22:15:46", "elapsed": 2435.264635, "delta": 201.645153}}
{"target": -225.115, "params": {"spark.broadcast.blockSize": 56.601227561995636, "spark.broadcast.checksum": 0.46886180582389525, "spark.broadcast.compress": 0.30247273860775864, "spark.default.parallelism": 433.9735477464589, "spark.executor.cores": 2.305202914548256, "spark.executor.instances": 6.958425950100446, "spark.executor.memory": 5.694501191247898, "spark.executor.memoryOverhead": 728.3580711435131, "spark.kryoserializer.buffer": 34.49476072615439, "spark.kryoserializer.buffer.max": 113.65265131073178, "spark.locality.wait": 5.676590390155635, "spark.maxRemoteBlockSizeFetchToMem": 1844717822.762868, "spark.memory.fraction": 0.5616321409725292, "spark.memory.offHeap.enabled": 0.42199964975241927, "spark.memory.offHeap.size": 831.1310265919166, "spark.memory.storageFraction": 0.6607920683017452, "spark.rdd.compress": 0.09157569886753955, "spark.reducer.maxBlocksInFlightPerAddress": 1718397858.924275, "spark.reducer.maxReqsInFlight": 1302877436.2843475, "spark.reducer.maxSizeInFlight": 24.48229442510369, "spark.scheduler.mode": 0.690143067582316, "spark.scheduler.revive.interval": 654.2548088922824, "spark.shuffle.compress": 0.9359059994378052, "spark.shuffle.file.buffer": 44.52344152329817, "spark.shuffle.io.numConnectionsPerPeer": 2.9739364189902378, "spark.shuffle.sort.bypassMergeThreshold": 225.19824380222374, "spark.storage.memoryMapThreshold": 1.7190615481788398}, "datetime": {"datetime": "2022-01-26 22:19:40", "elapsed": 2669.304847, "delta": 234.040212}}
{"target": -246.985, "params": {"spark.broadcast.blockSize": 49.9497279581396, "spark.broadcast.checksum": 0.287589698002193, "spark.broadcast.compress": 0.5201376383630315, "spark.default.parallelism": 435.9307315236822, "spark.executor.cores": 2.461262407422905, "spark.executor.instances": 7.090233842725172, "spark.executor.memory": 6.316433347727395, "spark.executor.memoryOverhead": 825.3185088128683, "spark.kryoserializer.buffer": 37.81254131832214, "spark.kryoserializer.buffer.max": 111.00657868182073, "spark.locality.wait": 6.429816591046624, "spark.maxRemoteBlockSizeFetchToMem": 1809551961.4128687, "spark.memory.fraction": 0.5668670036389769, "spark.memory.offHeap.enabled": 0.38079367066377445, "spark.memory.offHeap.size": 784.6675595222107, "spark.memory.storageFraction": 0.6100475286103025, "spark.rdd.compress": 0.09953753175348871, "spark.reducer.maxBlocksInFlightPerAddress": 1779530498.8346736, "spark.reducer.maxReqsInFlight": 1076548096.9826736, "spark.reducer.maxSizeInFlight": 25.38255373362481, "spark.scheduler.mode": 0.6664873670113202, "spark.scheduler.revive.interval": 619.0494973171476, "spark.shuffle.compress": 0.9242195898037007, "spark.shuffle.file.buffer": 45.07449265988895, "spark.shuffle.io.numConnectionsPerPeer": 2.8797879530867774, "spark.shuffle.sort.bypassMergeThreshold": 249.68717221051978, "spark.storage.memoryMapThreshold": 1.5078497430896871}, "datetime": {"datetime": "2022-01-26 22:23:55", "elapsed": 2925.079777, "delta": 255.77493}}
{"target": -223.771, "params": {"spark.broadcast.blockSize": 55.98731619952755, "spark.broadcast.checksum": 0.3154489035991066, "spark.broadcast.compress": 0.511671304932902, "spark.default.parallelism": 402.12149485412647, "spark.executor.cores": 2.4707045375636114, "spark.executor.instances": 7.2601933808903265, "spark.executor.memory": 6.3658025067521296, "spark.executor.memoryOverhead": 792.5356953704195, "spark.kryoserializer.buffer": 33.67993306228803, "spark.kryoserializer.buffer.max": 119.76474537084528, "spark.locality.wait": 6.166446531151328, "spark.maxRemoteBlockSizeFetchToMem": 1901717089.7490232, "spark.memory.fraction": 0.5836176855312052, "spark.memory.offHeap.enabled": 0.3133615749371325, "spark.memory.offHeap.size": 813.7070822557216, "spark.memory.storageFraction": 0.6484812203198007, "spark.rdd.compress": 0.24539038549034026, "spark.reducer.maxBlocksInFlightPerAddress": 1654248554.213459, "spark.reducer.maxReqsInFlight": 1173949228.9037285, "spark.reducer.maxSizeInFlight": 25.951131073066602, "spark.scheduler.mode": 0.6521731111504933, "spark.scheduler.revive.interval": 577.3835861484532, "spark.shuffle.compress": 0.8564009756649666, "spark.shuffle.file.buffer": 44.038621826070155, "spark.shuffle.io.numConnectionsPerPeer": 2.669669511644705, "spark.shuffle.sort.bypassMergeThreshold": 270.3329357147385, "spark.storage.memoryMapThreshold": 1.1142213860594783}, "datetime": {"datetime": "2022-01-26 22:27:48", "elapsed": 3157.539982, "delta": 232.460205}}
{"target": -223.857, "params": {"spark.broadcast.blockSize": 56.32408346808896, "spark.broadcast.checksum": 0.4272177358610729, "spark.broadcast.compress": 0.3574430554940367, "spark.default.parallelism": 452.6888287492503, "spark.executor.cores": 2.4249335612930087, "spark.executor.instances": 7.629208982582029, "spark.executor.memory": 5.957524051666371, "spark.executor.memoryOverhead": 760.3099516838254, "spark.kryoserializer.buffer": 42.96077086754724, "spark.kryoserializer.buffer.max": 109.0792990110633, "spark.locality.wait": 6.134726493214734, "spark.maxRemoteBlockSizeFetchToMem": 1792228312.5146074, "spark.memory.fraction": 0.6152643106666749, "spark.memory.offHeap.enabled": 0.4103857053791362, "spark.memory.offHeap.size": 819.7116347215209, "spark.memory.storageFraction": 0.6742580015694963, "spark.rdd.compress": 0.12073339415585632, "spark.reducer.maxBlocksInFlightPerAddress": 1688015173.4868093, "spark.reducer.maxReqsInFlight": 1156030809.1628633, "spark.reducer.maxSizeInFlight": 32.75367641122899, "spark.scheduler.mode": 0.8200035888916243, "spark.scheduler.revive.interval": 626.7291590888315, "spark.shuffle.compress": 0.970443354717814, "spark.shuffle.file.buffer": 47.461773372103345, "spark.shuffle.io.numConnectionsPerPeer": 2.9568584102107316, "spark.shuffle.sort.bypassMergeThreshold": 251.13365184897037, "spark.storage.memoryMapThreshold": 1.0973460538707027}, "datetime": {"datetime": "2022-01-26 22:31:41", "elapsed": 3390.305996, "delta": 232.766014}}
{"target": -223.701, "params": {"spark.broadcast.blockSize": 55.401329008239394, "spark.broadcast.checksum": 0.4887587974640746, "spark.broadcast.compress": 0.4221766481327461, "spark.default.parallelism": 430.89052908177206, "spark.executor.cores": 2.4600495000937337, "spark.executor.instances": 7.1263344975957015, "spark.executor.memory": 6.306142425099179, "spark.executor.memoryOverhead": 798.9885061374847, "spark.kryoserializer.buffer": 45.68542310649298, "spark.kryoserializer.buffer.max": 104.12941904699406, "spark.locality.wait": 6.1810856387566835, "spark.maxRemoteBlockSizeFetchToMem": 1908276263.4260402, "spark.memory.fraction": 0.5652010275975694, "spark.memory.offHeap.enabled": 0.29857720084062833, "spark.memory.offHeap.size": 779.7611569802251, "spark.memory.storageFraction": 0.6336913573076237, "spark.rdd.compress": 0.1996619824156169, "spark.reducer.maxBlocksInFlightPerAddress": 1695809622.9791288, "spark.reducer.maxReqsInFlight": 1233550883.21133, "spark.reducer.maxSizeInFlight": 30.587269812472204, "spark.scheduler.mode": 0.7489599374071844, "spark.scheduler.revive.interval": 613.8580441326453, "spark.shuffle.compress": 0.9256439314785762, "spark.shuffle.file.buffer": 47.111877787918885, "spark.shuffle.io.numConnectionsPerPeer": 2.694929875059872, "spark.shuffle.sort.bypassMergeThreshold": 234.68095232451313, "spark.storage.memoryMapThreshold": 1.5725224563515279}, "datetime": {"datetime": "2022-01-26 22:35:33", "elapsed": 3622.918154, "delta": 232.612158}}
{"target": -228.296, "params": {"spark.broadcast.blockSize": 54.53668731156548, "spark.broadcast.checksum": 0.37777217786415007, "spark.broadcast.compress": 0.3487058960145025, "spark.default.parallelism": 425.2077694328772, "spark.executor.cores": 2.4155148674924147, "spark.executor.instances": 7.383331031803775, "spark.executor.memory": 5.819571856214099, "spark.executor.memoryOverhead": 785.1698979345134, "spark.kryoserializer.buffer": 45.212902128104446, "spark.kryoserializer.buffer.max": 105.76499691989748, "spark.locality.wait": 6.266394697695705, "spark.maxRemoteBlockSizeFetchToMem": 1773502984.3264735, "spark.memory.fraction": 0.5620670678323165, "spark.memory.offHeap.enabled": 0.3714017852270157, "spark.memory.offHeap.size": 768.3009542152887, "spark.memory.storageFraction": 0.6700744060573911, "spark.rdd.compress": 0.25041500632987845, "spark.reducer.maxBlocksInFlightPerAddress": 1615719055.5784943, "spark.reducer.maxReqsInFlight": 1207386449.7784383, "spark.reducer.maxSizeInFlight": 28.71852780963346, "spark.scheduler.mode": 0.6774051444982666, "spark.scheduler.revive.interval": 610.9004126979738, "spark.shuffle.compress": 0.8553972767245247, "spark.shuffle.file.buffer": 47.731541369508214, "spark.shuffle.io.numConnectionsPerPeer": 3.3576547481256327, "spark.shuffle.sort.bypassMergeThreshold": 245.4231388038568, "spark.storage.memoryMapThreshold": 1.4208607564390607}, "datetime": {"datetime": "2022-01-26 22:39:30", "elapsed": 3859.773402, "delta": 236.855248}}
{"target": -189.437, "params": {"spark.broadcast.blockSize": 55.099580238112395, "spark.broadcast.checksum": 0.34599430758919936, "spark.broadcast.compress": 0.44127590909525655, "spark.default.parallelism": 437.6964238104074, "spark.executor.cores": 2.5136342433986925, "spark.executor.instances": 7.657445267272829, "spark.executor.memory": 6.057137058902375, "spark.executor.memoryOverhead": 755.5189058712316, "spark.kryoserializer.buffer": 39.430317429957, "spark.kryoserializer.buffer.max": 110.91509132865703, "spark.locality.wait": 5.703383168699388, "spark.maxRemoteBlockSizeFetchToMem": 1833313684.7571924, "spark.memory.fraction": 0.5915738268940596, "spark.memory.offHeap.enabled": 0.3696363589298803, "spark.memory.offHeap.size": 827.0040359661496, "spark.memory.storageFraction": 0.6475133689427524, "spark.rdd.compress": 0.1629865372538363, "spark.reducer.maxBlocksInFlightPerAddress": 1639214730.1388586, "spark.reducer.maxReqsInFlight": 1219525381.1347523, "spark.reducer.maxSizeInFlight": 25.833403042713616, "spark.scheduler.mode": 0.7133535461799134, "spark.scheduler.revive.interval": 613.5222707494518, "spark.shuffle.compress": 0.8912463327950362, "spark.shuffle.file.buffer": 45.57811215920861, "spark.shuffle.io.numConnectionsPerPeer": 2.930396840423332, "spark.shuffle.sort.bypassMergeThreshold": 252.00188081383516, "spark.storage.memoryMapThreshold": 1.1855160610788003}, "datetime": {"datetime": "2022-01-26 22:42:48", "elapsed": 4057.932885, "delta": 198.159483}}
{"target": -183.023, "params": {"spark.broadcast.blockSize": 52.93195256189673, "spark.broadcast.checksum": 0.40041109165235766, "spark.broadcast.compress": 0.44136912934516215, "spark.default.parallelism": 414.9845057849456, "spark.executor.cores": 2.7131945334895855, "spark.executor.instances": 7.2608104771635, "spark.executor.memory": 5.830326610523079, "spark.executor.memoryOverhead": 774.8765836760653, "spark.kryoserializer.buffer": 43.70425605330277, "spark.kryoserializer.buffer.max": 108.95640192421928, "spark.locality.wait": 6.234987667440375, "spark.maxRemoteBlockSizeFetchToMem": 1874775869.7878516, "spark.memory.fraction": 0.5595792701871906, "spark.memory.offHeap.enabled": 0.2807275038490505, "spark.memory.offHeap.size": 802.1038155912725, "spark.memory.storageFraction": 0.6226546584775248, "spark.rdd.compress": 0.1565491312573331, "spark.reducer.maxBlocksInFlightPerAddress": 1658583580.177293, "spark.reducer.maxReqsInFlight": 1215030826.2146373, "spark.reducer.maxSizeInFlight": 28.31799322839996, "spark.scheduler.mode": 0.6951672485868943, "spark.scheduler.revive.interval": 623.5047854263838, "spark.shuffle.compress": 0.948222599710917, "spark.shuffle.file.buffer": 46.11419409295061, "spark.shuffle.io.numConnectionsPerPeer": 2.7926689860088856, "spark.shuffle.sort.bypassMergeThreshold": 260.9805633152785, "spark.storage.memoryMapThreshold": 1.450097135785894}, "datetime": {"datetime": "2022-01-26 22:46:00", "elapsed": 4249.734022, "delta": 191.801137}}
{"target": -225.032, "params": {"spark.broadcast.blockSize": 53.284362095161946, "spark.broadcast.checksum": 0.4205318744582184, "spark.broadcast.compress": 0.37673349170563897, "spark.default.parallelism": 424.9470631808589, "spark.executor.cores": 2.4817668758518225, "spark.executor.instances": 7.308425144549012, "spark.executor.memory": 6.174357455778556, "spark.executor.memoryOverhead": 748.3727583748098, "spark.kryoserializer.buffer": 40.286958073928496, "spark.kryoserializer.buffer.max": 111.92576810590727, "spark.locality.wait": 6.169902533051409, "spark.maxRemoteBlockSizeFetchToMem": 1879878624.7473307, "spark.memory.fraction": 0.5873098404081873, "spark.memory.offHeap.enabled": 0.3346871592498919, "spark.memory.offHeap.size": 786.0736372407296, "spark.memory.storageFraction": 0.6425946752362282, "spark.rdd.compress": 0.20957794720718187, "spark.reducer.maxBlocksInFlightPerAddress": 1617270064.3078053, "spark.reducer.maxReqsInFlight": 1163369274.88629, "spark.reducer.maxSizeInFlight": 30.30544312879949, "spark.scheduler.mode": 0.7624099479029117, "spark.scheduler.revive.interval": 581.8349778619427, "spark.shuffle.compress": 0.8954257863467241, "spark.shuffle.file.buffer": 47.88240020473694, "spark.shuffle.io.numConnectionsPerPeer": 2.9236596958261334, "spark.shuffle.sort.bypassMergeThreshold": 258.9605764676862, "spark.storage.memoryMapThreshold": 1.2852360264690554}, "datetime": {"datetime": "2022-01-26 22:49:54", "elapsed": 4483.652273, "delta": 233.918251}}
{"target": -229.597, "params": {"spark.broadcast.blockSize": 52.46240232947856, "spark.broadcast.checksum": 0.41626968644967377, "spark.broadcast.compress": 0.44757888976707494, "spark.default.parallelism": 420.60304752076524, "spark.executor.cores": 2.539318549800333, "spark.executor.instances": 7.462668959613269, "spark.executor.memory": 6.1644652870903, "spark.executor.memoryOverhead": 770.7624523010257, "spark.kryoserializer.buffer": 34.453114523665256, "spark.kryoserializer.buffer.max": 112.45014797355078, "spark.locality.wait": 6.229466157996995, "spark.maxRemoteBlockSizeFetchToMem": 1769437931.8581376, "spark.memory.fraction": 0.5700755992267306, "spark.memory.offHeap.enabled": 0.26429633283073706, "spark.memory.offHeap.size": 803.5982573509284, "spark.memory.storageFraction": 0.6599729541721107, "spark.rdd.compress": 0.18870365934787586, "spark.reducer.maxBlocksInFlightPerAddress": 1602355303.641873, "spark.reducer.maxReqsInFlight": 1183725955.2411032, "spark.reducer.maxSizeInFlight": 29.380929321642782, "spark.scheduler.mode": 0.7288037406126783, "spark.scheduler.revive.interval": 597.9916836496927, "spark.shuffle.compress": 0.8813276647773655, "spark.shuffle.file.buffer": 46.71291464373504, "spark.shuffle.io.numConnectionsPerPeer": 3.097151636401456, "spark.shuffle.sort.bypassMergeThreshold": 253.68182371942697, "spark.storage.memoryMapThreshold": 1.3671935267398587}, "datetime": {"datetime": "2022-01-26 22:53:52", "elapsed": 4722.111571, "delta": 238.459298}}
{"target": -241.818, "params": {"spark.broadcast.blockSize": 53.2057881786109, "spark.broadcast.checksum": 0.39340999057910386, "spark.broadcast.compress": 0.43887699434403116, "spark.default.parallelism": 432.4003984034416, "spark.executor.cores": 2.5109294452504045, "spark.executor.instances": 7.262145824308717, "spark.executor.memory": 5.936751258108702, "spark.executor.memoryOverhead": 775.1777794006175, "spark.kryoserializer.buffer": 35.437871954700576, "spark.kryoserializer.buffer.max": 114.0412985628407, "spark.locality.wait": 5.872954619287637, "spark.maxRemoteBlockSizeFetchToMem": 1803829966.3027291, "spark.memory.fraction": 0.5749036983239081, "spark.memory.offHeap.enabled": 0.35975948838912175, "spark.memory.offHeap.size": 792.9930144828954, "spark.memory.storageFraction": 0.646322737531313, "spark.rdd.compress": 0.22189832001181461, "spark.reducer.maxBlocksInFlightPerAddress": 1645386024.3076634, "spark.reducer.maxReqsInFlight": 1203494560.4849515, "spark.reducer.maxSizeInFlight": 28.936816101057946, "spark.scheduler.mode": 0.7493579267354538, "spark.scheduler.revive.interval": 611.293377379155, "spark.shuffle.compress": 0.905853195795755, "spark.shuffle.file.buffer": 45.99068724241394, "spark.shuffle.io.numConnectionsPerPeer": 3.0043457625735677, "spark.shuffle.sort.bypassMergeThreshold": 242.38621234512064, "spark.storage.memoryMapThreshold": 1.5078326838884686}, "datetime": {"datetime": "2022-01-26 22:58:03", "elapsed": 4972.713752, "delta": 250.602181}}
{"target": -189.119, "params": {"spark.broadcast.blockSize": 53.21832733459485, "spark.broadcast.checksum": 0.4033383541028659, "spark.broadcast.compress": 0.43444900770146744, "spark.default.parallelism": 425.87171951934323, "spark.executor.cores": 2.524679108774561, "spark.executor.instances": 7.40880194314057, "spark.executor.memory": 5.860283538908646, "spark.executor.memoryOverhead": 776.5111245374189, "spark.kryoserializer.buffer": 42.09359888663672, "spark.kryoserializer.buffer.max": 112.66884873996817, "spark.locality.wait": 5.946538226599199, "spark.maxRemoteBlockSizeFetchToMem": 1786119172.596381, "spark.memory.fraction": 0.5838199502659926, "spark.memory.offHeap.enabled": 0.35736282841182765, "spark.memory.offHeap.size": 798.0215245994325, "spark.memory.storageFraction": 0.6473794339788415, "spark.rdd.compress": 0.2042868775607715, "spark.reducer.maxBlocksInFlightPerAddress": 1641730354.956979, "spark.reducer.maxReqsInFlight": 1225874566.4858675, "spark.reducer.maxSizeInFlight": 27.56083874163804, "spark.scheduler.mode": 0.7458756202342837, "spark.scheduler.revive.interval": 589.6681015068287, "spark.shuffle.compress": 0.8847720688032817, "spark.shuffle.file.buffer": 46.01440678892225, "spark.shuffle.io.numConnectionsPerPeer": 2.9177081319955582, "spark.shuffle.sort.bypassMergeThreshold": 254.4990038010378, "spark.storage.memoryMapThreshold": 1.3278187338403473}, "datetime": {"datetime": "2022-01-26 23:01:21", "elapsed": 5170.555487, "delta": 197.841735}}
{"target": -195.059, "params": {"spark.broadcast.blockSize": 52.66623141105348, "spark.broadcast.checksum": 0.4207191361441128, "spark.broadcast.compress": 0.4154630593136144, "spark.default.parallelism": 417.75036936226525, "spark.executor.cores": 2.6795109412001574, "spark.executor.instances": 7.53264547020123, "spark.executor.memory": 5.959592125525628, "spark.executor.memoryOverhead": 790.1365214994311, "spark.kryoserializer.buffer": 36.043956675123, "spark.kryoserializer.buffer.max": 112.38872764515415, "spark.locality.wait": 5.995765731804805, "spark.maxRemoteBlockSizeFetchToMem": 1850609321.43673, "spark.memory.fraction": 0.57644001364024, "spark.memory.offHeap.enabled": 0.3220931302271371, "spark.memory.offHeap.size": 773.1318420204458, "spark.memory.storageFraction": 0.6394002742328694, "spark.rdd.compress": 0.194861138464073, "spark.reducer.maxBlocksInFlightPerAddress": 1665289138.0857008, "spark.reducer.maxReqsInFlight": 1177676219.905391, "spark.reducer.maxSizeInFlight": 27.71379805415932, "spark.scheduler.mode": 0.714446050973146, "spark.scheduler.revive.interval": 579.9467396802328, "spark.shuffle.compress": 0.9255843825126816, "spark.shuffle.file.buffer": 47.43410408210057, "spark.shuffle.io.numConnectionsPerPeer": 3.066032973789753, "spark.shuffle.sort.bypassMergeThreshold": 249.25514866046808, "spark.storage.memoryMapThreshold": 1.4649883351585788}, "datetime": {"datetime": "2022-01-26 23:04:45", "elapsed": 5374.40023, "delta": 203.844743}}
