{"target": -209.646, "params": {"spark.broadcast.blockSize": 39.0, "spark.broadcast.checksum": 1.0, "spark.broadcast.compress": 1.0, "spark.default.parallelism": 308.0, "spark.executor.cores": 3.0, "spark.executor.instances": 6.0, "spark.executor.memory": 6.0, "spark.executor.memoryOverhead": 497.0, "spark.kryoserializer.buffer": 95.0, "spark.kryoserializer.buffer.max": 126.0, "spark.locality.wait": 4.0, "spark.maxRemoteBlockSizeFetchToMem": 1334243554.0, "spark.memory.fraction": 0.79, "spark.memory.offHeap.enabled": 1.0, "spark.memory.offHeap.size": 934.0, "spark.memory.storageFraction": 0.61, "spark.rdd.compress": 0.0, "spark.reducer.maxBlocksInFlightPerAddress": 1085153271.0, "spark.reducer.maxReqsInFlight": 1768916002.0, "spark.reducer.maxSizeInFlight": 53.0, "spark.scheduler.mode": 0.0, "spark.scheduler.revive.interval": 744.0, "spark.shuffle.compress": 0.0, "spark.shuffle.file.buffer": 46.0, "spark.shuffle.io.numConnectionsPerPeer": 4.0, "spark.shuffle.sort.bypassMergeThreshold": 244.0, "spark.storage.memoryMapThreshold": 4.0}, "datetime": {"datetime": "2022-01-26 21:35:10", "elapsed": 0.0, "delta": 0.0}}
{"target": -300.603, "params": {"spark.broadcast.blockSize": 58.0, "spark.broadcast.checksum": 1.0, "spark.broadcast.compress": 1.0, "spark.default.parallelism": 358.0, "spark.executor.cores": 1.0, "spark.executor.instances": 8.0, "spark.executor.memory": 3.0, "spark.executor.memoryOverhead": 384.0, "spark.kryoserializer.buffer": 80.0, "spark.kryoserializer.buffer.max": 84.0, "spark.locality.wait": 6.0, "spark.maxRemoteBlockSizeFetchToMem": 1660511439.0, "spark.memory.fraction": 0.54, "spark.memory.offHeap.enabled": 1.0, "spark.memory.offHeap.size": 1008.0, "spark.memory.storageFraction": 0.6, "spark.rdd.compress": 0.0, "spark.reducer.maxBlocksInFlightPerAddress": 1269014963.0, "spark.reducer.maxReqsInFlight": 1902051975.0, "spark.reducer.maxSizeInFlight": 46.0, "spark.scheduler.mode": 0.0, "spark.scheduler.revive.interval": 512.0, "spark.shuffle.compress": 0.0, "spark.shuffle.file.buffer": 33.0, "spark.shuffle.io.numConnectionsPerPeer": 5.0, "spark.shuffle.sort.bypassMergeThreshold": 220.0, "spark.storage.memoryMapThreshold": 2.0}, "datetime": {"datetime": "2022-01-26 21:35:10", "elapsed": 0.000279, "delta": 0.000279}}
{"target": -210.803, "params": {"spark.broadcast.blockSize": 48.0, "spark.broadcast.checksum": 0.0, "spark.broadcast.compress": 0.0, "spark.default.parallelism": 360.0, "spark.executor.cores": 2.0, "spark.executor.instances": 8.0, "spark.executor.memory": 4.0, "spark.executor.memoryOverhead": 445.0, "spark.kryoserializer.buffer": 93.0, "spark.kryoserializer.buffer.max": 118.0, "spark.locality.wait": 5.0, "spark.maxRemoteBlockSizeFetchToMem": 1439489439.0, "spark.memory.fraction": 0.71, "spark.memory.offHeap.enabled": 1.0, "spark.memory.offHeap.size": 535.0, "spark.memory.storageFraction": 0.87, "spark.rdd.compress": 1.0, "spark.reducer.maxBlocksInFlightPerAddress": 1364761151.0, "spark.reducer.maxReqsInFlight": 1141528201.0, "spark.reducer.maxSizeInFlight": 69.0, "spark.scheduler.mode": 0.0, "spark.scheduler.revive.interval": 594.0, "spark.shuffle.compress": 0.0, "spark.shuffle.file.buffer": 27.0, "spark.shuffle.io.numConnectionsPerPeer": 4.0, "spark.shuffle.sort.bypassMergeThreshold": 161.0, "spark.storage.memoryMapThreshold": 3.0}, "datetime": {"datetime": "2022-01-26 21:35:10", "elapsed": 0.000429, "delta": 0.00015}}
{"target": -207.942, "params": {"spark.broadcast.blockSize": 57.0, "spark.broadcast.checksum": 1.0, "spark.broadcast.compress": 0.0, "spark.default.parallelism": 342.0, "spark.executor.cores": 2.0, "spark.executor.instances": 8.0, "spark.executor.memory": 5.0, "spark.executor.memoryOverhead": 396.0, "spark.kryoserializer.buffer": 75.0, "spark.kryoserializer.buffer.max": 64.0, "spark.locality.wait": 5.0, "spark.maxRemoteBlockSizeFetchToMem": 1620198784.0, "spark.memory.fraction": 0.63, "spark.memory.offHeap.enabled": 0.0, "spark.memory.offHeap.size": 0.0, "spark.memory.storageFraction": 0.6, "spark.rdd.compress": 0.0, "spark.reducer.maxBlocksInFlightPerAddress": 1827248640.0, "spark.reducer.maxReqsInFlight": 1675501952.0, "spark.reducer.maxSizeInFlight": 54.0, "spark.scheduler.mode": 1.0, "spark.scheduler.revive.interval": 767.0, "spark.shuffle.compress": 0.0, "spark.shuffle.file.buffer": 20.0, "spark.shuffle.io.numConnectionsPerPeer": 4.0, "spark.shuffle.sort.bypassMergeThreshold": 212.0, "spark.storage.memoryMapThreshold": 2.0}, "datetime": {"datetime": "2022-01-26 21:35:10", "elapsed": 0.000555, "delta": 0.000126}}
{"target": -220.532, "params": {"spark.broadcast.blockSize": 58.0, "spark.broadcast.checksum": 1.0, "spark.broadcast.compress": 0.0, "spark.default.parallelism": 346.0, "spark.executor.cores": 2.0, "spark.executor.instances": 8.0, "spark.executor.memory": 5.0, "spark.executor.memoryOverhead": 384.0, "spark.kryoserializer.buffer": 74.0, "spark.kryoserializer.buffer.max": 61.0, "spark.locality.wait": 5.0, "spark.maxRemoteBlockSizeFetchToMem": 1638957056.0, "spark.memory.fraction": 0.63, "spark.memory.offHeap.enabled": 0.0, "spark.memory.offHeap.size": 0.0, "spark.memory.storageFraction": 0.62, "spark.rdd.compress": 0.0, "spark.reducer.maxBlocksInFlightPerAddress": 1814493696.0, "spark.reducer.maxReqsInFlight": 1691712000.0, "spark.reducer.maxSizeInFlight": 56.0, "spark.scheduler.mode": 1.0, "spark.scheduler.revive.interval": 751.0, "spark.shuffle.compress": 0.0, "spark.shuffle.file.buffer": 21.0, "spark.shuffle.io.numConnectionsPerPeer": 4.0, "spark.shuffle.sort.bypassMergeThreshold": 214.0, "spark.storage.memoryMapThreshold": 2.0}, "datetime": {"datetime": "2022-01-26 21:35:10", "elapsed": 0.000689, "delta": 0.000134}}
{"target": -216.546, "params": {"spark.broadcast.blockSize": 56.0, "spark.broadcast.checksum": 1.0, "spark.broadcast.compress": 0.0, "spark.default.parallelism": 339.0, "spark.executor.cores": 2.0, "spark.executor.instances": 8.0, "spark.executor.memory": 5.0, "spark.executor.memoryOverhead": 431.0, "spark.kryoserializer.buffer": 74.0, "spark.kryoserializer.buffer.max": 67.0, "spark.locality.wait": 6.0, "spark.maxRemoteBlockSizeFetchToMem": 1611314176.0, "spark.memory.fraction": 0.64, "spark.memory.offHeap.enabled": 0.0, "spark.memory.offHeap.size": 0.0, "spark.memory.storageFraction": 0.63, "spark.rdd.compress": 0.0, "spark.reducer.maxBlocksInFlightPerAddress": 1739004160.0, "spark.reducer.maxReqsInFlight": 1668868992.0, "spark.reducer.maxSizeInFlight": 54.0, "spark.scheduler.mode": 1.0, "spark.scheduler.revive.interval": 759.0, "spark.shuffle.compress": 0.0, "spark.shuffle.file.buffer": 21.0, "spark.shuffle.io.numConnectionsPerPeer": 4.0, "spark.shuffle.sort.bypassMergeThreshold": 219.0, "spark.storage.memoryMapThreshold": 2.0}, "datetime": {"datetime": "2022-01-26 21:35:10", "elapsed": 0.000807, "delta": 0.000118}}
{"target": -182.644, "params": {"spark.broadcast.blockSize": 53.319378844037786, "spark.broadcast.checksum": 0.4076928616011777, "spark.broadcast.compress": 0.40872162742522244, "spark.default.parallelism": 428.5731435615442, "spark.executor.cores": 2.6168142799516043, "spark.executor.instances": 7.441458726774114, "spark.executor.memory": 5.989917180549119, "spark.executor.memoryOverhead": 776.8217305977164, "spark.kryoserializer.buffer": 39.179933665809, "spark.kryoserializer.buffer.max": 110.59017331880966, "spark.locality.wait": 5.960609936242033, "spark.maxRemoteBlockSizeFetchToMem": 1820950993.7819133, "spark.memory.fraction": 0.5819487127885881, "spark.memory.offHeap.enabled": 0.317771678406504, "spark.memory.offHeap.size": 790.1742286421016, "spark.memory.storageFraction": 0.6437878498964057, "spark.rdd.compress": 0.17819513586510882, "spark.reducer.maxBlocksInFlightPerAddress": 1656231736.749563, "spark.reducer.maxReqsInFlight": 1205971683.5372324, "spark.reducer.maxSizeInFlight": 28.47079050600625, "spark.scheduler.mode": 0.7425075043188091, "spark.scheduler.revive.interval": 595.686388771102, "spark.shuffle.compress": 0.8949256002829524, "spark.shuffle.file.buffer": 47.341508346482385, "spark.shuffle.io.numConnectionsPerPeer": 3.024977378829365, "spark.shuffle.sort.bypassMergeThreshold": 251.39466693013043, "spark.storage.memoryMapThreshold": 1.3905136894752719}, "datetime": {"datetime": "2022-01-26 21:38:22", "elapsed": 191.366772, "delta": 191.365965}}
{"target": -238.924, "params": {"spark.broadcast.blockSize": 61.515613792834266, "spark.broadcast.checksum": 0.3039026115374115, "spark.broadcast.compress": 0.13624287559621026, "spark.default.parallelism": 381.41735578656693, "spark.executor.cores": 3.0717748837076826, "spark.executor.instances": 7.171887025408797, "spark.executor.memory": 5.097254797908548, "spark.executor.memoryOverhead": 837.4455939082903, "spark.kryoserializer.buffer": 70.93016480413263, "spark.kryoserializer.buffer.max": 114.9323745883601, "spark.locality.wait": 5.623898949714029, "spark.maxRemoteBlockSizeFetchToMem": 1875612689.0678499, "spark.memory.fraction": 0.5344316390792307, "spark.memory.offHeap.enabled": 0.26422115487147524, "spark.memory.offHeap.size": 909.4523238545023, "spark.memory.storageFraction": 0.7721704971664577, "spark.rdd.compress": 0.3848076119164044, "spark.reducer.maxBlocksInFlightPerAddress": 1384070643.117711, "spark.reducer.maxReqsInFlight": 1356311946.0103416, "spark.reducer.maxSizeInFlight": 41.812701712902566, "spark.scheduler.mode": 0.35857505390082356, "spark.scheduler.revive.interval": 669.2264670079796, "spark.shuffle.compress": 0.5150653365311734, "spark.shuffle.file.buffer": 42.59963418293377, "spark.shuffle.io.numConnectionsPerPeer": 1.6649495082473196, "spark.shuffle.sort.bypassMergeThreshold": 282.1851661431467, "spark.storage.memoryMapThreshold": 1.2162839479986547}, "datetime": {"datetime": "2022-01-26 21:42:29", "elapsed": 439.164495, "delta": 247.797723}}
{"target": -216.647, "params": {"spark.broadcast.blockSize": 57.61396380485064, "spark.broadcast.checksum": 0.29082938369644473, "spark.broadcast.compress": 0.12241751225140513, "spark.default.parallelism": 367.2538574023235, "spark.executor.cores": 1.9329005982803362, "spark.executor.instances": 7.734304282509626, "spark.executor.memory": 5.272835567642939, "spark.executor.memoryOverhead": 704.1802988144574, "spark.kryoserializer.buffer": 58.93944876920084, "spark.kryoserializer.buffer.max": 125.15901685848868, "spark.locality.wait": 4.423048953750633, "spark.maxRemoteBlockSizeFetchToMem": 1456625618.8056734, "spark.memory.fraction": 0.7215693767928355, "spark.memory.offHeap.enabled": 0.3223018545160885, "spark.memory.offHeap.size": 713.7131689830981, "spark.memory.storageFraction": 0.6155046241361075, "spark.rdd.compress": 0.24407608184821702, "spark.reducer.maxBlocksInFlightPerAddress": 1375633975.9049194, "spark.reducer.maxReqsInFlight": 1233523155.24056, "spark.reducer.maxSizeInFlight": 33.918990732723984, "spark.scheduler.mode": 0.7522399814459051, "spark.scheduler.revive.interval": 673.9904990354001, "spark.shuffle.compress": 0.8278460046771255, "spark.shuffle.file.buffer": 47.80160007325969, "spark.shuffle.io.numConnectionsPerPeer": 2.23466078459008, "spark.shuffle.sort.bypassMergeThreshold": 184.69895274600518, "spark.storage.memoryMapThreshold": 1.83960652146077}, "datetime": {"datetime": "2022-01-26 21:46:15", "elapsed": 664.52408, "delta": 225.359585}}
{"target": -186.645, "params": {"spark.broadcast.blockSize": 58.890026146379526, "spark.broadcast.checksum": 0.11989393055807196, "spark.broadcast.compress": 0.42086247052525855, "spark.default.parallelism": 403.0028018090622, "spark.executor.cores": 2.640692860377554, "spark.executor.instances": 7.697418904662343, "spark.executor.memory": 6.418947923060111, "spark.executor.memoryOverhead": 856.688668709839, "spark.kryoserializer.buffer": 44.06508715231504, "spark.kryoserializer.buffer.max": 127.31857352230625, "spark.locality.wait": 4.494648609012358, "spark.maxRemoteBlockSizeFetchToMem": 1831143037.4732404, "spark.memory.fraction": 0.6727491969601058, "spark.memory.offHeap.enabled": 0.459500868412861, "spark.memory.offHeap.size": 940.2564953894531, "spark.memory.storageFraction": 0.5793067575977697, "spark.rdd.compress": 0.22924984179979505, "spark.reducer.maxBlocksInFlightPerAddress": 1509467486.0387988, "spark.reducer.maxReqsInFlight": 1517476410.6979687, "spark.reducer.maxSizeInFlight": 33.613277048467054, "spark.scheduler.mode": 0.49426560566238475, "spark.scheduler.revive.interval": 596.336050619857, "spark.shuffle.compress": 0.6912740284880666, "spark.shuffle.file.buffer": 44.72435237903652, "spark.shuffle.io.numConnectionsPerPeer": 3.991711508409791, "spark.shuffle.sort.bypassMergeThreshold": 304.48956871978737, "spark.storage.memoryMapThreshold": 2.300885510313967}, "datetime": {"datetime": "2022-01-26 21:49:30", "elapsed": 859.877206, "delta": 195.353126}}
{"target": -255.014, "params": {"spark.broadcast.blockSize": 56.52249459616027, "spark.broadcast.checksum": 0.23303375802234638, "spark.broadcast.compress": 0.6931080815062295, "spark.default.parallelism": 381.003272203661, "spark.executor.cores": 2.0154605194102784, "spark.executor.instances": 6.466413688783799, "spark.executor.memory": 6.830293224641447, "spark.executor.memoryOverhead": 790.9516097698719, "spark.kryoserializer.buffer": 43.65569587010156, "spark.kryoserializer.buffer.max": 96.68816612400309, "spark.locality.wait": 4.631035567385525, "spark.maxRemoteBlockSizeFetchToMem": 1888464959.1887133, "spark.memory.fraction": 0.5681550785913121, "spark.memory.offHeap.enabled": 0.6036298907028563, "spark.memory.offHeap.size": 715.836508497976, "spark.memory.storageFraction": 0.5289775237862179, "spark.rdd.compress": 0.10993005230438697, "spark.reducer.maxBlocksInFlightPerAddress": 1868385180.1568632, "spark.reducer.maxReqsInFlight": 1130065900.8972347, "spark.reducer.maxSizeInFlight": 37.39047532417417, "spark.scheduler.mode": 0.8232856679156142, "spark.scheduler.revive.interval": 567.687690383744, "spark.shuffle.compress": 0.9461376216544952, "spark.shuffle.file.buffer": 43.79975424034034, "spark.shuffle.io.numConnectionsPerPeer": 3.988950566461908, "spark.shuffle.sort.bypassMergeThreshold": 202.45960565938267, "spark.storage.memoryMapThreshold": 2.037661858748204}, "datetime": {"datetime": "2022-01-26 21:53:54", "elapsed": 1123.737399, "delta": 263.860193}}
{"target": -221.442, "params": {"spark.broadcast.blockSize": 45.75904264934967, "spark.broadcast.checksum": 0.657168942555354, "spark.broadcast.compress": 0.5514761912782031, "spark.default.parallelism": 366.4853106049752, "spark.executor.cores": 2.0489267703372125, "spark.executor.instances": 7.362265923065521, "spark.executor.memory": 5.563207598981056, "spark.executor.memoryOverhead": 744.1265871627018, "spark.kryoserializer.buffer": 62.69054393290211, "spark.kryoserializer.buffer.max": 87.64015695243347, "spark.locality.wait": 4.458354323240465, "spark.maxRemoteBlockSizeFetchToMem": 1701159088.767702, "spark.memory.fraction": 0.5657699501522709, "spark.memory.offHeap.enabled": 0.11061845955188626, "spark.memory.offHeap.size": 659.4968542175358, "spark.memory.storageFraction": 0.5748830831595458, "spark.rdd.compress": 0.3676355877659694, "spark.reducer.maxBlocksInFlightPerAddress": 1644857347.2715359, "spark.reducer.maxReqsInFlight": 1091568751.3419008, "spark.reducer.maxSizeInFlight": 32.13389783771403, "spark.scheduler.mode": 0.4949528940728063, "spark.scheduler.revive.interval": 625.3758487667316, "spark.shuffle.compress": 0.8386037951244858, "spark.shuffle.file.buffer": 40.41134836219747, "spark.shuffle.io.numConnectionsPerPeer": 3.333703872871043, "spark.shuffle.sort.bypassMergeThreshold": 232.13563864470112, "spark.storage.memoryMapThreshold": 1.624402224592227}, "datetime": {"datetime": "2022-01-26 21:57:44", "elapsed": 1353.859686, "delta": 230.122287}}
{"target": -219.015, "params": {"spark.broadcast.blockSize": 53.267063996770666, "spark.broadcast.checksum": 0.20741262682521194, "spark.broadcast.compress": 0.2658097597688643, "spark.default.parallelism": 410.698749640201, "spark.executor.cores": 2.1853025352886166, "spark.executor.instances": 7.800069867485106, "spark.executor.memory": 5.848301972012559, "spark.executor.memoryOverhead": 695.1311688852533, "spark.kryoserializer.buffer": 45.21501730141675, "spark.kryoserializer.buffer.max": 116.88293669116862, "spark.locality.wait": 4.672886095825459, "spark.maxRemoteBlockSizeFetchToMem": 1767722518.9659185, "spark.memory.fraction": 0.5601533187285016, "spark.memory.offHeap.enabled": 0.20696108952657005, "spark.memory.offHeap.size": 698.622361219281, "spark.memory.storageFraction": 0.6926122966570825, "spark.rdd.compress": 0.35434624769872397, "spark.reducer.maxBlocksInFlightPerAddress": 1512424472.4541793, "spark.reducer.maxReqsInFlight": 1074161325.9579961, "spark.reducer.maxSizeInFlight": 38.11311605582247, "spark.scheduler.mode": 0.56077596708329, "spark.scheduler.revive.interval": 595.7339037023547, "spark.shuffle.compress": 0.7269213340656582, "spark.shuffle.file.buffer": 41.78570103549666, "spark.shuffle.io.numConnectionsPerPeer": 3.1709600196163894, "spark.shuffle.sort.bypassMergeThreshold": 227.0989372308391, "spark.storage.memoryMapThreshold": 1.9920839947562874}, "datetime": {"datetime": "2022-01-26 22:01:32", "elapsed": 1581.781805, "delta": 227.922119}}
{"target": -214.376, "params": {"spark.broadcast.blockSize": 59.67330798252289, "spark.broadcast.checksum": 0.24120862371891202, "spark.broadcast.compress": 0.2976096091403365, "spark.default.parallelism": 421.930780241468, "spark.executor.cores": 2.7312387590876335, "spark.executor.instances": 6.639834824016331, "spark.executor.memory": 5.207953659760312, "spark.executor.memoryOverhead": 706.9031789762035, "spark.kryoserializer.buffer": 53.13966907851416, "spark.kryoserializer.buffer.max": 90.99272035154085, "spark.locality.wait": 4.727511565362013, "spark.maxRemoteBlockSizeFetchToMem": 2020515359.4839048, "spark.memory.fraction": 0.5232557049499611, "spark.memory.offHeap.enabled": 0.21899055166440684, "spark.memory.offHeap.size": 873.4542948737021, "spark.memory.storageFraction": 0.7117720767533923, "spark.rdd.compress": 0.34082486606591655, "spark.reducer.maxBlocksInFlightPerAddress": 1585209944.3199522, "spark.reducer.maxReqsInFlight": 1137125515.0990753, "spark.reducer.maxSizeInFlight": 29.869551176949834, "spark.scheduler.mode": 0.7305345418487409, "spark.scheduler.revive.interval": 548.7591855731207, "spark.shuffle.compress": 0.9797868018215976, "spark.shuffle.file.buffer": 47.4990611385777, "spark.shuffle.io.numConnectionsPerPeer": 3.654517651980328, "spark.shuffle.sort.bypassMergeThreshold": 214.36436536070522, "spark.storage.memoryMapThreshold": 1.104148409790317}, "datetime": {"datetime": "2022-01-26 22:05:15", "elapsed": 1804.82397, "delta": 223.042165}}
{"target": -184.852, "params": {"spark.broadcast.blockSize": 48.95417450551514, "spark.broadcast.checksum": 0.4861664349677697, "spark.broadcast.compress": 0.42283416298324894, "spark.default.parallelism": 402.9339231717924, "spark.executor.cores": 2.9001938484430205, "spark.executor.instances": 6.883451431447155, "spark.executor.memory": 5.4014375088564535, "spark.executor.memoryOverhead": 845.652483974891, "spark.kryoserializer.buffer": 44.69710796722347, "spark.kryoserializer.buffer.max": 92.88812425734712, "spark.locality.wait": 6.998563489705572, "spark.maxRemoteBlockSizeFetchToMem": 1692182915.289091, "spark.memory.fraction": 0.5931994710811526, "spark.memory.offHeap.enabled": 0.1932229342335086, "spark.memory.offHeap.size": 783.6627620157632, "spark.memory.storageFraction": 0.6872247420317377, "spark.rdd.compress": 0.25053955573496306, "spark.reducer.maxBlocksInFlightPerAddress": 1664269327.0794692, "spark.reducer.maxReqsInFlight": 1227629788.5783548, "spark.reducer.maxSizeInFlight": 26.744115538242333, "spark.scheduler.mode": 0.9063033943802967, "spark.scheduler.revive.interval": 682.8719146074599, "spark.shuffle.compress": 0.9413685896586423, "spark.shuffle.file.buffer": 47.89020800801941, "spark.shuffle.io.numConnectionsPerPeer": 2.6117565098977904, "spark.shuffle.sort.bypassMergeThreshold": 278.60411575548983, "spark.storage.memoryMapThreshold": 1.284588352201106}, "datetime": {"datetime": "2022-01-26 22:08:29", "elapsed": 1998.517442, "delta": 193.693472}}
{"target": -226.17, "params": {"spark.broadcast.blockSize": 56.14498077117163, "spark.broadcast.checksum": 0.3549587930298046, "spark.broadcast.compress": 0.3566794974889127, "spark.default.parallelism": 414.95444943368705, "spark.executor.cores": 2.318684932712271, "spark.executor.instances": 7.895751996061933, "spark.executor.memory": 6.504113246089398, "spark.executor.memoryOverhead": 846.0747474418505, "spark.kryoserializer.buffer": 36.586045682154435, "spark.kryoserializer.buffer.max": 102.30355553169068, "spark.locality.wait": 5.402858520437184, "spark.maxRemoteBlockSizeFetchToMem": 1881786051.7111113, "spark.memory.fraction": 0.5669777699965804, "spark.memory.offHeap.enabled": 0.37245723516077855, "spark.memory.offHeap.size": 746.912579664667, "spark.memory.storageFraction": 0.6239935457742042, "spark.rdd.compress": 0.0474214147416263, "spark.reducer.maxBlocksInFlightPerAddress": 1565897171.3218832, "spark.reducer.maxReqsInFlight": 1292453491.1172342, "spark.reducer.maxSizeInFlight": 26.395903881661916, "spark.scheduler.mode": 0.7952666686842409, "spark.scheduler.revive.interval": 627.5698679141116, "spark.shuffle.compress": 0.9499124687645575, "spark.shuffle.file.buffer": 46.977225383958206, "spark.shuffle.io.numConnectionsPerPeer": 2.900654355062814, "spark.shuffle.sort.bypassMergeThreshold": 264.8106249271076, "spark.storage.memoryMapThreshold": 1.6483447007541212}, "datetime": {"datetime": "2022-01-26 22:12:24", "elapsed": 2233.619482, "delta": 235.10204}}
