{"target": -219.868, "params": {"spark.broadcast.blockSize": 54.405766971941645, "spark.broadcast.checksum": 0.4061993491008977, "spark.broadcast.compress": 0.3913443108008329, "spark.default.parallelism": 418.833441300251, "spark.executor.cores": 2.5230813886071886, "spark.executor.instances": 7.457026195476688, "spark.executor.memory": 5.878865734365668, "spark.executor.memoryOverhead": 790.1768107375589, "spark.kryoserializer.buffer": 41.07242304889756, "spark.kryoserializer.buffer.max": 112.38469337021746, "spark.locality.wait": 5.9828916449203335, "spark.maxRemoteBlockSizeFetchToMem": 1827997444.2375743, "spark.memory.fraction": 0.5744638611442202, "spark.memory.offHeap.enabled": 0.3300870985989482, "spark.memory.offHeap.size": 808.4016309791976, "spark.memory.storageFraction": 0.6353856670266353, "spark.rdd.compress": 0.1984347232508834, "spark.reducer.maxBlocksInFlightPerAddress": 1670411296.0576458, "spark.reducer.maxReqsInFlight": 1237884710.1811404, "spark.reducer.maxSizeInFlight": 28.730794750108966, "spark.scheduler.mode": 0.7151666289638734, "spark.scheduler.revive.interval": 592.5924339887099, "spark.shuffle.compress": 0.8739415151975964, "spark.shuffle.file.buffer": 46.59062124368415, "spark.shuffle.io.numConnectionsPerPeer": 2.9180188209022124, "spark.shuffle.sort.bypassMergeThreshold": 253.0995730588532, "spark.storage.memoryMapThreshold": 1.4286914691825456}, "datetime": {"datetime": "2022-01-26 23:08:33", "elapsed": 5603.115039, "delta": 228.714809}}
{"target": -189.969, "params": {"spark.broadcast.blockSize": 53.4074019033233, "spark.broadcast.checksum": 0.40100278626555436, "spark.broadcast.compress": 0.4005728395717941, "spark.default.parallelism": 426.0839349373222, "spark.executor.cores": 2.555315775190727, "spark.executor.instances": 7.474017835403594, "spark.executor.memory": 6.057803868858535, "spark.executor.memoryOverhead": 790.6305347165016, "spark.kryoserializer.buffer": 37.56094298605901, "spark.kryoserializer.buffer.max": 113.03393922254901, "spark.locality.wait": 6.02257967782618, "spark.maxRemoteBlockSizeFetchToMem": 1805877398.799697, "spark.memory.fraction": 0.5911593016018387, "spark.memory.offHeap.enabled": 0.34033417324433973, "spark.memory.offHeap.size": 791.1510006122107, "spark.memory.storageFraction": 0.6339128400942492, "spark.rdd.compress": 0.17775257933383135, "spark.reducer.maxBlocksInFlightPerAddress": 1677244586.585532, "spark.reducer.maxReqsInFlight": 1180776325.7349277, "spark.reducer.maxSizeInFlight": 29.276015234693784, "spark.scheduler.mode": 0.7492033588855986, "spark.scheduler.revive.interval": 603.2013914572422, "spark.shuffle.compress": 0.8923419576403612, "spark.shuffle.file.buffer": 47.220507646595806, "spark.shuffle.io.numConnectionsPerPeer": 3.1356771826159178, "spark.shuffle.sort.bypassMergeThreshold": 254.695133793837, "spark.storage.memoryMapThreshold": 1.3738892735949237}, "datetime": {"datetime": "2022-01-26 23:11:52", "elapsed": 5802.036301, "delta": 198.921262}}
{"target": -181.851, "params": {"spark.broadcast.blockSize": 52.54665201030295, "spark.broadcast.checksum": 0.4192601491363646, "spark.broadcast.compress": 0.3842997358909833, "spark.default.parallelism": 427.20148947446745, "spark.executor.cores": 2.597398591198855, "spark.executor.instances": 7.5090400217664595, "spark.executor.memory": 6.024347962773728, "spark.executor.memoryOverhead": 767.5216888729298, "spark.kryoserializer.buffer": 40.75193948252512, "spark.kryoserializer.buffer.max": 112.20824008196185, "spark.locality.wait": 5.846113731544931, "spark.maxRemoteBlockSizeFetchToMem": 1836993542.7480156, "spark.memory.fraction": 0.5771013519434839, "spark.memory.offHeap.enabled": 0.32745665337474833, "spark.memory.offHeap.size": 803.8270478923164, "spark.memory.storageFraction": 0.652403058763499, "spark.rdd.compress": 0.15986786956899127, "spark.reducer.maxBlocksInFlightPerAddress": 1647939833.4824297, "spark.reducer.maxReqsInFlight": 1216800109.2912257, "spark.reducer.maxSizeInFlight": 29.727972136577794, "spark.scheduler.mode": 0.745225711326315, "spark.scheduler.revive.interval": 583.6174351973426, "spark.shuffle.compress": 0.9171508204766124, "spark.shuffle.file.buffer": 47.91799736932296, "spark.shuffle.io.numConnectionsPerPeer": 2.938117351083372, "spark.shuffle.sort.bypassMergeThreshold": 250.90872859714216, "spark.storage.memoryMapThreshold": 1.3841617686061205}, "datetime": {"datetime": "2022-01-26 23:15:03", "elapsed": 5992.529689, "delta": 190.493388}}
{"target": -236.685, "params": {"spark.broadcast.blockSize": 52.66755076376559, "spark.broadcast.checksum": 0.4174473541379719, "spark.broadcast.compress": 0.36474291343263004, "spark.default.parallelism": 428.3041616423425, "spark.executor.cores": 2.610231677026431, "spark.executor.instances": 7.443559334199932, "spark.executor.memory": 5.946780325167945, "spark.executor.memoryOverhead": 756.894656166667, "spark.kryoserializer.buffer": 42.23649414794182, "spark.kryoserializer.buffer.max": 113.38285482188513, "spark.locality.wait": 5.7800986883874135, "spark.maxRemoteBlockSizeFetchToMem": 1844559594.4711823, "spark.memory.fraction": 0.5816898183450471, "spark.memory.offHeap.enabled": 0.34012794193047113, "spark.memory.offHeap.size": 795.279029585509, "spark.memory.storageFraction": 0.6493747212500361, "spark.rdd.compress": 0.1357175332597817, "spark.reducer.maxBlocksInFlightPerAddress": 1656720656.0693564, "spark.reducer.maxReqsInFlight": 1214406655.5417204, "spark.reducer.maxSizeInFlight": 30.592140360527445, "spark.scheduler.mode": 0.7703062966466097, "spark.scheduler.revive.interval": 586.774395548285, "spark.shuffle.compress": 0.9084802947224808, "spark.shuffle.file.buffer": 47.475914045931816, "spark.shuffle.io.numConnectionsPerPeer": 2.9793856534207714, "spark.shuffle.sort.bypassMergeThreshold": 249.16946586119388, "spark.storage.memoryMapThreshold": 1.39887429496336}, "datetime": {"datetime": "2022-01-26 23:19:08", "elapsed": 6238.106301, "delta": 245.576612}}
{"target": -189.879, "params": {"spark.broadcast.blockSize": 52.52290965399344, "spark.broadcast.checksum": 0.4107469474812272, "spark.broadcast.compress": 0.36256246904464307, "spark.default.parallelism": 421.60609061482927, "spark.executor.cores": 2.6562806139949493, "spark.executor.instances": 7.563108233009012, "spark.executor.memory": 5.977897777714795, "spark.executor.memoryOverhead": 761.7374372813836, "spark.kryoserializer.buffer": 40.06951188918769, "spark.kryoserializer.buffer.max": 114.24652927794642, "spark.locality.wait": 5.957053496296519, "spark.maxRemoteBlockSizeFetchToMem": 1835569617.9461727, "spark.memory.fraction": 0.5826735104501908, "spark.memory.offHeap.enabled": 0.3060804096224988, "spark.memory.offHeap.size": 809.8643158244113, "spark.memory.storageFraction": 0.6597429945202227, "spark.rdd.compress": 0.14318217703467165, "spark.reducer.maxBlocksInFlightPerAddress": 1646243348.462489, "spark.reducer.maxReqsInFlight": 1203061618.3537898, "spark.reducer.maxSizeInFlight": 29.492747633284228, "spark.scheduler.mode": 0.7617406931216525, "spark.scheduler.revive.interval": 584.439275134694, "spark.shuffle.compress": 0.9329114533118544, "spark.shuffle.file.buffer": 47.77064966077911, "spark.shuffle.io.numConnectionsPerPeer": 2.865905957988353, "spark.shuffle.sort.bypassMergeThreshold": 255.27963109671003, "spark.storage.memoryMapThreshold": 1.3908619167260314}, "datetime": {"datetime": "2022-01-26 23:22:27", "elapsed": 6436.909275, "delta": 198.802974}}
{"target": -188.415, "params": {"spark.broadcast.blockSize": 53.1615286483388, "spark.broadcast.checksum": 0.4343183934846646, "spark.broadcast.compress": 0.3972162057782107, "spark.default.parallelism": 424.49439691993155, "spark.executor.cores": 2.613618301150508, "spark.executor.instances": 7.503335079818541, "spark.executor.memory": 6.063763657994918, "spark.executor.memoryOverhead": 760.1935102982744, "spark.kryoserializer.buffer": 42.213488843038505, "spark.kryoserializer.buffer.max": 111.68300867686828, "spark.locality.wait": 5.7464440065884554, "spark.maxRemoteBlockSizeFetchToMem": 1817809064.4459486, "spark.memory.fraction": 0.5760548286654454, "spark.memory.offHeap.enabled": 0.3104542168587264, "spark.memory.offHeap.size": 801.1025270061591, "spark.memory.storageFraction": 0.6466688851105513, "spark.rdd.compress": 0.15278366957747735, "spark.reducer.maxBlocksInFlightPerAddress": 1658469001.213736, "spark.reducer.maxReqsInFlight": 1227337529.4496799, "spark.reducer.maxSizeInFlight": 30.57184886065737, "spark.scheduler.mode": 0.7379353831468062, "spark.scheduler.revive.interval": 587.8558876493746, "spark.shuffle.compress": 0.9028277767244806, "spark.shuffle.file.buffer": 47.86081115025692, "spark.shuffle.io.numConnectionsPerPeer": 2.8608973327518097, "spark.shuffle.sort.bypassMergeThreshold": 248.0068549984132, "spark.storage.memoryMapThreshold": 1.444399929397997}, "datetime": {"datetime": "2022-01-26 23:25:45", "elapsed": 6634.340233, "delta": 197.430958}}
{"target": -226.09, "params": {"spark.broadcast.blockSize": 52.18387072264364, "spark.broadcast.checksum": 0.4079644715561336, "spark.broadcast.compress": 0.39573646663961154, "spark.default.parallelism": 428.15276225543784, "spark.executor.cores": 2.586950481389582, "spark.executor.instances": 7.442441993171214, "spark.executor.memory": 6.057919261830904, "spark.executor.memoryOverhead": 768.1683241595039, "spark.kryoserializer.buffer": 40.87274969885986, "spark.kryoserializer.buffer.max": 113.32338064148182, "spark.locality.wait": 5.900476611172648, "spark.maxRemoteBlockSizeFetchToMem": 1822229128.472465, "spark.memory.fraction": 0.5729352382707238, "spark.memory.offHeap.enabled": 0.3221635212783597, "spark.memory.offHeap.size": 798.1040051723112, "spark.memory.storageFraction": 0.6527876036885328, "spark.rdd.compress": 0.16341327944880601, "spark.reducer.maxBlocksInFlightPerAddress": 1655021370.4430673, "spark.reducer.maxReqsInFlight": 1212293286.9082212, "spark.reducer.maxSizeInFlight": 30.06140256322173, "spark.scheduler.mode": 0.7532964795575517, "spark.scheduler.revive.interval": 583.2351162964403, "spark.shuffle.compress": 0.9247109323195185, "spark.shuffle.file.buffer": 47.58629695551495, "spark.shuffle.io.numConnectionsPerPeer": 2.938372769519608, "spark.shuffle.sort.bypassMergeThreshold": 251.46739558478865, "spark.storage.memoryMapThreshold": 1.3838071651919004}, "datetime": {"datetime": "2022-01-26 23:29:40", "elapsed": 6869.582165, "delta": 235.241932}}
{"target": -182.171, "params": {"spark.broadcast.blockSize": 52.59090368077432, "spark.broadcast.checksum": 0.4042165702097282, "spark.broadcast.compress": 0.3778238428512102, "spark.default.parallelism": 425.72990886744316, "spark.executor.cores": 2.5609723675699603, "spark.executor.instances": 7.51219235458544, "spark.executor.memory": 5.9745278906855654, "spark.executor.memoryOverhead": 770.3160001655639, "spark.kryoserializer.buffer": 41.80816918422555, "spark.kryoserializer.buffer.max": 112.08875227927851, "spark.locality.wait": 5.825561743269692, "spark.maxRemoteBlockSizeFetchToMem": 1828725171.5386744, "spark.memory.fraction": 0.5728404092597381, "spark.memory.offHeap.enabled": 0.3326353414634841, "spark.memory.offHeap.size": 807.4270716900169, "spark.memory.storageFraction": 0.658245222415508, "spark.rdd.compress": 0.1687271618946703, "spark.reducer.maxBlocksInFlightPerAddress": 1660976143.613367, "spark.reducer.maxReqsInFlight": 1223625843.2209458, "spark.reducer.maxSizeInFlight": 29.422684810135774, "spark.scheduler.mode": 0.7295492330974044, "spark.scheduler.revive.interval": 586.1421127832582, "spark.shuffle.compress": 0.9134793697087081, "spark.shuffle.file.buffer": 47.77505429891532, "spark.shuffle.io.numConnectionsPerPeer": 2.908580901795466, "spark.shuffle.sort.bypassMergeThreshold": 249.70024562702622, "spark.storage.memoryMapThreshold": 1.3397052444877795}, "datetime": {"datetime": "2022-01-26 23:32:51", "elapsed": 7060.499704, "delta": 190.917539}}
{"target": -181.729, "params": {"spark.broadcast.blockSize": 52.1702975311885, "spark.broadcast.checksum": 0.418699399309627, "spark.broadcast.compress": 0.39253718542813076, "spark.default.parallelism": 423.94026183879356, "spark.executor.cores": 2.596747341198166, "spark.executor.instances": 7.485417062230352, "spark.executor.memory": 6.034634270947169, "spark.executor.memoryOverhead": 762.0700823002063, "spark.kryoserializer.buffer": 40.09413362320457, "spark.kryoserializer.buffer.max": 112.39686793730696, "spark.locality.wait": 5.814707162224775, "spark.maxRemoteBlockSizeFetchToMem": 1849019602.9706986, "spark.memory.fraction": 0.5805467128567634, "spark.memory.offHeap.enabled": 0.3328924082800603, "spark.memory.offHeap.size": 807.5397817540415, "spark.memory.storageFraction": 0.6515923832874488, "spark.rdd.compress": 0.1542047947556354, "spark.reducer.maxBlocksInFlightPerAddress": 1648025688.0163066, "spark.reducer.maxReqsInFlight": 1213564495.4689448, "spark.reducer.maxSizeInFlight": 30.369218038084053, "spark.scheduler.mode": 0.7457781076252422, "spark.scheduler.revive.interval": 589.250118581563, "spark.shuffle.compress": 0.9295635100533951, "spark.shuffle.file.buffer": 47.705636618745565, "spark.shuffle.io.numConnectionsPerPeer": 2.907590956608572, "spark.shuffle.sort.bypassMergeThreshold": 248.19428679652813, "spark.storage.memoryMapThreshold": 1.3828597987592108}, "datetime": {"datetime": "2022-01-26 23:36:01", "elapsed": 7250.917565, "delta": 190.417861}}
{"target": -186.119, "params": {"spark.broadcast.blockSize": 52.50236459644068, "spark.broadcast.checksum": 0.42074914190870166, "spark.broadcast.compress": 0.40043627344265537, "spark.default.parallelism": 423.3049222015494, "spark.executor.cores": 2.5838473552031935, "spark.executor.instances": 7.472948359925343, "spark.executor.memory": 5.988311362730792, "spark.executor.memoryOverhead": 756.3681313935828, "spark.kryoserializer.buffer": 39.35172269618083, "spark.kryoserializer.buffer.max": 113.00994290177813, "spark.locality.wait": 5.753853388059761, "spark.maxRemoteBlockSizeFetchToMem": 1845743288.90766, "spark.memory.fraction": 0.5833142175572954, "spark.memory.offHeap.enabled": 0.3238871034605526, "spark.memory.offHeap.size": 806.6495249255088, "spark.memory.storageFraction": 0.6467544360073546, "spark.rdd.compress": 0.15094196265594065, "spark.reducer.maxBlocksInFlightPerAddress": 1636719840.8868852, "spark.reducer.maxReqsInFlight": 1205819497.8135579, "spark.reducer.maxSizeInFlight": 30.271841082983954, "spark.scheduler.mode": 0.7555046598591504, "spark.scheduler.revive.interval": 593.4700223063018, "spark.shuffle.compress": 0.9237057992803167, "spark.shuffle.file.buffer": 47.74947139663809, "spark.shuffle.io.numConnectionsPerPeer": 2.905582067323232, "spark.shuffle.sort.bypassMergeThreshold": 249.32253892690514, "spark.storage.memoryMapThreshold": 1.3847056163669147}, "datetime": {"datetime": "2022-01-26 23:39:16", "elapsed": 7445.636899, "delta": 194.719334}}
{"target": -185.859, "params": {"spark.broadcast.blockSize": 52.220658653528695, "spark.broadcast.checksum": 0.4169132657825985, "spark.broadcast.compress": 0.38660489406912846, "spark.default.parallelism": 424.5183413942509, "spark.executor.cores": 2.622070011445115, "spark.executor.instances": 7.510532630723498, "spark.executor.memory": 6.050429998573587, "spark.executor.memoryOverhead": 760.6088153018741, "spark.kryoserializer.buffer": 39.27495867816619, "spark.kryoserializer.buffer.max": 113.37923710791843, "spark.locality.wait": 5.825271521543592, "spark.maxRemoteBlockSizeFetchToMem": 1853336305.9193692, "spark.memory.fraction": 0.5842796955799561, "spark.memory.offHeap.enabled": 0.33409326857648797, "spark.memory.offHeap.size": 812.2482577239459, "spark.memory.storageFraction": 0.6561407546214932, "spark.rdd.compress": 0.14958947840101466, "spark.reducer.maxBlocksInFlightPerAddress": 1639725016.4450736, "spark.reducer.maxReqsInFlight": 1209585681.6725292, "spark.reducer.maxSizeInFlight": 30.494644676260727, "spark.scheduler.mode": 0.7538386254359745, "spark.scheduler.revive.interval": 585.1216590630604, "spark.shuffle.compress": 0.9313065347307632, "spark.shuffle.file.buffer": 47.947447591241456, "spark.shuffle.io.numConnectionsPerPeer": 2.9294836934456496, "spark.shuffle.sort.bypassMergeThreshold": 249.03625177845143, "spark.storage.memoryMapThreshold": 1.3543291685493348}, "datetime": {"datetime": "2022-01-26 23:42:31", "elapsed": 7640.254329, "delta": 194.61743}}
{"target": -173.325, "params": {"spark.broadcast.blockSize": 52.30497030262688, "spark.broadcast.checksum": 0.42044251384245845, "spark.broadcast.compress": 0.3988213903094211, "spark.default.parallelism": 423.88885236137776, "spark.executor.cores": 2.6164061421408626, "spark.executor.instances": 7.509437997306411, "spark.executor.memory": 6.060989100119262, "spark.executor.memoryOverhead": 761.6719359458973, "spark.kryoserializer.buffer": 40.25196788829832, "spark.kryoserializer.buffer.max": 112.27330445633265, "spark.locality.wait": 5.806098212929147, "spark.maxRemoteBlockSizeFetchToMem": 1840533034.6917174, "spark.memory.fraction": 0.578052202555639, "spark.memory.offHeap.enabled": 0.3317567392707138, "spark.memory.offHeap.size": 808.9789100103316, "spark.memory.storageFraction": 0.6488341295827428, "spark.rdd.compress": 0.14809985306148257, "spark.reducer.maxBlocksInFlightPerAddress": 1639216468.199855, "spark.reducer.maxReqsInFlight": 1212420673.5305421, "spark.reducer.maxSizeInFlight": 29.98669954991379, "spark.scheduler.mode": 0.7379887939875142, "spark.scheduler.revive.interval": 588.8004356090923, "spark.shuffle.compress": 0.9286385603894051, "spark.shuffle.file.buffer": 47.87040051047667, "spark.shuffle.io.numConnectionsPerPeer": 2.948045795339142, "spark.shuffle.sort.bypassMergeThreshold": 247.91938321111428, "spark.storage.memoryMapThreshold": 1.3719798244039176}, "datetime": {"datetime": "2022-01-26 23:45:33", "elapsed": 7822.518662, "delta": 182.264333}}
{"target": -180.888, "params": {"spark.broadcast.blockSize": 52.31714122229257, "spark.broadcast.checksum": 0.42227438847364906, "spark.broadcast.compress": 0.394668721659627, "spark.default.parallelism": 421.19016579630164, "spark.executor.cores": 2.614765466446377, "spark.executor.instances": 7.475406702624399, "spark.executor.memory": 6.032275596068424, "spark.executor.memoryOverhead": 761.6701406058635, "spark.kryoserializer.buffer": 40.77298088655729, "spark.kryoserializer.buffer.max": 112.92473457676225, "spark.locality.wait": 5.7797781766216705, "spark.maxRemoteBlockSizeFetchToMem": 1837664122.1126988, "spark.memory.fraction": 0.5756667781622187, "spark.memory.offHeap.enabled": 0.3405977433969592, "spark.memory.offHeap.size": 806.6910034453286, "spark.memory.storageFraction": 0.6506946462071935, "spark.rdd.compress": 0.14899885021114712, "spark.reducer.maxBlocksInFlightPerAddress": 1630123964.9019728, "spark.reducer.maxReqsInFlight": 1219917868.1751318, "spark.reducer.maxSizeInFlight": 30.050523757000764, "spark.scheduler.mode": 0.7386910862084838, "spark.scheduler.revive.interval": 590.1788199278524, "spark.shuffle.compress": 0.935670706353643, "spark.shuffle.file.buffer": 47.59457143715889, "spark.shuffle.io.numConnectionsPerPeer": 2.9285976359575616, "spark.shuffle.sort.bypassMergeThreshold": 246.58047147331996, "spark.storage.memoryMapThreshold": 1.3870364480107815}, "datetime": {"datetime": "2022-01-26 23:48:43", "elapsed": 8012.414489, "delta": 189.895827}}
{"target": -181.933, "params": {"spark.broadcast.blockSize": 52.54643700044245, "spark.broadcast.checksum": 0.4134110621462655, "spark.broadcast.compress": 0.3908627421290385, "spark.default.parallelism": 425.9551545694196, "spark.executor.cores": 2.638699172134309, "spark.executor.instances": 7.511660550339783, "spark.executor.memory": 6.0622332210023835, "spark.executor.memoryOverhead": 762.6388976817167, "spark.kryoserializer.buffer": 39.75450785667095, "spark.kryoserializer.buffer.max": 112.63665750426382, "spark.locality.wait": 5.768769028449281, "spark.maxRemoteBlockSizeFetchToMem": 1837452459.6437235, "spark.memory.fraction": 0.5794006834260502, "spark.memory.offHeap.enabled": 0.32724264753731536, "spark.memory.offHeap.size": 811.384998426532, "spark.memory.storageFraction": 0.6465646004112416, "spark.rdd.compress": 0.14887605330716805, "spark.reducer.maxBlocksInFlightPerAddress": 1631775576.5910344, "spark.reducer.maxReqsInFlight": 1215060038.9682336, "spark.reducer.maxSizeInFlight": 30.296768860819068, "spark.scheduler.mode": 0.7437642875853403, "spark.scheduler.revive.interval": 585.2371642049977, "spark.shuffle.compress": 0.9282952566636304, "spark.shuffle.file.buffer": 47.63038784861416, "spark.shuffle.io.numConnectionsPerPeer": 2.975560690453796, "spark.shuffle.sort.bypassMergeThreshold": 249.5661481726394, "spark.storage.memoryMapThreshold": 1.3680965847352828}, "datetime": {"datetime": "2022-01-26 23:51:53", "elapsed": 8203.093085, "delta": 190.678596}}
