{"target": -182.945, "params": {"spark.broadcast.blockSize": 52.470673863924745, "spark.broadcast.checksum": 0.42773619938253366, "spark.broadcast.compress": 0.4032873193410331, "spark.default.parallelism": 423.9728632103634, "spark.executor.cores": 2.624157190287423, "spark.executor.instances": 7.485576016783478, "spark.executor.memory": 6.079260543691537, "spark.executor.memoryOverhead": 764.7965490770456, "spark.kryoserializer.buffer": 39.92759179527426, "spark.kryoserializer.buffer.max": 112.12640774455126, "spark.locality.wait": 5.79122717255108, "spark.maxRemoteBlockSizeFetchToMem": 1843072063.6743627, "spark.memory.fraction": 0.5798969554680988, "spark.memory.offHeap.enabled": 0.33683319357827585, "spark.memory.offHeap.size": 812.27595481018, "spark.memory.storageFraction": 0.6494419116429374, "spark.rdd.compress": 0.15258173766581273, "spark.reducer.maxBlocksInFlightPerAddress": 1632221127.5470638, "spark.reducer.maxReqsInFlight": 1206380681.5241451, "spark.reducer.maxSizeInFlight": 30.007249382937534, "spark.scheduler.mode": 0.7352168965392116, "spark.scheduler.revive.interval": 589.3058948077081, "spark.shuffle.compress": 0.9293538486263617, "spark.shuffle.file.buffer": 47.91468559835783, "spark.shuffle.io.numConnectionsPerPeer": 2.9313760715774873, "spark.shuffle.sort.bypassMergeThreshold": 247.11217280996226, "spark.storage.memoryMapThreshold": 1.3591187303996182}, "datetime": {"datetime": "2022-01-26 23:55:05", "elapsed": 8394.84027, "delta": 191.747185}}
{"target": -191.837, "params": {"spark.broadcast.blockSize": 52.099472401042455, "spark.broadcast.checksum": 0.4200634711841279, "spark.broadcast.compress": 0.40193288257933457, "spark.default.parallelism": 424.1913368779479, "spark.executor.cores": 2.6032163465384026, "spark.executor.instances": 7.490071654731155, "spark.executor.memory": 6.052850637537987, "spark.executor.memoryOverhead": 762.5359664253876, "spark.kryoserializer.buffer": 40.53214477050157, "spark.kryoserializer.buffer.max": 112.57900376580484, "spark.locality.wait": 5.80244583687042, "spark.maxRemoteBlockSizeFetchToMem": 1843841933.9220977, "spark.memory.fraction": 0.5805593612380805, "spark.memory.offHeap.enabled": 0.33414115928190935, "spark.memory.offHeap.size": 809.2113387800616, "spark.memory.storageFraction": 0.6487016766099192, "spark.rdd.compress": 0.1533709787958843, "spark.reducer.maxBlocksInFlightPerAddress": 1639053482.8569162, "spark.reducer.maxReqsInFlight": 1209132789.9025052, "spark.reducer.maxSizeInFlight": 29.841512697254256, "spark.scheduler.mode": 0.7318159427391027, "spark.scheduler.revive.interval": 585.6036592388119, "spark.shuffle.compress": 0.9263108054915958, "spark.shuffle.file.buffer": 47.85678325237855, "spark.shuffle.io.numConnectionsPerPeer": 2.9519849285415907, "spark.shuffle.sort.bypassMergeThreshold": 247.17503096049273, "spark.storage.memoryMapThreshold": 1.3604110260270037}, "datetime": {"datetime": "2022-01-26 23:58:26", "elapsed": 8595.377549, "delta": 200.537279}}
{"target": -244.815, "params": {"spark.broadcast.blockSize": 52.412464153792946, "spark.broadcast.checksum": 0.4141090942467368, "spark.broadcast.compress": 0.3949964729764727, "spark.default.parallelism": 422.4377072506369, "spark.executor.cores": 2.6029285638793387, "spark.executor.instances": 7.490080397623009, "spark.executor.memory": 6.047295879785469, "spark.executor.memoryOverhead": 763.9028846140411, "spark.kryoserializer.buffer": 39.95915266130759, "spark.kryoserializer.buffer.max": 112.33715127438583, "spark.locality.wait": 5.802097459187203, "spark.maxRemoteBlockSizeFetchToMem": 1844767063.831445, "spark.memory.fraction": 0.5792280517204904, "spark.memory.offHeap.enabled": 0.33163282268640976, "spark.memory.offHeap.size": 807.7261039663435, "spark.memory.storageFraction": 0.64738266310931, "spark.rdd.compress": 0.15204914339214687, "spark.reducer.maxBlocksInFlightPerAddress": 1638777563.905312, "spark.reducer.maxReqsInFlight": 1206557086.5209208, "spark.reducer.maxSizeInFlight": 29.802809602934595, "spark.scheduler.mode": 0.7418671674317792, "spark.scheduler.revive.interval": 588.7710357704098, "spark.shuffle.compress": 0.9286678041315928, "spark.shuffle.file.buffer": 47.87387333670004, "spark.shuffle.io.numConnectionsPerPeer": 2.9605301480674076, "spark.shuffle.sort.bypassMergeThreshold": 246.6981070103468, "spark.storage.memoryMapThreshold": 1.3556473150597192}, "datetime": {"datetime": "2022-01-27 00:02:39", "elapsed": 8848.772194, "delta": 253.394645}}
{"target": -188.975, "params": {"spark.broadcast.blockSize": 52.197675711326525, "spark.broadcast.checksum": 0.41918884651916244, "spark.broadcast.compress": 0.3984731457977434, "spark.default.parallelism": 422.97168793586184, "spark.executor.cores": 2.6102254886471865, "spark.executor.instances": 7.502233161877677, "spark.executor.memory": 6.0537399243541845, "spark.executor.memoryOverhead": 759.4722948703372, "spark.kryoserializer.buffer": 40.614619938938986, "spark.kryoserializer.buffer.max": 112.12177136252716, "spark.locality.wait": 5.812949860827558, "spark.maxRemoteBlockSizeFetchToMem": 1840319437.5257907, "spark.memory.fraction": 0.5798612931332212, "spark.memory.offHeap.enabled": 0.32724703522422754, "spark.memory.offHeap.size": 806.6170756362677, "spark.memory.storageFraction": 0.6482576204585675, "spark.rdd.compress": 0.15017767660675768, "spark.reducer.maxBlocksInFlightPerAddress": 1635239646.9108906, "spark.reducer.maxReqsInFlight": 1215062650.4884107, "spark.reducer.maxSizeInFlight": 29.834708123251364, "spark.scheduler.mode": 0.743044133006081, "spark.scheduler.revive.interval": 586.5275296481404, "spark.shuffle.compress": 0.928693394838355, "spark.shuffle.file.buffer": 47.82013666240234, "spark.shuffle.io.numConnectionsPerPeer": 2.949631193661462, "spark.shuffle.sort.bypassMergeThreshold": 248.94714328737436, "spark.storage.memoryMapThreshold": 1.37321933661646}, "datetime": {"datetime": "2022-01-27 00:05:57", "elapsed": 9046.528289, "delta": 197.756095}}
{"target": -187.588, "params": {"spark.broadcast.blockSize": 52.32462783359691, "spark.broadcast.checksum": 0.4246541325052173, "spark.broadcast.compress": 0.4024921013882761, "spark.default.parallelism": 423.8328218549124, "spark.executor.cores": 2.607651003369491, "spark.executor.instances": 7.523674341607454, "spark.executor.memory": 6.0641194471537485, "spark.executor.memoryOverhead": 762.358526518227, "spark.kryoserializer.buffer": 40.348305979597626, "spark.kryoserializer.buffer.max": 112.451678521226, "spark.locality.wait": 5.83024698963722, "spark.maxRemoteBlockSizeFetchToMem": 1838217928.632067, "spark.memory.fraction": 0.5781477416787473, "spark.memory.offHeap.enabled": 0.3267410187661509, "spark.memory.offHeap.size": 807.7534966996711, "spark.memory.storageFraction": 0.6490969046730252, "spark.rdd.compress": 0.14556751199975237, "spark.reducer.maxBlocksInFlightPerAddress": 1642654681.0255413, "spark.reducer.maxReqsInFlight": 1216407346.365047, "spark.reducer.maxSizeInFlight": 30.058445497025872, "spark.scheduler.mode": 0.7367137057472855, "spark.scheduler.revive.interval": 590.596367275886, "spark.shuffle.compress": 0.9329963973040412, "spark.shuffle.file.buffer": 47.91663788747915, "spark.shuffle.io.numConnectionsPerPeer": 2.9471201299287415, "spark.shuffle.sort.bypassMergeThreshold": 248.5097396340106, "spark.storage.memoryMapThreshold": 1.3731205564670999}, "datetime": {"datetime": "2022-01-27 00:09:13", "elapsed": 9242.784066, "delta": 196.255777}}
{"target": -183.58, "params": {"spark.broadcast.blockSize": 52.40857780315537, "spark.broadcast.checksum": 0.42199297366416794, "spark.broadcast.compress": 0.4019416691358356, "spark.default.parallelism": 423.02149009845596, "spark.executor.cores": 2.607080000975028, "spark.executor.instances": 7.503296711638493, "spark.executor.memory": 6.075493106922344, "spark.executor.memoryOverhead": 763.5828040215912, "spark.kryoserializer.buffer": 39.8425318029169, "spark.kryoserializer.buffer.max": 111.98843968255134, "spark.locality.wait": 5.810937391393917, "spark.maxRemoteBlockSizeFetchToMem": 1836509580.481642, "spark.memory.fraction": 0.5764747299956927, "spark.memory.offHeap.enabled": 0.3299673369905092, "spark.memory.offHeap.size": 810.7617679244852, "spark.memory.storageFraction": 0.6490732455322386, "spark.rdd.compress": 0.14469171160314204, "spark.reducer.maxBlocksInFlightPerAddress": 1641289015.0135016, "spark.reducer.maxReqsInFlight": 1215619588.3881717, "spark.reducer.maxSizeInFlight": 30.161338315986605, "spark.scheduler.mode": 0.7406989877439992, "spark.scheduler.revive.interval": 590.3891563010308, "spark.shuffle.compress": 0.9290963640608728, "spark.shuffle.file.buffer": 47.84996856236124, "spark.shuffle.io.numConnectionsPerPeer": 2.9574671142694866, "spark.shuffle.sort.bypassMergeThreshold": 248.40125971302933, "spark.storage.memoryMapThreshold": 1.3695694431020877}, "datetime": {"datetime": "2022-01-27 00:12:25", "elapsed": 9435.121678, "delta": 192.337612}}
