{"target": -269.908, "params": {"spark.broadcast.blockSize": 39.548225819313885, "spark.broadcast.checksum": 0.802575991144142, "spark.broadcast.compress": 0.12956583945651567, "spark.default.parallelism": 292.23983085029187, "spark.executor.cores": 2.278976698848173, "spark.executor.instances": 6.778082310553961, "spark.executor.memory": 5.7602128905709336, "spark.executor.memoryOverhead": 506.53234832893065, "spark.kryoserializer.buffer": 82.76825563546227, "spark.kryoserializer.buffer.max": 76.87435865678404, "spark.locality.wait": 5.734428854655346, "spark.maxRemoteBlockSizeFetchToMem": 2065856320.204514, "spark.memory.fraction": 0.8530141324795457, "spark.memory.offHeap.enabled": 0.7273401729601827, "spark.memory.offHeap.size": 674.0762517181582, "spark.memory.storageFraction": 0.7016867767417901, "spark.rdd.compress": 0.24396121396483472, "spark.reducer.maxBlocksInFlightPerAddress": 1410286713.0963738, "spark.reducer.maxReqsInFlight": 1595984230.174197, "spark.reducer.maxSizeInFlight": 49.87518235820578, "spark.scheduler.mode": 0.6829086433103665, "spark.scheduler.revive.interval": 742.2506867745842, "spark.shuffle.compress": 0.4015972641310348, "spark.shuffle.file.buffer": 29.697497080677795, "spark.shuffle.io.numConnectionsPerPeer": 2.9605267166224216, "spark.shuffle.sort.bypassMergeThreshold": 280.3739044819488, "spark.storage.memoryMapThreshold": 1.3822956323640567}, "datetime": {"datetime": "2022-02-20 12:23:10", "elapsed": 1220.25873, "delta": 278.563297}}
{"target": -177.061, "params": {"spark.broadcast.blockSize": 47.780616468485945, "spark.broadcast.checksum": 0.9216817727806945, "spark.broadcast.compress": 0.230908216044876, "spark.default.parallelism": 352.65608359371083, "spark.executor.cores": 2.637247768447576, "spark.executor.instances": 7.620729039516373, "spark.executor.memory": 6.501294593379596, "spark.executor.memoryOverhead": 586.7072625325941, "spark.kryoserializer.buffer": 91.67902616439557, "spark.kryoserializer.buffer.max": 59.988428138324494, "spark.locality.wait": 6.628421986500302, "spark.maxRemoteBlockSizeFetchToMem": 2068797418.9584367, "spark.memory.fraction": 0.7024561053144809, "spark.memory.offHeap.enabled": 0.2813551434496452, "spark.memory.offHeap.size": 608.5438905439981, "spark.memory.storageFraction": 0.604199306576954, "spark.rdd.compress": 0.4060734471006193, "spark.reducer.maxBlocksInFlightPerAddress": 1457472216.8031297, "spark.reducer.maxReqsInFlight": 1823744174.9675834, "spark.reducer.maxSizeInFlight": 59.64333481440458, "spark.scheduler.mode": 0.8754388046362485, "spark.scheduler.revive.interval": 731.8771913991209, "spark.shuffle.compress": 0.432978216955917, "spark.shuffle.file.buffer": 33.086207585670465, "spark.shuffle.io.numConnectionsPerPeer": 3.5560500384573754, "spark.shuffle.sort.bypassMergeThreshold": 246.8154816094215, "spark.storage.memoryMapThreshold": 3.031262739473631}, "datetime": {"datetime": "2022-02-20 12:26:15", "elapsed": 1405.633177, "delta": 185.374447}}
{"target": -215.789, "params": {"spark.broadcast.blockSize": 50.93467069480029, "spark.broadcast.checksum": 0.5860686512313685, "spark.broadcast.compress": 0.7885938287747959, "spark.default.parallelism": 332.25915580130504, "spark.executor.cores": 3.283037939664455, "spark.executor.instances": 7.231022138846612, "spark.executor.memory": 6.252751102096257, "spark.executor.memoryOverhead": 729.4215390872865, "spark.kryoserializer.buffer": 56.6116302695738, "spark.kryoserializer.buffer.max": 104.49476243811475, "spark.locality.wait": 6.5988649746321855, "spark.maxRemoteBlockSizeFetchToMem": 1668817532.1388626, "spark.memory.fraction": 0.649516796510407, "spark.memory.offHeap.enabled": 0.5803891543864221, "spark.memory.offHeap.size": 469.1681296357041, "spark.memory.storageFraction": 0.6679863740750414, "spark.rdd.compress": 0.7277293734345214, "spark.reducer.maxBlocksInFlightPerAddress": 1157714199.0773659, "spark.reducer.maxReqsInFlight": 1824595305.6703982, "spark.reducer.maxSizeInFlight": 52.546094172056996, "spark.scheduler.mode": 0.6182407621757092, "spark.scheduler.revive.interval": 793.1786761789028, "spark.shuffle.compress": 0.6430747171830008, "spark.shuffle.file.buffer": 17.453153894868166, "spark.shuffle.io.numConnectionsPerPeer": 3.9550480307030975, "spark.shuffle.sort.bypassMergeThreshold": 192.15779826307858, "spark.storage.memoryMapThreshold": 2.777068624960403}, "datetime": {"datetime": "2022-02-20 12:29:59", "elapsed": 1630.205385, "delta": 224.572208}}
{"target": -181.729, "params": {"spark.broadcast.blockSize": 41.13816233369879, "spark.broadcast.checksum": 0.3634655019175441, "spark.broadcast.compress": 0.7445969142017241, "spark.default.parallelism": 271.1526678550258, "spark.executor.cores": 2.9631037708901253, "spark.executor.instances": 7.592713763934677, "spark.executor.memory": 5.340000977316962, "spark.executor.memoryOverhead": 593.0367419995838, "spark.kryoserializer.buffer": 56.82960790521848, "spark.kryoserializer.buffer.max": 70.39453205568341, "spark.locality.wait": 7.554393781361484, "spark.maxRemoteBlockSizeFetchToMem": 1960252914.0551376, "spark.memory.fraction": 0.7587121829643901, "spark.memory.offHeap.enabled": 0.09848320489575857, "spark.memory.offHeap.size": 353.70846250971385, "spark.memory.storageFraction": 0.7239195625033857, "spark.rdd.compress": 0.5347059940484947, "spark.reducer.maxBlocksInFlightPerAddress": 1116516282.4222422, "spark.reducer.maxReqsInFlight": 1765993464.3472824, "spark.reducer.maxSizeInFlight": 47.18381399272337, "spark.scheduler.mode": 0.4725138389366552, "spark.scheduler.revive.interval": 892.9063100037295, "spark.shuffle.compress": 0.699336906128938, "spark.shuffle.file.buffer": 32.942508595998966, "spark.shuffle.io.numConnectionsPerPeer": 4.0358694615136175, "spark.shuffle.sort.bypassMergeThreshold": 199.1881154528554, "spark.storage.memoryMapThreshold": 3.1624565796268436}, "datetime": {"datetime": "2022-02-20 12:33:10", "elapsed": 1820.469865, "delta": 190.26448}}
{"target": -208.266, "params": {"spark.broadcast.blockSize": 45.05270155042942, "spark.broadcast.checksum": 0.9926317978004267, "spark.broadcast.compress": 0.4608748525459352, "spark.default.parallelism": 347.6773687418699, "spark.executor.cores": 2.637183459332045, "spark.executor.instances": 5.974943855745298, "spark.executor.memory": 5.931209210983981, "spark.executor.memoryOverhead": 822.6938776668424, "spark.kryoserializer.buffer": 58.211124181240784, "spark.kryoserializer.buffer.max": 69.89447439366691, "spark.locality.wait": 7.36906587607962, "spark.maxRemoteBlockSizeFetchToMem": 1529342464.1829786, "spark.memory.fraction": 0.705060593562812, "spark.memory.offHeap.enabled": 0.5632481494526157, "spark.memory.offHeap.size": 387.04898900684145, "spark.memory.storageFraction": 0.6470041355235494, "spark.rdd.compress": 0.5955313346300366, "spark.reducer.maxBlocksInFlightPerAddress": 1562743555.0822277, "spark.reducer.maxReqsInFlight": 1371464100.5030255, "spark.reducer.maxSizeInFlight": 42.76475596639659, "spark.scheduler.mode": 0.4864513009889394, "spark.scheduler.revive.interval": 867.2807080816303, "spark.shuffle.compress": 0.23440987105097977, "spark.shuffle.file.buffer": 21.64161258777392, "spark.shuffle.io.numConnectionsPerPeer": 3.5059983818884985, "spark.shuffle.sort.bypassMergeThreshold": 239.74613220551214, "spark.storage.memoryMapThreshold": 3.073930355785633}, "datetime": {"datetime": "2022-02-20 12:36:46", "elapsed": 2037.210659, "delta": 216.740794}}
{"target": -188.952, "params": {"spark.broadcast.blockSize": 41.14563125982127, "spark.broadcast.checksum": 0.3924305424777812, "spark.broadcast.compress": 0.467337798084534, "spark.default.parallelism": 376.17106673661897, "spark.executor.cores": 3.518628943757662, "spark.executor.instances": 7.310020666252686, "spark.executor.memory": 4.59389634825046, "spark.executor.memoryOverhead": 782.8226812064163, "spark.kryoserializer.buffer": 56.420309637394794, "spark.kryoserializer.buffer.max": 106.83506808831106, "spark.locality.wait": 6.49509419297955, "spark.maxRemoteBlockSizeFetchToMem": 1186083589.0727165, "spark.memory.fraction": 0.6018034106714608, "spark.memory.offHeap.enabled": 0.073188397785794, "spark.memory.offHeap.size": 294.96788337797545, "spark.memory.storageFraction": 0.5703036584205672, "spark.rdd.compress": 0.40345917362391337, "spark.reducer.maxBlocksInFlightPerAddress": 1317439531.0807447, "spark.reducer.maxReqsInFlight": 1848192158.0465631, "spark.reducer.maxSizeInFlight": 54.29430140307068, "spark.scheduler.mode": 0.6930538918083021, "spark.scheduler.revive.interval": 808.237521979082, "spark.shuffle.compress": 0.6330167360366191, "spark.shuffle.file.buffer": 25.190591623003094, "spark.shuffle.io.numConnectionsPerPeer": 3.5343889256176113, "spark.shuffle.sort.bypassMergeThreshold": 329.60506393992, "spark.storage.memoryMapThreshold": 2.578000106328904}, "datetime": {"datetime": "2022-02-20 12:40:13", "elapsed": 2243.862629, "delta": 206.65197}}
{"target": -183.971, "params": {"spark.broadcast.blockSize": 38.79779333785379, "spark.broadcast.checksum": 0.5428840063987004, "spark.broadcast.compress": 0.40934206348266433, "spark.default.parallelism": 217.84776300692636, "spark.executor.cores": 3.5513617993869664, "spark.executor.instances": 6.820106611695614, "spark.executor.memory": 5.2005971068066135, "spark.executor.memoryOverhead": 701.7060691632315, "spark.kryoserializer.buffer": 63.60997340850149, "spark.kryoserializer.buffer.max": 75.99853917994353, "spark.locality.wait": 7.598653939699178, "spark.maxRemoteBlockSizeFetchToMem": 1586661347.590146, "spark.memory.fraction": 0.7631273400230718, "spark.memory.offHeap.enabled": 0.08589796329227384, "spark.memory.offHeap.size": 508.5052256829897, "spark.memory.storageFraction": 0.8417197954277251, "spark.rdd.compress": 0.2924052582145683, "spark.reducer.maxBlocksInFlightPerAddress": 1601418472.134239, "spark.reducer.maxReqsInFlight": 1818093509.7588177, "spark.reducer.maxSizeInFlight": 67.49376222166586, "spark.scheduler.mode": 0.35056467994372653, "spark.scheduler.revive.interval": 882.3816890530202, "spark.shuffle.compress": 0.2398632662917366, "spark.shuffle.file.buffer": 30.063692270889945, "spark.shuffle.io.numConnectionsPerPeer": 2.5133197273089367, "spark.shuffle.sort.bypassMergeThreshold": 183.9969998354814, "spark.storage.memoryMapThreshold": 2.379250221175086}, "datetime": {"datetime": "2022-02-20 12:43:25", "elapsed": 2436.093517, "delta": 192.230888}}
{"target": -178.839, "params": {"spark.broadcast.blockSize": 50.16064062274493, "spark.broadcast.checksum": 0.4306918977965789, "spark.broadcast.compress": 0.789793358882627, "spark.default.parallelism": 300.7500055720686, "spark.executor.cores": 2.5966444959125554, "spark.executor.instances": 7.44617996662646, "spark.executor.memory": 4.385617285852801, "spark.executor.memoryOverhead": 753.0729458508058, "spark.kryoserializer.buffer": 49.85003987268959, "spark.kryoserializer.buffer.max": 95.6146774889201, "spark.locality.wait": 7.922474606894157, "spark.maxRemoteBlockSizeFetchToMem": 2072721133.0963316, "spark.memory.fraction": 0.6109486455873349, "spark.memory.offHeap.enabled": 0.25066054482222067, "spark.memory.offHeap.size": 130.88644922902904, "spark.memory.storageFraction": 0.6739126232961996, "spark.rdd.compress": 0.33452309202632213, "spark.reducer.maxBlocksInFlightPerAddress": 1298556441.4809546, "spark.reducer.maxReqsInFlight": 1609488183.352307, "spark.reducer.maxSizeInFlight": 50.06072652023551, "spark.scheduler.mode": 0.4896114008536723, "spark.scheduler.revive.interval": 894.9391326810307, "spark.shuffle.compress": 0.41736390915722876, "spark.shuffle.file.buffer": 23.44367075123357, "spark.shuffle.io.numConnectionsPerPeer": 3.406543689953855, "spark.shuffle.sort.bypassMergeThreshold": 206.98802390418234, "spark.storage.memoryMapThreshold": 3.150079792168609}, "datetime": {"datetime": "2022-02-20 12:46:33", "elapsed": 2623.554266, "delta": 187.460749}}
{"target": -214.936, "params": {"spark.broadcast.blockSize": 38.7129819566993, "spark.broadcast.checksum": 0.7199609532901027, "spark.broadcast.compress": 0.7050524264159296, "spark.default.parallelism": 308.27435141909075, "spark.executor.cores": 3.2568690131094766, "spark.executor.instances": 7.315976320558182, "spark.executor.memory": 4.714700660656357, "spark.executor.memoryOverhead": 848.8589414794826, "spark.kryoserializer.buffer": 109.19543797935356, "spark.kryoserializer.buffer.max": 115.81843687571435, "spark.locality.wait": 5.749395968750098, "spark.maxRemoteBlockSizeFetchToMem": 1792069891.6913462, "spark.memory.fraction": 0.6936793823323435, "spark.memory.offHeap.enabled": 0.5665014238216937, "spark.memory.offHeap.size": 135.5763270655533, "spark.memory.storageFraction": 0.628021039912287, "spark.rdd.compress": 0.09541421376112869, "spark.reducer.maxBlocksInFlightPerAddress": 1422781039.3599179, "spark.reducer.maxReqsInFlight": 1987193681.155806, "spark.reducer.maxSizeInFlight": 48.822214759488276, "spark.scheduler.mode": 0.5061270782860535, "spark.scheduler.revive.interval": 855.2730171636956, "spark.shuffle.compress": 0.23096387149227393, "spark.shuffle.file.buffer": 34.158843546500435, "spark.shuffle.io.numConnectionsPerPeer": 4.3888149944490955, "spark.shuffle.sort.bypassMergeThreshold": 243.76064929338668, "spark.storage.memoryMapThreshold": 1.7013132010032153}, "datetime": {"datetime": "2022-02-20 12:50:17", "elapsed": 2847.261148, "delta": 223.706882}}
{"target": -204.781, "params": {"spark.broadcast.blockSize": 37.48048476822666, "spark.broadcast.checksum": 0.8599910744617194, "spark.broadcast.compress": 0.40883597044056075, "spark.default.parallelism": 320.60941764930425, "spark.executor.cores": 3.385255681716264, "spark.executor.instances": 6.471239290145949, "spark.executor.memory": 4.838489134891562, "spark.executor.memoryOverhead": 712.7143553439012, "spark.kryoserializer.buffer": 91.62951795748177, "spark.kryoserializer.buffer.max": 112.62142496184397, "spark.locality.wait": 8.603606017558576, "spark.maxRemoteBlockSizeFetchToMem": 1820107515.8608823, "spark.memory.fraction": 0.5694030628524436, "spark.memory.offHeap.enabled": 0.527076780417119, "spark.memory.offHeap.size": 280.94892011882484, "spark.memory.storageFraction": 0.6621803403497083, "spark.rdd.compress": 0.220815554376794, "spark.reducer.maxBlocksInFlightPerAddress": 1343174134.7076287, "spark.reducer.maxReqsInFlight": 1785663558.2977133, "spark.reducer.maxSizeInFlight": 54.56984385463187, "spark.scheduler.mode": 0.5404913753644001, "spark.scheduler.revive.interval": 718.1745035208379, "spark.shuffle.compress": 0.49342102115374364, "spark.shuffle.file.buffer": 20.469778041179783, "spark.shuffle.io.numConnectionsPerPeer": 2.867922519234081, "spark.shuffle.sort.bypassMergeThreshold": 209.556545437411, "spark.storage.memoryMapThreshold": 1.7366626950977102}, "datetime": {"datetime": "2022-02-20 12:53:50", "elapsed": 3060.58348, "delta": 213.322332}}
{"target": -155.52, "params": {"spark.broadcast.blockSize": 38.22868601526939, "spark.broadcast.checksum": 0.5608738897711156, "spark.broadcast.compress": 0.40201888466293856, "spark.default.parallelism": 357.36354252383563, "spark.executor.cores": 3.833991488311359, "spark.executor.instances": 7.037846820450083, "spark.executor.memory": 4.937727628966133, "spark.executor.memoryOverhead": 738.4695427279166, "spark.kryoserializer.buffer": 112.29264986044203, "spark.kryoserializer.buffer.max": 84.57300659168817, "spark.locality.wait": 8.146538851348296, "spark.maxRemoteBlockSizeFetchToMem": 1801522297.6606407, "spark.memory.fraction": 0.6290318272088992, "spark.memory.offHeap.enabled": 0.24252715887162546, "spark.memory.offHeap.size": 687.525717476047, "spark.memory.storageFraction": 0.7310809648727229, "spark.rdd.compress": 0.0185760092173215, "spark.reducer.maxBlocksInFlightPerAddress": 1343429872.9332652, "spark.reducer.maxReqsInFlight": 1384017426.0044692, "spark.reducer.maxSizeInFlight": 37.04711544194288, "spark.scheduler.mode": 0.5009669150182912, "spark.scheduler.revive.interval": 754.4328463242599, "spark.shuffle.compress": 0.06904035194315195, "spark.shuffle.file.buffer": 26.42765963127697, "spark.shuffle.io.numConnectionsPerPeer": 3.2130627510961096, "spark.shuffle.sort.bypassMergeThreshold": 271.90335657972287, "spark.storage.memoryMapThreshold": 3.20992946608416}, "datetime": {"datetime": "2022-02-20 12:56:34", "elapsed": 3224.832176, "delta": 164.248696}}
{"target": -205.388, "params": {"spark.broadcast.blockSize": 45.073161195115304, "spark.broadcast.checksum": 0.6880575548313701, "spark.broadcast.compress": 0.6046208418550444, "spark.default.parallelism": 211.7266925557218, "spark.executor.cores": 3.1989904732077417, "spark.executor.instances": 6.177747567502623, "spark.executor.memory": 4.417687536867721, "spark.executor.memoryOverhead": 768.4097379068014, "spark.kryoserializer.buffer": 102.92698912562034, "spark.kryoserializer.buffer.max": 107.75494122451242, "spark.locality.wait": 7.095516656721829, "spark.maxRemoteBlockSizeFetchToMem": 1746682646.910564, "spark.memory.fraction": 0.6906564051991421, "spark.memory.offHeap.enabled": 0.5476406115469015, "spark.memory.offHeap.size": 313.0745096626499, "spark.memory.storageFraction": 0.7605222880469497, "spark.rdd.compress": 0.5615479175125916, "spark.reducer.maxBlocksInFlightPerAddress": 1184828450.9714947, "spark.reducer.maxReqsInFlight": 1417103232.0542693, "spark.reducer.maxSizeInFlight": 52.765937625538946, "spark.scheduler.mode": 0.4805003451223101, "spark.scheduler.revive.interval": 718.9921936631067, "spark.shuffle.compress": 0.5727988689474868, "spark.shuffle.file.buffer": 32.007892039056884, "spark.shuffle.io.numConnectionsPerPeer": 3.926319977940044, "spark.shuffle.sort.bypassMergeThreshold": 241.93764661104922, "spark.storage.memoryMapThreshold": 2.3410954131321087}, "datetime": {"datetime": "2022-02-20 13:00:08", "elapsed": 3438.69451, "delta": 213.862334}}
{"target": -222.62, "params": {"spark.broadcast.blockSize": 44.73236742065785, "spark.broadcast.checksum": 0.6931570566445171, "spark.broadcast.compress": 0.30456434706864377, "spark.default.parallelism": 448.6976984029943, "spark.executor.cores": 2.952482610465136, "spark.executor.instances": 6.477726664170463, "spark.executor.memory": 5.834247482513566, "spark.executor.memoryOverhead": 586.1377852103624, "spark.kryoserializer.buffer": 66.43695667390362, "spark.kryoserializer.buffer.max": 37.039266852628366, "spark.locality.wait": 7.657429384124774, "spark.maxRemoteBlockSizeFetchToMem": 2044261562.0620975, "spark.memory.fraction": 0.7763922772689138, "spark.memory.offHeap.enabled": 0.3234252671827541, "spark.memory.offHeap.size": 365.63810792943684, "spark.memory.storageFraction": 0.819013042191842, "spark.rdd.compress": 0.4686560641879408, "spark.reducer.maxBlocksInFlightPerAddress": 1502758120.4820404, "spark.reducer.maxReqsInFlight": 1446188748.99355, "spark.reducer.maxSizeInFlight": 42.23976689284558, "spark.scheduler.mode": 0.6842886395048144, "spark.scheduler.revive.interval": 986.5541181263097, "spark.shuffle.compress": 0.5217632688923702, "spark.shuffle.file.buffer": 30.883078083023534, "spark.shuffle.io.numConnectionsPerPeer": 3.7099906937730363, "spark.shuffle.sort.bypassMergeThreshold": 214.64467180954261, "spark.storage.memoryMapThreshold": 2.9524803276710445}, "datetime": {"datetime": "2022-02-20 13:03:59", "elapsed": 3669.993863, "delta": 231.299353}}
{"target": -200.304, "params": {"spark.broadcast.blockSize": 48.89218579825929, "spark.broadcast.checksum": 0.7018613466193282, "spark.broadcast.compress": 0.7393962053887085, "spark.default.parallelism": 260.51979710365504, "spark.executor.cores": 3.084624135079035, "spark.executor.instances": 5.763591337096418, "spark.executor.memory": 5.459388014375849, "spark.executor.memoryOverhead": 676.8288391416428, "spark.kryoserializer.buffer": 50.500862639716686, "spark.kryoserializer.buffer.max": 115.96674145450476, "spark.locality.wait": 5.215708647859785, "spark.maxRemoteBlockSizeFetchToMem": 1182380242.9433796, "spark.memory.fraction": 0.7013035435437989, "spark.memory.offHeap.enabled": 0.29707170185119436, "spark.memory.offHeap.size": 214.41092070037178, "spark.memory.storageFraction": 0.5731645544762175, "spark.rdd.compress": 0.3869917441844539, "spark.reducer.maxBlocksInFlightPerAddress": 1083805358.7557309, "spark.reducer.maxReqsInFlight": 2070137537.1565504, "spark.reducer.maxSizeInFlight": 51.677120657261, "spark.scheduler.mode": 0.5115547018334639, "spark.scheduler.revive.interval": 707.5415214730758, "spark.shuffle.compress": 0.4804833010297589, "spark.shuffle.file.buffer": 35.557611897937626, "spark.shuffle.io.numConnectionsPerPeer": 4.350883344936151, "spark.shuffle.sort.bypassMergeThreshold": 244.94294954530733, "spark.storage.memoryMapThreshold": 3.320442083871763}, "datetime": {"datetime": "2022-02-20 13:07:28", "elapsed": 3878.827008, "delta": 208.833145}}
