{"target": -155.508, "params": {"spark.broadcast.blockSize": 32.8233548580084, "spark.broadcast.checksum": 0.4275829016597177, "spark.broadcast.compress": 0.30581507248827533, "spark.default.parallelism": 255.714476005206, "spark.executor.cores": 3.5613442296253863, "spark.executor.instances": 6.848110985504131, "spark.executor.memory": 4.9675757996951475, "spark.executor.memoryOverhead": 727.1726721413249, "spark.kryoserializer.buffer": 61.527052432505556, "spark.kryoserializer.buffer.max": 99.1731038544023, "spark.locality.wait": 5.966151630738039, "spark.maxRemoteBlockSizeFetchToMem": 1857496546.1546807, "spark.memory.fraction": 0.7286593840150071, "spark.memory.offHeap.enabled": 0.6823942048304502, "spark.memory.offHeap.size": 193.9927329069077, "spark.memory.storageFraction": 0.7237469092595752, "spark.rdd.compress": 0.5422129872612677, "spark.reducer.maxBlocksInFlightPerAddress": 1537657588.4283385, "spark.reducer.maxReqsInFlight": 1745452440.1523323, "spark.reducer.maxSizeInFlight": 46.68727293020585, "spark.scheduler.mode": 0.5283806608276356, "spark.scheduler.revive.interval": 907.6325123463432, "spark.shuffle.compress": 0.16975393264508898, "spark.shuffle.file.buffer": 37.18675625165365, "spark.shuffle.io.numConnectionsPerPeer": 2.528094267572907, "spark.shuffle.sort.bypassMergeThreshold": 196.5105397752069, "spark.storage.memoryMapThreshold": 3.5562499353273753}, "datetime": {"datetime": "2022-02-20 13:10:12", "elapsed": 4042.773829, "delta": 163.946821}}
{"target": -179.182, "params": {"spark.broadcast.blockSize": 38.714602859507295, "spark.broadcast.checksum": 0.6278400590370742, "spark.broadcast.compress": 0.615408419105574, "spark.default.parallelism": 303.382198789916, "spark.executor.cores": 3.1964257549030144, "spark.executor.instances": 6.6722303335241495, "spark.executor.memory": 5.010395094994906, "spark.executor.memoryOverhead": 824.6735212083778, "spark.kryoserializer.buffer": 42.500807571985504, "spark.kryoserializer.buffer.max": 61.05770537198593, "spark.locality.wait": 7.475426445473043, "spark.maxRemoteBlockSizeFetchToMem": 1921690504.1597066, "spark.memory.fraction": 0.6096818472667221, "spark.memory.offHeap.enabled": 0.450410426405196, "spark.memory.offHeap.size": 678.570516318437, "spark.memory.storageFraction": 0.835773972549454, "spark.rdd.compress": 0.5057940888172253, "spark.reducer.maxBlocksInFlightPerAddress": 1826823065.3327506, "spark.reducer.maxReqsInFlight": 1412615110.477324, "spark.reducer.maxSizeInFlight": 47.5377032245616, "spark.scheduler.mode": 0.826736933090642, "spark.scheduler.revive.interval": 979.4649582260532, "spark.shuffle.compress": 0.2584350393381385, "spark.shuffle.file.buffer": 23.98285579972239, "spark.shuffle.io.numConnectionsPerPeer": 4.264151883787614, "spark.shuffle.sort.bypassMergeThreshold": 291.3571761697512, "spark.storage.memoryMapThreshold": 2.7128853668383313}, "datetime": {"datetime": "2022-02-20 13:13:20", "elapsed": 4230.548345, "delta": 187.774516}}
{"target": -253.476, "params": {"spark.broadcast.blockSize": 45.19533426372489, "spark.broadcast.checksum": 0.7805113935429764, "spark.broadcast.compress": 0.786431807962914, "spark.default.parallelism": 380.4828778162828, "spark.executor.cores": 1.8805697776632158, "spark.executor.instances": 6.706985061926506, "spark.executor.memory": 5.220608231175158, "spark.executor.memoryOverhead": 665.4034890102255, "spark.kryoserializer.buffer": 36.695867202930145, "spark.kryoserializer.buffer.max": 119.26877397522432, "spark.locality.wait": 8.182793464103185, "spark.maxRemoteBlockSizeFetchToMem": 1880123601.3044229, "spark.memory.fraction": 0.6283533604448858, "spark.memory.offHeap.enabled": 0.39986838798944724, "spark.memory.offHeap.size": 59.97830598911548, "spark.memory.storageFraction": 0.7347137618686046, "spark.rdd.compress": 0.16607928110496306, "spark.reducer.maxBlocksInFlightPerAddress": 1403101352.788217, "spark.reducer.maxReqsInFlight": 1490250644.802499, "spark.reducer.maxSizeInFlight": 66.35020043031551, "spark.scheduler.mode": 0.525052761279355, "spark.scheduler.revive.interval": 762.4170710763321, "spark.shuffle.compress": 0.5706376545457572, "spark.shuffle.file.buffer": 16.89187009002706, "spark.shuffle.io.numConnectionsPerPeer": 2.337963367848364, "spark.shuffle.sort.bypassMergeThreshold": 216.71173145071975, "spark.storage.memoryMapThreshold": 2.7442573489398208}, "datetime": {"datetime": "2022-02-20 13:17:42", "elapsed": 4492.841593, "delta": 262.293248}}
{"target": -258.764, "params": {"spark.broadcast.blockSize": 40.26264881048018, "spark.broadcast.checksum": 0.4219295014704264, "spark.broadcast.compress": 0.7792133659063356, "spark.default.parallelism": 264.7635693616708, "spark.executor.cores": 2.3893745156314785, "spark.executor.instances": 6.624849865625965, "spark.executor.memory": 4.194677889251011, "spark.executor.memoryOverhead": 583.9834880957994, "spark.kryoserializer.buffer": 113.99170879149618, "spark.kryoserializer.buffer.max": 111.58204354952144, "spark.locality.wait": 7.1357398830513254, "spark.maxRemoteBlockSizeFetchToMem": 1632294588.312758, "spark.memory.fraction": 0.6792227705832512, "spark.memory.offHeap.enabled": 0.5246444739480839, "spark.memory.offHeap.size": 769.5517110764998, "spark.memory.storageFraction": 0.7479168814336765, "spark.rdd.compress": 0.5314046651837371, "spark.reducer.maxBlocksInFlightPerAddress": 1370481358.237372, "spark.reducer.maxReqsInFlight": 1570670766.3061085, "spark.reducer.maxSizeInFlight": 48.6181227070516, "spark.scheduler.mode": 0.7267347647058957, "spark.scheduler.revive.interval": 844.7892936228675, "spark.shuffle.compress": 0.581416730614295, "spark.shuffle.file.buffer": 22.230419314069568, "spark.shuffle.io.numConnectionsPerPeer": 4.63833468054751, "spark.shuffle.sort.bypassMergeThreshold": 271.8047314458194, "spark.storage.memoryMapThreshold": 2.5777167595690464}, "datetime": {"datetime": "2022-02-20 13:22:09", "elapsed": 4760.096931, "delta": 267.255338}}
{"target": -172.996, "params": {"spark.broadcast.blockSize": 40.3023417436314, "spark.broadcast.checksum": 0.22727059760039414, "spark.broadcast.compress": 0.6374069516615718, "spark.default.parallelism": 343.0490122917974, "spark.executor.cores": 2.781012373958962, "spark.executor.instances": 7.064668330995797, "spark.executor.memory": 4.561657219124081, "spark.executor.memoryOverhead": 633.610566796424, "spark.kryoserializer.buffer": 49.2928988363595, "spark.kryoserializer.buffer.max": 70.07962873726215, "spark.locality.wait": 6.84917771531059, "spark.maxRemoteBlockSizeFetchToMem": 1813082763.6515775, "spark.memory.fraction": 0.6203994931038435, "spark.memory.offHeap.enabled": 0.4511191686095022, "spark.memory.offHeap.size": 346.51101477874613, "spark.memory.storageFraction": 0.7009175143653104, "spark.rdd.compress": 0.5793150313160439, "spark.reducer.maxBlocksInFlightPerAddress": 1216061538.3681102, "spark.reducer.maxReqsInFlight": 1867182538.0793424, "spark.reducer.maxSizeInFlight": 57.36277924326064, "spark.scheduler.mode": 0.8465176533421913, "spark.scheduler.revive.interval": 945.1519609427116, "spark.shuffle.compress": 0.6245404129917401, "spark.shuffle.file.buffer": 43.462059473871136, "spark.shuffle.io.numConnectionsPerPeer": 3.383842070817877, "spark.shuffle.sort.bypassMergeThreshold": 313.0113136129445, "spark.storage.memoryMapThreshold": 1.8745431349335433}, "datetime": {"datetime": "2022-02-20 13:25:11", "elapsed": 4941.513433, "delta": 181.416502}}
{"target": -172.909, "params": {"spark.broadcast.blockSize": 34.01429605335191, "spark.broadcast.checksum": 0.24301053272636797, "spark.broadcast.compress": 0.046471004160977936, "spark.default.parallelism": 290.52495170086905, "spark.executor.cores": 3.5351475456326984, "spark.executor.instances": 6.461277228363409, "spark.executor.memory": 4.80215321702501, "spark.executor.memoryOverhead": 798.4629245381963, "spark.kryoserializer.buffer": 42.702926180293915, "spark.kryoserializer.buffer.max": 81.98533714253755, "spark.locality.wait": 8.6372389355957, "spark.maxRemoteBlockSizeFetchToMem": 1778729843.8726478, "spark.memory.fraction": 0.645047923449706, "spark.memory.offHeap.enabled": 0.4984657848268126, "spark.memory.offHeap.size": 121.17779154532434, "spark.memory.storageFraction": 0.6088805635393199, "spark.rdd.compress": 0.5363500068769179, "spark.reducer.maxBlocksInFlightPerAddress": 2028539377.014735, "spark.reducer.maxReqsInFlight": 1483681364.4359608, "spark.reducer.maxSizeInFlight": 52.25202157409221, "spark.scheduler.mode": 0.7457541251788754, "spark.scheduler.revive.interval": 880.9148818441195, "spark.shuffle.compress": 0.08520762308061769, "spark.shuffle.file.buffer": 36.1522147266151, "spark.shuffle.io.numConnectionsPerPeer": 2.314069144298799, "spark.shuffle.sort.bypassMergeThreshold": 182.9664473760607, "spark.storage.memoryMapThreshold": 3.7984173446415226}, "datetime": {"datetime": "2022-02-20 13:28:12", "elapsed": 5122.985468, "delta": 181.472035}}
{"target": -182.457, "params": {"spark.broadcast.blockSize": 40.206085971488115, "spark.broadcast.checksum": 0.559533690061484, "spark.broadcast.compress": 0.6790363146572983, "spark.default.parallelism": 315.1100371724176, "spark.executor.cores": 3.142365783769362, "spark.executor.instances": 7.065225668373465, "spark.executor.memory": 5.334357658679114, "spark.executor.memoryOverhead": 694.1293987830002, "spark.kryoserializer.buffer": 98.86062891485282, "spark.kryoserializer.buffer.max": 101.7906458885095, "spark.locality.wait": 9.154190097462088, "spark.maxRemoteBlockSizeFetchToMem": 1761081709.4480014, "spark.memory.fraction": 0.541311871296049, "spark.memory.offHeap.enabled": 0.18139255136311205, "spark.memory.offHeap.size": 843.9452181813577, "spark.memory.storageFraction": 0.7751716509143969, "spark.rdd.compress": 0.014514548218865553, "spark.reducer.maxBlocksInFlightPerAddress": 1309118942.1792088, "spark.reducer.maxReqsInFlight": 1173090070.6524863, "spark.reducer.maxSizeInFlight": 42.53866920473203, "spark.scheduler.mode": 0.538453384989946, "spark.scheduler.revive.interval": 730.8024731986109, "spark.shuffle.compress": 0.4258127889079043, "spark.shuffle.file.buffer": 29.737491372404058, "spark.shuffle.io.numConnectionsPerPeer": 2.5474361309828875, "spark.shuffle.sort.bypassMergeThreshold": 226.21282458939092, "spark.storage.memoryMapThreshold": 3.3649171309208983}, "datetime": {"datetime": "2022-02-20 13:31:23", "elapsed": 5313.879575, "delta": 190.894107}}
{"target": -196.764, "params": {"spark.broadcast.blockSize": 40.63741818512652, "spark.broadcast.checksum": 0.7428846489001993, "spark.broadcast.compress": 0.4512359677736628, "spark.default.parallelism": 278.2634383718407, "spark.executor.cores": 3.2341756996250406, "spark.executor.instances": 5.351352419956196, "spark.executor.memory": 5.198874648058396, "spark.executor.memoryOverhead": 830.6159901154651, "spark.kryoserializer.buffer": 77.88767972304137, "spark.kryoserializer.buffer.max": 76.65931513821612, "spark.locality.wait": 7.289929583814645, "spark.maxRemoteBlockSizeFetchToMem": 1597824055.4697628, "spark.memory.fraction": 0.6005493557082263, "spark.memory.offHeap.enabled": 0.42190840419754594, "spark.memory.offHeap.size": 308.7406232217186, "spark.memory.storageFraction": 0.7319220697105018, "spark.rdd.compress": 0.1544481486282272, "spark.reducer.maxBlocksInFlightPerAddress": 1549322918.4363236, "spark.reducer.maxReqsInFlight": 1956003427.340906, "spark.reducer.maxSizeInFlight": 51.54065713446721, "spark.scheduler.mode": 0.3510080189788719, "spark.scheduler.revive.interval": 816.8190582225043, "spark.shuffle.compress": 0.16765363741458816, "spark.shuffle.file.buffer": 36.27871276263008, "spark.shuffle.io.numConnectionsPerPeer": 3.161810089992553, "spark.shuffle.sort.bypassMergeThreshold": 211.47277549984452, "spark.storage.memoryMapThreshold": 2.8518845755462263}, "datetime": {"datetime": "2022-02-20 13:34:49", "elapsed": 5519.24444, "delta": 205.364865}}
{"target": -210.205, "params": {"spark.broadcast.blockSize": 48.81039621556491, "spark.broadcast.checksum": 0.2557252279863014, "spark.broadcast.compress": 0.16992056771906405, "spark.default.parallelism": 339.733506320366, "spark.executor.cores": 2.8115219046648674, "spark.executor.instances": 6.641849908368462, "spark.executor.memory": 3.889265075626325, "spark.executor.memoryOverhead": 581.624270782535, "spark.kryoserializer.buffer": 93.73878801361654, "spark.kryoserializer.buffer.max": 85.2659988334223, "spark.locality.wait": 5.913651043230561, "spark.maxRemoteBlockSizeFetchToMem": 1979372516.6534753, "spark.memory.fraction": 0.5719602235695304, "spark.memory.offHeap.enabled": 0.3052099823784149, "spark.memory.offHeap.size": 681.5198712164992, "spark.memory.storageFraction": 0.6733423382823329, "spark.rdd.compress": 0.5170481198380479, "spark.reducer.maxBlocksInFlightPerAddress": 1457668416.059112, "spark.reducer.maxReqsInFlight": 1928593189.7902918, "spark.reducer.maxSizeInFlight": 47.213766283484006, "spark.scheduler.mode": 0.193565296595958, "spark.scheduler.revive.interval": 731.3087385630907, "spark.shuffle.compress": 0.2862686062744939, "spark.shuffle.file.buffer": 36.302781709152384, "spark.shuffle.io.numConnectionsPerPeer": 4.000486347513033, "spark.shuffle.sort.bypassMergeThreshold": 241.70450353198441, "spark.storage.memoryMapThreshold": 1.9113716195869805}, "datetime": {"datetime": "2022-02-20 13:38:27", "elapsed": 5737.991461, "delta": 218.747021}}
{"target": -177.821, "params": {"spark.broadcast.blockSize": 38.34015585568551, "spark.broadcast.checksum": 0.14728877494259407, "spark.broadcast.compress": 0.1520626158748759, "spark.default.parallelism": 317.886812958829, "spark.executor.cores": 3.593160644088276, "spark.executor.instances": 5.669667303766419, "spark.executor.memory": 3.843732500443071, "spark.executor.memoryOverhead": 747.7918625607911, "spark.kryoserializer.buffer": 64.11936100874757, "spark.kryoserializer.buffer.max": 94.74170833624684, "spark.locality.wait": 5.0863846774166035, "spark.maxRemoteBlockSizeFetchToMem": 1775509871.1556473, "spark.memory.fraction": 0.7121456665032624, "spark.memory.offHeap.enabled": 0.8016494609096105, "spark.memory.offHeap.size": 218.21830857872828, "spark.memory.storageFraction": 0.6510020089853956, "spark.rdd.compress": 0.2673155514411263, "spark.reducer.maxBlocksInFlightPerAddress": 1274122775.7069604, "spark.reducer.maxReqsInFlight": 1759295074.0053911, "spark.reducer.maxSizeInFlight": 53.340842844778734, "spark.scheduler.mode": 0.7221505164656234, "spark.scheduler.revive.interval": 738.0433495722997, "spark.shuffle.compress": 0.21398568018677366, "spark.shuffle.file.buffer": 33.771944520574365, "spark.shuffle.io.numConnectionsPerPeer": 3.551039063854789, "spark.shuffle.sort.bypassMergeThreshold": 240.3502968992611, "spark.storage.memoryMapThreshold": 2.931135786614984}, "datetime": {"datetime": "2022-02-20 13:41:34", "elapsed": 5924.361881, "delta": 186.37042}}
{"target": -213.784, "params": {"spark.broadcast.blockSize": 37.94458777714642, "spark.broadcast.checksum": 0.5843670799638542, "spark.broadcast.compress": 0.6829426205145722, "spark.default.parallelism": 267.7624169419586, "spark.executor.cores": 2.9770963799384758, "spark.executor.instances": 6.8318950437521355, "spark.executor.memory": 4.902970496480081, "spark.executor.memoryOverhead": 624.7584415754578, "spark.kryoserializer.buffer": 81.00393953430003, "spark.kryoserializer.buffer.max": 96.09980339944818, "spark.locality.wait": 5.767159215367579, "spark.maxRemoteBlockSizeFetchToMem": 1535481710.8902116, "spark.memory.fraction": 0.6877800407915832, "spark.memory.offHeap.enabled": 0.876114214924525, "spark.memory.offHeap.size": 185.58067265986188, "spark.memory.storageFraction": 0.7019714090822342, "spark.rdd.compress": 0.6275848125351208, "spark.reducer.maxBlocksInFlightPerAddress": 2045564849.6977048, "spark.reducer.maxReqsInFlight": 1877999919.1100664, "spark.reducer.maxSizeInFlight": 31.794246281396298, "spark.scheduler.mode": 0.44185021212992537, "spark.scheduler.revive.interval": 918.9508336608033, "spark.shuffle.compress": 0.021951926189843762, "spark.shuffle.file.buffer": 24.357320210043138, "spark.shuffle.io.numConnectionsPerPeer": 4.166815655967286, "spark.shuffle.sort.bypassMergeThreshold": 182.4462226637624, "spark.storage.memoryMapThreshold": 2.3857120950409327}, "datetime": {"datetime": "2022-02-20 13:45:16", "elapsed": 6146.77746, "delta": 222.415579}}
{"target": -245.054, "params": {"spark.broadcast.blockSize": 50.53291779747218, "spark.broadcast.checksum": 0.5277941556350909, "spark.broadcast.compress": 0.37920366684344875, "spark.default.parallelism": 348.5936016673684, "spark.executor.cores": 2.4460598692542024, "spark.executor.instances": 6.594485728511973, "spark.executor.memory": 4.289322365990394, "spark.executor.memoryOverhead": 580.8208424383715, "spark.kryoserializer.buffer": 76.0527656785741, "spark.kryoserializer.buffer.max": 78.45621513783996, "spark.locality.wait": 9.132187878491612, "spark.maxRemoteBlockSizeFetchToMem": 1878513772.0385675, "spark.memory.fraction": 0.532915279369571, "spark.memory.offHeap.enabled": 0.5379487473564334, "spark.memory.offHeap.size": 467.2299385617255, "spark.memory.storageFraction": 0.8925431022215933, "spark.rdd.compress": 0.3806441400724352, "spark.reducer.maxBlocksInFlightPerAddress": 1460193113.2451859, "spark.reducer.maxReqsInFlight": 1344272065.1772008, "spark.reducer.maxSizeInFlight": 45.5865981001402, "spark.scheduler.mode": 0.8240590603390977, "spark.scheduler.revive.interval": 915.7347872793114, "spark.shuffle.compress": 0.06243494732757404, "spark.shuffle.file.buffer": 23.35661357565256, "spark.shuffle.io.numConnectionsPerPeer": 3.8592083058178837, "spark.shuffle.sort.bypassMergeThreshold": 272.2640246695449, "spark.storage.memoryMapThreshold": 2.9876792261771437}, "datetime": {"datetime": "2022-02-20 13:49:30", "elapsed": 6400.221747, "delta": 253.444287}}
{"target": -188.933, "params": {"spark.broadcast.blockSize": 39.901620557586185, "spark.broadcast.checksum": 0.4374703075381996, "spark.broadcast.compress": 0.3426525061855583, "spark.default.parallelism": 471.2433076974461, "spark.executor.cores": 3.1486156026377334, "spark.executor.instances": 6.927059878764155, "spark.executor.memory": 5.101842081467421, "spark.executor.memoryOverhead": 595.2643425445635, "spark.kryoserializer.buffer": 86.89288903839586, "spark.kryoserializer.buffer.max": 90.32727546752103, "spark.locality.wait": 6.125880429200942, "spark.maxRemoteBlockSizeFetchToMem": 1859711676.906191, "spark.memory.fraction": 0.7060941692827544, "spark.memory.offHeap.enabled": 0.2432007468466726, "spark.memory.offHeap.size": 454.6132453624932, "spark.memory.storageFraction": 0.5120664557088148, "spark.rdd.compress": 0.3759808332007294, "spark.reducer.maxBlocksInFlightPerAddress": 1253445210.440736, "spark.reducer.maxReqsInFlight": 2073812231.348396, "spark.reducer.maxSizeInFlight": 37.5317460590819, "spark.scheduler.mode": 0.800056755325144, "spark.scheduler.revive.interval": 922.4404758259625, "spark.shuffle.compress": 0.6009602401604166, "spark.shuffle.file.buffer": 42.47348223253751, "spark.shuffle.io.numConnectionsPerPeer": 3.0139102342143396, "spark.shuffle.sort.bypassMergeThreshold": 313.52868041635327, "spark.storage.memoryMapThreshold": 3.614016167237425}, "datetime": {"datetime": "2022-02-20 13:52:47", "elapsed": 6597.683028, "delta": 197.461281}}
{"target": -183.168, "params": {"spark.broadcast.blockSize": 40.13618789549229, "spark.broadcast.checksum": 0.4729942932294079, "spark.broadcast.compress": 0.5757745078383022, "spark.default.parallelism": 354.62277017494137, "spark.executor.cores": 3.5296364294854965, "spark.executor.instances": 5.781181676528442, "spark.executor.memory": 3.4148475250397046, "spark.executor.memoryOverhead": 585.8494329304226, "spark.kryoserializer.buffer": 75.3839989883875, "spark.kryoserializer.buffer.max": 112.44438437368521, "spark.locality.wait": 5.05014834652192, "spark.maxRemoteBlockSizeFetchToMem": 1778483375.7898796, "spark.memory.fraction": 0.7157755903430328, "spark.memory.offHeap.enabled": 0.583723166406429, "spark.memory.offHeap.size": 676.768878988216, "spark.memory.storageFraction": 0.6480164749854743, "spark.rdd.compress": 0.6283473587920448, "spark.reducer.maxBlocksInFlightPerAddress": 1493172428.5897107, "spark.reducer.maxReqsInFlight": 1566623680.2394943, "spark.reducer.maxSizeInFlight": 38.355185905114276, "spark.scheduler.mode": 0.3244623629678516, "spark.scheduler.revive.interval": 835.3296155954878, "spark.shuffle.compress": 0.5147139055072759, "spark.shuffle.file.buffer": 27.448968584796237, "spark.shuffle.io.numConnectionsPerPeer": 4.911602892351649, "spark.shuffle.sort.bypassMergeThreshold": 254.4186913368062, "spark.storage.memoryMapThreshold": 2.7715381312052996}, "datetime": {"datetime": "2022-02-20 13:56:02", "elapsed": 6792.518811, "delta": 194.835783}}
