{"target": -213.83, "params": {"spark.broadcast.blockSize": 43.0, "spark.broadcast.checksum": 0.0, "spark.broadcast.compress": 1.0, "spark.default.parallelism": 411.0, "spark.executor.cores": 3.0, "spark.executor.instances": 5.0, "spark.executor.memory": 3.0, "spark.executor.memoryOverhead": 599.0, "spark.kryoserializer.buffer": 65.0, "spark.kryoserializer.buffer.max": 123.0, "spark.locality.wait": 6.0, "spark.maxRemoteBlockSizeFetchToMem": 1733861883.0, "spark.memory.fraction": 0.73, "spark.memory.offHeap.enabled": 0.0, "spark.memory.offHeap.size": 270.0, "spark.memory.storageFraction": 0.55, "spark.rdd.compress": 1.0, "spark.reducer.maxBlocksInFlightPerAddress": 1119840090.0, "spark.reducer.maxReqsInFlight": 2038148394.0, "spark.reducer.maxSizeInFlight": 44.0, "spark.scheduler.mode": 0.0, "spark.scheduler.revive.interval": 786.0, "spark.shuffle.compress": 1.0, "spark.shuffle.file.buffer": 42.0, "spark.shuffle.io.numConnectionsPerPeer": 1.0, "spark.shuffle.sort.bypassMergeThreshold": 304.0, "spark.storage.memoryMapThreshold": 4.0}, "datetime": {"datetime": "2022-02-20 12:02:49", "elapsed": 0.0, "delta": 0.0}}
{"target": -252.537, "params": {"spark.broadcast.blockSize": 59.0, "spark.broadcast.checksum": 0.0, "spark.broadcast.compress": 1.0, "spark.default.parallelism": 207.0, "spark.executor.cores": 2.0, "spark.executor.instances": 7.0, "spark.executor.memory": 7.0, "spark.executor.memoryOverhead": 775.0, "spark.kryoserializer.buffer": 121.0, "spark.kryoserializer.buffer.max": 37.0, "spark.locality.wait": 9.0, "spark.maxRemoteBlockSizeFetchToMem": 1178550042.0, "spark.memory.fraction": 0.57, "spark.memory.offHeap.enabled": 0.0, "spark.memory.offHeap.size": 674.0, "spark.memory.storageFraction": 0.78, "spark.rdd.compress": 0.0, "spark.reducer.maxBlocksInFlightPerAddress": 1353701934.0, "spark.reducer.maxReqsInFlight": 1235092101.0, "spark.reducer.maxSizeInFlight": 51.0, "spark.scheduler.mode": 0.0, "spark.scheduler.revive.interval": 517.0, "spark.shuffle.compress": 1.0, "spark.shuffle.file.buffer": 17.0, "spark.shuffle.io.numConnectionsPerPeer": 1.0, "spark.shuffle.sort.bypassMergeThreshold": 155.0, "spark.storage.memoryMapThreshold": 3.0}, "datetime": {"datetime": "2022-02-20 12:02:49", "elapsed": 0.000398, "delta": 0.000398}}
{"target": -383.32, "params": {"spark.broadcast.blockSize": 46.0, "spark.broadcast.checksum": 1.0, "spark.broadcast.compress": 0.0, "spark.default.parallelism": 244.0, "spark.executor.cores": 1.0, "spark.executor.instances": 7.0, "spark.executor.memory": 3.0, "spark.executor.memoryOverhead": 804.0, "spark.kryoserializer.buffer": 116.0, "spark.kryoserializer.buffer.max": 62.0, "spark.locality.wait": 6.0, "spark.maxRemoteBlockSizeFetchToMem": 1843069434.0, "spark.memory.fraction": 0.6, "spark.memory.offHeap.enabled": 0.0, "spark.memory.offHeap.size": 1018.0, "spark.memory.storageFraction": 0.85, "spark.rdd.compress": 0.0, "spark.reducer.maxBlocksInFlightPerAddress": 1475975448.0, "spark.reducer.maxReqsInFlight": 1238780366.0, "spark.reducer.maxSizeInFlight": 68.0, "spark.scheduler.mode": 0.0, "spark.scheduler.revive.interval": 635.0, "spark.shuffle.compress": 1.0, "spark.shuffle.file.buffer": 31.0, "spark.shuffle.io.numConnectionsPerPeer": 1.0, "spark.shuffle.sort.bypassMergeThreshold": 151.0, "spark.storage.memoryMapThreshold": 3.0}, "datetime": {"datetime": "2022-02-20 12:02:49", "elapsed": 0.000616, "delta": 0.000218}}
{"target": -256.526, "params": {"spark.broadcast.blockSize": 41.0, "spark.broadcast.checksum": 0.0, "spark.broadcast.compress": 1.0, "spark.default.parallelism": 417.0, "spark.executor.cores": 3.0, "spark.executor.instances": 5.0, "spark.executor.memory": 3.0, "spark.executor.memoryOverhead": 589.0, "spark.kryoserializer.buffer": 66.0, "spark.kryoserializer.buffer.max": 124.0, "spark.locality.wait": 6.0, "spark.maxRemoteBlockSizeFetchToMem": 1731941376.0, "spark.memory.fraction": 0.7200000286102295, "spark.memory.offHeap.enabled": 0.0, "spark.memory.offHeap.size": 262.0, "spark.memory.storageFraction": 0.5600000023841858, "spark.rdd.compress": 1.0, "spark.reducer.maxBlocksInFlightPerAddress": 1122700800.0, "spark.reducer.maxReqsInFlight": 2071521664.0, "spark.reducer.maxSizeInFlight": 44.0, "spark.scheduler.mode": 0.0, "spark.scheduler.revive.interval": 786.0, "spark.shuffle.compress": 1.0, "spark.shuffle.file.buffer": 41.0, "spark.shuffle.io.numConnectionsPerPeer": 1.0, "spark.shuffle.sort.bypassMergeThreshold": 300.0, "spark.storage.memoryMapThreshold": 4.0}, "datetime": {"datetime": "2022-02-20 12:02:49", "elapsed": 0.000815, "delta": 0.000199}}
{"target": -255.797, "params": {"spark.broadcast.blockSize": 43.0, "spark.broadcast.checksum": 0.0, "spark.broadcast.compress": 1.0, "spark.default.parallelism": 419.0, "spark.executor.cores": 3.0, "spark.executor.instances": 5.0, "spark.executor.memory": 3.0, "spark.executor.memoryOverhead": 604.0, "spark.kryoserializer.buffer": 64.0, "spark.kryoserializer.buffer.max": 121.0, "spark.locality.wait": 6.0, "spark.maxRemoteBlockSizeFetchToMem": 1724312064.0, "spark.memory.fraction": 0.7300000190734863, "spark.memory.offHeap.enabled": 0.0, "spark.memory.offHeap.size": 205.0, "spark.memory.storageFraction": 0.5699999928474426, "spark.rdd.compress": 1.0, "spark.reducer.maxBlocksInFlightPerAddress": 1164940032.0, "spark.reducer.maxReqsInFlight": 2032994432.0, "spark.reducer.maxSizeInFlight": 43.0, "spark.scheduler.mode": 0.0, "spark.scheduler.revive.interval": 804.0, "spark.shuffle.compress": 1.0, "spark.shuffle.file.buffer": 43.0, "spark.shuffle.io.numConnectionsPerPeer": 1.0, "spark.shuffle.sort.bypassMergeThreshold": 301.0, "spark.storage.memoryMapThreshold": 4.0}, "datetime": {"datetime": "2022-02-20 12:02:49", "elapsed": 0.001046, "delta": 0.000231}}
{"target": -270.157, "params": {"spark.broadcast.blockSize": 46.0, "spark.broadcast.checksum": 0.0, "spark.broadcast.compress": 1.0, "spark.default.parallelism": 389.0, "spark.executor.cores": 3.0, "spark.executor.instances": 5.0, "spark.executor.memory": 4.0, "spark.executor.memoryOverhead": 619.0, "spark.kryoserializer.buffer": 69.0, "spark.kryoserializer.buffer.max": 100.0, "spark.locality.wait": 6.0, "spark.maxRemoteBlockSizeFetchToMem": 1663671808.0, "spark.memory.fraction": 0.7200000286102295, "spark.memory.offHeap.enabled": 0.0, "spark.memory.offHeap.size": 338.0, "spark.memory.storageFraction": 0.6299999952316284, "spark.rdd.compress": 1.0, "spark.reducer.maxBlocksInFlightPerAddress": 1351364864.0, "spark.reducer.maxReqsInFlight": 1872136832.0, "spark.reducer.maxSizeInFlight": 45.0, "spark.scheduler.mode": 0.0, "spark.scheduler.revive.interval": 778.0, "spark.shuffle.compress": 1.0, "spark.shuffle.file.buffer": 38.0, "spark.shuffle.io.numConnectionsPerPeer": 1.0, "spark.shuffle.sort.bypassMergeThreshold": 272.0, "spark.storage.memoryMapThreshold": 3.0}, "datetime": {"datetime": "2022-02-20 12:02:49", "elapsed": 0.001252, "delta": 0.000206}}
{"target": -213.807, "params": {"spark.broadcast.blockSize": 42.0, "spark.broadcast.checksum": 0.0, "spark.broadcast.compress": 1.0, "spark.default.parallelism": 402.0, "spark.executor.cores": 3.0, "spark.executor.instances": 5.0, "spark.executor.memory": 3.0, "spark.executor.memoryOverhead": 601.0, "spark.kryoserializer.buffer": 66.0, "spark.kryoserializer.buffer.max": 120.0, "spark.locality.wait": 6.0, "spark.maxRemoteBlockSizeFetchToMem": 1762526208.0, "spark.memory.fraction": 0.7300000190734863, "spark.memory.offHeap.enabled": 0.0, "spark.memory.offHeap.size": 280.0, "spark.memory.storageFraction": 0.550000011920929, "spark.rdd.compress": 1.0, "spark.reducer.maxBlocksInFlightPerAddress": 1118996992.0, "spark.reducer.maxReqsInFlight": 2000530432.0, "spark.reducer.maxSizeInFlight": 43.0, "spark.scheduler.mode": 0.0, "spark.scheduler.revive.interval": 790.0, "spark.shuffle.compress": 1.0, "spark.shuffle.file.buffer": 43.0, "spark.shuffle.io.numConnectionsPerPeer": 1.0, "spark.shuffle.sort.bypassMergeThreshold": 297.0, "spark.storage.memoryMapThreshold": 4.0}, "datetime": {"datetime": "2022-02-20 12:02:49", "elapsed": 0.001456, "delta": 0.000204}}
{"target": -262.504, "params": {"spark.broadcast.blockSize": 42.0, "spark.broadcast.checksum": 0.0, "spark.broadcast.compress": 1.0, "spark.default.parallelism": 426.0, "spark.executor.cores": 3.0, "spark.executor.instances": 5.0, "spark.executor.memory": 3.0, "spark.executor.memoryOverhead": 622.0, "spark.kryoserializer.buffer": 66.0, "spark.kryoserializer.buffer.max": 122.0, "spark.locality.wait": 6.0, "spark.maxRemoteBlockSizeFetchToMem": 1742482176.0, "spark.memory.fraction": 0.7200000286102295, "spark.memory.offHeap.enabled": 0.0, "spark.memory.offHeap.size": 309.0, "spark.memory.storageFraction": 0.5299999713897705, "spark.rdd.compress": 1.0, "spark.reducer.maxBlocksInFlightPerAddress": 1073741824.0, "spark.reducer.maxReqsInFlight": 1999815168.0, "spark.reducer.maxSizeInFlight": 45.0, "spark.scheduler.mode": 0.0, "spark.scheduler.revive.interval": 790.0, "spark.shuffle.compress": 1.0, "spark.shuffle.file.buffer": 42.0, "spark.shuffle.io.numConnectionsPerPeer": 1.0, "spark.shuffle.sort.bypassMergeThreshold": 301.0, "spark.storage.memoryMapThreshold": 4.0}, "datetime": {"datetime": "2022-02-20 12:02:49", "elapsed": 0.001669, "delta": 0.000213}}
{"target": -254.137, "params": {"spark.broadcast.blockSize": 45.0, "spark.broadcast.checksum": 0.0, "spark.broadcast.compress": 1.0, "spark.default.parallelism": 404.0, "spark.executor.cores": 3.0, "spark.executor.instances": 5.0, "spark.executor.memory": 4.0, "spark.executor.memoryOverhead": 610.0, "spark.kryoserializer.buffer": 72.0, "spark.kryoserializer.buffer.max": 113.0, "spark.locality.wait": 6.0, "spark.maxRemoteBlockSizeFetchToMem": 1721526528.0, "spark.memory.fraction": 0.699999988079071, "spark.memory.offHeap.enabled": 0.0, "spark.memory.offHeap.size": 338.0, "spark.memory.storageFraction": 0.6000000238418579, "spark.rdd.compress": 1.0, "spark.reducer.maxBlocksInFlightPerAddress": 1277100672.0, "spark.reducer.maxReqsInFlight": 1937947904.0, "spark.reducer.maxSizeInFlight": 44.0, "spark.scheduler.mode": 0.0, "spark.scheduler.revive.interval": 778.0, "spark.shuffle.compress": 1.0, "spark.shuffle.file.buffer": 36.0, "spark.shuffle.io.numConnectionsPerPeer": 1.0, "spark.shuffle.sort.bypassMergeThreshold": 286.0, "spark.storage.memoryMapThreshold": 3.0}, "datetime": {"datetime": "2022-02-20 12:02:49", "elapsed": 0.0019, "delta": 0.000231}}
{"target": -175.654, "params": {"spark.broadcast.blockSize": 64.0, "spark.broadcast.checksum": 0.0, "spark.broadcast.compress": 0.0, "spark.default.parallelism": 429.0, "spark.executor.cores": 3.0, "spark.executor.instances": 7.0, "spark.executor.memory": 5.0, "spark.executor.memoryOverhead": 802.0, "spark.kryoserializer.buffer": 54.0, "spark.kryoserializer.buffer.max": 68.0, "spark.locality.wait": 7.0, "spark.maxRemoteBlockSizeFetchToMem": 1663695849.0, "spark.memory.fraction": 0.67, "spark.memory.offHeap.enabled": 1.0, "spark.memory.offHeap.size": 612.0, "spark.memory.storageFraction": 0.53, "spark.rdd.compress": 0.0, "spark.reducer.maxBlocksInFlightPerAddress": 1140189452.0, "spark.reducer.maxReqsInFlight": 1842404348.0, "spark.reducer.maxSizeInFlight": 32.0, "spark.scheduler.mode": 0.0, "spark.scheduler.revive.interval": 833.0, "spark.shuffle.compress": 0.0, "spark.shuffle.file.buffer": 42.0, "spark.shuffle.io.numConnectionsPerPeer": 2.0, "spark.shuffle.sort.bypassMergeThreshold": 188.0, "spark.storage.memoryMapThreshold": 2.0}, "datetime": {"datetime": "2022-02-20 12:02:49", "elapsed": 0.00213, "delta": 0.00023}}
{"target": -530.027, "params": {"spark.broadcast.blockSize": 55.0, "spark.broadcast.checksum": 0.0, "spark.broadcast.compress": 0.0, "spark.default.parallelism": 299.0, "spark.executor.cores": 1.0, "spark.executor.instances": 4.0, "spark.executor.memory": 6.0, "spark.executor.memoryOverhead": 823.0, "spark.kryoserializer.buffer": 34.0, "spark.kryoserializer.buffer.max": 40.0, "spark.locality.wait": 7.0, "spark.maxRemoteBlockSizeFetchToMem": 1795332364.0, "spark.memory.fraction": 0.86, "spark.memory.offHeap.enabled": 0.0, "spark.memory.offHeap.size": 525.0, "spark.memory.storageFraction": 0.78, "spark.rdd.compress": 1.0, "spark.reducer.maxBlocksInFlightPerAddress": 1487440048.0, "spark.reducer.maxReqsInFlight": 1854924278.0, "spark.reducer.maxSizeInFlight": 59.0, "spark.scheduler.mode": 1.0, "spark.scheduler.revive.interval": 740.0, "spark.shuffle.compress": 1.0, "spark.shuffle.file.buffer": 41.0, "spark.shuffle.io.numConnectionsPerPeer": 5.0, "spark.shuffle.sort.bypassMergeThreshold": 342.0, "spark.storage.memoryMapThreshold": 1.0}, "datetime": {"datetime": "2022-02-20 12:02:49", "elapsed": 0.002353, "delta": 0.000223}}
{"target": -181.05, "params": {"spark.broadcast.blockSize": 57.0, "spark.broadcast.checksum": 0.0, "spark.broadcast.compress": 1.0, "spark.default.parallelism": 376.0, "spark.executor.cores": 3.0, "spark.executor.instances": 7.0, "spark.executor.memory": 3.0, "spark.executor.memoryOverhead": 441.0, "spark.kryoserializer.buffer": 95.0, "spark.kryoserializer.buffer.max": 85.0, "spark.locality.wait": 10.0, "spark.maxRemoteBlockSizeFetchToMem": 1105398013.0, "spark.memory.fraction": 0.73, "spark.memory.offHeap.enabled": 1.0, "spark.memory.offHeap.size": 871.0, "spark.memory.storageFraction": 0.7, "spark.rdd.compress": 1.0, "spark.reducer.maxBlocksInFlightPerAddress": 1493570686.0, "spark.reducer.maxReqsInFlight": 1243495023.0, "spark.reducer.maxSizeInFlight": 41.0, "spark.scheduler.mode": 1.0, "spark.scheduler.revive.interval": 729.0, "spark.shuffle.compress": 0.0, "spark.shuffle.file.buffer": 34.0, "spark.shuffle.io.numConnectionsPerPeer": 5.0, "spark.shuffle.sort.bypassMergeThreshold": 333.0, "spark.storage.memoryMapThreshold": 1.0}, "datetime": {"datetime": "2022-02-20 12:02:49", "elapsed": 0.002588, "delta": 0.000235}}
{"target": -219.249, "params": {"spark.broadcast.blockSize": 51.114706479923825, "spark.broadcast.checksum": 0.5467384930934266, "spark.broadcast.compress": 0.8609372481115752, "spark.default.parallelism": 398.57669578499025, "spark.executor.cores": 2.5806885206132635, "spark.executor.instances": 6.394481003223833, "spark.executor.memory": 3.0447553275500177, "spark.executor.memoryOverhead": 415.8411083348285, "spark.kryoserializer.buffer": 110.12404955852145, "spark.kryoserializer.buffer.max": 94.01720417812726, "spark.locality.wait": 4.029843827557431, "spark.maxRemoteBlockSizeFetchToMem": 1476719249.9738364, "spark.memory.fraction": 0.8313548474181593, "spark.memory.offHeap.enabled": 0.18930649304577507, "spark.memory.offHeap.size": 139.89503143315335, "spark.memory.storageFraction": 0.5978995437694086, "spark.rdd.compress": 0.6574566360392429, "spark.reducer.maxBlocksInFlightPerAddress": 1256680745.817306, "spark.reducer.maxReqsInFlight": 2119464429.8745627, "spark.reducer.maxSizeInFlight": 31.607654883029376, "spark.scheduler.mode": 0.44314401136475534, "spark.scheduler.revive.interval": 694.0686501579105, "spark.shuffle.compress": 0.5863568245810753, "spark.shuffle.file.buffer": 43.636563203640016, "spark.shuffle.io.numConnectionsPerPeer": 1.645195115076902, "spark.shuffle.sort.bypassMergeThreshold": 287.19886061492707, "spark.storage.memoryMapThreshold": 3.217346656922891}, "datetime": {"datetime": "2022-02-20 12:06:37", "elapsed": 227.903771, "delta": 227.901183}}
{"target": -157.421, "params": {"spark.broadcast.blockSize": 40.86941702662128, "spark.broadcast.checksum": 0.4208080846871276, "spark.broadcast.compress": 0.5450077264807949, "spark.default.parallelism": 284.4965684466218, "spark.executor.cores": 3.5520842956361975, "spark.executor.instances": 7.013948156335369, "spark.executor.memory": 4.3906310404532185, "spark.executor.memoryOverhead": 661.5648275160444, "spark.kryoserializer.buffer": 79.24299499777689, "spark.kryoserializer.buffer.max": 120.91114192809886, "spark.locality.wait": 5.593282890272846, "spark.maxRemoteBlockSizeFetchToMem": 1880737814.6140642, "spark.memory.fraction": 0.6849396015580297, "spark.memory.offHeap.enabled": 0.12445777240299494, "spark.memory.offHeap.size": 309.9786507107964, "spark.memory.storageFraction": 0.5799094931351081, "spark.rdd.compress": 0.5230223777133799, "spark.reducer.maxBlocksInFlightPerAddress": 1101001941.4076405, "spark.reducer.maxReqsInFlight": 2117159374.8640032, "spark.reducer.maxSizeInFlight": 48.78801568453574, "spark.scheduler.mode": 0.4050888905295531, "spark.scheduler.revive.interval": 833.2337941046972, "spark.shuffle.compress": 0.5805719162010181, "spark.shuffle.file.buffer": 34.92576800421142, "spark.shuffle.io.numConnectionsPerPeer": 3.6803486126988525, "spark.shuffle.sort.bypassMergeThreshold": 280.56336213722165, "spark.storage.memoryMapThreshold": 3.2336332839672037}, "datetime": {"datetime": "2022-02-20 12:09:23", "elapsed": 393.82735, "delta": 165.923579}}
{"target": -153.378, "params": {"spark.broadcast.blockSize": 40.145355715830206, "spark.broadcast.checksum": 0.7895199470431686, "spark.broadcast.compress": 0.39207830877404237, "spark.default.parallelism": 289.17014533574644, "spark.executor.cores": 3.905674970061768, "spark.executor.instances": 6.930630310774074, "spark.executor.memory": 4.348270977648738, "spark.executor.memoryOverhead": 753.5970746425526, "spark.kryoserializer.buffer": 72.44673783166053, "spark.kryoserializer.buffer.max": 100.28382232930166, "spark.locality.wait": 7.3090163503626515, "spark.maxRemoteBlockSizeFetchToMem": 1956170652.7517166, "spark.memory.fraction": 0.5198735341180886, "spark.memory.offHeap.enabled": 0.2745660997975814, "spark.memory.offHeap.size": 145.13431393462156, "spark.memory.storageFraction": 0.8322389607414293, "spark.rdd.compress": 0.11710274991723624, "spark.reducer.maxBlocksInFlightPerAddress": 1158316942.192503, "spark.reducer.maxReqsInFlight": 1643501926.7001047, "spark.reducer.maxSizeInFlight": 42.20278115146485, "spark.scheduler.mode": 0.44729058873032923, "spark.scheduler.revive.interval": 879.5886726179565, "spark.shuffle.compress": 0.16370273857343198, "spark.shuffle.file.buffer": 23.699329354331315, "spark.shuffle.io.numConnectionsPerPeer": 4.8580987593285485, "spark.shuffle.sort.bypassMergeThreshold": 272.87168131955366, "spark.storage.memoryMapThreshold": 3.28889630833295}, "datetime": {"datetime": "2022-02-20 12:12:05", "elapsed": 555.602623, "delta": 161.775273}}
{"target": -213.447, "params": {"spark.broadcast.blockSize": 42.207343720965454, "spark.broadcast.checksum": 0.5974659498042167, "spark.broadcast.compress": 0.19658879612368196, "spark.default.parallelism": 332.5318475727845, "spark.executor.cores": 2.5525045641971635, "spark.executor.instances": 6.215347907646176, "spark.executor.memory": 5.295616558867153, "spark.executor.memoryOverhead": 601.6148962799714, "spark.kryoserializer.buffer": 110.01150286179168, "spark.kryoserializer.buffer.max": 102.83911483818113, "spark.locality.wait": 5.166533531610684, "spark.maxRemoteBlockSizeFetchToMem": 1945745642.6555338, "spark.memory.fraction": 0.5231473674458961, "spark.memory.offHeap.enabled": 0.839069977226939, "spark.memory.offHeap.size": 531.7573593584399, "spark.memory.storageFraction": 0.7001232613648518, "spark.rdd.compress": 0.6722760145331375, "spark.reducer.maxBlocksInFlightPerAddress": 1192769433.4109874, "spark.reducer.maxReqsInFlight": 1786713704.2999725, "spark.reducer.maxSizeInFlight": 46.043569410963116, "spark.scheduler.mode": 0.8900428537191277, "spark.scheduler.revive.interval": 927.538391985834, "spark.shuffle.compress": 0.15594261632509787, "spark.shuffle.file.buffer": 22.649723637679273, "spark.shuffle.io.numConnectionsPerPeer": 4.739305777863262, "spark.shuffle.sort.bypassMergeThreshold": 261.2726257208341, "spark.storage.memoryMapThreshold": 2.756643279380598}, "datetime": {"datetime": "2022-02-20 12:15:47", "elapsed": 777.730653, "delta": 222.12803}}
{"target": -155.465, "params": {"spark.broadcast.blockSize": 39.89022615414388, "spark.broadcast.checksum": 0.8551947967813026, "spark.broadcast.compress": 0.02737425042852948, "spark.default.parallelism": 216.02706593189882, "spark.executor.cores": 3.5840306976499914, "spark.executor.instances": 7.754287715806958, "spark.executor.memory": 6.425430356018969, "spark.executor.memoryOverhead": 602.9629000875303, "spark.kryoserializer.buffer": 50.6208873113858, "spark.kryoserializer.buffer.max": 87.40247891443465, "spark.locality.wait": 6.695372973936204, "spark.maxRemoteBlockSizeFetchToMem": 1796091548.4252772, "spark.memory.fraction": 0.8323429103823416, "spark.memory.offHeap.enabled": 0.912924424784762, "spark.memory.offHeap.size": 821.9655011140031, "spark.memory.storageFraction": 0.5914066999655796, "spark.rdd.compress": 0.2849990216687791, "spark.reducer.maxBlocksInFlightPerAddress": 1394626509.2308106, "spark.reducer.maxReqsInFlight": 1825869673.5621345, "spark.reducer.maxSizeInFlight": 45.50528770599928, "spark.scheduler.mode": 0.782357877286318, "spark.scheduler.revive.interval": 818.2805372845796, "spark.shuffle.compress": 0.2476483642846503, "spark.shuffle.file.buffer": 30.30808550358549, "spark.shuffle.io.numConnectionsPerPeer": 3.0849978902007784, "spark.shuffle.sort.bypassMergeThreshold": 240.82443427247176, "spark.storage.memoryMapThreshold": 2.7365860834067797}, "datetime": {"datetime": "2022-02-20 12:18:31", "elapsed": 941.695433, "delta": 163.96478}}
