{"target": -184.952, "params": {"spark.broadcast.blockSize": 34.56676605495498, "spark.broadcast.checksum": 0.5738605950566649, "spark.broadcast.compress": 0.4001483272049038, "spark.default.parallelism": 384.3847719228103, "spark.executor.cores": 2.6971042078007863, "spark.executor.instances": 6.631959782378539, "spark.executor.memory": 4.736746551561364, "spark.executor.memoryOverhead": 767.0062515779211, "spark.kryoserializer.buffer": 40.30614612756166, "spark.kryoserializer.buffer.max": 54.467597224718055, "spark.locality.wait": 6.809965737428387, "spark.maxRemoteBlockSizeFetchToMem": 1919774678.7864487, "spark.memory.fraction": 0.616933571834122, "spark.memory.offHeap.enabled": 0.9394300209466556, "spark.memory.offHeap.size": 283.49935061087103, "spark.memory.storageFraction": 0.6747848076326023, "spark.rdd.compress": 0.3628710044458825, "spark.reducer.maxBlocksInFlightPerAddress": 1722679955.1674724, "spark.reducer.maxReqsInFlight": 1729374296.032426, "spark.reducer.maxSizeInFlight": 55.84555545194781, "spark.scheduler.mode": 0.9003227003912326, "spark.scheduler.revive.interval": 942.7304342372149, "spark.shuffle.compress": 0.7108490392487304, "spark.shuffle.file.buffer": 41.36209912353907, "spark.shuffle.io.numConnectionsPerPeer": 3.2601003169961658, "spark.shuffle.sort.bypassMergeThreshold": 299.7156343160284, "spark.storage.memoryMapThreshold": 2.614770328363401}, "datetime": {"datetime": "2022-02-20 13:59:15", "elapsed": 6986.205809, "delta": 193.686998}}
{"target": -243.073, "params": {"spark.broadcast.blockSize": 46.93181870070682, "spark.broadcast.checksum": 0.06093817060559781, "spark.broadcast.compress": 0.6472190381243598, "spark.default.parallelism": 260.3032336335948, "spark.executor.cores": 2.100421341881012, "spark.executor.instances": 6.752351324485874, "spark.executor.memory": 4.385117311153541, "spark.executor.memoryOverhead": 590.3168196718136, "spark.kryoserializer.buffer": 65.4669637354242, "spark.kryoserializer.buffer.max": 35.363811854158854, "spark.locality.wait": 5.239260020032295, "spark.maxRemoteBlockSizeFetchToMem": 1719448648.4868422, "spark.memory.fraction": 0.5899835954833417, "spark.memory.offHeap.enabled": 0.8500707354948523, "spark.memory.offHeap.size": 200.23517948805295, "spark.memory.storageFraction": 0.6583573640368904, "spark.rdd.compress": 0.550601581061157, "spark.reducer.maxBlocksInFlightPerAddress": 1527911479.7555127, "spark.reducer.maxReqsInFlight": 2016231588.1413279, "spark.reducer.maxSizeInFlight": 64.88982242632576, "spark.scheduler.mode": 0.7124639125333526, "spark.scheduler.revive.interval": 887.8263056573066, "spark.shuffle.compress": 0.3597977991106224, "spark.shuffle.file.buffer": 46.18902664417324, "spark.shuffle.io.numConnectionsPerPeer": 2.4149288770417723, "spark.shuffle.sort.bypassMergeThreshold": 334.3433925261762, "spark.storage.memoryMapThreshold": 2.0819861871585026}, "datetime": {"datetime": "2022-02-20 14:03:27", "elapsed": 7237.900596, "delta": 251.694787}}
{"target": -205.158, "params": {"spark.broadcast.blockSize": 37.156063819725986, "spark.broadcast.checksum": 0.44853680260090756, "spark.broadcast.compress": 0.22983925357170354, "spark.default.parallelism": 234.35471814519352, "spark.executor.cores": 3.1528165366105143, "spark.executor.instances": 5.955375280072215, "spark.executor.memory": 4.78883903791608, "spark.executor.memoryOverhead": 671.7050345534925, "spark.kryoserializer.buffer": 73.10920942358186, "spark.kryoserializer.buffer.max": 77.69798659183687, "spark.locality.wait": 7.4612418364404895, "spark.maxRemoteBlockSizeFetchToMem": 1676436506.3025293, "spark.memory.fraction": 0.8982378984075158, "spark.memory.offHeap.enabled": 0.2919372839639963, "spark.memory.offHeap.size": 679.0959027218814, "spark.memory.storageFraction": 0.8839283551391105, "spark.rdd.compress": 0.552502093904309, "spark.reducer.maxBlocksInFlightPerAddress": 1676354771.4020066, "spark.reducer.maxReqsInFlight": 1570274100.9069662, "spark.reducer.maxSizeInFlight": 48.04816880947604, "spark.scheduler.mode": 0.5506162401522463, "spark.scheduler.revive.interval": 882.8833805689369, "spark.shuffle.compress": 0.34991201208244704, "spark.shuffle.file.buffer": 34.451448070006634, "spark.shuffle.io.numConnectionsPerPeer": 1.3741047964398616, "spark.shuffle.sort.bypassMergeThreshold": 156.59267563444362, "spark.storage.memoryMapThreshold": 3.5992462212388827}, "datetime": {"datetime": "2022-02-20 14:07:01", "elapsed": 7451.285659, "delta": 213.385063}}
{"target": -174.773, "params": {"spark.broadcast.blockSize": 34.77429027265002, "spark.broadcast.checksum": 0.48815214191036094, "spark.broadcast.compress": 0.1912709096118752, "spark.default.parallelism": 278.13390630227696, "spark.executor.cores": 2.690187002559765, "spark.executor.instances": 7.477139044081808, "spark.executor.memory": 5.386917617832035, "spark.executor.memoryOverhead": 775.3760380848464, "spark.kryoserializer.buffer": 78.01917314350801, "spark.kryoserializer.buffer.max": 91.61329874426363, "spark.locality.wait": 5.80709866955266, "spark.maxRemoteBlockSizeFetchToMem": 1956193139.4608204, "spark.memory.fraction": 0.825487931065241, "spark.memory.offHeap.enabled": 0.47276164654989206, "spark.memory.offHeap.size": 382.9455424087445, "spark.memory.storageFraction": 0.7382357177613613, "spark.rdd.compress": 0.15387341516967445, "spark.reducer.maxBlocksInFlightPerAddress": 1621279906.4144552, "spark.reducer.maxReqsInFlight": 1612682714.7226653, "spark.reducer.maxSizeInFlight": 41.207092784907914, "spark.scheduler.mode": 0.6013977999978968, "spark.scheduler.revive.interval": 817.4255432430233, "spark.shuffle.compress": 0.06536834239146916, "spark.shuffle.file.buffer": 20.815172028077036, "spark.shuffle.io.numConnectionsPerPeer": 1.4605597847676854, "spark.shuffle.sort.bypassMergeThreshold": 196.35787973149547, "spark.storage.memoryMapThreshold": 3.29018415555279}, "datetime": {"datetime": "2022-02-20 14:10:04", "elapsed": 7634.683777, "delta": 183.398118}}
{"target": -202.528, "params": {"spark.broadcast.blockSize": 38.217766473848215, "spark.broadcast.checksum": 0.37658778116758684, "spark.broadcast.compress": 0.4797477241273531, "spark.default.parallelism": 233.52911306784532, "spark.executor.cores": 3.1485495191674935, "spark.executor.instances": 5.724389880432148, "spark.executor.memory": 4.673041334545332, "spark.executor.memoryOverhead": 426.12318924059167, "spark.kryoserializer.buffer": 111.11830293842831, "spark.kryoserializer.buffer.max": 111.28361923701458, "spark.locality.wait": 4.920529425309209, "spark.maxRemoteBlockSizeFetchToMem": 1580144728.9894547, "spark.memory.fraction": 0.6645319474495253, "spark.memory.offHeap.enabled": 0.3601983221168886, "spark.memory.offHeap.size": 476.63400251832115, "spark.memory.storageFraction": 0.6622222959174264, "spark.rdd.compress": 0.5963863246917555, "spark.reducer.maxBlocksInFlightPerAddress": 1116914085.7995663, "spark.reducer.maxReqsInFlight": 2008466518.3538096, "spark.reducer.maxSizeInFlight": 41.93038358587205, "spark.scheduler.mode": 0.24770990621706812, "spark.scheduler.revive.interval": 886.8385229162998, "spark.shuffle.compress": 0.10591256844297292, "spark.shuffle.file.buffer": 33.46062212115038, "spark.shuffle.io.numConnectionsPerPeer": 3.579623664873991, "spark.shuffle.sort.bypassMergeThreshold": 236.41367170058072, "spark.storage.memoryMapThreshold": 3.7329346142825157}, "datetime": {"datetime": "2022-02-20 14:13:35", "elapsed": 7845.712634, "delta": 211.028857}}
{"target": -175.523, "params": {"spark.broadcast.blockSize": 34.42247075258324, "spark.broadcast.checksum": 0.6113006222826295, "spark.broadcast.compress": 0.34223194018265357, "spark.default.parallelism": 266.14013490056914, "spark.executor.cores": 3.096008263778778, "spark.executor.instances": 7.946603858373406, "spark.executor.memory": 5.973934131056332, "spark.executor.memoryOverhead": 653.5736498385179, "spark.kryoserializer.buffer": 71.37328395055481, "spark.kryoserializer.buffer.max": 75.61007253679777, "spark.locality.wait": 4.197597170640527, "spark.maxRemoteBlockSizeFetchToMem": 1661862639.6165428, "spark.memory.fraction": 0.7298031819013554, "spark.memory.offHeap.enabled": 0.9845901728929746, "spark.memory.offHeap.size": 342.161510006777, "spark.memory.storageFraction": 0.7539583394330835, "spark.rdd.compress": 0.6264993301162131, "spark.reducer.maxBlocksInFlightPerAddress": 1801289977.4310575, "spark.reducer.maxReqsInFlight": 1948175166.385922, "spark.reducer.maxSizeInFlight": 45.853592576326335, "spark.scheduler.mode": 0.6082819944580341, "spark.scheduler.revive.interval": 726.3047167920645, "spark.shuffle.compress": 0.09658572622461392, "spark.shuffle.file.buffer": 37.097274236013824, "spark.shuffle.io.numConnectionsPerPeer": 3.8704835706007508, "spark.shuffle.sort.bypassMergeThreshold": 156.04228018499322, "spark.storage.memoryMapThreshold": 3.0451392294642687}, "datetime": {"datetime": "2022-02-20 14:16:39", "elapsed": 8029.688338, "delta": 183.975704}}
{"target": -219.148, "params": {"spark.broadcast.blockSize": 32.85375710090114, "spark.broadcast.checksum": 0.843584660858204, "spark.broadcast.compress": 0.8678649159410653, "spark.default.parallelism": 328.9005381289518, "spark.executor.cores": 2.2088900283407353, "spark.executor.instances": 6.630980447724211, "spark.executor.memory": 5.205843118083138, "spark.executor.memoryOverhead": 783.7503481645927, "spark.kryoserializer.buffer": 39.509352964349844, "spark.kryoserializer.buffer.max": 57.60599842964548, "spark.locality.wait": 7.706881649215299, "spark.maxRemoteBlockSizeFetchToMem": 2129333418.9697154, "spark.memory.fraction": 0.5612359199341901, "spark.memory.offHeap.enabled": 0.6615261540300765, "spark.memory.offHeap.size": 486.7791280724448, "spark.memory.storageFraction": 0.8812302043068259, "spark.rdd.compress": 0.6837228244049377, "spark.reducer.maxBlocksInFlightPerAddress": 2053199647.1272206, "spark.reducer.maxReqsInFlight": 1153656210.9740264, "spark.reducer.maxSizeInFlight": 44.98170119660473, "spark.scheduler.mode": 0.4863759897518275, "spark.scheduler.revive.interval": 930.8539910676157, "spark.shuffle.compress": 0.29955289095859083, "spark.shuffle.file.buffer": 23.610248575431594, "spark.shuffle.io.numConnectionsPerPeer": 3.7726896454265573, "spark.shuffle.sort.bypassMergeThreshold": 250.26569496315818, "spark.storage.memoryMapThreshold": 1.8844540455534653}, "datetime": {"datetime": "2022-02-20 14:20:27", "elapsed": 8257.371076, "delta": 227.682738}}
{"target": -212.692, "params": {"spark.broadcast.blockSize": 34.03449924302072, "spark.broadcast.checksum": 0.48500495960798873, "spark.broadcast.compress": 0.5143105866601901, "spark.default.parallelism": 453.40083175685345, "spark.executor.cores": 3.2522563770306308, "spark.executor.instances": 7.33905179324981, "spark.executor.memory": 4.806342523953356, "spark.executor.memoryOverhead": 651.1683497001511, "spark.kryoserializer.buffer": 111.61455035512637, "spark.kryoserializer.buffer.max": 73.0939127741725, "spark.locality.wait": 8.27113586608251, "spark.maxRemoteBlockSizeFetchToMem": 1643675510.4685946, "spark.memory.fraction": 0.5553252657899894, "spark.memory.offHeap.enabled": 0.37785813550158764, "spark.memory.offHeap.size": 986.3602899439737, "spark.memory.storageFraction": 0.6250055267088029, "spark.rdd.compress": 0.011120401607457753, "spark.reducer.maxBlocksInFlightPerAddress": 1375563984.578382, "spark.reducer.maxReqsInFlight": 1124196226.673593, "spark.reducer.maxSizeInFlight": 51.29653824456763, "spark.scheduler.mode": 0.34293015015753825, "spark.scheduler.revive.interval": 578.7052682570476, "spark.shuffle.compress": 0.3825520218032855, "spark.shuffle.file.buffer": 23.37318648257204, "spark.shuffle.io.numConnectionsPerPeer": 4.058299854055449, "spark.shuffle.sort.bypassMergeThreshold": 283.1657994494768, "spark.storage.memoryMapThreshold": 2.162047346325283}, "datetime": {"datetime": "2022-02-20 14:24:08", "elapsed": 8478.357587, "delta": 220.986511}}
{"target": -179.996, "params": {"spark.broadcast.blockSize": 43.47742183922967, "spark.broadcast.checksum": 0.4398113951930508, "spark.broadcast.compress": 0.4468478374676861, "spark.default.parallelism": 223.436326222096, "spark.executor.cores": 2.9715983022837205, "spark.executor.instances": 6.842099592972367, "spark.executor.memory": 3.743385904113292, "spark.executor.memoryOverhead": 651.9339219401613, "spark.kryoserializer.buffer": 81.95602563932735, "spark.kryoserializer.buffer.max": 107.77866221521117, "spark.locality.wait": 4.434350955880591, "spark.maxRemoteBlockSizeFetchToMem": 1627878925.490838, "spark.memory.fraction": 0.6804831398658461, "spark.memory.offHeap.enabled": 0.5133666894407967, "spark.memory.offHeap.size": 58.06750255598524, "spark.memory.storageFraction": 0.7006811953022422, "spark.rdd.compress": 0.5383841816137017, "spark.reducer.maxBlocksInFlightPerAddress": 1103988349.3348475, "spark.reducer.maxReqsInFlight": 1771619543.96334, "spark.reducer.maxSizeInFlight": 52.68954003039266, "spark.scheduler.mode": 0.5472407601411625, "spark.scheduler.revive.interval": 805.004325609521, "spark.shuffle.compress": 0.5381585828036051, "spark.shuffle.file.buffer": 34.1434415001883, "spark.shuffle.io.numConnectionsPerPeer": 3.7177927711357435, "spark.shuffle.sort.bypassMergeThreshold": 264.1425634582034, "spark.storage.memoryMapThreshold": 2.815083311287027}, "datetime": {"datetime": "2022-02-20 14:27:16", "elapsed": 8666.807913, "delta": 188.450326}}
{"target": -175.255, "params": {"spark.broadcast.blockSize": 48.15433613660708, "spark.broadcast.checksum": 0.5348464264135332, "spark.broadcast.compress": 0.4783138133723086, "spark.default.parallelism": 205.3722190419352, "spark.executor.cores": 3.539281250871475, "spark.executor.instances": 6.890355084638735, "spark.executor.memory": 4.725328598407177, "spark.executor.memoryOverhead": 578.3854476997955, "spark.kryoserializer.buffer": 82.9366685923658, "spark.kryoserializer.buffer.max": 107.5268232936484, "spark.locality.wait": 6.835976252108038, "spark.maxRemoteBlockSizeFetchToMem": 1758684281.9637966, "spark.memory.fraction": 0.8828915798523926, "spark.memory.offHeap.enabled": 0.8762926750411156, "spark.memory.offHeap.size": 90.04045041877077, "spark.memory.storageFraction": 0.7646187935785281, "spark.rdd.compress": 0.7003076141744111, "spark.reducer.maxBlocksInFlightPerAddress": 1848045493.0530186, "spark.reducer.maxReqsInFlight": 1497369110.4453192, "spark.reducer.maxSizeInFlight": 36.409531059769826, "spark.scheduler.mode": 0.40025625186115343, "spark.scheduler.revive.interval": 863.5513368601706, "spark.shuffle.compress": 0.21697945879062863, "spark.shuffle.file.buffer": 42.13097276999866, "spark.shuffle.io.numConnectionsPerPeer": 2.41138402282858, "spark.shuffle.sort.bypassMergeThreshold": 169.68995886277744, "spark.storage.memoryMapThreshold": 2.2781665211245503}, "datetime": {"datetime": "2022-02-20 14:30:21", "elapsed": 8851.64969, "delta": 184.841777}}
{"target": -234.842, "params": {"spark.broadcast.blockSize": 43.359936918076485, "spark.broadcast.checksum": 0.2986637166505468, "spark.broadcast.compress": 0.7672001243678244, "spark.default.parallelism": 408.369768150161, "spark.executor.cores": 2.1876726649730602, "spark.executor.instances": 6.793608807785217, "spark.executor.memory": 4.549734906674345, "spark.executor.memoryOverhead": 668.0981453642682, "spark.kryoserializer.buffer": 44.54004786279737, "spark.kryoserializer.buffer.max": 52.255434612134664, "spark.locality.wait": 6.277964269105558, "spark.maxRemoteBlockSizeFetchToMem": 1594875097.3793507, "spark.memory.fraction": 0.545935061348451, "spark.memory.offHeap.enabled": 0.6318083098746722, "spark.memory.offHeap.size": 174.13307159080387, "spark.memory.storageFraction": 0.7884381298940184, "spark.rdd.compress": 0.5885909251981652, "spark.reducer.maxBlocksInFlightPerAddress": 1194380322.7706876, "spark.reducer.maxReqsInFlight": 2010004102.963039, "spark.reducer.maxSizeInFlight": 60.49212443975773, "spark.scheduler.mode": 0.8639826361246725, "spark.scheduler.revive.interval": 934.8139904795887, "spark.shuffle.compress": 0.32383188078852176, "spark.shuffle.file.buffer": 38.597531192143755, "spark.shuffle.io.numConnectionsPerPeer": 2.7847148409583293, "spark.shuffle.sort.bypassMergeThreshold": 283.41821093753856, "spark.storage.memoryMapThreshold": 1.1484049203818363}, "datetime": {"datetime": "2022-02-20 14:34:24", "elapsed": 9094.966898, "delta": 243.317208}}
