{"target": -192.943, "params": {"spark.broadcast.blockSize": 34.44806202320031, "spark.broadcast.checksum": 0.7947284628525797, "spark.broadcast.compress": 0.5681315132397102, "spark.default.parallelism": 390.33144483164745, "spark.executor.cores": 3.829468495526682, "spark.executor.instances": 7.894160121680798, "spark.executor.memory": 3.09971254505387, "spark.executor.memoryOverhead": 403.23744785990243, "spark.kryoserializer.buffer": 110.16807563816234, "spark.kryoserializer.buffer.max": 54.63734877112442, "spark.locality.wait": 4.439482745139748, "spark.maxRemoteBlockSizeFetchToMem": 2089687523.8621075, "spark.memory.fraction": 0.8315200182837157, "spark.memory.offHeap.enabled": 0.26275651368043496, "spark.memory.offHeap.size": 484.0716093906782, "spark.memory.storageFraction": 0.6037361446543356, "spark.rdd.compress": 0.28470986636149254, "spark.reducer.maxBlocksInFlightPerAddress": 1624107839.3538315, "spark.reducer.maxReqsInFlight": 1713281130.0084624, "spark.reducer.maxSizeInFlight": 60.89242318619549, "spark.scheduler.mode": 0.885333099489931, "spark.scheduler.revive.interval": 758.4483909481794, "spark.shuffle.compress": 0.5658520323426688, "spark.shuffle.file.buffer": 40.35860649748406, "spark.shuffle.io.numConnectionsPerPeer": 2.9778901486360887, "spark.shuffle.sort.bypassMergeThreshold": 330.7050996011066, "spark.storage.memoryMapThreshold": 2.7989638565861985}, "datetime": {"datetime": "2022-03-05 19:06:59", "elapsed": 6836.693929, "delta": 201.248957}}
{"target": -220.805, "params": {"spark.broadcast.blockSize": 49.96175462363353, "spark.broadcast.checksum": 0.7224106418955174, "spark.broadcast.compress": 0.28738758577108026, "spark.default.parallelism": 324.7116644831282, "spark.executor.cores": 3.7848093499157844, "spark.executor.instances": 6.544106820770786, "spark.executor.memory": 4.927356815961317, "spark.executor.memoryOverhead": 590.3143825749783, "spark.kryoserializer.buffer": 98.053392372524, "spark.kryoserializer.buffer.max": 96.06568319877627, "spark.locality.wait": 7.589855216774248, "spark.maxRemoteBlockSizeFetchToMem": 1866054521.222824, "spark.memory.fraction": 0.7351977715758395, "spark.memory.offHeap.enabled": 0.7716429877254397, "spark.memory.offHeap.size": 678.6734539576311, "spark.memory.storageFraction": 0.5505116322357815, "spark.rdd.compress": 0.15167879625272607, "spark.reducer.maxBlocksInFlightPerAddress": 1613286246.3139653, "spark.reducer.maxReqsInFlight": 1826240066.83011, "spark.reducer.maxSizeInFlight": 41.207784960042325, "spark.scheduler.mode": 0.8803295355365202, "spark.scheduler.revive.interval": 677.4255159435118, "spark.shuffle.compress": 0.5594321234189386, "spark.shuffle.file.buffer": 27.432076389351167, "spark.shuffle.io.numConnectionsPerPeer": 3.34224624284137, "spark.shuffle.sort.bypassMergeThreshold": 250.9174118571381, "spark.storage.memoryMapThreshold": 1.3392963369065494}, "datetime": {"datetime": "2022-03-05 19:10:48", "elapsed": 7065.871881, "delta": 229.177952}}
{"target": -183.895, "params": {"spark.broadcast.blockSize": 40.56866404438804, "spark.broadcast.checksum": 0.4816949040162578, "spark.broadcast.compress": 0.6258024166450435, "spark.default.parallelism": 365.03897237883416, "spark.executor.cores": 3.9521813660644556, "spark.executor.instances": 7.9564882641307, "spark.executor.memory": 5.272707631159957, "spark.executor.memoryOverhead": 682.1498699299786, "spark.kryoserializer.buffer": 74.52116625063039, "spark.kryoserializer.buffer.max": 114.05400516715596, "spark.locality.wait": 7.000796119982576, "spark.maxRemoteBlockSizeFetchToMem": 2053510049.4791307, "spark.memory.fraction": 0.5315075173825505, "spark.memory.offHeap.enabled": 0.4775375275906055, "spark.memory.offHeap.size": 397.93440022830873, "spark.memory.storageFraction": 0.6781050738852286, "spark.rdd.compress": 0.10554473696311928, "spark.reducer.maxBlocksInFlightPerAddress": 1693615010.4308257, "spark.reducer.maxReqsInFlight": 1992528774.1264086, "spark.reducer.maxSizeInFlight": 28.857765880482205, "spark.scheduler.mode": 0.2595415936603397, "spark.scheduler.revive.interval": 751.3748197098887, "spark.shuffle.compress": 0.07352797181823545, "spark.shuffle.file.buffer": 42.98038308536583, "spark.shuffle.io.numConnectionsPerPeer": 2.3668183870108987, "spark.shuffle.sort.bypassMergeThreshold": 250.81885709918072, "spark.storage.memoryMapThreshold": 2.9304996055791435}, "datetime": {"datetime": "2022-03-05 19:14:01", "elapsed": 7258.07667, "delta": 192.204789}}
{"target": -188.363, "params": {"spark.broadcast.blockSize": 55.330158633063476, "spark.broadcast.checksum": 0.8967856201338159, "spark.broadcast.compress": 0.9642947850422154, "spark.default.parallelism": 384.2639477222091, "spark.executor.cores": 3.866977256717204, "spark.executor.instances": 7.688553271456307, "spark.executor.memory": 4.205339685313453, "spark.executor.memoryOverhead": 790.583550759749, "spark.kryoserializer.buffer": 88.48521961080961, "spark.kryoserializer.buffer.max": 79.34830743419477, "spark.locality.wait": 5.969514902931545, "spark.maxRemoteBlockSizeFetchToMem": 1515584667.657897, "spark.memory.fraction": 0.6123408114335804, "spark.memory.offHeap.enabled": 0.11367756080581515, "spark.memory.offHeap.size": 434.8455295014388, "spark.memory.storageFraction": 0.5751446240636489, "spark.rdd.compress": 0.1363734211951909, "spark.reducer.maxBlocksInFlightPerAddress": 2041050001.2339926, "spark.reducer.maxReqsInFlight": 1779237703.7797992, "spark.reducer.maxSizeInFlight": 40.022893440606815, "spark.scheduler.mode": 0.2029224175445743, "spark.scheduler.revive.interval": 842.0054012258128, "spark.shuffle.compress": 0.12319918809410402, "spark.shuffle.file.buffer": 45.147672442157024, "spark.shuffle.io.numConnectionsPerPeer": 3.6065602090029913, "spark.shuffle.sort.bypassMergeThreshold": 349.9291485326481, "spark.storage.memoryMapThreshold": 3.28046004809734}, "datetime": {"datetime": "2022-03-05 19:17:17", "elapsed": 7454.356379, "delta": 196.279709}}
{"target": -186.241, "params": {"spark.broadcast.blockSize": 34.571572029554964, "spark.broadcast.checksum": 0.5283709824703162, "spark.broadcast.compress": 0.5046359022000612, "spark.default.parallelism": 476.74378095860277, "spark.executor.cores": 3.859093989733296, "spark.executor.instances": 7.621544594183321, "spark.executor.memory": 3.953953864898327, "spark.executor.memoryOverhead": 538.578520249446, "spark.kryoserializer.buffer": 126.41000401600053, "spark.kryoserializer.buffer.max": 70.96437046716915, "spark.locality.wait": 6.664874838310634, "spark.maxRemoteBlockSizeFetchToMem": 2086677985.897317, "spark.memory.fraction": 0.5056005865480121, "spark.memory.offHeap.enabled": 0.2428550943530755, "spark.memory.offHeap.size": 676.9054609130096, "spark.memory.storageFraction": 0.767681678330707, "spark.rdd.compress": 0.1445396160454896, "spark.reducer.maxBlocksInFlightPerAddress": 1757468517.2611883, "spark.reducer.maxReqsInFlight": 1657466632.4628906, "spark.reducer.maxSizeInFlight": 36.951066404277945, "spark.scheduler.mode": 0.3944337649924424, "spark.scheduler.revive.interval": 863.0356109423387, "spark.shuffle.compress": 0.2742622297284374, "spark.shuffle.file.buffer": 30.180650133743995, "spark.shuffle.io.numConnectionsPerPeer": 3.4778677048704068, "spark.shuffle.sort.bypassMergeThreshold": 319.64342067835446, "spark.storage.memoryMapThreshold": 2.219063255689344}, "datetime": {"datetime": "2022-03-05 19:20:32", "elapsed": 7649.429977, "delta": 195.073598}}
{"target": -230.768, "params": {"spark.broadcast.blockSize": 38.27339029434538, "spark.broadcast.checksum": 0.5091396030650522, "spark.broadcast.compress": 0.9638554592456043, "spark.default.parallelism": 369.7264798538513, "spark.executor.cores": 2.882708747101798, "spark.executor.instances": 7.501424279501471, "spark.executor.memory": 3.7690418953201883, "spark.executor.memoryOverhead": 620.6214838173171, "spark.kryoserializer.buffer": 126.87145323535916, "spark.kryoserializer.buffer.max": 123.77445397054606, "spark.locality.wait": 6.520749869999036, "spark.maxRemoteBlockSizeFetchToMem": 2076289775.5486445, "spark.memory.fraction": 0.7495639152497006, "spark.memory.offHeap.enabled": 0.8249393664990571, "spark.memory.offHeap.size": 847.2146541249633, "spark.memory.storageFraction": 0.7506611583258078, "spark.rdd.compress": 0.015998791614242558, "spark.reducer.maxBlocksInFlightPerAddress": 2020803926.373765, "spark.reducer.maxReqsInFlight": 2000808958.5440314, "spark.reducer.maxSizeInFlight": 36.490182434690055, "spark.scheduler.mode": 0.6262556553103514, "spark.scheduler.revive.interval": 868.3228781008772, "spark.shuffle.compress": 0.41663863645483235, "spark.shuffle.file.buffer": 46.43564920914124, "spark.shuffle.io.numConnectionsPerPeer": 1.9812735852401908, "spark.shuffle.sort.bypassMergeThreshold": 249.60235760193666, "spark.storage.memoryMapThreshold": 2.572582949550951}, "datetime": {"datetime": "2022-03-05 19:24:32", "elapsed": 7889.262487, "delta": 239.83251}}
{"target": -181.823, "params": {"spark.broadcast.blockSize": 54.13422960125632, "spark.broadcast.checksum": 0.8474330977409777, "spark.broadcast.compress": 0.5425089532234114, "spark.default.parallelism": 247.0844930748217, "spark.executor.cores": 3.7098737106272246, "spark.executor.instances": 7.971472520661621, "spark.executor.memory": 6.19623241390312, "spark.executor.memoryOverhead": 836.6270729995774, "spark.kryoserializer.buffer": 111.56796261868651, "spark.kryoserializer.buffer.max": 99.46725858267608, "spark.locality.wait": 5.913353621912616, "spark.maxRemoteBlockSizeFetchToMem": 1989144998.519021, "spark.memory.fraction": 0.8159401618181681, "spark.memory.offHeap.enabled": 0.258917315014239, "spark.memory.offHeap.size": 757.4604875762761, "spark.memory.storageFraction": 0.6344508548609414, "spark.rdd.compress": 0.32690252463474834, "spark.reducer.maxBlocksInFlightPerAddress": 1838842068.127851, "spark.reducer.maxReqsInFlight": 1923075313.136015, "spark.reducer.maxSizeInFlight": 24.20474272409354, "spark.scheduler.mode": 0.8588250561846531, "spark.scheduler.revive.interval": 880.5381908015769, "spark.shuffle.compress": 0.1635866768531138, "spark.shuffle.file.buffer": 29.29104100927887, "spark.shuffle.io.numConnectionsPerPeer": 4.195251383702508, "spark.shuffle.sort.bypassMergeThreshold": 292.55030931075373, "spark.storage.memoryMapThreshold": 2.064372595814006}, "datetime": {"datetime": "2022-03-05 19:27:42", "elapsed": 8079.250616, "delta": 189.988129}}
