{"target": -526.575, "params": {"spark.broadcast.blockSize": 49.05311203960963, "spark.broadcast.checksum": 0.46184433987031753, "spark.broadcast.compress": 0.962039176593624, "spark.default.parallelism": 429.45722132242753, "spark.executor.cores": 1.2347611447553002, "spark.executor.instances": 4.055240214358641, "spark.executor.memory": 6.924994441001788, "spark.executor.memoryOverhead": 543.0371131674136, "spark.kryoserializer.buffer": 83.37499890390121, "spark.kryoserializer.buffer.max": 92.23038574635274, "spark.locality.wait": 6.435845264528188, "spark.maxRemoteBlockSizeFetchToMem": 1154484004.017793, "spark.memory.fraction": 0.6381545799725826, "spark.memory.offHeap.enabled": 0.6710597825623817, "spark.memory.offHeap.size": 871.0452177938001, "spark.memory.storageFraction": 0.8412859488560318, "spark.rdd.compress": 0.9515039880426426, "spark.reducer.maxBlocksInFlightPerAddress": 1294543496.5627418, "spark.reducer.maxReqsInFlight": 1997227209.562796, "spark.reducer.maxSizeInFlight": 71.33754552085824, "spark.scheduler.mode": 0.27540493481539946, "spark.scheduler.revive.interval": 858.9199456811925, "spark.shuffle.compress": 0.10117490374721738, "spark.shuffle.file.buffer": 42.4066244769987, "spark.shuffle.io.numConnectionsPerPeer": 3.615545655618223, "spark.shuffle.sort.bypassMergeThreshold": 192.99765273115116, "spark.storage.memoryMapThreshold": 2.4024863763338518}, "datetime": {"datetime": "2022-03-05 17:13:03", "elapsed": 0.0, "delta": 0.0}}
{"target": -231.202, "params": {"spark.broadcast.blockSize": 39.92733679149773, "spark.broadcast.checksum": 0.849305169570367, "spark.broadcast.compress": 0.4033086478461755, "spark.default.parallelism": 326.7315654938659, "spark.executor.cores": 3.160570834230485, "spark.executor.instances": 7.695938485567773, "spark.executor.memory": 4.9155856826246165, "spark.executor.memoryOverhead": 732.2266783728115, "spark.kryoserializer.buffer": 96.06437682820659, "spark.kryoserializer.buffer.max": 41.24220350952183, "spark.locality.wait": 4.337435018793416, "spark.maxRemoteBlockSizeFetchToMem": 2090307999.4462128, "spark.memory.fraction": 0.8929792647253733, "spark.memory.offHeap.enabled": 0.6134198305567562, "spark.memory.offHeap.size": 186.57002344808888, "spark.memory.storageFraction": 0.5301816409949269, "spark.rdd.compress": 0.26900707608004526, "spark.reducer.maxBlocksInFlightPerAddress": 1844098627.6685274, "spark.reducer.maxReqsInFlight": 1397142866.3645902, "spark.reducer.maxSizeInFlight": 38.08867774268646, "spark.scheduler.mode": 0.5704521402473713, "spark.scheduler.revive.interval": 737.4006391133812, "spark.shuffle.compress": 0.7729354057777087, "spark.shuffle.file.buffer": 22.92089931342391, "spark.shuffle.io.numConnectionsPerPeer": 1.2723882407300828, "spark.shuffle.sort.bypassMergeThreshold": 294.61247481785045, "spark.storage.memoryMapThreshold": 1.2678362827391685}, "datetime": {"datetime": "2022-03-05 17:17:02", "elapsed": 239.235684, "delta": 239.235684}}
{"target": -308.166, "params": {"spark.broadcast.blockSize": 58.50928060312654, "spark.broadcast.checksum": 0.02348338603815144, "spark.broadcast.compress": 0.04739549301623243, "spark.default.parallelism": 269.33324287111907, "spark.executor.cores": 2.4432792376828525, "spark.executor.instances": 6.153171058273138, "spark.executor.memory": 3.4165242566009515, "spark.executor.memoryOverhead": 688.3892033046916, "spark.kryoserializer.buffer": 45.75218744250864, "spark.kryoserializer.buffer.max": 118.2526337480878, "spark.locality.wait": 9.487923732942503, "spark.maxRemoteBlockSizeFetchToMem": 1750099599.7821257, "spark.memory.fraction": 0.6041583111908977, "spark.memory.offHeap.enabled": 0.013606048069696897, "spark.memory.offHeap.size": 596.7651752832587, "spark.memory.storageFraction": 0.7483003297434576, "spark.rdd.compress": 0.5912696968592182, "spark.reducer.maxBlocksInFlightPerAddress": 1528228882.1312573, "spark.reducer.maxReqsInFlight": 1456146340.1596088, "spark.reducer.maxSizeInFlight": 46.83060178256684, "spark.scheduler.mode": 0.8622018890255373, "spark.scheduler.revive.interval": 588.8255348829452, "spark.shuffle.compress": 0.5886899514551138, "spark.shuffle.file.buffer": 35.899450141557246, "spark.shuffle.io.numConnectionsPerPeer": 4.603031190547698, "spark.shuffle.sort.bypassMergeThreshold": 271.5457629989936, "spark.storage.memoryMapThreshold": 3.139329831155837}, "datetime": {"datetime": "2022-03-05 17:22:18", "elapsed": 555.959863, "delta": 316.724179}}
{"target": -224.131, "params": {"spark.broadcast.blockSize": 40.0, "spark.broadcast.checksum": 1.0, "spark.broadcast.compress": 0.0, "spark.default.parallelism": 342.0, "spark.executor.cores": 3.0, "spark.executor.instances": 8.0, "spark.executor.memory": 5.0, "spark.executor.memoryOverhead": 762.0, "spark.kryoserializer.buffer": 100.0, "spark.kryoserializer.buffer.max": 48.0, "spark.locality.wait": 5.0, "spark.maxRemoteBlockSizeFetchToMem": 2108805504.0, "spark.memory.fraction": 0.8999999761581421, "spark.memory.offHeap.enabled": 1.0, "spark.memory.offHeap.size": 164.0, "spark.memory.storageFraction": 0.5099999904632568, "spark.rdd.compress": 0.0, "spark.reducer.maxBlocksInFlightPerAddress": 1802599808.0, "spark.reducer.maxReqsInFlight": 1447257856.0, "spark.reducer.maxSizeInFlight": 36.0, "spark.scheduler.mode": 1.0, "spark.scheduler.revive.interval": 742.0, "spark.shuffle.compress": 1.0, "spark.shuffle.file.buffer": 23.0, "spark.shuffle.io.numConnectionsPerPeer": 1.0, "spark.shuffle.sort.bypassMergeThreshold": 291.0, "spark.storage.memoryMapThreshold": 2.0}, "datetime": {"datetime": "2022-03-05 17:26:14", "elapsed": 791.387442, "delta": 235.427579}}
{"target": -227.841, "params": {"spark.broadcast.blockSize": 40.0, "spark.broadcast.checksum": 1.0, "spark.broadcast.compress": 0.0, "spark.default.parallelism": 331.0, "spark.executor.cores": 3.0, "spark.executor.instances": 7.0, "spark.executor.memory": 5.0, "spark.executor.memoryOverhead": 727.0, "spark.kryoserializer.buffer": 98.0, "spark.kryoserializer.buffer.max": 50.0, "spark.locality.wait": 5.0, "spark.maxRemoteBlockSizeFetchToMem": 2018674688.0, "spark.memory.fraction": 0.8500000238418579, "spark.memory.offHeap.enabled": 1.0, "spark.memory.offHeap.size": 233.0, "spark.memory.storageFraction": 0.5400000214576721, "spark.rdd.compress": 0.0, "spark.reducer.maxBlocksInFlightPerAddress": 1749416448.0, "spark.reducer.maxReqsInFlight": 1475034368.0, "spark.reducer.maxSizeInFlight": 39.0, "spark.scheduler.mode": 1.0, "spark.scheduler.revive.interval": 742.0, "spark.shuffle.compress": 1.0, "spark.shuffle.file.buffer": 25.0, "spark.shuffle.io.numConnectionsPerPeer": 2.0, "spark.shuffle.sort.bypassMergeThreshold": 286.0, "spark.storage.memoryMapThreshold": 2.0}, "datetime": {"datetime": "2022-03-05 17:30:10", "elapsed": 1027.188002, "delta": 235.80056}}
{"target": -262.534, "params": {"spark.broadcast.blockSize": 40.0, "spark.broadcast.checksum": 1.0, "spark.broadcast.compress": 0.0, "spark.default.parallelism": 333.0, "spark.executor.cores": 3.0, "spark.executor.instances": 7.0, "spark.executor.memory": 5.0, "spark.executor.memoryOverhead": 711.0, "spark.kryoserializer.buffer": 95.0, "spark.kryoserializer.buffer.max": 52.0, "spark.locality.wait": 5.0, "spark.maxRemoteBlockSizeFetchToMem": 1919448320.0, "spark.memory.fraction": 0.8399999737739563, "spark.memory.offHeap.enabled": 1.0, "spark.memory.offHeap.size": 233.0, "spark.memory.storageFraction": 0.550000011920929, "spark.rdd.compress": 0.0, "spark.reducer.maxBlocksInFlightPerAddress": 1790076032.0, "spark.reducer.maxReqsInFlight": 1418806016.0, "spark.reducer.maxSizeInFlight": 45.0, "spark.scheduler.mode": 1.0, "spark.scheduler.revive.interval": 711.0, "spark.shuffle.compress": 1.0, "spark.shuffle.file.buffer": 24.0, "spark.shuffle.io.numConnectionsPerPeer": 2.0, "spark.shuffle.sort.bypassMergeThreshold": 290.0, "spark.storage.memoryMapThreshold": 2.0}, "datetime": {"datetime": "2022-03-05 17:34:40", "elapsed": 1297.878039, "delta": 270.690037}}
{"target": -291.51, "params": {"spark.broadcast.blockSize": 48.04695289463617, "spark.broadcast.checksum": 0.7028171712102115, "spark.broadcast.compress": 0.3807385590810547, "spark.default.parallelism": 301.271838412225, "spark.executor.cores": 1.9494318356219624, "spark.executor.instances": 6.857717555725886, "spark.executor.memory": 5.115523281972499, "spark.executor.memoryOverhead": 795.1677720298451, "spark.kryoserializer.buffer": 100.92421744290259, "spark.kryoserializer.buffer.max": 62.63546495766017, "spark.locality.wait": 4.262390841831907, "spark.maxRemoteBlockSizeFetchToMem": 2030648399.0853305, "spark.memory.fraction": 0.7666976165815516, "spark.memory.offHeap.enabled": 0.6145714959556489, "spark.memory.offHeap.size": 139.72663893257834, "spark.memory.storageFraction": 0.7089575633698268, "spark.rdd.compress": 0.7729352588622838, "spark.reducer.maxBlocksInFlightPerAddress": 1355529195.042077, "spark.reducer.maxReqsInFlight": 1923893196.4702811, "spark.reducer.maxSizeInFlight": 26.194078853528474, "spark.scheduler.mode": 0.6335514722696655, "spark.scheduler.revive.interval": 780.4428448550425, "spark.shuffle.compress": 0.6946176956483244, "spark.shuffle.file.buffer": 27.13724815651723, "spark.shuffle.io.numConnectionsPerPeer": 2.5269905448707273, "spark.shuffle.sort.bypassMergeThreshold": 210.20019213294813, "spark.storage.memoryMapThreshold": 2.540968033524049}, "datetime": {"datetime": "2022-03-05 17:39:40", "elapsed": 1597.225941, "delta": 299.347902}}
{"target": -224.454, "params": {"spark.broadcast.blockSize": 34.804571246450806, "spark.broadcast.checksum": 0.5284385420410355, "spark.broadcast.compress": 0.5943077159840472, "spark.default.parallelism": 395.12511899865336, "spark.executor.cores": 3.9722353827625403, "spark.executor.instances": 6.932704170707414, "spark.executor.memory": 6.149605433011738, "spark.executor.memoryOverhead": 744.3258143414505, "spark.kryoserializer.buffer": 100.79419976388569, "spark.kryoserializer.buffer.max": 46.347401911767356, "spark.locality.wait": 6.136198754765744, "spark.maxRemoteBlockSizeFetchToMem": 1808561788.335163, "spark.memory.fraction": 0.8926047116402005, "spark.memory.offHeap.enabled": 0.8308322794331616, "spark.memory.offHeap.size": 95.89758549776741, "spark.memory.storageFraction": 0.7355261565952261, "spark.rdd.compress": 0.05705826327537156, "spark.reducer.maxBlocksInFlightPerAddress": 1305085256.1193902, "spark.reducer.maxReqsInFlight": 1867724905.5650291, "spark.reducer.maxSizeInFlight": 30.697716940699216, "spark.scheduler.mode": 0.8546741886833048, "spark.scheduler.revive.interval": 871.1540487485092, "spark.shuffle.compress": 0.5297116824907256, "spark.shuffle.file.buffer": 34.18987943522691, "spark.shuffle.io.numConnectionsPerPeer": 3.106582784744666, "spark.shuffle.sort.bypassMergeThreshold": 219.6493366304575, "spark.storage.memoryMapThreshold": 1.6800929097809685}, "datetime": {"datetime": "2022-03-05 17:43:32", "elapsed": 1829.965961, "delta": 232.74002}}
{"target": -225.247, "params": {"spark.broadcast.blockSize": 47.10636376219435, "spark.broadcast.checksum": 0.4943225416176388, "spark.broadcast.compress": 0.3512314489212299, "spark.default.parallelism": 283.1755541386336, "spark.executor.cores": 3.8095256389759924, "spark.executor.instances": 7.175804551373211, "spark.executor.memory": 3.1373929156794222, "spark.executor.memoryOverhead": 849.6159896413074, "spark.kryoserializer.buffer": 122.73984881822344, "spark.kryoserializer.buffer.max": 86.27031705496636, "spark.locality.wait": 8.549426913635086, "spark.maxRemoteBlockSizeFetchToMem": 1966051205.1302118, "spark.memory.fraction": 0.8216438895605412, "spark.memory.offHeap.enabled": 0.8378335897824233, "spark.memory.offHeap.size": 156.57422794456966, "spark.memory.storageFraction": 0.6217963003376925, "spark.rdd.compress": 0.3302259514452578, "spark.reducer.maxBlocksInFlightPerAddress": 1812499170.8092885, "spark.reducer.maxReqsInFlight": 1522822919.0818658, "spark.reducer.maxSizeInFlight": 25.48244976672393, "spark.scheduler.mode": 0.9360831049912057, "spark.scheduler.revive.interval": 867.4178328871748, "spark.shuffle.compress": 0.5455341928008306, "spark.shuffle.file.buffer": 36.41810238786107, "spark.shuffle.io.numConnectionsPerPeer": 3.3224559942393936, "spark.shuffle.sort.bypassMergeThreshold": 224.96968368991833, "spark.storage.memoryMapThreshold": 1.2001273133002475}, "datetime": {"datetime": "2022-03-05 17:47:26", "elapsed": 2063.333711, "delta": 233.36775}}
{"target": -324.366, "params": {"spark.broadcast.blockSize": 39.77508822084904, "spark.broadcast.checksum": 0.6527520795433305, "spark.broadcast.compress": 0.23685100214649946, "spark.default.parallelism": 480.54287727168554, "spark.executor.cores": 3.4774198315354923, "spark.executor.instances": 5.010863501706729, "spark.executor.memory": 5.83965020256133, "spark.executor.memoryOverhead": 836.6311583482798, "spark.kryoserializer.buffer": 77.68506334859438, "spark.kryoserializer.buffer.max": 40.903120272999516, "spark.locality.wait": 5.198393625505535, "spark.maxRemoteBlockSizeFetchToMem": 1898563745.5622096, "spark.memory.fraction": 0.8844706544795591, "spark.memory.offHeap.enabled": 0.7613823648688747, "spark.memory.offHeap.size": 417.4412933677156, "spark.memory.storageFraction": 0.5330186852045967, "spark.rdd.compress": 0.0698022298231662, "spark.reducer.maxBlocksInFlightPerAddress": 1326329665.1657467, "spark.reducer.maxReqsInFlight": 1152441215.6239877, "spark.reducer.maxSizeInFlight": 28.477002930469723, "spark.scheduler.mode": 0.6925330950253364, "spark.scheduler.revive.interval": 980.8189711429136, "spark.shuffle.compress": 0.7350465788809563, "spark.shuffle.file.buffer": 37.71069167342455, "spark.shuffle.io.numConnectionsPerPeer": 1.2277366740686264, "spark.shuffle.sort.bypassMergeThreshold": 194.8664274103661, "spark.storage.memoryMapThreshold": 1.827332192455175}, "datetime": {"datetime": "2022-03-05 17:52:58", "elapsed": 2395.815484, "delta": 332.481773}}
{"target": -186.807, "params": {"spark.broadcast.blockSize": 35.29651905481157, "spark.broadcast.checksum": 0.27832373163524704, "spark.broadcast.compress": 0.33658459647098127, "spark.default.parallelism": 287.81817161563674, "spark.executor.cores": 3.9316564850839875, "spark.executor.instances": 7.661657422819415, "spark.executor.memory": 3.6136747349621006, "spark.executor.memoryOverhead": 641.8897199503988, "spark.kryoserializer.buffer": 100.81000034570071, "spark.kryoserializer.buffer.max": 68.37637434194151, "spark.locality.wait": 5.4180234656459705, "spark.maxRemoteBlockSizeFetchToMem": 2055956987.2270365, "spark.memory.fraction": 0.8616510056647684, "spark.memory.offHeap.enabled": 0.6164185756396011, "spark.memory.offHeap.size": 882.6924724176122, "spark.memory.storageFraction": 0.6419108215052456, "spark.rdd.compress": 0.2156106570384968, "spark.reducer.maxBlocksInFlightPerAddress": 1538447469.1077974, "spark.reducer.maxReqsInFlight": 1978548786.6221185, "spark.reducer.maxSizeInFlight": 33.24237082499516, "spark.scheduler.mode": 0.9237848697676382, "spark.scheduler.revive.interval": 797.3522469628718, "spark.shuffle.compress": 0.7427431706202062, "spark.shuffle.file.buffer": 17.105339585385313, "spark.shuffle.io.numConnectionsPerPeer": 2.9720417289890864, "spark.shuffle.sort.bypassMergeThreshold": 298.67337265631716, "spark.storage.memoryMapThreshold": 2.352920568395125}, "datetime": {"datetime": "2022-03-05 17:56:13", "elapsed": 2590.732231, "delta": 194.916747}}
{"target": -180.76, "params": {"spark.broadcast.blockSize": 37.70777588334278, "spark.broadcast.checksum": 0.24158998585667213, "spark.broadcast.compress": 0.6297405700851085, "spark.default.parallelism": 329.5613389208936, "spark.executor.cores": 3.903474609742774, "spark.executor.instances": 7.986948926810948, "spark.executor.memory": 4.161872495797677, "spark.executor.memoryOverhead": 769.5958864574791, "spark.kryoserializer.buffer": 114.76373776747053, "spark.kryoserializer.buffer.max": 44.700373229173394, "spark.locality.wait": 8.427010424122317, "spark.maxRemoteBlockSizeFetchToMem": 2060028538.4966354, "spark.memory.fraction": 0.735720810787376, "spark.memory.offHeap.enabled": 0.6056251424978798, "spark.memory.offHeap.size": 267.26413940536736, "spark.memory.storageFraction": 0.7984637833438997, "spark.rdd.compress": 0.0355288185367193, "spark.reducer.maxBlocksInFlightPerAddress": 1538511102.2950487, "spark.reducer.maxReqsInFlight": 2110949688.581903, "spark.reducer.maxSizeInFlight": 57.1877562650386, "spark.scheduler.mode": 0.994434157717904, "spark.scheduler.revive.interval": 917.8083786704238, "spark.shuffle.compress": 0.621401120320628, "spark.shuffle.file.buffer": 42.330663742097705, "spark.shuffle.io.numConnectionsPerPeer": 4.2624049618198825, "spark.shuffle.sort.bypassMergeThreshold": 342.6409644661129, "spark.storage.memoryMapThreshold": 2.3217958571012565}, "datetime": {"datetime": "2022-03-05 17:59:22", "elapsed": 2779.851306, "delta": 189.119075}}
{"target": -211.29, "params": {"spark.broadcast.blockSize": 33.80425253664809, "spark.broadcast.checksum": 0.48372960761095407, "spark.broadcast.compress": 0.4648597241852822, "spark.default.parallelism": 306.2997296638207, "spark.executor.cores": 2.706205885203792, "spark.executor.instances": 7.946399558298258, "spark.executor.memory": 4.673063083861889, "spark.executor.memoryOverhead": 489.81181218136487, "spark.kryoserializer.buffer": 126.38986363064046, "spark.kryoserializer.buffer.max": 38.89284876353008, "spark.locality.wait": 7.229614490766441, "spark.maxRemoteBlockSizeFetchToMem": 2132784232.3110485, "spark.memory.fraction": 0.7718906277887037, "spark.memory.offHeap.enabled": 0.7498048071510439, "spark.memory.offHeap.size": 98.50545488604644, "spark.memory.storageFraction": 0.7558140983565842, "spark.rdd.compress": 0.014396481742660394, "spark.reducer.maxBlocksInFlightPerAddress": 2063762953.834848, "spark.reducer.maxReqsInFlight": 1863957605.343583, "spark.reducer.maxSizeInFlight": 24.403137765172737, "spark.scheduler.mode": 0.9525319936169242, "spark.scheduler.revive.interval": 938.8830328480752, "spark.shuffle.compress": 0.09026121066498016, "spark.shuffle.file.buffer": 42.36022881300234, "spark.shuffle.io.numConnectionsPerPeer": 1.8216260446737929, "spark.shuffle.sort.bypassMergeThreshold": 304.3568651210755, "spark.storage.memoryMapThreshold": 2.8717697164786955}, "datetime": {"datetime": "2022-03-05 18:03:02", "elapsed": 2999.118415, "delta": 219.267109}}
{"target": -207.773, "params": {"spark.broadcast.blockSize": 52.21116431017826, "spark.broadcast.checksum": 0.9298754332004907, "spark.broadcast.compress": 0.5238486333749428, "spark.default.parallelism": 392.8247774080437, "spark.executor.cores": 3.90341734040444, "spark.executor.instances": 6.006419533680655, "spark.executor.memory": 4.842317951792673, "spark.executor.memoryOverhead": 566.9989160564016, "spark.kryoserializer.buffer": 112.14603975977761, "spark.kryoserializer.buffer.max": 51.30374172208961, "spark.locality.wait": 6.776175995082168, "spark.maxRemoteBlockSizeFetchToMem": 2031062065.4853935, "spark.memory.fraction": 0.6363557255587892, "spark.memory.offHeap.enabled": 0.8113445931881857, "spark.memory.offHeap.size": 508.36113636209814, "spark.memory.storageFraction": 0.6170901788988588, "spark.rdd.compress": 0.27079712136307466, "spark.reducer.maxBlocksInFlightPerAddress": 1428242152.2305007, "spark.reducer.maxReqsInFlight": 2128797781.6982398, "spark.reducer.maxSizeInFlight": 30.686787826455504, "spark.scheduler.mode": 0.6392028629273363, "spark.scheduler.revive.interval": 965.6650140488564, "spark.shuffle.compress": 0.4407418872133949, "spark.shuffle.file.buffer": 28.879416062122623, "spark.shuffle.io.numConnectionsPerPeer": 3.335207385448393, "spark.shuffle.sort.bypassMergeThreshold": 290.7269278070713, "spark.storage.memoryMapThreshold": 1.6545717805474416}, "datetime": {"datetime": "2022-03-05 18:06:40", "elapsed": 3217.781999, "delta": 218.663584}}
{"target": -174.736, "params": {"spark.broadcast.blockSize": 48.87249067086641, "spark.broadcast.checksum": 0.6762386123197781, "spark.broadcast.compress": 0.33893798411084786, "spark.default.parallelism": 212.19606068570747, "spark.executor.cores": 3.933764098007914, "spark.executor.instances": 7.495009079299429, "spark.executor.memory": 3.216458312650623, "spark.executor.memoryOverhead": 416.72878570862156, "spark.kryoserializer.buffer": 78.26208853853055, "spark.kryoserializer.buffer.max": 40.239054643702744, "spark.locality.wait": 8.739944902249452, "spark.maxRemoteBlockSizeFetchToMem": 2002659929.8243566, "spark.memory.fraction": 0.738014589651541, "spark.memory.offHeap.enabled": 0.3976075284032452, "spark.memory.offHeap.size": 275.2699561533534, "spark.memory.storageFraction": 0.5868009704869859, "spark.rdd.compress": 0.1441910927206279, "spark.reducer.maxBlocksInFlightPerAddress": 2031873555.771286, "spark.reducer.maxReqsInFlight": 2020657644.7274776, "spark.reducer.maxSizeInFlight": 31.72838488553097, "spark.scheduler.mode": 0.6665265841625658, "spark.scheduler.revive.interval": 702.7783311406508, "spark.shuffle.compress": 0.9033145581631908, "spark.shuffle.file.buffer": 40.896326322576584, "spark.shuffle.io.numConnectionsPerPeer": 4.185275919978032, "spark.shuffle.sort.bypassMergeThreshold": 326.1823333579144, "spark.storage.memoryMapThreshold": 2.5048539216861707}, "datetime": {"datetime": "2022-03-05 18:09:43", "elapsed": 3400.898332, "delta": 183.116333}}
