{"target": -264.018, "params": {"spark.broadcast.blockSize": 52.02013511380849, "spark.broadcast.checksum": 0.8893297721327268, "spark.broadcast.compress": 0.46874583342050835, "spark.default.parallelism": 345.3341280516117, "spark.executor.cores": 3.308902213504383, "spark.executor.instances": 5.828766228754374, "spark.executor.memory": 5.107082314760101, "spark.executor.memoryOverhead": 562.0263481210417, "spark.kryoserializer.buffer": 103.97157722405768, "spark.kryoserializer.buffer.max": 49.757538612935534, "spark.locality.wait": 5.021271269519193, "spark.maxRemoteBlockSizeFetchToMem": 2058388433.7922478, "spark.memory.fraction": 0.7427348367102253, "spark.memory.offHeap.enabled": 0.6799637631879936, "spark.memory.offHeap.size": 575.23085901219, "spark.memory.storageFraction": 0.7078397242261724, "spark.rdd.compress": 0.5930894248663977, "spark.reducer.maxBlocksInFlightPerAddress": 1325475790.4280806, "spark.reducer.maxReqsInFlight": 2107862629.2272434, "spark.reducer.maxSizeInFlight": 26.99511547021377, "spark.scheduler.mode": 0.5900931506447152, "spark.scheduler.revive.interval": 704.058249431168, "spark.shuffle.compress": 0.8602546147639916, "spark.shuffle.file.buffer": 27.363707338910295, "spark.shuffle.io.numConnectionsPerPeer": 4.7041927636817995, "spark.shuffle.sort.bypassMergeThreshold": 328.33017185683514, "spark.storage.memoryMapThreshold": 2.7257594698493737}, "datetime": {"datetime": "2022-03-05 18:14:16", "elapsed": 3673.708932, "delta": 272.8106}}
{"target": -272.213, "params": {"spark.broadcast.blockSize": 35.80521506976313, "spark.broadcast.checksum": 0.027603989808966722, "spark.broadcast.compress": 0.07335392784210482, "spark.default.parallelism": 201.02690772990937, "spark.executor.cores": 3.043749372151349, "spark.executor.instances": 6.8078005414365155, "spark.executor.memory": 5.892501031380689, "spark.executor.memoryOverhead": 501.49684196653016, "spark.kryoserializer.buffer": 112.49058566663648, "spark.kryoserializer.buffer.max": 39.28495718813022, "spark.locality.wait": 6.8067167056118665, "spark.maxRemoteBlockSizeFetchToMem": 1754539515.0750277, "spark.memory.fraction": 0.794779587322278, "spark.memory.offHeap.enabled": 0.1840653241482646, "spark.memory.offHeap.size": 460.78639602906435, "spark.memory.storageFraction": 0.609042592030744, "spark.rdd.compress": 0.021734167655036774, "spark.reducer.maxBlocksInFlightPerAddress": 1430253104.1839461, "spark.reducer.maxReqsInFlight": 1622993627.8232994, "spark.reducer.maxSizeInFlight": 36.04125393887284, "spark.scheduler.mode": 0.7429334450821067, "spark.scheduler.revive.interval": 945.0939065844752, "spark.shuffle.compress": 0.9928855037472949, "spark.shuffle.file.buffer": 38.05309451781599, "spark.shuffle.io.numConnectionsPerPeer": 4.451931282226228, "spark.shuffle.sort.bypassMergeThreshold": 339.87726727054707, "spark.storage.memoryMapThreshold": 1.2349331376406645}, "datetime": {"datetime": "2022-03-05 18:18:57", "elapsed": 3954.288755, "delta": 280.579823}}
{"target": -257.72, "params": {"spark.broadcast.blockSize": 51.64986139952539, "spark.broadcast.checksum": 0.9232778741526844, "spark.broadcast.compress": 0.39653140789969155, "spark.default.parallelism": 410.8998022204387, "spark.executor.cores": 3.472551436925013, "spark.executor.instances": 7.350872219472839, "spark.executor.memory": 4.334694862563019, "spark.executor.memoryOverhead": 639.6717104129336, "spark.kryoserializer.buffer": 103.86050816366993, "spark.kryoserializer.buffer.max": 33.395626801788616, "spark.locality.wait": 8.962717802172344, "spark.maxRemoteBlockSizeFetchToMem": 1863955278.029935, "spark.memory.fraction": 0.6072159376627806, "spark.memory.offHeap.enabled": 0.4722010339739535, "spark.memory.offHeap.size": 116.30458173428303, "spark.memory.storageFraction": 0.5625343318184495, "spark.rdd.compress": 0.08988181816319629, "spark.reducer.maxBlocksInFlightPerAddress": 1859904940.8645244, "spark.reducer.maxReqsInFlight": 2128784209.1667035, "spark.reducer.maxSizeInFlight": 34.556815128241126, "spark.scheduler.mode": 0.7452539805284437, "spark.scheduler.revive.interval": 819.8808465406622, "spark.shuffle.compress": 0.7253278598000409, "spark.shuffle.file.buffer": 16.937039801575903, "spark.shuffle.io.numConnectionsPerPeer": 4.088058575997854, "spark.shuffle.sort.bypassMergeThreshold": 192.55200366526702, "spark.storage.memoryMapThreshold": 3.330913455881644}, "datetime": {"datetime": "2022-03-05 18:23:23", "elapsed": 4220.301479, "delta": 266.012724}}
{"target": -177.995, "params": {"spark.broadcast.blockSize": 36.62003019772494, "spark.broadcast.checksum": 0.7552080615056841, "spark.broadcast.compress": 0.645784914967113, "spark.default.parallelism": 277.55833270535516, "spark.executor.cores": 3.9654557643114643, "spark.executor.instances": 6.591940287288489, "spark.executor.memory": 5.489605667942952, "spark.executor.memoryOverhead": 805.739318466644, "spark.kryoserializer.buffer": 123.57125740425978, "spark.kryoserializer.buffer.max": 125.00866962844901, "spark.locality.wait": 7.5584917107530805, "spark.maxRemoteBlockSizeFetchToMem": 2055066304.9733412, "spark.memory.fraction": 0.7342910437416261, "spark.memory.offHeap.enabled": 0.3996776940873453, "spark.memory.offHeap.size": 408.6839617625336, "spark.memory.storageFraction": 0.5000425368574108, "spark.rdd.compress": 0.019071968904071368, "spark.reducer.maxBlocksInFlightPerAddress": 1359558419.1790009, "spark.reducer.maxReqsInFlight": 2123602587.698278, "spark.reducer.maxSizeInFlight": 49.75538254564057, "spark.scheduler.mode": 0.7353607179351898, "spark.scheduler.revive.interval": 826.9769402483957, "spark.shuffle.compress": 0.2963233566480872, "spark.shuffle.file.buffer": 34.20992493435623, "spark.shuffle.io.numConnectionsPerPeer": 4.366195469284842, "spark.shuffle.sort.bypassMergeThreshold": 293.8694750596154, "spark.storage.memoryMapThreshold": 1.496048692529127}, "datetime": {"datetime": "2022-03-05 18:26:29", "elapsed": 4406.177534, "delta": 185.876055}}
{"target": -215.717, "params": {"spark.broadcast.blockSize": 33.87239267672523, "spark.broadcast.checksum": 0.9812757337137696, "spark.broadcast.compress": 0.009933243242684853, "spark.default.parallelism": 293.290388489175, "spark.executor.cores": 3.9068001243919825, "spark.executor.instances": 6.372490811658926, "spark.executor.memory": 3.2968432471790883, "spark.executor.memoryOverhead": 626.8687130714575, "spark.kryoserializer.buffer": 79.8441951524978, "spark.kryoserializer.buffer.max": 78.94271450995187, "spark.locality.wait": 8.860634671882288, "spark.maxRemoteBlockSizeFetchToMem": 2141335280.7763276, "spark.memory.fraction": 0.6324852904171456, "spark.memory.offHeap.enabled": 0.8854710841608343, "spark.memory.offHeap.size": 575.0404557993411, "spark.memory.storageFraction": 0.626897632094665, "spark.rdd.compress": 0.7859018822591491, "spark.reducer.maxBlocksInFlightPerAddress": 1379401098.3627543, "spark.reducer.maxReqsInFlight": 1877126025.0867343, "spark.reducer.maxSizeInFlight": 25.638808662863827, "spark.scheduler.mode": 0.7242090302188577, "spark.scheduler.revive.interval": 993.5139844266583, "spark.shuffle.compress": 0.46249242832816373, "spark.shuffle.file.buffer": 39.33429390379574, "spark.shuffle.io.numConnectionsPerPeer": 3.498043235298466, "spark.shuffle.sort.bypassMergeThreshold": 311.84248753177786, "spark.storage.memoryMapThreshold": 1.6651969568789484}, "datetime": {"datetime": "2022-03-05 18:30:13", "elapsed": 4630.107201, "delta": 223.929667}}
{"target": -206.529, "params": {"spark.broadcast.blockSize": 57.466387429290975, "spark.broadcast.checksum": 0.5734459922364551, "spark.broadcast.compress": 0.6267194268916317, "spark.default.parallelism": 282.9459474901546, "spark.executor.cores": 3.559005635141093, "spark.executor.instances": 5.709925596029798, "spark.executor.memory": 4.351035311699138, "spark.executor.memoryOverhead": 601.8545623356431, "spark.kryoserializer.buffer": 112.96101828100512, "spark.kryoserializer.buffer.max": 81.66076730858536, "spark.locality.wait": 5.362666125731957, "spark.maxRemoteBlockSizeFetchToMem": 2088228095.3662684, "spark.memory.fraction": 0.7012713383812351, "spark.memory.offHeap.enabled": 0.2722319786530466, "spark.memory.offHeap.size": 283.7583413086512, "spark.memory.storageFraction": 0.6741025786453512, "spark.rdd.compress": 0.06601843921401762, "spark.reducer.maxBlocksInFlightPerAddress": 1636164499.1152654, "spark.reducer.maxReqsInFlight": 2091925752.8356924, "spark.reducer.maxSizeInFlight": 33.59950999536244, "spark.scheduler.mode": 0.5111197360167149, "spark.scheduler.revive.interval": 927.3101131711246, "spark.shuffle.compress": 0.12310813076790195, "spark.shuffle.file.buffer": 30.96377802349357, "spark.shuffle.io.numConnectionsPerPeer": 1.6288311608896344, "spark.shuffle.sort.bypassMergeThreshold": 335.37288123589167, "spark.storage.memoryMapThreshold": 2.4408509133961767}, "datetime": {"datetime": "2022-03-05 18:33:47", "elapsed": 4844.721941, "delta": 214.61474}}
{"target": -181.295, "params": {"spark.broadcast.blockSize": 45.89535973239538, "spark.broadcast.checksum": 0.9783511715693398, "spark.broadcast.compress": 0.4144203920733819, "spark.default.parallelism": 209.49836632742102, "spark.executor.cores": 3.8304720430636143, "spark.executor.instances": 7.792497413714071, "spark.executor.memory": 5.5827032242773384, "spark.executor.memoryOverhead": 653.1701408105621, "spark.kryoserializer.buffer": 110.13492799212328, "spark.kryoserializer.buffer.max": 61.880391430412395, "spark.locality.wait": 6.000366258031464, "spark.maxRemoteBlockSizeFetchToMem": 1930570286.6754127, "spark.memory.fraction": 0.7834212108828913, "spark.memory.offHeap.enabled": 0.7234536222917658, "spark.memory.offHeap.size": 937.0516211653118, "spark.memory.storageFraction": 0.6981315803497725, "spark.rdd.compress": 0.2730850165413976, "spark.reducer.maxBlocksInFlightPerAddress": 1136344300.1613584, "spark.reducer.maxReqsInFlight": 1507170153.5031815, "spark.reducer.maxSizeInFlight": 36.42027513454341, "spark.scheduler.mode": 0.9994339147733285, "spark.scheduler.revive.interval": 932.3695128626223, "spark.shuffle.compress": 0.622766108533804, "spark.shuffle.file.buffer": 34.27447867565786, "spark.shuffle.io.numConnectionsPerPeer": 2.206684799524743, "spark.shuffle.sort.bypassMergeThreshold": 314.7113324697415, "spark.storage.memoryMapThreshold": 1.30303266762381}, "datetime": {"datetime": "2022-03-05 18:36:57", "elapsed": 5034.240664, "delta": 189.518723}}
{"target": -211.004, "params": {"spark.broadcast.blockSize": 42.767222775094, "spark.broadcast.checksum": 0.9955832691054411, "spark.broadcast.compress": 0.817674335527522, "spark.default.parallelism": 200.67499388169995, "spark.executor.cores": 3.9296473334717357, "spark.executor.instances": 7.246484931028316, "spark.executor.memory": 6.573499591841575, "spark.executor.memoryOverhead": 864.5345404146221, "spark.kryoserializer.buffer": 77.39490291158089, "spark.kryoserializer.buffer.max": 71.02193893984474, "spark.locality.wait": 7.381816316046667, "spark.maxRemoteBlockSizeFetchToMem": 1977448061.4496818, "spark.memory.fraction": 0.7260507523140173, "spark.memory.offHeap.enabled": 0.6338877435960903, "spark.memory.offHeap.size": 515.0161601115924, "spark.memory.storageFraction": 0.7541289192587612, "spark.rdd.compress": 0.20708395194202123, "spark.reducer.maxBlocksInFlightPerAddress": 2014116005.8401613, "spark.reducer.maxReqsInFlight": 1612954457.5578477, "spark.reducer.maxSizeInFlight": 39.89345997159197, "spark.scheduler.mode": 0.630501609715408, "spark.scheduler.revive.interval": 877.7112383505537, "spark.shuffle.compress": 0.40938040904997164, "spark.shuffle.file.buffer": 42.464682818807766, "spark.shuffle.io.numConnectionsPerPeer": 3.263203484584552, "spark.shuffle.sort.bypassMergeThreshold": 322.4811548672095, "spark.storage.memoryMapThreshold": 1.7383755691633738}, "datetime": {"datetime": "2022-03-05 18:40:36", "elapsed": 5253.459659, "delta": 219.218995}}
{"target": -202.087, "params": {"spark.broadcast.blockSize": 56.77293274374545, "spark.broadcast.checksum": 0.8917605731815367, "spark.broadcast.compress": 0.6860897365843149, "spark.default.parallelism": 229.08557969830977, "spark.executor.cores": 3.799615284042536, "spark.executor.instances": 6.143172194831955, "spark.executor.memory": 3.943962584102443, "spark.executor.memoryOverhead": 653.2430276433536, "spark.kryoserializer.buffer": 76.22759560168976, "spark.kryoserializer.buffer.max": 92.67657096886715, "spark.locality.wait": 9.05140792305924, "spark.maxRemoteBlockSizeFetchToMem": 2001692347.743218, "spark.memory.fraction": 0.8294710435570758, "spark.memory.offHeap.enabled": 0.6759085513545836, "spark.memory.offHeap.size": 493.9220877311244, "spark.memory.storageFraction": 0.5039921025487635, "spark.rdd.compress": 0.21272741937581863, "spark.reducer.maxBlocksInFlightPerAddress": 1982092593.0115986, "spark.reducer.maxReqsInFlight": 1966681294.1880898, "spark.reducer.maxSizeInFlight": 43.89653328130433, "spark.scheduler.mode": 0.8034538802603367, "spark.scheduler.revive.interval": 682.7901930259047, "spark.shuffle.compress": 0.4115434375468532, "spark.shuffle.file.buffer": 23.311392414671346, "spark.shuffle.io.numConnectionsPerPeer": 3.097677114739365, "spark.shuffle.sort.bypassMergeThreshold": 235.203038975427, "spark.storage.memoryMapThreshold": 1.350059047350936}, "datetime": {"datetime": "2022-03-05 18:44:06", "elapsed": 5463.750485, "delta": 210.290826}}
{"target": -334.197, "params": {"spark.broadcast.blockSize": 48.91701785718592, "spark.broadcast.checksum": 0.8096953086477765, "spark.broadcast.compress": 0.7037641460126859, "spark.default.parallelism": 216.93695089647633, "spark.executor.cores": 2.6514490402340742, "spark.executor.instances": 5.259253708848114, "spark.executor.memory": 4.323778225195314, "spark.executor.memoryOverhead": 485.61650918004534, "spark.kryoserializer.buffer": 73.22563089918968, "spark.kryoserializer.buffer.max": 40.39940706233727, "spark.locality.wait": 6.976259448910772, "spark.maxRemoteBlockSizeFetchToMem": 2130983929.5384984, "spark.memory.fraction": 0.6824721418981022, "spark.memory.offHeap.enabled": 0.46203935494346726, "spark.memory.offHeap.size": 393.29341632657815, "spark.memory.storageFraction": 0.5515293566882689, "spark.rdd.compress": 0.32131335137579, "spark.reducer.maxBlocksInFlightPerAddress": 1523684233.6058779, "spark.reducer.maxReqsInFlight": 2107843120.3471384, "spark.reducer.maxSizeInFlight": 29.196777086356743, "spark.scheduler.mode": 0.6689012083038581, "spark.scheduler.revive.interval": 881.4560917437834, "spark.shuffle.compress": 0.8784072369234048, "spark.shuffle.file.buffer": 18.694309846082554, "spark.shuffle.io.numConnectionsPerPeer": 3.8774548093496346, "spark.shuffle.sort.bypassMergeThreshold": 291.8764045074888, "spark.storage.memoryMapThreshold": 1.8092462203806305}, "datetime": {"datetime": "2022-03-05 18:49:49", "elapsed": 5806.597479, "delta": 342.846994}}
{"target": -182.258, "params": {"spark.broadcast.blockSize": 46.45447078206748, "spark.broadcast.checksum": 0.6062637769409933, "spark.broadcast.compress": 0.5778758021105826, "spark.default.parallelism": 262.5677159219184, "spark.executor.cores": 3.5877542078784432, "spark.executor.instances": 7.830899193696357, "spark.executor.memory": 5.539422922298645, "spark.executor.memoryOverhead": 505.6508168577484, "spark.kryoserializer.buffer": 94.73789496541835, "spark.kryoserializer.buffer.max": 94.5239784398901, "spark.locality.wait": 5.017489272607943, "spark.maxRemoteBlockSizeFetchToMem": 1931260643.8054535, "spark.memory.fraction": 0.7559703560442128, "spark.memory.offHeap.enabled": 0.6649067724297455, "spark.memory.offHeap.size": 262.22423823411077, "spark.memory.storageFraction": 0.5770308090823576, "spark.rdd.compress": 0.15255209247529167, "spark.reducer.maxBlocksInFlightPerAddress": 1723044656.7758431, "spark.reducer.maxReqsInFlight": 1502522323.7039392, "spark.reducer.maxSizeInFlight": 44.583012634490316, "spark.scheduler.mode": 0.9112285226483289, "spark.scheduler.revive.interval": 681.9649512784731, "spark.shuffle.compress": 0.6548234606849913, "spark.shuffle.file.buffer": 44.61520237499097, "spark.shuffle.io.numConnectionsPerPeer": 2.0549287768410998, "spark.shuffle.sort.bypassMergeThreshold": 322.6779654986626, "spark.storage.memoryMapThreshold": 2.707194015850654}, "datetime": {"datetime": "2022-03-05 18:52:59", "elapsed": 5996.800428, "delta": 190.202949}}
{"target": -174.402, "params": {"spark.broadcast.blockSize": 42.328966758616716, "spark.broadcast.checksum": 0.9589638879642233, "spark.broadcast.compress": 0.5022951031320073, "spark.default.parallelism": 371.23703075714656, "spark.executor.cores": 3.650110093072471, "spark.executor.instances": 7.925942635474534, "spark.executor.memory": 4.2356763307346075, "spark.executor.memoryOverhead": 824.7807340408501, "spark.kryoserializer.buffer": 83.37658987493889, "spark.kryoserializer.buffer.max": 88.95905332213148, "spark.locality.wait": 8.604943260599972, "spark.maxRemoteBlockSizeFetchToMem": 2043374210.0536902, "spark.memory.fraction": 0.781714433015211, "spark.memory.offHeap.enabled": 0.40580334027191456, "spark.memory.offHeap.size": 222.35066251797127, "spark.memory.storageFraction": 0.6907411848745105, "spark.rdd.compress": 0.24883958069210366, "spark.reducer.maxBlocksInFlightPerAddress": 2144285685.5138936, "spark.reducer.maxReqsInFlight": 1898673229.5466952, "spark.reducer.maxSizeInFlight": 41.60398555619143, "spark.scheduler.mode": 0.95817289242307, "spark.scheduler.revive.interval": 868.6192489362816, "spark.shuffle.compress": 0.10354792844159444, "spark.shuffle.file.buffer": 47.00230780629042, "spark.shuffle.io.numConnectionsPerPeer": 2.4850254402516887, "spark.shuffle.sort.bypassMergeThreshold": 330.31525650258584, "spark.storage.memoryMapThreshold": 2.6488785844940015}, "datetime": {"datetime": "2022-03-05 18:56:02", "elapsed": 6179.400855, "delta": 182.600427}}
{"target": -263.734, "params": {"spark.broadcast.blockSize": 57.168015326114684, "spark.broadcast.checksum": 0.8728787817935174, "spark.broadcast.compress": 0.12116518636474083, "spark.default.parallelism": 240.9972161301485, "spark.executor.cores": 3.9555422588158162, "spark.executor.instances": 5.4519084165927065, "spark.executor.memory": 4.904818538829765, "spark.executor.memoryOverhead": 521.9775888199937, "spark.kryoserializer.buffer": 69.4712851840959, "spark.kryoserializer.buffer.max": 109.35520201912249, "spark.locality.wait": 7.491038797813876, "spark.maxRemoteBlockSizeFetchToMem": 2146985680.7964997, "spark.memory.fraction": 0.8805954218724081, "spark.memory.offHeap.enabled": 0.7873960005693332, "spark.memory.offHeap.size": 881.0308345425171, "spark.memory.storageFraction": 0.6446630337204264, "spark.rdd.compress": 0.36707785130747317, "spark.reducer.maxBlocksInFlightPerAddress": 1497909413.4075975, "spark.reducer.maxReqsInFlight": 1781063486.7099268, "spark.reducer.maxSizeInFlight": 32.484997970274556, "spark.scheduler.mode": 0.7774215666978027, "spark.scheduler.revive.interval": 527.8538376098566, "spark.shuffle.compress": 0.4269125467761812, "spark.shuffle.file.buffer": 42.79084851490451, "spark.shuffle.io.numConnectionsPerPeer": 1.6308615231510917, "spark.shuffle.sort.bypassMergeThreshold": 337.47669875684164, "spark.storage.memoryMapThreshold": 1.9056279174764144}, "datetime": {"datetime": "2022-03-05 19:00:34", "elapsed": 6451.528167, "delta": 272.127312}}
{"target": -175.953, "params": {"spark.broadcast.blockSize": 43.626428168513435, "spark.broadcast.checksum": 0.663011405132586, "spark.broadcast.compress": 0.4734821652281562, "spark.default.parallelism": 371.33400351141233, "spark.executor.cores": 3.8878019045642227, "spark.executor.instances": 7.589249966004043, "spark.executor.memory": 3.5788512386572964, "spark.executor.memoryOverhead": 589.9461496098171, "spark.kryoserializer.buffer": 118.82893643863366, "spark.kryoserializer.buffer.max": 73.05054219168977, "spark.locality.wait": 8.500191134318495, "spark.maxRemoteBlockSizeFetchToMem": 1984978686.231852, "spark.memory.fraction": 0.7502752892465363, "spark.memory.offHeap.enabled": 0.21702154303397847, "spark.memory.offHeap.size": 439.97841497148136, "spark.memory.storageFraction": 0.7681080664377506, "spark.rdd.compress": 0.05133158574570462, "spark.reducer.maxBlocksInFlightPerAddress": 2121609056.6027174, "spark.reducer.maxReqsInFlight": 2064170966.2726943, "spark.reducer.maxSizeInFlight": 70.15136341610173, "spark.scheduler.mode": 0.6613281197654728, "spark.scheduler.revive.interval": 514.878954151168, "spark.shuffle.compress": 0.04129160829074985, "spark.shuffle.file.buffer": 30.572191623301194, "spark.shuffle.io.numConnectionsPerPeer": 2.813030889622453, "spark.shuffle.sort.bypassMergeThreshold": 333.2523073199768, "spark.storage.memoryMapThreshold": 2.620177255901518}, "datetime": {"datetime": "2022-03-05 19:03:38", "elapsed": 6635.444972, "delta": 183.916805}}
