{"target": -162.993, "params": {"spark.broadcast.blockSize": 55.48649340081428, "spark.broadcast.checksum": 0.9871102427925647, "spark.broadcast.compress": 0.3514736445483665, "spark.default.parallelism": 418.64951286531124, "spark.executor.cores": 3.5996393716211945, "spark.executor.instances": 7.987422835877872, "spark.executor.memory": 3.40551153769102, "spark.executor.memoryOverhead": 440.3184421844993, "spark.kryoserializer.buffer": 76.53771988376408, "spark.kryoserializer.buffer.max": 40.0032426319133, "spark.locality.wait": 9.818336998366664, "spark.maxRemoteBlockSizeFetchToMem": 1546731636.1767266, "spark.memory.fraction": 0.7874028098176389, "spark.memory.offHeap.enabled": 0.7404410813690123, "spark.memory.offHeap.size": 518.6912165697314, "spark.memory.storageFraction": 0.5047250159033574, "spark.rdd.compress": 0.12886930681237507, "spark.reducer.maxBlocksInFlightPerAddress": 2109314847.5300155, "spark.reducer.maxReqsInFlight": 2140337527.7865584, "spark.reducer.maxSizeInFlight": 27.492050904833597, "spark.scheduler.mode": 0.04822473930939263, "spark.scheduler.revive.interval": 575.2735044686033, "spark.shuffle.compress": 0.054535369638096486, "spark.shuffle.file.buffer": 41.223665886903085, "spark.shuffle.io.numConnectionsPerPeer": 1.6542229390836016, "spark.shuffle.sort.bypassMergeThreshold": 185.21274352175732, "spark.storage.memoryFraction": 0.5640572700937821, "spark.storage.memoryMapThreshold": 3.4018271647520173}, "datetime": {"datetime": "2022-02-16 20:16:51", "elapsed": 5407.156837, "delta": 171.494099}}
{"target": -159.801, "params": {"spark.broadcast.blockSize": 55.50498439146472, "spark.broadcast.checksum": 0.9724467120065364, "spark.broadcast.compress": 0.3426813837010982, "spark.default.parallelism": 422.72383880415487, "spark.executor.cores": 3.6575562406511777, "spark.executor.instances": 7.97165520953175, "spark.executor.memory": 3.4570828524421797, "spark.executor.memoryOverhead": 431.2851302989913, "spark.kryoserializer.buffer": 75.06322926529761, "spark.kryoserializer.buffer.max": 38.909193228935194, "spark.locality.wait": 9.821607551339547, "spark.maxRemoteBlockSizeFetchToMem": 1565516727.810684, "spark.memory.fraction": 0.7847161340218685, "spark.memory.offHeap.enabled": 0.7466776701472942, "spark.memory.offHeap.size": 524.2004192754247, "spark.memory.storageFraction": 0.5117175421597141, "spark.rdd.compress": 0.1270100421117007, "spark.reducer.maxBlocksInFlightPerAddress": 2081330398.3300288, "spark.reducer.maxReqsInFlight": 2132847457.1436021, "spark.reducer.maxSizeInFlight": 27.814840807386737, "spark.scheduler.mode": 0.06694923385791553, "spark.scheduler.revive.interval": 577.7941705363346, "spark.shuffle.compress": 0.04301693955178089, "spark.shuffle.file.buffer": 41.18314569787406, "spark.shuffle.io.numConnectionsPerPeer": 1.700291123441078, "spark.shuffle.sort.bypassMergeThreshold": 183.67960348384003, "spark.storage.memoryFraction": 0.5740454772938468, "spark.storage.memoryMapThreshold": 3.353907274504473}, "datetime": {"datetime": "2022-02-16 20:19:40", "elapsed": 5575.48459, "delta": 168.327753}}
{"target": -163.829, "params": {"spark.broadcast.blockSize": 55.53670933409029, "spark.broadcast.checksum": 0.9753095872432761, "spark.broadcast.compress": 0.3399577033214381, "spark.default.parallelism": 419.11150375547976, "spark.executor.cores": 3.5904953593076923, "spark.executor.instances": 7.965437127013094, "spark.executor.memory": 3.492377173895063, "spark.executor.memoryOverhead": 430.7236346898117, "spark.kryoserializer.buffer": 75.85622142423364, "spark.kryoserializer.buffer.max": 38.78815307368705, "spark.locality.wait": 9.802437314604724, "spark.maxRemoteBlockSizeFetchToMem": 1545344462.755313, "spark.memory.fraction": 0.78532168979354, "spark.memory.offHeap.enabled": 0.7491874521145907, "spark.memory.offHeap.size": 524.3776831742043, "spark.memory.storageFraction": 0.5119389562410575, "spark.rdd.compress": 0.12720100765881012, "spark.reducer.maxBlocksInFlightPerAddress": 2075638780.4774988, "spark.reducer.maxReqsInFlight": 2126746815.5325084, "spark.reducer.maxSizeInFlight": 27.837760323387766, "spark.scheduler.mode": 0.06525909317356028, "spark.scheduler.revive.interval": 574.3045114572374, "spark.shuffle.compress": 0.03186621395129075, "spark.shuffle.file.buffer": 41.44783860143637, "spark.shuffle.io.numConnectionsPerPeer": 1.6565575869927485, "spark.shuffle.sort.bypassMergeThreshold": 186.68678729367454, "spark.storage.memoryFraction": 0.5679443958034733, "spark.storage.memoryMapThreshold": 3.3821300630041615}, "datetime": {"datetime": "2022-02-16 20:22:32", "elapsed": 5747.957671, "delta": 172.473081}}
{"target": -159.131, "params": {"spark.broadcast.blockSize": 55.59621660283563, "spark.broadcast.checksum": 0.9768805204442548, "spark.broadcast.compress": 0.35057861566309606, "spark.default.parallelism": 420.80199596660384, "spark.executor.cores": 3.640797255245771, "spark.executor.instances": 7.973023088785683, "spark.executor.memory": 3.4837309041926674, "spark.executor.memoryOverhead": 429.37063286619076, "spark.kryoserializer.buffer": 75.55855379875335, "spark.kryoserializer.buffer.max": 38.93387364081198, "spark.locality.wait": 9.850339480322251, "spark.maxRemoteBlockSizeFetchToMem": 1565613818.9271092, "spark.memory.fraction": 0.7886904607504932, "spark.memory.offHeap.enabled": 0.7522327522720564, "spark.memory.offHeap.size": 526.6846654940761, "spark.memory.storageFraction": 0.5086578175492055, "spark.rdd.compress": 0.12664445285477366, "spark.reducer.maxBlocksInFlightPerAddress": 2094652317.9453926, "spark.reducer.maxReqsInFlight": 2132019571.9633145, "spark.reducer.maxSizeInFlight": 27.660990530918944, "spark.scheduler.mode": 0.06654327025192862, "spark.scheduler.revive.interval": 576.897948858214, "spark.shuffle.compress": 0.04850174588445828, "spark.shuffle.file.buffer": 41.24183486513176, "spark.shuffle.io.numConnectionsPerPeer": 1.6557883542530787, "spark.shuffle.sort.bypassMergeThreshold": 186.1749008507605, "spark.storage.memoryFraction": 0.570515587940773, "spark.storage.memoryMapThreshold": 3.3845089650682674}, "datetime": {"datetime": "2022-02-16 20:25:20", "elapsed": 5915.663363, "delta": 167.705692}}
{"target": -160.751, "params": {"spark.broadcast.blockSize": 55.5344838534047, "spark.broadcast.checksum": 0.9777434848672041, "spark.broadcast.compress": 0.3505291234248609, "spark.default.parallelism": 422.5378140401623, "spark.executor.cores": 3.6663790335401787, "spark.executor.instances": 7.963877380972742, "spark.executor.memory": 3.444128620438171, "spark.executor.memoryOverhead": 430.56700887139317, "spark.kryoserializer.buffer": 75.70627917966009, "spark.kryoserializer.buffer.max": 38.89155092005679, "spark.locality.wait": 9.824770093582364, "spark.maxRemoteBlockSizeFetchToMem": 1556891897.891416, "spark.memory.fraction": 0.784883636901507, "spark.memory.offHeap.enabled": 0.7463997798621194, "spark.memory.offHeap.size": 523.9194511313563, "spark.memory.storageFraction": 0.5107047198765544, "spark.rdd.compress": 0.12422286203389768, "spark.reducer.maxBlocksInFlightPerAddress": 2091078918.9325252, "spark.reducer.maxReqsInFlight": 2135302183.3342383, "spark.reducer.maxSizeInFlight": 27.593802200760244, "spark.scheduler.mode": 0.06173727774091642, "spark.scheduler.revive.interval": 569.6562587583227, "spark.shuffle.compress": 0.04479902591992008, "spark.shuffle.file.buffer": 41.224226458216485, "spark.shuffle.io.numConnectionsPerPeer": 1.6493532431091533, "spark.shuffle.sort.bypassMergeThreshold": 187.38542905937, "spark.storage.memoryFraction": 0.5658244075617104, "spark.storage.memoryMapThreshold": 3.3978160967274134}, "datetime": {"datetime": "2022-02-16 20:28:09", "elapsed": 6085.006425, "delta": 169.343062}}
{"target": -162.422, "params": {"spark.broadcast.blockSize": 55.4736442611023, "spark.broadcast.checksum": 0.9817471352870115, "spark.broadcast.compress": 0.34940066643963197, "spark.default.parallelism": 423.20908313410865, "spark.executor.cores": 3.6162481470979144, "spark.executor.instances": 7.99444239764869, "spark.executor.memory": 3.486514476087307, "spark.executor.memoryOverhead": 434.2060093747247, "spark.kryoserializer.buffer": 75.80951757770792, "spark.kryoserializer.buffer.max": 39.414438238425234, "spark.locality.wait": 9.817675295929046, "spark.maxRemoteBlockSizeFetchToMem": 1561500237.767943, "spark.memory.fraction": 0.7873482834504962, "spark.memory.offHeap.enabled": 0.7475243242847255, "spark.memory.offHeap.size": 521.6584355092143, "spark.memory.storageFraction": 0.5086298865424703, "spark.rdd.compress": 0.1237285341526331, "spark.reducer.maxBlocksInFlightPerAddress": 2090943895.9870088, "spark.reducer.maxReqsInFlight": 2142895020.5728896, "spark.reducer.maxSizeInFlight": 27.61499732883786, "spark.scheduler.mode": 0.06450742933955794, "spark.scheduler.revive.interval": 575.7648999283759, "spark.shuffle.compress": 0.046163630487285, "spark.shuffle.file.buffer": 41.320361822035174, "spark.shuffle.io.numConnectionsPerPeer": 1.6340381959628645, "spark.shuffle.sort.bypassMergeThreshold": 185.0406674265301, "spark.storage.memoryFraction": 0.5687335151289175, "spark.storage.memoryMapThreshold": 3.37923463009627}, "datetime": {"datetime": "2022-02-16 20:31:00", "elapsed": 6255.905294, "delta": 170.898869}}
{"target": -165.516, "params": {"spark.broadcast.blockSize": 55.50748668753135, "spark.broadcast.checksum": 0.9812626004325126, "spark.broadcast.compress": 0.3502562692418559, "spark.default.parallelism": 423.113993549839, "spark.executor.cores": 3.6406333063524032, "spark.executor.instances": 7.996042230077428, "spark.executor.memory": 3.461946713870355, "spark.executor.memoryOverhead": 431.27584179380244, "spark.kryoserializer.buffer": 75.4229645343648, "spark.kryoserializer.buffer.max": 39.22164258337229, "spark.locality.wait": 9.801002151921248, "spark.maxRemoteBlockSizeFetchToMem": 1552038688.379155, "spark.memory.fraction": 0.7863573201106774, "spark.memory.offHeap.enabled": 0.751949593173086, "spark.memory.offHeap.size": 526.3534447304788, "spark.memory.storageFraction": 0.5105616182374376, "spark.rdd.compress": 0.12400056896891581, "spark.reducer.maxBlocksInFlightPerAddress": 2093096619.5749571, "spark.reducer.maxReqsInFlight": 2138952692.5807352, "spark.reducer.maxSizeInFlight": 27.745822385478135, "spark.scheduler.mode": 0.05758434208346782, "spark.scheduler.revive.interval": 571.8371080632309, "spark.shuffle.compress": 0.04102197656248517, "spark.shuffle.file.buffer": 41.455774042051495, "spark.shuffle.io.numConnectionsPerPeer": 1.6861470285138809, "spark.shuffle.sort.bypassMergeThreshold": 187.6490508158808, "spark.storage.memoryFraction": 0.5694901279078024, "spark.storage.memoryMapThreshold": 3.389456919283538}, "datetime": {"datetime": "2022-02-16 20:33:54", "elapsed": 6430.015393, "delta": 174.110099}}
{"target": -161.32, "params": {"spark.broadcast.blockSize": 55.61173946585253, "spark.broadcast.checksum": 0.9791833060771463, "spark.broadcast.compress": 0.33827873159094823, "spark.default.parallelism": 421.943820433229, "spark.executor.cores": 3.6523006290505875, "spark.executor.instances": 7.989707093441785, "spark.executor.memory": 3.470565012387339, "spark.executor.memoryOverhead": 430.87958399570635, "spark.kryoserializer.buffer": 75.7829054130579, "spark.kryoserializer.buffer.max": 39.44500131246728, "spark.locality.wait": 9.818218536245912, "spark.maxRemoteBlockSizeFetchToMem": 1557542783.4095037, "spark.memory.fraction": 0.7873886775803352, "spark.memory.offHeap.enabled": 0.7512346743581961, "spark.memory.offHeap.size": 523.9570778551714, "spark.memory.storageFraction": 0.5104432524310151, "spark.rdd.compress": 0.13099004325596134, "spark.reducer.maxBlocksInFlightPerAddress": 2093913538.5790532, "spark.reducer.maxReqsInFlight": 2131291613.3010347, "spark.reducer.maxSizeInFlight": 27.80114246628555, "spark.scheduler.mode": 0.06520881669807409, "spark.scheduler.revive.interval": 574.5486819457848, "spark.shuffle.compress": 0.04234320200114387, "spark.shuffle.file.buffer": 41.26461324248168, "spark.shuffle.io.numConnectionsPerPeer": 1.6582362432551698, "spark.shuffle.sort.bypassMergeThreshold": 187.56159640201486, "spark.storage.memoryFraction": 0.5699515778470126, "spark.storage.memoryMapThreshold": 3.3935550918725235}, "datetime": {"datetime": "2022-02-16 20:36:44", "elapsed": 6599.633261, "delta": 169.617868}}
{"target": -164.06, "params": {"spark.broadcast.blockSize": 55.69040447983871, "spark.broadcast.checksum": 0.9743039643268844, "spark.broadcast.compress": 0.3389560208478222, "spark.default.parallelism": 422.8306272985002, "spark.executor.cores": 3.641758317890462, "spark.executor.instances": 7.98396206069155, "spark.executor.memory": 3.4600128719472476, "spark.executor.memoryOverhead": 434.85102882949525, "spark.kryoserializer.buffer": 75.79988154083885, "spark.kryoserializer.buffer.max": 39.013759022982505, "spark.locality.wait": 9.81758736571048, "spark.maxRemoteBlockSizeFetchToMem": 1561118688.3527842, "spark.memory.fraction": 0.788733387100204, "spark.memory.offHeap.enabled": 0.7475145917697484, "spark.memory.offHeap.size": 525.412577389654, "spark.memory.storageFraction": 0.5130926483042584, "spark.rdd.compress": 0.12582196070099624, "spark.reducer.maxBlocksInFlightPerAddress": 2092613163.0615225, "spark.reducer.maxReqsInFlight": 2131323878.048797, "spark.reducer.maxSizeInFlight": 27.83682796845934, "spark.scheduler.mode": 0.05795015132918631, "spark.scheduler.revive.interval": 576.4687136148673, "spark.shuffle.compress": 0.04244313548361678, "spark.shuffle.file.buffer": 41.18009812863682, "spark.shuffle.io.numConnectionsPerPeer": 1.6644872299948232, "spark.shuffle.sort.bypassMergeThreshold": 187.11915347841125, "spark.storage.memoryFraction": 0.5674251842843148, "spark.storage.memoryMapThreshold": 3.3871487136700975}, "datetime": {"datetime": "2022-02-16 20:39:36", "elapsed": 6772.251683, "delta": 172.618422}}
{"target": -163.487, "params": {"spark.broadcast.blockSize": 55.635041549491156, "spark.broadcast.checksum": 0.9787460704305175, "spark.broadcast.compress": 0.34467218745254397, "spark.default.parallelism": 421.55594958352617, "spark.executor.cores": 3.632719748530705, "spark.executor.instances": 7.99959439038769, "spark.executor.memory": 3.443807601528317, "spark.executor.memoryOverhead": 430.90440144174073, "spark.kryoserializer.buffer": 75.60239944257563, "spark.kryoserializer.buffer.max": 38.979290495209874, "spark.locality.wait": 9.812430895568147, "spark.maxRemoteBlockSizeFetchToMem": 1556567465.6784225, "spark.memory.fraction": 0.7857176021038287, "spark.memory.offHeap.enabled": 0.7483984402667602, "spark.memory.offHeap.size": 526.6696364645071, "spark.memory.storageFraction": 0.5092770548375979, "spark.rdd.compress": 0.12712906199981905, "spark.reducer.maxBlocksInFlightPerAddress": 2091519687.0523946, "spark.reducer.maxReqsInFlight": 2132307831.027643, "spark.reducer.maxSizeInFlight": 27.598532056612168, "spark.scheduler.mode": 0.06101691275889147, "spark.scheduler.revive.interval": 573.5930267896058, "spark.shuffle.compress": 0.040224404306587226, "spark.shuffle.file.buffer": 41.23589512359869, "spark.shuffle.io.numConnectionsPerPeer": 1.6663447951461137, "spark.shuffle.sort.bypassMergeThreshold": 187.66689053193178, "spark.storage.memoryFraction": 0.5679304959802159, "spark.storage.memoryMapThreshold": 3.376172992418406}, "datetime": {"datetime": "2022-02-16 20:42:37", "elapsed": 6953.301575, "delta": 181.049892}}
{"target": -161.251, "params": {"spark.broadcast.blockSize": 55.57472077644949, "spark.broadcast.checksum": 0.9777482571395092, "spark.broadcast.compress": 0.346084957278369, "spark.default.parallelism": 423.42715481566177, "spark.executor.cores": 3.6346902493624413, "spark.executor.instances": 7.982916197206858, "spark.executor.memory": 3.4688087547507003, "spark.executor.memoryOverhead": 434.7675573255432, "spark.kryoserializer.buffer": 75.45120874168843, "spark.kryoserializer.buffer.max": 39.264404533166584, "spark.locality.wait": 9.797839867756545, "spark.maxRemoteBlockSizeFetchToMem": 1555613248.9637341, "spark.memory.fraction": 0.7862940648580902, "spark.memory.offHeap.enabled": 0.751041516562711, "spark.memory.offHeap.size": 524.0924855318435, "spark.memory.storageFraction": 0.5092098136678523, "spark.rdd.compress": 0.12679186192193836, "spark.reducer.maxBlocksInFlightPerAddress": 2094115017.8892126, "spark.reducer.maxReqsInFlight": 2136419225.6378016, "spark.reducer.maxSizeInFlight": 27.855610924322182, "spark.scheduler.mode": 0.07167109601063312, "spark.scheduler.revive.interval": 573.7268453728948, "spark.shuffle.compress": 0.04371896500965229, "spark.shuffle.file.buffer": 41.17167825408801, "spark.shuffle.io.numConnectionsPerPeer": 1.690509622374716, "spark.shuffle.sort.bypassMergeThreshold": 186.910790574692, "spark.storage.memoryFraction": 0.5676390714607779, "spark.storage.memoryMapThreshold": 3.3861002402495015}, "datetime": {"datetime": "2022-02-16 20:45:27", "elapsed": 7123.097479, "delta": 169.795904}}
{"target": -165.097, "params": {"spark.broadcast.blockSize": 55.59574199924658, "spark.broadcast.checksum": 0.9768903144875893, "spark.broadcast.compress": 0.34701101079085567, "spark.default.parallelism": 420.76467597562214, "spark.executor.cores": 3.632085210373868, "spark.executor.instances": 7.997256395871412, "spark.executor.memory": 3.467389919958555, "spark.executor.memoryOverhead": 437.48399381809605, "spark.kryoserializer.buffer": 75.63627681566824, "spark.kryoserializer.buffer.max": 39.356410108749394, "spark.locality.wait": 9.807090784896893, "spark.maxRemoteBlockSizeFetchToMem": 1559084711.1253922, "spark.memory.fraction": 0.7868977726575596, "spark.memory.offHeap.enabled": 0.7496810051847405, "spark.memory.offHeap.size": 526.0558248032387, "spark.memory.storageFraction": 0.5120383868231768, "spark.rdd.compress": 0.12712652996401466, "spark.reducer.maxBlocksInFlightPerAddress": 2094049929.6011674, "spark.reducer.maxReqsInFlight": 2139623363.6429665, "spark.reducer.maxSizeInFlight": 27.766904509802437, "spark.scheduler.mode": 0.0611497741994541, "spark.scheduler.revive.interval": 575.7323344819717, "spark.shuffle.compress": 0.04087093248451256, "spark.shuffle.file.buffer": 41.23940346246833, "spark.shuffle.io.numConnectionsPerPeer": 1.672957206093542, "spark.shuffle.sort.bypassMergeThreshold": 187.3173962399054, "spark.storage.memoryFraction": 0.5680427252792674, "spark.storage.memoryMapThreshold": 3.3899396529746877}, "datetime": {"datetime": "2022-02-16 20:48:21", "elapsed": 7296.862924, "delta": 173.765445}}
{"target": -159.458, "params": {"spark.broadcast.blockSize": 55.63375068465771, "spark.broadcast.checksum": 0.9764910570180655, "spark.broadcast.compress": 0.3465110623789185, "spark.default.parallelism": 421.91408696505067, "spark.executor.cores": 3.6280834162191717, "spark.executor.instances": 7.98767324475242, "spark.executor.memory": 3.4786664813448285, "spark.executor.memoryOverhead": 434.57412857766985, "spark.kryoserializer.buffer": 75.69648785339007, "spark.kryoserializer.buffer.max": 39.38837862647789, "spark.locality.wait": 9.832636888247121, "spark.maxRemoteBlockSizeFetchToMem": 1556742238.8860714, "spark.memory.fraction": 0.7874612061853778, "spark.memory.offHeap.enabled": 0.7509904341876678, "spark.memory.offHeap.size": 527.2633062650203, "spark.memory.storageFraction": 0.5100227630865138, "spark.rdd.compress": 0.1256374984212, "spark.reducer.maxBlocksInFlightPerAddress": 2091880424.1215615, "spark.reducer.maxReqsInFlight": 2133967179.183193, "spark.reducer.maxSizeInFlight": 27.762496042432915, "spark.scheduler.mode": 0.06243267521065645, "spark.scheduler.revive.interval": 575.5780318563977, "spark.shuffle.compress": 0.042100461571127866, "spark.shuffle.file.buffer": 41.10244610573695, "spark.shuffle.io.numConnectionsPerPeer": 1.6642723899237097, "spark.shuffle.sort.bypassMergeThreshold": 186.44240192387664, "spark.storage.memoryFraction": 0.5681288428401609, "spark.storage.memoryMapThreshold": 3.3880224153709837}, "datetime": {"datetime": "2022-02-16 20:51:09", "elapsed": 7464.898004, "delta": 168.03508}}
{"target": -167.349, "params": {"spark.broadcast.blockSize": 55.67513376937068, "spark.broadcast.checksum": 0.9790584623542398, "spark.broadcast.compress": 0.34671121647926967, "spark.default.parallelism": 422.3017958326702, "spark.executor.cores": 3.6289088257457705, "spark.executor.instances": 7.99944304642855, "spark.executor.memory": 3.4462089508147233, "spark.executor.memoryOverhead": 434.6185283505806, "spark.kryoserializer.buffer": 75.61091029396623, "spark.kryoserializer.buffer.max": 39.277079116472, "spark.locality.wait": 9.801857188332917, "spark.maxRemoteBlockSizeFetchToMem": 1554821832.1179686, "spark.memory.fraction": 0.7867273270966529, "spark.memory.offHeap.enabled": 0.7505886211901516, "spark.memory.offHeap.size": 525.9479165164249, "spark.memory.storageFraction": 0.5097745353720626, "spark.rdd.compress": 0.12596997950589026, "spark.reducer.maxBlocksInFlightPerAddress": 2093775416.2067966, "spark.reducer.maxReqsInFlight": 2138656198.0121624, "spark.reducer.maxSizeInFlight": 27.7398587758321, "spark.scheduler.mode": 0.062711559674849, "spark.scheduler.revive.interval": 575.3522666383275, "spark.shuffle.compress": 0.04439769207960395, "spark.shuffle.file.buffer": 41.18153514011673, "spark.shuffle.io.numConnectionsPerPeer": 1.6574209478063309, "spark.shuffle.sort.bypassMergeThreshold": 187.05986400984818, "spark.storage.memoryFraction": 0.5699543648910399, "spark.storage.memoryMapThreshold": 3.39079325114904}, "datetime": {"datetime": "2022-02-16 20:54:05", "elapsed": 7640.888913, "delta": 175.990909}}
