{"target": -165.76, "params": {"spark.broadcast.blockSize": 55.05863317337924, "spark.broadcast.checksum": 0.9937552515119471, "spark.broadcast.compress": 0.36151698118529696, "spark.default.parallelism": 408.33990558979593, "spark.executor.cores": 3.8697867867448337, "spark.executor.instances": 7.783229492864459, "spark.executor.memory": 3.351361243336529, "spark.executor.memoryOverhead": 479.15803035055274, "spark.kryoserializer.buffer": 73.92934912830839, "spark.kryoserializer.buffer.max": 35.01097225004005, "spark.locality.wait": 9.928132374148312, "spark.maxRemoteBlockSizeFetchToMem": 1520762883.8547678, "spark.memory.fraction": 0.7746450427235251, "spark.memory.offHeap.enabled": 0.7436997063778531, "spark.memory.offHeap.size": 524.6046200705247, "spark.memory.storageFraction": 0.5022751300283884, "spark.rdd.compress": 0.10342891111371179, "spark.reducer.maxBlocksInFlightPerAddress": 2097494479.3742447, "spark.reducer.maxReqsInFlight": 2107769117.9448762, "spark.reducer.maxSizeInFlight": 30.884983636559728, "spark.scheduler.mode": 0.023928737437616258, "spark.scheduler.revive.interval": 543.5983048981333, "spark.shuffle.compress": 0.032745905331888495, "spark.shuffle.file.buffer": 40.91281583569559, "spark.shuffle.io.numConnectionsPerPeer": 1.902597247662842, "spark.shuffle.sort.bypassMergeThreshold": 207.39371390236627, "spark.storage.memoryFraction": 0.5745148781714796, "spark.storage.memoryMapThreshold": 3.2605621203742836}, "datetime": {"datetime": "2022-02-16 19:37:19", "elapsed": 3034.846781, "delta": 174.267569}}
{"target": -160.86, "params": {"spark.broadcast.blockSize": 57.22556860189564, "spark.broadcast.checksum": 0.9908407831381717, "spark.broadcast.compress": 0.3924208753255283, "spark.default.parallelism": 401.44903681771393, "spark.executor.cores": 3.9072390491587776, "spark.executor.instances": 7.920765040935214, "spark.executor.memory": 3.509867599783991, "spark.executor.memoryOverhead": 500.4315092953706, "spark.kryoserializer.buffer": 70.7668099931836, "spark.kryoserializer.buffer.max": 35.247095190288015, "spark.locality.wait": 9.784020555522998, "spark.maxRemoteBlockSizeFetchToMem": 1550548245.3887641, "spark.memory.fraction": 0.8054736912212629, "spark.memory.offHeap.enabled": 0.7420778447248697, "spark.memory.offHeap.size": 529.2179467496713, "spark.memory.storageFraction": 0.5061061310562064, "spark.rdd.compress": 0.10734528765286391, "spark.reducer.maxBlocksInFlightPerAddress": 2044456668.4888117, "spark.reducer.maxReqsInFlight": 2146931419.0589976, "spark.reducer.maxSizeInFlight": 28.588384264408443, "spark.scheduler.mode": 0.14146748257566388, "spark.scheduler.revive.interval": 565.3482499299987, "spark.shuffle.compress": 0.040616840641327985, "spark.shuffle.file.buffer": 39.017062393010825, "spark.shuffle.io.numConnectionsPerPeer": 1.826156831105369, "spark.shuffle.sort.bypassMergeThreshold": 202.60414297408417, "spark.storage.memoryFraction": 0.5703805076498386, "spark.storage.memoryMapThreshold": 3.2510136173887525}, "datetime": {"datetime": "2022-02-16 19:40:09", "elapsed": 3204.380815, "delta": 169.534034}}
{"target": -154.749, "params": {"spark.broadcast.blockSize": 55.59501923394356, "spark.broadcast.checksum": 0.9779635544904876, "spark.broadcast.compress": 0.3456573353459793, "spark.default.parallelism": 421.7227535172349, "spark.executor.cores": 3.6293817113858493, "spark.executor.instances": 7.997869275593135, "spark.executor.memory": 3.464388865885352, "spark.executor.memoryOverhead": 434.65733415627653, "spark.kryoserializer.buffer": 75.68820343453737, "spark.kryoserializer.buffer.max": 39.35628403725025, "spark.locality.wait": 9.805505209517232, "spark.maxRemoteBlockSizeFetchToMem": 1557305890.6195478, "spark.memory.fraction": 0.786632992620553, "spark.memory.offHeap.enabled": 0.7485882940579589, "spark.memory.offHeap.size": 526.034809455993, "spark.memory.storageFraction": 0.5104612137477447, "spark.rdd.compress": 0.12740696415261782, "spark.reducer.maxBlocksInFlightPerAddress": 2091943568.1070256, "spark.reducer.maxReqsInFlight": 2135398387.5127983, "spark.reducer.maxSizeInFlight": 27.753820922983355, "spark.scheduler.mode": 0.06598012205196972, "spark.scheduler.revive.interval": 575.6003544369638, "spark.shuffle.compress": 0.04305998842875583, "spark.shuffle.file.buffer": 41.16540411502311, "spark.shuffle.io.numConnectionsPerPeer": 1.673499745520639, "spark.shuffle.sort.bypassMergeThreshold": 187.27217642859833, "spark.storage.memoryFraction": 0.5689538446944343, "spark.storage.memoryMapThreshold": 3.3854059899159052}, "datetime": {"datetime": "2022-02-16 19:42:52", "elapsed": 3368.117731, "delta": 163.736916}}
{"target": -165.807, "params": {"spark.broadcast.blockSize": 54.48630423956114, "spark.broadcast.checksum": 0.990017545070298, "spark.broadcast.compress": 0.32135487521554873, "spark.default.parallelism": 405.2948165543596, "spark.executor.cores": 3.5999789519260634, "spark.executor.instances": 7.982283853395288, "spark.executor.memory": 3.480876274255407, "spark.executor.memoryOverhead": 401.72059146424505, "spark.kryoserializer.buffer": 79.37807277103356, "spark.kryoserializer.buffer.max": 33.71161957235052, "spark.locality.wait": 9.882054743752914, "spark.maxRemoteBlockSizeFetchToMem": 1557004223.6302903, "spark.memory.fraction": 0.7681015761017549, "spark.memory.offHeap.enabled": 0.747951478910212, "spark.memory.offHeap.size": 531.6029712754097, "spark.memory.storageFraction": 0.5060753415200661, "spark.rdd.compress": 0.0987628457418567, "spark.reducer.maxBlocksInFlightPerAddress": 2129678792.6803074, "spark.reducer.maxReqsInFlight": 2134116224.4499357, "spark.reducer.maxSizeInFlight": 26.516693730939334, "spark.scheduler.mode": 0.027369724156034596, "spark.scheduler.revive.interval": 553.1924576503562, "spark.shuffle.compress": 0.014841244279605767, "spark.shuffle.file.buffer": 42.635915996958715, "spark.shuffle.io.numConnectionsPerPeer": 1.4898675802444343, "spark.shuffle.sort.bypassMergeThreshold": 183.27733030352664, "spark.storage.memoryFraction": 0.5618394963852216, "spark.storage.memoryMapThreshold": 3.393363615601704}, "datetime": {"datetime": "2022-02-16 19:45:47", "elapsed": 3542.414542, "delta": 174.296811}}
{"target": -157.95, "params": {"spark.broadcast.blockSize": 55.06424193798555, "spark.broadcast.checksum": 0.9804174934214507, "spark.broadcast.compress": 0.3745814563670795, "spark.default.parallelism": 432.5167125031873, "spark.executor.cores": 3.686332830048743, "spark.executor.instances": 7.967497494575331, "spark.executor.memory": 3.3469887449639995, "spark.executor.memoryOverhead": 441.0570982213733, "spark.kryoserializer.buffer": 77.50817650386107, "spark.kryoserializer.buffer.max": 37.19288282075416, "spark.locality.wait": 9.961467157896696, "spark.maxRemoteBlockSizeFetchToMem": 1522257896.2510335, "spark.memory.fraction": 0.8051913139074254, "spark.memory.offHeap.enabled": 0.751937517395417, "spark.memory.offHeap.size": 520.1170739426278, "spark.memory.storageFraction": 0.5312958040844794, "spark.rdd.compress": 0.12412549732918483, "spark.reducer.maxBlocksInFlightPerAddress": 2035081643.4987316, "spark.reducer.maxReqsInFlight": 2140591637.7752588, "spark.reducer.maxSizeInFlight": 27.672841390647186, "spark.scheduler.mode": 0.003271199390355234, "spark.scheduler.revive.interval": 572.7355865870531, "spark.shuffle.compress": 0.06503108757982842, "spark.shuffle.file.buffer": 41.91678778642099, "spark.shuffle.io.numConnectionsPerPeer": 1.5838895268366093, "spark.shuffle.sort.bypassMergeThreshold": 180.64103302774757, "spark.storage.memoryFraction": 0.5578309383132175, "spark.storage.memoryMapThreshold": 3.4633495031229575}, "datetime": {"datetime": "2022-02-16 19:48:33", "elapsed": 3709.03323, "delta": 166.618688}}
{"target": -158.42, "params": {"spark.broadcast.blockSize": 55.367961805774385, "spark.broadcast.checksum": 0.992319910330566, "spark.broadcast.compress": 0.31440629503653644, "spark.default.parallelism": 420.3646769920342, "spark.executor.cores": 3.636103552637784, "spark.executor.instances": 7.934534857963872, "spark.executor.memory": 3.32386270916185, "spark.executor.memoryOverhead": 433.453406262445, "spark.kryoserializer.buffer": 74.76482118104587, "spark.kryoserializer.buffer.max": 43.31871826184565, "spark.locality.wait": 9.886283211415208, "spark.maxRemoteBlockSizeFetchToMem": 1529808939.674956, "spark.memory.fraction": 0.804946270512165, "spark.memory.offHeap.enabled": 0.763373577378534, "spark.memory.offHeap.size": 517.5147469490631, "spark.memory.storageFraction": 0.500478591905711, "spark.rdd.compress": 0.14633906340337655, "spark.reducer.maxBlocksInFlightPerAddress": 2050835453.6360514, "spark.reducer.maxReqsInFlight": 2132320286.163272, "spark.reducer.maxSizeInFlight": 26.75125433165515, "spark.scheduler.mode": 0.04043564554420129, "spark.scheduler.revive.interval": 573.2187776251714, "spark.shuffle.compress": 0.034604661122736045, "spark.shuffle.file.buffer": 40.59501792450063, "spark.shuffle.io.numConnectionsPerPeer": 1.5492860564032218, "spark.shuffle.sort.bypassMergeThreshold": 192.9136854127637, "spark.storage.memoryFraction": 0.5668008336615029, "spark.storage.memoryMapThreshold": 3.3744595621993643}, "datetime": {"datetime": "2022-02-16 19:51:25", "elapsed": 3881.068945, "delta": 172.035715}}
{"target": -158.23, "params": {"spark.broadcast.blockSize": 55.898346691327404, "spark.broadcast.checksum": 0.993985901319342, "spark.broadcast.compress": 0.3673579473772741, "spark.default.parallelism": 414.7374789196678, "spark.executor.cores": 3.591542565373326, "spark.executor.instances": 7.973482834120094, "spark.executor.memory": 3.315506413399671, "spark.executor.memoryOverhead": 411.6385605212438, "spark.kryoserializer.buffer": 77.25163753749041, "spark.kryoserializer.buffer.max": 42.56309455449552, "spark.locality.wait": 9.852694771989674, "spark.maxRemoteBlockSizeFetchToMem": 1540510398.8573973, "spark.memory.fraction": 0.7895507737666472, "spark.memory.offHeap.enabled": 0.742038764078435, "spark.memory.offHeap.size": 516.0818903686903, "spark.memory.storageFraction": 0.5087489519846051, "spark.rdd.compress": 0.10834360730531059, "spark.reducer.maxBlocksInFlightPerAddress": 2062575149.6905, "spark.reducer.maxReqsInFlight": 2141194633.1720307, "spark.reducer.maxSizeInFlight": 28.427346502507334, "spark.scheduler.mode": 0.05181776256696582, "spark.scheduler.revive.interval": 571.964470687, "spark.shuffle.compress": 0.05512828060237353, "spark.shuffle.file.buffer": 40.95890795506429, "spark.shuffle.io.numConnectionsPerPeer": 1.558495711498719, "spark.shuffle.sort.bypassMergeThreshold": 181.15061336442838, "spark.storage.memoryFraction": 0.5585108530179516, "spark.storage.memoryMapThreshold": 3.354516148312276}, "datetime": {"datetime": "2022-02-16 19:54:12", "elapsed": 4047.730526, "delta": 166.661581}}
{"target": -169.431, "params": {"spark.broadcast.blockSize": 55.67916474609571, "spark.broadcast.checksum": 0.9779915699307151, "spark.broadcast.compress": 0.3616280614436365, "spark.default.parallelism": 420.5513853182756, "spark.executor.cores": 3.6703328992792996, "spark.executor.instances": 7.947742760651735, "spark.executor.memory": 3.3177156789845053, "spark.executor.memoryOverhead": 443.05868226572187, "spark.kryoserializer.buffer": 72.4199204109294, "spark.kryoserializer.buffer.max": 36.708539151601244, "spark.locality.wait": 9.884820336982157, "spark.maxRemoteBlockSizeFetchToMem": 1558028093.8237333, "spark.memory.fraction": 0.7965859351186719, "spark.memory.offHeap.enabled": 0.7652521423531448, "spark.memory.offHeap.size": 532.2162142171969, "spark.memory.storageFraction": 0.5025743107603658, "spark.rdd.compress": 0.12350521530065355, "spark.reducer.maxBlocksInFlightPerAddress": 2107143618.1724634, "spark.reducer.maxReqsInFlight": 2112109398.654441, "spark.reducer.maxSizeInFlight": 27.18484728074782, "spark.scheduler.mode": 0.08299494081294137, "spark.scheduler.revive.interval": 596.7941702141243, "spark.shuffle.compress": 0.023085480025954282, "spark.shuffle.file.buffer": 41.71624831881024, "spark.shuffle.io.numConnectionsPerPeer": 1.6017418393082703, "spark.shuffle.sort.bypassMergeThreshold": 182.41214428195704, "spark.storage.memoryFraction": 0.5615167421012667, "spark.storage.memoryMapThreshold": 3.454604262232945}, "datetime": {"datetime": "2022-02-16 19:57:10", "elapsed": 4225.704341, "delta": 177.973815}}
{"target": -158.681, "params": {"spark.broadcast.blockSize": 56.04234433652556, "spark.broadcast.checksum": 0.9643606610611585, "spark.broadcast.compress": 0.33920925738062924, "spark.default.parallelism": 433.29143397383046, "spark.executor.cores": 3.673712655868055, "spark.executor.instances": 7.992312666503424, "spark.executor.memory": 3.5509788366728063, "spark.executor.memoryOverhead": 419.93884541396073, "spark.kryoserializer.buffer": 78.57847963567197, "spark.kryoserializer.buffer.max": 35.35333855944713, "spark.locality.wait": 9.922872993310213, "spark.maxRemoteBlockSizeFetchToMem": 1552903843.162562, "spark.memory.fraction": 0.7982086392840811, "spark.memory.offHeap.enabled": 0.756460335509811, "spark.memory.offHeap.size": 520.2539933440696, "spark.memory.storageFraction": 0.5128081072543621, "spark.rdd.compress": 0.12971998851690283, "spark.reducer.maxBlocksInFlightPerAddress": 2050516398.8933914, "spark.reducer.maxReqsInFlight": 2117775242.2247694, "spark.reducer.maxSizeInFlight": 27.288245267367476, "spark.scheduler.mode": 0.07807902126634408, "spark.scheduler.revive.interval": 566.8936354002162, "spark.shuffle.compress": 0.05434210903416996, "spark.shuffle.file.buffer": 41.81941034530535, "spark.shuffle.io.numConnectionsPerPeer": 1.7590968374522542, "spark.shuffle.sort.bypassMergeThreshold": 186.3112513352715, "spark.storage.memoryFraction": 0.5670807193516002, "spark.storage.memoryMapThreshold": 3.413066353168612}, "datetime": {"datetime": "2022-02-16 19:59:57", "elapsed": 4393.278872, "delta": 167.574531}}
{"target": -158.456, "params": {"spark.broadcast.blockSize": 55.63201729490152, "spark.broadcast.checksum": 0.9617587204656638, "spark.broadcast.compress": 0.31808233889805765, "spark.default.parallelism": 419.3173355460122, "spark.executor.cores": 3.5715441080554133, "spark.executor.instances": 7.981710139652322, "spark.executor.memory": 3.4542594312609642, "spark.executor.memoryOverhead": 439.4674924720191, "spark.kryoserializer.buffer": 74.21903708666484, "spark.kryoserializer.buffer.max": 41.42409674278836, "spark.locality.wait": 9.957507287125331, "spark.maxRemoteBlockSizeFetchToMem": 1546110123.1002395, "spark.memory.fraction": 0.7924109609519963, "spark.memory.offHeap.enabled": 0.749739898481734, "spark.memory.offHeap.size": 516.7426453087828, "spark.memory.storageFraction": 0.512706521575571, "spark.rdd.compress": 0.12888687231345333, "spark.reducer.maxBlocksInFlightPerAddress": 2097494137.9564996, "spark.reducer.maxReqsInFlight": 2139158331.9772737, "spark.reducer.maxSizeInFlight": 27.13196677033715, "spark.scheduler.mode": 0.07025761847269629, "spark.scheduler.revive.interval": 560.9634466025517, "spark.shuffle.compress": 0.07121355929300921, "spark.shuffle.file.buffer": 41.27229820362108, "spark.shuffle.io.numConnectionsPerPeer": 1.7304316766729297, "spark.shuffle.sort.bypassMergeThreshold": 186.18345747715134, "spark.storage.memoryFraction": 0.563924668474573, "spark.storage.memoryMapThreshold": 3.4276473783161836}, "datetime": {"datetime": "2022-02-16 20:02:45", "elapsed": 4560.368632, "delta": 167.08976}}
{"target": -155.573, "params": {"spark.broadcast.blockSize": 55.60040319612946, "spark.broadcast.checksum": 0.9881814211391248, "spark.broadcast.compress": 0.3535625547989958, "spark.default.parallelism": 421.368930508302, "spark.executor.cores": 3.672883477093791, "spark.executor.instances": 7.97789332844342, "spark.executor.memory": 3.3760787250699735, "spark.executor.memoryOverhead": 433.6314387503598, "spark.kryoserializer.buffer": 75.98313382402264, "spark.kryoserializer.buffer.max": 39.33748136787472, "spark.locality.wait": 9.763935105097124, "spark.maxRemoteBlockSizeFetchToMem": 1540355370.3006563, "spark.memory.fraction": 0.7941881464088427, "spark.memory.offHeap.enabled": 0.7393423384380462, "spark.memory.offHeap.size": 515.4326534647635, "spark.memory.storageFraction": 0.5049531396192899, "spark.rdd.compress": 0.12780861167488555, "spark.reducer.maxBlocksInFlightPerAddress": 2072407762.7937005, "spark.reducer.maxReqsInFlight": 2141166961.4667616, "spark.reducer.maxSizeInFlight": 27.25466037972661, "spark.scheduler.mode": 0.047671655435182037, "spark.scheduler.revive.interval": 563.1463905886342, "spark.shuffle.compress": 0.0253033551809387, "spark.shuffle.file.buffer": 41.600290292689174, "spark.shuffle.io.numConnectionsPerPeer": 1.5679438120585303, "spark.shuffle.sort.bypassMergeThreshold": 186.66692444957792, "spark.storage.memoryFraction": 0.5725710889901124, "spark.storage.memoryMapThreshold": 3.363364872722175}, "datetime": {"datetime": "2022-02-16 20:05:29", "elapsed": 4724.871138, "delta": 164.502506}}
{"target": -160.695, "params": {"spark.broadcast.blockSize": 55.26775457123819, "spark.broadcast.checksum": 0.9713796242098691, "spark.broadcast.compress": 0.3360512316005011, "spark.default.parallelism": 427.6637996564471, "spark.executor.cores": 3.67901874840687, "spark.executor.instances": 7.986018306060432, "spark.executor.memory": 3.4452203867800457, "spark.executor.memoryOverhead": 425.76823242813236, "spark.kryoserializer.buffer": 77.07829020690437, "spark.kryoserializer.buffer.max": 41.30167535415298, "spark.locality.wait": 9.834122337298554, "spark.maxRemoteBlockSizeFetchToMem": 1539298547.803018, "spark.memory.fraction": 0.7836880135397813, "spark.memory.offHeap.enabled": 0.7484450493031964, "spark.memory.offHeap.size": 526.8774540743491, "spark.memory.storageFraction": 0.5038530304651734, "spark.rdd.compress": 0.1186152942129672, "spark.reducer.maxBlocksInFlightPerAddress": 2075883269.1512208, "spark.reducer.maxReqsInFlight": 2146866472.8821697, "spark.reducer.maxSizeInFlight": 27.703539500986587, "spark.scheduler.mode": 0.059349148910744935, "spark.scheduler.revive.interval": 567.0347381917427, "spark.shuffle.compress": 0.0430160136516162, "spark.shuffle.file.buffer": 41.50562418499889, "spark.shuffle.io.numConnectionsPerPeer": 1.613227683016842, "spark.shuffle.sort.bypassMergeThreshold": 189.82522758786754, "spark.storage.memoryFraction": 0.5598299526383773, "spark.storage.memoryMapThreshold": 3.364189996885949}, "datetime": {"datetime": "2022-02-16 20:08:19", "elapsed": 4894.362539, "delta": 169.491401}}
{"target": -162.277, "params": {"spark.broadcast.blockSize": 55.75618289479657, "spark.broadcast.checksum": 0.9862425625639711, "spark.broadcast.compress": 0.33002952834493815, "spark.default.parallelism": 421.4235282854901, "spark.executor.cores": 3.630158558322727, "spark.executor.instances": 7.971321837935363, "spark.executor.memory": 3.39393750412269, "spark.executor.memoryOverhead": 430.82547800675246, "spark.kryoserializer.buffer": 75.3148076706053, "spark.kryoserializer.buffer.max": 38.42837385823327, "spark.locality.wait": 9.820331790608991, "spark.maxRemoteBlockSizeFetchToMem": 1572292015.2756903, "spark.memory.fraction": 0.7947770394642684, "spark.memory.offHeap.enabled": 0.7401670063480831, "spark.memory.offHeap.size": 527.0352488946596, "spark.memory.storageFraction": 0.518278993922803, "spark.rdd.compress": 0.12890642129739044, "spark.reducer.maxBlocksInFlightPerAddress": 2099537881.6750584, "spark.reducer.maxReqsInFlight": 2145224913.6175787, "spark.reducer.maxSizeInFlight": 27.549432781514714, "spark.scheduler.mode": 0.07696271503385431, "spark.scheduler.revive.interval": 566.6781493218691, "spark.shuffle.compress": 0.05272092549766723, "spark.shuffle.file.buffer": 41.42664355823322, "spark.shuffle.io.numConnectionsPerPeer": 1.7348441616293107, "spark.shuffle.sort.bypassMergeThreshold": 189.43597746257203, "spark.storage.memoryFraction": 0.5754135390311539, "spark.storage.memoryMapThreshold": 3.4254037708336402}, "datetime": {"datetime": "2022-02-16 20:11:09", "elapsed": 5065.195984, "delta": 170.833445}}
{"target": -161.769, "params": {"spark.broadcast.blockSize": 55.77952176623358, "spark.broadcast.checksum": 0.9795801875125493, "spark.broadcast.compress": 0.34465431560923093, "spark.default.parallelism": 423.47831089063123, "spark.executor.cores": 3.6235344014452178, "spark.executor.instances": 7.978115149743126, "spark.executor.memory": 3.509770993831316, "spark.executor.memoryOverhead": 431.85657562611516, "spark.kryoserializer.buffer": 74.62033907309859, "spark.kryoserializer.buffer.max": 38.59323759795639, "spark.locality.wait": 9.79657808781346, "spark.maxRemoteBlockSizeFetchToMem": 1548620679.6192918, "spark.memory.fraction": 0.7940724545160902, "spark.memory.offHeap.enabled": 0.754353462712323, "spark.memory.offHeap.size": 517.6957530354663, "spark.memory.storageFraction": 0.5183037298355331, "spark.rdd.compress": 0.12587811985158068, "spark.reducer.maxBlocksInFlightPerAddress": 2104243362.9964912, "spark.reducer.maxReqsInFlight": 2126577557.3751724, "spark.reducer.maxSizeInFlight": 28.055503345987763, "spark.scheduler.mode": 0.041656250441505366, "spark.scheduler.revive.interval": 573.3527786461201, "spark.shuffle.compress": 0.029568302671733982, "spark.shuffle.file.buffer": 41.555484037636, "spark.shuffle.io.numConnectionsPerPeer": 1.57931803951014, "spark.shuffle.sort.bypassMergeThreshold": 184.53601312939503, "spark.storage.memoryFraction": 0.5619763087609699, "spark.storage.memoryMapThreshold": 3.422544189950552}, "datetime": {"datetime": "2022-02-16 20:14:00", "elapsed": 5235.662738, "delta": 170.466754}}
