{"target": -257.044, "params": {"spark.broadcast.blockSize": 39.29822377408875, "spark.broadcast.checksum": 0.257297172205551, "spark.broadcast.compress": 0.7575332240388802, "spark.default.parallelism": 391.3361174534275, "spark.executor.cores": 3.9033945000617845, "spark.executor.instances": 7.228164997534503, "spark.executor.memory": 5.661603505730538, "spark.executor.memoryOverhead": 484.6329783704573, "spark.kryoserializer.buffer": 43.79859955280103, "spark.kryoserializer.buffer.max": 58.34638498457031, "spark.locality.wait": 5.774377933696437, "spark.maxRemoteBlockSizeFetchToMem": 1206833341.9732957, "spark.memory.fraction": 0.7776908837179854, "spark.memory.offHeap.enabled": 0.06238828232701567, "spark.memory.offHeap.size": 851.0766348029422, "spark.memory.storageFraction": 0.7286036958859164, "spark.rdd.compress": 0.9587480232040709, "spark.reducer.maxBlocksInFlightPerAddress": 1871473949.7673285, "spark.reducer.maxReqsInFlight": 1450455180.4657612, "spark.reducer.maxSizeInFlight": 69.26186583574585, "spark.scheduler.mode": 0.30149911543407026, "spark.scheduler.revive.interval": 726.5131411864803, "spark.shuffle.compress": 0.06895629123085847, "spark.shuffle.file.buffer": 22.979612043612697, "spark.shuffle.io.numConnectionsPerPeer": 2.7859830719261396, "spark.shuffle.sort.bypassMergeThreshold": 266.13721849415384, "spark.storage.memoryFraction": 0.6286454705385204, "spark.storage.memoryMapThreshold": 1.450500433804755}, "datetime": {"datetime": "2022-02-16 18:46:44", "elapsed": 0.0, "delta": 0.0}}
{"target": -189.39, "params": {"spark.broadcast.blockSize": 60.47493626358891, "spark.broadcast.checksum": 0.957320142051051, "spark.broadcast.compress": 0.4221912674759713, "spark.default.parallelism": 465.45738083857646, "spark.executor.cores": 3.3341409636671298, "spark.executor.instances": 7.627342028449696, "spark.executor.memory": 4.317261127721908, "spark.executor.memoryOverhead": 456.80159986277044, "spark.kryoserializer.buffer": 79.96158837616552, "spark.kryoserializer.buffer.max": 42.346074925435744, "spark.locality.wait": 8.533028907861839, "spark.maxRemoteBlockSizeFetchToMem": 1612848127.3690457, "spark.memory.fraction": 0.6648446118115001, "spark.memory.offHeap.enabled": 0.7076491382729617, "spark.memory.offHeap.size": 565.1707122983482, "spark.memory.storageFraction": 0.5462122025037833, "spark.rdd.compress": 0.27472264747670727, "spark.reducer.maxBlocksInFlightPerAddress": 2034450998.346425, "spark.reducer.maxReqsInFlight": 2032888047.0011218, "spark.reducer.maxSizeInFlight": 33.44532298424777, "spark.scheduler.mode": 0.15429045253263016, "spark.scheduler.revive.interval": 620.1313911796059, "spark.shuffle.compress": 0.2127884141165759, "spark.shuffle.file.buffer": 33.024089503687236, "spark.shuffle.io.numConnectionsPerPeer": 2.008716912790934, "spark.shuffle.sort.bypassMergeThreshold": 201.2154333277473, "spark.storage.memoryFraction": 0.527656829018932, "spark.storage.memoryMapThreshold": 3.1283706783115113}, "datetime": {"datetime": "2022-02-16 18:50:02", "elapsed": 197.931997, "delta": 197.931997}}
{"target": -253.186, "params": {"spark.broadcast.blockSize": 51.96001376442065, "spark.broadcast.checksum": 0.6805084825378126, "spark.broadcast.compress": 0.18343022293902134, "spark.default.parallelism": 230.38522783688467, "spark.executor.cores": 2.8935832537110384, "spark.executor.instances": 4.748369806345437, "spark.executor.memory": 6.584376542734217, "spark.executor.memoryOverhead": 738.216568497507, "spark.kryoserializer.buffer": 94.19686548656402, "spark.kryoserializer.buffer.max": 105.02328452309293, "spark.locality.wait": 4.8953656545277475, "spark.maxRemoteBlockSizeFetchToMem": 1603651816.66093, "spark.memory.fraction": 0.7584309833576376, "spark.memory.offHeap.enabled": 0.5157336805260002, "spark.memory.offHeap.size": 601.5074266982143, "spark.memory.storageFraction": 0.5818114764830594, "spark.rdd.compress": 0.1441088721989886, "spark.reducer.maxBlocksInFlightPerAddress": 1159472057.8099499, "spark.reducer.maxReqsInFlight": 1940342228.4430795, "spark.reducer.maxSizeInFlight": 55.6842860462893, "spark.scheduler.mode": 0.4951341920880711, "spark.scheduler.revive.interval": 900.6504646435895, "spark.shuffle.compress": 0.7483840113212661, "spark.shuffle.file.buffer": 28.569450379138217, "spark.shuffle.io.numConnectionsPerPeer": 4.27830599095094, "spark.shuffle.sort.bypassMergeThreshold": 345.5353723969525, "spark.storage.memoryFraction": 0.8848277447321811, "spark.storage.memoryMapThreshold": 1.702434979878163}, "datetime": {"datetime": "2022-02-16 18:54:24", "elapsed": 459.54037, "delta": 261.608373}}
{"target": -383.339, "params": {"spark.broadcast.blockSize": 57.48504457215875, "spark.broadcast.checksum": 0.4650296029239353, "spark.broadcast.compress": 0.012293448557373335, "spark.default.parallelism": 408.4875452992677, "spark.executor.cores": 1.159365845862481, "spark.executor.instances": 5.538229050318772, "spark.executor.memory": 6.076985814513881, "spark.executor.memoryOverhead": 854.4812175693789, "spark.kryoserializer.buffer": 126.65668120972688, "spark.kryoserializer.buffer.max": 76.31695756002932, "spark.locality.wait": 7.505631932270982, "spark.maxRemoteBlockSizeFetchToMem": 2139151628.4565015, "spark.memory.fraction": 0.5119356994545826, "spark.memory.offHeap.enabled": 0.3560215535637347, "spark.memory.offHeap.size": 735.404109297994, "spark.memory.storageFraction": 0.8257992566795984, "spark.rdd.compress": 0.7533290888071367, "spark.reducer.maxBlocksInFlightPerAddress": 1763154981.9287498, "spark.reducer.maxReqsInFlight": 1181356084.3685164, "spark.reducer.maxSizeInFlight": 47.958941949537255, "spark.scheduler.mode": 0.6191155360487308, "spark.scheduler.revive.interval": 565.5185528629338, "spark.shuffle.compress": 0.4312322030348007, "spark.shuffle.file.buffer": 19.235328556261663, "spark.shuffle.io.numConnectionsPerPeer": 1.3903676252181136, "spark.shuffle.sort.bypassMergeThreshold": 230.9972044079515, "spark.storage.memoryFraction": 0.7409659589779508, "spark.storage.memoryMapThreshold": 3.8772085335713706}, "datetime": {"datetime": "2022-02-16 19:00:56", "elapsed": 851.358996, "delta": 391.818626}}
{"target": -253.508, "params": {"spark.broadcast.blockSize": 35.424210646632545, "spark.broadcast.checksum": 0.03296387746738114, "spark.broadcast.compress": 0.590776591090982, "spark.default.parallelism": 251.29431005195585, "spark.executor.cores": 1.782242477680857, "spark.executor.instances": 6.149109087897266, "spark.executor.memory": 3.4425942263202662, "spark.executor.memoryOverhead": 622.5980631065811, "spark.kryoserializer.buffer": 96.7391712860288, "spark.kryoserializer.buffer.max": 82.63450861939793, "spark.locality.wait": 6.248107944072631, "spark.maxRemoteBlockSizeFetchToMem": 1317268616.8338938, "spark.memory.fraction": 0.8833470416532458, "spark.memory.offHeap.enabled": 0.3249693969736487, "spark.memory.offHeap.size": 953.5359917201775, "spark.memory.storageFraction": 0.650456742173549, "spark.rdd.compress": 0.4212310100977912, "spark.reducer.maxBlocksInFlightPerAddress": 1608595941.446621, "spark.reducer.maxReqsInFlight": 1359023535.4943979, "spark.reducer.maxSizeInFlight": 62.410880299913075, "spark.scheduler.mode": 0.8061612953221285, "spark.scheduler.revive.interval": 784.2549876078741, "spark.shuffle.compress": 0.5569491177959981, "spark.shuffle.file.buffer": 42.38467992420842, "spark.shuffle.io.numConnectionsPerPeer": 4.825824213315576, "spark.shuffle.sort.bypassMergeThreshold": 171.5262582356634, "spark.storage.memoryFraction": 0.778243068826344, "spark.storage.memoryMapThreshold": 2.1546951406326453}, "datetime": {"datetime": "2022-02-16 19:05:18", "elapsed": 1113.351053, "delta": 261.992057}}
{"target": -319.694, "params": {"spark.broadcast.blockSize": 45.38955097594275, "spark.broadcast.checksum": 0.5515972533654177, "spark.broadcast.compress": 0.9565340090413855, "spark.default.parallelism": 312.4552438533867, "spark.executor.cores": 2.479237887133948, "spark.executor.instances": 4.490956103491681, "spark.executor.memory": 4.854396844197495, "spark.executor.memoryOverhead": 643.2108400980769, "spark.kryoserializer.buffer": 57.475676451470136, "spark.kryoserializer.buffer.max": 125.18705390569605, "spark.locality.wait": 9.709805786221379, "spark.maxRemoteBlockSizeFetchToMem": 1897380421.111865, "spark.memory.fraction": 0.5800796861349732, "spark.memory.offHeap.enabled": 0.8831965821821373, "spark.memory.offHeap.size": 933.8159637260148, "spark.memory.storageFraction": 0.8771885900900235, "spark.rdd.compress": 0.5986809372272952, "spark.reducer.maxBlocksInFlightPerAddress": 1327194589.471766, "spark.reducer.maxReqsInFlight": 1731440016.6104755, "spark.reducer.maxSizeInFlight": 25.874358525758673, "spark.scheduler.mode": 0.8490232884034385, "spark.scheduler.revive.interval": 992.1203958842881, "spark.shuffle.compress": 0.9852481153049603, "spark.shuffle.file.buffer": 43.92142047036502, "spark.shuffle.io.numConnectionsPerPeer": 3.466170123771411, "spark.shuffle.sort.bypassMergeThreshold": 293.0901501277902, "spark.storage.memoryFraction": 0.6357636938263671, "spark.storage.memoryMapThreshold": 2.680651014467168}, "datetime": {"datetime": "2022-02-16 19:10:46", "elapsed": 1441.606143, "delta": 328.25509}}
{"target": -210.316, "params": {"spark.broadcast.blockSize": 55.88041519577577, "spark.broadcast.checksum": 0.8158382422406999, "spark.broadcast.compress": 0.2247355612208379, "spark.default.parallelism": 394.18494048165593, "spark.executor.cores": 2.7170829098444043, "spark.executor.instances": 6.703681829826145, "spark.executor.memory": 3.4981283229082507, "spark.executor.memoryOverhead": 384.0, "spark.kryoserializer.buffer": 62.476356397527894, "spark.kryoserializer.buffer.max": 32.0, "spark.locality.wait": 7.42222114314867, "spark.maxRemoteBlockSizeFetchToMem": 1417449095.3511198, "spark.memory.fraction": 0.5813448120340785, "spark.memory.offHeap.enabled": 0.5838597017738097, "spark.memory.offHeap.size": 512.0, "spark.memory.storageFraction": 0.5428544182874753, "spark.rdd.compress": 0.16250387164327973, "spark.reducer.maxBlocksInFlightPerAddress": 1783390107.4004974, "spark.reducer.maxReqsInFlight": 1838488016.8685832, "spark.reducer.maxSizeInFlight": 28.651204317071524, "spark.scheduler.mode": 0.0, "spark.scheduler.revive.interval": 502.28159817364826, "spark.shuffle.compress": 0.4260072078062001, "spark.shuffle.file.buffer": 26.668258935424564, "spark.shuffle.io.numConnectionsPerPeer": 1.256417728359065, "spark.shuffle.sort.bypassMergeThreshold": 158.42623097492714, "spark.storage.memoryFraction": 0.5, "spark.storage.memoryMapThreshold": 2.6718667550394213}, "datetime": {"datetime": "2022-02-16 19:14:25", "elapsed": 1660.704334, "delta": 219.098191}}
{"target": -161.436, "params": {"spark.broadcast.blockSize": 58.450482563728315, "spark.broadcast.checksum": 0.9634511711552654, "spark.broadcast.compress": 0.3576169021285932, "spark.default.parallelism": 432.39981458743597, "spark.executor.cores": 3.671178816630256, "spark.executor.instances": 7.778242904832671, "spark.executor.memory": 3.664921635782822, "spark.executor.memoryOverhead": 477.4893807526115, "spark.kryoserializer.buffer": 80.24142803937661, "spark.kryoserializer.buffer.max": 39.36155152841765, "spark.locality.wait": 9.034051507469714, "spark.maxRemoteBlockSizeFetchToMem": 1517565953.1244488, "spark.memory.fraction": 0.7343574311713503, "spark.memory.offHeap.enabled": 0.6900253505224647, "spark.memory.offHeap.size": 552.3149266428385, "spark.memory.storageFraction": 0.527411049757059, "spark.rdd.compress": 0.2019962285341801, "spark.reducer.maxBlocksInFlightPerAddress": 2043431623.942386, "spark.reducer.maxReqsInFlight": 2076701758.968719, "spark.reducer.maxSizeInFlight": 30.92253443166414, "spark.scheduler.mode": 0.15078139725531947, "spark.scheduler.revive.interval": 533.4092905040717, "spark.shuffle.compress": 0.14822746811952742, "spark.shuffle.file.buffer": 37.40298254770446, "spark.shuffle.io.numConnectionsPerPeer": 1.5397142402121815, "spark.shuffle.sort.bypassMergeThreshold": 195.85010206473245, "spark.storage.memoryFraction": 0.5234826148293024, "spark.storage.memoryMapThreshold": 3.258332302091769}, "datetime": {"datetime": "2022-02-16 19:17:15", "elapsed": 1830.850949, "delta": 170.146615}}
{"target": -163.866, "params": {"spark.broadcast.blockSize": 60.959433686207774, "spark.broadcast.checksum": 0.994997898070245, "spark.broadcast.compress": 0.31877754476503417, "spark.default.parallelism": 426.71285148170904, "spark.executor.cores": 3.6697772037702716, "spark.executor.instances": 7.525236316297162, "spark.executor.memory": 3.226813163963146, "spark.executor.memoryOverhead": 425.9339221933786, "spark.kryoserializer.buffer": 69.9214844895934, "spark.kryoserializer.buffer.max": 45.887320933982885, "spark.locality.wait": 9.73699441305001, "spark.maxRemoteBlockSizeFetchToMem": 1379300255.879125, "spark.memory.fraction": 0.7625617081844037, "spark.memory.offHeap.enabled": 0.7406554154730037, "spark.memory.offHeap.size": 528.9702084884727, "spark.memory.storageFraction": 0.5111784502807839, "spark.rdd.compress": 0.25168265003525325, "spark.reducer.maxBlocksInFlightPerAddress": 2031031493.6272066, "spark.reducer.maxReqsInFlight": 2117632649.321413, "spark.reducer.maxSizeInFlight": 29.33018605180113, "spark.scheduler.mode": 0.061484963152177684, "spark.scheduler.revive.interval": 524.9741648898726, "spark.shuffle.compress": 0.20258034250806847, "spark.shuffle.file.buffer": 40.699817267316014, "spark.shuffle.io.numConnectionsPerPeer": 1.0117137572645039, "spark.shuffle.sort.bypassMergeThreshold": 193.37532884822085, "spark.storage.memoryFraction": 0.5163090583619724, "spark.storage.memoryMapThreshold": 3.4982008762759733}, "datetime": {"datetime": "2022-02-16 19:20:07", "elapsed": 2003.30302, "delta": 172.452071}}
{"target": -161.801, "params": {"spark.broadcast.blockSize": 59.940017917655474, "spark.broadcast.checksum": 0.9847133956303946, "spark.broadcast.compress": 0.453146931821539, "spark.default.parallelism": 423.7438433513831, "spark.executor.cores": 3.8441958611798692, "spark.executor.instances": 7.776526523747845, "spark.executor.memory": 3.3942761642500514, "spark.executor.memoryOverhead": 493.2938829187173, "spark.kryoserializer.buffer": 88.97031803683328, "spark.kryoserializer.buffer.max": 36.348747412425105, "spark.locality.wait": 8.6023523254683, "spark.maxRemoteBlockSizeFetchToMem": 1393015791.18263, "spark.memory.fraction": 0.7910228125843967, "spark.memory.offHeap.enabled": 0.7110526212285029, "spark.memory.offHeap.size": 569.4616846223961, "spark.memory.storageFraction": 0.5162637060618602, "spark.rdd.compress": 0.2122183951466327, "spark.reducer.maxBlocksInFlightPerAddress": 2074058525.2814498, "spark.reducer.maxReqsInFlight": 2109778803.4819303, "spark.reducer.maxSizeInFlight": 30.012019803589197, "spark.scheduler.mode": 0.16432408201248916, "spark.scheduler.revive.interval": 508.58765075366966, "spark.shuffle.compress": 0.0502070436050516, "spark.shuffle.file.buffer": 38.43004750464634, "spark.shuffle.io.numConnectionsPerPeer": 1.0225013140003472, "spark.shuffle.sort.bypassMergeThreshold": 182.69892371570873, "spark.storage.memoryFraction": 0.5213513186397309, "spark.storage.memoryMapThreshold": 2.960863121321734}, "datetime": {"datetime": "2022-02-16 19:23:02", "elapsed": 2178.058321, "delta": 174.755301}}
{"target": -159.7, "params": {"spark.broadcast.blockSize": 56.685819490476455, "spark.broadcast.checksum": 0.9831198592510069, "spark.broadcast.compress": 0.36508799804198394, "spark.default.parallelism": 410.5304948657721, "spark.executor.cores": 3.736059225216556, "spark.executor.instances": 7.974700398197687, "spark.executor.memory": 3.65694504063625, "spark.executor.memoryOverhead": 470.5377885598422, "spark.kryoserializer.buffer": 76.08085366029972, "spark.kryoserializer.buffer.max": 39.27574406303297, "spark.locality.wait": 9.626240265162197, "spark.maxRemoteBlockSizeFetchToMem": 1546409488.0836406, "spark.memory.fraction": 0.7814476154492453, "spark.memory.offHeap.enabled": 0.7610127481110676, "spark.memory.offHeap.size": 540.2587278660257, "spark.memory.storageFraction": 0.5126717583844056, "spark.rdd.compress": 0.1324233550002319, "spark.reducer.maxBlocksInFlightPerAddress": 2078375010.5963106, "spark.reducer.maxReqsInFlight": 2125782238.191938, "spark.reducer.maxSizeInFlight": 28.982194039001232, "spark.scheduler.mode": 0.06376744547151474, "spark.scheduler.revive.interval": 574.8570794990321, "spark.shuffle.compress": 0.03596230927842835, "spark.shuffle.file.buffer": 39.168916655327536, "spark.shuffle.io.numConnectionsPerPeer": 1.837839545814175, "spark.shuffle.sort.bypassMergeThreshold": 196.25383863807977, "spark.storage.memoryFraction": 0.5852686066779242, "spark.storage.memoryMapThreshold": 3.3023434865555563}, "datetime": {"datetime": "2022-02-16 19:25:51", "elapsed": 2346.542314, "delta": 168.483993}}
{"target": -160.65, "params": {"spark.broadcast.blockSize": 58.26542729305449, "spark.broadcast.checksum": 0.9888948779200621, "spark.broadcast.compress": 0.3522999120518833, "spark.default.parallelism": 390.97201678945794, "spark.executor.cores": 3.979538161393699, "spark.executor.instances": 7.93229824329169, "spark.executor.memory": 3.3417004297328265, "spark.executor.memoryOverhead": 426.9681503306331, "spark.kryoserializer.buffer": 85.57715599492896, "spark.kryoserializer.buffer.max": 42.77218158816912, "spark.locality.wait": 9.88424751376554, "spark.maxRemoteBlockSizeFetchToMem": 1471920479.8696887, "spark.memory.fraction": 0.8037935709938359, "spark.memory.offHeap.enabled": 0.7728513782594839, "spark.memory.offHeap.size": 544.9221647479553, "spark.memory.storageFraction": 0.5062735883400391, "spark.rdd.compress": 0.08959909578338102, "spark.reducer.maxBlocksInFlightPerAddress": 1987205784.8224893, "spark.reducer.maxReqsInFlight": 2083926647.8962216, "spark.reducer.maxSizeInFlight": 26.90019837715158, "spark.scheduler.mode": 0.02274537995557244, "spark.scheduler.revive.interval": 530.3067846048746, "spark.shuffle.compress": 0.028172960323652498, "spark.shuffle.file.buffer": 40.51030838260721, "spark.shuffle.io.numConnectionsPerPeer": 1.5723245629372977, "spark.shuffle.sort.bypassMergeThreshold": 173.34044835246763, "spark.storage.memoryFraction": 0.5461005978893608, "spark.storage.memoryMapThreshold": 3.543294152946663}, "datetime": {"datetime": "2022-02-16 19:28:40", "elapsed": 2515.690364, "delta": 169.14805}}
{"target": -159.759, "params": {"spark.broadcast.blockSize": 55.34648296353116, "spark.broadcast.checksum": 0.9841942266908396, "spark.broadcast.compress": 0.35942010250040146, "spark.default.parallelism": 380.40602632300164, "spark.executor.cores": 3.8584263282772424, "spark.executor.instances": 7.962296810332282, "spark.executor.memory": 3.7549569387892454, "spark.executor.memoryOverhead": 419.9165097984962, "spark.kryoserializer.buffer": 67.88906962850022, "spark.kryoserializer.buffer.max": 34.92486553036015, "spark.locality.wait": 9.301914444425032, "spark.maxRemoteBlockSizeFetchToMem": 1508572459.2413166, "spark.memory.fraction": 0.7919561589650964, "spark.memory.offHeap.enabled": 0.7918328304685428, "spark.memory.offHeap.size": 514.0649361696495, "spark.memory.storageFraction": 0.508528982732587, "spark.rdd.compress": 0.08138956802976682, "spark.reducer.maxBlocksInFlightPerAddress": 2055251443.4897082, "spark.reducer.maxReqsInFlight": 2147229394.30973, "spark.reducer.maxSizeInFlight": 26.6470981571105, "spark.scheduler.mode": 0.06681885603791489, "spark.scheduler.revive.interval": 579.8896872832448, "spark.shuffle.compress": 0.026861292502462625, "spark.shuffle.file.buffer": 40.48598247061972, "spark.shuffle.io.numConnectionsPerPeer": 1.9847649972643788, "spark.shuffle.sort.bypassMergeThreshold": 202.44941887524425, "spark.storage.memoryFraction": 0.5536472654602393, "spark.storage.memoryMapThreshold": 3.2412135695738242}, "datetime": {"datetime": "2022-02-16 19:31:28", "elapsed": 2684.22381, "delta": 168.533446}}
{"target": -167.797, "params": {"spark.broadcast.blockSize": 57.68358239935666, "spark.broadcast.checksum": 0.9492094580553351, "spark.broadcast.compress": 0.28073047301632875, "spark.default.parallelism": 440.7037517205265, "spark.executor.cores": 3.936215415161716, "spark.executor.instances": 7.963759910217572, "spark.executor.memory": 3.3309512077758527, "spark.executor.memoryOverhead": 427.823067395178, "spark.kryoserializer.buffer": 71.50836490213992, "spark.kryoserializer.buffer.max": 48.42751064323518, "spark.locality.wait": 9.185982377812966, "spark.maxRemoteBlockSizeFetchToMem": 1461295319.2828138, "spark.memory.fraction": 0.8077478848094187, "spark.memory.offHeap.enabled": 0.7312906024521787, "spark.memory.offHeap.size": 521.074757510588, "spark.memory.storageFraction": 0.5071912452792903, "spark.rdd.compress": 0.10689367252040813, "spark.reducer.maxBlocksInFlightPerAddress": 2138573615.3212938, "spark.reducer.maxReqsInFlight": 2098655607.4000504, "spark.reducer.maxSizeInFlight": 30.007668210180007, "spark.scheduler.mode": 0.055023159208120086, "spark.scheduler.revive.interval": 546.413506419067, "spark.shuffle.compress": 0.030289357978821596, "spark.shuffle.file.buffer": 41.182535795270205, "spark.shuffle.io.numConnectionsPerPeer": 1.9814673297724947, "spark.shuffle.sort.bypassMergeThreshold": 183.19584432094945, "spark.storage.memoryFraction": 0.560869456101733, "spark.storage.memoryMapThreshold": 3.4888951288509427}, "datetime": {"datetime": "2022-02-16 19:34:25", "elapsed": 2860.579212, "delta": 176.355402}}
