{"target": -157.548, "params": {"spark.broadcast.blockSize": 55.58588580000036, "spark.broadcast.checksum": 0.9810540557836409, "spark.broadcast.compress": 0.34638520448332843, "spark.default.parallelism": 421.5889172604906, "spark.executor.cores": 3.638114043289478, "spark.executor.instances": 7.98939123797874, "spark.executor.memory": 3.4567176518475273, "spark.executor.memoryOverhead": 434.54984810106623, "spark.kryoserializer.buffer": 75.70198697684107, "spark.kryoserializer.buffer.max": 39.303981718646625, "spark.locality.wait": 9.810281255691846, "spark.maxRemoteBlockSizeFetchToMem": 1555232389.9719715, "spark.memory.fraction": 0.7883081152588812, "spark.memory.offHeap.enabled": 0.7493521508282478, "spark.memory.offHeap.size": 526.5939468314847, "spark.memory.storageFraction": 0.5089146124543318, "spark.rdd.compress": 0.12753920766058535, "spark.reducer.maxBlocksInFlightPerAddress": 2093984623.2035863, "spark.reducer.maxReqsInFlight": 2134977792.1658967, "spark.reducer.maxSizeInFlight": 27.721837230987255, "spark.scheduler.mode": 0.06359887034603254, "spark.scheduler.revive.interval": 573.5715875404468, "spark.shuffle.compress": 0.04118749696398262, "spark.shuffle.file.buffer": 41.17798572012659, "spark.shuffle.io.numConnectionsPerPeer": 1.682134308545784, "spark.shuffle.sort.bypassMergeThreshold": 187.62781876536386, "spark.storage.memoryFraction": 0.5686303248826494, "spark.storage.memoryMapThreshold": 3.3898650548212856}, "datetime": {"datetime": "2022-02-16 20:56:51", "elapsed": 7807.14722, "delta": 166.258307}}
{"target": -163.386, "params": {"spark.broadcast.blockSize": 55.60283317214822, "spark.broadcast.checksum": 0.9783079684117506, "spark.broadcast.compress": 0.3464053767382831, "spark.default.parallelism": 421.2218397449141, "spark.executor.cores": 3.637570314057207, "spark.executor.instances": 7.994670901862204, "spark.executor.memory": 3.470264934645226, "spark.executor.memoryOverhead": 434.54456664534416, "spark.kryoserializer.buffer": 75.70558041227085, "spark.kryoserializer.buffer.max": 39.33726273892458, "spark.locality.wait": 9.806011067937861, "spark.maxRemoteBlockSizeFetchToMem": 1556758166.8940835, "spark.memory.fraction": 0.7867672789390414, "spark.memory.offHeap.enabled": 0.7494138116934121, "spark.memory.offHeap.size": 526.2467022384708, "spark.memory.storageFraction": 0.5102704914410113, "spark.rdd.compress": 0.12752820767167283, "spark.reducer.maxBlocksInFlightPerAddress": 2090317464.690763, "spark.reducer.maxReqsInFlight": 2138719496.5676181, "spark.reducer.maxSizeInFlight": 27.734929583212534, "spark.scheduler.mode": 0.06458551455323028, "spark.scheduler.revive.interval": 575.8788489404262, "spark.shuffle.compress": 0.041381953891741305, "spark.shuffle.file.buffer": 41.264789450750534, "spark.shuffle.io.numConnectionsPerPeer": 1.6743212292071632, "spark.shuffle.sort.bypassMergeThreshold": 187.31702895146498, "spark.storage.memoryFraction": 0.5695353225066764, "spark.storage.memoryMapThreshold": 3.386610801777726}, "datetime": {"datetime": "2022-02-16 20:59:43", "elapsed": 7979.202276, "delta": 172.055056}}
{"target": -162.459, "params": {"spark.broadcast.blockSize": 55.62277867951123, "spark.broadcast.checksum": 0.9786465278398115, "spark.broadcast.compress": 0.3455270579595326, "spark.default.parallelism": 421.75280804287803, "spark.executor.cores": 3.6324069662593343, "spark.executor.instances": 7.998795434036764, "spark.executor.memory": 3.4623460301292157, "spark.executor.memoryOverhead": 434.0768952201842, "spark.kryoserializer.buffer": 75.63951257136699, "spark.kryoserializer.buffer.max": 39.45486407613867, "spark.locality.wait": 9.81499256568378, "spark.maxRemoteBlockSizeFetchToMem": 1557670796.0682197, "spark.memory.fraction": 0.7868933119484632, "spark.memory.offHeap.enabled": 0.7486302813861669, "spark.memory.offHeap.size": 525.5362708692832, "spark.memory.storageFraction": 0.5099359136334068, "spark.rdd.compress": 0.12797366224713777, "spark.reducer.maxBlocksInFlightPerAddress": 2092996183.8635304, "spark.reducer.maxReqsInFlight": 2134596105.908266, "spark.reducer.maxSizeInFlight": 27.74539179608487, "spark.scheduler.mode": 0.06476338120551026, "spark.scheduler.revive.interval": 573.8586259863495, "spark.shuffle.compress": 0.04298518541236573, "spark.shuffle.file.buffer": 41.202265637656076, "spark.shuffle.io.numConnectionsPerPeer": 1.673482728692207, "spark.shuffle.sort.bypassMergeThreshold": 187.19986465911393, "spark.storage.memoryFraction": 0.5699038534589864, "spark.storage.memoryMapThreshold": 3.380466818010767}, "datetime": {"datetime": "2022-02-16 21:02:34", "elapsed": 8150.256566, "delta": 171.05429}}
{"target": -158.561, "params": {"spark.broadcast.blockSize": 55.58732144302208, "spark.broadcast.checksum": 0.9799172102703471, "spark.broadcast.compress": 0.34414450892449877, "spark.default.parallelism": 421.6734565170661, "spark.executor.cores": 3.630474107939041, "spark.executor.instances": 7.992842224592108, "spark.executor.memory": 3.4661820381325112, "spark.executor.memoryOverhead": 435.11829378255464, "spark.kryoserializer.buffer": 75.6993520508277, "spark.kryoserializer.buffer.max": 39.4328222201515, "spark.locality.wait": 9.80703296332614, "spark.maxRemoteBlockSizeFetchToMem": 1557277290.0608592, "spark.memory.fraction": 0.7861940278686543, "spark.memory.offHeap.enabled": 0.7484368404305943, "spark.memory.offHeap.size": 525.3806082206107, "spark.memory.storageFraction": 0.510395510400621, "spark.rdd.compress": 0.12747185263940367, "spark.reducer.maxBlocksInFlightPerAddress": 2091554926.2934852, "spark.reducer.maxReqsInFlight": 2137724066.8633962, "spark.reducer.maxSizeInFlight": 27.729825021816314, "spark.scheduler.mode": 0.06278426076548657, "spark.scheduler.revive.interval": 574.9433210580296, "spark.shuffle.compress": 0.04457248401311965, "spark.shuffle.file.buffer": 41.192952315953505, "spark.shuffle.io.numConnectionsPerPeer": 1.6609759766640968, "spark.shuffle.sort.bypassMergeThreshold": 186.91072313828712, "spark.storage.memoryFraction": 0.5682363115145589, "spark.storage.memoryMapThreshold": 3.3904790341173614}, "datetime": {"datetime": "2022-02-16 21:05:22", "elapsed": 8317.592242, "delta": 167.335676}}
{"target": -158.708, "params": {"spark.broadcast.blockSize": 55.54531622840884, "spark.broadcast.checksum": 0.9790282259614342, "spark.broadcast.compress": 0.346532587322102, "spark.default.parallelism": 422.3876438366282, "spark.executor.cores": 3.632498272969278, "spark.executor.instances": 7.9974921960416125, "spark.executor.memory": 3.4576051899800144, "spark.executor.memoryOverhead": 434.34195675821894, "spark.kryoserializer.buffer": 75.63020292596006, "spark.kryoserializer.buffer.max": 39.44856999401324, "spark.locality.wait": 9.809012815018962, "spark.maxRemoteBlockSizeFetchToMem": 1557934839.936518, "spark.memory.fraction": 0.7869146112845921, "spark.memory.offHeap.enabled": 0.749380068642113, "spark.memory.offHeap.size": 525.9971217871129, "spark.memory.storageFraction": 0.5105513873877028, "spark.rdd.compress": 0.1277004301450869, "spark.reducer.maxBlocksInFlightPerAddress": 2092482006.0119934, "spark.reducer.maxReqsInFlight": 2134736596.766528, "spark.reducer.maxSizeInFlight": 27.745866337924507, "spark.scheduler.mode": 0.06524600063619308, "spark.scheduler.revive.interval": 575.7487161830289, "spark.shuffle.compress": 0.04377201648881467, "spark.shuffle.file.buffer": 41.18158597831088, "spark.shuffle.io.numConnectionsPerPeer": 1.6726904355456749, "spark.shuffle.sort.bypassMergeThreshold": 187.02857085990254, "spark.storage.memoryFraction": 0.5686632328738307, "spark.storage.memoryMapThreshold": 3.3858798743483516}, "datetime": {"datetime": "2022-02-16 21:08:09", "elapsed": 8484.941251, "delta": 167.349009}}
{"target": -157.761, "params": {"spark.broadcast.blockSize": 55.63974901651463, "spark.broadcast.checksum": 0.9787238030011043, "spark.broadcast.compress": 0.3465453722159437, "spark.default.parallelism": 422.07470968133464, "spark.executor.cores": 3.62720333463306, "spark.executor.instances": 7.989726149518949, "spark.executor.memory": 3.467251470569734, "spark.executor.memoryOverhead": 434.5104539138123, "spark.kryoserializer.buffer": 75.80354919364659, "spark.kryoserializer.buffer.max": 39.302751996659325, "spark.locality.wait": 9.80223207184007, "spark.maxRemoteBlockSizeFetchToMem": 1556647670.9663627, "spark.memory.fraction": 0.7864905845364336, "spark.memory.offHeap.enabled": 0.7481760202869312, "spark.memory.offHeap.size": 526.2193494930477, "spark.memory.storageFraction": 0.5108520062341886, "spark.rdd.compress": 0.12791640942367727, "spark.reducer.maxBlocksInFlightPerAddress": 2093504747.910374, "spark.reducer.maxReqsInFlight": 2135250855.0988476, "spark.reducer.maxSizeInFlight": 27.783410385040018, "spark.scheduler.mode": 0.0649650169215793, "spark.scheduler.revive.interval": 574.6471605782433, "spark.shuffle.compress": 0.04301698053193752, "spark.shuffle.file.buffer": 41.153532864724795, "spark.shuffle.io.numConnectionsPerPeer": 1.676148078873397, "spark.shuffle.sort.bypassMergeThreshold": 186.92988628916626, "spark.storage.memoryFraction": 0.5681457399183527, "spark.storage.memoryMapThreshold": 3.3869548766212128}, "datetime": {"datetime": "2022-02-16 21:10:56", "elapsed": 8651.355751, "delta": 166.4145}}
{"target": -152.657, "params": {"spark.broadcast.blockSize": 55.54537721080987, "spark.broadcast.checksum": 0.9763039672589078, "spark.broadcast.compress": 0.3433856572176352, "spark.default.parallelism": 420.9373951549365, "spark.executor.cores": 3.62251233290183, "spark.executor.instances": 7.987165623531443, "spark.executor.memory": 3.455439300690751, "spark.executor.memoryOverhead": 433.3889329301102, "spark.kryoserializer.buffer": 75.48403496215941, "spark.kryoserializer.buffer.max": 39.0891165326012, "spark.locality.wait": 9.793518638619677, "spark.maxRemoteBlockSizeFetchToMem": 1555086917.416448, "spark.memory.fraction": 0.7857422936706412, "spark.memory.offHeap.enabled": 0.7484099083725271, "spark.memory.offHeap.size": 524.9993064041183, "spark.memory.storageFraction": 0.5095220365428136, "spark.rdd.compress": 0.12619727191442898, "spark.reducer.maxBlocksInFlightPerAddress": 2089005683.1022365, "spark.reducer.maxReqsInFlight": 2133171410.9638517, "spark.reducer.maxSizeInFlight": 27.702598038093726, "spark.scheduler.mode": 0.06869063989391078, "spark.scheduler.revive.interval": 574.2969241904963, "spark.shuffle.compress": 0.040682288067079624, "spark.shuffle.file.buffer": 41.09814380114865, "spark.shuffle.io.numConnectionsPerPeer": 1.663170714484428, "spark.shuffle.sort.bypassMergeThreshold": 186.78139000758745, "spark.storage.memoryFraction": 0.5679104775737764, "spark.storage.memoryMapThreshold": 3.3802396049183927}, "datetime": {"datetime": "2022-02-16 21:13:37", "elapsed": 8812.624477, "delta": 161.268726}}
{"target": -154.436, "params": {"spark.broadcast.blockSize": 55.56798373010204, "spark.broadcast.checksum": 0.9762046968762854, "spark.broadcast.compress": 0.344457603718979, "spark.default.parallelism": 420.9056671448874, "spark.executor.cores": 3.621119246949649, "spark.executor.instances": 7.991639661274483, "spark.executor.memory": 3.4584720239856814, "spark.executor.memoryOverhead": 433.23350308620513, "spark.kryoserializer.buffer": 75.49754168328835, "spark.kryoserializer.buffer.max": 39.0546602547164, "spark.locality.wait": 9.791865387196873, "spark.maxRemoteBlockSizeFetchToMem": 1555238528.3401232, "spark.memory.fraction": 0.7860374702841966, "spark.memory.offHeap.enabled": 0.7485625143145506, "spark.memory.offHeap.size": 525.0876567448087, "spark.memory.storageFraction": 0.5096740926034966, "spark.rdd.compress": 0.12611343013142778, "spark.reducer.maxBlocksInFlightPerAddress": 2090608957.2033038, "spark.reducer.maxReqsInFlight": 2133531177.5669875, "spark.reducer.maxSizeInFlight": 27.716402848877507, "spark.scheduler.mode": 0.06787072423611633, "spark.scheduler.revive.interval": 574.9506947443159, "spark.shuffle.compress": 0.04032249440664675, "spark.shuffle.file.buffer": 41.126773256406636, "spark.shuffle.io.numConnectionsPerPeer": 1.6623699531343938, "spark.shuffle.sort.bypassMergeThreshold": 186.93198143450994, "spark.storage.memoryFraction": 0.5675518471137806, "spark.storage.memoryMapThreshold": 3.380516038891542}, "datetime": {"datetime": "2022-02-16 21:16:20", "elapsed": 8975.725667, "delta": 163.10119}}
