{"target": -248.528, "params": {"spark.broadcast.blockSize": 45.306311339509755, "spark.broadcast.checksum": 0.2507102934926625, "spark.broadcast.compress": 0.04909938787299373, "spark.default.parallelism": 253.4010365397259, "spark.executor.cores": 5.562996897535509, "spark.executor.instances": 8.143672576181004, "spark.executor.memory": 13.860753012044029, "spark.executor.memoryOverhead": 1213.2727430363202, "spark.kryoserializer.buffer": 126.91758246439522, "spark.kryoserializer.buffer.max": 108.25773565651167, "spark.locality.wait": 9.991187538926097, "spark.maxRemoteBlockSizeFetchToMem": 2136739732.4038572, "spark.memory.fraction": 0.7178810355819185, "spark.memory.offHeap.enabled": 0.4820496459758815, "spark.memory.offHeap.size": 858.7673971360814, "spark.memory.storageFraction": 0.615228189882771, "spark.rdd.compress": 0.015810324638832474, "spark.reducer.maxBlocksInFlightPerAddress": 1638536088.5835319, "spark.reducer.maxReqsInFlight": 1429025856.4655285, "spark.reducer.maxSizeInFlight": 41.45794652724689, "spark.scheduler.mode": 0.10878940057306252, "spark.scheduler.revive.interval": 608.2570259549038, "spark.shuffle.compress": 0.9082945178080657, "spark.shuffle.file.buffer": 39.78135552087869, "spark.shuffle.io.numConnectionsPerPeer": 3.0694186492027735, "spark.shuffle.sort.bypassMergeThreshold": 203.8001952388596, "spark.storage.memoryFraction": 0.7963939401785727, "spark.storage.memoryMapThreshold": 1.1697101099515717}, "datetime": {"datetime": "2022-02-02 14:32:30", "elapsed": 15072.608682, "delta": 257.544044}}
{"target": -255.383, "params": {"spark.broadcast.blockSize": 56.747280449503045, "spark.broadcast.checksum": 0.6024358351078453, "spark.broadcast.compress": 0.14546903800262978, "spark.default.parallelism": 432.4817413781055, "spark.executor.cores": 5.005798202317138, "spark.executor.instances": 9.052809619995443, "spark.executor.memory": 13.785004695668551, "spark.executor.memoryOverhead": 772.8280380730771, "spark.kryoserializer.buffer": 81.15882934065556, "spark.kryoserializer.buffer.max": 83.80046777556844, "spark.locality.wait": 6.961362894002425, "spark.maxRemoteBlockSizeFetchToMem": 1578772089.473692, "spark.memory.fraction": 0.8271916809771693, "spark.memory.offHeap.enabled": 0.7724306295218878, "spark.memory.offHeap.size": 794.734040491368, "spark.memory.storageFraction": 0.698774734344885, "spark.rdd.compress": 0.0027436304965858804, "spark.reducer.maxBlocksInFlightPerAddress": 1616181235.0738196, "spark.reducer.maxReqsInFlight": 2112230239.9918106, "spark.reducer.maxSizeInFlight": 61.34912000805619, "spark.scheduler.mode": 0.24741419975375634, "spark.scheduler.revive.interval": 594.6800730415905, "spark.shuffle.compress": 0.6729459621824616, "spark.shuffle.file.buffer": 37.597238257365404, "spark.shuffle.io.numConnectionsPerPeer": 1.6330859905266357, "spark.shuffle.sort.bypassMergeThreshold": 449.8622982173951, "spark.storage.memoryFraction": 0.7193525274149134, "spark.storage.memoryMapThreshold": 1.598199821505269}, "datetime": {"datetime": "2022-02-02 14:36:54", "elapsed": 15336.92933, "delta": 264.320648}}
{"target": -262.74, "params": {"spark.broadcast.blockSize": 52.220494631962744, "spark.broadcast.checksum": 0.5815893862183522, "spark.broadcast.compress": 0.4813257181258963, "spark.default.parallelism": 250.64967746190393, "spark.executor.cores": 5.675596831447448, "spark.executor.instances": 9.366325743148499, "spark.executor.memory": 13.363155109795997, "spark.executor.memoryOverhead": 393.4891837957965, "spark.kryoserializer.buffer": 102.39049773991272, "spark.kryoserializer.buffer.max": 41.237756787990264, "spark.locality.wait": 6.132843014845665, "spark.maxRemoteBlockSizeFetchToMem": 1570179800.858351, "spark.memory.fraction": 0.8234554911527234, "spark.memory.offHeap.enabled": 0.4866809573651133, "spark.memory.offHeap.size": 653.671970995824, "spark.memory.storageFraction": 0.615189654232369, "spark.rdd.compress": 0.10152667729258391, "spark.reducer.maxBlocksInFlightPerAddress": 1880445971.5300443, "spark.reducer.maxReqsInFlight": 1690814478.5444767, "spark.reducer.maxSizeInFlight": 66.01036592413438, "spark.scheduler.mode": 0.36470289965461145, "spark.scheduler.revive.interval": 719.7614903942949, "spark.shuffle.compress": 0.8341347619018904, "spark.shuffle.file.buffer": 30.071207140821855, "spark.shuffle.io.numConnectionsPerPeer": 4.188584940650783, "spark.shuffle.sort.bypassMergeThreshold": 471.0752787125907, "spark.storage.memoryFraction": 0.8665912919464807, "spark.storage.memoryMapThreshold": 2.9063748958438156}, "datetime": {"datetime": "2022-02-02 14:41:26", "elapsed": 15608.885025, "delta": 271.955695}}
{"target": -253.079, "params": {"spark.broadcast.blockSize": 28.421086721721153, "spark.broadcast.checksum": 0.5500067610232278, "spark.broadcast.compress": 0.6324937408610043, "spark.default.parallelism": 443.01399445245204, "spark.executor.cores": 6.086806104258477, "spark.executor.instances": 8.175932025931749, "spark.executor.memory": 13.846762899842659, "spark.executor.memoryOverhead": 1376.1325630828399, "spark.kryoserializer.buffer": 93.42125053310478, "spark.kryoserializer.buffer.max": 117.68131769542025, "spark.locality.wait": 9.010334056932235, "spark.maxRemoteBlockSizeFetchToMem": 2059651465.3047323, "spark.memory.fraction": 0.5077908751318488, "spark.memory.offHeap.enabled": 0.531107342560046, "spark.memory.offHeap.size": 542.5506706930328, "spark.memory.storageFraction": 0.5033030995702568, "spark.rdd.compress": 0.48122548479833005, "spark.reducer.maxBlocksInFlightPerAddress": 1641669028.0348709, "spark.reducer.maxReqsInFlight": 2022905764.2310052, "spark.reducer.maxSizeInFlight": 66.45753395091361, "spark.scheduler.mode": 0.29644096796197505, "spark.scheduler.revive.interval": 844.0064530289158, "spark.shuffle.compress": 0.9971012621715827, "spark.shuffle.file.buffer": 41.38600152176217, "spark.shuffle.io.numConnectionsPerPeer": 2.463877561531048, "spark.shuffle.sort.bypassMergeThreshold": 364.83227004572103, "spark.storage.memoryFraction": 0.7702141070296604, "spark.storage.memoryMapThreshold": 6.493464277128632}, "datetime": {"datetime": "2022-02-02 14:45:48", "elapsed": 15870.936907, "delta": 262.051882}}
{"target": -255.731, "params": {"spark.broadcast.blockSize": 24.442044310475037, "spark.broadcast.checksum": 0.47229327489577233, "spark.broadcast.compress": 0.4147969657464058, "spark.default.parallelism": 324.66765352633286, "spark.executor.cores": 4.009435030950317, "spark.executor.instances": 10.081732315183519, "spark.executor.memory": 12.699977554368985, "spark.executor.memoryOverhead": 542.0924244787125, "spark.kryoserializer.buffer": 127.6793499452243, "spark.kryoserializer.buffer.max": 47.80734590209595, "spark.locality.wait": 7.331290180253974, "spark.maxRemoteBlockSizeFetchToMem": 1838887571.8258595, "spark.memory.fraction": 0.7515531688908508, "spark.memory.offHeap.enabled": 0.37008535554925015, "spark.memory.offHeap.size": 140.76073540447146, "spark.memory.storageFraction": 0.821428679600943, "spark.rdd.compress": 0.47908391089216784, "spark.reducer.maxBlocksInFlightPerAddress": 1608089984.0098307, "spark.reducer.maxReqsInFlight": 2098949763.9732018, "spark.reducer.maxSizeInFlight": 62.415654546263724, "spark.scheduler.mode": 0.0969098681471825, "spark.scheduler.revive.interval": 547.302443075839, "spark.shuffle.compress": 0.9828199295424941, "spark.shuffle.file.buffer": 20.736924867911757, "spark.shuffle.io.numConnectionsPerPeer": 2.277125801429424, "spark.shuffle.sort.bypassMergeThreshold": 277.36190793595995, "spark.storage.memoryFraction": 0.7526326121488311, "spark.storage.memoryMapThreshold": 1.1690300338053408}, "datetime": {"datetime": "2022-02-02 14:50:13", "elapsed": 16135.578355, "delta": 264.641448}}
{"target": -254.742, "params": {"spark.broadcast.blockSize": 13.927448261846175, "spark.broadcast.checksum": 0.18466890651844903, "spark.broadcast.compress": 0.4322023732754965, "spark.default.parallelism": 278.586570160277, "spark.executor.cores": 5.210898296652044, "spark.executor.instances": 12.043286719470448, "spark.executor.memory": 13.873123693512081, "spark.executor.memoryOverhead": 957.2282028642252, "spark.kryoserializer.buffer": 94.63747635673302, "spark.kryoserializer.buffer.max": 54.06313812001429, "spark.locality.wait": 9.536004414351014, "spark.maxRemoteBlockSizeFetchToMem": 2064197086.5762143, "spark.memory.fraction": 0.6728605623834868, "spark.memory.offHeap.enabled": 0.5044726641256714, "spark.memory.offHeap.size": 990.7209557022368, "spark.memory.storageFraction": 0.6935400866229446, "spark.rdd.compress": 0.07731993600771658, "spark.reducer.maxBlocksInFlightPerAddress": 2026464758.8910944, "spark.reducer.maxReqsInFlight": 1730906050.8318954, "spark.reducer.maxSizeInFlight": 55.64784493210362, "spark.scheduler.mode": 0.09214663386180066, "spark.scheduler.revive.interval": 701.1861149090454, "spark.shuffle.compress": 0.8892894972756348, "spark.shuffle.file.buffer": 27.54823520139919, "spark.shuffle.io.numConnectionsPerPeer": 4.074878343005625, "spark.shuffle.sort.bypassMergeThreshold": 349.22603284062063, "spark.storage.memoryFraction": 0.8997853224313821, "spark.storage.memoryMapThreshold": 2.226652384380589}, "datetime": {"datetime": "2022-02-02 14:54:36", "elapsed": 16399.475582, "delta": 263.897227}}
{"target": -267.565, "params": {"spark.broadcast.blockSize": 54.55881734211728, "spark.broadcast.checksum": 0.5538827033512875, "spark.broadcast.compress": 0.04370754020008871, "spark.default.parallelism": 430.47766329813993, "spark.executor.cores": 5.413242379926501, "spark.executor.instances": 13.3928404995163, "spark.executor.memory": 12.116327320674968, "spark.executor.memoryOverhead": 403.94115692503397, "spark.kryoserializer.buffer": 72.52823708246089, "spark.kryoserializer.buffer.max": 81.13683379408803, "spark.locality.wait": 9.834677482882565, "spark.maxRemoteBlockSizeFetchToMem": 1373522773.266731, "spark.memory.fraction": 0.8677529811565784, "spark.memory.offHeap.enabled": 0.0343236803701682, "spark.memory.offHeap.size": 295.84793451640326, "spark.memory.storageFraction": 0.5818241145822558, "spark.rdd.compress": 0.015791149639291513, "spark.reducer.maxBlocksInFlightPerAddress": 1923926616.3337579, "spark.reducer.maxReqsInFlight": 1992080208.8764539, "spark.reducer.maxSizeInFlight": 62.1341293776747, "spark.scheduler.mode": 0.5302746438381455, "spark.scheduler.revive.interval": 846.9633064961848, "spark.shuffle.compress": 0.9509984271266199, "spark.shuffle.file.buffer": 47.864033557751554, "spark.shuffle.io.numConnectionsPerPeer": 2.867350650490832, "spark.shuffle.sort.bypassMergeThreshold": 454.77531769577297, "spark.storage.memoryFraction": 0.8078752537138372, "spark.storage.memoryMapThreshold": 3.6822905801045978}, "datetime": {"datetime": "2022-02-02 14:59:13", "elapsed": 16675.800131, "delta": 276.324549}}
{"target": -256.507, "params": {"spark.broadcast.blockSize": 53.07640338131247, "spark.broadcast.checksum": 0.970158692129334, "spark.broadcast.compress": 0.998632387524716, "spark.default.parallelism": 485.4776133949606, "spark.executor.cores": 6.292468897556179, "spark.executor.instances": 10.135178397369899, "spark.executor.memory": 13.940639677328424, "spark.executor.memoryOverhead": 1337.6507200030426, "spark.kryoserializer.buffer": 72.5458991459823, "spark.kryoserializer.buffer.max": 116.8526196544633, "spark.locality.wait": 9.273471512730511, "spark.maxRemoteBlockSizeFetchToMem": 1908713188.0898795, "spark.memory.fraction": 0.7941930716428658, "spark.memory.offHeap.enabled": 0.09726197008236459, "spark.memory.offHeap.size": 1010.3835951961437, "spark.memory.storageFraction": 0.6268115663371162, "spark.rdd.compress": 0.04005776679588213, "spark.reducer.maxBlocksInFlightPerAddress": 1223318777.8423166, "spark.reducer.maxReqsInFlight": 2026992668.5286465, "spark.reducer.maxSizeInFlight": 56.21613557366649, "spark.scheduler.mode": 0.1210959527193537, "spark.scheduler.revive.interval": 850.8436967202483, "spark.shuffle.compress": 0.9413433053040992, "spark.shuffle.file.buffer": 27.922954948240843, "spark.shuffle.io.numConnectionsPerPeer": 3.408468782523223, "spark.shuffle.sort.bypassMergeThreshold": 483.24326667032875, "spark.storage.memoryFraction": 0.7800837734314361, "spark.storage.memoryMapThreshold": 6.480826028824871}, "datetime": {"datetime": "2022-02-02 15:03:38", "elapsed": 16941.146466, "delta": 265.346335}}
{"target": -255.345, "params": {"spark.broadcast.blockSize": 32.29996523463214, "spark.broadcast.checksum": 0.5998508308875582, "spark.broadcast.compress": 0.27874280470372703, "spark.default.parallelism": 447.446342323033, "spark.executor.cores": 5.644833357755109, "spark.executor.instances": 8.226589278453922, "spark.executor.memory": 13.434068583527562, "spark.executor.memoryOverhead": 522.2935420916745, "spark.kryoserializer.buffer": 83.95104673503157, "spark.kryoserializer.buffer.max": 47.32639361104957, "spark.locality.wait": 9.430253491033378, "spark.maxRemoteBlockSizeFetchToMem": 1826926568.697896, "spark.memory.fraction": 0.6849014172985035, "spark.memory.offHeap.enabled": 0.8029708169798804, "spark.memory.offHeap.size": 2.6186072435643837, "spark.memory.storageFraction": 0.728518441833952, "spark.rdd.compress": 0.05615351985992367, "spark.reducer.maxBlocksInFlightPerAddress": 1906363255.603368, "spark.reducer.maxReqsInFlight": 2075654208.8835015, "spark.reducer.maxSizeInFlight": 68.02271150601501, "spark.scheduler.mode": 0.6653615372850047, "spark.scheduler.revive.interval": 682.3181563727769, "spark.shuffle.compress": 0.973387009347948, "spark.shuffle.file.buffer": 46.10939140068214, "spark.shuffle.io.numConnectionsPerPeer": 4.533834364486678, "spark.shuffle.sort.bypassMergeThreshold": 359.87384131362114, "spark.storage.memoryFraction": 0.5719319166309784, "spark.storage.memoryMapThreshold": 5.185288449187034}, "datetime": {"datetime": "2022-02-02 15:08:03", "elapsed": 17205.774182, "delta": 264.627716}}
{"target": -240.749, "params": {"spark.broadcast.blockSize": 61.51694472203109, "spark.broadcast.checksum": 0.15567351201733703, "spark.broadcast.compress": 0.34335277424687005, "spark.default.parallelism": 323.74153451569236, "spark.executor.cores": 4.845430528844507, "spark.executor.instances": 9.419110964583634, "spark.executor.memory": 13.166856315348245, "spark.executor.memoryOverhead": 427.5185689454401, "spark.kryoserializer.buffer": 110.18235949756631, "spark.kryoserializer.buffer.max": 81.82368853146164, "spark.locality.wait": 8.944919799640463, "spark.maxRemoteBlockSizeFetchToMem": 1928091915.5747738, "spark.memory.fraction": 0.8617205327830262, "spark.memory.offHeap.enabled": 0.22151753131997565, "spark.memory.offHeap.size": 198.74319892641984, "spark.memory.storageFraction": 0.8800419137187183, "spark.rdd.compress": 0.48006391516148406, "spark.reducer.maxBlocksInFlightPerAddress": 1798055421.5243702, "spark.reducer.maxReqsInFlight": 1780630789.639488, "spark.reducer.maxSizeInFlight": 65.82377784015574, "spark.scheduler.mode": 0.4935252543653963, "spark.scheduler.revive.interval": 602.195054505377, "spark.shuffle.compress": 0.9623807266905914, "spark.shuffle.file.buffer": 28.459030625130893, "spark.shuffle.io.numConnectionsPerPeer": 2.1229618665498458, "spark.shuffle.sort.bypassMergeThreshold": 456.9285471295836, "spark.storage.memoryFraction": 0.7466960397900679, "spark.storage.memoryMapThreshold": 2.145839472634574}, "datetime": {"datetime": "2022-02-02 15:12:13", "elapsed": 17455.633553, "delta": 249.859371}}
{"target": -268.864, "params": {"spark.broadcast.blockSize": 36.315898102424285, "spark.broadcast.checksum": 0.6604498888613289, "spark.broadcast.compress": 0.4299095264751932, "spark.default.parallelism": 304.0319704562013, "spark.executor.cores": 4.8354507382806595, "spark.executor.instances": 12.590631288217988, "spark.executor.memory": 13.937675463855465, "spark.executor.memoryOverhead": 867.8371790136248, "spark.kryoserializer.buffer": 119.40583299151963, "spark.kryoserializer.buffer.max": 59.31331517802496, "spark.locality.wait": 6.030363267660237, "spark.maxRemoteBlockSizeFetchToMem": 1948203077.921873, "spark.memory.fraction": 0.8221510414584746, "spark.memory.offHeap.enabled": 0.02392404658618097, "spark.memory.offHeap.size": 96.69451275291067, "spark.memory.storageFraction": 0.6480761004495761, "spark.rdd.compress": 0.3061764935523468, "spark.reducer.maxBlocksInFlightPerAddress": 1703771530.0137162, "spark.reducer.maxReqsInFlight": 1825568259.9781044, "spark.reducer.maxSizeInFlight": 48.99660638038731, "spark.scheduler.mode": 0.1024657904573062, "spark.scheduler.revive.interval": 597.7994548649012, "spark.shuffle.compress": 0.9596813930892123, "spark.shuffle.file.buffer": 47.58629787800263, "spark.shuffle.io.numConnectionsPerPeer": 4.709683365487487, "spark.shuffle.sort.bypassMergeThreshold": 367.205344483412, "spark.storage.memoryFraction": 0.7666971402457206, "spark.storage.memoryMapThreshold": 5.802082518400416}, "datetime": {"datetime": "2022-02-02 15:16:50", "elapsed": 17733.435324, "delta": 277.801771}}
{"target": -276.691, "params": {"spark.broadcast.blockSize": 28.26161587265061, "spark.broadcast.checksum": 0.8045246060051628, "spark.broadcast.compress": 0.4410544481629033, "spark.default.parallelism": 291.5563297395126, "spark.executor.cores": 5.034606385319087, "spark.executor.instances": 8.14994402092208, "spark.executor.memory": 13.506983515976792, "spark.executor.memoryOverhead": 1092.6622753124893, "spark.kryoserializer.buffer": 37.47072144392646, "spark.kryoserializer.buffer.max": 67.48618439651199, "spark.locality.wait": 8.558529292103573, "spark.maxRemoteBlockSizeFetchToMem": 1697791431.5226188, "spark.memory.fraction": 0.5541132897724229, "spark.memory.offHeap.enabled": 0.18301551117632775, "spark.memory.offHeap.size": 49.29742008553774, "spark.memory.storageFraction": 0.8269480377759321, "spark.rdd.compress": 0.07593931160218115, "spark.reducer.maxBlocksInFlightPerAddress": 1612829481.4409513, "spark.reducer.maxReqsInFlight": 1828084778.7422493, "spark.reducer.maxSizeInFlight": 61.10116269303953, "spark.scheduler.mode": 0.784650371112919, "spark.scheduler.revive.interval": 829.3862054630654, "spark.shuffle.compress": 0.8652810855337549, "spark.shuffle.file.buffer": 18.69504237086394, "spark.shuffle.io.numConnectionsPerPeer": 2.6572823468741205, "spark.shuffle.sort.bypassMergeThreshold": 477.7588675096104, "spark.storage.memoryFraction": 0.8390820688671237, "spark.storage.memoryMapThreshold": 6.764149398357041}, "datetime": {"datetime": "2022-02-02 15:21:36", "elapsed": 18018.793788, "delta": 285.358464}}
{"target": -250.994, "params": {"spark.broadcast.blockSize": 55.8369775837728, "spark.broadcast.checksum": 0.29731173597593785, "spark.broadcast.compress": 0.5655605795834637, "spark.default.parallelism": 248.73642997287695, "spark.executor.cores": 4.7900935491819885, "spark.executor.instances": 8.71033266659515, "spark.executor.memory": 11.943213580414483, "spark.executor.memoryOverhead": 1306.4293264688456, "spark.kryoserializer.buffer": 127.21066703684505, "spark.kryoserializer.buffer.max": 86.57169965739335, "spark.locality.wait": 9.260316269129968, "spark.maxRemoteBlockSizeFetchToMem": 2111975992.106285, "spark.memory.fraction": 0.6978876340987104, "spark.memory.offHeap.enabled": 0.42541573481764205, "spark.memory.offHeap.size": 433.5698227846992, "spark.memory.storageFraction": 0.7783142764081046, "spark.rdd.compress": 0.11296912901186695, "spark.reducer.maxBlocksInFlightPerAddress": 1222822691.3209443, "spark.reducer.maxReqsInFlight": 2040258334.5412521, "spark.reducer.maxSizeInFlight": 68.20708361149845, "spark.scheduler.mode": 0.5701269269427706, "spark.scheduler.revive.interval": 908.4370737811234, "spark.shuffle.compress": 0.7652448187751265, "spark.shuffle.file.buffer": 31.018051821657068, "spark.shuffle.io.numConnectionsPerPeer": 4.948223576382741, "spark.shuffle.sort.bypassMergeThreshold": 396.4462198770585, "spark.storage.memoryFraction": 0.8547016519337773, "spark.storage.memoryMapThreshold": 1.9977839454039206}, "datetime": {"datetime": "2022-02-02 15:25:55", "elapsed": 18278.488747, "delta": 259.694959}}
{"target": -257.664, "params": {"spark.broadcast.blockSize": 14.478007276898023, "spark.broadcast.checksum": 0.06863029203187665, "spark.broadcast.compress": 0.7560691887087252, "spark.default.parallelism": 361.5764592105443, "spark.executor.cores": 6.2721945017398335, "spark.executor.instances": 9.712184976684256, "spark.executor.memory": 12.834738151095289, "spark.executor.memoryOverhead": 1661.4878687392122, "spark.kryoserializer.buffer": 90.38477150985207, "spark.kryoserializer.buffer.max": 92.65989048622635, "spark.locality.wait": 7.447511407836278, "spark.maxRemoteBlockSizeFetchToMem": 2036467858.5882306, "spark.memory.fraction": 0.8359880809167011, "spark.memory.offHeap.enabled": 0.2834827484675192, "spark.memory.offHeap.size": 271.13026401042987, "spark.memory.storageFraction": 0.6111338329070237, "spark.rdd.compress": 0.8194613345787235, "spark.reducer.maxBlocksInFlightPerAddress": 1366402342.5283442, "spark.reducer.maxReqsInFlight": 2046092729.1187449, "spark.reducer.maxSizeInFlight": 67.74780996904101, "spark.scheduler.mode": 0.15783201280932224, "spark.scheduler.revive.interval": 779.1512805931607, "spark.shuffle.compress": 0.9935270103234752, "spark.shuffle.file.buffer": 30.6023264694602, "spark.shuffle.io.numConnectionsPerPeer": 4.557729145375189, "spark.shuffle.sort.bypassMergeThreshold": 384.38932390258367, "spark.storage.memoryFraction": 0.7584358949679, "spark.storage.memoryMapThreshold": 9.812887792602963}, "datetime": {"datetime": "2022-02-02 15:30:22", "elapsed": 18545.469623, "delta": 266.980876}}
