{"target": -273.917, "params": {"spark.broadcast.blockSize": 50.60670372145761, "spark.broadcast.checksum": 0.5207962395877214, "spark.broadcast.compress": 0.5087928393558072, "spark.default.parallelism": 334.0590061627829, "spark.executor.cores": 5.9457947048178745, "spark.executor.instances": 10.757424530243938, "spark.executor.memory": 13.480582972671472, "spark.executor.memoryOverhead": 1454.9786546893158, "spark.kryoserializer.buffer": 119.10748775484417, "spark.kryoserializer.buffer.max": 117.69897824598634, "spark.locality.wait": 8.59218093752153, "spark.maxRemoteBlockSizeFetchToMem": 1362887735.816228, "spark.memory.fraction": 0.84193599569796, "spark.memory.offHeap.enabled": 0.2704085728188048, "spark.memory.offHeap.size": 431.04012918019953, "spark.memory.storageFraction": 0.5923239757192199, "spark.rdd.compress": 0.3468171510972923, "spark.reducer.maxBlocksInFlightPerAddress": 1937906523.6632729, "spark.reducer.maxReqsInFlight": 1873746972.5086699, "spark.reducer.maxSizeInFlight": 68.7992860146388, "spark.scheduler.mode": 0.3670005416208667, "spark.scheduler.revive.interval": 549.5029525683167, "spark.shuffle.compress": 0.9887119164032552, "spark.shuffle.file.buffer": 45.7148493193707, "spark.shuffle.io.numConnectionsPerPeer": 4.4613846420316925, "spark.shuffle.sort.bypassMergeThreshold": 433.0408323369577, "spark.storage.memoryFraction": 0.6703011989600315, "spark.storage.memoryMapThreshold": 3.8005196978750555}, "datetime": {"datetime": "2022-02-02 13:28:45", "elapsed": 11247.947487, "delta": 283.050678}}
{"target": -249.791, "params": {"spark.broadcast.blockSize": 63.8058648911308, "spark.broadcast.checksum": 0.5555825965536916, "spark.broadcast.compress": 0.3714372184512291, "spark.default.parallelism": 499.46616395245, "spark.executor.cores": 4.3666655625122335, "spark.executor.instances": 10.84973975785388, "spark.executor.memory": 13.837437890163574, "spark.executor.memoryOverhead": 1395.5131339238883, "spark.kryoserializer.buffer": 86.73529061561986, "spark.kryoserializer.buffer.max": 69.47166042733483, "spark.locality.wait": 7.836821869084416, "spark.maxRemoteBlockSizeFetchToMem": 1491693492.8143072, "spark.memory.fraction": 0.7847900900139237, "spark.memory.offHeap.enabled": 0.2932756260764646, "spark.memory.offHeap.size": 147.86894820516227, "spark.memory.storageFraction": 0.6315604828713526, "spark.rdd.compress": 0.12484325334596957, "spark.reducer.maxBlocksInFlightPerAddress": 1274179349.0365725, "spark.reducer.maxReqsInFlight": 1731233661.1278625, "spark.reducer.maxSizeInFlight": 59.85089110035259, "spark.scheduler.mode": 0.3846045668902227, "spark.scheduler.revive.interval": 635.1901878156965, "spark.shuffle.compress": 0.9304965652427006, "spark.shuffle.file.buffer": 36.96074101809718, "spark.shuffle.io.numConnectionsPerPeer": 2.401785117070527, "spark.shuffle.sort.bypassMergeThreshold": 384.10339171366525, "spark.storage.memoryFraction": 0.567158561611685, "spark.storage.memoryMapThreshold": 2.837874593638901}, "datetime": {"datetime": "2022-02-02 13:33:04", "elapsed": 11506.775403, "delta": 258.827916}}
{"target": -259.322, "params": {"spark.broadcast.blockSize": 36.31781268309042, "spark.broadcast.checksum": 0.25161376286911186, "spark.broadcast.compress": 0.12773557498686106, "spark.default.parallelism": 336.2944389511605, "spark.executor.cores": 6.215664634545119, "spark.executor.instances": 9.212502275575108, "spark.executor.memory": 13.712345015322004, "spark.executor.memoryOverhead": 1028.5322466147354, "spark.kryoserializer.buffer": 124.73440753790442, "spark.kryoserializer.buffer.max": 86.21332091094476, "spark.locality.wait": 9.07903070061485, "spark.maxRemoteBlockSizeFetchToMem": 1760972702.2318954, "spark.memory.fraction": 0.7179351109022087, "spark.memory.offHeap.enabled": 0.30817847321773006, "spark.memory.offHeap.size": 335.9498112469223, "spark.memory.storageFraction": 0.665462157654708, "spark.rdd.compress": 0.043356864218258684, "spark.reducer.maxBlocksInFlightPerAddress": 1475931057.0180383, "spark.reducer.maxReqsInFlight": 2078797785.011411, "spark.reducer.maxSizeInFlight": 43.99551296944844, "spark.scheduler.mode": 0.9510216486904812, "spark.scheduler.revive.interval": 587.1988333907323, "spark.shuffle.compress": 0.8972463833961654, "spark.shuffle.file.buffer": 37.928417791605554, "spark.shuffle.io.numConnectionsPerPeer": 4.195157478960481, "spark.shuffle.sort.bypassMergeThreshold": 200.49871539047865, "spark.storage.memoryFraction": 0.7631300730020867, "spark.storage.memoryMapThreshold": 5.304005889010172}, "datetime": {"datetime": "2022-02-02 13:37:32", "elapsed": 11775.53328, "delta": 268.757877}}
{"target": -284.352, "params": {"spark.broadcast.blockSize": 45.943511987460354, "spark.broadcast.checksum": 0.06299756645327925, "spark.broadcast.compress": 0.10900903584939814, "spark.default.parallelism": 368.4057048267191, "spark.executor.cores": 4.646807108909698, "spark.executor.instances": 11.28873328921628, "spark.executor.memory": 13.099838165855706, "spark.executor.memoryOverhead": 949.6622468442682, "spark.kryoserializer.buffer": 109.19022383498263, "spark.kryoserializer.buffer.max": 47.297644576784094, "spark.locality.wait": 9.596181084429702, "spark.maxRemoteBlockSizeFetchToMem": 2002782045.6022248, "spark.memory.fraction": 0.6876824360360981, "spark.memory.offHeap.enabled": 0.6186371381929645, "spark.memory.offHeap.size": 749.5981548241152, "spark.memory.storageFraction": 0.5600296071900146, "spark.rdd.compress": 0.348979969888923, "spark.reducer.maxBlocksInFlightPerAddress": 1565053702.9612565, "spark.reducer.maxReqsInFlight": 1928324626.5119677, "spark.reducer.maxSizeInFlight": 71.39117558871752, "spark.scheduler.mode": 0.45232763487381034, "spark.scheduler.revive.interval": 615.8323763677768, "spark.shuffle.compress": 0.9714555409260183, "spark.shuffle.file.buffer": 37.30884453259958, "spark.shuffle.io.numConnectionsPerPeer": 4.294695498974699, "spark.shuffle.sort.bypassMergeThreshold": 303.3914663117021, "spark.storage.memoryFraction": 0.6357026421819032, "spark.storage.memoryMapThreshold": 9.022390310169119}, "datetime": {"datetime": "2022-02-02 13:42:26", "elapsed": 12068.796387, "delta": 293.263107}}
{"target": -253.055, "params": {"spark.broadcast.blockSize": 47.91370559553705, "spark.broadcast.checksum": 0.7488349803677506, "spark.broadcast.compress": 0.005953559302692035, "spark.default.parallelism": 278.5988443356742, "spark.executor.cores": 6.060089024803733, "spark.executor.instances": 12.42404229078867, "spark.executor.memory": 13.710833078938816, "spark.executor.memoryOverhead": 1341.574613369029, "spark.kryoserializer.buffer": 74.47989354778407, "spark.kryoserializer.buffer.max": 83.90236352750364, "spark.locality.wait": 6.295297173098928, "spark.maxRemoteBlockSizeFetchToMem": 2003615366.8933277, "spark.memory.fraction": 0.5284687325874505, "spark.memory.offHeap.enabled": 0.17944504157155994, "spark.memory.offHeap.size": 812.6244123432518, "spark.memory.storageFraction": 0.7462408725608768, "spark.rdd.compress": 0.178951664386103, "spark.reducer.maxBlocksInFlightPerAddress": 1902501396.9302545, "spark.reducer.maxReqsInFlight": 2093510344.6858802, "spark.reducer.maxSizeInFlight": 69.1804748491772, "spark.scheduler.mode": 0.01108579513711172, "spark.scheduler.revive.interval": 769.0527695898918, "spark.shuffle.compress": 0.896582381647393, "spark.shuffle.file.buffer": 40.630676116104866, "spark.shuffle.io.numConnectionsPerPeer": 4.817104202229917, "spark.shuffle.sort.bypassMergeThreshold": 448.5056386083704, "spark.storage.memoryFraction": 0.880251692671626, "spark.storage.memoryMapThreshold": 6.311586212696751}, "datetime": {"datetime": "2022-02-02 13:46:48", "elapsed": 12330.897609, "delta": 262.101222}}
{"target": -324.666, "params": {"spark.broadcast.blockSize": 60.63136103153944, "spark.broadcast.checksum": 0.8679514909353897, "spark.broadcast.compress": 0.41273449802694906, "spark.default.parallelism": 362.86518381800136, "spark.executor.cores": 5.700600961639403, "spark.executor.instances": 13.904233660518178, "spark.executor.memory": 13.675266197877548, "spark.executor.memoryOverhead": 1378.3175034731175, "spark.kryoserializer.buffer": 96.30049506241576, "spark.kryoserializer.buffer.max": 67.41953732774238, "spark.locality.wait": 6.985783401142529, "spark.maxRemoteBlockSizeFetchToMem": 2013504192.189518, "spark.memory.fraction": 0.5439295676744175, "spark.memory.offHeap.enabled": 0.34919144798239554, "spark.memory.offHeap.size": 105.41945301695432, "spark.memory.storageFraction": 0.8116339819281377, "spark.rdd.compress": 0.5017929374338309, "spark.reducer.maxBlocksInFlightPerAddress": 1494203500.2561593, "spark.reducer.maxReqsInFlight": 1740396447.0398164, "spark.reducer.maxSizeInFlight": 64.5530751351256, "spark.scheduler.mode": 0.5584006275015834, "spark.scheduler.revive.interval": 558.5615109974779, "spark.shuffle.compress": 0.46520262583738226, "spark.shuffle.file.buffer": 23.819579895394288, "spark.shuffle.io.numConnectionsPerPeer": 3.8446706511307105, "spark.shuffle.sort.bypassMergeThreshold": 470.8148894048853, "spark.storage.memoryFraction": 0.8255037788712636, "spark.storage.memoryMapThreshold": 2.7569350576671323}, "datetime": {"datetime": "2022-02-02 13:52:22", "elapsed": 12664.566785, "delta": 333.669176}}
{"target": -259.067, "params": {"spark.broadcast.blockSize": 57.187538603682974, "spark.broadcast.checksum": 0.40449721757910184, "spark.broadcast.compress": 0.16170925375194378, "spark.default.parallelism": 315.76923716851593, "spark.executor.cores": 6.763383178002327, "spark.executor.instances": 10.500399836953843, "spark.executor.memory": 12.813292058832662, "spark.executor.memoryOverhead": 1392.3737968474693, "spark.kryoserializer.buffer": 70.54912235584754, "spark.kryoserializer.buffer.max": 87.9605192551149, "spark.locality.wait": 9.108569582875173, "spark.maxRemoteBlockSizeFetchToMem": 2014206046.9630537, "spark.memory.fraction": 0.7742020913727785, "spark.memory.offHeap.enabled": 0.9890382696657684, "spark.memory.offHeap.size": 331.71818537331444, "spark.memory.storageFraction": 0.5306216160776245, "spark.rdd.compress": 0.044955668437399066, "spark.reducer.maxBlocksInFlightPerAddress": 1337745316.2607508, "spark.reducer.maxReqsInFlight": 1944296642.4215813, "spark.reducer.maxSizeInFlight": 68.95594393281277, "spark.scheduler.mode": 0.6533885477331447, "spark.scheduler.revive.interval": 554.907492452154, "spark.shuffle.compress": 0.9255026216896967, "spark.shuffle.file.buffer": 23.97376965000617, "spark.shuffle.io.numConnectionsPerPeer": 4.061273933789083, "spark.shuffle.sort.bypassMergeThreshold": 496.49655814505996, "spark.storage.memoryFraction": 0.6010855136772266, "spark.storage.memoryMapThreshold": 3.07311071987135}, "datetime": {"datetime": "2022-02-02 13:56:50", "elapsed": 12932.615274, "delta": 268.048489}}
{"target": -254.944, "params": {"spark.broadcast.blockSize": 57.22575927611061, "spark.broadcast.checksum": 0.7516402736453666, "spark.broadcast.compress": 0.15363959987142117, "spark.default.parallelism": 342.56609424243953, "spark.executor.cores": 5.887661339953406, "spark.executor.instances": 9.035160013474155, "spark.executor.memory": 13.93606024156961, "spark.executor.memoryOverhead": 1114.369052667008, "spark.kryoserializer.buffer": 68.13881984067385, "spark.kryoserializer.buffer.max": 88.12759250482466, "spark.locality.wait": 5.801731928025934, "spark.maxRemoteBlockSizeFetchToMem": 1973375787.3272202, "spark.memory.fraction": 0.751933000189797, "spark.memory.offHeap.enabled": 0.14972387579304824, "spark.memory.offHeap.size": 287.88252812682606, "spark.memory.storageFraction": 0.8858816602311315, "spark.rdd.compress": 0.3766179090062609, "spark.reducer.maxBlocksInFlightPerAddress": 1618727820.1154666, "spark.reducer.maxReqsInFlight": 1895075826.8302574, "spark.reducer.maxSizeInFlight": 56.468233160331174, "spark.scheduler.mode": 0.19583774775173457, "spark.scheduler.revive.interval": 891.622884543768, "spark.shuffle.compress": 0.9827681040447395, "spark.shuffle.file.buffer": 36.280185405127256, "spark.shuffle.io.numConnectionsPerPeer": 2.356937671691424, "spark.shuffle.sort.bypassMergeThreshold": 475.8315306907407, "spark.storage.memoryFraction": 0.6880764949527263, "spark.storage.memoryMapThreshold": 4.651203384153798}, "datetime": {"datetime": "2022-02-02 14:01:13", "elapsed": 13196.26627, "delta": 263.650996}}
{"target": -256.071, "params": {"spark.broadcast.blockSize": 23.71811352051515, "spark.broadcast.checksum": 0.35159304368077726, "spark.broadcast.compress": 0.10826299613081647, "spark.default.parallelism": 213.33468025929974, "spark.executor.cores": 4.5821987802926785, "spark.executor.instances": 9.05395218818909, "spark.executor.memory": 13.106713353711427, "spark.executor.memoryOverhead": 858.0704192117801, "spark.kryoserializer.buffer": 113.69449449337526, "spark.kryoserializer.buffer.max": 48.11709042432108, "spark.locality.wait": 8.563952783833447, "spark.maxRemoteBlockSizeFetchToMem": 2038894821.5472896, "spark.memory.fraction": 0.8698849239182727, "spark.memory.offHeap.enabled": 0.27816191283728764, "spark.memory.offHeap.size": 464.70653254743627, "spark.memory.storageFraction": 0.5262189150785714, "spark.rdd.compress": 0.30812012089809515, "spark.reducer.maxBlocksInFlightPerAddress": 1826397071.9901752, "spark.reducer.maxReqsInFlight": 1680140298.3407702, "spark.reducer.maxSizeInFlight": 59.525179804203454, "spark.scheduler.mode": 0.4418572829350714, "spark.scheduler.revive.interval": 526.3687716981735, "spark.shuffle.compress": 0.6634284434718271, "spark.shuffle.file.buffer": 32.34026143164447, "spark.shuffle.io.numConnectionsPerPeer": 3.8905217909493914, "spark.shuffle.sort.bypassMergeThreshold": 446.7196144094127, "spark.storage.memoryFraction": 0.7374173771460895, "spark.storage.memoryMapThreshold": 3.2767603709996287}, "datetime": {"datetime": "2022-02-02 14:05:38", "elapsed": 13461.187782, "delta": 264.921512}}
{"target": -255.422, "params": {"spark.broadcast.blockSize": 38.057945194228346, "spark.broadcast.checksum": 0.10956527443129549, "spark.broadcast.compress": 0.46655754443808484, "spark.default.parallelism": 480.31691487123436, "spark.executor.cores": 6.481807436780024, "spark.executor.instances": 9.169529650937603, "spark.executor.memory": 13.472761263553362, "spark.executor.memoryOverhead": 1683.283077633863, "spark.kryoserializer.buffer": 50.88340641480687, "spark.kryoserializer.buffer.max": 96.52506063418988, "spark.locality.wait": 9.499039761511561, "spark.maxRemoteBlockSizeFetchToMem": 1836867578.7841556, "spark.memory.fraction": 0.8681711440045412, "spark.memory.offHeap.enabled": 0.26577848172571683, "spark.memory.offHeap.size": 438.78924619632755, "spark.memory.storageFraction": 0.6360768906333152, "spark.rdd.compress": 0.010996824023897234, "spark.reducer.maxBlocksInFlightPerAddress": 1225083609.1698747, "spark.reducer.maxReqsInFlight": 1826740215.1875708, "spark.reducer.maxSizeInFlight": 52.63417430925245, "spark.scheduler.mode": 0.459441334195159, "spark.scheduler.revive.interval": 594.3941440449015, "spark.shuffle.compress": 0.7020964472914846, "spark.shuffle.file.buffer": 37.619389674296826, "spark.shuffle.io.numConnectionsPerPeer": 3.145257558302202, "spark.shuffle.sort.bypassMergeThreshold": 383.5316661926936, "spark.storage.memoryFraction": 0.8522823926497178, "spark.storage.memoryMapThreshold": 4.850911055739321}, "datetime": {"datetime": "2022-02-02 14:10:02", "elapsed": 13725.497907, "delta": 264.310125}}
{"target": -256.783, "params": {"spark.broadcast.blockSize": 46.85189326822887, "spark.broadcast.checksum": 0.044349360700866036, "spark.broadcast.compress": 0.9616474813215089, "spark.default.parallelism": 310.02394805042087, "spark.executor.cores": 6.09951799561184, "spark.executor.instances": 8.166931068428626, "spark.executor.memory": 11.409470863647105, "spark.executor.memoryOverhead": 1176.7929591310628, "spark.kryoserializer.buffer": 83.58408058038933, "spark.kryoserializer.buffer.max": 47.74889466234072, "spark.locality.wait": 8.87277065562473, "spark.maxRemoteBlockSizeFetchToMem": 2120436645.9824414, "spark.memory.fraction": 0.6505691288936754, "spark.memory.offHeap.enabled": 0.022533815765560017, "spark.memory.offHeap.size": 385.65623209397415, "spark.memory.storageFraction": 0.8255760807692454, "spark.rdd.compress": 0.09785506246025999, "spark.reducer.maxBlocksInFlightPerAddress": 1860168337.7821798, "spark.reducer.maxReqsInFlight": 1830755747.0593987, "spark.reducer.maxSizeInFlight": 56.0519412301347, "spark.scheduler.mode": 0.5227966469355335, "spark.scheduler.revive.interval": 519.6800948367918, "spark.shuffle.compress": 0.9677384084107654, "spark.shuffle.file.buffer": 36.46268831169469, "spark.shuffle.io.numConnectionsPerPeer": 2.4741504014044526, "spark.shuffle.sort.bypassMergeThreshold": 473.13608445575517, "spark.storage.memoryFraction": 0.794276620773875, "spark.storage.memoryMapThreshold": 2.4076900520251248}, "datetime": {"datetime": "2022-02-02 14:14:28", "elapsed": 13991.306843, "delta": 265.808936}}
{"target": -263.8, "params": {"spark.broadcast.blockSize": 18.164815677336993, "spark.broadcast.checksum": 0.42789199718594306, "spark.broadcast.compress": 0.06463724499746726, "spark.default.parallelism": 496.83830328305476, "spark.executor.cores": 5.936091327285093, "spark.executor.instances": 11.67791174744158, "spark.executor.memory": 13.157501713172282, "spark.executor.memoryOverhead": 1628.1970269737137, "spark.kryoserializer.buffer": 77.79981986194687, "spark.kryoserializer.buffer.max": 117.1364737534481, "spark.locality.wait": 8.887592567127932, "spark.maxRemoteBlockSizeFetchToMem": 1782405605.5988595, "spark.memory.fraction": 0.7472093095714127, "spark.memory.offHeap.enabled": 0.21299627016488787, "spark.memory.offHeap.size": 733.8420531450258, "spark.memory.storageFraction": 0.6548431127544037, "spark.rdd.compress": 0.3075982668495124, "spark.reducer.maxBlocksInFlightPerAddress": 1098896661.0357506, "spark.reducer.maxReqsInFlight": 2072165248.7706685, "spark.reducer.maxSizeInFlight": 57.557199414885865, "spark.scheduler.mode": 0.07404969986111631, "spark.scheduler.revive.interval": 558.2513016571002, "spark.shuffle.compress": 0.9508035944298778, "spark.shuffle.file.buffer": 31.662184748259943, "spark.shuffle.io.numConnectionsPerPeer": 3.341846419840956, "spark.shuffle.sort.bypassMergeThreshold": 363.7913895229492, "spark.storage.memoryFraction": 0.6513931372312532, "spark.storage.memoryMapThreshold": 3.0474351964579167}, "datetime": {"datetime": "2022-02-02 14:19:01", "elapsed": 14264.116454, "delta": 272.809611}}
{"target": -271.503, "params": {"spark.broadcast.blockSize": 49.41248435104469, "spark.broadcast.checksum": 0.003287245634318592, "spark.broadcast.compress": 0.2800747692496328, "spark.default.parallelism": 236.20010059295117, "spark.executor.cores": 4.817955145679137, "spark.executor.instances": 9.735108126696282, "spark.executor.memory": 12.278839782129378, "spark.executor.memoryOverhead": 504.2532173760827, "spark.kryoserializer.buffer": 108.8233649869142, "spark.kryoserializer.buffer.max": 115.93547652889832, "spark.locality.wait": 9.562236881291682, "spark.maxRemoteBlockSizeFetchToMem": 1692084947.8606236, "spark.memory.fraction": 0.8818016558891921, "spark.memory.offHeap.enabled": 0.7790804400776399, "spark.memory.offHeap.size": 401.71597726615744, "spark.memory.storageFraction": 0.7653331455453121, "spark.rdd.compress": 0.02592634096876345, "spark.reducer.maxBlocksInFlightPerAddress": 1430044899.3495333, "spark.reducer.maxReqsInFlight": 1842363353.934451, "spark.reducer.maxSizeInFlight": 68.55967224845313, "spark.scheduler.mode": 0.8451014009065487, "spark.scheduler.revive.interval": 803.9503624094023, "spark.shuffle.compress": 0.9417911143052524, "spark.shuffle.file.buffer": 22.82610647297619, "spark.shuffle.io.numConnectionsPerPeer": 4.735512065904259, "spark.shuffle.sort.bypassMergeThreshold": 445.3558143050414, "spark.storage.memoryFraction": 0.7311268066258793, "spark.storage.memoryMapThreshold": 2.3745914084157453}, "datetime": {"datetime": "2022-02-02 14:23:42", "elapsed": 14544.77683, "delta": 280.660376}}
{"target": -261.552, "params": {"spark.broadcast.blockSize": 53.357416609975765, "spark.broadcast.checksum": 0.2841925450575883, "spark.broadcast.compress": 0.12215564678291879, "spark.default.parallelism": 476.3636765150222, "spark.executor.cores": 5.218348296909163, "spark.executor.instances": 11.937083946216124, "spark.executor.memory": 13.304944926159816, "spark.executor.memoryOverhead": 422.6865147972186, "spark.kryoserializer.buffer": 60.498192175815866, "spark.kryoserializer.buffer.max": 75.18979976237041, "spark.locality.wait": 6.045639229986147, "spark.maxRemoteBlockSizeFetchToMem": 2002719125.1485808, "spark.memory.fraction": 0.8862830945800867, "spark.memory.offHeap.enabled": 0.9171244744042362, "spark.memory.offHeap.size": 227.70375669076748, "spark.memory.storageFraction": 0.6861771541170658, "spark.rdd.compress": 0.2931458655230388, "spark.reducer.maxBlocksInFlightPerAddress": 2050019179.7146955, "spark.reducer.maxReqsInFlight": 2097498120.840116, "spark.reducer.maxSizeInFlight": 53.28127116162378, "spark.scheduler.mode": 0.6569723138466526, "spark.scheduler.revive.interval": 627.47639977474, "spark.shuffle.compress": 0.8096808311955661, "spark.shuffle.file.buffer": 33.82059483052694, "spark.shuffle.io.numConnectionsPerPeer": 1.6451908175389005, "spark.shuffle.sort.bypassMergeThreshold": 486.70038542056875, "spark.storage.memoryFraction": 0.7439590525288646, "spark.storage.memoryMapThreshold": 4.549758866232942}, "datetime": {"datetime": "2022-02-02 14:28:12", "elapsed": 14815.064638, "delta": 270.287808}}
