{"target": -250.236, "params": {"spark.broadcast.blockSize": 39.86148598328253, "spark.broadcast.checksum": 0.017195209843277454, "spark.broadcast.compress": 0.1360791228587348, "spark.default.parallelism": 303.3313264314478, "spark.executor.cores": 5.615170399503528, "spark.executor.instances": 12.119427278720146, "spark.executor.memory": 12.645452643487564, "spark.executor.memoryOverhead": 530.4814954894366, "spark.kryoserializer.buffer": 125.39995324395913, "spark.kryoserializer.buffer.max": 54.02476637150325, "spark.locality.wait": 6.2324450629604975, "spark.maxRemoteBlockSizeFetchToMem": 1729716802.202468, "spark.memory.fraction": 0.8555669467846669, "spark.memory.offHeap.enabled": 0.4719778625947828, "spark.memory.offHeap.size": 400.60214844567747, "spark.memory.storageFraction": 0.7643393650826897, "spark.rdd.compress": 0.25335054419864733, "spark.reducer.maxBlocksInFlightPerAddress": 2006096645.4684, "spark.reducer.maxReqsInFlight": 1543923229.2328126, "spark.reducer.maxSizeInFlight": 68.28143211072744, "spark.scheduler.mode": 0.3280657781645488, "spark.scheduler.revive.interval": 720.4239744700158, "spark.shuffle.compress": 0.9203452497621697, "spark.shuffle.file.buffer": 36.67750377237111, "spark.shuffle.io.numConnectionsPerPeer": 4.124991897946304, "spark.shuffle.sort.bypassMergeThreshold": 487.65749371019587, "spark.storage.memoryFraction": 0.6151354784875299, "spark.storage.memoryMapThreshold": 1.8237318887740521}, "datetime": {"datetime": "2022-02-02 10:21:17", "elapsed": 0.0, "delta": 0.0}}
{"target": -285.519, "params": {"spark.broadcast.blockSize": 25.85907762233839, "spark.broadcast.checksum": 0.7510306929380599, "spark.broadcast.compress": 0.4678554893466865, "spark.default.parallelism": 466.97869414681725, "spark.executor.cores": 4.074737543291308, "spark.executor.instances": 10.828758236430058, "spark.executor.memory": 11.103449783755812, "spark.executor.memoryOverhead": 1379.0918596091847, "spark.kryoserializer.buffer": 52.98190535082127, "spark.kryoserializer.buffer.max": 103.22566326816724, "spark.locality.wait": 8.2300032565068, "spark.maxRemoteBlockSizeFetchToMem": 1385629469.2847993, "spark.memory.fraction": 0.591086963702259, "spark.memory.offHeap.enabled": 0.6972388970552008, "spark.memory.offHeap.size": 91.01055995866164, "spark.memory.storageFraction": 0.7947142102543738, "spark.rdd.compress": 0.01706520680169334, "spark.reducer.maxBlocksInFlightPerAddress": 1752981670.6233993, "spark.reducer.maxReqsInFlight": 2131798358.0807288, "spark.reducer.maxSizeInFlight": 55.01716761052366, "spark.scheduler.mode": 0.6043865233004526, "spark.scheduler.revive.interval": 867.5046225024166, "spark.shuffle.compress": 0.3274632139785256, "spark.shuffle.file.buffer": 18.61972033147363, "spark.shuffle.io.numConnectionsPerPeer": 1.3868806287333184, "spark.shuffle.sort.bypassMergeThreshold": 394.5955735615454, "spark.storage.memoryFraction": 0.7550857996150255, "spark.storage.memoryMapThreshold": 7.4852983018814525}, "datetime": {"datetime": "2022-02-02 10:26:11", "elapsed": 294.220349, "delta": 294.220349}}
{"target": -378.466, "params": {"spark.broadcast.blockSize": 62.482761024672335, "spark.broadcast.checksum": 0.9557040454976435, "spark.broadcast.compress": 0.26359098187462776, "spark.default.parallelism": 431.64789515887105, "spark.executor.cores": 4.558219125093221, "spark.executor.instances": 11.672274924792253, "spark.executor.memory": 10.836693042313176, "spark.executor.memoryOverhead": 937.1632694314122, "spark.kryoserializer.buffer": 68.21022557297457, "spark.kryoserializer.buffer.max": 124.16089961848724, "spark.locality.wait": 3.0383915546590363, "spark.maxRemoteBlockSizeFetchToMem": 1478354332.4581146, "spark.memory.fraction": 0.7906536777543585, "spark.memory.offHeap.enabled": 0.25499884041924603, "spark.memory.offHeap.size": 268.21804772146993, "spark.memory.storageFraction": 0.555926753397126, "spark.rdd.compress": 0.9609424828071464, "spark.reducer.maxBlocksInFlightPerAddress": 1373940570.7105832, "spark.reducer.maxReqsInFlight": 1277946572.7797205, "spark.reducer.maxSizeInFlight": 32.00017598363076, "spark.scheduler.mode": 0.7804072521442441, "spark.scheduler.revive.interval": 761.4801844151245, "spark.shuffle.compress": 0.0290654538229765, "spark.shuffle.file.buffer": 44.232846519400766, "spark.shuffle.io.numConnectionsPerPeer": 3.5142079604209027, "spark.shuffle.sort.bypassMergeThreshold": 104.62686692735133, "spark.storage.memoryFraction": 0.8332811476140027, "spark.storage.memoryMapThreshold": 3.134581199360325}, "datetime": {"datetime": "2022-02-02 10:32:38", "elapsed": 681.542061, "delta": 387.321712}}
{"target": -328.628, "params": {"spark.broadcast.blockSize": 48.380571923337335, "spark.broadcast.checksum": 0.6183561963240949, "spark.broadcast.compress": 0.9121149228177566, "spark.default.parallelism": 265.5235146267662, "spark.executor.cores": 6.433916926652755, "spark.executor.instances": 9.229891852395163, "spark.executor.memory": 9.857591913065564, "spark.executor.memoryOverhead": 1241.185402905328, "spark.kryoserializer.buffer": 39.60154323797552, "spark.kryoserializer.buffer.max": 36.08185166056043, "spark.locality.wait": 5.3961925192320415, "spark.maxRemoteBlockSizeFetchToMem": 2079599097.271387, "spark.memory.fraction": 0.5665781229921173, "spark.memory.offHeap.enabled": 0.9343380325139031, "spark.memory.offHeap.size": 601.6639684124086, "spark.memory.storageFraction": 0.8682884159262416, "spark.rdd.compress": 0.7479991205246529, "spark.reducer.maxBlocksInFlightPerAddress": 1433050580.9775367, "spark.reducer.maxReqsInFlight": 1854913618.5788603, "spark.reducer.maxSizeInFlight": 31.293981847590796, "spark.scheduler.mode": 0.9645418708707086, "spark.scheduler.revive.interval": 635.0817431625655, "spark.shuffle.compress": 0.7080405727269901, "spark.shuffle.file.buffer": 25.24663301510962, "spark.shuffle.io.numConnectionsPerPeer": 2.139992347765652, "spark.shuffle.sort.bypassMergeThreshold": 350.5538132668173, "spark.storage.memoryFraction": 0.6701310652949963, "spark.storage.memoryMapThreshold": 4.551204839392637}, "datetime": {"datetime": "2022-02-02 10:38:16", "elapsed": 1018.693908, "delta": 337.151847}}
{"target": -260.255, "params": {"spark.broadcast.blockSize": 16.17153551119518, "spark.broadcast.checksum": 0.4178928839616154, "spark.broadcast.compress": 0.5199709701937666, "spark.default.parallelism": 375.27170014374644, "spark.executor.cores": 5.0655068066339455, "spark.executor.instances": 8.327043683613814, "spark.executor.memory": 13.938409329779684, "spark.executor.memoryOverhead": 1705.7421211013511, "spark.kryoserializer.buffer": 82.7824619035792, "spark.kryoserializer.buffer.max": 75.51748204555392, "spark.locality.wait": 9.100786458358337, "spark.maxRemoteBlockSizeFetchToMem": 1967652593.1577342, "spark.memory.fraction": 0.6843667732413428, "spark.memory.offHeap.enabled": 0.051391180043047505, "spark.memory.offHeap.size": 1001.1212571470751, "spark.memory.storageFraction": 0.6066422466021618, "spark.rdd.compress": 0.4764175503864413, "spark.reducer.maxBlocksInFlightPerAddress": 1187145483.7147427, "spark.reducer.maxReqsInFlight": 1773541980.2499251, "spark.reducer.maxSizeInFlight": 63.19442743682947, "spark.scheduler.mode": 0.15631707390011976, "spark.scheduler.revive.interval": 516.2119747420002, "spark.shuffle.compress": 0.6437113274312106, "spark.shuffle.file.buffer": 41.14684420757136, "spark.shuffle.io.numConnectionsPerPeer": 2.8776032934565654, "spark.shuffle.sort.bypassMergeThreshold": 229.65743047092957, "spark.storage.memoryFraction": 0.8351221742606847, "spark.storage.memoryMapThreshold": 9.808693398570584}, "datetime": {"datetime": "2022-02-02 10:42:45", "elapsed": 1287.778447, "delta": 269.084539}}
{"target": -1024.803, "params": {"spark.broadcast.blockSize": 6.568095173097824, "spark.broadcast.checksum": 0.30356990951092666, "spark.broadcast.compress": 0.8310415491250456, "spark.default.parallelism": 233.1739012113345, "spark.executor.cores": 6.950187403619691, "spark.executor.instances": 13.90445598880941, "spark.executor.memory": 8.173336963534302, "spark.executor.memoryOverhead": 806.1013565242702, "spark.kryoserializer.buffer": 106.89718866247517, "spark.kryoserializer.buffer.max": 81.94992509661361, "spark.locality.wait": 2.3603822243819463, "spark.maxRemoteBlockSizeFetchToMem": 1251346994.9593616, "spark.memory.fraction": 0.7381280655633423, "spark.memory.offHeap.enabled": 0.5581612730785421, "spark.memory.offHeap.size": 754.4213973059587, "spark.memory.storageFraction": 0.6734931652583505, "spark.rdd.compress": 0.6278002629502122, "spark.reducer.maxBlocksInFlightPerAddress": 1932810832.9767861, "spark.reducer.maxReqsInFlight": 1119580837.6261742, "spark.reducer.maxSizeInFlight": 41.12957205301068, "spark.scheduler.mode": 0.48225645786952454, "spark.scheduler.revive.interval": 987.1140118496412, "spark.shuffle.compress": 0.36637791205150677, "spark.shuffle.file.buffer": 28.209906524524392, "spark.shuffle.io.numConnectionsPerPeer": 4.510524425440591, "spark.shuffle.sort.bypassMergeThreshold": 297.2628461351404, "spark.storage.memoryFraction": 0.5553377395677805, "spark.storage.memoryMapThreshold": 5.783777308330171}, "datetime": {"datetime": "2022-02-02 10:59:58", "elapsed": 2321.204587, "delta": 1033.42614}}
{"target": -358.034, "params": {"spark.broadcast.blockSize": 2.0, "spark.broadcast.checksum": 0.2696776719986461, "spark.broadcast.compress": 0.0, "spark.default.parallelism": 200.0, "spark.executor.cores": 4.0, "spark.executor.instances": 8.0, "spark.executor.memory": 8.0, "spark.executor.memoryOverhead": 384.0, "spark.kryoserializer.buffer": 32.0, "spark.kryoserializer.buffer.max": 32.0, "spark.locality.wait": 1.0, "spark.maxRemoteBlockSizeFetchToMem": 1073741567.0, "spark.memory.fraction": 0.5, "spark.memory.offHeap.enabled": 0.0, "spark.memory.offHeap.size": 0.4186921179249234, "spark.memory.storageFraction": 0.5428544182874724, "spark.rdd.compress": 0.0, "spark.reducer.maxBlocksInFlightPerAddress": 1073741823.0, "spark.reducer.maxReqsInFlight": 1073741823.0, "spark.reducer.maxSizeInFlight": 24.0, "spark.scheduler.mode": 0.0, "spark.scheduler.revive.interval": 500.0, "spark.shuffle.compress": 0.9078890342574651, "spark.shuffle.file.buffer": 16.0, "spark.shuffle.io.numConnectionsPerPeer": 1.2564177283590654, "spark.shuffle.sort.bypassMergeThreshold": 100.0, "spark.storage.memoryFraction": 0.5, "spark.storage.memoryMapThreshold": 1.0}, "datetime": {"datetime": "2022-02-02 11:06:05", "elapsed": 2688.148663, "delta": 366.944076}}
{"target": -358.034, "params": {"spark.broadcast.blockSize": 2.0, "spark.broadcast.checksum": 1.0, "spark.broadcast.compress": 0.0, "spark.default.parallelism": 200.0, "spark.executor.cores": 4.0, "spark.executor.instances": 8.0, "spark.executor.memory": 8.0, "spark.executor.memoryOverhead": 384.0, "spark.kryoserializer.buffer": 32.0, "spark.kryoserializer.buffer.max": 32.0, "spark.locality.wait": 1.0, "spark.maxRemoteBlockSizeFetchToMem": 1073741567.0, "spark.memory.fraction": 0.5, "spark.memory.offHeap.enabled": 0.0, "spark.memory.offHeap.size": 1.9374658280887012, "spark.memory.storageFraction": 0.9, "spark.rdd.compress": 0.0, "spark.reducer.maxBlocksInFlightPerAddress": 1073741823.0, "spark.reducer.maxReqsInFlight": 1073741823.0, "spark.reducer.maxSizeInFlight": 24.0, "spark.scheduler.mode": 0.5992000999261923, "spark.scheduler.revive.interval": 500.0, "spark.shuffle.compress": 0.0, "spark.shuffle.file.buffer": 16.0, "spark.shuffle.io.numConnectionsPerPeer": 1.0, "spark.shuffle.sort.bypassMergeThreshold": 100.0, "spark.storage.memoryFraction": 0.5, "spark.storage.memoryMapThreshold": 1.0}, "datetime": {"datetime": "2022-02-02 12:06:18", "elapsed": 6300.865874, "delta": 3612.717211}}
{"target": -358.034, "params": {"spark.broadcast.blockSize": 2.0, "spark.broadcast.checksum": 0.20686603761026637, "spark.broadcast.compress": 0.0, "spark.default.parallelism": 200.0, "spark.executor.cores": 4.0, "spark.executor.instances": 8.0, "spark.executor.memory": 8.0, "spark.executor.memoryOverhead": 384.0, "spark.kryoserializer.buffer": 32.0, "spark.kryoserializer.buffer.max": 32.0, "spark.locality.wait": 1.0, "spark.maxRemoteBlockSizeFetchToMem": 1073741567.0, "spark.memory.fraction": 0.9, "spark.memory.offHeap.enabled": 0.0, "spark.memory.offHeap.size": 0.6506149917856654, "spark.memory.storageFraction": 0.5, "spark.rdd.compress": 0.43776668733477203, "spark.reducer.maxBlocksInFlightPerAddress": 1073741823.0, "spark.reducer.maxReqsInFlight": 1073741823.0, "spark.reducer.maxSizeInFlight": 24.0, "spark.scheduler.mode": 0.0, "spark.scheduler.revive.interval": 500.0, "spark.shuffle.compress": 0.0, "spark.shuffle.file.buffer": 16.0, "spark.shuffle.io.numConnectionsPerPeer": 1.0, "spark.shuffle.sort.bypassMergeThreshold": 100.0, "spark.storage.memoryFraction": 0.5, "spark.storage.memoryMapThreshold": 1.0}, "datetime": {"datetime": "2022-02-02 12:58:11", "elapsed": 9414.372196, "delta": 3113.506322}}
{"target": -260.604, "params": {"spark.broadcast.blockSize": 45.83949322541434, "spark.broadcast.checksum": 0.49044249970658427, "spark.broadcast.compress": 0.745890608549534, "spark.default.parallelism": 339.9536328452645, "spark.executor.cores": 5.912434096023415, "spark.executor.instances": 12.378359666300426, "spark.executor.memory": 13.92232096552516, "spark.executor.memoryOverhead": 1651.516900721302, "spark.kryoserializer.buffer": 75.27882626422746, "spark.kryoserializer.buffer.max": 75.61498109332837, "spark.locality.wait": 8.972430730349792, "spark.maxRemoteBlockSizeFetchToMem": 2050253633.4569407, "spark.memory.fraction": 0.5788134046056478, "spark.memory.offHeap.enabled": 0.1134890586629621, "spark.memory.offHeap.size": 884.0176478231975, "spark.memory.storageFraction": 0.7818439837023321, "spark.rdd.compress": 0.7161241665211443, "spark.reducer.maxBlocksInFlightPerAddress": 1503497914.710108, "spark.reducer.maxReqsInFlight": 1898213626.4347525, "spark.reducer.maxSizeInFlight": 66.45730346833992, "spark.scheduler.mode": 0.15192086753270717, "spark.scheduler.revive.interval": 882.7192341316047, "spark.shuffle.compress": 0.6884882626856084, "spark.shuffle.file.buffer": 43.67696953976163, "spark.shuffle.io.numConnectionsPerPeer": 4.862188219120274, "spark.shuffle.sort.bypassMergeThreshold": 374.7779410915546, "spark.storage.memoryFraction": 0.8369162551337157, "spark.storage.memoryMapThreshold": 8.977731065691765}, "datetime": {"datetime": "2022-02-02 13:02:41", "elapsed": 9683.688341, "delta": 269.316145}}
{"target": -257.159, "params": {"spark.broadcast.blockSize": 18.454510245995845, "spark.broadcast.checksum": 0.02780094398762123, "spark.broadcast.compress": 0.6609696280073939, "spark.default.parallelism": 400.30466991015, "spark.executor.cores": 5.58687954108772, "spark.executor.instances": 9.837657873802478, "spark.executor.memory": 11.46578793763097, "spark.executor.memoryOverhead": 1386.6641867441297, "spark.kryoserializer.buffer": 95.64177513815395, "spark.kryoserializer.buffer.max": 97.03969475419893, "spark.locality.wait": 9.66812304869453, "spark.maxRemoteBlockSizeFetchToMem": 2095606825.445841, "spark.memory.fraction": 0.8046642487317355, "spark.memory.offHeap.enabled": 0.8117410262569424, "spark.memory.offHeap.size": 947.8385639253578, "spark.memory.storageFraction": 0.5130896692377037, "spark.rdd.compress": 0.6906442986934958, "spark.reducer.maxBlocksInFlightPerAddress": 1161973408.3250594, "spark.reducer.maxReqsInFlight": 1655867803.1271217, "spark.reducer.maxSizeInFlight": 66.75200805110885, "spark.scheduler.mode": 0.3761747677162024, "spark.scheduler.revive.interval": 584.0641867826789, "spark.shuffle.compress": 0.9096884295645498, "spark.shuffle.file.buffer": 36.20121072946361, "spark.shuffle.io.numConnectionsPerPeer": 4.45354912269964, "spark.shuffle.sort.bypassMergeThreshold": 245.55990812180048, "spark.storage.memoryFraction": 0.7645491733828431, "spark.storage.memoryMapThreshold": 8.695608169574825}, "datetime": {"datetime": "2022-02-02 13:07:07", "elapsed": 9949.934565, "delta": 266.246224}}
{"target": -266.174, "params": {"spark.broadcast.blockSize": 40.724873426287196, "spark.broadcast.checksum": 0.10485359701144181, "spark.broadcast.compress": 0.5509576932189982, "spark.default.parallelism": 398.03274286371345, "spark.executor.cores": 4.402823972398008, "spark.executor.instances": 10.41155088897426, "spark.executor.memory": 13.827042216275705, "spark.executor.memoryOverhead": 1228.2363164182952, "spark.kryoserializer.buffer": 102.6719319477142, "spark.kryoserializer.buffer.max": 39.150353607772956, "spark.locality.wait": 8.301685569109193, "spark.maxRemoteBlockSizeFetchToMem": 1670999058.5332122, "spark.memory.fraction": 0.7778953687223156, "spark.memory.offHeap.enabled": 0.23443955586350018, "spark.memory.offHeap.size": 605.5462982777018, "spark.memory.storageFraction": 0.7392843303900347, "spark.rdd.compress": 0.39216235778128683, "spark.reducer.maxBlocksInFlightPerAddress": 1650997549.6038277, "spark.reducer.maxReqsInFlight": 1604753592.0351174, "spark.reducer.maxSizeInFlight": 68.93013132944597, "spark.scheduler.mode": 0.16438420257624176, "spark.scheduler.revive.interval": 668.2147231420713, "spark.shuffle.compress": 0.671866717257893, "spark.shuffle.file.buffer": 40.74763268086849, "spark.shuffle.io.numConnectionsPerPeer": 3.683070614369781, "spark.shuffle.sort.bypassMergeThreshold": 417.5419938718547, "spark.storage.memoryFraction": 0.8337454683575922, "spark.storage.memoryMapThreshold": 1.0916372264260863}, "datetime": {"datetime": "2022-02-02 13:11:42", "elapsed": 10224.897133, "delta": 274.962568}}
{"target": -453.407, "params": {"spark.broadcast.blockSize": 35.42995205621727, "spark.broadcast.checksum": 0.18652565980410174, "spark.broadcast.compress": 0.3885039927893711, "spark.default.parallelism": 441.54701434186654, "spark.executor.cores": 4.446342676199165, "spark.executor.instances": 9.543389212287485, "spark.executor.memory": 11.00386860901872, "spark.executor.memoryOverhead": 1321.5503778412349, "spark.kryoserializer.buffer": 85.73000318677416, "spark.kryoserializer.buffer.max": 88.25103240736641, "spark.locality.wait": 6.8078882677803225, "spark.maxRemoteBlockSizeFetchToMem": 2013614997.634739, "spark.memory.fraction": 0.6908431487508868, "spark.memory.offHeap.enabled": 0.8784903972464911, "spark.memory.offHeap.size": 922.3937496296292, "spark.memory.storageFraction": 0.8622357378759078, "spark.rdd.compress": 0.8170549523116468, "spark.reducer.maxBlocksInFlightPerAddress": 1524685666.4017692, "spark.reducer.maxReqsInFlight": 1798222895.6352935, "spark.reducer.maxSizeInFlight": 59.09686907205037, "spark.scheduler.mode": 0.4835986497363647, "spark.scheduler.revive.interval": 755.7134397411359, "spark.shuffle.compress": 0.4528056647928752, "spark.shuffle.file.buffer": 44.15304732053606, "spark.shuffle.io.numConnectionsPerPeer": 3.2064625128821973, "spark.shuffle.sort.bypassMergeThreshold": 311.2325374949577, "spark.storage.memoryFraction": 0.8625428972402631, "spark.storage.memoryMapThreshold": 7.661910111258908}, "datetime": {"datetime": "2022-02-02 13:19:24", "elapsed": 10687.248947, "delta": 462.351814}}
{"target": -268.959, "params": {"spark.broadcast.blockSize": 37.30740728696964, "spark.broadcast.checksum": 0.6308766943864899, "spark.broadcast.compress": 0.6829757398642526, "spark.default.parallelism": 443.55726635508483, "spark.executor.cores": 4.66315217055419, "spark.executor.instances": 12.188390626755652, "spark.executor.memory": 13.283510200145658, "spark.executor.memoryOverhead": 1345.7113825340607, "spark.kryoserializer.buffer": 77.85301708900836, "spark.kryoserializer.buffer.max": 35.005451218291206, "spark.locality.wait": 9.65001629246966, "spark.maxRemoteBlockSizeFetchToMem": 1976834903.1615367, "spark.memory.fraction": 0.85676667657414, "spark.memory.offHeap.enabled": 0.048578915238660314, "spark.memory.offHeap.size": 730.2271353136398, "spark.memory.storageFraction": 0.6553847187717428, "spark.rdd.compress": 0.5689562595310718, "spark.reducer.maxBlocksInFlightPerAddress": 1339073333.5705495, "spark.reducer.maxReqsInFlight": 2072923686.948153, "spark.reducer.maxSizeInFlight": 62.07514322923453, "spark.scheduler.mode": 0.42813505449415346, "spark.scheduler.revive.interval": 681.5636315266216, "spark.shuffle.compress": 0.7693884567228327, "spark.shuffle.file.buffer": 45.345344957408926, "spark.shuffle.io.numConnectionsPerPeer": 4.071707519129528, "spark.shuffle.sort.bypassMergeThreshold": 341.89628683830534, "spark.storage.memoryFraction": 0.7500926514087216, "spark.storage.memoryMapThreshold": 4.693391595153432}, "datetime": {"datetime": "2022-02-02 13:24:02", "elapsed": 10964.896809, "delta": 277.647862}}
