{"target": -256.055, "params": {"spark.broadcast.blockSize": 24.145757055805518, "spark.broadcast.checksum": 0.03143210725811363, "spark.broadcast.compress": 0.28579224929895586, "spark.default.parallelism": 400.8980512328628, "spark.executor.cores": 6.016549756830646, "spark.executor.instances": 8.931633888493414, "spark.executor.memory": 13.905551635358725, "spark.executor.memoryOverhead": 1496.7321439943653, "spark.kryoserializer.buffer": 80.81867320213408, "spark.kryoserializer.buffer.max": 102.588064700994, "spark.locality.wait": 9.00256309168434, "spark.maxRemoteBlockSizeFetchToMem": 2065352780.940329, "spark.memory.fraction": 0.6418076655908886, "spark.memory.offHeap.enabled": 0.14175324357459407, "spark.memory.offHeap.size": 625.0126350243593, "spark.memory.storageFraction": 0.5927148662819701, "spark.rdd.compress": 0.5315838337581348, "spark.reducer.maxBlocksInFlightPerAddress": 2084614805.508892, "spark.reducer.maxReqsInFlight": 2039109300.032115, "spark.reducer.maxSizeInFlight": 70.76343483175211, "spark.scheduler.mode": 0.5678470200592802, "spark.scheduler.revive.interval": 890.4809928647612, "spark.shuffle.compress": 0.9988542260441331, "spark.shuffle.file.buffer": 41.520122908539186, "spark.shuffle.io.numConnectionsPerPeer": 4.671565763829457, "spark.shuffle.sort.bypassMergeThreshold": 484.73803548977446, "spark.storage.memoryFraction": 0.796915125371175, "spark.storage.memoryMapThreshold": 7.8882103640027035}, "datetime": {"datetime": "2022-02-02 15:34:47", "elapsed": 18810.511614, "delta": 265.041991}}
{"target": -251.496, "params": {"spark.broadcast.blockSize": 38.77973912289816, "spark.broadcast.checksum": 0.20005824602810152, "spark.broadcast.compress": 0.3841824819670059, "spark.default.parallelism": 320.18833205322306, "spark.executor.cores": 4.630236173197968, "spark.executor.instances": 8.474156508877863, "spark.executor.memory": 13.604941396007959, "spark.executor.memoryOverhead": 788.2131428908917, "spark.kryoserializer.buffer": 123.77566276933428, "spark.kryoserializer.buffer.max": 50.33303442302796, "spark.locality.wait": 9.154817514685694, "spark.maxRemoteBlockSizeFetchToMem": 1892091286.6054068, "spark.memory.fraction": 0.7812524516676204, "spark.memory.offHeap.enabled": 0.31978607231287437, "spark.memory.offHeap.size": 864.4434442439112, "spark.memory.storageFraction": 0.6100338946466177, "spark.rdd.compress": 0.02142235638036971, "spark.reducer.maxBlocksInFlightPerAddress": 1107621862.3428574, "spark.reducer.maxReqsInFlight": 1737864565.2219033, "spark.reducer.maxSizeInFlight": 61.021801076904, "spark.scheduler.mode": 0.5062724347327856, "spark.scheduler.revive.interval": 988.7794411944294, "spark.shuffle.compress": 0.926245008455493, "spark.shuffle.file.buffer": 30.695276044441595, "spark.shuffle.io.numConnectionsPerPeer": 4.317112876800952, "spark.shuffle.sort.bypassMergeThreshold": 447.89189171691135, "spark.storage.memoryFraction": 0.5964004896683957, "spark.storage.memoryMapThreshold": 3.8173809686257347}, "datetime": {"datetime": "2022-02-02 15:39:08", "elapsed": 19070.955684, "delta": 260.44407}}
{"target": -254.949, "params": {"spark.broadcast.blockSize": 23.901934341148596, "spark.broadcast.checksum": 0.2511746154484582, "spark.broadcast.compress": 0.23753539602735996, "spark.default.parallelism": 322.2610388265664, "spark.executor.cores": 5.6176080818140335, "spark.executor.instances": 8.460670868155338, "spark.executor.memory": 13.83215549273911, "spark.executor.memoryOverhead": 615.6484967440576, "spark.kryoserializer.buffer": 86.5892132466424, "spark.kryoserializer.buffer.max": 62.454355020724705, "spark.locality.wait": 7.686515870228949, "spark.maxRemoteBlockSizeFetchToMem": 1603183559.0295973, "spark.memory.fraction": 0.6228843980839855, "spark.memory.offHeap.enabled": 0.9551121862680595, "spark.memory.offHeap.size": 67.16857530042012, "spark.memory.storageFraction": 0.6324443257439161, "spark.rdd.compress": 0.266681584340416, "spark.reducer.maxBlocksInFlightPerAddress": 2003207187.8337216, "spark.reducer.maxReqsInFlight": 2108569029.4318838, "spark.reducer.maxSizeInFlight": 49.90895674621993, "spark.scheduler.mode": 0.2138742783543821, "spark.scheduler.revive.interval": 698.8692127158623, "spark.shuffle.compress": 0.8617879094052109, "spark.shuffle.file.buffer": 35.28461260273369, "spark.shuffle.io.numConnectionsPerPeer": 4.734756935519668, "spark.shuffle.sort.bypassMergeThreshold": 335.146276954939, "spark.storage.memoryFraction": 0.7737980665116247, "spark.storage.memoryMapThreshold": 1.6497443117708332}, "datetime": {"datetime": "2022-02-02 15:43:32", "elapsed": 19335.037951, "delta": 264.082267}}
{"target": -265.26, "params": {"spark.broadcast.blockSize": 61.68706131914913, "spark.broadcast.checksum": 0.13266389049175598, "spark.broadcast.compress": 0.9496741969523926, "spark.default.parallelism": 436.84354495725023, "spark.executor.cores": 5.601058269161351, "spark.executor.instances": 8.03617982577156, "spark.executor.memory": 13.988733177662077, "spark.executor.memoryOverhead": 996.1935041838906, "spark.kryoserializer.buffer": 113.02193383150842, "spark.kryoserializer.buffer.max": 72.41414162429739, "spark.locality.wait": 5.92034719710022, "spark.maxRemoteBlockSizeFetchToMem": 1678138152.8221977, "spark.memory.fraction": 0.7868626398789627, "spark.memory.offHeap.enabled": 0.07310589317615346, "spark.memory.offHeap.size": 298.4857462799281, "spark.memory.storageFraction": 0.6254487331057543, "spark.rdd.compress": 0.0031675064256536656, "spark.reducer.maxBlocksInFlightPerAddress": 1688675610.8911028, "spark.reducer.maxReqsInFlight": 2111747232.1643414, "spark.reducer.maxSizeInFlight": 48.50684547092317, "spark.scheduler.mode": 0.22328750631088612, "spark.scheduler.revive.interval": 918.3185702426069, "spark.shuffle.compress": 0.9006524899301903, "spark.shuffle.file.buffer": 41.699206643220556, "spark.shuffle.io.numConnectionsPerPeer": 2.3172704385622165, "spark.shuffle.sort.bypassMergeThreshold": 260.91590388346674, "spark.storage.memoryFraction": 0.7042623272543972, "spark.storage.memoryMapThreshold": 1.7248715406429198}, "datetime": {"datetime": "2022-02-02 15:48:06", "elapsed": 19609.166049, "delta": 274.128098}}
{"target": -247.313, "params": {"spark.broadcast.blockSize": 38.159789554285226, "spark.broadcast.checksum": 0.7177841285182422, "spark.broadcast.compress": 0.16142546979654915, "spark.default.parallelism": 232.1861987506676, "spark.executor.cores": 4.067417775447389, "spark.executor.instances": 10.032936374635518, "spark.executor.memory": 13.6106275985725, "spark.executor.memoryOverhead": 1309.8890501421768, "spark.kryoserializer.buffer": 114.7830098084046, "spark.kryoserializer.buffer.max": 84.4359052671791, "spark.locality.wait": 8.9266479841266, "spark.maxRemoteBlockSizeFetchToMem": 2093903985.0246258, "spark.memory.fraction": 0.59677794276148, "spark.memory.offHeap.enabled": 0.02744988171870022, "spark.memory.offHeap.size": 40.570942287954495, "spark.memory.storageFraction": 0.7268213937624858, "spark.rdd.compress": 0.2091875774731914, "spark.reducer.maxBlocksInFlightPerAddress": 1161139638.0167124, "spark.reducer.maxReqsInFlight": 2099884523.4701605, "spark.reducer.maxSizeInFlight": 59.999905465311215, "spark.scheduler.mode": 0.014714992298566765, "spark.scheduler.revive.interval": 721.3014332873588, "spark.shuffle.compress": 0.9959337574259861, "spark.shuffle.file.buffer": 32.85503384441772, "spark.shuffle.io.numConnectionsPerPeer": 3.463204779694915, "spark.shuffle.sort.bypassMergeThreshold": 194.426250549074, "spark.storage.memoryFraction": 0.7516787497524064, "spark.storage.memoryMapThreshold": 7.627138588863113}, "datetime": {"datetime": "2022-02-02 15:52:22", "elapsed": 19865.314534, "delta": 256.148485}}
{"target": -269.012, "params": {"spark.broadcast.blockSize": 53.9944803168523, "spark.broadcast.checksum": 0.16803073483714137, "spark.broadcast.compress": 0.679762277973315, "spark.default.parallelism": 324.7369712405868, "spark.executor.cores": 4.298571167862226, "spark.executor.instances": 8.442388113329805, "spark.executor.memory": 12.867508784679377, "spark.executor.memoryOverhead": 626.0013371118008, "spark.kryoserializer.buffer": 102.513420020326, "spark.kryoserializer.buffer.max": 45.18522146468159, "spark.locality.wait": 9.354141825615622, "spark.maxRemoteBlockSizeFetchToMem": 1556752065.4134412, "spark.memory.fraction": 0.8516424214098894, "spark.memory.offHeap.enabled": 0.4429775666319792, "spark.memory.offHeap.size": 364.13762823843183, "spark.memory.storageFraction": 0.642126846681886, "spark.rdd.compress": 0.0003133779381733204, "spark.reducer.maxBlocksInFlightPerAddress": 1742821373.429044, "spark.reducer.maxReqsInFlight": 2097214806.9635026, "spark.reducer.maxSizeInFlight": 47.66500393810929, "spark.scheduler.mode": 0.03217666532518404, "spark.scheduler.revive.interval": 874.4696892564314, "spark.shuffle.compress": 0.8621908560530441, "spark.shuffle.file.buffer": 30.569046064949656, "spark.shuffle.io.numConnectionsPerPeer": 2.6228173608682934, "spark.shuffle.sort.bypassMergeThreshold": 257.79438337514557, "spark.storage.memoryFraction": 0.8527217003811567, "spark.storage.memoryMapThreshold": 1.1001479873929045}, "datetime": {"datetime": "2022-02-02 15:57:00", "elapsed": 20143.410221, "delta": 278.095687}}
{"target": -252.867, "params": {"spark.broadcast.blockSize": 40.14851961422991, "spark.broadcast.checksum": 0.012604336822773066, "spark.broadcast.compress": 0.14716273534581614, "spark.default.parallelism": 350.58347770286855, "spark.executor.cores": 6.121066088712222, "spark.executor.instances": 12.693391099940762, "spark.executor.memory": 13.689371865057211, "spark.executor.memoryOverhead": 992.7360177513054, "spark.kryoserializer.buffer": 76.81173627496231, "spark.kryoserializer.buffer.max": 110.64749356763278, "spark.locality.wait": 9.486032351841503, "spark.maxRemoteBlockSizeFetchToMem": 1987919820.697516, "spark.memory.fraction": 0.8241416611238621, "spark.memory.offHeap.enabled": 0.30625979980488693, "spark.memory.offHeap.size": 147.88961282296827, "spark.memory.storageFraction": 0.5551885396950983, "spark.rdd.compress": 0.16390708751531236, "spark.reducer.maxBlocksInFlightPerAddress": 1928795966.4288604, "spark.reducer.maxReqsInFlight": 1332023033.1589947, "spark.reducer.maxSizeInFlight": 70.73983280511965, "spark.scheduler.mode": 0.1472882561002118, "spark.scheduler.revive.interval": 895.4912077873519, "spark.shuffle.compress": 0.6054265667786517, "spark.shuffle.file.buffer": 35.816164157889716, "spark.shuffle.io.numConnectionsPerPeer": 2.564890830401023, "spark.shuffle.sort.bypassMergeThreshold": 407.01450378014556, "spark.storage.memoryFraction": 0.6916358127661775, "spark.storage.memoryMapThreshold": 1.3790624863713181}, "datetime": {"datetime": "2022-02-02 16:01:22", "elapsed": 20405.435381, "delta": 262.02516}}
{"target": -252.64, "params": {"spark.broadcast.blockSize": 26.821595093842618, "spark.broadcast.checksum": 0.09391132789209822, "spark.broadcast.compress": 0.2696694405461496, "spark.default.parallelism": 377.8221862024053, "spark.executor.cores": 6.0250820653310875, "spark.executor.instances": 11.668171189559116, "spark.executor.memory": 13.859587085945925, "spark.executor.memoryOverhead": 447.4302585378863, "spark.kryoserializer.buffer": 42.51445778091314, "spark.kryoserializer.buffer.max": 53.55183787749117, "spark.locality.wait": 5.740494814382993, "spark.maxRemoteBlockSizeFetchToMem": 2094362789.3304174, "spark.memory.fraction": 0.8718886582610579, "spark.memory.offHeap.enabled": 0.18994936427006015, "spark.memory.offHeap.size": 404.0680023903873, "spark.memory.storageFraction": 0.6730352472561363, "spark.rdd.compress": 0.2892355001144947, "spark.reducer.maxBlocksInFlightPerAddress": 1841439621.8124557, "spark.reducer.maxReqsInFlight": 2073301312.1311572, "spark.reducer.maxSizeInFlight": 40.31280812747887, "spark.scheduler.mode": 0.08076056722882496, "spark.scheduler.revive.interval": 743.4385675352088, "spark.shuffle.compress": 0.9506760231567273, "spark.shuffle.file.buffer": 40.25475898885374, "spark.shuffle.io.numConnectionsPerPeer": 4.133859408779064, "spark.shuffle.sort.bypassMergeThreshold": 470.03871591988184, "spark.storage.memoryFraction": 0.6981692131660671, "spark.storage.memoryMapThreshold": 1.3820452251996458}, "datetime": {"datetime": "2022-02-02 16:05:44", "elapsed": 20667.169262, "delta": 261.733881}}
