{"target": -279.723, "params": {"spark.broadcast.blockSize": 203.88368942307497, "spark.broadcast.checksum": 0.5034644766533702, "spark.broadcast.compress": 0.08747450870504703, "spark.cleaner.periodicGC.interval": 84.22593159605, "spark.cleaner.referenceTracking": 0.7001325401181827, "spark.cleaner.referenceTracking.blocking": 0.12740758570395394, "spark.cleaner.referenceTracking.blocking.shuffle": 0.7251156170777501, "spark.cleaner.referenceTracking.cleanCheckpoints": 0.43646942608434847, "spark.default.parallelism": 441.4874641418844, "spark.driver.maxResultSize": 37.81147355026995, "spark.driver.memoryOverhead": 1950.8456423915934, "spark.executor.cores": 3.0441246575753205, "spark.executor.heartbeatInterval": 15.590699096947423, "spark.executor.instances": 8.90383629578226, "spark.executor.memory": 12.804037280673661, "spark.files.fetchTimeout": 43.11998626222589, "spark.files.maxPartitionBytes": 131436527.06168021, "spark.files.openCostInBytes": 2294085.397737684, "spark.files.overwrite": 0.34081094808979606, "spark.files.useFetchCache": 0.8296257964015464, "spark.hadoop.mapreduce.fileoutputcommitter.algorithm.version": 1.6269175640815472, "spark.io.compression.lz4.blockSize": 252.05939916343422, "spark.io.compression.snappy.blockSize": 55.860413902032214, "spark.kryo.referenceTracking": 0.1702585884092801, "spark.kryoserializer.buffer": 68.8317007428572, "spark.kryoserializer.buffer.max": 78.97697466841919, "spark.locality.wait": 4.874145677412963, "spark.maxRemoteBlockSizeFetchToMem": 189868636.9954632, "spark.memory.fraction": 0.9407926720975301, "spark.memory.offHeap.enabled": 0.897891472920406, "spark.memory.offHeap.size": 485.04408500518167, "spark.memory.storageFraction": 0.8912816111094195, "spark.memory.useLegacyMode": 0.8659578975203888, "spark.port.maxRetries": 24.643654955956112, "spark.python.worker.memory": 981.0411704129193, "spark.python.worker.reuse": 0.9463501214646126, "spark.rdd.compress": 0.38830574633502957, "spark.reducer.maxBlocksInFlightPerAddress": 1917008940.1593065, "spark.reducer.maxReqsInFlight": 727743931.8033708, "spark.reducer.maxSizeInFlight": 495.67455741124155, "spark.rpc.io.backLog": 79.51832001604896, "spark.rpc.lookupTimeout": 107.10162074647576, "spark.rpc.message.maxSize": 130.1726709783388, "spark.rpc.retry.wait": 4.758511552416951, "spark.scheduler.blacklist.unschedulableTaskSetTimeout": 107.08162311657455, "spark.scheduler.listenerbus.eventqueue.capacity": 13222.652263697011, "spark.scheduler.minRegisteredResourcesRatio": 0.7361094893541502, "spark.scheduler.mode": 0.06940562664072913, "spark.scheduler.revive.interval": 33.42869623369679, "spark.serializer.objectStreamReset": 142.1226268156768, "spark.shuffle.compress": 0.224293931979332, "spark.shuffle.file.buffer": 277.41439131798217, "spark.shuffle.io.backLog": 100.63147613314695, "spark.shuffle.io.maxRetries": 8.467681047636214, "spark.shuffle.io.numConnectionsPerPeer": 3.804948578126325, "spark.shuffle.io.preferDirectBufs": 0.6502791259914462, "spark.shuffle.maxChunksBeingTransferred": 5.856759487898461e+18, "spark.shuffle.memoryFraction": 0.616984217129197, "spark.shuffle.service.index.cache.size": 135.40754327537135, "spark.shuffle.sort.bypassMergeThreshold": 739.6623274978916, "spark.shuffle.spill.compress": 0.7885995527245527, "spark.speculation.interval": 679.8936930797597, "spark.speculation.multiplier": 1.3275545080549247, "spark.speculation.quantile": 0.09564346281703384, "spark.stage.maxConsecutiveAttempts": 3.5620514466534705, "spark.storage.memoryFraction": 0.11852117110178617, "spark.storage.memoryMapThreshold": 83.1627559160284, "spark.storage.replication.proactive": 0.5372687855207718, "spark.storage.unrollFraction": 0.8203256870884484, "spark.streaming.backpressure.enabled": 0.18630000881471098, "spark.streaming.blockInterval": 138.83454839205885, "spark.streaming.receiver.writeAheadLog.enable": 0.3757955869004148, "spark.streaming.stopGracefullyOnShutdown": 0.9955208081000331, "spark.streaming.unpersist": 0.6454397572231368, "spark.task.maxFailures": 2.7560305477069766, "spark.task.reaper.enabled": 0.10925582473302464, "spark.task.reaper.pollingInterval": 10.2101370505416, "spark.task.reaper.threadDump": 0.6199683288326142}, "datetime": {"datetime": "2022-02-11 17:34:40", "elapsed": 64012.128267, "delta": 288.742422}}
{"target": -281.19, "params": {"spark.broadcast.blockSize": 403.11828493770577, "spark.broadcast.checksum": 0.4032085284454038, "spark.broadcast.compress": 0.834123895618225, "spark.cleaner.periodicGC.interval": 26.046484170914333, "spark.cleaner.referenceTracking": 0.42563345513150364, "spark.cleaner.referenceTracking.blocking": 0.9915540728671512, "spark.cleaner.referenceTracking.blocking.shuffle": 0.7975178770908415, "spark.cleaner.referenceTracking.cleanCheckpoints": 0.30218523369839845, "spark.default.parallelism": 367.61642618445137, "spark.driver.maxResultSize": 294.9223651431482, "spark.driver.memoryOverhead": 540.6739657691281, "spark.executor.cores": 1.1425799206395406, "spark.executor.heartbeatInterval": 6.6166268001392385, "spark.executor.instances": 8.850012514681563, "spark.executor.memory": 11.530577198650706, "spark.files.fetchTimeout": 53.34733285674359, "spark.files.maxPartitionBytes": 102937096.7262269, "spark.files.openCostInBytes": 2425080.1030112156, "spark.files.overwrite": 0.6629546032243597, "spark.files.useFetchCache": 0.40393259506474577, "spark.hadoop.mapreduce.fileoutputcommitter.algorithm.version": 1.032261180564435, "spark.io.compression.lz4.blockSize": 61.16202278108585, "spark.io.compression.snappy.blockSize": 235.92177699499405, "spark.kryo.referenceTracking": 0.5550572898310256, "spark.kryoserializer.buffer": 34.77201935018497, "spark.kryoserializer.buffer.max": 8.946145458958213, "spark.locality.wait": 2.6285068049992715, "spark.maxRemoteBlockSizeFetchToMem": 836345915.0074729, "spark.memory.fraction": 0.883878536044788, "spark.memory.offHeap.enabled": 0.9915018015500102, "spark.memory.offHeap.size": 465.8530100273139, "spark.memory.storageFraction": 0.7772235504559033, "spark.memory.useLegacyMode": 0.22548495415432646, "spark.port.maxRetries": 17.151037281015526, "spark.python.worker.memory": 316.4601571103408, "spark.python.worker.reuse": 0.13197615448188682, "spark.rdd.compress": 0.4218240430060507, "spark.reducer.maxBlocksInFlightPerAddress": 426238115.94131964, "spark.reducer.maxReqsInFlight": 1354346213.212562, "spark.reducer.maxSizeInFlight": 340.6212642224369, "spark.rpc.io.backLog": 57.860342977400585, "spark.rpc.lookupTimeout": 136.54211833871003, "spark.rpc.message.maxSize": 247.72190406334832, "spark.rpc.retry.wait": 3.6057371405149823, "spark.scheduler.blacklist.unschedulableTaskSetTimeout": 103.90048500092773, "spark.scheduler.listenerbus.eventqueue.capacity": 8479.22005677038, "spark.scheduler.minRegisteredResourcesRatio": 0.7656309128749377, "spark.scheduler.mode": 0.5473245407422211, "spark.scheduler.revive.interval": 45.723888467406, "spark.serializer.objectStreamReset": 99.79003012217342, "spark.shuffle.compress": 0.5163527822938686, "spark.shuffle.file.buffer": 450.2708297377528, "spark.shuffle.io.backLog": 121.89759101373454, "spark.shuffle.io.maxRetries": 6.501008008622708, "spark.shuffle.io.numConnectionsPerPeer": 4.870804720640338, "spark.shuffle.io.preferDirectBufs": 0.5727090711913971, "spark.shuffle.maxChunksBeingTransferred": 5.254982533100937e+18, "spark.shuffle.memoryFraction": 0.5716727277794947, "spark.shuffle.service.index.cache.size": 157.0979522668724, "spark.shuffle.sort.bypassMergeThreshold": 817.1576347635691, "spark.shuffle.spill.compress": 0.44551934471016286, "spark.speculation.interval": 810.9417104492057, "spark.speculation.multiplier": 2.1282053534702445, "spark.speculation.quantile": 0.33439527218584375, "spark.stage.maxConsecutiveAttempts": 2.346526425807037, "spark.storage.memoryFraction": 0.6938279770311105, "spark.storage.memoryMapThreshold": 90.35898226238484, "spark.storage.replication.proactive": 0.43705049606402757, "spark.storage.unrollFraction": 0.10487962325836664, "spark.streaming.backpressure.enabled": 0.26230198569359486, "spark.streaming.blockInterval": 141.01857817117337, "spark.streaming.receiver.writeAheadLog.enable": 0.9029193509865778, "spark.streaming.stopGracefullyOnShutdown": 0.0669377385519141, "spark.streaming.unpersist": 0.5589413666677495, "spark.task.maxFailures": 5.60473286662573, "spark.task.reaper.enabled": 0.21840434124061436, "spark.task.reaper.pollingInterval": 18.648847815514348, "spark.task.reaper.threadDump": 0.03373958044537073}, "datetime": {"datetime": "2022-02-11 17:39:30", "elapsed": 64302.565665, "delta": 290.437398}}
{"target": -323.726, "params": {"spark.broadcast.blockSize": 477.2104116937356, "spark.broadcast.checksum": 0.6347631082013544, "spark.broadcast.compress": 0.41248155559232924, "spark.cleaner.periodicGC.interval": 12.522237301175476, "spark.cleaner.referenceTracking": 0.5722111910393161, "spark.cleaner.referenceTracking.blocking": 0.9254787195800765, "spark.cleaner.referenceTracking.blocking.shuffle": 0.8352168682226782, "spark.cleaner.referenceTracking.cleanCheckpoints": 0.21639168792372443, "spark.default.parallelism": 350.7226588853159, "spark.driver.maxResultSize": 191.58047637877107, "spark.driver.memoryOverhead": 1760.0758559208375, "spark.executor.cores": 8.749550713068437, "spark.executor.heartbeatInterval": 10.943048528478403, "spark.executor.instances": 3.445532229296112, "spark.executor.memory": 15.681902110765265, "spark.files.fetchTimeout": 60.41426820775554, "spark.files.maxPartitionBytes": 117436270.93529046, "spark.files.openCostInBytes": 6055448.715574548, "spark.files.overwrite": 0.896750497595912, "spark.files.useFetchCache": 0.401620968200322, "spark.hadoop.mapreduce.fileoutputcommitter.algorithm.version": 1.9322259280193108, "spark.io.compression.lz4.blockSize": 80.60984450780707, "spark.io.compression.snappy.blockSize": 174.40296712984969, "spark.kryo.referenceTracking": 0.6443074910877935, "spark.kryoserializer.buffer": 28.08046570549814, "spark.kryoserializer.buffer.max": 93.19130028745539, "spark.locality.wait": 1.1196576663556927, "spark.maxRemoteBlockSizeFetchToMem": 488207927.1428826, "spark.memory.fraction": 0.9707501078672268, "spark.memory.offHeap.enabled": 0.2274919019955307, "spark.memory.offHeap.size": 516.7339912208499, "spark.memory.storageFraction": 0.9976475179370263, "spark.memory.useLegacyMode": 0.6143626019342777, "spark.port.maxRetries": 23.11203284312777, "spark.python.worker.memory": 314.5261427228892, "spark.python.worker.reuse": 0.4952158543171603, "spark.rdd.compress": 0.14397736964304286, "spark.reducer.maxBlocksInFlightPerAddress": 1495801949.4748583, "spark.reducer.maxReqsInFlight": 520419359.83670723, "spark.reducer.maxSizeInFlight": 394.0244259666957, "spark.rpc.io.backLog": 62.2308121854666, "spark.rpc.lookupTimeout": 194.94573569925453, "spark.rpc.message.maxSize": 450.179519038111, "spark.rpc.retry.wait": 2.5417770055560336, "spark.scheduler.blacklist.unschedulableTaskSetTimeout": 58.475734597408675, "spark.scheduler.listenerbus.eventqueue.capacity": 14763.100312909664, "spark.scheduler.minRegisteredResourcesRatio": 0.7779828707705513, "spark.scheduler.mode": 0.4012674962524735, "spark.scheduler.revive.interval": 22.981638266843795, "spark.serializer.objectStreamReset": 233.0679832339626, "spark.shuffle.compress": 0.5214648368779852, "spark.shuffle.file.buffer": 394.8170365564957, "spark.shuffle.io.backLog": 13.250530479536252, "spark.shuffle.io.maxRetries": 7.45218882536857, "spark.shuffle.io.numConnectionsPerPeer": 4.3309121430720845, "spark.shuffle.io.preferDirectBufs": 0.16979316550457757, "spark.shuffle.maxChunksBeingTransferred": 8.754294838405986e+18, "spark.shuffle.memoryFraction": 0.2907879956089471, "spark.shuffle.service.index.cache.size": 132.71560899390957, "spark.shuffle.sort.bypassMergeThreshold": 943.4642382498722, "spark.shuffle.spill.compress": 0.5188353035845746, "spark.speculation.interval": 183.0338503590447, "spark.speculation.multiplier": 4.051504777824628, "spark.speculation.quantile": 0.8527580570766852, "spark.stage.maxConsecutiveAttempts": 7.426740761856982, "spark.storage.memoryFraction": 0.08195740129789131, "spark.storage.memoryMapThreshold": 304.4928914015867, "spark.storage.replication.proactive": 0.8450983513869194, "spark.storage.unrollFraction": 0.3065239008416383, "spark.streaming.backpressure.enabled": 0.8948817392440537, "spark.streaming.blockInterval": 459.4434655886461, "spark.streaming.receiver.writeAheadLog.enable": 0.7346994514800972, "spark.streaming.stopGracefullyOnShutdown": 0.4894958549604166, "spark.streaming.unpersist": 0.5762481068946729, "spark.task.maxFailures": 3.6188000258336834, "spark.task.reaper.enabled": 0.04249692877039413, "spark.task.reaper.pollingInterval": 4.360882138948648, "spark.task.reaper.threadDump": 0.5495440107720923}, "datetime": {"datetime": "2022-02-11 17:45:03", "elapsed": 64635.238953, "delta": 332.673288}}
{"target": -465.527, "params": {"spark.broadcast.blockSize": 351.2444582025983, "spark.broadcast.checksum": 0.47205721403424405, "spark.broadcast.compress": 0.5684724058696576, "spark.cleaner.periodicGC.interval": 65.67704249434091, "spark.cleaner.referenceTracking": 0.16719297784865939, "spark.cleaner.referenceTracking.blocking": 0.42892132458748433, "spark.cleaner.referenceTracking.blocking.shuffle": 0.7672392002409031, "spark.cleaner.referenceTracking.cleanCheckpoints": 0.6593247791260751, "spark.default.parallelism": 137.7537810254481, "spark.driver.maxResultSize": 245.33853020562967, "spark.driver.memoryOverhead": 696.996459049269, "spark.executor.cores": 2.2254504281029925, "spark.executor.heartbeatInterval": 8.586743461597566, "spark.executor.instances": 9.533831236909146, "spark.executor.memory": 8.915287731331455, "spark.files.fetchTimeout": 75.1158815458167, "spark.files.maxPartitionBytes": 164410844.09848282, "spark.files.openCostInBytes": 4152961.504042099, "spark.files.overwrite": 0.21329014916045497, "spark.files.useFetchCache": 0.04113919810772648, "spark.hadoop.mapreduce.fileoutputcommitter.algorithm.version": 1.606702105201282, "spark.io.compression.lz4.blockSize": 214.19040893525187, "spark.io.compression.snappy.blockSize": 93.90801889491965, "spark.kryo.referenceTracking": 0.7335639373879953, "spark.kryoserializer.buffer": 43.92581084194136, "spark.kryoserializer.buffer.max": 65.91479852660254, "spark.locality.wait": 4.82865472777958, "spark.maxRemoteBlockSizeFetchToMem": 3334172.7623426723, "spark.memory.fraction": 0.6023947987852531, "spark.memory.offHeap.enabled": 0.6309663133773922, "spark.memory.offHeap.size": 447.20375911381996, "spark.memory.storageFraction": 0.9642759441536495, "spark.memory.useLegacyMode": 0.8600148451912962, "spark.port.maxRetries": 4.124544519222097, "spark.python.worker.memory": 288.63089677440786, "spark.python.worker.reuse": 0.2718493583911481, "spark.rdd.compress": 0.4230957842209909, "spark.reducer.maxBlocksInFlightPerAddress": 1733145499.5988846, "spark.reducer.maxReqsInFlight": 275094984.85318786, "spark.reducer.maxSizeInFlight": 148.332134944765, "spark.rpc.io.backLog": 103.8394940389143, "spark.rpc.lookupTimeout": 234.69873179135823, "spark.rpc.message.maxSize": 339.96877930760365, "spark.rpc.retry.wait": 1.2898022994508693, "spark.scheduler.blacklist.unschedulableTaskSetTimeout": 98.26127177687212, "spark.scheduler.listenerbus.eventqueue.capacity": 5292.60289851507, "spark.scheduler.minRegisteredResourcesRatio": 0.7594277927829243, "spark.scheduler.mode": 0.8815905297580768, "spark.scheduler.revive.interval": 11.903660372924264, "spark.serializer.objectStreamReset": 65.52421023574169, "spark.shuffle.compress": 0.7889558672995295, "spark.shuffle.file.buffer": 81.08255274370667, "spark.shuffle.io.backLog": 97.83624550233448, "spark.shuffle.io.maxRetries": 5.279951705694671, "spark.shuffle.io.numConnectionsPerPeer": 2.0375962037959785, "spark.shuffle.io.preferDirectBufs": 0.36585184538931914, "spark.shuffle.maxChunksBeingTransferred": 5.659599794111295e+18, "spark.shuffle.memoryFraction": 0.8661723665854374, "spark.shuffle.service.index.cache.size": 101.41822296371016, "spark.shuffle.sort.bypassMergeThreshold": 138.7105712899907, "spark.shuffle.spill.compress": 0.7875544107735819, "spark.speculation.interval": 587.1289847114292, "spark.speculation.multiplier": 5.57351194094589, "spark.speculation.quantile": 0.6523598733703498, "spark.stage.maxConsecutiveAttempts": 2.6636528568689215, "spark.storage.memoryFraction": 0.585244050212443, "spark.storage.memoryMapThreshold": 414.02527734299986, "spark.storage.replication.proactive": 0.004254781093235072, "spark.storage.unrollFraction": 0.11810488807190422, "spark.streaming.backpressure.enabled": 0.6370321326854175, "spark.streaming.blockInterval": 478.2812695989172, "spark.streaming.receiver.writeAheadLog.enable": 0.5429766177884404, "spark.streaming.stopGracefullyOnShutdown": 0.8041584628605384, "spark.streaming.unpersist": 0.5841891766866227, "spark.task.maxFailures": 2.384163836446202, "spark.task.reaper.enabled": 0.9750541505631155, "spark.task.reaper.pollingInterval": 11.378632887498409, "spark.task.reaper.threadDump": 0.4683132845761644}, "datetime": {"datetime": "2022-02-11 17:52:58", "elapsed": 65109.5727, "delta": 474.333747}}
{"target": -267.562, "params": {"spark.broadcast.blockSize": 365.70810429061976, "spark.broadcast.checksum": 0.9051366728694638, "spark.broadcast.compress": 0.3733921397261969, "spark.cleaner.periodicGC.interval": 74.71840762734205, "spark.cleaner.referenceTracking": 0.2673371610722154, "spark.cleaner.referenceTracking.blocking": 0.1145589225159116, "spark.cleaner.referenceTracking.blocking.shuffle": 0.9459352859375737, "spark.cleaner.referenceTracking.cleanCheckpoints": 0.19658285106546913, "spark.default.parallelism": 497.9550218596735, "spark.driver.maxResultSize": 207.96813659582304, "spark.driver.memoryOverhead": 1345.332929927307, "spark.executor.cores": 8.920750863841054, "spark.executor.heartbeatInterval": 16.577925491630396, "spark.executor.instances": 10.688597700779672, "spark.executor.memory": 14.358954969377468, "spark.files.fetchTimeout": 38.70078482548205, "spark.files.maxPartitionBytes": 262545570.1787188, "spark.files.openCostInBytes": 7064912.720884105, "spark.files.overwrite": 0.6551600853095495, "spark.files.useFetchCache": 0.9036241040364191, "spark.hadoop.mapreduce.fileoutputcommitter.algorithm.version": 1.2060343288038466, "spark.io.compression.lz4.blockSize": 165.61088854983106, "spark.io.compression.snappy.blockSize": 222.54094610028216, "spark.kryo.referenceTracking": 0.730574217125721, "spark.kryoserializer.buffer": 108.97107765452844, "spark.kryoserializer.buffer.max": 36.08009841520077, "spark.locality.wait": 5.764181138957282, "spark.maxRemoteBlockSizeFetchToMem": 130867411.72418241, "spark.memory.fraction": 0.5021621025252683, "spark.memory.offHeap.enabled": 0.6659300870026206, "spark.memory.offHeap.size": 949.9091865897549, "spark.memory.storageFraction": 0.877258207814954, "spark.memory.useLegacyMode": 0.6488208139012316, "spark.port.maxRetries": 24.911466926615965, "spark.python.worker.memory": 292.2736888842005, "spark.python.worker.reuse": 0.9817487020518515, "spark.rdd.compress": 0.16669686554103458, "spark.reducer.maxBlocksInFlightPerAddress": 1532899174.929877, "spark.reducer.maxReqsInFlight": 2029160450.6093915, "spark.reducer.maxSizeInFlight": 28.272061392328354, "spark.rpc.io.backLog": 69.12898194587464, "spark.rpc.lookupTimeout": 68.85281044271781, "spark.rpc.message.maxSize": 349.09209268117024, "spark.rpc.retry.wait": 4.669543977613088, "spark.scheduler.blacklist.unschedulableTaskSetTimeout": 105.28903742196164, "spark.scheduler.listenerbus.eventqueue.capacity": 19166.629966109394, "spark.scheduler.minRegisteredResourcesRatio": 0.8564571847231104, "spark.scheduler.mode": 0.8864742920473323, "spark.scheduler.revive.interval": 36.65217781212424, "spark.serializer.objectStreamReset": 79.43513471914991, "spark.shuffle.compress": 0.8518675501137282, "spark.shuffle.file.buffer": 158.88453156266027, "spark.shuffle.io.backLog": 46.295950588700286, "spark.shuffle.io.maxRetries": 8.56622061057934, "spark.shuffle.io.numConnectionsPerPeer": 4.520879625208188, "spark.shuffle.io.preferDirectBufs": 0.5481506928782838, "spark.shuffle.maxChunksBeingTransferred": 7.331361012319208e+17, "spark.shuffle.memoryFraction": 0.8356745913713188, "spark.shuffle.service.index.cache.size": 158.9206434618572, "spark.shuffle.sort.bypassMergeThreshold": 465.55050310452094, "spark.shuffle.spill.compress": 0.3317068723912182, "spark.speculation.interval": 932.3613460410941, "spark.speculation.multiplier": 2.1171681614508393, "spark.speculation.quantile": 0.5584268987506354, "spark.stage.maxConsecutiveAttempts": 3.773238305344609, "spark.storage.memoryFraction": 0.9945877200225077, "spark.storage.memoryMapThreshold": 130.38868469983595, "spark.storage.replication.proactive": 0.7743529668877809, "spark.storage.unrollFraction": 0.050590092378678064, "spark.streaming.backpressure.enabled": 0.9496311682239935, "spark.streaming.blockInterval": 310.02339355231567, "spark.streaming.receiver.writeAheadLog.enable": 0.716740854026559, "spark.streaming.stopGracefullyOnShutdown": 0.22769079020982474, "spark.streaming.unpersist": 0.782558811267142, "spark.task.maxFailures": 5.8887882627772505, "spark.task.reaper.enabled": 0.6056258296692735, "spark.task.reaper.pollingInterval": 16.630477787953062, "spark.task.reaper.threadDump": 0.12270895496784939}, "datetime": {"datetime": "2022-02-11 17:57:34", "elapsed": 65385.869716, "delta": 276.297016}}
