{"target": -138.311, "params": {"spark.broadcast.blockSize": 209.09398034658443, "spark.broadcast.checksum": 0.7203244934421581, "spark.broadcast.compress": 0.00011437481734488664, "spark.cleaner.periodicGC.interval": 34.18660581054718, "spark.cleaner.referenceTracking": 0.14675589081711304, "spark.cleaner.referenceTracking.blocking": 0.0923385947687978, "spark.cleaner.referenceTracking.blocking.shuffle": 0.1862602113776709, "spark.cleaner.referenceTracking.cleanCheckpoints": 0.34556072704304774, "spark.default.parallelism": 203.2095973214896, "spark.driver.maxResultSize": 269.8695502676751, "spark.driver.memoryOverhead": 1081.5396719670825, "spark.executor.cores": 7.166975503570836, "spark.executor.heartbeatInterval": 8.066783745972762, "spark.executor.instances": 12.537409236691346, "spark.executor.memory": 1.4108138979688924, "spark.files.fetchTimeout": 66.93272571248815, "spark.files.maxPartitionBytes": 131571411.3001084, "spark.files.openCostInBytes": 5612124.473313995, "spark.files.overwrite": 0.14038693859523377, "spark.files.useFetchCache": 0.1981014890848788, "spark.hadoop.mapreduce.fileoutputcommitter.algorithm.version": 1.8007445686755368, "spark.io.compression.lz4.blockSize": 247.93844023272698, "spark.io.compression.snappy.blockSize": 81.60974125244768, "spark.kryo.referenceTracking": 0.6923226156693141, "spark.kryoserializer.buffer": 112.42503318930083, "spark.kryoserializer.buffer.max": 115.35279962046168, "spark.locality.wait": 1.7653979023280013, "spark.maxRemoteBlockSizeFetchToMem": 83869680.52273901, "spark.memory.fraction": 0.5849152097822845, "spark.memory.offHeap.enabled": 0.8781425034294131, "spark.memory.offHeap.size": 107.36336549471959, "spark.memory.storageFraction": 0.7105538125025261, "spark.memory.useLegacyMode": 0.9578895301505019, "spark.port.maxRetries": 18.928627979244478, "spark.python.worker.memory": 731.3168433648127, "spark.python.worker.reuse": 0.31551563100606295, "spark.rdd.compress": 0.6865009276815837, "spark.reducer.maxBlocksInFlightPerAddress": 1792344983.419739, "spark.reducer.maxReqsInFlight": 39273786.34556972, "spark.reducer.maxSizeInFlight": 375.3220131575388, "spark.rpc.io.backLog": 126.9306645350235, "spark.rpc.lookupTimeout": 187.1147874197663, "spark.rpc.message.maxSize": 140.9415520401382, "spark.rpc.retry.wait": 4.946396642257443, "spark.scheduler.blacklist.unschedulableTaskSetTimeout": 51.67746138130482, "spark.scheduler.listenerbus.eventqueue.capacity": 10062.083471166294, "spark.scheduler.minRegisteredResourcesRatio": 0.8817191006186191, "spark.scheduler.mode": 0.2936141483736795, "spark.scheduler.revive.interval": 15.81321625214474, "spark.serializer.objectStreamReset": 82.50714302956942, "spark.shuffle.compress": 0.019366957870297075, "spark.shuffle.file.buffer": 339.7389309370056, "spark.shuffle.io.backLog": 33.39537392000709, "spark.shuffle.io.maxRetries": 4.12437327497781, "spark.shuffle.io.numConnectionsPerPeer": 2.966292637121353, "spark.shuffle.io.preferDirectBufs": 0.053362545117080384, "spark.shuffle.maxChunksBeingTransferred": 5.295300268361052e+18, "spark.shuffle.memoryFraction": 0.14672857490581015, "spark.shuffle.service.index.cache.size": 138.39583053549262, "spark.shuffle.sort.bypassMergeThreshold": 729.7825240188381, "spark.shuffle.spill.compress": 0.10233442882782584, "spark.speculation.interval": 419.9154279413726, "spark.speculation.multiplier": 4.472000788638725, "spark.speculation.quantile": 0.41417926952690265, "spark.stage.maxConsecutiveAttempts": 2.2997207536765227, "spark.storage.memoryFraction": 0.5358964059155116, "spark.storage.memoryMapThreshold": 348.70759034890494, "spark.storage.replication.proactive": 0.5148891120583086, "spark.storage.unrollFraction": 0.9445947559908133, "spark.streaming.backpressure.enabled": 0.5865550405019929, "spark.streaming.blockInterval": 456.53086187954756, "spark.streaming.receiver.writeAheadLog.enable": 0.13747470414623753, "spark.streaming.stopGracefullyOnShutdown": 0.13927634725075855, "spark.streaming.unpersist": 0.8073912887095238, "spark.task.maxFailures": 4.386061021913202, "spark.task.reaper.enabled": 0.16535419711693278, "spark.task.reaper.pollingInterval": 18.767645866732575, "spark.task.reaper.threadDump": 0.34776585974550656}, "datetime": {"datetime": "2022-02-10 23:47:48", "elapsed": 0.0, "delta": 0.0}}
{"target": -138.311, "params": {"spark.broadcast.blockSize": 375.6552394649416, "spark.broadcast.checksum": 0.7259979853504515, "spark.broadcast.compress": 0.8833060912058098, "spark.cleaner.periodicGC.interval": 59.893776564448714, "spark.cleaner.referenceTracking": 0.7509424340273372, "spark.cleaner.referenceTracking.blocking": 0.34889834197784253, "spark.cleaner.referenceTracking.blocking.shuffle": 0.2699278917650261, "spark.cleaner.referenceTracking.cleanCheckpoints": 0.8958862181960668, "spark.default.parallelism": 218.6208654166771, "spark.driver.maxResultSize": 482.45518352704437, "spark.driver.memoryOverhead": 1487.9666523698977, "spark.executor.cores": 6.595261481882096, "spark.executor.heartbeatInterval": 6.721189594300627, "spark.executor.instances": 13.393871104484855, "spark.executor.memory": 7.748682002199108, "spark.files.fetchTimeout": 60.487273007099226, "spark.files.maxPartitionBytes": 129418022.16465575, "spark.files.openCostInBytes": 3588396.817011878, "spark.files.overwrite": 0.9033795205622538, "spark.files.useFetchCache": 0.5736794866722859, "spark.hadoop.mapreduce.fileoutputcommitter.algorithm.version": 1.002870327031159, "spark.io.compression.lz4.blockSize": 158.75480805966387, "spark.io.compression.snappy.blockSize": 84.96780505011242, "spark.kryo.referenceTracking": 0.5270581022576093, "spark.kryoserializer.buffer": 113.62870451315759, "spark.kryoserializer.buffer.max": 50.87237120029997, "spark.locality.wait": 9.176816358278193, "spark.maxRemoteBlockSizeFetchToMem": 1338655411.0225203, "spark.memory.fraction": 0.5079106214232781, "spark.memory.offHeap.enabled": 0.9294372337437613, "spark.memory.offHeap.size": 693.9879483417548, "spark.memory.storageFraction": 0.9986614252257402, "spark.memory.useLegacyMode": 0.17234050834532855, "spark.port.maxRetries": 7.839800989608577, "spark.python.worker.memory": 941.2232437684066, "spark.python.worker.reuse": 0.6968181614899002, "spark.rdd.compress": 0.06600017272206249, "spark.reducer.maxBlocksInFlightPerAddress": 1622344553.8218668, "spark.reducer.maxReqsInFlight": 1618936789.0444548, "spark.reducer.maxSizeInFlight": 461.5892432376952, "spark.rpc.io.backLog": 100.30637682833328, "spark.rpc.lookupTimeout": 56.09690201415459, "spark.rpc.message.maxSize": 10.920186786057998, "spark.rpc.retry.wait": 1.1310549343885965, "spark.scheduler.blacklist.unschedulableTaskSetTimeout": 35.94436248436687, "spark.scheduler.listenerbus.eventqueue.capacity": 6431.799216854826, "spark.scheduler.minRegisteredResourcesRatio": 0.8720055897365776, "spark.scheduler.mode": 0.5388310643416528, "spark.scheduler.revive.interval": 28.53545497691676, "spark.serializer.objectStreamReset": 260.50772308990145, "spark.shuffle.compress": 0.12417331511991114, "spark.shuffle.file.buffer": 140.3126558265586, "spark.shuffle.io.backLog": 78.29111257499454, "spark.shuffle.io.maxRetries": 9.756765986557397, "spark.shuffle.io.numConnectionsPerPeer": 3.24412087702284, "spark.shuffle.io.preferDirectBufs": 0.01864728937294302, "spark.shuffle.maxChunksBeingTransferred": 7.384533004994694e+18, "spark.shuffle.memoryFraction": 0.23297427384102043, "spark.shuffle.service.index.cache.size": 171.06577934281688, "spark.shuffle.sort.bypassMergeThreshold": 449.07457965775455, "spark.shuffle.spill.compress": 0.8635418545594287, "spark.speculation.interval": 749.6504263098128, "spark.speculation.multiplier": 3.7812011699520944, "spark.speculation.quantile": 0.13645522566068502, "spark.stage.maxConsecutiveAttempts": 2.3595061370732697, "spark.storage.memoryFraction": 0.12134345574073735, "spark.storage.memoryMapThreshold": 70.04834534514278, "spark.storage.replication.proactive": 0.1074941291060929, "spark.storage.unrollFraction": 0.2257093386078547, "spark.streaming.backpressure.enabled": 0.7129889803826767, "spark.streaming.blockInterval": 301.8726419243641, "spark.streaming.receiver.writeAheadLog.enable": 0.012555980159115854, "spark.streaming.stopGracefullyOnShutdown": 0.07197427968948678, "spark.streaming.unpersist": 0.967276330000272, "spark.task.maxFailures": 5.408602771519653, "spark.task.reaper.enabled": 0.20329323466099047, "spark.task.reaper.pollingInterval": 7.289537657695498, "spark.task.reaper.threadDump": 0.7438258540750929}, "datetime": {"datetime": "2022-02-11 00:23:03", "elapsed": 2115.140624, "delta": 2115.140624}}
{"target": -279.487, "params": {"spark.broadcast.blockSize": 98.51931107355007, "spark.broadcast.checksum": 0.5813589272732578, "spark.broadcast.compress": 0.9700199890883123, "spark.cleaner.periodicGC.interval": 77.74630411920282, "spark.cleaner.referenceTracking": 0.23984775914758616, "spark.cleaner.referenceTracking.blocking": 0.49376971426872995, "spark.cleaner.referenceTracking.blocking.shuffle": 0.6199557183813798, "spark.cleaner.referenceTracking.cleanCheckpoints": 0.8289808995501787, "spark.default.parallelism": 85.14136616587346, "spark.driver.maxResultSize": 10.26952488652735, "spark.driver.memoryOverhead": 500.5168471487859, "spark.executor.cores": 5.3771059984332865, "spark.executor.heartbeatInterval": 14.094941924799954, "spark.executor.instances": 8.826217245037776, "spark.executor.memory": 5.760436139832411, "spark.files.fetchTimeout": 89.20313080887142, "spark.files.maxPartitionBytes": 169725582.7555573, "spark.files.openCostInBytes": 4488793.461349472, "spark.files.overwrite": 0.5509482191178968, "spark.files.useFetchCache": 0.7453344309065021, "spark.hadoop.mapreduce.fileoutputcommitter.algorithm.version": 1.6692328934531846, "spark.io.compression.lz4.blockSize": 69.28956764635359, "spark.io.compression.snappy.blockSize": 18.849047944824157, "spark.kryo.referenceTracking": 0.3700841979141063, "spark.kryoserializer.buffer": 81.34440588471712, "spark.kryoserializer.buffer.max": 33.220881189780755, "spark.locality.wait": 7.7747999836493245, "spark.maxRemoteBlockSizeFetchToMem": 142886158.26290753, "spark.memory.fraction": 0.6301575492892705, "spark.memory.offHeap.enabled": 0.8047545637433454, "spark.memory.offHeap.size": 201.49993979709447, "spark.memory.storageFraction": 0.8197304404399701, "spark.memory.useLegacyMode": 0.5246703091237337, "spark.port.maxRetries": 29.89462317118182, "spark.python.worker.memory": 357.59478386476076, "spark.python.worker.reuse": 0.06596109068402378, "spark.rdd.compress": 0.7350659632886695, "spark.reducer.maxBlocksInFlightPerAddress": 1658239693.295025, "spark.reducer.maxReqsInFlight": 1949519698.6605234, "spark.reducer.maxSizeInFlight": 466.0540625292218, "spark.rpc.io.backLog": 33.33935100565731, "spark.rpc.lookupTimeout": 79.2160380854983, "spark.rpc.message.maxSize": 308.77240014382716, "spark.rpc.retry.wait": 5.7450816034380825, "spark.scheduler.blacklist.unschedulableTaskSetTimeout": 229.53698504188674, "spark.scheduler.listenerbus.eventqueue.capacity": 12019.757387512815, "spark.scheduler.minRegisteredResourcesRatio": 0.8831212699532549, "spark.scheduler.mode": 0.6415662089463375, "spark.scheduler.revive.interval": 20.720370278779818, "spark.serializer.objectStreamReset": 171.49766677422744, "spark.shuffle.compress": 0.6043104829199732, "spark.shuffle.file.buffer": 275.2244128327727, "spark.shuffle.io.backLog": 119.14177120477444, "spark.shuffle.io.maxRetries": 9.349867485068849, "spark.shuffle.io.numConnectionsPerPeer": 2.5795024516942195, "spark.shuffle.io.preferDirectBufs": 0.9632625284407118, "spark.shuffle.maxChunksBeingTransferred": 1.604457831713024e+18, "spark.shuffle.memoryFraction": 0.12632951943963733, "spark.shuffle.service.index.cache.size": 70.2618737070097, "spark.shuffle.sort.bypassMergeThreshold": 555.095949109207, "spark.shuffle.spill.compress": 0.021524805274197978, "spark.speculation.interval": 948.4905091055042, "spark.speculation.multiplier": 5.135577355853663, "spark.speculation.quantile": 0.015018980742122379, "spark.stage.maxConsecutiveAttempts": 3.0571775334503313, "spark.storage.memoryFraction": 0.332063574366837, "spark.storage.memoryMapThreshold": 108.9485801649126, "spark.storage.replication.proactive": 0.8094906921265821, "spark.storage.unrollFraction": 0.34473665268329345, "spark.streaming.backpressure.enabled": 0.9401074823333672, "spark.streaming.blockInterval": 311.906380976186, "spark.streaming.receiver.writeAheadLog.enable": 0.8788319844118441, "spark.streaming.stopGracefullyOnShutdown": 0.8447344453922219, "spark.streaming.unpersist": 0.9053923187086492, "spark.task.maxFailures": 4.759281594900842, "spark.task.reaper.enabled": 0.5463468160203733, "spark.task.reaper.pollingInterval": 16.57626104958467, "spark.task.reaper.threadDump": 0.28571885173414757}, "datetime": {"datetime": "2022-02-11 00:27:51", "elapsed": 2403.210443, "delta": 288.069819}}
{"target": -279.487, "params": {"spark.broadcast.blockSize": 245.63650778734393, "spark.broadcast.checksum": 0.5991103076458784, "spark.broadcast.compress": 0.015533275550835723, "spark.cleaner.periodicGC.interval": 57.478512655730974, "spark.cleaner.referenceTracking": 0.4336763489894583, "spark.cleaner.referenceTracking.blocking": 0.8073605288848414, "spark.cleaner.referenceTracking.blocking.shuffle": 0.31524480309537295, "spark.cleaner.referenceTracking.cleanCheckpoints": 0.8928887085251513, "spark.default.parallelism": 292.30574991999146, "spark.driver.maxResultSize": 92.82109061210507, "spark.driver.memoryOverhead": 1695.1142450856391, "spark.executor.cores": 6.508280593404406, "spark.executor.heartbeatInterval": 5.8086390811062945, "spark.executor.instances": 7.042324160013587, "spark.executor.memory": 11.186032548481444, "spark.files.fetchTimeout": 84.3021244584268, "spark.files.maxPartitionBytes": 33648860.01815552, "spark.files.openCostInBytes": 8242389.208726354, "spark.files.overwrite": 0.37658031474577447, "spark.files.useFetchCache": 0.9737835383583225, "spark.hadoop.mapreduce.fileoutputcommitter.algorithm.version": 1.604716100974053, "spark.io.compression.lz4.blockSize": 212.526835227096, "spark.io.compression.snappy.blockSize": 147.97672219585797, "spark.kryo.referenceTracking": 0.6280761983073504, "spark.kryoserializer.buffer": 37.98261149365744, "spark.kryoserializer.buffer.max": 78.42000087872995, "spark.locality.wait": 7.750195873323939, "spark.maxRemoteBlockSizeFetchToMem": 1843214516.6057498, "spark.memory.fraction": 0.8775410942338401, "spark.memory.offHeap.enabled": 0.698057248447303, "spark.memory.offHeap.size": 865.8346357540538, "spark.memory.storageFraction": 0.6613404984183733, "spark.memory.useLegacyMode": 0.6707887907875872, "spark.port.maxRetries": 16.624470219573777, "spark.python.worker.memory": 461.19359977148304, "spark.python.worker.reuse": 0.4108113499221856, "spark.rdd.compress": 0.4014795834695406, "spark.reducer.maxBlocksInFlightPerAddress": 681576840.5918919, "spark.reducer.maxReqsInFlight": 1335561676.14223, "spark.reducer.maxSizeInFlight": 215.6933881398109, "spark.rpc.io.backLog": 125.48499948101622, "spark.rpc.lookupTimeout": 172.33818720120533, "spark.rpc.message.maxSize": 100.08637432512833, "spark.rpc.retry.wait": 3.133505046740164, "spark.scheduler.blacklist.unschedulableTaskSetTimeout": 102.10271035262883, "spark.scheduler.listenerbus.eventqueue.capacity": 16357.4984712542, "spark.scheduler.minRegisteredResourcesRatio": 0.8759996577126864, "spark.scheduler.mode": 0.903841955826372, "spark.scheduler.revive.interval": 33.81055099401259, "spark.serializer.objectStreamReset": 117.55206550743945, "spark.shuffle.compress": 0.25236670150458973, "spark.shuffle.file.buffer": 427.5940734060038, "spark.shuffle.io.backLog": 71.3257575570496, "spark.shuffle.io.maxRetries": 8.417288672036785, "spark.shuffle.io.numConnectionsPerPeer": 3.2899540687664253, "spark.shuffle.io.preferDirectBufs": 0.7331425252875111, "spark.shuffle.maxChunksBeingTransferred": 4.787037331554458e+18, "spark.shuffle.memoryFraction": 0.770883910501888, "spark.shuffle.service.index.cache.size": 135.32869860570733, "spark.shuffle.sort.bypassMergeThreshold": 519.1388907327828, "spark.shuffle.spill.compress": 0.3426889079532818, "spark.speculation.interval": 77.52725493253708, "spark.speculation.multiplier": 2.8896208966404995, "spark.speculation.quantile": 0.07962607769825236, "spark.stage.maxConsecutiveAttempts": 7.89690268238267, "spark.storage.memoryFraction": 0.18161285133076377, "spark.storage.memoryMapThreshold": 415.3364139742429, "spark.storage.replication.proactive": 0.8749616449558981, "spark.storage.unrollFraction": 0.6884132523859433, "spark.streaming.backpressure.enabled": 0.5694944127453757, "spark.streaming.blockInterval": 122.43714656702394, "spark.streaming.receiver.writeAheadLog.enable": 0.4668800227633063, "spark.streaming.stopGracefullyOnShutdown": 0.345172051155215, "spark.streaming.unpersist": 0.2250399578140846, "spark.task.maxFailures": 5.555071212594781, "spark.task.reaper.enabled": 0.31226983770191696, "spark.task.reaper.pollingInterval": 18.577194408961965, "spark.task.reaper.threadDump": 0.9096355249515571}, "datetime": {"datetime": "2022-02-11 01:05:49", "elapsed": 4680.872513, "delta": 2277.66207}}
{"target": -279.487, "params": {"spark.broadcast.blockSize": 129.3020285973159, "spark.broadcast.checksum": 0.1108913007440292, "spark.broadcast.compress": 0.19296273201911285, "spark.cleaner.periodicGC.interval": 49.966733654310886, "spark.cleaner.referenceTracking": 0.7285856679745962, "spark.cleaner.referenceTracking.blocking": 0.20819443840879148, "spark.cleaner.referenceTracking.blocking.shuffle": 0.24803355837723073, "spark.cleaner.referenceTracking.cleanCheckpoints": 0.851671874936367, "spark.default.parallelism": 212.59756938762345, "spark.driver.maxResultSize": 308.72584851046287, "spark.driver.memoryOverhead": 772.8204556941121, "spark.executor.cores": 1.9177053348321769, "spark.executor.heartbeatInterval": 12.737855254527947, "spark.executor.instances": 7.725691844597389, "spark.executor.memory": 3.2900746613974485, "spark.files.fetchTimeout": 63.52643622182909, "spark.files.maxPartitionBytes": 161332085.77337945, "spark.files.openCostInBytes": 6212628.336423172, "spark.files.overwrite": 0.1445455401246598, "spark.files.useFetchCache": 0.7515278171352439, "spark.hadoop.mapreduce.fileoutputcommitter.algorithm.version": 1.2220491397999227, "spark.io.compression.lz4.blockSize": 133.9153633889724, "spark.io.compression.snappy.blockSize": 201.4651911682912, "spark.kryo.referenceTracking": 0.02233042799180618, "spark.kryoserializer.buffer": 42.8696699254995, "spark.kryoserializer.buffer.max": 112.75068516801332, "spark.locality.wait": 8.602386468418626, "spark.maxRemoteBlockSizeFetchToMem": 1156292184.10807, "spark.memory.fraction": 0.9333041370832564, "spark.memory.offHeap.enabled": 0.9498059913536265, "spark.memory.offHeap.size": 828.1429276530479, "spark.memory.storageFraction": 0.9270577219182694, "spark.memory.useLegacyMode": 0.09874340182034835, "spark.port.maxRetries": 22.23652130554775, "spark.python.worker.memory": 741.4668136691133, "spark.python.worker.reuse": 0.6102408126466297, "spark.rdd.compress": 0.799615261736028, "spark.reducer.maxBlocksInFlightPerAddress": 74241138.9854638, "spark.reducer.maxReqsInFlight": 1654075089.040406, "spark.reducer.maxSizeInFlight": 366.13257176902397, "spark.rpc.io.backLog": 56.93104575664189, "spark.rpc.lookupTimeout": 83.98455275265081, "spark.rpc.message.maxSize": 316.5193553976338, "spark.rpc.retry.wait": 2.7264873079554075, "spark.scheduler.blacklist.unschedulableTaskSetTimeout": 197.28362238153036, "spark.scheduler.listenerbus.eventqueue.capacity": 10030.63217606223, "spark.scheduler.minRegisteredResourcesRatio": 0.8565498829568344, "spark.scheduler.mode": 0.9904717836238407, "spark.scheduler.revive.interval": 16.411920297627205, "spark.serializer.objectStreamReset": 85.75145706452484, "spark.shuffle.compress": 0.9013084363492738, "spark.shuffle.file.buffer": 271.23813006479924, "spark.shuffle.io.backLog": 124.96884450260987, "spark.shuffle.io.maxRetries": 7.092835200015178, "spark.shuffle.io.numConnectionsPerPeer": 4.975652098441916, "spark.shuffle.io.preferDirectBufs": 0.5460708041429516, "spark.shuffle.maxChunksBeingTransferred": 4.855422238259342e+18, "spark.shuffle.memoryFraction": 0.1354279030721699, "spark.shuffle.service.index.cache.size": 103.35577564758216, "spark.shuffle.sort.bypassMergeThreshold": 123.59671056673596, "spark.shuffle.spill.compress": 0.1603951795196491, "spark.speculation.interval": 748.1808207804211, "spark.speculation.multiplier": 1.1519984496439442, "spark.speculation.quantile": 0.36654309724374434, "spark.stage.maxConsecutiveAttempts": 7.174077517028264, "spark.storage.memoryFraction": 0.6926777175073543, "spark.storage.memoryMapThreshold": 360.9239639297758, "spark.storage.replication.proactive": 0.18863680095531088, "spark.storage.unrollFraction": 0.44190428074842336, "spark.streaming.backpressure.enabled": 0.5815774073442912, "spark.streaming.blockInterval": 495.38826844866736, "spark.streaming.receiver.writeAheadLog.enable": 0.20390622523312185, "spark.streaming.stopGracefullyOnShutdown": 0.24773290176235485, "spark.streaming.unpersist": 0.26217308377291193, "spark.task.maxFailures": 6.501034479787957, "spark.task.reaper.enabled": 0.4569753274356928, "spark.task.reaper.pollingInterval": 3.967800452988615, "spark.task.reaper.threadDump": 0.5085162406102396}, "datetime": {"datetime": "2022-02-11 02:05:35", "elapsed": 8266.762361, "delta": 3585.889848}}
