{"target": -760.757, "params": {"spark.broadcast.blockSize": 9.725229166232792, "spark.broadcast.checksum": 0.6512492467318771, "spark.broadcast.compress": 0.7899322129056323, "spark.cleaner.periodicGC.interval": 25.509199185976705, "spark.cleaner.referenceTracking": 0.8321904302959033, "spark.cleaner.referenceTracking.blocking": 0.5090001442755793, "spark.cleaner.referenceTracking.blocking.shuffle": 0.44433277710546615, "spark.cleaner.referenceTracking.cleanCheckpoints": 0.0797782177246048, "spark.default.parallelism": 157.277620103325, "spark.driver.maxResultSize": 176.16709373534118, "spark.driver.memoryOverhead": 591.6376858410445, "spark.executor.cores": 7.576739230670545, "spark.executor.heartbeatInterval": 10.160376700463491, "spark.executor.instances": 10.010078025436833, "spark.executor.memory": 4.266636924259435, "spark.files.fetchTimeout": 55.34820574783476, "spark.files.maxPartitionBytes": 130992326.61804427, "spark.files.openCostInBytes": 6438376.770633647, "spark.files.overwrite": 0.6052004192999931, "spark.files.useFetchCache": 0.021206081185634607, "spark.hadoop.mapreduce.fileoutputcommitter.algorithm.version": 1.8786388306105128, "spark.io.compression.lz4.blockSize": 185.92444374319345, "spark.io.compression.snappy.blockSize": 83.71977258497184, "spark.kryo.referenceTracking": 0.5226802094085529, "spark.kryoserializer.buffer": 46.737184599065486, "spark.kryoserializer.buffer.max": 78.0567849782648, "spark.locality.wait": 8.441982296026879, "spark.maxRemoteBlockSizeFetchToMem": 2018068009.4596393, "spark.memory.fraction": 0.8252364613226926, "spark.memory.offHeap.enabled": 0.01751821036930601, "spark.memory.offHeap.size": 847.5787697267866, "spark.memory.storageFraction": 0.8902922217293168, "spark.memory.useLegacyMode": 0.3630514247713872, "spark.port.maxRetries": 4.150176069873186, "spark.python.worker.memory": 260.4021630260719, "spark.python.worker.reuse": 0.42143092407288507, "spark.rdd.compress": 0.5066703342806195, "spark.reducer.maxBlocksInFlightPerAddress": 651624142.1663398, "spark.reducer.maxReqsInFlight": 685968167.214809, "spark.reducer.maxSizeInFlight": 276.0540312056578, "spark.rpc.io.backLog": 61.24042226465582, "spark.rpc.lookupTimeout": 76.43079208133797, "spark.rpc.message.maxSize": 126.59413195896178, "spark.rpc.retry.wait": 4.56727719204597, "spark.scheduler.blacklist.unschedulableTaskSetTimeout": 74.81743156286736, "spark.scheduler.listenerbus.eventqueue.capacity": 15167.607355070506, "spark.scheduler.minRegisteredResourcesRatio": 0.7734921577184658, "spark.scheduler.mode": 0.9950886821635367, "spark.scheduler.revive.interval": 40.64521944080331, "spark.serializer.objectStreamReset": 155.37255662481402, "spark.shuffle.compress": 0.9014798124684482, "spark.shuffle.file.buffer": 109.98278757622941, "spark.shuffle.io.backLog": 43.43598939143535, "spark.shuffle.io.maxRetries": 8.080499158260574, "spark.shuffle.io.numConnectionsPerPeer": 2.1208771747196815, "spark.shuffle.io.preferDirectBufs": 0.5042705687298397, "spark.shuffle.maxChunksBeingTransferred": 4.648367463645854e+18, "spark.shuffle.memoryFraction": 0.5804279847596918, "spark.shuffle.service.index.cache.size": 109.33783302333384, "spark.shuffle.sort.bypassMergeThreshold": 222.14522898146873, "spark.shuffle.spill.compress": 0.6341087432440098, "spark.speculation.interval": 826.3680560220868, "spark.speculation.multiplier": 3.4707312466456477, "spark.speculation.quantile": 0.28567346201080024, "spark.stage.maxConsecutiveAttempts": 5.956416432329272, "spark.storage.memoryFraction": 0.5062602002534378, "spark.storage.memoryMapThreshold": 479.7297008089296, "spark.storage.replication.proactive": 0.14948227517227752, "spark.storage.unrollFraction": 0.046528642289591415, "spark.streaming.backpressure.enabled": 0.8025594342245679, "spark.streaming.blockInterval": 278.85511828665017, "spark.streaming.receiver.writeAheadLog.enable": 0.5276962115502816, "spark.streaming.stopGracefullyOnShutdown": 0.5708129289783902, "spark.streaming.unpersist": 0.971147872502311, "spark.task.maxFailures": 4.164553527613865, "spark.task.reaper.enabled": 0.9300217770421044, "spark.task.reaper.pollingInterval": 12.662525764479437, "spark.task.reaper.threadDump": 0.25858003217306413}, "datetime": {"datetime": "2022-02-11 09:04:08", "elapsed": 33380.023513, "delta": 3384.087425}}
{"target": -760.757, "params": {"spark.broadcast.blockSize": 116.67626763853336, "spark.broadcast.checksum": 0.41603842836506444, "spark.broadcast.compress": 0.40446617981115784, "spark.cleaner.periodicGC.interval": 16.22512516868121, "spark.cleaner.referenceTracking": 0.2450990283706057, "spark.cleaner.referenceTracking.blocking": 0.24633784399553482, "spark.cleaner.referenceTracking.blocking.shuffle": 0.7567875150137173, "spark.cleaner.referenceTracking.cleanCheckpoints": 0.3330524774610527, "spark.default.parallelism": 493.73631553617753, "spark.driver.maxResultSize": 241.23493604538615, "spark.driver.memoryOverhead": 1270.4695328739112, "spark.executor.cores": 9.084113370130083, "spark.executor.heartbeatInterval": 6.195981165437297, "spark.executor.instances": 5.896019678003813, "spark.executor.memory": 4.675683061455592, "spark.files.fetchTimeout": 21.86310740355191, "spark.files.maxPartitionBytes": 139633683.62383035, "spark.files.openCostInBytes": 5662931.437199592, "spark.files.overwrite": 0.9127714896751495, "spark.files.useFetchCache": 0.6051921454062138, "spark.hadoop.mapreduce.fileoutputcommitter.algorithm.version": 1.2678844276932488, "spark.io.compression.lz4.blockSize": 169.11403403811934, "spark.io.compression.snappy.blockSize": 231.62871360452462, "spark.kryo.referenceTracking": 0.7919952584760669, "spark.kryoserializer.buffer": 37.05669814206893, "spark.kryoserializer.buffer.max": 26.776260944762075, "spark.locality.wait": 9.111166811775394, "spark.maxRemoteBlockSizeFetchToMem": 185495245.91754842, "spark.memory.fraction": 0.5094015200713448, "spark.memory.offHeap.enabled": 0.9998568644667223, "spark.memory.offHeap.size": 490.4546144812191, "spark.memory.storageFraction": 0.6590702277630591, "spark.memory.useLegacyMode": 0.9639061864855771, "spark.port.maxRetries": 6.38368452615145, "spark.python.worker.memory": 614.2301643322519, "spark.python.worker.reuse": 0.34520896200397255, "spark.rdd.compress": 0.8694688635092104, "spark.reducer.maxBlocksInFlightPerAddress": 1092303611.1637616, "spark.reducer.maxReqsInFlight": 831126354.6161232, "spark.reducer.maxSizeInFlight": 105.60181200146285, "spark.rpc.io.backLog": 79.47420706735616, "spark.rpc.lookupTimeout": 177.30544982756982, "spark.rpc.message.maxSize": 247.56265488855124, "spark.rpc.retry.wait": 4.422878191970974, "spark.scheduler.blacklist.unschedulableTaskSetTimeout": 33.438783803604345, "spark.scheduler.listenerbus.eventqueue.capacity": 6996.825041760295, "spark.scheduler.minRegisteredResourcesRatio": 0.8135643996583047, "spark.scheduler.mode": 0.5920657019257208, "spark.scheduler.revive.interval": 41.7550264170033, "spark.serializer.objectStreamReset": 165.9870131812824, "spark.shuffle.compress": 0.4195336413724815, "spark.shuffle.file.buffer": 218.91257926816706, "spark.shuffle.io.backLog": 81.58416557067737, "spark.shuffle.io.maxRetries": 8.13731084802276, "spark.shuffle.io.numConnectionsPerPeer": 1.0811468434991451, "spark.shuffle.io.preferDirectBufs": 0.6412482722443713, "spark.shuffle.maxChunksBeingTransferred": 1.8662134097682266e+18, "spark.shuffle.memoryFraction": 0.09874344337173657, "spark.shuffle.service.index.cache.size": 178.087794465895, "spark.shuffle.sort.bypassMergeThreshold": 703.5722590262451, "spark.shuffle.spill.compress": 0.11765399774733942, "spark.speculation.interval": 424.1474369030863, "spark.speculation.multiplier": 4.453097355396286, "spark.speculation.quantile": 0.34465100459225884, "spark.stage.maxConsecutiveAttempts": 2.285951840238101, "spark.storage.memoryFraction": 0.6674421186942137, "spark.storage.memoryMapThreshold": 362.9943695792359, "spark.storage.replication.proactive": 0.3776322301852255, "spark.storage.unrollFraction": 0.9364661041143928, "spark.streaming.backpressure.enabled": 0.2664270805390664, "spark.streaming.blockInterval": 286.0020042690476, "spark.streaming.receiver.writeAheadLog.enable": 0.6711809188578722, "spark.streaming.stopGracefullyOnShutdown": 0.8961427618948243, "spark.streaming.unpersist": 0.09402751058639358, "spark.task.maxFailures": 6.546964024571742, "spark.task.reaper.enabled": 0.3948383645562117, "spark.task.reaper.pollingInterval": 12.350729320253249, "spark.task.reaper.threadDump": 0.9633741350743822}, "datetime": {"datetime": "2022-02-11 09:42:39", "elapsed": 35691.25487, "delta": 2311.231357}}
{"target": -484.592, "params": {"spark.broadcast.blockSize": 191.26367658472373, "spark.broadcast.checksum": 0.8322939814787838, "spark.broadcast.compress": 0.8575983354428052, "spark.cleaner.periodicGC.interval": 80.52364181091286, "spark.cleaner.referenceTracking": 0.5559034121888811, "spark.cleaner.referenceTracking.blocking": 0.6823431893590264, "spark.cleaner.referenceTracking.blocking.shuffle": 0.8530880152777587, "spark.cleaner.referenceTracking.cleanCheckpoints": 0.1634060657533566, "spark.default.parallelism": 95.74571117067597, "spark.driver.maxResultSize": 213.96803997021624, "spark.driver.memoryOverhead": 1584.7224176248983, "spark.executor.cores": 3.3557792518149356, "spark.executor.heartbeatInterval": 13.945682036547577, "spark.executor.instances": 9.973459422039506, "spark.executor.memory": 10.057796758650202, "spark.files.fetchTimeout": 49.817723275737606, "spark.files.maxPartitionBytes": 58014693.24918336, "spark.files.openCostInBytes": 4864051.600791536, "spark.files.overwrite": 0.6789604727498212, "spark.files.useFetchCache": 0.34152257960135535, "spark.hadoop.mapreduce.fileoutputcommitter.algorithm.version": 1.981470448846541, "spark.io.compression.lz4.blockSize": 251.2996359390595, "spark.io.compression.snappy.blockSize": 223.89490038980713, "spark.kryo.referenceTracking": 0.9353386619965417, "spark.kryoserializer.buffer": 66.24071125344716, "spark.kryoserializer.buffer.max": 36.25745516846179, "spark.locality.wait": 4.154566938795635, "spark.maxRemoteBlockSizeFetchToMem": 1729346143.866166, "spark.memory.fraction": 0.6645807478162442, "spark.memory.offHeap.enabled": 0.8906263520907904, "spark.memory.offHeap.size": 375.5948610416807, "spark.memory.storageFraction": 0.5115323932243365, "spark.memory.useLegacyMode": 0.7408596696032201, "spark.port.maxRetries": 11.547500532319578, "spark.python.worker.memory": 993.2772715678883, "spark.python.worker.reuse": 0.2979995075525298, "spark.rdd.compress": 0.6721953162024119, "spark.reducer.maxBlocksInFlightPerAddress": 738143923.4972275, "spark.reducer.maxReqsInFlight": 587687707.5966642, "spark.reducer.maxSizeInFlight": 82.1202667790563, "spark.rpc.io.backLog": 82.67600122479679, "spark.rpc.lookupTimeout": 221.04004223537552, "spark.rpc.message.maxSize": 361.1954720867906, "spark.rpc.retry.wait": 2.501605873742725, "spark.scheduler.blacklist.unschedulableTaskSetTimeout": 43.68306921121592, "spark.scheduler.listenerbus.eventqueue.capacity": 17803.454552001254, "spark.scheduler.minRegisteredResourcesRatio": 0.7430858550756264, "spark.scheduler.mode": 0.2867359396082335, "spark.scheduler.revive.interval": 42.29522194458462, "spark.serializer.objectStreamReset": 188.99871723750505, "spark.shuffle.compress": 0.23921746899085106, "spark.shuffle.file.buffer": 134.87052590229936, "spark.shuffle.io.backLog": 69.90783006266857, "spark.shuffle.io.maxRetries": 2.8345060572178014, "spark.shuffle.io.numConnectionsPerPeer": 4.065081533494167, "spark.shuffle.io.preferDirectBufs": 0.7147575140692102, "spark.shuffle.maxChunksBeingTransferred": 7.480100060164702e+18, "spark.shuffle.memoryFraction": 0.7395286525269892, "spark.shuffle.service.index.cache.size": 69.46074820096266, "spark.shuffle.sort.bypassMergeThreshold": 432.7204697034006, "spark.shuffle.spill.compress": 0.17885672038987244, "spark.speculation.interval": 432.25982240825385, "spark.speculation.multiplier": 5.622868886068345, "spark.speculation.quantile": 0.11609284806144893, "spark.stage.maxConsecutiveAttempts": 3.2615691749180686, "spark.storage.memoryFraction": 0.6960727268624481, "spark.storage.memoryMapThreshold": 376.83549010807053, "spark.storage.replication.proactive": 0.35413792253823284, "spark.storage.unrollFraction": 0.5600787567801082, "spark.streaming.backpressure.enabled": 0.7751289435650308, "spark.streaming.blockInterval": 60.83273732640245, "spark.streaming.receiver.writeAheadLog.enable": 0.831758031490364, "spark.streaming.stopGracefullyOnShutdown": 0.29000982685897536, "spark.streaming.unpersist": 0.609429657509086, "spark.task.maxFailures": 4.506392233228551, "spark.task.reaper.enabled": 0.5177612182136536, "spark.task.reaper.pollingInterval": 13.349536230062325, "spark.task.reaper.threadDump": 0.031018193453012377}, "datetime": {"datetime": "2022-02-11 09:50:53", "elapsed": 36184.836454, "delta": 493.581584}}
{"target": -711.319, "params": {"spark.broadcast.blockSize": 269.26356916730214, "spark.broadcast.checksum": 0.3735704865429941, "spark.broadcast.compress": 0.18533450334365453, "spark.cleaner.periodicGC.interval": 70.36934715367879, "spark.cleaner.referenceTracking": 0.9381830729657428, "spark.cleaner.referenceTracking.blocking": 0.5153521618575962, "spark.cleaner.referenceTracking.blocking.shuffle": 0.9584836769969712, "spark.cleaner.referenceTracking.cleanCheckpoints": 0.37193584687655035, "spark.default.parallelism": 251.51363498362252, "spark.driver.maxResultSize": 302.6981087871297, "spark.driver.memoryOverhead": 930.9940688054758, "spark.executor.cores": 1.5608013265264575, "spark.executor.heartbeatInterval": 19.501943275124525, "spark.executor.instances": 6.9078778784853, "spark.executor.memory": 12.58560377628637, "spark.files.fetchTimeout": 81.97834300536643, "spark.files.maxPartitionBytes": 155889955.63521206, "spark.files.openCostInBytes": 6022265.492037835, "spark.files.overwrite": 0.46070114472444057, "spark.files.useFetchCache": 0.3156165193552041, "spark.hadoop.mapreduce.fileoutputcommitter.algorithm.version": 1.5443481049877166, "spark.io.compression.lz4.blockSize": 158.49679269080235, "spark.io.compression.snappy.blockSize": 161.8867571076927, "spark.kryo.referenceTracking": 0.07575105322482811, "spark.kryoserializer.buffer": 23.866434262968674, "spark.kryoserializer.buffer.max": 103.6913246982796, "spark.locality.wait": 4.583580521301275, "spark.maxRemoteBlockSizeFetchToMem": 1291055024.2787547, "spark.memory.fraction": 0.967431290981402, "spark.memory.offHeap.enabled": 0.8657394207040247, "spark.memory.offHeap.size": 987.6600856618383, "spark.memory.storageFraction": 0.5502939221929359, "spark.memory.useLegacyMode": 0.1153999987614236, "spark.port.maxRetries": 17.184473756332892, "spark.python.worker.memory": 543.585899729763, "spark.python.worker.reuse": 0.6789983803749746, "spark.rdd.compress": 0.5563611649212801, "spark.reducer.maxBlocksInFlightPerAddress": 920825307.8963528, "spark.reducer.maxReqsInFlight": 922523987.459738, "spark.reducer.maxSizeInFlight": 12.892636576771888, "spark.rpc.io.backLog": 85.54182944322416, "spark.rpc.lookupTimeout": 92.49349734215718, "spark.rpc.message.maxSize": 453.01146868533937, "spark.rpc.retry.wait": 1.7341260863628196, "spark.scheduler.blacklist.unschedulableTaskSetTimeout": 196.1294034970505, "spark.scheduler.listenerbus.eventqueue.capacity": 5420.334768347186, "spark.scheduler.minRegisteredResourcesRatio": 0.7591602224672432, "spark.scheduler.mode": 0.5407034078123232, "spark.scheduler.revive.interval": 7.752453798321422, "spark.serializer.objectStreamReset": 127.53864422358478, "spark.shuffle.compress": 0.5799448004732899, "spark.shuffle.file.buffer": 361.53873932740663, "spark.shuffle.io.backLog": 19.524220646756156, "spark.shuffle.io.maxRetries": 3.7235895665564085, "spark.shuffle.io.numConnectionsPerPeer": 1.3990694555373917, "spark.shuffle.io.preferDirectBufs": 0.5714970142468812, "spark.shuffle.maxChunksBeingTransferred": 2.105867614157369e+18, "spark.shuffle.memoryFraction": 0.2900378561810303, "spark.shuffle.service.index.cache.size": 60.79155953056581, "spark.shuffle.sort.bypassMergeThreshold": 860.3020168406807, "spark.shuffle.spill.compress": 0.7114601372616142, "spark.speculation.interval": 43.56156435067608, "spark.speculation.multiplier": 5.3235886299379125, "spark.speculation.quantile": 0.6849730203026086, "spark.stage.maxConsecutiveAttempts": 5.891530732188644, "spark.storage.memoryFraction": 0.20239854743851804, "spark.storage.memoryMapThreshold": 354.7490806545369, "spark.storage.replication.proactive": 0.1212832295072781, "spark.storage.unrollFraction": 0.3044893521527563, "spark.streaming.backpressure.enabled": 0.3801774858581014, "spark.streaming.blockInterval": 260.40469085933523, "spark.streaming.receiver.writeAheadLog.enable": 0.13958513259375993, "spark.streaming.stopGracefullyOnShutdown": 0.8310374688889847, "spark.streaming.unpersist": 0.4993743629361883, "spark.task.maxFailures": 2.8344828796328034, "spark.task.reaper.enabled": 0.2756482174570283, "spark.task.reaper.pollingInterval": 6.939937495904562, "spark.task.reaper.threadDump": 0.4464353348434066}, "datetime": {"datetime": "2022-02-11 10:02:53", "elapsed": 36904.788022, "delta": 719.951568}}
{"target": -711.319, "params": {"spark.broadcast.blockSize": 225.89124075028684, "spark.broadcast.checksum": 0.8646018699711909, "spark.broadcast.compress": 0.9776992215060412, "spark.cleaner.periodicGC.interval": 31.09090398742703, "spark.cleaner.referenceTracking": 0.1690664317710987, "spark.cleaner.referenceTracking.blocking": 0.48566854744142196, "spark.cleaner.referenceTracking.blocking.shuffle": 0.32808025341651625, "spark.cleaner.referenceTracking.cleanCheckpoints": 0.5208611986894014, "spark.default.parallelism": 122.57216686066303, "spark.driver.maxResultSize": 307.39298007244327, "spark.driver.memoryOverhead": 1994.378186579092, "spark.executor.cores": 3.6664655605518384, "spark.executor.heartbeatInterval": 5.439924292454449, "spark.executor.instances": 9.683605734310694, "spark.executor.memory": 3.152148796051871, "spark.files.fetchTimeout": 40.78471418755415, "spark.files.maxPartitionBytes": 227520682.26370618, "spark.files.openCostInBytes": 6222729.132315916, "spark.files.overwrite": 0.12499622375070296, "spark.files.useFetchCache": 0.6466175070937396, "spark.hadoop.mapreduce.fileoutputcommitter.algorithm.version": 1.007103587249952, "spark.io.compression.lz4.blockSize": 132.39990164165542, "spark.io.compression.snappy.blockSize": 176.58877636087666, "spark.kryo.referenceTracking": 0.8394368531463622, "spark.kryoserializer.buffer": 5.421952090354939, "spark.kryoserializer.buffer.max": 72.82536827100577, "spark.locality.wait": 4.561938020875403, "spark.maxRemoteBlockSizeFetchToMem": 399590751.5658341, "spark.memory.fraction": 0.8404719653774784, "spark.memory.offHeap.enabled": 0.34694744662305377, "spark.memory.offHeap.size": 214.54978534126545, "spark.memory.storageFraction": 0.8643932072183984, "spark.memory.useLegacyMode": 0.7613612169102576, "spark.port.maxRetries": 26.002601012759026, "spark.python.worker.memory": 868.3073937705769, "spark.python.worker.reuse": 0.36655606030822485, "spark.rdd.compress": 0.7143581988325256, "spark.reducer.maxBlocksInFlightPerAddress": 1558253610.2836487, "spark.reducer.maxReqsInFlight": 861393666.3266996, "spark.reducer.maxSizeInFlight": 379.123602814437, "spark.rpc.io.backLog": 75.87151552665222, "spark.rpc.lookupTimeout": 33.90383807739247, "spark.rpc.message.maxSize": 141.30691030222343, "spark.rpc.retry.wait": 4.414677891264743, "spark.scheduler.blacklist.unschedulableTaskSetTimeout": 45.193079538415816, "spark.scheduler.listenerbus.eventqueue.capacity": 12122.927014918878, "spark.scheduler.minRegisteredResourcesRatio": 0.7559349413166249, "spark.scheduler.mode": 0.7364206756915427, "spark.scheduler.revive.interval": 14.808839283721307, "spark.serializer.objectStreamReset": 98.65146107233079, "spark.shuffle.compress": 0.11919255178066668, "spark.shuffle.file.buffer": 286.1154832281352, "spark.shuffle.io.backLog": 119.5747216145866, "spark.shuffle.io.maxRetries": 3.811268473483713, "spark.shuffle.io.numConnectionsPerPeer": 2.9625896674245804, "spark.shuffle.io.preferDirectBufs": 0.4967706882525751, "spark.shuffle.maxChunksBeingTransferred": 7.816548011432904e+18, "spark.shuffle.memoryFraction": 0.8032179139204911, "spark.shuffle.service.index.cache.size": 57.39087677108004, "spark.shuffle.sort.bypassMergeThreshold": 174.2060576200203, "spark.shuffle.spill.compress": 0.2131462092413372, "spark.speculation.interval": 258.5938020297034, "spark.speculation.multiplier": 1.5997516975602868, "spark.speculation.quantile": 0.6089919888195058, "spark.stage.maxConsecutiveAttempts": 6.4741348716507625, "spark.storage.memoryFraction": 0.506324422532823, "spark.storage.memoryMapThreshold": 126.92407745472917, "spark.storage.replication.proactive": 0.6468809904409948, "spark.storage.unrollFraction": 0.18320238364409058, "spark.streaming.backpressure.enabled": 0.8845838697366659, "spark.streaming.blockInterval": 378.90222342274177, "spark.streaming.receiver.writeAheadLog.enable": 0.23153721253985826, "spark.streaming.stopGracefullyOnShutdown": 0.8283178842286898, "spark.streaming.unpersist": 0.7287329435034458, "spark.task.maxFailures": 2.039492572538012, "spark.task.reaper.enabled": 0.7339520203248037, "spark.task.reaper.pollingInterval": 4.437723603424619, "spark.task.reaper.threadDump": 0.13082845682428623}, "datetime": {"datetime": "2022-02-11 10:57:48", "elapsed": 40200.207503, "delta": 3295.419481}}
