{"target": -1103.16, "params": {"spark.broadcast.blockSize": 106.7681221571943, "spark.broadcast.checksum": 0.7986042447602102, "spark.broadcast.compress": 0.29733138150727223, "spark.cleaner.periodicGC.interval": 12.20848095636029, "spark.cleaner.referenceTracking": 0.593432449464621, "spark.cleaner.referenceTracking.blocking": 0.8438404289311888, "spark.cleaner.referenceTracking.blocking.shuffle": 0.3810161240622142, "spark.cleaner.referenceTracking.cleanCheckpoints": 0.7498583107261434, "spark.default.parallelism": 259.4816073221871, "spark.driver.maxResultSize": 270.93495067613213, "spark.driver.memoryOverhead": 1980.498710246756, "spark.executor.cores": 8.23564802348782, "spark.executor.heartbeatInterval": 5.48484599935361, "spark.executor.instances": 10.512647014775542, "spark.executor.memory": 7.975022223452591, "spark.files.fetchTimeout": 86.32842589765698, "spark.files.maxPartitionBytes": 85564779.38502088, "spark.files.openCostInBytes": 3777423.860675321, "spark.files.overwrite": 0.081473964877262, "spark.files.useFetchCache": 0.42861882866378653, "spark.hadoop.mapreduce.fileoutputcommitter.algorithm.version": 1.1090187640190683, "spark.io.compression.lz4.blockSize": 162.98183719542715, "spark.io.compression.snappy.blockSize": 205.95266229292943, "spark.kryo.referenceTracking": 0.6968004961201785, "spark.kryoserializer.buffer": 98.54263401554708, "spark.kryoserializer.buffer.max": 49.094494381222376, "spark.locality.wait": 8.6126633472491, "spark.maxRemoteBlockSizeFetchToMem": 920773827.3721575, "spark.memory.fraction": 0.9120049352061594, "spark.memory.offHeap.enabled": 0.6264961586242938, "spark.memory.offHeap.size": 151.98881818354246, "spark.memory.storageFraction": 0.539193449927474, "spark.memory.useLegacyMode": 0.01833264291300729, "spark.port.maxRetries": 5.868299933901981, "spark.python.worker.memory": 527.8850855537526, "spark.python.worker.reuse": 0.11334192276759048, "spark.rdd.compress": 0.027783348848669953, "spark.reducer.maxBlocksInFlightPerAddress": 1621052689.4876087, "spark.reducer.maxReqsInFlight": 847934955.8508114, "spark.reducer.maxSizeInFlight": 373.72230930815505, "spark.rpc.io.backLog": 75.43086336765936, "spark.rpc.lookupTimeout": 124.51821687015983, "spark.rpc.message.maxSize": 239.55818085219767, "spark.rpc.retry.wait": 3.37001963281097, "spark.scheduler.blacklist.unschedulableTaskSetTimeout": 198.6643018439756, "spark.scheduler.listenerbus.eventqueue.capacity": 9243.065357439245, "spark.scheduler.minRegisteredResourcesRatio": 0.8809372320687247, "spark.scheduler.mode": 0.037061047954035864, "spark.scheduler.revive.interval": 39.1459684505801, "spark.serializer.objectStreamReset": 81.4103452844347, "spark.shuffle.compress": 0.6185135669120855, "spark.shuffle.file.buffer": 6.171766406280738, "spark.shuffle.io.backLog": 72.63527390916164, "spark.shuffle.io.maxRetries": 2.024143652956771, "spark.shuffle.io.numConnectionsPerPeer": 4.804775141960818, "spark.shuffle.io.preferDirectBufs": 0.905402033702778, "spark.shuffle.maxChunksBeingTransferred": 7.341499234571131e+18, "spark.shuffle.memoryFraction": 0.9152743199147875, "spark.shuffle.service.index.cache.size": 71.83373467375955, "spark.shuffle.sort.bypassMergeThreshold": 241.95706288347995, "spark.shuffle.spill.compress": 0.187631672902434, "spark.speculation.interval": 626.2709432769219, "spark.speculation.multiplier": 5.529047480041509, "spark.speculation.quantile": 0.9899551783590737, "spark.stage.maxConsecutiveAttempts": 6.266734752594895, "spark.storage.memoryFraction": 0.7318004091422953, "spark.storage.memoryMapThreshold": 459.1819420449145, "spark.storage.replication.proactive": 0.4008737323711209, "spark.storage.unrollFraction": 0.24985068022503676, "spark.streaming.backpressure.enabled": 0.17343017078712286, "spark.streaming.blockInterval": 103.75567265017804, "spark.streaming.receiver.writeAheadLog.enable": 0.8126105880328287, "spark.streaming.stopGracefullyOnShutdown": 0.14679237341724316, "spark.streaming.unpersist": 0.2642974827269007, "spark.task.maxFailures": 6.914535071801184, "spark.task.reaper.enabled": 0.31058725179421, "spark.task.reaper.pollingInterval": 19.70109663798003, "spark.task.reaper.threadDump": 0.2666387021516352}, "datetime": {"datetime": "2022-02-11 02:24:07", "elapsed": 9378.710947, "delta": 1111.948586}}
{"target": -1103.16, "params": {"spark.broadcast.blockSize": 47.076958789630105, "spark.broadcast.checksum": 0.1862602113776709, "spark.broadcast.compress": 0.34556072704304774, "spark.cleaner.periodicGC.interval": 41.741397938453595, "spark.cleaner.referenceTracking": 0.538816734003357, "spark.cleaner.referenceTracking.blocking": 0.4191945144032948, "spark.cleaner.referenceTracking.blocking.shuffle": 0.6852195003967595, "spark.cleaner.referenceTracking.cleanCheckpoints": 0.20445224973151743, "spark.default.parallelism": 440.03377870434514, "spark.driver.maxResultSize": 14.666409005765155, "spark.driver.memoryOverhead": 1499.6579369368612, "spark.executor.cores": 4.755743221304143, "spark.executor.heartbeatInterval": 13.380347426686274, "spark.executor.instances": 3.684643263142805, "spark.executor.memory": 3.971522336273182, "spark.files.fetchTimeout": 76.05211980728757, "spark.files.maxPartitionBytes": 260980702.40482563, "spark.files.openCostInBytes": 4069046.4262250373, "spark.files.overwrite": 0.6923226156693141, "spark.files.useFetchCache": 0.8763891522960383, "spark.hadoop.mapreduce.fileoutputcommitter.algorithm.version": 1.8946066635038474, "spark.io.compression.lz4.blockSize": 23.60122968792359, "spark.io.compression.snappy.blockSize": 11.91991494115212, "spark.kryo.referenceTracking": 0.1698304195645689, "spark.kryoserializer.buffer": 112.64595543210605, "spark.kryoserializer.buffer.max": 19.801620059966012, "spark.locality.wait": 4.78996862504547, "spark.maxRemoteBlockSizeFetchToMem": 2057051619.613371, "spark.memory.fraction": 0.7665826424865085, "spark.memory.offHeap.enabled": 0.6918771139504734, "spark.memory.offHeap.size": 322.3604746960023, "spark.memory.storageFraction": 0.8432504638407918, "spark.memory.useLegacyMode": 0.8346256718973729, "spark.port.maxRetries": 4.512071765637371, "spark.python.worker.memory": 782.1258426320117, "spark.python.worker.reuse": 0.9888610889064947, "spark.rdd.compress": 0.7481656543798394, "spark.reducer.maxBlocksInFlightPerAddress": 602248894.053268, "spark.reducer.maxReqsInFlight": 1694964452.87192, "spark.reducer.maxSizeInFlight": 52.50977728224337, "spark.rpc.io.backLog": 74.9977785128869, "spark.rpc.lookupTimeout": 220.80505564955007, "spark.rpc.message.maxSize": 147.51346003846606, "spark.rpc.retry.wait": 2.4388766929317436, "spark.scheduler.blacklist.unschedulableTaskSetTimeout": 57.30600014483831, "spark.scheduler.listenerbus.eventqueue.capacity": 2348.6052416653474, "spark.scheduler.minRegisteredResourcesRatio": 0.8357671065879781, "spark.scheduler.mode": 0.21162811600005904, "spark.scheduler.revive.interval": 14.746239649866858, "spark.serializer.objectStreamReset": 172.8932898200846, "spark.shuffle.compress": 0.053362545117080384, "spark.shuffle.file.buffer": 287.4846851405145, "spark.shuffle.io.backLog": 25.60742898869722, "spark.shuffle.io.maxRetries": 6.714444295226274, "spark.shuffle.io.numConnectionsPerPeer": 3.7990334400837247, "spark.shuffle.io.preferDirectBufs": 0.10233442882782584, "spark.shuffle.maxChunksBeingTransferred": 3.8189924197472855e+18, "spark.shuffle.memoryFraction": 0.6944001577277451, "spark.shuffle.service.index.cache.size": 112.1268904290354, "spark.shuffle.sort.bypassMergeThreshold": 144.95811305147845, "spark.shuffle.spill.compress": 0.5358964059155116, "spark.speculation.interval": 667.1566987675909, "spark.speculation.multiplier": 3.574445560291543, "spark.speculation.quantile": 0.9445947559908133, "spark.stage.maxConsecutiveAttempts": 5.519330243011957, "spark.storage.memoryFraction": 0.9034019152878835, "spark.storage.memoryMapThreshold": 111.86361686580689, "spark.storage.replication.proactive": 0.13927634725075855, "spark.storage.unrollFraction": 0.8073912887095238, "spark.streaming.backpressure.enabled": 0.3976768369855336, "spark.streaming.blockInterval": 124.40938870261975, "spark.streaming.receiver.writeAheadLog.enable": 0.9275085803960339, "spark.streaming.stopGracefullyOnShutdown": 0.34776585974550656, "spark.streaming.unpersist": 0.7508121031361555, "spark.task.maxFailures": 6.355987912102709, "spark.task.reaper.enabled": 0.8833060912058098, "spark.task.reaper.pollingInterval": 13.602427519945351, "spark.task.reaper.threadDump": 0.7509424340273372}, "datetime": {"datetime": "2022-02-11 02:59:57", "elapsed": 11528.881794, "delta": 2150.170847}}
{"target": -274.615, "params": {"spark.broadcast.blockSize": 93.28247248386644, "spark.broadcast.checksum": 0.849802999628482, "spark.broadcast.compress": 0.8206804276155039, "spark.cleaner.periodicGC.interval": 37.9033588591242, "spark.cleaner.referenceTracking": 0.4752756913270674, "spark.cleaner.referenceTracking.blocking": 0.17761652016074347, "spark.cleaner.referenceTracking.blocking.shuffle": 0.8680930909494642, "spark.cleaner.referenceTracking.cleanCheckpoints": 0.7864640461024726, "spark.default.parallelism": 363.654908200584, "spark.driver.maxResultSize": 348.0332662085242, "spark.driver.memoryOverhead": 913.7710050914555, "spark.executor.cores": 7.706356070220653, "spark.executor.heartbeatInterval": 16.6207606584805, "spark.executor.instances": 12.240131577385835, "spark.executor.memory": 12.405429134579748, "spark.files.fetchTimeout": 87.24639422136097, "spark.files.maxPartitionBytes": 101562446.39312789, "spark.files.openCostInBytes": 7094532.859998507, "spark.files.overwrite": 0.22184153422651498, "spark.files.useFetchCache": 0.6822342049844854, "spark.hadoop.mapreduce.fileoutputcommitter.algorithm.version": 1.0843137623662695, "spark.io.compression.lz4.blockSize": 56.79189803556838, "spark.io.compression.snappy.blockSize": 130.7670626811007, "spark.kryo.referenceTracking": 0.8741545866540111, "spark.kryoserializer.buffer": 48.025921977568125, "spark.kryoserializer.buffer.max": 119.56221418782407, "spark.locality.wait": 7.792784953033649, "spark.maxRemoteBlockSizeFetchToMem": 10365824.391471488, "spark.memory.fraction": 0.7523100519912096, "spark.memory.offHeap.enabled": 0.5926352834147437, "spark.memory.offHeap.size": 114.92847291621355, "spark.memory.storageFraction": 0.8642945896536929, "spark.memory.useLegacyMode": 0.20296726226908435, "spark.port.maxRetries": 14.89826087584952, "spark.python.worker.memory": 665.9900455915925, "spark.python.worker.reuse": 0.03721217284569278, "spark.rdd.compress": 0.25734445426709174, "spark.reducer.maxBlocksInFlightPerAddress": 443881189.4093285, "spark.reducer.maxReqsInFlight": 1627541383.7289054, "spark.reducer.maxSizeInFlight": 475.8081588854142, "spark.rpc.io.backLog": 68.0822254435442, "spark.rpc.lookupTimeout": 82.63814038665275, "spark.rpc.message.maxSize": 188.95101394970249, "spark.rpc.retry.wait": 4.926024641101284, "spark.scheduler.blacklist.unschedulableTaskSetTimeout": 109.26809696546103, "spark.scheduler.listenerbus.eventqueue.capacity": 7658.691820886593, "spark.scheduler.minRegisteredResourcesRatio": 0.7829136697891239, "spark.scheduler.mode": 0.10187447027831165, "spark.scheduler.revive.interval": 36.06177356040933, "spark.serializer.objectStreamReset": 249.36949133165615, "spark.shuffle.compress": 0.7152500238809134, "spark.shuffle.file.buffer": 137.85550612820268, "spark.shuffle.io.backLog": 116.79613819380407, "spark.shuffle.io.maxRetries": 5.964801530513161, "spark.shuffle.io.numConnectionsPerPeer": 3.9323744640943237, "spark.shuffle.io.preferDirectBufs": 0.35238289460385586, "spark.shuffle.maxChunksBeingTransferred": 9.161444059797034e+18, "spark.shuffle.memoryFraction": 0.03150227567446673, "spark.shuffle.service.index.cache.size": 168.02249531572969, "spark.shuffle.sort.bypassMergeThreshold": 632.3484354698016, "spark.shuffle.spill.compress": 0.7034193513618049, "spark.speculation.interval": 235.22562043374668, "spark.speculation.multiplier": 4.596660219150223, "spark.speculation.quantile": 0.9399323347127684, "spark.stage.maxConsecutiveAttempts": 6.141866789930937, "spark.storage.memoryFraction": 0.8979238599131795, "spark.storage.memoryMapThreshold": 190.76621383912394, "spark.storage.replication.proactive": 0.6908382838980673, "spark.storage.unrollFraction": 0.2587704928519642, "spark.streaming.backpressure.enabled": 0.7689381653995268, "spark.streaming.blockInterval": 244.6186727863383, "spark.streaming.receiver.writeAheadLog.enable": 0.31824276818242425, "spark.streaming.stopGracefullyOnShutdown": 0.10282430793707698, "spark.streaming.unpersist": 0.7497800846932486, "spark.task.maxFailures": 4.838541520092291, "spark.task.reaper.enabled": 0.9094673710701633, "spark.task.reaper.pollingInterval": 11.83811336200655, "spark.task.reaper.threadDump": 0.206940916686997}, "datetime": {"datetime": "2022-02-11 03:04:40", "elapsed": 11812.203968, "delta": 283.322174}}
{"target": -274.615, "params": {"spark.broadcast.blockSize": 407.08994747012423, "spark.broadcast.checksum": 0.8966978073931946, "spark.broadcast.compress": 0.10415492539883009, "spark.cleaner.periodicGC.interval": 89.26107697910996, "spark.cleaner.referenceTracking": 0.7359929868803483, "spark.cleaner.referenceTracking.blocking": 0.3760963631761455, "spark.cleaner.referenceTracking.blocking.shuffle": 0.5777246533274528, "spark.cleaner.referenceTracking.cleanCheckpoints": 0.08054521685415328, "spark.default.parallelism": 169.49374809078077, "spark.driver.maxResultSize": 324.2558657671032, "spark.driver.memoryOverhead": 472.1047124151002, "spark.executor.cores": 9.917901714426623, "spark.executor.heartbeatInterval": 13.219837160706513, "spark.executor.instances": 9.12262828161596, "spark.executor.memory": 7.022354302276836, "spark.files.fetchTimeout": 53.854690614559125, "spark.files.maxPartitionBytes": 236229101.43727642, "spark.files.openCostInBytes": 2949737.9230958493, "spark.files.overwrite": 0.526903519759269, "spark.files.useFetchCache": 0.9952442082070267, "spark.hadoop.mapreduce.fileoutputcommitter.algorithm.version": 1.8763129229159288, "spark.io.compression.lz4.blockSize": 215.35793039214838, "spark.io.compression.snappy.blockSize": 72.32290663162051, "spark.kryo.referenceTracking": 0.7324456449961402, "spark.kryoserializer.buffer": 46.115641782243834, "spark.kryoserializer.buffer.max": 86.536281039396, "spark.locality.wait": 8.525034686308015, "spark.maxRemoteBlockSizeFetchToMem": 1234544158.4701846, "spark.memory.fraction": 0.873406087127456, "spark.memory.offHeap.enabled": 0.6173313631842413, "spark.memory.offHeap.size": 389.14883583447164, "spark.memory.storageFraction": 0.9184410948119226, "spark.memory.useLegacyMode": 0.10377232072231346, "spark.port.maxRetries": 8.363791294317755, "spark.python.worker.memory": 590.2675647615919, "spark.python.worker.reuse": 0.7901112506896658, "spark.rdd.compress": 0.9541280213526093, "spark.reducer.maxBlocksInFlightPerAddress": 917698839.7389984, "spark.reducer.maxReqsInFlight": 1484705324.1076846, "spark.reducer.maxSizeInFlight": 176.05285750396158, "spark.rpc.io.backLog": 75.71342830298653, "spark.rpc.lookupTimeout": 123.92841349745001, "spark.rpc.message.maxSize": 122.65976144701408, "spark.rpc.retry.wait": 2.933142211061673, "spark.scheduler.blacklist.unschedulableTaskSetTimeout": 218.26273059568481, "spark.scheduler.listenerbus.eventqueue.capacity": 18503.233629800397, "spark.scheduler.minRegisteredResourcesRatio": 0.8591595820096274, "spark.scheduler.mode": 0.16617755366495057, "spark.scheduler.revive.interval": 17.801545853586205, "spark.serializer.objectStreamReset": 298.2302847732914, "spark.shuffle.compress": 0.05292288379270749, "spark.shuffle.file.buffer": 417.50300706216484, "spark.shuffle.io.backLog": 64.51168109019041, "spark.shuffle.io.maxRetries": 9.414711185481067, "spark.shuffle.io.numConnectionsPerPeer": 3.060915917421575, "spark.shuffle.io.preferDirectBufs": 0.1183282859089988, "spark.shuffle.maxChunksBeingTransferred": 1.0031113627497743e+18, "spark.shuffle.memoryFraction": 0.246890158102136, "spark.shuffle.service.index.cache.size": 73.72799796237842, "spark.shuffle.sort.bypassMergeThreshold": 385.1108505800339, "spark.shuffle.spill.compress": 0.8713862583367523, "spark.speculation.interval": 800.3644811559034, "spark.speculation.multiplier": 5.641159687710138, "spark.speculation.quantile": 0.04993115942842674, "spark.stage.maxConsecutiveAttempts": 4.045725067956718, "spark.storage.memoryFraction": 0.39598966488088394, "spark.storage.memoryMapThreshold": 368.8402741568919, "spark.storage.replication.proactive": 0.43362321038157925, "spark.storage.unrollFraction": 0.6934604389037772, "spark.streaming.backpressure.enabled": 0.9212264580225499, "spark.streaming.blockInterval": 125.38149192993392, "spark.streaming.receiver.writeAheadLog.enable": 0.5977921010976507, "spark.streaming.stopGracefullyOnShutdown": 0.8294878752202222, "spark.streaming.unpersist": 0.99128220775894, "spark.task.maxFailures": 6.332708357696136, "spark.task.reaper.enabled": 0.41731560370767307, "spark.task.reaper.pollingInterval": 15.91225077360176, "spark.task.reaper.threadDump": 0.7805560373062449}, "datetime": {"datetime": "2022-02-11 04:16:07", "elapsed": 16099.537512, "delta": 4287.333544}}
{"target": -274.615, "params": {"spark.broadcast.blockSize": 27.75759584752636, "spark.broadcast.checksum": 0.8866531811526744, "spark.broadcast.compress": 0.5833643908335622, "spark.cleaner.periodicGC.interval": 73.16277447861282, "spark.cleaner.referenceTracking": 0.7018085020700561, "spark.cleaner.referenceTracking.blocking": 0.6651611282250296, "spark.cleaner.referenceTracking.blocking.shuffle": 0.5635177067572599, "spark.cleaner.referenceTracking.cleanCheckpoints": 0.5584465006797029, "spark.default.parallelism": 346.8235293224102, "spark.driver.maxResultSize": 274.41242460418715, "spark.driver.memoryOverhead": 917.6788855554754, "spark.executor.cores": 4.562797842383578, "spark.executor.heartbeatInterval": 11.481212244301926, "spark.executor.instances": 2.061112413310644, "spark.executor.memory": 6.448575513078644, "spark.files.fetchTimeout": 58.0888397372761, "spark.files.maxPartitionBytes": 196145139.95952627, "spark.files.openCostInBytes": 8347439.680371394, "spark.files.overwrite": 0.5941412157751857, "spark.files.useFetchCache": 0.4355925043251735, "spark.hadoop.mapreduce.fileoutputcommitter.algorithm.version": 1.4642178375607702, "spark.io.compression.lz4.blockSize": 108.59083205644312, "spark.io.compression.snappy.blockSize": 59.112166994180775, "spark.kryo.referenceTracking": 0.12469701643889097, "spark.kryoserializer.buffer": 86.97869703006718, "spark.kryoserializer.buffer.max": 118.89447616726994, "spark.locality.wait": 4.70597786239847, "spark.maxRemoteBlockSizeFetchToMem": 169231772.62049666, "spark.memory.fraction": 0.6776440863457496, "spark.memory.offHeap.enabled": 0.9624434906203998, "spark.memory.offHeap.size": 904.432823510527, "spark.memory.storageFraction": 0.5206791012948637, "spark.memory.useLegacyMode": 0.4998502336820686, "spark.port.maxRetries": 23.254261913343015, "spark.python.worker.memory": 858.4860607923921, "spark.python.worker.reuse": 0.46321496065224455, "spark.rdd.compress": 0.20333701839231677, "spark.reducer.maxBlocksInFlightPerAddress": 1253526797.4494965, "spark.reducer.maxReqsInFlight": 949573461.6251178, "spark.reducer.maxSizeInFlight": 321.4930636332636, "spark.rpc.io.backLog": 70.29399984822771, "spark.rpc.lookupTimeout": 64.9515643139539, "spark.rpc.message.maxSize": 235.46311423115122, "spark.rpc.retry.wait": 1.739726042223653, "spark.scheduler.blacklist.unschedulableTaskSetTimeout": 219.62387801319792, "spark.scheduler.listenerbus.eventqueue.capacity": 2931.1069058767553, "spark.scheduler.minRegisteredResourcesRatio": 0.7328557560618502, "spark.scheduler.mode": 0.9048152140361739, "spark.scheduler.revive.interval": 20.87689960256775, "spark.serializer.objectStreamReset": 97.08038288331262, "spark.shuffle.compress": 0.7619092139118401, "spark.shuffle.file.buffer": 325.7453018348684, "spark.shuffle.io.backLog": 57.524137679331034, "spark.shuffle.io.maxRetries": 3.9268300546053956, "spark.shuffle.io.numConnectionsPerPeer": 2.5225451527224205, "spark.shuffle.io.preferDirectBufs": 0.43961693843695515, "spark.shuffle.maxChunksBeingTransferred": 5.837179472126729e+18, "spark.shuffle.memoryFraction": 0.4355651150718529, "spark.shuffle.service.index.cache.size": 72.52323257140905, "spark.shuffle.sort.bypassMergeThreshold": 919.1239699684943, "spark.shuffle.spill.compress": 0.020643125532353257, "spark.speculation.interval": 486.31924725633723, "spark.speculation.multiplier": 3.5466915258711604, "spark.speculation.quantile": 0.3724959008962384, "spark.stage.maxConsecutiveAttempts": 6.803285831780245, "spark.storage.memoryFraction": 0.40826253163263804, "spark.storage.memoryMapThreshold": 239.92761525819188, "spark.storage.replication.proactive": 0.4516612363215916, "spark.storage.unrollFraction": 0.39213760257231767, "spark.streaming.backpressure.enabled": 0.568797630735003, "spark.streaming.blockInterval": 269.10921279699426, "spark.streaming.receiver.writeAheadLog.enable": 0.13521706186626747, "spark.streaming.stopGracefullyOnShutdown": 0.6412562713837688, "spark.streaming.unpersist": 0.0218873087994661, "spark.task.maxFailures": 4.0856545771932335, "spark.task.reaper.enabled": 0.5158303682678923, "spark.task.reaper.pollingInterval": 4.9900293036640635, "spark.task.reaper.threadDump": 0.6705663505207196}, "datetime": {"datetime": "2022-02-11 04:58:05", "elapsed": 18616.912297, "delta": 2517.374785}}
