{"target": -259.857, "params": {"spark.broadcast.blockSize": 421.43423679159946, "spark.broadcast.checksum": 0.2977589362244666, "spark.broadcast.compress": 0.6721981165046281, "spark.cleaner.periodicGC.interval": 79.14561595075122, "spark.cleaner.referenceTracking": 0.8272008386258556, "spark.cleaner.referenceTracking.blocking": 0.24200746652418392, "spark.cleaner.referenceTracking.blocking.shuffle": 0.24417621881479767, "spark.cleaner.referenceTracking.cleanCheckpoints": 0.9314334554657162, "spark.default.parallelism": 97.47873990943296, "spark.driver.maxResultSize": 162.92838820336726, "spark.driver.memoryOverhead": 1237.8683449782832, "spark.executor.cores": 3.4020774954190274, "spark.executor.heartbeatInterval": 19.943619291569, "spark.executor.instances": 11.822812673663643, "spark.executor.memory": 10.742507806750702, "spark.files.fetchTimeout": 73.99218062694263, "spark.files.maxPartitionBytes": 47145312.346211776, "spark.files.openCostInBytes": 3695989.324895367, "spark.files.overwrite": 0.5222432016803863, "spark.files.useFetchCache": 0.8906718757023029, "spark.hadoop.mapreduce.fileoutputcommitter.algorithm.version": 1.893596249867177, "spark.io.compression.lz4.blockSize": 105.87069533057412, "spark.io.compression.snappy.blockSize": 200.96752915053733, "spark.kryo.referenceTracking": 0.4974198032323345, "spark.kryoserializer.buffer": 55.49519005060962, "spark.kryoserializer.buffer.max": 14.82143637350264, "spark.locality.wait": 8.177998135593917, "spark.maxRemoteBlockSizeFetchToMem": 1419399926.333353, "spark.memory.fraction": 0.9877420283893759, "spark.memory.offHeap.enabled": 0.07210010830605251, "spark.memory.offHeap.size": 829.9046241206024, "spark.memory.storageFraction": 0.5303476007492143, "spark.memory.useLegacyMode": 0.1405420192288387, "spark.port.maxRetries": 22.129604058099346, "spark.python.worker.memory": 303.2074297827009, "spark.python.worker.reuse": 0.2826717237023345, "spark.rdd.compress": 0.6733095514682834, "spark.reducer.maxBlocksInFlightPerAddress": 1628504864.2194617, "spark.reducer.maxReqsInFlight": 1338720550.882251, "spark.reducer.maxSizeInFlight": 245.2019519742809, "spark.rpc.io.backLog": 59.12226736261578, "spark.rpc.lookupTimeout": 89.90098783631868, "spark.rpc.message.maxSize": 484.22164174435636, "spark.rpc.retry.wait": 4.195842911364447, "spark.scheduler.blacklist.unschedulableTaskSetTimeout": 100.63723496574427, "spark.scheduler.listenerbus.eventqueue.capacity": 3524.5092453291795, "spark.scheduler.minRegisteredResourcesRatio": 0.8835203762895429, "spark.scheduler.mode": 0.945894318002003, "spark.scheduler.revive.interval": 23.12604962916248, "spark.serializer.objectStreamReset": 233.48708740630678, "spark.shuffle.compress": 0.6254148327088117, "spark.shuffle.file.buffer": 33.060350059765696, "spark.shuffle.io.backLog": 58.604237135299044, "spark.shuffle.io.maxRetries": 8.206979216357837, "spark.shuffle.io.numConnectionsPerPeer": 2.8144095474175432, "spark.shuffle.io.preferDirectBufs": 0.8458297143362524, "spark.shuffle.maxChunksBeingTransferred": 2.4268243838612413e+18, "spark.shuffle.memoryFraction": 0.437359376915312, "spark.shuffle.service.index.cache.size": 69.77452338976983, "spark.shuffle.sort.bypassMergeThreshold": 706.8869420371402, "spark.shuffle.spill.compress": 0.29823709125357145, "spark.speculation.interval": 423.45283367252017, "spark.speculation.multiplier": 5.8528406786073495, "spark.speculation.quantile": 0.7077176713804747, "spark.stage.maxConsecutiveAttempts": 4.8026920526255585, "spark.storage.memoryFraction": 0.006323388473269742, "spark.storage.memoryMapThreshold": 204.00120739143716, "spark.storage.replication.proactive": 0.7689501519883073, "spark.storage.unrollFraction": 0.41914071936312614, "spark.streaming.backpressure.enabled": 0.8209653401441822, "spark.streaming.blockInterval": 168.138356078637, "spark.streaming.receiver.writeAheadLog.enable": 0.7769146762646584, "spark.streaming.stopGracefullyOnShutdown": 0.4643514935799129, "spark.streaming.unpersist": 0.0008660272081040254, "spark.task.maxFailures": 4.903315612582702, "spark.task.reaper.enabled": 0.6058935985467689, "spark.task.reaper.pollingInterval": 14.767977557100185, "spark.task.reaper.threadDump": 0.42110078551425145}, "datetime": {"datetime": "2022-02-11 18:02:02", "elapsed": 65654.533656, "delta": 268.66394}}
{"target": -259.857, "params": {"spark.broadcast.blockSize": 34.02703847359109, "spark.broadcast.checksum": 0.9871662421307652, "spark.broadcast.compress": 0.41603496860011857, "spark.cleaner.periodicGC.interval": 82.1477510018001, "spark.cleaner.referenceTracking": 0.7578731176391207, "spark.cleaner.referenceTracking.blocking": 0.4367662592321917, "spark.cleaner.referenceTracking.blocking.shuffle": 0.5343061301672023, "spark.cleaner.referenceTracking.cleanCheckpoints": 0.13802044568659644, "spark.default.parallelism": 133.72372727344657, "spark.driver.maxResultSize": 195.2934822997699, "spark.driver.memoryOverhead": 1851.368087470668, "spark.executor.cores": 8.393889467692741, "spark.executor.heartbeatInterval": 10.37496938809116, "spark.executor.instances": 4.976451463049546, "spark.executor.memory": 6.449678747494122, "spark.files.fetchTimeout": 60.190890450819694, "spark.files.maxPartitionBytes": 72691939.04987329, "spark.files.openCostInBytes": 5048014.7067157915, "spark.files.overwrite": 0.2148395002297694, "spark.files.useFetchCache": 0.976827546603426, "spark.hadoop.mapreduce.fileoutputcommitter.algorithm.version": 1.77622932829802, "spark.io.compression.lz4.blockSize": 7.177683762364246, "spark.io.compression.snappy.blockSize": 251.67207606202174, "spark.kryo.referenceTracking": 0.2856388931916437, "spark.kryoserializer.buffer": 116.3270911227174, "spark.kryoserializer.buffer.max": 46.54977436068926, "spark.locality.wait": 2.5702161107340777, "spark.maxRemoteBlockSizeFetchToMem": 1825787089.0867367, "spark.memory.fraction": 0.6124671069374291, "spark.memory.offHeap.enabled": 0.7106609713243299, "spark.memory.offHeap.size": 20.575129889618154, "spark.memory.storageFraction": 0.8480296370867972, "spark.memory.useLegacyMode": 0.594458225704043, "spark.port.maxRetries": 12.983489601894702, "spark.python.worker.memory": 420.0926672967164, "spark.python.worker.reuse": 0.9308908112468439, "spark.rdd.compress": 0.9273733591855052, "spark.reducer.maxBlocksInFlightPerAddress": 1869468256.4936514, "spark.reducer.maxReqsInFlight": 1795074309.202599, "spark.reducer.maxSizeInFlight": 94.24356590540687, "spark.rpc.io.backLog": 125.5790924561606, "spark.rpc.lookupTimeout": 125.0124267754147, "spark.rpc.message.maxSize": 70.92014441182384, "spark.rpc.retry.wait": 2.753298657524755, "spark.scheduler.blacklist.unschedulableTaskSetTimeout": 178.2325916111923, "spark.scheduler.listenerbus.eventqueue.capacity": 4551.631852291432, "spark.scheduler.minRegisteredResourcesRatio": 0.7433414474606421, "spark.scheduler.mode": 0.5781043790389948, "spark.scheduler.revive.interval": 40.64070963768808, "spark.serializer.objectStreamReset": 181.57697095812742, "spark.shuffle.compress": 0.03898872678520393, "spark.shuffle.file.buffer": 429.48996408183433, "spark.shuffle.io.backLog": 90.9785499087835, "spark.shuffle.io.maxRetries": 5.315475514000409, "spark.shuffle.io.numConnectionsPerPeer": 3.567461058258601, "spark.shuffle.io.preferDirectBufs": 0.3825541207862738, "spark.shuffle.maxChunksBeingTransferred": 8.149833030226367e+17, "spark.shuffle.memoryFraction": 0.3321121476566493, "spark.shuffle.service.index.cache.size": 59.32402190399332, "spark.shuffle.sort.bypassMergeThreshold": 330.7975036452532, "spark.shuffle.spill.compress": 0.7087270350792049, "spark.speculation.interval": 230.03505596713742, "spark.speculation.multiplier": 2.5327811958799833, "spark.speculation.quantile": 0.3517225873831623, "spark.stage.maxConsecutiveAttempts": 3.016940948011439, "spark.storage.memoryFraction": 0.12870121395973977, "spark.storage.memoryMapThreshold": 139.43241395332376, "spark.storage.replication.proactive": 0.9759525214309016, "spark.storage.unrollFraction": 0.4569300801650519, "spark.streaming.backpressure.enabled": 0.12646759242441452, "spark.streaming.blockInterval": 302.12925124286096, "spark.streaming.receiver.writeAheadLog.enable": 0.5786878584332026, "spark.streaming.stopGracefullyOnShutdown": 0.6434924093271684, "spark.streaming.unpersist": 0.9052175795336524, "spark.task.maxFailures": 2.9997309412813857, "spark.task.reaper.enabled": 0.974533706628559, "spark.task.reaper.pollingInterval": 5.910018370221307, "spark.task.reaper.threadDump": 0.12767980282076807}, "datetime": {"datetime": "2022-02-11 18:49:05", "elapsed": 68477.208105, "delta": 2822.674449}}
{"target": -259.857, "params": {"spark.broadcast.blockSize": 325.43647899876026, "spark.broadcast.checksum": 0.5412523034669252, "spark.broadcast.compress": 0.5916829424967686, "spark.cleaner.periodicGC.interval": 29.529550144559742, "spark.cleaner.referenceTracking": 0.039130917712880464, "spark.cleaner.referenceTracking.blocking": 0.6831910032718876, "spark.cleaner.referenceTracking.blocking.shuffle": 0.4927559547048953, "spark.cleaner.referenceTracking.cleanCheckpoints": 0.07371186848670075, "spark.default.parallelism": 302.45168415560454, "spark.driver.maxResultSize": 481.24217244825604, "spark.driver.memoryOverhead": 717.1621080442991, "spark.executor.cores": 1.9954820632349397, "spark.executor.heartbeatInterval": 6.714489523193851, "spark.executor.instances": 4.526087967954945, "spark.executor.memory": 8.0138083245429, "spark.files.fetchTimeout": 65.77929024088468, "spark.files.maxPartitionBytes": 97129554.55174266, "spark.files.openCostInBytes": 5239185.549368397, "spark.files.overwrite": 0.32993264504623154, "spark.files.useFetchCache": 0.7373370733763069, "spark.hadoop.mapreduce.fileoutputcommitter.algorithm.version": 1.1692186939579536, "spark.io.compression.lz4.blockSize": 224.90668725263873, "spark.io.compression.snappy.blockSize": 117.34801958795893, "spark.kryo.referenceTracking": 0.5610115030394183, "spark.kryoserializer.buffer": 91.9390773201551, "spark.kryoserializer.buffer.max": 36.41943905158109, "spark.locality.wait": 4.732093086227918, "spark.maxRemoteBlockSizeFetchToMem": 1655722877.5497024, "spark.memory.fraction": 0.9409502203519893, "spark.memory.offHeap.enabled": 0.042125967180992374, "spark.memory.offHeap.size": 35.26321176924671, "spark.memory.storageFraction": 0.8116444541562393, "spark.memory.useLegacyMode": 0.37109487349321324, "spark.port.maxRetries": 21.990574344702924, "spark.python.worker.memory": 371.34705664931244, "spark.python.worker.reuse": 0.9390116951950793, "spark.rdd.compress": 0.5033035807141184, "spark.reducer.maxBlocksInFlightPerAddress": 1868926607.9394348, "spark.reducer.maxReqsInFlight": 751555060.6633998, "spark.reducer.maxSizeInFlight": 329.2504682405855, "spark.rpc.io.backLog": 113.73503950829256, "spark.rpc.lookupTimeout": 112.27307966027719, "spark.rpc.message.maxSize": 494.10767852455126, "spark.rpc.retry.wait": 1.6055441622872326, "spark.scheduler.blacklist.unschedulableTaskSetTimeout": 154.44001269645875, "spark.scheduler.listenerbus.eventqueue.capacity": 18571.94093616004, "spark.scheduler.minRegisteredResourcesRatio": 0.8665766115987095, "spark.scheduler.mode": 0.4198383048404831, "spark.scheduler.revive.interval": 23.55128983277576, "spark.serializer.objectStreamReset": 262.5760918539034, "spark.shuffle.compress": 0.09416749921558776, "spark.shuffle.file.buffer": 305.63711764457867, "spark.shuffle.io.backLog": 40.84837953085687, "spark.shuffle.io.maxRetries": 9.139166714491717, "spark.shuffle.io.numConnectionsPerPeer": 1.8643310840203426, "spark.shuffle.io.preferDirectBufs": 0.4882260070277624, "spark.shuffle.maxChunksBeingTransferred": 9.176590268696765e+17, "spark.shuffle.memoryFraction": 0.7843574793532624, "spark.shuffle.service.index.cache.size": 178.7261815717779, "spark.shuffle.sort.bypassMergeThreshold": 218.77234717801667, "spark.shuffle.spill.compress": 0.2679626168970398, "spark.speculation.interval": 652.2695225999812, "spark.speculation.multiplier": 1.2959709513221758, "spark.speculation.quantile": 0.7818110036068127, "spark.stage.maxConsecutiveAttempts": 4.910911375393041, "spark.storage.memoryFraction": 0.8449847586390008, "spark.storage.memoryMapThreshold": 308.7436769320005, "spark.storage.replication.proactive": 0.11360786773498455, "spark.storage.unrollFraction": 0.8028228478993836, "spark.streaming.backpressure.enabled": 0.466373879986419, "spark.streaming.blockInterval": 237.5341910498885, "spark.streaming.receiver.writeAheadLog.enable": 0.22054421410774994, "spark.streaming.stopGracefullyOnShutdown": 0.26514099921509515, "spark.streaming.unpersist": 0.8878078702722735, "spark.task.maxFailures": 4.164462021734966, "spark.task.reaper.enabled": 0.45276152656462443, "spark.task.reaper.pollingInterval": 15.230185936105002, "spark.task.reaper.threadDump": 0.3521851429517121}, "datetime": {"datetime": "2022-02-11 19:28:38", "elapsed": 70850.259494, "delta": 2373.051389}}
{"target": -516.859, "params": {"spark.broadcast.blockSize": 421.8197818040423, "spark.broadcast.checksum": 0.8122340237833389, "spark.broadcast.compress": 0.06585827868225513, "spark.cleaner.periodicGC.interval": 63.3014820968716, "spark.cleaner.referenceTracking": 0.9995605077430353, "spark.cleaner.referenceTracking.blocking": 0.9700286528685536, "spark.cleaner.referenceTracking.blocking.shuffle": 0.39018969757480115, "spark.cleaner.referenceTracking.cleanCheckpoints": 0.17036998764592148, "spark.default.parallelism": 384.84395761934377, "spark.driver.maxResultSize": 100.48290626082478, "spark.driver.memoryOverhead": 855.2722731076609, "spark.executor.cores": 3.97905089527429, "spark.executor.heartbeatInterval": 19.303080091589948, "spark.executor.instances": 13.412066134821492, "spark.executor.memory": 9.054972965102907, "spark.files.fetchTimeout": 59.73949211729627, "spark.files.maxPartitionBytes": 259291599.68211833, "spark.files.openCostInBytes": 5169442.012503207, "spark.files.overwrite": 0.7336837047661655, "spark.files.useFetchCache": 0.9718553650249203, "spark.hadoop.mapreduce.fileoutputcommitter.algorithm.version": 1.6351486128662431, "spark.io.compression.lz4.blockSize": 96.09191138661467, "spark.io.compression.snappy.blockSize": 201.8454730121095, "spark.kryo.referenceTracking": 0.5251609551900572, "spark.kryoserializer.buffer": 120.95273620211697, "spark.kryoserializer.buffer.max": 126.2749964654253, "spark.locality.wait": 4.797888712010447, "spark.maxRemoteBlockSizeFetchToMem": 172123273.53423414, "spark.memory.fraction": 0.8373997820372989, "spark.memory.offHeap.enabled": 0.2451082185054434, "spark.memory.offHeap.size": 492.80780556402743, "spark.memory.storageFraction": 0.5313094293180334, "spark.memory.useLegacyMode": 0.2874580344770489, "spark.port.maxRetries": 14.21502228010306, "spark.python.worker.memory": 911.0510689510877, "spark.python.worker.reuse": 0.5209524459709544, "spark.rdd.compress": 0.9388884922755152, "spark.reducer.maxBlocksInFlightPerAddress": 615646053.7538604, "spark.reducer.maxReqsInFlight": 2105947600.565332, "spark.reducer.maxSizeInFlight": 128.77249247815433, "spark.rpc.io.backLog": 51.636338248761206, "spark.rpc.lookupTimeout": 96.11144455446691, "spark.rpc.message.maxSize": 41.758546474178175, "spark.rpc.retry.wait": 5.921209620474273, "spark.scheduler.blacklist.unschedulableTaskSetTimeout": 136.23750752525316, "spark.scheduler.listenerbus.eventqueue.capacity": 13441.709775953563, "spark.scheduler.minRegisteredResourcesRatio": 0.8691931628674945, "spark.scheduler.mode": 0.6537232031659304, "spark.scheduler.revive.interval": 28.206562044327665, "spark.serializer.objectStreamReset": 205.0305413177851, "spark.shuffle.compress": 0.8692935614628144, "spark.shuffle.file.buffer": 11.455543429286571, "spark.shuffle.io.backLog": 22.58231700570517, "spark.shuffle.io.maxRetries": 9.086234938413398, "spark.shuffle.io.numConnectionsPerPeer": 4.4416662118452575, "spark.shuffle.io.preferDirectBufs": 0.27704707149639773, "spark.shuffle.maxChunksBeingTransferred": 3.199794511656969e+18, "spark.shuffle.memoryFraction": 0.7968005492916801, "spark.shuffle.service.index.cache.size": 147.46224467330165, "spark.shuffle.sort.bypassMergeThreshold": 809.5574801454347, "spark.shuffle.spill.compress": 0.45097521572919397, "spark.speculation.interval": 845.5338288308327, "spark.speculation.multiplier": 1.2301925385036978, "spark.speculation.quantile": 0.6343858615598871, "spark.stage.maxConsecutiveAttempts": 6.360589228078249, "spark.storage.memoryFraction": 0.761399739252238, "spark.storage.memoryMapThreshold": 337.35694390230327, "spark.storage.replication.proactive": 0.6822063633927915, "spark.storage.unrollFraction": 0.04653093124006502, "spark.streaming.backpressure.enabled": 0.7434983816105567, "spark.streaming.blockInterval": 461.8985934711696, "spark.streaming.receiver.writeAheadLog.enable": 0.47557885569531355, "spark.streaming.stopGracefullyOnShutdown": 0.7966321007054851, "spark.streaming.unpersist": 0.36635325283745634, "spark.task.maxFailures": 6.947177037439974, "spark.task.reaper.enabled": 0.21955861342153493, "spark.task.reaper.pollingInterval": 14.904996043295622, "spark.task.reaper.threadDump": 0.6590876651051838}, "datetime": {"datetime": "2022-02-11 19:37:24", "elapsed": 71376.104729, "delta": 525.845235}}
{"target": -635.513, "params": {"spark.broadcast.blockSize": 240.2611952279942, "spark.broadcast.checksum": 0.2762171813700771, "spark.broadcast.compress": 0.646594137366757, "spark.cleaner.periodicGC.interval": 18.08001300815335, "spark.cleaner.referenceTracking": 0.46041220416498363, "spark.cleaner.referenceTracking.blocking": 0.6116021777652628, "spark.cleaner.referenceTracking.blocking.shuffle": 0.018544548226185342, "spark.cleaner.referenceTracking.cleanCheckpoints": 0.5140184452059732, "spark.default.parallelism": 402.1635317569491, "spark.driver.maxResultSize": 159.03348442123655, "spark.driver.memoryOverhead": 928.7645535580003, "spark.executor.cores": 2.5674195856389135, "spark.executor.heartbeatInterval": 14.466336966132284, "spark.executor.instances": 7.094144361641009, "spark.executor.memory": 10.395553611655961, "spark.files.fetchTimeout": 29.359785501743143, "spark.files.maxPartitionBytes": 104852507.68621622, "spark.files.openCostInBytes": 3692579.7620550096, "spark.files.overwrite": 0.5438963197764771, "spark.files.useFetchCache": 0.15592139530156568, "spark.hadoop.mapreduce.fileoutputcommitter.algorithm.version": 1.6374353920401101, "spark.io.compression.lz4.blockSize": 150.94861501884867, "spark.io.compression.snappy.blockSize": 241.70207929534976, "spark.kryo.referenceTracking": 0.6947066439885796, "spark.kryoserializer.buffer": 127.78368041884009, "spark.kryoserializer.buffer.max": 26.17816500047079, "spark.locality.wait": 5.570184488201767, "spark.maxRemoteBlockSizeFetchToMem": 1558183044.9223871, "spark.memory.fraction": 0.7103126156473072, "spark.memory.offHeap.enabled": 0.4172320480352282, "spark.memory.offHeap.size": 515.5460965047098, "spark.memory.storageFraction": 0.5614775313834881, "spark.memory.useLegacyMode": 0.24677211183848813, "spark.port.maxRetries": 13.90128412793107, "spark.python.worker.memory": 363.0373820844199, "spark.python.worker.reuse": 0.9776841760963183, "spark.rdd.compress": 0.952883420479923, "spark.reducer.maxBlocksInFlightPerAddress": 2094252665.747187, "spark.reducer.maxReqsInFlight": 1699747324.53499, "spark.reducer.maxSizeInFlight": 101.87249670619383, "spark.rpc.io.backLog": 57.91104366308447, "spark.rpc.lookupTimeout": 64.93449103907622, "spark.rpc.message.maxSize": 226.75516797051245, "spark.rpc.retry.wait": 5.698704433215434, "spark.scheduler.blacklist.unschedulableTaskSetTimeout": 198.93539724110198, "spark.scheduler.listenerbus.eventqueue.capacity": 11264.514466614643, "spark.scheduler.minRegisteredResourcesRatio": 0.8911910145773541, "spark.scheduler.mode": 0.1535613526034828, "spark.scheduler.revive.interval": 4.206106899589937, "spark.serializer.objectStreamReset": 208.88045221224766, "spark.shuffle.compress": 0.6871116250540941, "spark.shuffle.file.buffer": 142.1039098091731, "spark.shuffle.io.backLog": 11.845183506208665, "spark.shuffle.io.maxRetries": 2.0839612771996805, "spark.shuffle.io.numConnectionsPerPeer": 1.989043108114025, "spark.shuffle.io.preferDirectBufs": 0.4923334710682996, "spark.shuffle.maxChunksBeingTransferred": 4.681148676772687e+18, "spark.shuffle.memoryFraction": 0.3210817824334711, "spark.shuffle.service.index.cache.size": 129.37987787605132, "spark.shuffle.sort.bypassMergeThreshold": 658.3593075488952, "spark.shuffle.spill.compress": 0.8886465964777246, "spark.speculation.interval": 226.51423767467224, "spark.speculation.multiplier": 3.861193471298767, "spark.speculation.quantile": 0.09384181315450713, "spark.stage.maxConsecutiveAttempts": 2.7344684003375175, "spark.storage.memoryFraction": 0.020684891508250924, "spark.storage.memoryMapThreshold": 197.4003870006703, "spark.storage.replication.proactive": 0.01348525870281947, "spark.storage.unrollFraction": 0.059140003727271795, "spark.streaming.backpressure.enabled": 0.6388500679148007, "spark.streaming.blockInterval": 391.68423661888954, "spark.streaming.receiver.writeAheadLog.enable": 0.43201495556977043, "spark.streaming.stopGracefullyOnShutdown": 0.49246127840111464, "spark.streaming.unpersist": 0.1960089711508941, "spark.task.maxFailures": 2.0886316354255374, "spark.task.reaper.enabled": 0.8185338085849352, "spark.task.reaper.pollingInterval": 11.603901473951487, "spark.task.reaper.threadDump": 0.9840956621596434}, "datetime": {"datetime": "2022-02-11 19:48:08", "elapsed": 72020.358957, "delta": 644.254228}}
