{"target": -274.615, "params": {"spark.broadcast.blockSize": 256.55313896186647, "spark.broadcast.checksum": 0.3888356172170945, "spark.broadcast.compress": 0.9691169756162502, "spark.cleaner.periodicGC.interval": 86.38193945270886, "spark.cleaner.referenceTracking": 0.6451769437762845, "spark.cleaner.referenceTracking.blocking": 0.9095417781223295, "spark.cleaner.referenceTracking.blocking.shuffle": 0.9690294017299423, "spark.cleaner.referenceTracking.cleanCheckpoints": 0.7890856496470571, "spark.default.parallelism": 233.9984404292283, "spark.driver.maxResultSize": 255.0860330379821, "spark.driver.memoryOverhead": 1020.9640089855521, "spark.executor.cores": 5.160048065982914, "spark.executor.heartbeatInterval": 13.844085320992027, "spark.executor.instances": 6.876562121128577, "spark.executor.memory": 1.0611449292618615, "spark.files.fetchTimeout": 46.443068032832784, "spark.files.maxPartitionBytes": 122193517.02485168, "spark.files.openCostInBytes": 6861223.701261133, "spark.files.overwrite": 0.7793190017100994, "spark.files.useFetchCache": 0.709786465412567, "spark.hadoop.mapreduce.fileoutputcommitter.algorithm.version": 1.5983339523189248, "spark.io.compression.lz4.blockSize": 83.1210837015905, "spark.io.compression.snappy.blockSize": 110.29586945846101, "spark.kryo.referenceTracking": 0.44643704018389296, "spark.kryoserializer.buffer": 72.080689400448, "spark.kryoserializer.buffer.max": 63.28119819937379, "spark.locality.wait": 1.6017018957366518, "spark.maxRemoteBlockSizeFetchToMem": 977834472.0435851, "spark.memory.fraction": 0.9188888334846294, "spark.memory.offHeap.enabled": 0.35621219255997993, "spark.memory.offHeap.size": 56.39779432756811, "spark.memory.storageFraction": 0.7132449565419545, "spark.memory.useLegacyMode": 0.024587810010426314, "spark.port.maxRetries": 20.405120610362854, "spark.python.worker.memory": 713.6216386779411, "spark.python.worker.reuse": 0.9376786328419455, "spark.rdd.compress": 0.4134136104074231, "spark.reducer.maxBlocksInFlightPerAddress": 1595952765.9147227, "spark.reducer.maxReqsInFlight": 647963145.7339449, "spark.reducer.maxSizeInFlight": 311.94118473330764, "spark.rpc.io.backLog": 44.55912711698913, "spark.rpc.lookupTimeout": 45.23563673415619, "spark.rpc.message.maxSize": 496.70908185502833, "spark.rpc.retry.wait": 2.185741508859206, "spark.scheduler.blacklist.unschedulableTaskSetTimeout": 149.27293873986318, "spark.scheduler.listenerbus.eventqueue.capacity": 10081.157534525591, "spark.scheduler.minRegisteredResourcesRatio": 0.8665995846079853, "spark.scheduler.mode": 0.7101551573606675, "spark.scheduler.revive.interval": 25.959776041686915, "spark.serializer.objectStreamReset": 195.9232781853219, "spark.shuffle.compress": 0.09712401916389857, "spark.shuffle.file.buffer": 39.89032332401703, "spark.shuffle.io.backLog": 61.09387084343963, "spark.shuffle.io.maxRetries": 2.7835699115666186, "spark.shuffle.io.numConnectionsPerPeer": 2.392266291163829, "spark.shuffle.io.preferDirectBufs": 0.9769631231478738, "spark.shuffle.maxChunksBeingTransferred": 6.36712361702772e+18, "spark.shuffle.memoryFraction": 0.951380969926649, "spark.shuffle.service.index.cache.size": 176.9926413141493, "spark.shuffle.sort.bypassMergeThreshold": 678.6406897477364, "spark.shuffle.spill.compress": 0.3810929593980149, "spark.speculation.interval": 273.41234933322704, "spark.speculation.multiplier": 3.032417774045178, "spark.speculation.quantile": 0.34386366210416863, "spark.stage.maxConsecutiveAttempts": 7.268800567166635, "spark.storage.memoryFraction": 0.6030996137197068, "spark.storage.memoryMapThreshold": 250.7289129256251, "spark.storage.replication.proactive": 0.26369538620894706, "spark.storage.unrollFraction": 0.7425701654744595, "spark.streaming.backpressure.enabled": 0.7117086244821176, "spark.streaming.blockInterval": 318.77189120521604, "spark.streaming.receiver.writeAheadLog.enable": 0.9878617241384156, "spark.streaming.stopGracefullyOnShutdown": 0.5261038114643227, "spark.streaming.unpersist": 0.18997667180374211, "spark.task.maxFailures": 3.709357346994487, "spark.task.reaper.enabled": 0.9155970272673202, "spark.task.reaper.pollingInterval": 10.264092047707752, "spark.task.reaper.threadDump": 0.12744206700581295}, "datetime": {"datetime": "2022-02-11 05:35:32", "elapsed": 20863.93235, "delta": 2247.020053}}
{"target": -274.615, "params": {"spark.broadcast.blockSize": 339.4470133454767, "spark.broadcast.checksum": 0.26350454432927506, "spark.broadcast.compress": 0.4906319220300317, "spark.cleaner.periodicGC.interval": 69.3565722170068, "spark.cleaner.referenceTracking": 0.7350508086422366, "spark.cleaner.referenceTracking.blocking": 0.4825640193097259, "spark.cleaner.referenceTracking.blocking.shuffle": 0.88651148328047, "spark.cleaner.referenceTracking.cleanCheckpoints": 0.6574362189992515, "spark.default.parallelism": 490.1507704235584, "spark.driver.maxResultSize": 311.93290873519544, "spark.driver.memoryOverhead": 1281.7747258195452, "spark.executor.cores": 7.069264686748807, "spark.executor.heartbeatInterval": 19.008825729228747, "spark.executor.instances": 5.386701209650205, "spark.executor.memory": 5.700578994844785, "spark.files.fetchTimeout": 28.407535507435924, "spark.files.maxPartitionBytes": 85852209.07710838, "spark.files.openCostInBytes": 5582195.1971888915, "spark.files.overwrite": 0.6615384916732191, "spark.files.useFetchCache": 0.322350896979688, "spark.hadoop.mapreduce.fileoutputcommitter.algorithm.version": 1.0364661541294937, "spark.io.compression.lz4.blockSize": 132.44818675818607, "spark.io.compression.snappy.blockSize": 112.61946199260198, "spark.kryo.referenceTracking": 0.8161109026393757, "spark.kryoserializer.buffer": 104.82881389757596, "spark.kryoserializer.buffer.max": 68.43041027047869, "spark.locality.wait": 3.9974518636965657, "spark.maxRemoteBlockSizeFetchToMem": 1291430220.033781, "spark.memory.fraction": 0.9001289627221478, "spark.memory.offHeap.enabled": 0.7216412378047552, "spark.memory.offHeap.size": 822.7616668891125, "spark.memory.storageFraction": 0.581891857651176, "spark.memory.useLegacyMode": 0.0839421754074704, "spark.port.maxRetries": 31.84615141099182, "spark.python.worker.memory": 846.5723593627841, "spark.python.worker.reuse": 0.635937140955371, "spark.rdd.compress": 0.3498166022864265, "spark.reducer.maxBlocksInFlightPerAddress": 1046333454.6506531, "spark.reducer.maxReqsInFlight": 1845936584.7772274, "spark.reducer.maxSizeInFlight": 332.85352497824994, "spark.rpc.io.backLog": 52.05824797652618, "spark.rpc.lookupTimeout": 129.2840084523526, "spark.rpc.message.maxSize": 339.99519068471403, "spark.rpc.retry.wait": 2.542069846289524, "spark.scheduler.blacklist.unschedulableTaskSetTimeout": 175.14534372968777, "spark.scheduler.listenerbus.eventqueue.capacity": 2775.5929498933665, "spark.scheduler.minRegisteredResourcesRatio": 0.704910088135237, "spark.scheduler.mode": 0.9662213690081756, "spark.scheduler.revive.interval": 9.380835989393564, "spark.serializer.objectStreamReset": 68.85959929960367, "spark.shuffle.compress": 0.673090557093381, "spark.shuffle.file.buffer": 441.56599460300464, "spark.shuffle.io.backLog": 80.60594833597979, "spark.shuffle.io.maxRetries": 5.260686438948265, "spark.shuffle.io.numConnectionsPerPeer": 2.9732603943507616, "spark.shuffle.io.preferDirectBufs": 0.9882558707539203, "spark.shuffle.maxChunksBeingTransferred": 8.472796292705156e+18, "spark.shuffle.memoryFraction": 0.04116325771141116, "spark.shuffle.service.index.cache.size": 77.69867361000763, "spark.shuffle.sort.bypassMergeThreshold": 704.1687465423546, "spark.shuffle.spill.compress": 0.3477913051375159, "spark.speculation.interval": 419.79300813092885, "spark.speculation.multiplier": 3.8691039327945305, "spark.speculation.quantile": 0.4876472003844863, "spark.stage.maxConsecutiveAttempts": 5.193758686424731, "spark.storage.memoryFraction": 0.24105749715461444, "spark.storage.memoryMapThreshold": 247.387274659419, "spark.storage.replication.proactive": 0.25127503646730875, "spark.storage.unrollFraction": 0.5387936957187935, "spark.streaming.backpressure.enabled": 0.19010913864797852, "spark.streaming.blockInterval": 340.0792018790478, "spark.streaming.receiver.writeAheadLog.enable": 0.8052138286532717, "spark.streaming.stopGracefullyOnShutdown": 0.31771074854411974, "spark.streaming.unpersist": 0.23832585742646628, "spark.task.maxFailures": 3.8358527331103884, "spark.task.reaper.enabled": 0.47182625588176397, "spark.task.reaper.pollingInterval": 9.355647837023099, "spark.task.reaper.threadDump": 0.9677405172602925}, "datetime": {"datetime": "2022-02-11 06:11:47", "elapsed": 23039.208646, "delta": 2175.276296}}
{"target": -274.615, "params": {"spark.broadcast.blockSize": 94.48306243351084, "spark.broadcast.checksum": 0.20136472102377023, "spark.broadcast.compress": 0.4186857340112091, "spark.cleaner.periodicGC.interval": 52.46155572076166, "spark.cleaner.referenceTracking": 0.7355624015874487, "spark.cleaner.referenceTracking.blocking": 0.2631913764846585, "spark.cleaner.referenceTracking.blocking.shuffle": 0.4505683008238681, "spark.cleaner.referenceTracking.cleanCheckpoints": 0.4886231134336311, "spark.default.parallelism": 235.51585283800654, "spark.driver.maxResultSize": 134.99070850472805, "spark.driver.memoryOverhead": 863.0163660515159, "spark.executor.cores": 5.506770663150426, "spark.executor.heartbeatInterval": 10.471801915499487, "spark.executor.instances": 5.694451900138976, "spark.executor.memory": 1.102952753962045, "spark.files.fetchTimeout": 47.2635653676967, "spark.files.maxPartitionBytes": 169696870.22506464, "spark.files.openCostInBytes": 7225611.249591703, "spark.files.overwrite": 0.4275085277531411, "spark.files.useFetchCache": 0.7420834320582036, "spark.hadoop.mapreduce.fileoutputcommitter.algorithm.version": 1.7187674688170986, "spark.io.compression.lz4.blockSize": 247.08349389352603, "spark.io.compression.snappy.blockSize": 186.03084464047603, "spark.kryo.referenceTracking": 0.2689601118483056, "spark.kryoserializer.buffer": 32.00370017066954, "spark.kryoserializer.buffer.max": 93.5437822478112, "spark.locality.wait": 8.925079078195411, "spark.maxRemoteBlockSizeFetchToMem": 1635467286.558383, "spark.memory.fraction": 0.7335197255861496, "spark.memory.offHeap.enabled": 0.8528618439793153, "spark.memory.offHeap.size": 729.7714817244706, "spark.memory.storageFraction": 0.7234082591136577, "spark.memory.useLegacyMode": 0.5587788038176198, "spark.port.maxRetries": 23.954884771993896, "spark.python.worker.memory": 918.4987609975187, "spark.python.worker.reuse": 0.6259253400360325, "spark.rdd.compress": 0.14474514720289655, "spark.reducer.maxBlocksInFlightPerAddress": 763942096.4951438, "spark.reducer.maxReqsInFlight": 1373494259.4362006, "spark.reducer.maxSizeInFlight": 468.7020425422465, "spark.rpc.io.backLog": 67.5076293902184, "spark.rpc.lookupTimeout": 49.930736038935, "spark.rpc.message.maxSize": 60.75727150920034, "spark.rpc.retry.wait": 1.6460904284993096, "spark.scheduler.blacklist.unschedulableTaskSetTimeout": 122.72292899220777, "spark.scheduler.listenerbus.eventqueue.capacity": 9610.947484931861, "spark.scheduler.minRegisteredResourcesRatio": 0.7684386198669343, "spark.scheduler.mode": 0.7624686628347297, "spark.scheduler.revive.interval": 38.76375386888205, "spark.serializer.objectStreamReset": 71.69407729505177, "spark.shuffle.compress": 0.9845579820649425, "spark.shuffle.file.buffer": 142.1839447272128, "spark.shuffle.io.backLog": 120.62351243194347, "spark.shuffle.io.maxRetries": 5.438622635119626, "spark.shuffle.io.numConnectionsPerPeer": 2.538876048287908, "spark.shuffle.io.preferDirectBufs": 0.48855508259671765, "spark.shuffle.maxChunksBeingTransferred": 1.3753572085664215e+18, "spark.shuffle.memoryFraction": 0.4430252446804285, "spark.shuffle.service.index.cache.size": 138.02096198035883, "spark.shuffle.sort.bypassMergeThreshold": 640.710319628541, "spark.shuffle.spill.compress": 0.43545827612853816, "spark.speculation.interval": 522.2007420025942, "spark.speculation.multiplier": 2.8360163165503707, "spark.speculation.quantile": 0.6518546248998515, "spark.stage.maxConsecutiveAttempts": 7.343953202208699, "spark.storage.memoryFraction": 0.6343319821178569, "spark.storage.memoryMapThreshold": 313.77160041826505, "spark.storage.replication.proactive": 0.8763074382280837, "spark.storage.unrollFraction": 0.459991699528859, "spark.streaming.backpressure.enabled": 0.5423276867792809, "spark.streaming.blockInterval": 267.4323853771198, "spark.streaming.receiver.writeAheadLog.enable": 0.05494780034884905, "spark.streaming.stopGracefullyOnShutdown": 0.9524369713572232, "spark.streaming.unpersist": 0.7377374629215641, "spark.task.maxFailures": 4.88379709857123, "spark.task.reaper.enabled": 0.7566514880947119, "spark.task.reaper.pollingInterval": 7.312875145849045, "spark.task.reaper.threadDump": 0.4008727893274048}, "datetime": {"datetime": "2022-02-11 07:01:39", "elapsed": 26031.513243, "delta": 2992.304597}}
{"target": -760.757, "params": {"spark.broadcast.blockSize": 177.27555849486538, "spark.broadcast.checksum": 0.958195565803871, "spark.broadcast.compress": 0.5455563481449385, "spark.cleaner.periodicGC.interval": 35.17352008483414, "spark.cleaner.referenceTracking": 0.6980123493882026, "spark.cleaner.referenceTracking.blocking": 0.4749990590013201, "spark.cleaner.referenceTracking.blocking.shuffle": 0.27154630604304597, "spark.cleaner.referenceTracking.cleanCheckpoints": 0.6868214939690359, "spark.default.parallelism": 171.083092958557, "spark.driver.maxResultSize": 142.40118212843606, "spark.driver.memoryOverhead": 1459.5270702603743, "spark.executor.cores": 1.3921662231553762, "spark.executor.heartbeatInterval": 14.99061460334984, "spark.executor.instances": 3.2251253548636676, "spark.executor.memory": 10.413701558170109, "spark.files.fetchTimeout": 57.319757499047796, "spark.files.maxPartitionBytes": 216109010.62832326, "spark.files.openCostInBytes": 7316510.622811446, "spark.files.overwrite": 0.7288891613999364, "spark.files.useFetchCache": 0.16968891066400849, "spark.hadoop.mapreduce.fileoutputcommitter.algorithm.version": 1.514684153294823, "spark.io.compression.lz4.blockSize": 78.58618507835938, "spark.io.compression.snappy.blockSize": 91.38850137151121, "spark.kryo.referenceTracking": 0.4385757481866607, "spark.kryoserializer.buffer": 97.4340465761858, "spark.kryoserializer.buffer.max": 50.71967595581064, "spark.locality.wait": 3.060384605425275, "spark.maxRemoteBlockSizeFetchToMem": 134514322.23819056, "spark.memory.fraction": 0.8787653879556157, "spark.memory.offHeap.enabled": 0.8826245875513711, "spark.memory.offHeap.size": 951.1257799111157, "spark.memory.storageFraction": 0.7654314204878343, "spark.memory.useLegacyMode": 0.8420606646489438, "spark.port.maxRetries": 24.06156309708053, "spark.python.worker.memory": 198.81088824447252, "spark.python.worker.reuse": 0.3267066402183064, "spark.rdd.compress": 0.12590968782967382, "spark.reducer.maxBlocksInFlightPerAddress": 1431115041.4466946, "spark.reducer.maxReqsInFlight": 66613373.890155196, "spark.reducer.maxSizeInFlight": 332.686153610828, "spark.rpc.io.backLog": 106.24972031164658, "spark.rpc.lookupTimeout": 67.45991503486768, "spark.rpc.message.maxSize": 112.10634954364073, "spark.rpc.retry.wait": 2.5476548465373803, "spark.scheduler.blacklist.unschedulableTaskSetTimeout": 188.25578362056456, "spark.scheduler.listenerbus.eventqueue.capacity": 6913.902397343909, "spark.scheduler.minRegisteredResourcesRatio": 0.8317168486936146, "spark.scheduler.mode": 0.5928612525991646, "spark.scheduler.revive.interval": 13.879611612212525, "spark.serializer.objectStreamReset": 208.46493617401984, "spark.shuffle.compress": 0.21066482990329605, "spark.shuffle.file.buffer": 313.26652626377256, "spark.shuffle.io.backLog": 45.28136916591707, "spark.shuffle.io.maxRetries": 6.374635588097364, "spark.shuffle.io.numConnectionsPerPeer": 4.184991070495461, "spark.shuffle.io.preferDirectBufs": 0.2902888288653154, "spark.shuffle.maxChunksBeingTransferred": 7.704701481005856e+18, "spark.shuffle.memoryFraction": 0.34711959447751595, "spark.shuffle.service.index.cache.size": 151.6829184703442, "spark.shuffle.sort.bypassMergeThreshold": 706.3349495888313, "spark.shuffle.spill.compress": 0.2713324825805964, "spark.speculation.interval": 240.20411140309943, "spark.speculation.multiplier": 2.802897172619527, "spark.speculation.quantile": 0.5841264964056311, "spark.stage.maxConsecutiveAttempts": 6.6832144752382865, "spark.storage.memoryFraction": 0.04311564058193185, "spark.storage.memoryMapThreshold": 220.97951008187624, "spark.storage.replication.proactive": 0.16397776905155703, "spark.storage.unrollFraction": 0.9542684084761734, "spark.streaming.backpressure.enabled": 0.832127621118447, "spark.streaming.blockInterval": 412.4151486209352, "spark.streaming.receiver.writeAheadLog.enable": 0.7990344718578754, "spark.streaming.stopGracefullyOnShutdown": 0.3804989654645834, "spark.streaming.unpersist": 0.17568878358459294, "spark.task.maxFailures": 5.8916961692872425, "spark.task.reaper.enabled": 0.5731248951429329, "spark.task.reaper.pollingInterval": 12.937770627144745, "spark.task.reaper.threadDump": 0.7772597820817461}, "datetime": {"datetime": "2022-02-11 07:14:29", "elapsed": 26800.833552, "delta": 769.320309}}
{"target": -760.757, "params": {"spark.broadcast.blockSize": 369.2277886393502, "spark.broadcast.checksum": 0.5448111418332955, "spark.broadcast.compress": 0.9968229670128348, "spark.cleaner.periodicGC.interval": 26.834245209444738, "spark.cleaner.referenceTracking": 0.8470390760730738, "spark.cleaner.referenceTracking.blocking": 0.5846384126731046, "spark.cleaner.referenceTracking.blocking.shuffle": 0.9125011148281866, "spark.cleaner.referenceTracking.cleanCheckpoints": 0.5984229327825374, "spark.default.parallelism": 414.8313566539223, "spark.driver.maxResultSize": 238.80743569979677, "spark.driver.memoryOverhead": 1230.5017105119437, "spark.executor.cores": 1.9578817555092223, "spark.executor.heartbeatInterval": 7.223294069049256, "spark.executor.instances": 5.544179921726755, "spark.executor.memory": 11.553289890984189, "spark.files.fetchTimeout": 67.84700433248236, "spark.files.maxPartitionBytes": 176614809.07281417, "spark.files.openCostInBytes": 6953734.435789736, "spark.files.overwrite": 0.6248917892696677, "spark.files.useFetchCache": 0.4556539911155356, "spark.hadoop.mapreduce.fileoutputcommitter.algorithm.version": 1.651558419564855, "spark.io.compression.lz4.blockSize": 92.09961170443731, "spark.io.compression.snappy.blockSize": 48.1411824405772, "spark.kryo.referenceTracking": 0.4011953170818199, "spark.kryoserializer.buffer": 52.27582257623454, "spark.kryoserializer.buffer.max": 88.23008040450176, "spark.locality.wait": 4.965246639408316, "spark.maxRemoteBlockSizeFetchToMem": 724760052.5242807, "spark.memory.fraction": 0.8252553133138929, "spark.memory.offHeap.enabled": 0.6377704555541944, "spark.memory.offHeap.size": 487.2828044409418, "spark.memory.storageFraction": 0.5490963612069915, "spark.memory.useLegacyMode": 0.9927111431513175, "spark.port.maxRetries": 30.237788459111293, "spark.python.worker.memory": 872.5337228915413, "spark.python.worker.reuse": 0.3044630260380464, "spark.rdd.compress": 0.060815605963105535, "spark.reducer.maxBlocksInFlightPerAddress": 1812937509.4612575, "spark.reducer.maxReqsInFlight": 645181317.6086233, "spark.reducer.maxSizeInFlight": 295.0463279535038, "spark.rpc.io.backLog": 97.6710944509494, "spark.rpc.lookupTimeout": 128.75033281704003, "spark.rpc.message.maxSize": 276.8516351438086, "spark.rpc.retry.wait": 4.743464854809657, "spark.scheduler.blacklist.unschedulableTaskSetTimeout": 76.17556240271955, "spark.scheduler.listenerbus.eventqueue.capacity": 3440.977167396558, "spark.scheduler.minRegisteredResourcesRatio": 0.7231133753891051, "spark.scheduler.mode": 0.5794243852042731, "spark.scheduler.revive.interval": 14.541560587681992, "spark.serializer.objectStreamReset": 97.73338431925423, "spark.shuffle.compress": 0.26226954473054875, "spark.shuffle.file.buffer": 15.588547541270932, "spark.shuffle.io.backLog": 14.410243235823497, "spark.shuffle.io.maxRetries": 3.4303738144669236, "spark.shuffle.io.numConnectionsPerPeer": 3.454823973404708, "spark.shuffle.io.preferDirectBufs": 0.52662066131282, "spark.shuffle.maxChunksBeingTransferred": 7.429211921290441e+18, "spark.shuffle.memoryFraction": 0.4773884517859551, "spark.shuffle.service.index.cache.size": 54.118326337237534, "spark.shuffle.sort.bypassMergeThreshold": 895.3950133275353, "spark.shuffle.spill.compress": 0.4304825941983692, "spark.speculation.interval": 510.7020661640356, "spark.speculation.multiplier": 1.1031692508472737, "spark.speculation.quantile": 0.17594029571061887, "spark.stage.maxConsecutiveAttempts": 4.573318082716967, "spark.storage.memoryFraction": 0.6761857516803446, "spark.storage.memoryMapThreshold": 241.45478961079482, "spark.storage.replication.proactive": 0.697186918212778, "spark.storage.unrollFraction": 0.8194415184569529, "spark.streaming.backpressure.enabled": 0.9546054299821604, "spark.streaming.blockInterval": 341.8725352058884, "spark.streaming.receiver.writeAheadLog.enable": 0.4632702399710753, "spark.streaming.stopGracefullyOnShutdown": 0.722794860607397, "spark.streaming.unpersist": 0.26298541710555057, "spark.task.maxFailures": 5.565772033512387, "spark.task.reaper.enabled": 0.6101551024196782, "spark.task.reaper.pollingInterval": 8.402597778229705, "spark.task.reaper.threadDump": 0.5764367949961785}, "datetime": {"datetime": "2022-02-11 08:07:44", "elapsed": 29995.936088, "delta": 3195.102536}}
