{"target": -887.443, "params": {"spark.broadcast.blockSize": 68.39696682254451, "spark.broadcast.checksum": 0.517281516853312, "spark.broadcast.compress": 0.7037836494870308, "spark.cleaner.periodicGC.interval": 58.6018124166923, "spark.cleaner.referenceTracking": 0.5883867488337289, "spark.cleaner.referenceTracking.blocking": 0.6998864146695407, "spark.cleaner.referenceTracking.blocking.shuffle": 0.002846673589984472, "spark.cleaner.referenceTracking.cleanCheckpoints": 0.6533842118156439, "spark.default.parallelism": 119.23484735537058, "spark.driver.maxResultSize": 65.91027744052062, "spark.driver.memoryOverhead": 945.401456734626, "spark.executor.cores": 8.181944130227837, "spark.executor.heartbeatInterval": 9.729008874854646, "spark.executor.instances": 4.359980711934808, "spark.executor.memory": 6.3972119312404825, "spark.files.fetchTimeout": 48.58039988350499, "spark.files.maxPartitionBytes": 243203096.06134728, "spark.files.openCostInBytes": 7449338.090936155, "spark.files.overwrite": 0.09362101835174585, "spark.files.useFetchCache": 0.009940773178054751, "spark.hadoop.mapreduce.fileoutputcommitter.algorithm.version": 1.1063486182646036, "spark.io.compression.lz4.blockSize": 156.02184616481662, "spark.io.compression.snappy.blockSize": 250.25645664432733, "spark.kryo.referenceTracking": 0.6643736791133869, "spark.kryoserializer.buffer": 18.67762206216276, "spark.kryoserializer.buffer.max": 98.22449503212314, "spark.locality.wait": 6.366250375369684, "spark.maxRemoteBlockSizeFetchToMem": 1497859847.5054102, "spark.memory.fraction": 0.9036105176255312, "spark.memory.offHeap.enabled": 0.9373557773858978, "spark.memory.offHeap.size": 985.2602748781561, "spark.memory.storageFraction": 0.6262792744485272, "spark.memory.useLegacyMode": 0.579443169529363, "spark.port.maxRetries": 4.545319373573799, "spark.python.worker.memory": 285.3083865118273, "spark.python.worker.reuse": 0.018769070217972805, "spark.rdd.compress": 0.09988671348191758, "spark.reducer.maxBlocksInFlightPerAddress": 1889946516.685065, "spark.reducer.maxReqsInFlight": 426118133.4563631, "spark.reducer.maxSizeInFlight": 96.58768492659291, "spark.rpc.io.backLog": 123.62547580737959, "spark.rpc.lookupTimeout": 146.23270254683172, "spark.rpc.message.maxSize": 25.797358696026706, "spark.rpc.retry.wait": 2.5562432859375104, "spark.scheduler.blacklist.unschedulableTaskSetTimeout": 172.92654284850033, "spark.scheduler.listenerbus.eventqueue.capacity": 8960.232045438883, "spark.scheduler.minRegisteredResourcesRatio": 0.8276944603845913, "spark.scheduler.mode": 0.702146953579901, "spark.scheduler.revive.interval": 14.212040511066617, "spark.serializer.objectStreamReset": 267.57534814922474, "spark.shuffle.compress": 0.5675997208876175, "spark.shuffle.file.buffer": 421.55024971623124, "spark.shuffle.io.backLog": 103.12866390696205, "spark.shuffle.io.maxRetries": 7.86027502669951, "spark.shuffle.io.numConnectionsPerPeer": 4.766140051478402, "spark.shuffle.io.preferDirectBufs": 0.9841462126957102, "spark.shuffle.maxChunksBeingTransferred": 5.254910958967177e+18, "spark.shuffle.memoryFraction": 0.5015690930877474, "spark.shuffle.service.index.cache.size": 191.96953545416213, "spark.shuffle.sort.bypassMergeThreshold": 348.93819193322815, "spark.shuffle.spill.compress": 0.14508098321787077, "spark.speculation.interval": 142.69701011213766, "spark.speculation.multiplier": 2.9363601074005476, "spark.speculation.quantile": 0.0023890315577403953, "spark.stage.maxConsecutiveAttempts": 5.897605307136761, "spark.storage.memoryFraction": 0.2609785910957022, "spark.storage.memoryMapThreshold": 416.8987840265862, "spark.storage.replication.proactive": 0.5088489881008265, "spark.storage.unrollFraction": 0.9252671613667403, "spark.streaming.backpressure.enabled": 0.6228963859196286, "spark.streaming.blockInterval": 360.8289554484515, "spark.streaming.receiver.writeAheadLog.enable": 0.13610988957944914, "spark.streaming.stopGracefullyOnShutdown": 0.537566304237145, "spark.streaming.unpersist": 0.3099227524913757, "spark.task.maxFailures": 6.815126418211044, "spark.task.reaper.enabled": 0.5849289722879818, "spark.task.reaper.pollingInterval": 18.509379964662894, "spark.task.reaper.threadDump": 0.025866552899404427}, "datetime": {"datetime": "2022-02-11 12:50:36", "elapsed": 46967.795742, "delta": 896.144155}}
{"target": -887.443, "params": {"spark.broadcast.blockSize": 298.2251298755443, "spark.broadcast.checksum": 0.9524294871332728, "spark.broadcast.compress": 0.20798403883582528, "spark.cleaner.periodicGC.interval": 25.0132780726872, "spark.cleaner.referenceTracking": 0.3582639948521714, "spark.cleaner.referenceTracking.blocking": 0.6700902853899492, "spark.cleaner.referenceTracking.blocking.shuffle": 0.4952507029368841, "spark.cleaner.referenceTracking.cleanCheckpoints": 0.41343893540613985, "spark.default.parallelism": 100.40405495999583, "spark.driver.maxResultSize": 496.9025675739695, "spark.driver.memoryOverhead": 643.9097422420703, "spark.executor.cores": 7.471592349136027, "spark.executor.heartbeatInterval": 19.711773154510848, "spark.executor.instances": 4.143828016915048, "spark.executor.memory": 4.809569060891719, "spark.files.fetchTimeout": 70.72810730718604, "spark.files.maxPartitionBytes": 262833026.7271751, "spark.files.openCostInBytes": 4131302.4214703646, "spark.files.overwrite": 0.8681621400194649, "spark.files.useFetchCache": 0.14683672360892908, "spark.hadoop.mapreduce.fileoutputcommitter.algorithm.version": 1.3658238411263235, "spark.io.compression.lz4.blockSize": 116.84336498190454, "spark.io.compression.snappy.blockSize": 236.90763366172067, "spark.kryo.referenceTracking": 0.05165072059388243, "spark.kryoserializer.buffer": 20.92528720653886, "spark.kryoserializer.buffer.max": 117.31166263644383, "spark.locality.wait": 4.981408160817415, "spark.maxRemoteBlockSizeFetchToMem": 994013871.6970617, "spark.memory.fraction": 0.5175521693780172, "spark.memory.offHeap.enabled": 0.9379451694570705, "spark.memory.offHeap.size": 793.5937819389434, "spark.memory.storageFraction": 0.8711562577280898, "spark.memory.useLegacyMode": 0.8212262919639435, "spark.port.maxRetries": 4.253473686837829, "spark.python.worker.memory": 537.5847879790264, "spark.python.worker.reuse": 0.7705843589762216, "spark.rdd.compress": 0.12671875116015108, "spark.reducer.maxBlocksInFlightPerAddress": 82129826.43728428, "spark.reducer.maxReqsInFlight": 246843852.68595582, "spark.reducer.maxSizeInFlight": 497.5774042865488, "spark.rpc.io.backLog": 114.86365702418615, "spark.rpc.lookupTimeout": 125.16060928781661, "spark.rpc.message.maxSize": 28.9514414911121, "spark.rpc.retry.wait": 5.280860402261283, "spark.scheduler.blacklist.unschedulableTaskSetTimeout": 72.5175448340735, "spark.scheduler.listenerbus.eventqueue.capacity": 2428.8912949521314, "spark.scheduler.minRegisteredResourcesRatio": 0.7049309231890316, "spark.scheduler.mode": 0.9495712137409387, "spark.scheduler.revive.interval": 44.17657539829905, "spark.serializer.objectStreamReset": 201.38801541043586, "spark.shuffle.compress": 0.8677940829987609, "spark.shuffle.file.buffer": 451.1828367144529, "spark.shuffle.io.backLog": 99.16091508671501, "spark.shuffle.io.maxRetries": 2.26225751004025, "spark.shuffle.io.numConnectionsPerPeer": 2.23081041756379, "spark.shuffle.io.preferDirectBufs": 0.6064343189239759, "spark.shuffle.maxChunksBeingTransferred": 6.343729694912244e+18, "spark.shuffle.memoryFraction": 0.12408239650937014, "spark.shuffle.service.index.cache.size": 167.96289689148324, "spark.shuffle.sort.bypassMergeThreshold": 933.5271396867768, "spark.shuffle.spill.compress": 0.23783521898950866, "spark.speculation.interval": 765.6908256987622, "spark.speculation.multiplier": 5.4072740555215075, "spark.speculation.quantile": 0.170545358926267, "spark.stage.maxConsecutiveAttempts": 2.961318665884101, "spark.storage.memoryFraction": 0.5630940879725217, "spark.storage.memoryMapThreshold": 190.3023570640051, "spark.storage.replication.proactive": 0.9493772151582396, "spark.storage.unrollFraction": 0.6792635966783634, "spark.streaming.backpressure.enabled": 0.2235987221789627, "spark.streaming.blockInterval": 206.67132332275747, "spark.streaming.receiver.writeAheadLog.enable": 0.4711418296488843, "spark.streaming.stopGracefullyOnShutdown": 0.6578398595396568, "spark.streaming.unpersist": 0.5143148809655153, "spark.task.maxFailures": 6.743976083510712, "spark.task.reaper.enabled": 0.35667753255142487, "spark.task.reaper.pollingInterval": 4.897643824044634, "spark.task.reaper.threadDump": 0.5256859522165122}, "datetime": {"datetime": "2022-02-11 13:45:11", "elapsed": 50243.376716, "delta": 3275.580974}}
{"target": -887.443, "params": {"spark.broadcast.blockSize": 123.48974044399696, "spark.broadcast.checksum": 0.5714569995844155, "spark.broadcast.compress": 0.7122305855347179, "spark.cleaner.periodicGC.interval": 58.42290752714813, "spark.cleaner.referenceTracking": 0.2827437676935841, "spark.cleaner.referenceTracking.blocking": 0.1825311964503088, "spark.cleaner.referenceTracking.blocking.shuffle": 0.8696106131474779, "spark.cleaner.referenceTracking.cleanCheckpoints": 0.6303636398377132, "spark.default.parallelism": 269.9507998556524, "spark.driver.maxResultSize": 24.010773326886543, "spark.driver.memoryOverhead": 460.59177526123347, "spark.executor.cores": 4.1898213728261195, "spark.executor.heartbeatInterval": 17.48442295338539, "spark.executor.instances": 4.224968483435889, "spark.executor.memory": 3.668337681180872, "spark.files.fetchTimeout": 84.52369369775765, "spark.files.maxPartitionBytes": 65723584.79844732, "spark.files.openCostInBytes": 3701558.6343909744, "spark.files.overwrite": 0.816585824812933, "spark.files.useFetchCache": 0.748120190960042, "spark.hadoop.mapreduce.fileoutputcommitter.algorithm.version": 1.6874433398956694, "spark.io.compression.lz4.blockSize": 121.31685664276544, "spark.io.compression.snappy.blockSize": 181.83501716693553, "spark.kryo.referenceTracking": 0.10583375088930602, "spark.kryoserializer.buffer": 48.87197433397134, "spark.kryoserializer.buffer.max": 104.63486957860357, "spark.locality.wait": 8.685035156428402, "spark.maxRemoteBlockSizeFetchToMem": 782736651.5207648, "spark.memory.fraction": 0.5755130746106292, "spark.memory.offHeap.enabled": 0.8792424228909185, "spark.memory.offHeap.size": 864.1463356725978, "spark.memory.storageFraction": 0.6132992920923028, "spark.memory.useLegacyMode": 0.18769947206912296, "spark.port.maxRetries": 29.785431005482895, "spark.python.worker.memory": 494.4774870624573, "spark.python.worker.reuse": 0.29140903683340147, "spark.rdd.compress": 0.2730292946804126, "spark.reducer.maxBlocksInFlightPerAddress": 47306065.00952362, "spark.reducer.maxReqsInFlight": 1854436339.0996606, "spark.reducer.maxSizeInFlight": 329.55503155481335, "spark.rpc.io.backLog": 81.89550740535445, "spark.rpc.lookupTimeout": 155.1139737307218, "spark.rpc.message.maxSize": 73.26382773291765, "spark.rpc.retry.wait": 1.4070514709559525, "spark.scheduler.blacklist.unschedulableTaskSetTimeout": 158.05710176039295, "spark.scheduler.listenerbus.eventqueue.capacity": 14979.757810018262, "spark.scheduler.minRegisteredResourcesRatio": 0.746369029027706, "spark.scheduler.mode": 0.4279350332868226, "spark.scheduler.revive.interval": 39.14472248156836, "spark.serializer.objectStreamReset": 132.70511788910488, "spark.shuffle.compress": 0.7870441464101988, "spark.shuffle.file.buffer": 273.8012359054927, "spark.shuffle.io.backLog": 58.592942413944336, "spark.shuffle.io.maxRetries": 8.947565712770828, "spark.shuffle.io.numConnectionsPerPeer": 2.0114590366259217, "spark.shuffle.io.preferDirectBufs": 0.6218945287722927, "spark.shuffle.maxChunksBeingTransferred": 3.7529377127568236e+18, "spark.shuffle.memoryFraction": 0.0649827192698087, "spark.shuffle.service.index.cache.size": 87.43141992738119, "spark.shuffle.sort.bypassMergeThreshold": 745.9482041467231, "spark.shuffle.spill.compress": 0.3495911488966905, "spark.speculation.interval": 617.2181157279708, "spark.speculation.multiplier": 3.201058136797375, "spark.speculation.quantile": 0.6884112929005727, "spark.stage.maxConsecutiveAttempts": 5.871119245013069, "spark.storage.memoryFraction": 0.5104115362207344, "spark.storage.memoryMapThreshold": 128.98980012809866, "spark.storage.replication.proactive": 0.7690553656699922, "spark.storage.unrollFraction": 0.3147427957003226, "spark.streaming.backpressure.enabled": 0.5059876282154936, "spark.streaming.blockInterval": 253.58610933080035, "spark.streaming.receiver.writeAheadLog.enable": 0.20986220319404125, "spark.streaming.stopGracefullyOnShutdown": 0.7883730023174473, "spark.streaming.unpersist": 0.8752413862182927, "spark.task.maxFailures": 3.107802523568018, "spark.task.reaper.enabled": 0.8146276672225562, "spark.task.reaper.pollingInterval": 7.276615731501367, "spark.task.reaper.threadDump": 0.9677372824371329}, "datetime": {"datetime": "2022-02-11 14:20:26", "elapsed": 52357.61016, "delta": 2114.233444}}
{"target": -887.443, "params": {"spark.broadcast.blockSize": 267.6316064212316, "spark.broadcast.checksum": 0.3282074681778253, "spark.broadcast.compress": 0.2682860306885301, "spark.cleaner.periodicGC.interval": 67.68742675398207, "spark.cleaner.referenceTracking": 0.812617344412337, "spark.cleaner.referenceTracking.blocking": 0.2517601255648645, "spark.cleaner.referenceTracking.blocking.shuffle": 0.19415792695311385, "spark.cleaner.referenceTracking.cleanCheckpoints": 0.1431749571053399, "spark.default.parallelism": 449.06539772574655, "spark.driver.maxResultSize": 140.83810702084025, "spark.driver.memoryOverhead": 1626.4171730265218, "spark.executor.cores": 1.9725262734187958, "spark.executor.heartbeatInterval": 16.3825570304282, "spark.executor.instances": 7.806737605174001, "spark.executor.memory": 1.6399398934877438, "spark.files.fetchTimeout": 28.846799575401278, "spark.files.maxPartitionBytes": 215636936.20333812, "spark.files.openCostInBytes": 6639309.560122818, "spark.files.overwrite": 0.4036522152578025, "spark.files.useFetchCache": 0.5807425326988261, "spark.hadoop.mapreduce.fileoutputcommitter.algorithm.version": 1.7153058460855524, "spark.io.compression.lz4.blockSize": 172.90106956884645, "spark.io.compression.snappy.blockSize": 242.74195503469977, "spark.kryo.referenceTracking": 0.04402687368996494, "spark.kryoserializer.buffer": 64.18983701314366, "spark.kryoserializer.buffer.max": 109.04774796021663, "spark.locality.wait": 2.4148069101124703, "spark.maxRemoteBlockSizeFetchToMem": 896389297.8698539, "spark.memory.fraction": 0.9464941708619491, "spark.memory.offHeap.enabled": 0.11945056666705178, "spark.memory.offHeap.size": 96.38738819826477, "spark.memory.storageFraction": 0.9466454050499085, "spark.memory.useLegacyMode": 0.08001928436014127, "spark.port.maxRetries": 17.13940433839347, "spark.python.worker.memory": 851.6068481197312, "spark.python.worker.reuse": 0.7173423970672889, "spark.rdd.compress": 0.6040492151317214, "spark.reducer.maxBlocksInFlightPerAddress": 1744314414.7894738, "spark.reducer.maxReqsInFlight": 1004382998.2354846, "spark.reducer.maxSizeInFlight": 130.12528573673197, "spark.rpc.io.backLog": 77.4252144180101, "spark.rpc.lookupTimeout": 217.47815603408424, "spark.rpc.message.maxSize": 297.63237663239505, "spark.rpc.retry.wait": 5.857773580779429, "spark.scheduler.blacklist.unschedulableTaskSetTimeout": 91.295799188519, "spark.scheduler.listenerbus.eventqueue.capacity": 3823.136907697657, "spark.scheduler.minRegisteredResourcesRatio": 0.7892673023263446, "spark.scheduler.mode": 0.6564001129109858, "spark.scheduler.revive.interval": 35.611882323504176, "spark.serializer.objectStreamReset": 279.6064940894704, "spark.shuffle.compress": 0.09446753399097518, "spark.shuffle.file.buffer": 229.35652189480336, "spark.shuffle.io.backLog": 8.781856881927933, "spark.shuffle.io.maxRetries": 2.6894410372936033, "spark.shuffle.io.numConnectionsPerPeer": 1.2165839862939554, "spark.shuffle.io.preferDirectBufs": 0.22346994754677374, "spark.shuffle.maxChunksBeingTransferred": 3.417319296836997e+18, "spark.shuffle.memoryFraction": 0.2929444222416696, "spark.shuffle.service.index.cache.size": 146.7310056811992, "spark.shuffle.sort.bypassMergeThreshold": 209.47028619061064, "spark.shuffle.spill.compress": 0.8376272152705561, "spark.speculation.interval": 832.68856931183, "spark.speculation.multiplier": 4.686477998174006, "spark.speculation.quantile": 0.0899315934955367, "spark.stage.maxConsecutiveAttempts": 4.171221333251359, "spark.storage.memoryFraction": 0.34865831437777683, "spark.storage.memoryMapThreshold": 134.23288153097474, "spark.storage.replication.proactive": 0.8931919996685838, "spark.storage.unrollFraction": 0.5428052402450699, "spark.streaming.backpressure.enabled": 0.6711669324676172, "spark.streaming.blockInterval": 84.83581612798689, "spark.streaming.receiver.writeAheadLog.enable": 0.9545392339922876, "spark.streaming.stopGracefullyOnShutdown": 0.4821931634308616, "spark.streaming.unpersist": 0.6898392768409038, "spark.task.maxFailures": 2.8879353929078277, "spark.task.reaper.enabled": 0.3591558421584503, "spark.task.reaper.pollingInterval": 4.40712761140653, "spark.task.reaper.threadDump": 0.4218832078706395}, "datetime": {"datetime": "2022-02-11 15:01:14", "elapsed": 54806.283867, "delta": 2448.673707}}
{"target": -887.443, "params": {"spark.broadcast.blockSize": 172.0130272713061, "spark.broadcast.checksum": 0.26239976812193944, "spark.broadcast.compress": 0.08540067707539245, "spark.cleaner.periodicGC.interval": 55.10252300312935, "spark.cleaner.referenceTracking": 0.08295806505511694, "spark.cleaner.referenceTracking.blocking": 0.8592862767658836, "spark.cleaner.referenceTracking.blocking.shuffle": 0.14211313859735408, "spark.cleaner.referenceTracking.cleanCheckpoints": 0.8061632267504261, "spark.default.parallelism": 242.19306206548262, "spark.driver.maxResultSize": 122.46578902270512, "spark.driver.memoryOverhead": 1029.8946947245322, "spark.executor.cores": 7.055356009659365, "spark.executor.heartbeatInterval": 8.857386420919575, "spark.executor.instances": 8.708572513055264, "spark.executor.memory": 1.03804683429875, "spark.files.fetchTimeout": 39.11037561468483, "spark.files.maxPartitionBytes": 69426392.55977926, "spark.files.openCostInBytes": 5428302.385665487, "spark.files.overwrite": 0.15747363838660788, "spark.files.useFetchCache": 0.8104903370900464, "spark.hadoop.mapreduce.fileoutputcommitter.algorithm.version": 1.6049743444774638, "spark.io.compression.lz4.blockSize": 216.46633350882405, "spark.io.compression.snappy.blockSize": 29.936310012388066, "spark.kryo.referenceTracking": 0.5991791707180738, "spark.kryoserializer.buffer": 80.85819536347086, "spark.kryoserializer.buffer.max": 55.48908389583725, "spark.locality.wait": 5.966034549936392, "spark.maxRemoteBlockSizeFetchToMem": 950477049.8977847, "spark.memory.fraction": 0.7046803231952827, "spark.memory.offHeap.enabled": 0.5709070932111209, "spark.memory.offHeap.size": 550.987659888241, "spark.memory.storageFraction": 0.7600138621671265, "spark.memory.useLegacyMode": 0.7035714502566894, "spark.port.maxRetries": 20.94808455525364, "spark.python.worker.memory": 377.42152249762245, "spark.python.worker.reuse": 0.8985379252688073, "spark.rdd.compress": 0.05562955386637791, "spark.reducer.maxBlocksInFlightPerAddress": 1251421565.8305204, "spark.reducer.maxReqsInFlight": 2101923483.6770225, "spark.reducer.maxSizeInFlight": 117.8826649374615, "spark.rpc.io.backLog": 74.1599452730893, "spark.rpc.lookupTimeout": 172.42315445642475, "spark.rpc.message.maxSize": 124.57227674848185, "spark.rpc.retry.wait": 2.9473624697086263, "spark.scheduler.blacklist.unschedulableTaskSetTimeout": 232.81268992850667, "spark.scheduler.listenerbus.eventqueue.capacity": 14228.278023884626, "spark.scheduler.minRegisteredResourcesRatio": 0.7525307605121303, "spark.scheduler.mode": 0.8224975191483443, "spark.scheduler.revive.interval": 11.859251801624048, "spark.serializer.objectStreamReset": 200.2348552072384, "spark.shuffle.compress": 0.7200910848636582, "spark.shuffle.file.buffer": 250.33078308519708, "spark.shuffle.io.backLog": 95.40093040956444, "spark.shuffle.io.maxRetries": 4.101301705960186, "spark.shuffle.io.numConnectionsPerPeer": 3.0336088276398865, "spark.shuffle.io.preferDirectBufs": 0.5988329409855547, "spark.shuffle.maxChunksBeingTransferred": 3.5517726480038077e+18, "spark.shuffle.memoryFraction": 0.09048708853257659, "spark.shuffle.service.index.cache.size": 147.9317107535864, "spark.shuffle.sort.bypassMergeThreshold": 344.1197549374686, "spark.shuffle.spill.compress": 0.4639865612213151, "spark.speculation.interval": 534.214241248683, "spark.speculation.multiplier": 1.4087460938767062, "spark.speculation.quantile": 0.09982457647312681, "spark.stage.maxConsecutiveAttempts": 3.8971446406308488, "spark.storage.memoryFraction": 0.2357786223158439, "spark.storage.memoryMapThreshold": 403.80136417402986, "spark.storage.replication.proactive": 0.2871157272112689, "spark.storage.unrollFraction": 0.564745294099069, "spark.streaming.backpressure.enabled": 0.47037157439528, "spark.streaming.blockInterval": 190.42101729747023, "spark.streaming.receiver.writeAheadLog.enable": 0.5833591545736511, "spark.streaming.stopGracefullyOnShutdown": 0.39846685765831524, "spark.streaming.unpersist": 0.7037268245962838, "spark.task.maxFailures": 4.600209709357164, "spark.task.reaper.enabled": 0.29191945927375884, "spark.task.reaper.pollingInterval": 3.444531172421054, "spark.task.reaper.threadDump": 0.9886287291326076}, "datetime": {"datetime": "2022-02-11 15:39:50", "elapsed": 57122.047241, "delta": 2315.763374}}
