{"target": -2387.342, "params": {"spark.broadcast.blockSize": 220.25355990114056, "spark.broadcast.checksum": 0.2670747279602873, "spark.broadcast.compress": 0.2821219916455743, "spark.cleaner.periodicGC.interval": 60.431500541404375, "spark.cleaner.referenceTracking": 0.2025879019408846, "spark.cleaner.referenceTracking.blocking": 0.1897851794148041, "spark.cleaner.referenceTracking.blocking.shuffle": 0.6152377794708428, "spark.cleaner.referenceTracking.cleanCheckpoints": 0.08215152212689936, "spark.default.parallelism": 250.76035066891208, "spark.driver.maxResultSize": 409.30060258387226, "spark.driver.memoryOverhead": 1800.3058309194153, "spark.executor.cores": 6.730761049905362, "spark.executor.heartbeatInterval": 7.058235678283573, "spark.executor.instances": 5.006769860521748, "spark.executor.memory": 15.745597778832296, "spark.files.fetchTimeout": 61.16157594819684, "spark.files.maxPartitionBytes": 178868934.47260278, "spark.files.openCostInBytes": 6152036.084963051, "spark.files.overwrite": 0.9068310918015916, "spark.files.useFetchCache": 0.5547557487819281, "spark.hadoop.mapreduce.fileoutputcommitter.algorithm.version": 1.846149323076659, "spark.io.compression.lz4.blockSize": 146.9121770740311, "spark.io.compression.snappy.blockSize": 93.2110104098681, "spark.kryo.referenceTracking": 0.5541613964052237, "spark.kryoserializer.buffer": 113.79822829662932, "spark.kryoserializer.buffer.max": 26.001925185481262, "spark.locality.wait": 8.278275199567364, "spark.maxRemoteBlockSizeFetchToMem": 256992480.23949608, "spark.memory.fraction": 0.8650453423672848, "spark.memory.offHeap.enabled": 0.206491918965649, "spark.memory.offHeap.size": 441.00300777246764, "spark.memory.storageFraction": 0.6218587404463523, "spark.memory.useLegacyMode": 0.0812466664900986, "spark.port.maxRetries": 24.536972874119616, "spark.python.worker.memory": 291.88304288929487, "spark.python.worker.reuse": 0.1393170992026589, "spark.rdd.compress": 0.12668123113910457, "spark.reducer.maxBlocksInFlightPerAddress": 1693195294.6672344, "spark.reducer.maxReqsInFlight": 955016666.5764713, "spark.reducer.maxSizeInFlight": 69.04369040597341, "spark.rpc.io.backLog": 48.852979408869345, "spark.rpc.lookupTimeout": 221.61183436147357, "spark.rpc.message.maxSize": 310.9510072102265, "spark.rpc.retry.wait": 1.133148104429971, "spark.scheduler.blacklist.unschedulableTaskSetTimeout": 56.44294671045441, "spark.scheduler.listenerbus.eventqueue.capacity": 17592.822721034856, "spark.scheduler.minRegisteredResourcesRatio": 0.820736879688914, "spark.scheduler.mode": 0.26704032240578934, "spark.scheduler.revive.interval": 7.331516120813589, "spark.serializer.objectStreamReset": 282.2851682175831, "spark.shuffle.compress": 0.3429359902718119, "spark.shuffle.file.buffer": 274.0630035612895, "spark.shuffle.io.backLog": 85.01652928675287, "spark.shuffle.io.maxRetries": 5.229401633963519, "spark.shuffle.io.numConnectionsPerPeer": 2.5288992179293466, "spark.shuffle.io.preferDirectBufs": 0.4992649837981834, "spark.shuffle.maxChunksBeingTransferred": 8.7110515842454e+18, "spark.shuffle.memoryFraction": 0.26300999556705673, "spark.shuffle.service.index.cache.size": 63.009419219302686, "spark.shuffle.sort.bypassMergeThreshold": 746.8677290540464, "spark.shuffle.spill.compress": 0.6942426465626609, "spark.speculation.interval": 34.058274362720915, "spark.speculation.multiplier": 4.7933682950240835, "spark.speculation.quantile": 0.9445693720640363, "spark.stage.maxConsecutiveAttempts": 5.594873998078593, "spark.storage.memoryFraction": 0.8718683056034316, "spark.storage.memoryMapThreshold": 282.8820707322193, "spark.storage.replication.proactive": 0.39407519365500665, "spark.storage.unrollFraction": 0.3298741196918259, "spark.streaming.backpressure.enabled": 0.5269476799321611, "spark.streaming.blockInterval": 441.5467062024131, "spark.streaming.receiver.writeAheadLog.enable": 0.6390575462684822, "spark.streaming.stopGracefullyOnShutdown": 0.7237260336818339, "spark.streaming.unpersist": 0.5255809859385533, "spark.task.maxFailures": 3.0282691435907614, "spark.task.reaper.enabled": 0.07167461383160445, "spark.task.reaper.pollingInterval": 3.9682034029149205, "spark.task.reaper.threadDump": 0.4314570451849572}, "datetime": {"datetime": "2022-02-11 20:28:04", "elapsed": 74416.397784, "delta": 2396.038827}}
{"target": -2387.342, "params": {"spark.broadcast.blockSize": 466.6106163199706, "spark.broadcast.checksum": 0.04075695906912524, "spark.broadcast.compress": 0.42088738255553293, "spark.cleaner.periodicGC.interval": 26.25764784500391, "spark.cleaner.referenceTracking": 0.970372556380999, "spark.cleaner.referenceTracking.blocking": 0.624408975843918, "spark.cleaner.referenceTracking.blocking.shuffle": 0.9295758962733873, "spark.cleaner.referenceTracking.cleanCheckpoints": 0.9436001119482674, "spark.default.parallelism": 419.6594835129235, "spark.driver.maxResultSize": 100.14975820239617, "spark.driver.memoryOverhead": 1271.323111971463, "spark.executor.cores": 6.023368980478982, "spark.executor.heartbeatInterval": 6.2734796284253225, "spark.executor.instances": 2.533209369824672, "spark.executor.memory": 12.303809429458944, "spark.files.fetchTimeout": 85.06183907769655, "spark.files.maxPartitionBytes": 83634819.62598619, "spark.files.openCostInBytes": 3342247.0596577236, "spark.files.overwrite": 0.47948732169073327, "spark.files.useFetchCache": 0.7990893736257947, "spark.hadoop.mapreduce.fileoutputcommitter.algorithm.version": 1.2383499128139241, "spark.io.compression.lz4.blockSize": 191.0384162568031, "spark.io.compression.snappy.blockSize": 79.70693853605846, "spark.kryo.referenceTracking": 0.9813424607177889, "spark.kryoserializer.buffer": 48.6755468008004, "spark.kryoserializer.buffer.max": 85.02196753072857, "spark.locality.wait": 4.900439407476807, "spark.maxRemoteBlockSizeFetchToMem": 1720193033.1101837, "spark.memory.fraction": 0.9582234480240146, "spark.memory.offHeap.enabled": 0.9262037548592814, "spark.memory.offHeap.size": 175.30051784750736, "spark.memory.storageFraction": 0.9591008213206906, "spark.memory.useLegacyMode": 0.2615350821956277, "spark.port.maxRetries": 30.079414389606537, "spark.python.worker.memory": 396.9908030910304, "spark.python.worker.reuse": 0.6936175823919043, "spark.rdd.compress": 0.31163880386535947, "spark.reducer.maxBlocksInFlightPerAddress": 24759766.564137246, "spark.reducer.maxReqsInFlight": 2109087682.730062, "spark.reducer.maxSizeInFlight": 395.621157655153, "spark.rpc.io.backLog": 72.69913375552883, "spark.rpc.lookupTimeout": 133.6267247663947, "spark.rpc.message.maxSize": 389.1709030949918, "spark.rpc.retry.wait": 2.537279638025227, "spark.scheduler.blacklist.unschedulableTaskSetTimeout": 34.455357684908726, "spark.scheduler.listenerbus.eventqueue.capacity": 13553.389385571061, "spark.scheduler.minRegisteredResourcesRatio": 0.7250075152881005, "spark.scheduler.mode": 0.022981851132079734, "spark.scheduler.revive.interval": 10.249441190879695, "spark.serializer.objectStreamReset": 50.470197265114074, "spark.shuffle.compress": 0.7496432130608779, "spark.shuffle.file.buffer": 80.46416320074896, "spark.shuffle.io.backLog": 31.883055462720577, "spark.shuffle.io.maxRetries": 7.41153741491795, "spark.shuffle.io.numConnectionsPerPeer": 3.240717840577883, "spark.shuffle.io.preferDirectBufs": 0.9963133685648897, "spark.shuffle.maxChunksBeingTransferred": 3.1408258580453796e+18, "spark.shuffle.memoryFraction": 0.841111405490721, "spark.shuffle.service.index.cache.size": 117.53189840258314, "spark.shuffle.sort.bypassMergeThreshold": 321.538492419689, "spark.shuffle.spill.compress": 0.25462011090527725, "spark.speculation.interval": 572.1915854445108, "spark.speculation.multiplier": 3.0313462018751083, "spark.speculation.quantile": 0.9653952194468188, "spark.stage.maxConsecutiveAttempts": 4.218810907706983, "spark.storage.memoryFraction": 0.7958823448403541, "spark.storage.memoryMapThreshold": 263.1212936426663, "spark.storage.replication.proactive": 0.6868758078659382, "spark.storage.unrollFraction": 0.15540448541196927, "spark.streaming.backpressure.enabled": 0.37300838500349975, "spark.streaming.blockInterval": 283.9733859018066, "spark.streaming.receiver.writeAheadLog.enable": 0.6930696909365218, "spark.streaming.stopGracefullyOnShutdown": 0.1484378536598937, "spark.streaming.unpersist": 0.31068276349369806, "spark.task.maxFailures": 7.421101285020363, "spark.task.reaper.enabled": 0.7335367541159658, "spark.task.reaper.pollingInterval": 9.239454140907693, "spark.task.reaper.threadDump": 0.386310193820669}, "datetime": {"datetime": "2022-02-11 20:58:20", "elapsed": 76231.708681, "delta": 1815.310897}}
{"target": -2387.342, "params": {"spark.broadcast.blockSize": 381.05358654278746, "spark.broadcast.checksum": 0.66604437924494, "spark.broadcast.compress": 0.3175291524207068, "spark.cleaner.periodicGC.interval": 25.362696892088465, "spark.cleaner.referenceTracking": 0.5344190073719552, "spark.cleaner.referenceTracking.blocking": 0.6036791225349767, "spark.cleaner.referenceTracking.blocking.shuffle": 0.7854865001250163, "spark.cleaner.referenceTracking.cleanCheckpoints": 0.12586517462848534, "spark.default.parallelism": 62.43876966002112, "spark.driver.maxResultSize": 308.1176172746879, "spark.driver.memoryOverhead": 495.784083783959, "spark.executor.cores": 7.966879721880321, "spark.executor.heartbeatInterval": 13.442305120214492, "spark.executor.instances": 5.17979570905911, "spark.executor.memory": 4.5516642726335945, "spark.files.fetchTimeout": 38.34678101676013, "spark.files.maxPartitionBytes": 196270761.4235646, "spark.files.openCostInBytes": 7245136.352116383, "spark.files.overwrite": 0.006586602303723876, "spark.files.useFetchCache": 0.7969457910614584, "spark.hadoop.mapreduce.fileoutputcommitter.algorithm.version": 1.1350115451465277, "spark.io.compression.lz4.blockSize": 136.2748299517246, "spark.io.compression.snappy.blockSize": 8.020617902464029, "spark.kryo.referenceTracking": 0.8747516770639144, "spark.kryoserializer.buffer": 44.483624951290075, "spark.kryoserializer.buffer.max": 20.400105002173085, "spark.locality.wait": 7.767427159446364, "spark.maxRemoteBlockSizeFetchToMem": 802217943.602437, "spark.memory.fraction": 0.5153721584286228, "spark.memory.offHeap.enabled": 0.8478909175230785, "spark.memory.offHeap.size": 298.83449815008606, "spark.memory.storageFraction": 0.8359419293587953, "spark.memory.useLegacyMode": 0.02902908008653393, "spark.port.maxRetries": 12.624027664325093, "spark.python.worker.memory": 165.63639582640926, "spark.python.worker.reuse": 0.8179445368383333, "spark.rdd.compress": 0.6668539582136745, "spark.reducer.maxBlocksInFlightPerAddress": 1887486032.2841995, "spark.reducer.maxReqsInFlight": 2020226158.6093373, "spark.reducer.maxSizeInFlight": 188.11587338746395, "spark.rpc.io.backLog": 119.54838415044107, "spark.rpc.lookupTimeout": 124.95342668711632, "spark.rpc.message.maxSize": 60.215343034293255, "spark.rpc.retry.wait": 1.659830375395813, "spark.scheduler.blacklist.unschedulableTaskSetTimeout": 69.00689511027332, "spark.scheduler.listenerbus.eventqueue.capacity": 9567.963438882856, "spark.scheduler.minRegisteredResourcesRatio": 0.7849746853866894, "spark.scheduler.mode": 0.630301091013932, "spark.scheduler.revive.interval": 41.11341861812913, "spark.serializer.objectStreamReset": 134.334472306228, "spark.shuffle.compress": 0.9996056778524702, "spark.shuffle.file.buffer": 406.3679911445281, "spark.shuffle.io.backLog": 92.15483776347483, "spark.shuffle.io.maxRetries": 7.688164131570898, "spark.shuffle.io.numConnectionsPerPeer": 1.5183471432753723, "spark.shuffle.io.preferDirectBufs": 0.2117428419064481, "spark.shuffle.maxChunksBeingTransferred": 8.693410500445455e+18, "spark.shuffle.memoryFraction": 0.45688212061181344, "spark.shuffle.service.index.cache.size": 170.36999416153134, "spark.shuffle.sort.bypassMergeThreshold": 854.5582379537517, "spark.shuffle.spill.compress": 0.7616073886077691, "spark.speculation.interval": 219.33758953799662, "spark.speculation.multiplier": 2.731596894067338, "spark.speculation.quantile": 0.8800172433745721, "spark.stage.maxConsecutiveAttempts": 4.628373648617121, "spark.storage.memoryFraction": 0.5033996628676604, "spark.storage.memoryMapThreshold": 348.3152155418764, "spark.storage.replication.proactive": 0.6046978861182981, "spark.storage.unrollFraction": 0.8448594214072659, "spark.streaming.backpressure.enabled": 0.16221351809471396, "spark.streaming.blockInterval": 492.27056686293145, "spark.streaming.receiver.writeAheadLog.enable": 0.5294289559907714, "spark.streaming.stopGracefullyOnShutdown": 0.15932632522468249, "spark.streaming.unpersist": 0.0197847831434409, "spark.task.maxFailures": 5.936779114619741, "spark.task.reaper.enabled": 0.45564796546651853, "spark.task.reaper.pollingInterval": 10.459172675742858, "spark.task.reaper.threadDump": 0.13773712862750898}, "datetime": {"datetime": "2022-02-11 21:56:52", "elapsed": 79743.840006, "delta": 3512.131325}}
{"target": -855.171, "params": {"spark.broadcast.blockSize": 214.58715668790765, "spark.broadcast.checksum": 0.7613523525821297, "spark.broadcast.compress": 0.9851122797435151, "spark.cleaner.periodicGC.interval": 72.82497138534356, "spark.cleaner.referenceTracking": 0.30115656676185953, "spark.cleaner.referenceTracking.blocking": 0.6779858813344145, "spark.cleaner.referenceTracking.blocking.shuffle": 0.35697364096251183, "spark.cleaner.referenceTracking.cleanCheckpoints": 0.4381023695925592, "spark.default.parallelism": 356.9660131852676, "spark.driver.maxResultSize": 225.80785370400088, "spark.driver.memoryOverhead": 1598.4787915853403, "spark.executor.cores": 6.062066039312475, "spark.executor.heartbeatInterval": 9.889904573150957, "spark.executor.instances": 8.319023513894097, "spark.executor.memory": 7.9127257816355545, "spark.files.fetchTimeout": 37.5198011391461, "spark.files.maxPartitionBytes": 126458672.61434677, "spark.files.openCostInBytes": 3901249.4118267265, "spark.files.overwrite": 0.9310728796398449, "spark.files.useFetchCache": 0.9083177172160851, "spark.hadoop.mapreduce.fileoutputcommitter.algorithm.version": 1.3738913455980772, "spark.io.compression.lz4.blockSize": 35.520923838136454, "spark.io.compression.snappy.blockSize": 228.2262890126078, "spark.kryo.referenceTracking": 0.7907371468514806, "spark.kryoserializer.buffer": 19.786125640562197, "spark.kryoserializer.buffer.max": 79.10957779698214, "spark.locality.wait": 9.741477989899773, "spark.maxRemoteBlockSizeFetchToMem": 1134528354.019138, "spark.memory.fraction": 0.8806071834919864, "spark.memory.offHeap.enabled": 0.9161299957521071, "spark.memory.offHeap.size": 397.060982903883, "spark.memory.storageFraction": 0.6026931251688392, "spark.memory.useLegacyMode": 0.34493138618140007, "spark.port.maxRetries": 27.927044178589092, "spark.python.worker.memory": 974.7883162047174, "spark.python.worker.reuse": 0.33793982407169754, "spark.rdd.compress": 0.5445226914559272, "spark.reducer.maxBlocksInFlightPerAddress": 1818637704.7669368, "spark.reducer.maxReqsInFlight": 251467393.618852, "spark.reducer.maxSizeInFlight": 386.32547395039893, "spark.rpc.io.backLog": 119.78876160952652, "spark.rpc.lookupTimeout": 93.80095798326474, "spark.rpc.message.maxSize": 91.27912005090543, "spark.rpc.retry.wait": 2.2018807575456147, "spark.scheduler.blacklist.unschedulableTaskSetTimeout": 83.64697639156819, "spark.scheduler.listenerbus.eventqueue.capacity": 10133.653135514722, "spark.scheduler.minRegisteredResourcesRatio": 0.7347811423934743, "spark.scheduler.mode": 0.6246431122158347, "spark.scheduler.revive.interval": 18.18022923363653, "spark.serializer.objectStreamReset": 219.56526435232456, "spark.shuffle.compress": 0.9070422044216249, "spark.shuffle.file.buffer": 23.994461361382132, "spark.shuffle.io.backLog": 66.8800106559732, "spark.shuffle.io.maxRetries": 5.9910449237460925, "spark.shuffle.io.numConnectionsPerPeer": 1.1462164479323134, "spark.shuffle.io.preferDirectBufs": 0.5881347395615891, "spark.shuffle.maxChunksBeingTransferred": 3.424566356544383e+18, "spark.shuffle.memoryFraction": 0.2788662918616186, "spark.shuffle.service.index.cache.size": 186.6156503922447, "spark.shuffle.sort.bypassMergeThreshold": 451.13766164488527, "spark.shuffle.spill.compress": 0.08973162318786554, "spark.speculation.interval": 404.75115852554586, "spark.speculation.multiplier": 4.280104877898076, "spark.speculation.quantile": 0.7403839800052366, "spark.stage.maxConsecutiveAttempts": 3.3803632427857, "spark.storage.memoryFraction": 0.14142232907820185, "spark.storage.memoryMapThreshold": 70.23551748807856, "spark.storage.replication.proactive": 0.356259386649442, "spark.storage.unrollFraction": 0.5519114778285917, "spark.streaming.backpressure.enabled": 0.24321548242809587, "spark.streaming.blockInterval": 241.45233953173167, "spark.streaming.receiver.writeAheadLog.enable": 0.3783310246533007, "spark.streaming.stopGracefullyOnShutdown": 0.4985438291388269, "spark.streaming.unpersist": 0.7705117108727431, "spark.task.maxFailures": 5.124119532904175, "spark.task.reaper.enabled": 0.7029767434939103, "spark.task.reaper.pollingInterval": 6.495413887531637, "spark.task.reaper.threadDump": 0.5421346329005937}, "datetime": {"datetime": "2022-02-11 22:11:16", "elapsed": 80607.78168, "delta": 863.941674}}
{"target": -855.171, "params": {"spark.broadcast.blockSize": 327.6867873282627, "spark.broadcast.checksum": 0.039356280742982586, "spark.broadcast.compress": 0.7492267650398433, "spark.cleaner.periodicGC.interval": 28.54942582581245, "spark.cleaner.referenceTracking": 0.6165558088835263, "spark.cleaner.referenceTracking.blocking": 0.2800361376703383, "spark.cleaner.referenceTracking.blocking.shuffle": 0.16745197463366535, "spark.cleaner.referenceTracking.cleanCheckpoints": 0.5960013226861074, "spark.default.parallelism": 368.0947843381965, "spark.driver.maxResultSize": 145.48341693338276, "spark.driver.memoryOverhead": 1980.424882420786, "spark.executor.cores": 5.848580070163199, "spark.executor.heartbeatInterval": 6.883920788624423, "spark.executor.instances": 12.472665402381221, "spark.executor.memory": 5.2655570340076645, "spark.files.fetchTimeout": 32.97846952654824, "spark.files.maxPartitionBytes": 47041953.3817057, "spark.files.openCostInBytes": 6559755.376905925, "spark.files.overwrite": 0.18404751532670605, "spark.files.useFetchCache": 0.14454792163003782, "spark.hadoop.mapreduce.fileoutputcommitter.algorithm.version": 1.7686346031833111, "spark.io.compression.lz4.blockSize": 57.86189461085489, "spark.io.compression.snappy.blockSize": 192.26768308955462, "spark.kryo.referenceTracking": 0.25338302890301145, "spark.kryoserializer.buffer": 103.1582194979374, "spark.kryoserializer.buffer.max": 13.835938036331761, "spark.locality.wait": 1.2176633870905942, "spark.maxRemoteBlockSizeFetchToMem": 546404824.7162176, "spark.memory.fraction": 0.6941224584794943, "spark.memory.offHeap.enabled": 0.5481049753223814, "spark.memory.offHeap.size": 942.914697415786, "spark.memory.storageFraction": 0.8738853228127623, "spark.memory.useLegacyMode": 0.2310611807365356, "spark.port.maxRetries": 26.05601118343674, "spark.python.worker.memory": 837.7854798180789, "spark.python.worker.reuse": 0.31209516192173625, "spark.rdd.compress": 0.9348421950035658, "spark.reducer.maxBlocksInFlightPerAddress": 317843260.5021473, "spark.reducer.maxReqsInFlight": 1778659221.3794746, "spark.reducer.maxSizeInFlight": 119.33020686062764, "spark.rpc.io.backLog": 82.4007832664134, "spark.rpc.lookupTimeout": 206.79210518780297, "spark.rpc.message.maxSize": 494.9840416751924, "spark.rpc.retry.wait": 2.8394814911857162, "spark.scheduler.blacklist.unschedulableTaskSetTimeout": 231.18592509882512, "spark.scheduler.listenerbus.eventqueue.capacity": 12437.035043987567, "spark.scheduler.minRegisteredResourcesRatio": 0.7707047339414588, "spark.scheduler.mode": 0.5456265054121462, "spark.scheduler.revive.interval": 25.17678535285234, "spark.serializer.objectStreamReset": 69.6313572962269, "spark.shuffle.compress": 0.18526262964731233, "spark.shuffle.file.buffer": 14.019786192391578, "spark.shuffle.io.backLog": 22.751477826306076, "spark.shuffle.io.maxRetries": 6.705704669164367, "spark.shuffle.io.numConnectionsPerPeer": 2.116978995741773, "spark.shuffle.io.preferDirectBufs": 0.7957800905367562, "spark.shuffle.maxChunksBeingTransferred": 5.258372217815002e+18, "spark.shuffle.memoryFraction": 0.03837665206754126, "spark.shuffle.service.index.cache.size": 157.6765132939071, "spark.shuffle.sort.bypassMergeThreshold": 708.2328363095718, "spark.shuffle.spill.compress": 0.366536833801827, "spark.speculation.interval": 502.79425856159514, "spark.speculation.multiplier": 3.111888706360079, "spark.speculation.quantile": 0.9081176326478834, "spark.stage.maxConsecutiveAttempts": 7.690354532449149, "spark.storage.memoryFraction": 0.14433965177588948, "spark.storage.memoryMapThreshold": 282.3254601107153, "spark.storage.replication.proactive": 0.3504883142723755, "spark.storage.unrollFraction": 0.09434845058162422, "spark.streaming.backpressure.enabled": 0.0703828622512539, "spark.streaming.blockInterval": 397.31521561439627, "spark.streaming.receiver.writeAheadLog.enable": 0.06306832382641414, "spark.streaming.stopGracefullyOnShutdown": 0.5999998038373469, "spark.streaming.unpersist": 0.4008414164403251, "spark.task.maxFailures": 6.072539927331216, "spark.task.reaper.enabled": 0.8207724637349589, "spark.task.reaper.pollingInterval": 3.552709022299742, "spark.task.reaper.threadDump": 0.8922926973767715}, "datetime": {"datetime": "2022-02-11 22:44:25", "elapsed": 82596.89803, "delta": 1989.11635}}
