{"target": -689.836, "params": {"spark.broadcast.blockSize": 310.2142561605543, "spark.broadcast.checksum": 0.07130281633544022, "spark.broadcast.compress": 0.3182996374629644, "spark.cleaner.periodicGC.interval": 41.963707138513016, "spark.cleaner.referenceTracking": 0.5386033695774666, "spark.cleaner.referenceTracking.blocking": 0.8561320772560024, "spark.cleaner.referenceTracking.blocking.shuffle": 0.9031539873744101, "spark.cleaner.referenceTracking.cleanCheckpoints": 0.7572719283323248, "spark.default.parallelism": 77.50405551711385, "spark.driver.maxResultSize": 29.208880096903535, "spark.driver.memoryOverhead": 1064.3987933390063, "spark.executor.cores": 5.170866554623668, "spark.executor.heartbeatInterval": 15.867715363280753, "spark.executor.instances": 11.950084396464975, "spark.executor.memory": 9.423548174264406, "spark.files.fetchTimeout": 40.91128204025523, "spark.files.maxPartitionBytes": 75543938.4671183, "spark.files.openCostInBytes": 7253577.489175194, "spark.files.overwrite": 0.34882888058277417, "spark.files.useFetchCache": 0.5298841986341437, "spark.hadoop.mapreduce.fileoutputcommitter.algorithm.version": 1.510109692709381, "spark.io.compression.lz4.blockSize": 242.48386386731275, "spark.io.compression.snappy.blockSize": 14.479496483436359, "spark.kryo.referenceTracking": 0.25347778620387607, "spark.kryoserializer.buffer": 30.9857928402345, "spark.kryoserializer.buffer.max": 46.092250646816794, "spark.locality.wait": 6.771089607775692, "spark.maxRemoteBlockSizeFetchToMem": 1951371169.405345, "spark.memory.fraction": 0.5546624013868815, "spark.memory.offHeap.enabled": 0.5499756377375514, "spark.memory.offHeap.size": 456.64295932218613, "spark.memory.storageFraction": 0.6961673265934063, "spark.memory.useLegacyMode": 0.3599186345003571, "spark.port.maxRetries": 27.494742471473245, "spark.python.worker.memory": 933.6062910597713, "spark.python.worker.reuse": 0.8711713039345937, "spark.rdd.compress": 0.5974283828839902, "spark.reducer.maxBlocksInFlightPerAddress": 580206105.2665285, "spark.reducer.maxReqsInFlight": 1840987478.3436022, "spark.reducer.maxSizeInFlight": 281.08490703164756, "spark.rpc.io.backLog": 109.96361919082918, "spark.rpc.lookupTimeout": 125.7930834119095, "spark.rpc.message.maxSize": 310.46599557406694, "spark.rpc.retry.wait": 1.7107165978041246, "spark.scheduler.blacklist.unschedulableTaskSetTimeout": 239.40640857641856, "spark.scheduler.listenerbus.eventqueue.capacity": 13938.47763396453, "spark.scheduler.minRegisteredResourcesRatio": 0.7697050110274892, "spark.scheduler.mode": 0.8278703369005033, "spark.scheduler.revive.interval": 3.0420707552812285, "spark.serializer.objectStreamReset": 117.49158309405972, "spark.shuffle.compress": 0.0571386476906417, "spark.shuffle.file.buffer": 159.51022887108178, "spark.shuffle.io.backLog": 73.19652860419951, "spark.shuffle.io.maxRetries": 6.72163564611909, "spark.shuffle.io.numConnectionsPerPeer": 1.793189871646946, "spark.shuffle.io.preferDirectBufs": 0.7940717920440818, "spark.shuffle.maxChunksBeingTransferred": 8.736693347415324e+18, "spark.shuffle.memoryFraction": 0.05924977155739264, "spark.shuffle.service.index.cache.size": 147.48512834340625, "spark.shuffle.sort.bypassMergeThreshold": 796.8220269137747, "spark.shuffle.spill.compress": 0.19992607631973358, "spark.speculation.interval": 431.42798475762163, "spark.speculation.multiplier": 2.3109797702153534, "spark.speculation.quantile": 0.08010441430626902, "spark.stage.maxConsecutiveAttempts": 4.110202494490499, "spark.storage.memoryFraction": 0.10712469123161883, "spark.storage.memoryMapThreshold": 312.41346322501505, "spark.storage.replication.proactive": 0.46448276481973594, "spark.storage.unrollFraction": 0.3158680386914734, "spark.streaming.backpressure.enabled": 0.018785856471481455, "spark.streaming.blockInterval": 495.0598229383677, "spark.streaming.receiver.writeAheadLog.enable": 0.7928619389322014, "spark.streaming.stopGracefullyOnShutdown": 0.7816967363408623, "spark.streaming.unpersist": 0.8905616561893404, "spark.task.maxFailures": 7.040254627489136, "spark.task.reaper.enabled": 0.011099081036922476, "spark.task.reaper.pollingInterval": 19.6156788803392, "spark.task.reaper.threadDump": 0.3563694955730693}, "datetime": {"datetime": "2022-02-11 15:51:28", "elapsed": 57820.551144, "delta": 698.503903}}
{"target": -277.621, "params": {"spark.broadcast.blockSize": 101.34588913970708, "spark.broadcast.checksum": 0.11073108598715442, "spark.broadcast.compress": 0.022544089151567914, "spark.cleaner.periodicGC.interval": 10.859265503661728, "spark.cleaner.referenceTracking": 0.5164241851115664, "spark.cleaner.referenceTracking.blocking": 0.909179156981369, "spark.cleaner.referenceTracking.blocking.shuffle": 0.6158902487920247, "spark.cleaner.referenceTracking.cleanCheckpoints": 0.7873965919469564, "spark.default.parallelism": 322.03449625202825, "spark.driver.maxResultSize": 197.8853599865655, "spark.driver.memoryOverhead": 827.9565366316991, "spark.executor.cores": 7.97007036549067, "spark.executor.heartbeatInterval": 7.270617716266683, "spark.executor.instances": 13.361264510703933, "spark.executor.memory": 12.28923633635555, "spark.files.fetchTimeout": 80.91438938059937, "spark.files.maxPartitionBytes": 192953585.7418973, "spark.files.openCostInBytes": 5535391.009060223, "spark.files.overwrite": 0.19502696346395088, "spark.files.useFetchCache": 0.19821074995329668, "spark.hadoop.mapreduce.fileoutputcommitter.algorithm.version": 1.6224810566128438, "spark.io.compression.lz4.blockSize": 184.40303201894517, "spark.io.compression.snappy.blockSize": 157.22014480174857, "spark.kryo.referenceTracking": 0.30967394459104103, "spark.kryoserializer.buffer": 59.926396946793886, "spark.kryoserializer.buffer.max": 85.67274507854832, "spark.locality.wait": 6.481078576613141, "spark.maxRemoteBlockSizeFetchToMem": 869338982.6244419, "spark.memory.fraction": 0.9145802678946824, "spark.memory.offHeap.enabled": 0.9285852061599731, "spark.memory.offHeap.size": 175.54537057140115, "spark.memory.storageFraction": 0.8117707803368582, "spark.memory.useLegacyMode": 0.13024827110882464, "spark.port.maxRetries": 19.895299498465697, "spark.python.worker.memory": 966.747183304989, "spark.python.worker.reuse": 0.07613987106588926, "spark.rdd.compress": 0.4447886428703097, "spark.reducer.maxBlocksInFlightPerAddress": 1966705324.5643022, "spark.reducer.maxReqsInFlight": 768441553.2289273, "spark.reducer.maxSizeInFlight": 195.5021976625585, "spark.rpc.io.backLog": 70.99509903190118, "spark.rpc.lookupTimeout": 208.11532338508937, "spark.rpc.message.maxSize": 435.50926683808086, "spark.rpc.retry.wait": 4.949662065851039, "spark.scheduler.blacklist.unschedulableTaskSetTimeout": 180.3050564138097, "spark.scheduler.listenerbus.eventqueue.capacity": 13928.798025699332, "spark.scheduler.minRegisteredResourcesRatio": 0.827290763009494, "spark.scheduler.mode": 0.7026399059681722, "spark.scheduler.revive.interval": 9.52194761619129, "spark.serializer.objectStreamReset": 105.59614995944739, "spark.shuffle.compress": 0.7287696629189857, "spark.shuffle.file.buffer": 239.7441153288174, "spark.shuffle.io.backLog": 62.33575492061807, "spark.shuffle.io.maxRetries": 8.99027235601444, "spark.shuffle.io.numConnectionsPerPeer": 3.3567551201379753, "spark.shuffle.io.preferDirectBufs": 0.6569468842233556, "spark.shuffle.maxChunksBeingTransferred": 1.633552956484399e+18, "spark.shuffle.memoryFraction": 0.12454504742434813, "spark.shuffle.service.index.cache.size": 56.707430955121, "spark.shuffle.sort.bypassMergeThreshold": 533.6503547635435, "spark.shuffle.spill.compress": 0.17899730727959828, "spark.speculation.interval": 670.4471164663763, "spark.speculation.multiplier": 4.443549771355986, "spark.speculation.quantile": 0.28422201592868457, "spark.stage.maxConsecutiveAttempts": 4.686865069552725, "spark.storage.memoryFraction": 0.7598083298842594, "spark.storage.memoryMapThreshold": 466.6691941146244, "spark.storage.replication.proactive": 0.13415486494685447, "spark.storage.unrollFraction": 0.8411055862721663, "spark.streaming.backpressure.enabled": 0.8901672607350434, "spark.streaming.blockInterval": 322.2723303697537, "spark.streaming.receiver.writeAheadLog.enable": 0.4591459255829845, "spark.streaming.stopGracefullyOnShutdown": 0.9890051683551577, "spark.streaming.unpersist": 0.3794450368762603, "spark.task.maxFailures": 4.031931120839532, "spark.task.reaper.enabled": 0.28315971928754224, "spark.task.reaper.pollingInterval": 11.186888406216777, "spark.task.reaper.threadDump": 0.814581065367308}, "datetime": {"datetime": "2022-02-11 15:56:15", "elapsed": 58107.119242, "delta": 286.568098}}
{"target": -251.096, "params": {"spark.broadcast.blockSize": 312.52721453642516, "spark.broadcast.checksum": 0.513612745425007, "spark.broadcast.compress": 0.37429167335086266, "spark.cleaner.periodicGC.interval": 23.48335306582608, "spark.cleaner.referenceTracking": 0.6368908379079956, "spark.cleaner.referenceTracking.blocking": 0.9232599213686442, "spark.cleaner.referenceTracking.blocking.shuffle": 0.5687924128860081, "spark.cleaner.referenceTracking.cleanCheckpoints": 0.8661187662972726, "spark.default.parallelism": 454.0648032581059, "spark.driver.maxResultSize": 361.34434366069354, "spark.driver.memoryOverhead": 1505.193193135833, "spark.executor.cores": 7.3259740988436866, "spark.executor.heartbeatInterval": 13.23854844657519, "spark.executor.instances": 9.400480743713981, "spark.executor.memory": 14.113986940354852, "spark.files.fetchTimeout": 24.48590238223936, "spark.files.maxPartitionBytes": 113452241.77591911, "spark.files.openCostInBytes": 2775143.554679688, "spark.files.overwrite": 0.20708325200927302, "spark.files.useFetchCache": 0.04152420974327364, "spark.hadoop.mapreduce.fileoutputcommitter.algorithm.version": 1.4333946448756443, "spark.io.compression.lz4.blockSize": 76.7119964307141, "spark.io.compression.snappy.blockSize": 221.57980431402333, "spark.kryo.referenceTracking": 0.23699432282589883, "spark.kryoserializer.buffer": 41.20287295950493, "spark.kryoserializer.buffer.max": 19.22673729655621, "spark.locality.wait": 3.4752792392617597, "spark.maxRemoteBlockSizeFetchToMem": 803708551.5188406, "spark.memory.fraction": 0.9214701613301925, "spark.memory.offHeap.enabled": 0.4360212831162925, "spark.memory.offHeap.size": 819.8762360586446, "spark.memory.storageFraction": 0.7716314876342768, "spark.memory.useLegacyMode": 0.42917688410673405, "spark.port.maxRetries": 29.916509172975992, "spark.python.worker.memory": 653.9758414435684, "spark.python.worker.reuse": 0.49621748375279473, "spark.rdd.compress": 0.59154534192752, "spark.reducer.maxBlocksInFlightPerAddress": 424282131.04061097, "spark.reducer.maxReqsInFlight": 453366737.18011075, "spark.reducer.maxSizeInFlight": 236.77293558752368, "spark.rpc.io.backLog": 80.8668333428724, "spark.rpc.lookupTimeout": 78.74872525724169, "spark.rpc.message.maxSize": 274.37499160340354, "spark.rpc.retry.wait": 3.7621090236650927, "spark.scheduler.blacklist.unschedulableTaskSetTimeout": 203.57877484204226, "spark.scheduler.listenerbus.eventqueue.capacity": 15136.11918382783, "spark.scheduler.minRegisteredResourcesRatio": 0.8000091726907971, "spark.scheduler.mode": 0.8451057933847622, "spark.scheduler.revive.interval": 44.36786161255945, "spark.serializer.objectStreamReset": 66.98111130227514, "spark.shuffle.compress": 0.7397801534820299, "spark.shuffle.file.buffer": 142.2226850134407, "spark.shuffle.io.backLog": 77.04012574365024, "spark.shuffle.io.maxRetries": 2.5595103091728095, "spark.shuffle.io.numConnectionsPerPeer": 4.90262075639429, "spark.shuffle.io.preferDirectBufs": 0.894941915258726, "spark.shuffle.maxChunksBeingTransferred": 8.592961722605374e+18, "spark.shuffle.memoryFraction": 0.38867390308169447, "spark.shuffle.service.index.cache.size": 198.22836644097092, "spark.shuffle.sort.bypassMergeThreshold": 189.39779989327144, "spark.shuffle.spill.compress": 0.30095880439924316, "spark.speculation.interval": 417.9371207701159, "spark.speculation.multiplier": 4.947731779627343, "spark.speculation.quantile": 0.31206275704872355, "spark.stage.maxConsecutiveAttempts": 5.362009033199726, "spark.storage.memoryFraction": 0.2271046669623601, "spark.storage.memoryMapThreshold": 126.58552760739825, "spark.storage.replication.proactive": 0.23254509944874346, "spark.storage.unrollFraction": 0.3975316602156497, "spark.streaming.backpressure.enabled": 0.40900371176044104, "spark.streaming.blockInterval": 421.66194630342, "spark.streaming.receiver.writeAheadLog.enable": 0.17484248857274487, "spark.streaming.stopGracefullyOnShutdown": 0.4723779605123859, "spark.streaming.unpersist": 0.29840196861653856, "spark.task.maxFailures": 7.856446593892016, "spark.task.reaper.enabled": 0.5869091294790603, "spark.task.reaper.pollingInterval": 13.179790245932821, "spark.task.reaper.threadDump": 0.1746107489247748}, "datetime": {"datetime": "2022-02-11 16:00:35", "elapsed": 58367.128308, "delta": 260.009066}}
{"target": -251.096, "params": {"spark.broadcast.blockSize": 94.8887447883274, "spark.broadcast.checksum": 0.10345542827706145, "spark.broadcast.compress": 0.40010964281344996, "spark.cleaner.periodicGC.interval": 38.84164317538399, "spark.cleaner.referenceTracking": 0.1804159464569921, "spark.cleaner.referenceTracking.blocking": 0.481546502465627, "spark.cleaner.referenceTracking.blocking.shuffle": 0.24669110156665486, "spark.cleaner.referenceTracking.cleanCheckpoints": 0.0027041101090745645, "spark.default.parallelism": 130.117207266177, "spark.driver.maxResultSize": 242.56720265871505, "spark.driver.memoryOverhead": 1738.288346417196, "spark.executor.cores": 6.670144241597025, "spark.executor.heartbeatInterval": 11.092194527539641, "spark.executor.instances": 10.765562116723338, "spark.executor.memory": 4.844328191005735, "spark.files.fetchTimeout": 35.051205487669684, "spark.files.maxPartitionBytes": 174935872.45499942, "spark.files.openCostInBytes": 6838012.037565524, "spark.files.overwrite": 0.48396154409567205, "spark.files.useFetchCache": 0.7343395441254406, "spark.hadoop.mapreduce.fileoutputcommitter.algorithm.version": 1.9617741173452434, "spark.io.compression.lz4.blockSize": 188.0348888614015, "spark.io.compression.snappy.blockSize": 37.21983021906972, "spark.kryo.referenceTracking": 0.9043381111891234, "spark.kryoserializer.buffer": 124.34649573090488, "spark.kryoserializer.buffer.max": 101.25524617226037, "spark.locality.wait": 7.301418715737292, "spark.maxRemoteBlockSizeFetchToMem": 1364232809.8447154, "spark.memory.fraction": 0.5750507052451499, "spark.memory.offHeap.enabled": 0.39032055821351064, "spark.memory.offHeap.size": 758.7815480055915, "spark.memory.storageFraction": 0.5804767621026998, "spark.memory.useLegacyMode": 0.18190716613712932, "spark.port.maxRetries": 24.571925151244972, "spark.python.worker.memory": 190.4682006821055, "spark.python.worker.reuse": 0.9499075216656884, "spark.rdd.compress": 0.5125384530404693, "spark.reducer.maxBlocksInFlightPerAddress": 354001405.51603156, "spark.reducer.maxReqsInFlight": 968858812.4267716, "spark.reducer.maxSizeInFlight": 292.20981909675356, "spark.rpc.io.backLog": 67.91046229867369, "spark.rpc.lookupTimeout": 82.66239847459765, "spark.rpc.message.maxSize": 496.53578159514507, "spark.rpc.retry.wait": 2.6631535511779023, "spark.scheduler.blacklist.unschedulableTaskSetTimeout": 86.38874582463319, "spark.scheduler.listenerbus.eventqueue.capacity": 17079.71644631111, "spark.scheduler.minRegisteredResourcesRatio": 0.7418490301811795, "spark.scheduler.mode": 0.1460629915742554, "spark.scheduler.revive.interval": 27.463472658002217, "spark.serializer.objectStreamReset": 107.520074390676, "spark.shuffle.compress": 0.8853646986652622, "spark.shuffle.file.buffer": 398.4909428744806, "spark.shuffle.io.backLog": 53.50109224509518, "spark.shuffle.io.maxRetries": 3.076113742005526, "spark.shuffle.io.numConnectionsPerPeer": 2.2039404495485773, "spark.shuffle.io.preferDirectBufs": 0.6087253525308671, "spark.shuffle.maxChunksBeingTransferred": 1.2208093557380188e+16, "spark.shuffle.memoryFraction": 0.9930529973451601, "spark.shuffle.service.index.cache.size": 63.638447074907916, "spark.shuffle.sort.bypassMergeThreshold": 714.2596965622446, "spark.shuffle.spill.compress": 0.7188858947931185, "spark.speculation.interval": 39.24615711590462, "spark.speculation.multiplier": 1.0824220305985564, "spark.speculation.quantile": 0.399855827543785, "spark.stage.maxConsecutiveAttempts": 4.233760707303711, "spark.storage.memoryFraction": 0.28241492604086327, "spark.storage.memoryMapThreshold": 178.09542379869674, "spark.storage.replication.proactive": 0.016160715132462422, "spark.storage.unrollFraction": 0.6144808041030075, "spark.streaming.backpressure.enabled": 0.668919298079757, "spark.streaming.blockInterval": 133.17920770191748, "spark.streaming.receiver.writeAheadLog.enable": 0.9367749946290431, "spark.streaming.stopGracefullyOnShutdown": 0.18382980267061777, "spark.streaming.unpersist": 0.6777773008766317, "spark.task.maxFailures": 6.1866200861275455, "spark.task.reaper.enabled": 0.4493614348941848, "spark.task.reaper.pollingInterval": 11.401079236792759, "spark.task.reaper.threadDump": 0.7545771564800698}, "datetime": {"datetime": "2022-02-11 16:36:46", "elapsed": 60538.422654, "delta": 2171.294346}}
{"target": -251.096, "params": {"spark.broadcast.blockSize": 141.68251862482524, "spark.broadcast.checksum": 0.588381513922653, "spark.broadcast.compress": 0.8039418280881773, "spark.cleaner.periodicGC.interval": 77.0943433179668, "spark.cleaner.referenceTracking": 0.7805175723718708, "spark.cleaner.referenceTracking.blocking": 0.7647147587778982, "spark.cleaner.referenceTracking.blocking.shuffle": 0.13708933027239056, "spark.cleaner.referenceTracking.cleanCheckpoints": 0.8002187262206412, "spark.default.parallelism": 144.21444989253504, "spark.driver.maxResultSize": 182.96200022670126, "spark.driver.memoryOverhead": 1028.8461559245059, "spark.executor.cores": 3.1108891022051655, "spark.executor.heartbeatInterval": 7.91761192372302, "spark.executor.instances": 5.860539634153126, "spark.executor.memory": 2.1862668399832255, "spark.files.fetchTimeout": 55.67953834210048, "spark.files.maxPartitionBytes": 176526426.02507293, "spark.files.openCostInBytes": 8281106.57713537, "spark.files.overwrite": 0.5942947090784058, "spark.files.useFetchCache": 0.9847350625075153, "spark.hadoop.mapreduce.fileoutputcommitter.algorithm.version": 1.009677356575942, "spark.io.compression.lz4.blockSize": 91.75345852970203, "spark.io.compression.snappy.blockSize": 164.120541240923, "spark.kryo.referenceTracking": 0.13684788979938234, "spark.kryoserializer.buffer": 11.572981752233206, "spark.kryoserializer.buffer.max": 19.56312086930635, "spark.locality.wait": 4.617880203039867, "spark.maxRemoteBlockSizeFetchToMem": 223614997.78252977, "spark.memory.fraction": 0.5910885082193497, "spark.memory.offHeap.enabled": 0.971333954121163, "spark.memory.offHeap.size": 218.2688438146367, "spark.memory.storageFraction": 0.6241156511764784, "spark.memory.useLegacyMode": 0.7318604133769062, "spark.port.maxRetries": 13.453467984580993, "spark.python.worker.memory": 670.828063498601, "spark.python.worker.reuse": 0.5404093005486896, "spark.rdd.compress": 0.5956901155377616, "spark.reducer.maxBlocksInFlightPerAddress": 138400877.99602816, "spark.reducer.maxReqsInFlight": 1049214018.5350899, "spark.reducer.maxSizeInFlight": 413.5174659171106, "spark.rpc.io.backLog": 106.75236641474908, "spark.rpc.lookupTimeout": 207.8542306750441, "spark.rpc.message.maxSize": 433.64164697244905, "spark.rpc.retry.wait": 3.105911850514399, "spark.scheduler.blacklist.unschedulableTaskSetTimeout": 36.635741970158826, "spark.scheduler.listenerbus.eventqueue.capacity": 12353.607347504058, "spark.scheduler.minRegisteredResourcesRatio": 0.826338153012671, "spark.scheduler.mode": 0.5271961134433063, "spark.scheduler.revive.interval": 31.47489565433334, "spark.serializer.objectStreamReset": 108.40712579369372, "spark.shuffle.compress": 0.04222127739492554, "spark.shuffle.file.buffer": 166.47044963757313, "spark.shuffle.io.backLog": 28.45531453561809, "spark.shuffle.io.maxRetries": 3.623275098311411, "spark.shuffle.io.numConnectionsPerPeer": 2.535435039458069, "spark.shuffle.io.preferDirectBufs": 0.673117698570105, "spark.shuffle.maxChunksBeingTransferred": 4.5693763334314547e+18, "spark.shuffle.memoryFraction": 0.5378195099449089, "spark.shuffle.service.index.cache.size": 67.57437337463114, "spark.shuffle.sort.bypassMergeThreshold": 639.4094343663094, "spark.shuffle.spill.compress": 0.7980883982476995, "spark.speculation.interval": 79.28035867320665, "spark.speculation.multiplier": 2.8955528946473232, "spark.speculation.quantile": 0.6657440793366536, "spark.stage.maxConsecutiveAttempts": 6.099845701017197, "spark.storage.memoryFraction": 0.23152173781264695, "spark.storage.memoryMapThreshold": 175.9427546083062, "spark.storage.replication.proactive": 0.37381186983520787, "spark.storage.unrollFraction": 0.65485686546963, "spark.streaming.backpressure.enabled": 0.7401516463687318, "spark.streaming.blockInterval": 483.253585771725, "spark.streaming.receiver.writeAheadLog.enable": 0.31027428969466586, "spark.streaming.stopGracefullyOnShutdown": 0.7631675172864916, "spark.streaming.unpersist": 0.34112765884907714, "spark.task.maxFailures": 5.796082934503737, "spark.task.reaper.enabled": 0.857710183080519, "spark.task.reaper.pollingInterval": 10.04690372130694, "spark.task.reaper.threadDump": 0.6736477447816827}, "datetime": {"datetime": "2022-02-11 17:29:51", "elapsed": 63723.385845, "delta": 3184.963191}}
