{"target": -277.787, "params": {"spark.broadcast.blockSize": 102.81554635960586, "spark.broadcast.checksum": 0.34405783003972634, "spark.broadcast.compress": 0.056496163774385266, "spark.cleaner.periodicGC.interval": 31.794508805284416, "spark.cleaner.referenceTracking": 0.9738043520779499, "spark.cleaner.referenceTracking.blocking": 0.6687999991275282, "spark.cleaner.referenceTracking.blocking.shuffle": 0.7052641794588164, "spark.cleaner.referenceTracking.cleanCheckpoints": 0.8207949012908896, "spark.default.parallelism": 48.09786482378594, "spark.driver.maxResultSize": 20.91064682536036, "spark.driver.memoryOverhead": 716.3190191093141, "spark.executor.cores": 8.772907778440127, "spark.executor.heartbeatInterval": 5.02696011026487, "spark.executor.instances": 9.97451577277873, "spark.executor.memory": 11.59008333317325, "spark.files.fetchTimeout": 26.264562176425915, "spark.files.maxPartitionBytes": 63688749.53446984, "spark.files.openCostInBytes": 6283594.581571121, "spark.files.overwrite": 0.3266082741540445, "spark.files.useFetchCache": 0.09282430440374223, "spark.hadoop.mapreduce.fileoutputcommitter.algorithm.version": 1.9864154016318984, "spark.io.compression.lz4.blockSize": 44.311457332020126, "spark.io.compression.snappy.blockSize": 101.5337584328321, "spark.kryo.referenceTracking": 0.6428911253944185, "spark.kryoserializer.buffer": 111.8279275143751, "spark.kryoserializer.buffer.max": 104.85248184536795, "spark.locality.wait": 6.657406338845723, "spark.maxRemoteBlockSizeFetchToMem": 2137000852.6960819, "spark.memory.fraction": 0.9480386770900064, "spark.memory.offHeap.enabled": 0.5751680781088099, "spark.memory.offHeap.size": 427.8467615256872, "spark.memory.storageFraction": 0.7541665155019783, "spark.memory.useLegacyMode": 0.6400139838641992, "spark.port.maxRetries": 27.064042989125486, "spark.python.worker.memory": 679.1204572030722, "spark.python.worker.reuse": 0.4296432066025838, "spark.rdd.compress": 0.045132942645024654, "spark.reducer.maxBlocksInFlightPerAddress": 11034020.195040032, "spark.reducer.maxReqsInFlight": 653032722.9588602, "spark.reducer.maxSizeInFlight": 479.0078456314535, "spark.rpc.io.backLog": 40.189905242908736, "spark.rpc.lookupTimeout": 159.67191038111156, "spark.rpc.message.maxSize": 379.95332257204876, "spark.rpc.retry.wait": 1.0551600518414403, "spark.scheduler.blacklist.unschedulableTaskSetTimeout": 111.56012846615182, "spark.scheduler.listenerbus.eventqueue.capacity": 4216.8128883842655, "spark.scheduler.minRegisteredResourcesRatio": 0.7536035202531517, "spark.scheduler.mode": 0.6199613033092494, "spark.scheduler.revive.interval": 40.223609560674035, "spark.serializer.objectStreamReset": 125.0320982454852, "spark.shuffle.compress": 0.6819841147710414, "spark.shuffle.file.buffer": 280.01371637552194, "spark.shuffle.io.backLog": 77.5790219142255, "spark.shuffle.io.maxRetries": 4.374466292283553, "spark.shuffle.io.numConnectionsPerPeer": 1.9741678178593882, "spark.shuffle.io.preferDirectBufs": 0.12981505314872122, "spark.shuffle.maxChunksBeingTransferred": 6.751673080378041e+18, "spark.shuffle.memoryFraction": 0.34941785395036573, "spark.shuffle.service.index.cache.size": 125.9048160504428, "spark.shuffle.sort.bypassMergeThreshold": 361.484534479372, "spark.shuffle.spill.compress": 0.19744923879176723, "spark.speculation.interval": 983.39679127326, "spark.speculation.multiplier": 1.5849716705842405, "spark.speculation.quantile": 0.6349032815116926, "spark.stage.maxConsecutiveAttempts": 6.355028000227733, "spark.storage.memoryFraction": 0.22165190075562402, "spark.storage.memoryMapThreshold": 407.2074771905534, "spark.storage.replication.proactive": 0.3190683004015866, "spark.storage.unrollFraction": 0.770020985533265, "spark.streaming.backpressure.enabled": 0.2704446875061117, "spark.streaming.blockInterval": 452.14627300149783, "spark.streaming.receiver.writeAheadLog.enable": 0.14826168171032716, "spark.streaming.stopGracefullyOnShutdown": 0.674562351842525, "spark.streaming.unpersist": 0.7433891880250091, "spark.task.maxFailures": 2.8671783211288715, "spark.task.reaper.enabled": 0.5688258549570822, "spark.task.reaper.pollingInterval": 7.398741676081381, "spark.task.reaper.threadDump": 0.6679540791834182}, "datetime": {"datetime": "2022-02-11 11:02:35", "elapsed": 40486.965518, "delta": 286.758015}}
{"target": -1406.234, "params": {"spark.broadcast.blockSize": 234.99641003035578, "spark.broadcast.checksum": 0.4450082537908565, "spark.broadcast.compress": 0.6726633486994154, "spark.cleaner.periodicGC.interval": 81.3723402580687, "spark.cleaner.referenceTracking": 0.47408789962151854, "spark.cleaner.referenceTracking.blocking": 0.6157754555630229, "spark.cleaner.referenceTracking.blocking.shuffle": 0.26873940263326146, "spark.cleaner.referenceTracking.cleanCheckpoints": 0.799249600531351, "spark.default.parallelism": 454.4555206510302, "spark.driver.maxResultSize": 144.73985460446391, "spark.driver.memoryOverhead": 1782.729757769919, "spark.executor.cores": 3.4320491764674306, "spark.executor.heartbeatInterval": 12.713245552316945, "spark.executor.instances": 10.546044088728221, "spark.executor.memory": 10.484442369513879, "spark.files.fetchTimeout": 38.88097098111703, "spark.files.maxPartitionBytes": 35569068.25027731, "spark.files.openCostInBytes": 7073872.597536396, "spark.files.overwrite": 0.7518243218033888, "spark.files.useFetchCache": 0.8828171690995921, "spark.hadoop.mapreduce.fileoutputcommitter.algorithm.version": 1.4474247025840876, "spark.io.compression.lz4.blockSize": 182.71098736642938, "spark.io.compression.snappy.blockSize": 114.25095089711277, "spark.kryo.referenceTracking": 0.3780246468905496, "spark.kryoserializer.buffer": 84.32741662195176, "spark.kryoserializer.buffer.max": 123.34843342456362, "spark.locality.wait": 6.3318837364125615, "spark.maxRemoteBlockSizeFetchToMem": 1034756793.0366133, "spark.memory.fraction": 0.7060363468193407, "spark.memory.offHeap.enabled": 0.06953592856274571, "spark.memory.offHeap.size": 175.39478762443036, "spark.memory.storageFraction": 0.9516450632973866, "spark.memory.useLegacyMode": 0.9345429639660641, "spark.port.maxRetries": 11.459608061292442, "spark.python.worker.memory": 745.5526773554825, "spark.python.worker.reuse": 0.24379312024459965, "spark.rdd.compress": 0.29917931912743345, "spark.reducer.maxBlocksInFlightPerAddress": 1155213085.1741257, "spark.reducer.maxReqsInFlight": 1273604195.6036694, "spark.reducer.maxSizeInFlight": 408.9145625813271, "spark.rpc.io.backLog": 49.17704499502065, "spark.rpc.lookupTimeout": 223.05427384548636, "spark.rpc.message.maxSize": 401.2864692250823, "spark.rpc.retry.wait": 2.4726307112598485, "spark.scheduler.blacklist.unschedulableTaskSetTimeout": 111.83365558285209, "spark.scheduler.listenerbus.eventqueue.capacity": 8443.381374716897, "spark.scheduler.minRegisteredResourcesRatio": 0.8442821279547015, "spark.scheduler.mode": 0.28981583851505877, "spark.scheduler.revive.interval": 45.230995775354664, "spark.serializer.objectStreamReset": 298.38377634415104, "spark.shuffle.compress": 0.23554635305057747, "spark.shuffle.file.buffer": 262.75812961707766, "spark.shuffle.io.backLog": 21.773520655094153, "spark.shuffle.io.maxRetries": 8.378653270387666, "spark.shuffle.io.numConnectionsPerPeer": 3.5781980560139, "spark.shuffle.io.preferDirectBufs": 0.4986310424780246, "spark.shuffle.maxChunksBeingTransferred": 7.357699017988236e+18, "spark.shuffle.memoryFraction": 0.2387242243152906, "spark.shuffle.service.index.cache.size": 120.94904201453257, "spark.shuffle.sort.bypassMergeThreshold": 382.7475340672604, "spark.shuffle.spill.compress": 0.8365739633384722, "spark.speculation.interval": 294.9474765472161, "spark.speculation.multiplier": 5.808896041555874, "spark.speculation.quantile": 0.34521326948331854, "spark.stage.maxConsecutiveAttempts": 6.294401979505253, "spark.storage.memoryFraction": 0.2820007125808399, "spark.storage.memoryMapThreshold": 317.2386228121018, "spark.storage.replication.proactive": 0.5501874829306108, "spark.storage.unrollFraction": 0.29693060151471207, "spark.streaming.backpressure.enabled": 0.43187109646366295, "spark.streaming.blockInterval": 238.7682077369844, "spark.streaming.receiver.writeAheadLog.enable": 0.9129966426667082, "spark.streaming.stopGracefullyOnShutdown": 0.05785606864274895, "spark.streaming.unpersist": 0.846559028612441, "spark.task.maxFailures": 6.857376347458765, "spark.task.reaper.enabled": 0.7693096616569516, "spark.task.reaper.pollingInterval": 14.96394540984226, "spark.task.reaper.threadDump": 0.3402212561748972}, "datetime": {"datetime": "2022-02-11 11:26:10", "elapsed": 41902.027245, "delta": 1415.061727}}
{"target": -561.782, "params": {"spark.broadcast.blockSize": 323.85154432555254, "spark.broadcast.checksum": 0.3472519352297053, "spark.broadcast.compress": 0.07622025343533223, "spark.cleaner.periodicGC.interval": 21.226959611119867, "spark.cleaner.referenceTracking": 0.5030914423235545, "spark.cleaner.referenceTracking.blocking": 0.4165801727404598, "spark.cleaner.referenceTracking.blocking.shuffle": 0.14416855473800572, "spark.cleaner.referenceTracking.cleanCheckpoints": 0.8114220255527199, "spark.default.parallelism": 55.56248473774033, "spark.driver.maxResultSize": 111.63437538139193, "spark.driver.memoryOverhead": 1664.7088103774208, "spark.executor.cores": 3.124811264274854, "spark.executor.heartbeatInterval": 19.158943193231508, "spark.executor.instances": 8.201398327831571, "spark.executor.memory": 7.842458296627825, "spark.files.fetchTimeout": 53.057521264379545, "spark.files.maxPartitionBytes": 115862646.41817245, "spark.files.openCostInBytes": 8091931.896191085, "spark.files.overwrite": 0.22767595688566533, "spark.files.useFetchCache": 0.8689919497962196, "spark.hadoop.mapreduce.fileoutputcommitter.algorithm.version": 1.837323976165626, "spark.io.compression.lz4.blockSize": 181.3395853122649, "spark.io.compression.snappy.blockSize": 215.96774472103888, "spark.kryo.referenceTracking": 0.39820846071868565, "spark.kryoserializer.buffer": 18.75816335767655, "spark.kryoserializer.buffer.max": 82.31639813285554, "spark.locality.wait": 7.601856723616336, "spark.maxRemoteBlockSizeFetchToMem": 878552380.0008625, "spark.memory.fraction": 0.7966643896951056, "spark.memory.offHeap.enabled": 0.9708288337573007, "spark.memory.offHeap.size": 885.942265388157, "spark.memory.storageFraction": 0.6523753229673697, "spark.memory.useLegacyMode": 0.3094546501573958, "spark.port.maxRetries": 13.688997947997073, "spark.python.worker.memory": 867.1444360610292, "spark.python.worker.reuse": 0.6893966774779465, "spark.rdd.compress": 0.9294560469353714, "spark.reducer.maxBlocksInFlightPerAddress": 259930687.9501924, "spark.reducer.maxReqsInFlight": 1882460681.937845, "spark.reducer.maxSizeInFlight": 293.8138481806252, "spark.rpc.io.backLog": 34.56807482015974, "spark.rpc.lookupTimeout": 177.02597390515436, "spark.rpc.message.maxSize": 391.89364717663625, "spark.rpc.retry.wait": 4.112720827249243, "spark.scheduler.blacklist.unschedulableTaskSetTimeout": 98.58392034839218, "spark.scheduler.listenerbus.eventqueue.capacity": 5562.334149076161, "spark.scheduler.minRegisteredResourcesRatio": 0.8611268357155064, "spark.scheduler.mode": 0.9879271774156106, "spark.scheduler.revive.interval": 7.344158997241333, "spark.serializer.objectStreamReset": 248.14402327956512, "spark.shuffle.compress": 0.6313561324803415, "spark.shuffle.file.buffer": 296.1355057306384, "spark.shuffle.io.backLog": 67.25536324848716, "spark.shuffle.io.maxRetries": 3.8440521853529654, "spark.shuffle.io.numConnectionsPerPeer": 3.5988428496200298, "spark.shuffle.io.preferDirectBufs": 0.2663149147781829, "spark.shuffle.maxChunksBeingTransferred": 3.512301664869321e+18, "spark.shuffle.memoryFraction": 0.29552695905622695, "spark.shuffle.service.index.cache.size": 151.0617537114144, "spark.shuffle.sort.bypassMergeThreshold": 131.5815098457024, "spark.shuffle.spill.compress": 0.03314148732403066, "spark.speculation.interval": 729.3843972949256, "spark.speculation.multiplier": 3.0701495960609035, "spark.speculation.quantile": 0.4245055630510569, "spark.stage.maxConsecutiveAttempts": 6.6573122559204965, "spark.storage.memoryFraction": 0.7516158235906678, "spark.storage.memoryMapThreshold": 96.32428886715172, "spark.storage.replication.proactive": 0.5660767330880132, "spark.storage.unrollFraction": 0.5374950719877366, "spark.streaming.backpressure.enabled": 0.07140504798845504, "spark.streaming.blockInterval": 328.3226329984485, "spark.streaming.receiver.writeAheadLog.enable": 0.3204903866826676, "spark.streaming.stopGracefullyOnShutdown": 0.2211976977134188, "spark.streaming.unpersist": 0.23068947641860127, "spark.task.maxFailures": 7.53855934311337, "spark.task.reaper.enabled": 0.4419475593826774, "spark.task.reaper.pollingInterval": 3.732017212826258, "spark.task.reaper.threadDump": 0.6439090301396594}, "datetime": {"datetime": "2022-02-11 11:35:41", "elapsed": 42472.6631, "delta": 570.635855}}
{"target": -263.434, "params": {"spark.broadcast.blockSize": 62.3557253235653, "spark.broadcast.checksum": 0.6483299358399465, "spark.broadcast.compress": 0.2267194121524403, "spark.cleaner.periodicGC.interval": 82.77565318931161, "spark.cleaner.referenceTracking": 0.3508826808066252, "spark.cleaner.referenceTracking.blocking": 0.1894616617282886, "spark.cleaner.referenceTracking.blocking.shuffle": 0.7740241663142743, "spark.cleaner.referenceTracking.cleanCheckpoints": 0.4218251109779053, "spark.default.parallelism": 496.87432444831535, "spark.driver.maxResultSize": 202.1981470445064, "spark.driver.memoryOverhead": 794.3514690402087, "spark.executor.cores": 1.9312719496239472, "spark.executor.heartbeatInterval": 19.896892288862908, "spark.executor.instances": 8.155912898596181, "spark.executor.memory": 14.403492115602852, "spark.files.fetchTimeout": 78.29388639322752, "spark.files.maxPartitionBytes": 136122916.36508006, "spark.files.openCostInBytes": 5898684.593895895, "spark.files.overwrite": 0.30900992156550866, "spark.files.useFetchCache": 0.6482696851016946, "spark.hadoop.mapreduce.fileoutputcommitter.algorithm.version": 1.9962893304547618, "spark.io.compression.lz4.blockSize": 107.19625298245198, "spark.io.compression.snappy.blockSize": 30.62820592679922, "spark.kryo.referenceTracking": 0.38528776946097965, "spark.kryoserializer.buffer": 33.392937828035954, "spark.kryoserializer.buffer.max": 64.57182344509314, "spark.locality.wait": 2.2327982018917045, "spark.maxRemoteBlockSizeFetchToMem": 703048564.9756997, "spark.memory.fraction": 0.7304454951851863, "spark.memory.offHeap.enabled": 0.9963631810839078, "spark.memory.offHeap.size": 177.27330038526605, "spark.memory.storageFraction": 0.9630749064844277, "spark.memory.useLegacyMode": 0.16269114997148515, "spark.port.maxRetries": 20.16957563455915, "spark.python.worker.memory": 710.5252220569954, "spark.python.worker.reuse": 0.6396448141636005, "spark.rdd.compress": 0.619913486252736, "spark.reducer.maxBlocksInFlightPerAddress": 407156095.1746571, "spark.reducer.maxReqsInFlight": 1651833957.605083, "spark.reducer.maxSizeInFlight": 467.626793634784, "spark.rpc.io.backLog": 109.22006124183245, "spark.rpc.lookupTimeout": 225.52656446051049, "spark.rpc.message.maxSize": 351.6519167972082, "spark.rpc.retry.wait": 1.227075357741115, "spark.scheduler.blacklist.unschedulableTaskSetTimeout": 185.03912652736489, "spark.scheduler.listenerbus.eventqueue.capacity": 19879.639131853488, "spark.scheduler.minRegisteredResourcesRatio": 0.8845352432219159, "spark.scheduler.mode": 0.8872956897655907, "spark.scheduler.revive.interval": 23.953581874803312, "spark.serializer.objectStreamReset": 265.95222332457683, "spark.shuffle.compress": 0.7373505632920876, "spark.shuffle.file.buffer": 356.3222670295955, "spark.shuffle.io.backLog": 104.13275876632689, "spark.shuffle.io.maxRetries": 6.9853087887221035, "spark.shuffle.io.numConnectionsPerPeer": 3.77922382909758, "spark.shuffle.io.preferDirectBufs": 0.3372137354148934, "spark.shuffle.maxChunksBeingTransferred": 1.3307305310250744e+18, "spark.shuffle.memoryFraction": 0.736313135480997, "spark.shuffle.service.index.cache.size": 155.42254656760844, "spark.shuffle.sort.bypassMergeThreshold": 396.85586811331905, "spark.shuffle.spill.compress": 0.5286099705600906, "spark.speculation.interval": 680.702819092271, "spark.speculation.multiplier": 2.6009201895145164, "spark.speculation.quantile": 0.26011395111227487, "spark.stage.maxConsecutiveAttempts": 4.90065570176736, "spark.storage.memoryFraction": 0.9213097820224198, "spark.storage.memoryMapThreshold": 272.91174246942296, "spark.storage.replication.proactive": 0.9638859872061505, "spark.storage.unrollFraction": 0.8117601371458103, "spark.streaming.backpressure.enabled": 0.15588759842221045, "spark.streaming.blockInterval": 401.9261879417126, "spark.streaming.receiver.writeAheadLog.enable": 0.7460833651616715, "spark.streaming.stopGracefullyOnShutdown": 0.13191088784402105, "spark.streaming.unpersist": 0.857087905347122, "spark.task.maxFailures": 4.350587344256817, "spark.task.reaper.enabled": 0.6291999421074106, "spark.task.reaper.pollingInterval": 15.633583656537757, "spark.task.reaper.threadDump": 0.5356347580252805}, "datetime": {"datetime": "2022-02-11 11:40:13", "elapsed": 42744.69142, "delta": 272.02832}}
{"target": -263.434, "params": {"spark.broadcast.blockSize": 367.4697957089799, "spark.broadcast.checksum": 0.23224149422898255, "spark.broadcast.compress": 0.8037004077765626, "spark.cleaner.periodicGC.interval": 29.762513068946976, "spark.cleaner.referenceTracking": 0.556428800562573, "spark.cleaner.referenceTracking.blocking": 0.8038746370411912, "spark.cleaner.referenceTracking.blocking.shuffle": 0.8324992954767658, "spark.cleaner.referenceTracking.cleanCheckpoints": 0.8159902900537693, "spark.default.parallelism": 221.1354668106973, "spark.driver.maxResultSize": 258.5220325286591, "spark.driver.memoryOverhead": 863.4562614864376, "spark.executor.cores": 3.773953083024181, "spark.executor.heartbeatInterval": 5.748406165686588, "spark.executor.instances": 6.43176663726347, "spark.executor.memory": 2.553825331010082, "spark.files.fetchTimeout": 68.76947490122512, "spark.files.maxPartitionBytes": 72799631.72954983, "spark.files.openCostInBytes": 8132531.830836341, "spark.files.overwrite": 0.20810056401250776, "spark.files.useFetchCache": 0.9992928912949061, "spark.hadoop.mapreduce.fileoutputcommitter.algorithm.version": 1.9683866439710112, "spark.io.compression.lz4.blockSize": 106.49245402748654, "spark.io.compression.snappy.blockSize": 173.26264635141612, "spark.kryo.referenceTracking": 0.20866659851921943, "spark.kryoserializer.buffer": 80.16511903200094, "spark.kryoserializer.buffer.max": 98.79312660122571, "spark.locality.wait": 3.033356917094049, "spark.maxRemoteBlockSizeFetchToMem": 916081527.1716658, "spark.memory.fraction": 0.7609584211635226, "spark.memory.offHeap.enabled": 0.7056883446360441, "spark.memory.offHeap.size": 783.8265742495365, "spark.memory.storageFraction": 0.8266579328490384, "spark.memory.useLegacyMode": 0.24059048719982412, "spark.port.maxRetries": 19.66976369917047, "spark.python.worker.memory": 690.0831913646001, "spark.python.worker.reuse": 0.49963932227344987, "spark.rdd.compress": 0.6388628783325927, "spark.reducer.maxBlocksInFlightPerAddress": 1291494634.701597, "spark.reducer.maxReqsInFlight": 1268597425.788067, "spark.reducer.maxSizeInFlight": 419.2523041914095, "spark.rpc.io.backLog": 74.62045026008309, "spark.rpc.lookupTimeout": 39.58252659298961, "spark.rpc.message.maxSize": 315.2530111979199, "spark.rpc.retry.wait": 4.922738121024004, "spark.scheduler.blacklist.unschedulableTaskSetTimeout": 227.0604591046192, "spark.scheduler.listenerbus.eventqueue.capacity": 16362.717252661212, "spark.scheduler.minRegisteredResourcesRatio": 0.894810023616174, "spark.scheduler.mode": 0.5697042448159555, "spark.scheduler.revive.interval": 38.48320266809319, "spark.serializer.objectStreamReset": 63.19411110315816, "spark.shuffle.compress": 0.35608254174975684, "spark.shuffle.file.buffer": 423.9954497284822, "spark.shuffle.io.backLog": 74.81737876862567, "spark.shuffle.io.maxRetries": 3.9740127984257185, "spark.shuffle.io.numConnectionsPerPeer": 4.57193830551735, "spark.shuffle.io.preferDirectBufs": 0.2648801056886103, "spark.shuffle.maxChunksBeingTransferred": 8.907422448934403e+18, "spark.shuffle.memoryFraction": 0.43074351259428423, "spark.shuffle.service.index.cache.size": 78.40643844323463, "spark.shuffle.sort.bypassMergeThreshold": 758.4524634818791, "spark.shuffle.spill.compress": 0.9729241087645044, "spark.speculation.interval": 965.6448041360952, "spark.speculation.multiplier": 5.032771704300183, "spark.speculation.quantile": 0.23096650214322867, "spark.stage.maxConsecutiveAttempts": 3.901227228321864, "spark.storage.memoryFraction": 0.30121630030208124, "spark.storage.memoryMapThreshold": 488.90727619280824, "spark.storage.replication.proactive": 0.8125282164352587, "spark.storage.unrollFraction": 0.7268853109301154, "spark.streaming.backpressure.enabled": 0.6452702787836861, "spark.streaming.blockInterval": 294.02842982513084, "spark.streaming.receiver.writeAheadLog.enable": 0.9376596580135598, "spark.streaming.stopGracefullyOnShutdown": 0.32026856889980293, "spark.streaming.unpersist": 0.544113633119676, "spark.task.maxFailures": 3.207615785932301, "spark.task.reaper.enabled": 0.03339140429551424, "spark.task.reaper.pollingInterval": 11.722121938448995, "spark.task.reaper.threadDump": 0.2793264138290613}, "datetime": {"datetime": "2022-02-11 12:35:40", "elapsed": 46071.651587, "delta": 3326.960167}}
