{"target": -257.333, "params": {"spark.broadcast.blockSize": 26.062603703936144, "spark.broadcast.checksum": 0.22549914443554153, "spark.broadcast.compress": 0.7698312563510832, "spark.default.parallelism": 258.4423192287286, "spark.executor.cores": 5.643343389958721, "spark.executor.instances": 10.101887084263817, "spark.executor.memory": 13.793453573176297, "spark.executor.memoryOverhead": 1336.625063934795, "spark.kryoserializer.buffer": 75.84772063009214, "spark.kryoserializer.buffer.max": 127.70070585740217, "spark.locality.wait": 3.96750945933711, "spark.maxRemoteBlockSizeFetchToMem": 1442954960.5564733, "spark.memory.fraction": 0.6891113281936109, "spark.memory.offHeap.enabled": 0.4413793041534091, "spark.memory.offHeap.size": 681.2997994579358, "spark.memory.storageFraction": 0.7981940350838777, "spark.rdd.compress": 0.14947422555680423, "spark.reducer.maxBlocksInFlightPerAddress": 1683765156.4580665, "spark.reducer.maxReqsInFlight": 1749527916.579298, "spark.reducer.maxSizeInFlight": 41.22428787984097, "spark.scheduler.mode": 0.8373820417519923, "spark.scheduler.revive.interval": 558.7582713529807, "spark.shuffle.compress": 0.6783872563138745, "spark.shuffle.file.buffer": 31.754200203950322, "spark.shuffle.io.numConnectionsPerPeer": 2.574764394075776, "spark.shuffle.sort.bypassMergeThreshold": 255.68587568113438, "spark.storage.memoryFraction": 0.8867543301186068, "spark.storage.memoryMapThreshold": 8.693652206215255}, "datetime": {"datetime": "2022-02-12 17:37:56", "elapsed": 15619.779463, "delta": 266.053264}}
{"target": -258.494, "params": {"spark.broadcast.blockSize": 31.495474362723, "spark.broadcast.checksum": 0.5187800170303551, "spark.broadcast.compress": 0.2767120380892568, "spark.default.parallelism": 283.4989905058839, "spark.executor.cores": 5.357543481397265, "spark.executor.instances": 10.744632864218065, "spark.executor.memory": 13.530558896619787, "spark.executor.memoryOverhead": 490.1342778734015, "spark.kryoserializer.buffer": 53.870679922072725, "spark.kryoserializer.buffer.max": 105.33471249294577, "spark.locality.wait": 4.834879941235595, "spark.maxRemoteBlockSizeFetchToMem": 1482909416.170658, "spark.memory.fraction": 0.8366059731728372, "spark.memory.offHeap.enabled": 0.17982731585761402, "spark.memory.offHeap.size": 664.1894216728582, "spark.memory.storageFraction": 0.8404521007738721, "spark.rdd.compress": 0.5015800111518735, "spark.reducer.maxBlocksInFlightPerAddress": 1119516887.7118325, "spark.reducer.maxReqsInFlight": 1408342934.8725393, "spark.reducer.maxSizeInFlight": 34.07519929340522, "spark.scheduler.mode": 0.48834478766668155, "spark.scheduler.revive.interval": 619.9564846066288, "spark.shuffle.compress": 0.8584064768383659, "spark.shuffle.file.buffer": 34.1566135414009, "spark.shuffle.io.numConnectionsPerPeer": 3.002153005395205, "spark.shuffle.sort.bypassMergeThreshold": 419.21736621416085, "spark.storage.memoryFraction": 0.8444948854157346, "spark.storage.memoryMapThreshold": 8.414440120787035}, "datetime": {"datetime": "2022-02-12 17:42:24", "elapsed": 15887.108432, "delta": 267.328969}}
{"target": -284.695, "params": {"spark.broadcast.blockSize": 12.465838654123134, "spark.broadcast.checksum": 0.4797972054428996, "spark.broadcast.compress": 0.6613376974761941, "spark.default.parallelism": 335.3615106617657, "spark.executor.cores": 5.79182062247136, "spark.executor.instances": 9.767931777209824, "spark.executor.memory": 13.65225931693091, "spark.executor.memoryOverhead": 534.7051142508842, "spark.kryoserializer.buffer": 87.05925938634732, "spark.kryoserializer.buffer.max": 102.23690613054174, "spark.locality.wait": 3.501217974673108, "spark.maxRemoteBlockSizeFetchToMem": 1667872321.3719585, "spark.memory.fraction": 0.7852897851205044, "spark.memory.offHeap.enabled": 0.11478434371592738, "spark.memory.offHeap.size": 460.3037746941335, "spark.memory.storageFraction": 0.6264761342902629, "spark.rdd.compress": 0.4380108137811287, "spark.reducer.maxBlocksInFlightPerAddress": 1953757262.1151383, "spark.reducer.maxReqsInFlight": 1375356875.3621526, "spark.reducer.maxSizeInFlight": 42.910383531238416, "spark.scheduler.mode": 0.9712065645203958, "spark.scheduler.revive.interval": 608.8673546992778, "spark.shuffle.compress": 0.33259867850611746, "spark.shuffle.file.buffer": 40.117273740832815, "spark.shuffle.io.numConnectionsPerPeer": 2.97758747350576, "spark.shuffle.sort.bypassMergeThreshold": 465.6341754315993, "spark.storage.memoryFraction": 0.8215785770673736, "spark.storage.memoryMapThreshold": 7.814453306072244}, "datetime": {"datetime": "2022-02-12 17:47:17", "elapsed": 16180.509795, "delta": 293.401363}}
{"target": -265.734, "params": {"spark.broadcast.blockSize": 35.536243058794845, "spark.broadcast.checksum": 0.1850875808133461, "spark.broadcast.compress": 0.26903574154203325, "spark.default.parallelism": 200.33806463118185, "spark.executor.cores": 6.135117464083366, "spark.executor.instances": 9.86202849433046, "spark.executor.memory": 13.789436951911714, "spark.executor.memoryOverhead": 1162.6985758156538, "spark.kryoserializer.buffer": 87.84085254960712, "spark.kryoserializer.buffer.max": 113.67879383041813, "spark.locality.wait": 3.599180846618272, "spark.maxRemoteBlockSizeFetchToMem": 2103138009.7011166, "spark.memory.fraction": 0.8403302747280786, "spark.memory.offHeap.enabled": 0.25976588517931487, "spark.memory.offHeap.size": 923.8496183544844, "spark.memory.storageFraction": 0.7308289701783938, "spark.rdd.compress": 0.39276907333063316, "spark.reducer.maxBlocksInFlightPerAddress": 2083620282.5672994, "spark.reducer.maxReqsInFlight": 1776560436.818074, "spark.reducer.maxSizeInFlight": 41.41015587778276, "spark.scheduler.mode": 0.6886816168421902, "spark.scheduler.revive.interval": 757.1546095146007, "spark.shuffle.compress": 0.6307809410604249, "spark.shuffle.file.buffer": 32.771115149781764, "spark.shuffle.io.numConnectionsPerPeer": 4.12298308719701, "spark.shuffle.sort.bypassMergeThreshold": 236.27092736933574, "spark.storage.memoryFraction": 0.8169128434769409, "spark.storage.memoryMapThreshold": 1.3941119131197937}, "datetime": {"datetime": "2022-02-12 17:51:52", "elapsed": 16454.992028, "delta": 274.482233}}
{"target": -253.023, "params": {"spark.broadcast.blockSize": 25.16589112653583, "spark.broadcast.checksum": 0.2055043613617109, "spark.broadcast.compress": 0.28251273144443245, "spark.default.parallelism": 378.00205822594785, "spark.executor.cores": 6.600355908154836, "spark.executor.instances": 11.111442201186513, "spark.executor.memory": 13.798388075182931, "spark.executor.memoryOverhead": 1003.5820478377237, "spark.kryoserializer.buffer": 48.84944097317807, "spark.kryoserializer.buffer.max": 85.38897995586979, "spark.locality.wait": 3.0208801617098024, "spark.maxRemoteBlockSizeFetchToMem": 2015976591.2514691, "spark.memory.fraction": 0.8775858887364558, "spark.memory.offHeap.enabled": 0.3707210009796238, "spark.memory.offHeap.size": 670.6923959609122, "spark.memory.storageFraction": 0.7404832934539323, "spark.rdd.compress": 0.0783952437481269, "spark.reducer.maxBlocksInFlightPerAddress": 1804897158.6871848, "spark.reducer.maxReqsInFlight": 1775784601.848781, "spark.reducer.maxSizeInFlight": 68.82642706828746, "spark.scheduler.mode": 0.6341599355376291, "spark.scheduler.revive.interval": 514.7263409746406, "spark.shuffle.compress": 0.8068206748466417, "spark.shuffle.file.buffer": 33.70754741876718, "spark.shuffle.io.numConnectionsPerPeer": 1.2263754298428462, "spark.shuffle.sort.bypassMergeThreshold": 404.87815401774003, "spark.storage.memoryFraction": 0.8813878473540777, "spark.storage.memoryMapThreshold": 8.361131597194245}, "datetime": {"datetime": "2022-02-12 17:56:13", "elapsed": 16716.734636, "delta": 261.742608}}
{"target": -249.634, "params": {"spark.broadcast.blockSize": 36.25032377804426, "spark.broadcast.checksum": 0.6661984779957353, "spark.broadcast.compress": 0.12670739272009135, "spark.default.parallelism": 273.1202172625018, "spark.executor.cores": 4.5680313678382705, "spark.executor.instances": 8.181553386327485, "spark.executor.memory": 13.251151687706454, "spark.executor.memoryOverhead": 763.6984973218157, "spark.kryoserializer.buffer": 70.40637665378699, "spark.kryoserializer.buffer.max": 114.13381285811059, "spark.locality.wait": 2.7754915856346747, "spark.maxRemoteBlockSizeFetchToMem": 1733786038.671628, "spark.memory.fraction": 0.7770623299229173, "spark.memory.offHeap.enabled": 0.4304594813188647, "spark.memory.offHeap.size": 865.8799757032988, "spark.memory.storageFraction": 0.742556527675432, "spark.rdd.compress": 0.1703080550859477, "spark.reducer.maxBlocksInFlightPerAddress": 1549507408.9016051, "spark.reducer.maxReqsInFlight": 1703700635.694863, "spark.reducer.maxSizeInFlight": 30.131265600264506, "spark.scheduler.mode": 0.35367351384227663, "spark.scheduler.revive.interval": 762.3467327107124, "spark.shuffle.compress": 0.5061154266869647, "spark.shuffle.file.buffer": 28.52531915362477, "spark.shuffle.io.numConnectionsPerPeer": 2.8834070158235776, "spark.shuffle.sort.bypassMergeThreshold": 145.56387141413086, "spark.storage.memoryFraction": 0.8348466667564187, "spark.storage.memoryMapThreshold": 4.57054790546691}, "datetime": {"datetime": "2022-02-12 18:00:32", "elapsed": 16975.018857, "delta": 258.284221}}
{"target": -295.899, "params": {"spark.broadcast.blockSize": 36.834755277114205, "spark.broadcast.checksum": 0.7944926708995319, "spark.broadcast.compress": 0.11494840761149605, "spark.default.parallelism": 237.93520445398653, "spark.executor.cores": 6.2161728835932415, "spark.executor.instances": 10.088581219135595, "spark.executor.memory": 13.581904357064124, "spark.executor.memoryOverhead": 563.6162947166958, "spark.kryoserializer.buffer": 81.62041747762898, "spark.kryoserializer.buffer.max": 96.91009079481694, "spark.locality.wait": 3.2535880935669823, "spark.maxRemoteBlockSizeFetchToMem": 1619021448.412517, "spark.memory.fraction": 0.8791080072990225, "spark.memory.offHeap.enabled": 0.5400093414507057, "spark.memory.offHeap.size": 631.7006274404127, "spark.memory.storageFraction": 0.739006418239768, "spark.rdd.compress": 0.20144341052126002, "spark.reducer.maxBlocksInFlightPerAddress": 1655246931.330537, "spark.reducer.maxReqsInFlight": 1928047395.1741543, "spark.reducer.maxSizeInFlight": 54.397076349752076, "spark.scheduler.mode": 0.5361710745771971, "spark.scheduler.revive.interval": 746.9838731502, "spark.shuffle.compress": 0.27687650460090407, "spark.shuffle.file.buffer": 20.796570825468812, "spark.shuffle.io.numConnectionsPerPeer": 2.454578446800045, "spark.shuffle.sort.bypassMergeThreshold": 368.6250526859125, "spark.storage.memoryFraction": 0.7635920108293246, "spark.storage.memoryMapThreshold": 8.78313266198836}, "datetime": {"datetime": "2022-02-12 18:05:36", "elapsed": 17279.782683, "delta": 304.763826}}
{"target": -279.735, "params": {"spark.broadcast.blockSize": 13.47738044594602, "spark.broadcast.checksum": 0.6299125320679678, "spark.broadcast.compress": 0.8501165647773024, "spark.default.parallelism": 284.41225992691943, "spark.executor.cores": 5.032619400882642, "spark.executor.instances": 9.991160304801308, "spark.executor.memory": 13.415972453147596, "spark.executor.memoryOverhead": 463.5870690619986, "spark.kryoserializer.buffer": 107.4058496214671, "spark.kryoserializer.buffer.max": 125.72638115790393, "spark.locality.wait": 2.9206319516366217, "spark.maxRemoteBlockSizeFetchToMem": 2124646545.1763701, "spark.memory.fraction": 0.7756230369339376, "spark.memory.offHeap.enabled": 0.6138486682653271, "spark.memory.offHeap.size": 860.1995515827767, "spark.memory.storageFraction": 0.5578214350239397, "spark.rdd.compress": 0.5200827371337413, "spark.reducer.maxBlocksInFlightPerAddress": 2118547745.0397131, "spark.reducer.maxReqsInFlight": 1208972370.979537, "spark.reducer.maxSizeInFlight": 50.24622326271598, "spark.scheduler.mode": 0.5827579460414394, "spark.scheduler.revive.interval": 588.9206333390879, "spark.shuffle.compress": 0.5654678525414413, "spark.shuffle.file.buffer": 28.74065619484079, "spark.shuffle.io.numConnectionsPerPeer": 1.8178315634844546, "spark.shuffle.sort.bypassMergeThreshold": 136.8299593491588, "spark.storage.memoryFraction": 0.8075137005092083, "spark.storage.memoryMapThreshold": 5.692591360407967}, "datetime": {"datetime": "2022-02-12 18:10:25", "elapsed": 17568.28749, "delta": 288.504807}}
