{"target": -1041.493, "params": {"spark.broadcast.blockSize": 27.85536429155959, "spark.broadcast.checksum": 0.7203244934421581, "spark.broadcast.compress": 0.00011437481734488664, "spark.default.parallelism": 290.69977178955196, "spark.executor.cores": 4.4402676724513395, "spark.executor.instances": 8.554031568612787, "spark.executor.memory": 9.117561268266025, "spark.executor.memoryOverhead": 857.7637567760185, "spark.kryoserializer.buffer": 70.08967752614431, "spark.kryoserializer.buffer.max": 83.72640646432227, "spark.locality.wait": 4.772750629629654, "spark.maxRemoteBlockSizeFetchToMem": 1809490227.7801933, "spark.memory.fraction": 0.581780899892607, "spark.memory.offHeap.enabled": 0.8781174363909454, "spark.memory.offHeap.size": 28.04489543467639, "spark.memory.storageFraction": 0.768187004071361, "spark.rdd.compress": 0.41730480236712697, "spark.reducer.maxBlocksInFlightPerAddress": 1673630458.4455886, "spark.reducer.maxReqsInFlight": 1224481150.5130224, "spark.reducer.maxSizeInFlight": 33.508871476074184, "spark.scheduler.mode": 0.8007445686755367, "spark.scheduler.revive.interval": 984.1307878596988, "spark.shuffle.compress": 0.31342417815924284, "spark.shuffle.file.buffer": 38.15432370141805, "spark.shuffle.io.numConnectionsPerPeer": 4.505556609184153, "spark.shuffle.sort.bypassMergeThreshold": 457.8426654015389, "spark.storage.memoryFraction": 0.5340176845479112, "spark.storage.memoryMapThreshold": 1.3514930490959411}, "datetime": {"datetime": "2022-02-12 13:17:37", "elapsed": 0.0, "delta": 0.0}}
{"target": -288.165, "params": {"spark.broadcast.blockSize": 12.529486013003272, "spark.broadcast.checksum": 0.8781425034294131, "spark.broadcast.compress": 0.0983468338330501, "spark.default.parallelism": 326.3322875015157, "spark.executor.cores": 6.873668590451506, "spark.executor.instances": 11.198991709838102, "spark.executor.memory": 12.15126268370284, "spark.executor.memoryOverhead": 816.5719301093122, "spark.kryoserializer.buffer": 97.90408905743203, "spark.kryoserializer.buffer.max": 112.1240645021478, "spark.locality.wait": 1.1645944960977261, "spark.maxRemoteBlockSizeFetchToMem": 1879202699.955295, "spark.memory.fraction": 0.8955444355625979, "spark.memory.offHeap.enabled": 0.7481656543798394, "spark.memory.offHeap.size": 287.1746478739509, "spark.memory.storageFraction": 0.8157117313805955, "spark.rdd.compress": 0.10322600657764203, "spark.reducer.maxBlocksInFlightPerAddress": 1554663834.7539082, "spark.reducer.maxReqsInFlight": 2049338815.7693782, "spark.reducer.maxSizeInFlight": 38.09347912193662, "spark.scheduler.mode": 0.28777533858634874, "spark.scheduler.revive.interval": 565.0142860591388, "spark.shuffle.compress": 0.019366957870297075, "spark.shuffle.file.buffer": 37.72273705407651, "spark.shuffle.io.numConnectionsPerPeer": 1.8465124640002362, "spark.shuffle.sort.bypassMergeThreshold": 206.2186637488905, "spark.storage.memoryFraction": 0.6966292637121353, "spark.storage.memoryMapThreshold": 1.4802629060537233}, "datetime": {"datetime": "2022-02-12 13:22:33", "elapsed": 296.787282, "delta": 296.787282}}
{"target": -273.362, "params": {"spark.broadcast.blockSize": 37.59529154050481, "spark.broadcast.checksum": 0.14672857490581015, "spark.broadcast.compress": 0.5893055369032842, "spark.default.parallelism": 409.92750800627937, "spark.executor.cores": 4.307003286483478, "spark.executor.instances": 10.48433592691741, "spark.executor.memory": 12.16640094636647, "spark.executor.memoryOverhead": 951.8397785213836, "spark.kryoserializer.buffer": 36.795532058824364, "spark.kryoserializer.buffer.max": 83.44605496788911, "spark.locality.wait": 6.974151806978099, "spark.maxRemoteBlockSizeFetchToMem": 1626599409.527616, "spark.memory.fraction": 0.8778379023963254, "spark.memory.offHeap.enabled": 0.5865550405019929, "spark.memory.offHeap.size": 925.0835612547927, "spark.memory.storageFraction": 0.554989881658495, "spark.rdd.compress": 0.13927634725075855, "spark.reducer.maxBlocksInFlightPerAddress": 1940671618.0206747, "spark.reducer.maxReqsInFlight": 1500744075.3073974, "spark.reducer.maxSizeInFlight": 31.937001461612773, "spark.scheduler.mode": 0.9275085803960339, "spark.scheduler.revive.interval": 673.8829298727533, "spark.shuffle.compress": 0.7508121031361555, "spark.shuffle.file.buffer": 39.23193553121445, "spark.shuffle.io.numConnectionsPerPeer": 4.533224364823239, "spark.shuffle.sort.bypassMergeThreshold": 349.4688828222436, "spark.storage.memoryFraction": 0.800376973610935, "spark.storage.memoryMapThreshold": 4.140085077800583}, "datetime": {"datetime": "2022-02-12 13:27:15", "elapsed": 578.817725, "delta": 282.030443}}
{"target": -922.741, "params": {"spark.broadcast.blockSize": 18.735529289431618, "spark.broadcast.checksum": 0.8958862181960668, "spark.broadcast.compress": 0.4280911898712949, "spark.default.parallelism": 489.45201414451566, "spark.executor.cores": 5.990324493455344, "spark.executor.instances": 11.730174321254731, "spark.executor.memory": 8.688475837720251, "spark.executor.memoryOverhead": 1685.7497736873947, "spark.kryoserializer.buffer": 75.1915648140743, "spark.kryoserializer.buffer.max": 87.52540298116465, "spark.locality.wait": 4.673231224851531, "spark.maxRemoteBlockSizeFetchToMem": 1328247288.4244535, "spark.memory.fraction": 0.8613518082249015, "spark.memory.offHeap.enabled": 0.5736794866722859, "spark.memory.offHeap.size": 2.9392148799067854, "spark.memory.storageFraction": 0.7468579654482895, "spark.rdd.compress": 0.32664490177209615, "spark.reducer.maxBlocksInFlightPerAddress": 1639666151.072064, "spark.reducer.maxReqsInFlight": 2025014908.6723402, "spark.reducer.maxSizeInFlight": 41.14894848011999, "spark.scheduler.mode": 0.9085351509197992, "spark.scheduler.revive.interval": 811.6800578959014, "spark.shuffle.compress": 0.015821242846556283, "spark.shuffle.file.buffer": 45.74199147980036, "spark.shuffle.io.numConnectionsPerPeer": 3.763587670067696, "spark.shuffle.sort.bypassMergeThreshold": 498.9291401805922, "spark.storage.memoryFraction": 0.5689362033381314, "spark.storage.memoryMapThreshold": 2.2342217466599}, "datetime": {"datetime": "2022-02-12 13:42:47", "elapsed": 1510.334641, "delta": 931.516916}}
{"target": -258.255, "params": {"spark.broadcast.blockSize": 59.82091870830414, "spark.broadcast.checksum": 0.6968181614899002, "spark.broadcast.compress": 0.06600017272206249, "spark.default.parallelism": 426.6389157807399, "spark.executor.cores": 6.261628565383739, "spark.executor.instances": 13.5381472132789, "spark.executor.memory": 12.26914855177083, "spark.executor.memoryOverhead": 554.3754888638377, "spark.kryoserializer.buffer": 33.90849284862038, "spark.kryoserializer.buffer.max": 34.51625474026105, "spark.locality.wait": 1.2547583921871515, "spark.maxRemoteBlockSizeFetchToMem": 1338108624.7870486, "spark.memory.fraction": 0.8440111794731553, "spark.memory.offHeap.enabled": 0.5388310643416528, "spark.memory.offHeap.size": 566.0897061742243, "spark.memory.storageFraction": 0.8368123569438424, "spark.rdd.compress": 0.12417331511991114, "spark.reducer.maxBlocksInFlightPerAddress": 1373513015.7324514, "spark.reducer.maxReqsInFlight": 1702696051.560533, "spark.reducer.maxSizeInFlight": 70.54059591934438, "spark.scheduler.mode": 0.56103021925571, "spark.scheduler.revive.interval": 509.32364468647154, "spark.shuffle.compress": 0.8006326726806163, "spark.shuffle.file.buffer": 23.455176762912654, "spark.shuffle.io.numConnectionsPerPeer": 4.2284207824751165, "spark.shuffle.sort.bypassMergeThreshold": 255.1442576256687, "spark.storage.memoryFraction": 0.8454167418237715, "spark.storage.memoryMapThreshold": 7.724094784634661}, "datetime": {"datetime": "2022-02-12 13:47:14", "elapsed": 1777.158654, "delta": 266.824013}}
{"target": -543.595, "params": {"spark.broadcast.blockSize": 36.48689450740597, "spark.broadcast.checksum": 0.13645522566068502, "spark.broadcast.compress": 0.05991768951221166, "spark.default.parallelism": 236.4030367222212, "spark.executor.cores": 4.133655635634285, "spark.executor.instances": 8.644964774636557, "spark.executor.memory": 9.354256031647129, "spark.executor.memoryOverhead": 1361.5078921046497, "spark.kryoserializer.buffer": 85.73283027719768, "spark.kryoserializer.buffer.max": 33.20537409527512, "spark.locality.wait": 1.6477685172053809, "spark.maxRemoteBlockSizeFetchToMem": 2112346370.2637775, "spark.memory.fraction": 0.7272401847679768, "spark.memory.offHeap.enabled": 0.20329323466099047, "spark.memory.offHeap.size": 258.3815624400112, "spark.memory.storageFraction": 0.7975303416300372, "spark.rdd.compress": 0.1954294811093188, "spark.reducer.maxBlocksInFlightPerAddress": 1697971217.9690711, "spark.reducer.maxReqsInFlight": 2115292855.4001446, "spark.reducer.maxSizeInFlight": 64.6477824715217, "spark.scheduler.mode": 0.23984775914758616, "spark.scheduler.revive.interval": 746.884857134365, "spark.shuffle.compress": 0.6199557183813798, "spark.shuffle.file.buffer": 42.52738878560572, "spark.shuffle.io.numConnectionsPerPeer": 1.627165578584337, "spark.shuffle.sort.bypassMergeThreshold": 107.4304808709638, "spark.storage.memoryFraction": 0.5280088574876889, "spark.storage.memoryMapThreshold": 5.3771059984332865}, "datetime": {"datetime": "2022-02-12 13:56:26", "elapsed": 2329.43582, "delta": 552.277166}}
{"target": -284.701, "params": {"spark.broadcast.blockSize": 11.502415801230198, "spark.broadcast.checksum": 0.4954890414082834, "spark.broadcast.compress": 0.2925245023254096, "spark.default.parallelism": 217.43255089948235, "spark.executor.cores": 6.621114383038451, "spark.executor.instances": 10.145635551378298, "spark.executor.memory": 12.284144456078643, "spark.executor.memoryOverhead": 477.80928209693457, "spark.kryoserializer.buffer": 75.80679159473443, "spark.kryoserializer.buffer.max": 116.73980468264274, "spark.locality.wait": 6.094292981686852, "spark.maxRemoteBlockSizeFetchToMem": 2026019176.4019916, "spark.memory.fraction": 0.8987581633845363, "spark.memory.offHeap.enabled": 0.44201469064915044, "spark.memory.offHeap.size": 568.2435339518403, "spark.memory.storageFraction": 0.6613108684449804, "spark.rdd.compress": 0.3846788601263704, "spark.reducer.maxBlocksInFlightPerAddress": 1633637728.1508687, "spark.reducer.maxReqsInFlight": 1689274251.883485, "spark.reducer.maxSizeInFlight": 52.294230216232506, "spark.scheduler.mode": 0.2735577476315525, "spark.scheduler.revive.interval": 777.146379553569, "spark.shuffle.compress": 0.393436853273775, "spark.shuffle.file.buffer": 34.88570762852196, "spark.shuffle.io.numConnectionsPerPeer": 2.549556498200446, "spark.shuffle.sort.bypassMergeThreshold": 300.8728528846251, "spark.storage.memoryFraction": 0.7577078328800784, "spark.storage.memoryMapThreshold": 4.995238322667008}, "datetime": {"datetime": "2022-02-12 14:01:20", "elapsed": 2622.850258, "delta": 293.414438}}
{"target": -275.835, "params": {"spark.broadcast.blockSize": 41.02108937495388, "spark.broadcast.checksum": 0.5323682681879905, "spark.broadcast.compress": 0.993570464774452, "spark.default.parallelism": 357.32584379274556, "spark.executor.cores": 4.916773083728902, "spark.executor.instances": 12.088197622289908, "spark.executor.memory": 13.096870549590438, "spark.executor.memoryOverhead": 709.6856450724686, "spark.kryoserializer.buffer": 84.50122246507607, "spark.kryoserializer.buffer.max": 96.32479322036835, "spark.locality.wait": 5.754978463198898, "spark.maxRemoteBlockSizeFetchToMem": 1602263545.7135756, "spark.memory.fraction": 0.7522650474362076, "spark.memory.offHeap.enabled": 0.4739430822744255, "spark.memory.offHeap.size": 782.2549813167964, "spark.memory.storageFraction": 0.6965993928680293, "spark.rdd.compress": 0.13179442256192708, "spark.reducer.maxBlocksInFlightPerAddress": 1354926772.428146, "spark.reducer.maxReqsInFlight": 1897624917.5248566, "spark.reducer.maxSizeInFlight": 31.035636385848704, "spark.scheduler.mode": 0.21140471027586216, "spark.scheduler.revive.interval": 653.5153843438675, "spark.shuffle.compress": 0.6527674750377442, "spark.shuffle.file.buffer": 28.42841309541538, "spark.shuffle.io.numConnectionsPerPeer": 4.440002184141173, "spark.shuffle.sort.bypassMergeThreshold": 156.2363331233049, "spark.storage.memoryFraction": 0.7962724681762965, "spark.storage.memoryMapThreshold": 7.976471192023991}, "datetime": {"datetime": "2022-02-12 14:06:04", "elapsed": 2907.601452, "delta": 284.751194}}
{"target": -290.724, "params": {"spark.broadcast.blockSize": 6.317323036413403, "spark.broadcast.checksum": 0.5088019283922512, "spark.broadcast.compress": 0.6045422622504563, "spark.default.parallelism": 305.85879455480733, "spark.executor.cores": 6.57937260819442, "spark.executor.instances": 13.24507222655601, "spark.executor.memory": 13.639812887572994, "spark.executor.memoryOverhead": 389.38206359999066, "spark.kryoserializer.buffer": 43.31656501787031, "spark.kryoserializer.buffer.max": 87.82505010057716, "spark.locality.wait": 5.925195184012656, "spark.maxRemoteBlockSizeFetchToMem": 1912099401.248041, "spark.memory.fraction": 0.782819624211452, "spark.memory.offHeap.enabled": 0.1978627467709544, "spark.memory.offHeap.size": 910.4564110155246, "spark.memory.storageFraction": 0.5233670314739345, "spark.rdd.compress": 0.07673485179202655, "spark.reducer.maxBlocksInFlightPerAddress": 1783581964.661953, "spark.reducer.maxReqsInFlight": 1558098199.5293036, "spark.reducer.maxSizeInFlight": 35.52133778668623, "spark.scheduler.mode": 0.4750010059219125, "spark.scheduler.revive.interval": 623.8760830411767, "spark.shuffle.compress": 0.48278126684341216, "spark.shuffle.file.buffer": 44.61227829465773, "spark.shuffle.io.numConnectionsPerPeer": 4.9022690799525375, "spark.shuffle.sort.bypassMergeThreshold": 246.10867866736618, "spark.storage.memoryFraction": 0.8580349379075527, "spark.storage.memoryMapThreshold": 3.3345003959453248}, "datetime": {"datetime": "2022-02-12 14:11:04", "elapsed": 3207.303963, "delta": 299.702511}}
{"target": -282.096, "params": {"spark.broadcast.blockSize": 37.50024781181097, "spark.broadcast.checksum": 0.274001161631524, "spark.broadcast.compress": 0.6870397149524039, "spark.default.parallelism": 435.35882947820255, "spark.executor.cores": 5.299126015520847, "spark.executor.instances": 13.170035648547193, "spark.executor.memory": 13.159187823413852, "spark.executor.memoryOverhead": 1066.5775875061222, "spark.kryoserializer.buffer": 54.68175748825479, "spark.kryoserializer.buffer.max": 98.26373886498178, "spark.locality.wait": 5.0423306755505255, "spark.maxRemoteBlockSizeFetchToMem": 1901053267.6072564, "spark.memory.fraction": 0.8339890527610696, "spark.memory.offHeap.enabled": 0.8157076352236381, "spark.memory.offHeap.size": 1012.9330984421018, "spark.memory.storageFraction": 0.612933203231794, "spark.rdd.compress": 0.0366527508593788, "spark.reducer.maxBlocksInFlightPerAddress": 1308189947.379315, "spark.reducer.maxReqsInFlight": 1887004950.4435978, "spark.reducer.maxSizeInFlight": 28.8862642280366, "spark.scheduler.mode": 0.6907943695849038, "spark.scheduler.revive.interval": 660.7625160978732, "spark.shuffle.compress": 0.9376558071033805, "spark.shuffle.file.buffer": 32.334595109492646, "spark.shuffle.io.numConnectionsPerPeer": 1.9095031979873993, "spark.shuffle.sort.bypassMergeThreshold": 182.39182798558397, "spark.storage.memoryFraction": 0.8569902492525567, "spark.storage.memoryMapThreshold": 8.17908301769075}, "datetime": {"datetime": "2022-02-12 14:15:55", "elapsed": 3498.367652, "delta": 291.063689}}
{"target": -290.971, "params": {"spark.broadcast.blockSize": 28.42357600174902, "spark.broadcast.checksum": 0.7601470337423474, "spark.broadcast.compress": 0.47455514848162084, "spark.default.parallelism": 286.2723152974711, "spark.executor.cores": 6.043557827467883, "spark.executor.instances": 12.340374944849625, "spark.executor.memory": 13.790447246761424, "spark.executor.memoryOverhead": 475.5249546517018, "spark.kryoserializer.buffer": 65.4466828467059, "spark.kryoserializer.buffer.max": 70.04416258341959, "spark.locality.wait": 7.507394385305183, "spark.maxRemoteBlockSizeFetchToMem": 1933033359.9284363, "spark.memory.fraction": 0.8811635815929597, "spark.memory.offHeap.enabled": 0.8394988277233033, "spark.memory.offHeap.size": 790.6909853324494, "spark.memory.storageFraction": 0.7722716191806234, "spark.rdd.compress": 0.44643604839257145, "spark.reducer.maxBlocksInFlightPerAddress": 1591885686.5080554, "spark.reducer.maxReqsInFlight": 1871930201.1592872, "spark.reducer.maxSizeInFlight": 58.139708138605144, "spark.scheduler.mode": 0.10683130133009733, "spark.scheduler.revive.interval": 506.40668808694767, "spark.shuffle.compress": 0.4376508252321861, "spark.shuffle.file.buffer": 34.52947617861581, "spark.shuffle.io.numConnectionsPerPeer": 2.0144187392937987, "spark.shuffle.sort.bypassMergeThreshold": 173.7659195317918, "spark.storage.memoryFraction": 0.7555136327116156, "spark.storage.memoryMapThreshold": 9.914902924214182}, "datetime": {"datetime": "2022-02-12 14:20:55", "elapsed": 3798.154419, "delta": 299.786767}}
{"target": -256.944, "params": {"spark.broadcast.blockSize": 55.485296914845485, "spark.broadcast.checksum": 0.40765028792910407, "spark.broadcast.compress": 0.1372052353553086, "spark.default.parallelism": 277.8973419241051, "spark.executor.cores": 6.970045152886461, "spark.executor.instances": 8.768457613539457, "spark.executor.memory": 12.871028003329036, "spark.executor.memoryOverhead": 912.7489586103444, "spark.kryoserializer.buffer": 123.93127707292369, "spark.kryoserializer.buffer.max": 127.54099376317161, "spark.locality.wait": 3.1907842510206383, "spark.maxRemoteBlockSizeFetchToMem": 1613571292.4516244, "spark.memory.fraction": 0.73889205936381, "spark.memory.offHeap.enabled": 0.4381933174307896, "spark.memory.offHeap.size": 944.0905155121111, "spark.memory.storageFraction": 0.6093953968173098, "spark.rdd.compress": 0.2241857777079439, "spark.reducer.maxBlocksInFlightPerAddress": 1584579381.511561, "spark.reducer.maxReqsInFlight": 1716877597.6484022, "spark.reducer.maxSizeInFlight": 46.16318611447091, "spark.scheduler.mode": 0.278517112354443, "spark.scheduler.revive.interval": 566.0051566493619, "spark.shuffle.compress": 0.8953969230722489, "spark.shuffle.file.buffer": 31.21001924974042, "spark.shuffle.io.numConnectionsPerPeer": 3.2635843610408144, "spark.shuffle.sort.bypassMergeThreshold": 175.56970982869808, "spark.storage.memoryFraction": 0.8046220897067774, "spark.storage.memoryMapThreshold": 4.9457731753952086}, "datetime": {"datetime": "2022-02-12 14:25:21", "elapsed": 4063.970389, "delta": 265.81597}}
{"target": -269.701, "params": {"spark.broadcast.blockSize": 47.83435419188569, "spark.broadcast.checksum": 0.10865463078575566, "spark.broadcast.compress": 0.5570108244209028, "spark.default.parallelism": 403.55773246646703, "spark.executor.cores": 6.284189649663874, "spark.executor.instances": 11.618565275278474, "spark.executor.memory": 13.557533542571083, "spark.executor.memoryOverhead": 690.6102004424712, "spark.kryoserializer.buffer": 65.30153955280974, "spark.kryoserializer.buffer.max": 79.12771317787565, "spark.locality.wait": 1.9915053410940087, "spark.maxRemoteBlockSizeFetchToMem": 1477281600.0078309, "spark.memory.fraction": 0.8403101360786787, "spark.memory.offHeap.enabled": 0.6977101504206926, "spark.memory.offHeap.size": 852.9257362408229, "spark.memory.storageFraction": 0.5219332663296921, "spark.rdd.compress": 0.5317870680331713, "spark.reducer.maxBlocksInFlightPerAddress": 1793254758.796792, "spark.reducer.maxReqsInFlight": 1927079548.4071867, "spark.reducer.maxSizeInFlight": 69.73072257173874, "spark.scheduler.mode": 0.15686816027122075, "spark.scheduler.revive.interval": 553.888698910487, "spark.shuffle.compress": 0.08433867374406512, "spark.shuffle.file.buffer": 36.33490492633016, "spark.shuffle.io.numConnectionsPerPeer": 4.235558818731524, "spark.shuffle.sort.bypassMergeThreshold": 143.60886610167256, "spark.storage.memoryFraction": 0.8810567592130355, "spark.storage.memoryMapThreshold": 4.3774803834763265}, "datetime": {"datetime": "2022-02-12 14:29:59", "elapsed": 4342.449076, "delta": 278.478687}}
{"target": -244.721, "params": {"spark.broadcast.blockSize": 2.9616037383242713, "spark.broadcast.checksum": 0.17585265866678657, "spark.broadcast.compress": 0.4340448509499467, "spark.default.parallelism": 236.60311859041371, "spark.executor.cores": 5.189808466851932, "spark.executor.instances": 9.335371514037188, "spark.executor.memory": 12.374331073918263, "spark.executor.memoryOverhead": 595.5267646228164, "spark.kryoserializer.buffer": 99.7374407276189, "spark.kryoserializer.buffer.max": 73.17213026903927, "spark.locality.wait": 3.51686607534737, "spark.maxRemoteBlockSizeFetchToMem": 1390880603.787692, "spark.memory.fraction": 0.8419252835611739, "spark.memory.offHeap.enabled": 0.7257403494802951, "spark.memory.offHeap.size": 973.7647816151742, "spark.memory.storageFraction": 0.5659022234459181, "spark.rdd.compress": 0.3383631428191699, "spark.reducer.maxBlocksInFlightPerAddress": 1990107596.5167246, "spark.reducer.maxReqsInFlight": 1444194045.0060492, "spark.reducer.maxSizeInFlight": 66.0290636276743, "spark.scheduler.mode": 0.3910897932965536, "spark.scheduler.revive.interval": 544.1801791452265, "spark.shuffle.compress": 0.9486739865654755, "spark.shuffle.file.buffer": 21.164725583377816, "spark.shuffle.io.numConnectionsPerPeer": 2.1841224159401933, "spark.shuffle.sort.bypassMergeThreshold": 293.89900581103126, "spark.storage.memoryFraction": 0.8689601818172157, "spark.storage.memoryMapThreshold": 2.645414727702623}, "datetime": {"datetime": "2022-02-12 14:34:13", "elapsed": 4596.03134, "delta": 253.582264}}
