{"target": -267.297, "params": {"spark.broadcast.blockSize": 11.792986422017117, "spark.broadcast.checksum": 0.5075678310572261, "spark.broadcast.compress": 0.9334543895976684, "spark.default.parallelism": 289.02161733649507, "spark.executor.cores": 5.375414947503078, "spark.executor.instances": 8.866994534306166, "spark.executor.memory": 12.292431277796236, "spark.executor.memoryOverhead": 550.4921283351446, "spark.kryoserializer.buffer": 87.03250446688283, "spark.kryoserializer.buffer.max": 96.60517244085744, "spark.locality.wait": 3.3639184825086534, "spark.maxRemoteBlockSizeFetchToMem": 1143418919.715919, "spark.memory.fraction": 0.8750569018980199, "spark.memory.offHeap.enabled": 0.35852079868081965, "spark.memory.offHeap.size": 921.6804845054423, "spark.memory.storageFraction": 0.7190675489925793, "spark.rdd.compress": 0.04499891115202714, "spark.reducer.maxBlocksInFlightPerAddress": 1639578042.4439592, "spark.reducer.maxReqsInFlight": 1690949976.127443, "spark.reducer.maxSizeInFlight": 48.841911157612095, "spark.scheduler.mode": 0.21476991953064806, "spark.scheduler.revive.interval": 645.0664543768687, "spark.shuffle.compress": 0.598323134011254, "spark.shuffle.file.buffer": 24.410074896419296, "spark.shuffle.io.numConnectionsPerPeer": 3.134688183616901, "spark.shuffle.sort.bypassMergeThreshold": 249.5565300074257, "spark.storage.memoryFraction": 0.8929678980606797, "spark.storage.memoryMapThreshold": 1.7781340359608242}, "datetime": {"datetime": "2022-02-12 14:38:49", "elapsed": 4872.23459, "delta": 276.20325}}
{"target": -253.717, "params": {"spark.broadcast.blockSize": 36.47547148577784, "spark.broadcast.checksum": 0.1686668080432746, "spark.broadcast.compress": 0.5217161696932174, "spark.default.parallelism": 221.85948846404006, "spark.executor.cores": 6.475462700096589, "spark.executor.instances": 8.4639145797404, "spark.executor.memory": 12.20497501987164, "spark.executor.memoryOverhead": 567.4971060868436, "spark.kryoserializer.buffer": 109.94615270176482, "spark.kryoserializer.buffer.max": 86.4341464245936, "spark.locality.wait": 3.6778886294905098, "spark.maxRemoteBlockSizeFetchToMem": 1925005875.225412, "spark.memory.fraction": 0.767765739441316, "spark.memory.offHeap.enabled": 0.2803739603851787, "spark.memory.offHeap.size": 880.5192221742194, "spark.memory.storageFraction": 0.5471814062489613, "spark.rdd.compress": 0.6670202231222824, "spark.reducer.maxBlocksInFlightPerAddress": 2052906199.009895, "spark.reducer.maxReqsInFlight": 1596863624.8963742, "spark.reducer.maxSizeInFlight": 57.46430940670367, "spark.scheduler.mode": 0.14144093492067356, "spark.scheduler.revive.interval": 610.7507789737701, "spark.shuffle.compress": 0.5184950154455329, "spark.shuffle.file.buffer": 17.49134702852118, "spark.shuffle.io.numConnectionsPerPeer": 1.2032795133714664, "spark.shuffle.sort.bypassMergeThreshold": 184.6244421331608, "spark.storage.memoryFraction": 0.898813983950015, "spark.storage.memoryMapThreshold": 6.891242884386684}, "datetime": {"datetime": "2022-02-12 14:43:11", "elapsed": 5134.692888, "delta": 262.458298}}
{"target": -253.819, "params": {"spark.broadcast.blockSize": 59.588474418708145, "spark.broadcast.checksum": 0.20203826010648596, "spark.broadcast.compress": 0.06446939833971155, "spark.default.parallelism": 241.74875501778672, "spark.executor.cores": 6.3044479663954505, "spark.executor.instances": 12.14257858808524, "spark.executor.memory": 13.456800293517597, "spark.executor.memoryOverhead": 392.1767907517121, "spark.kryoserializer.buffer": 51.95628167953197, "spark.kryoserializer.buffer.max": 61.09390683765555, "spark.locality.wait": 8.64099451985221, "spark.maxRemoteBlockSizeFetchToMem": 1519108736.6445916, "spark.memory.fraction": 0.8801839625247283, "spark.memory.offHeap.enabled": 0.12799498399999942, "spark.memory.offHeap.size": 638.9558882085495, "spark.memory.storageFraction": 0.5239612170927027, "spark.rdd.compress": 0.3335717686582962, "spark.reducer.maxBlocksInFlightPerAddress": 2137891050.4149415, "spark.reducer.maxReqsInFlight": 1334511162.955917, "spark.reducer.maxSizeInFlight": 61.3173055488616, "spark.scheduler.mode": 0.05352287732934369, "spark.scheduler.revive.interval": 730.8199484723773, "spark.shuffle.compress": 0.5864606730049967, "spark.shuffle.file.buffer": 25.305527145907107, "spark.shuffle.io.numConnectionsPerPeer": 1.418777441953237, "spark.shuffle.sort.bypassMergeThreshold": 193.51528983415307, "spark.storage.memoryFraction": 0.8895232563187352, "spark.storage.memoryMapThreshold": 3.3683402649805543}, "datetime": {"datetime": "2022-02-12 14:47:34", "elapsed": 5397.201305, "delta": 262.508417}}
{"target": -271.167, "params": {"spark.broadcast.blockSize": 47.33982333941655, "spark.broadcast.checksum": 0.3779033039980185, "spark.broadcast.compress": 0.26688281710769823, "spark.default.parallelism": 252.54756259035778, "spark.executor.cores": 5.639788693583962, "spark.executor.instances": 9.900165015576976, "spark.executor.memory": 11.68305028714327, "spark.executor.memoryOverhead": 559.4406348519564, "spark.kryoserializer.buffer": 74.16351167188198, "spark.kryoserializer.buffer.max": 104.57991535630063, "spark.locality.wait": 1.0743266435811756, "spark.maxRemoteBlockSizeFetchToMem": 2111242318.498119, "spark.memory.fraction": 0.8789204290068162, "spark.memory.offHeap.enabled": 0.1364849218362162, "spark.memory.offHeap.size": 880.2912548160333, "spark.memory.storageFraction": 0.6625253108127801, "spark.rdd.compress": 0.4361991522527522, "spark.reducer.maxBlocksInFlightPerAddress": 2105358334.3020453, "spark.reducer.maxReqsInFlight": 1573235856.7391438, "spark.reducer.maxSizeInFlight": 51.4446601076659, "spark.scheduler.mode": 0.696930950889683, "spark.scheduler.revive.interval": 702.8909938326269, "spark.shuffle.compress": 0.9601000403689272, "spark.shuffle.file.buffer": 20.037218373767203, "spark.shuffle.io.numConnectionsPerPeer": 4.112500449874804, "spark.shuffle.sort.bypassMergeThreshold": 169.683512972112, "spark.storage.memoryFraction": 0.7558167032164906, "spark.storage.memoryMapThreshold": 5.6780833641116155}, "datetime": {"datetime": "2022-02-12 14:52:14", "elapsed": 5677.017955, "delta": 279.81665}}
{"target": -254.056, "params": {"spark.broadcast.blockSize": 51.18768776796488, "spark.broadcast.checksum": 0.12838195553001985, "spark.broadcast.compress": 0.18306291150218124, "spark.default.parallelism": 390.9745831693967, "spark.executor.cores": 6.8444890210699665, "spark.executor.instances": 9.812490680006185, "spark.executor.memory": 13.875205848137542, "spark.executor.memoryOverhead": 645.0028545703406, "spark.kryoserializer.buffer": 62.819417974135035, "spark.kryoserializer.buffer.max": 119.88235787367269, "spark.locality.wait": 4.363618940398647, "spark.maxRemoteBlockSizeFetchToMem": 1617179670.9820802, "spark.memory.fraction": 0.871519314690427, "spark.memory.offHeap.enabled": 0.7710935715864109, "spark.memory.offHeap.size": 859.6713879433871, "spark.memory.storageFraction": 0.6017647000228212, "spark.rdd.compress": 0.018936411971164135, "spark.reducer.maxBlocksInFlightPerAddress": 1216774481.458902, "spark.reducer.maxReqsInFlight": 1451125286.6059675, "spark.reducer.maxSizeInFlight": 37.24272009203746, "spark.scheduler.mode": 0.40250359343839937, "spark.scheduler.revive.interval": 540.7626131155182, "spark.shuffle.compress": 0.5363501579387446, "spark.shuffle.file.buffer": 33.29496010336923, "spark.shuffle.io.numConnectionsPerPeer": 1.7290140386876227, "spark.shuffle.sort.bypassMergeThreshold": 224.31752476888784, "spark.storage.memoryFraction": 0.6808425801656197, "spark.storage.memoryMapThreshold": 4.6212588539265305}, "datetime": {"datetime": "2022-02-12 14:56:37", "elapsed": 5939.924391, "delta": 262.906436}}
{"target": -259.692, "params": {"spark.broadcast.blockSize": 60.67607562720889, "spark.broadcast.checksum": 0.18038375723039124, "spark.broadcast.compress": 0.5030769980659601, "spark.default.parallelism": 381.1379862776224, "spark.executor.cores": 6.223970441913209, "spark.executor.instances": 8.659855975967284, "spark.executor.memory": 13.850569894671608, "spark.executor.memoryOverhead": 436.1585968398382, "spark.kryoserializer.buffer": 62.72943193259533, "spark.kryoserializer.buffer.max": 94.72527277927868, "spark.locality.wait": 7.386913263519388, "spark.maxRemoteBlockSizeFetchToMem": 1724691866.7630029, "spark.memory.fraction": 0.8862650395891938, "spark.memory.offHeap.enabled": 0.2798878780803252, "spark.memory.offHeap.size": 980.8313649630944, "spark.memory.storageFraction": 0.5334831635928663, "spark.rdd.compress": 0.33824389295857027, "spark.reducer.maxBlocksInFlightPerAddress": 1713722094.6732616, "spark.reducer.maxReqsInFlight": 1776127894.223343, "spark.reducer.maxSizeInFlight": 43.486442224832714, "spark.scheduler.mode": 0.18611005840958272, "spark.scheduler.revive.interval": 502.632035890789, "spark.shuffle.compress": 0.7970325491882325, "spark.shuffle.file.buffer": 31.48736767846181, "spark.shuffle.io.numConnectionsPerPeer": 2.1237501243265946, "spark.shuffle.sort.bypassMergeThreshold": 180.07749359254814, "spark.storage.memoryFraction": 0.8737200110265987, "spark.storage.memoryMapThreshold": 7.684526436450563}, "datetime": {"datetime": "2022-02-12 15:01:05", "elapsed": 6208.450625, "delta": 268.526234}}
{"target": -298.523, "params": {"spark.broadcast.blockSize": 46.653455983794686, "spark.broadcast.checksum": 0.24447238550151573, "spark.broadcast.compress": 0.14526210207776957, "spark.default.parallelism": 366.72574620789214, "spark.executor.cores": 5.627329159502334, "spark.executor.instances": 13.094806436646751, "spark.executor.memory": 13.796048937260696, "spark.executor.memoryOverhead": 672.2565508860564, "spark.kryoserializer.buffer": 100.41115633769269, "spark.kryoserializer.buffer.max": 115.97502899472211, "spark.locality.wait": 1.5091130964071895, "spark.maxRemoteBlockSizeFetchToMem": 1373636000.8840344, "spark.memory.fraction": 0.8859162633969865, "spark.memory.offHeap.enabled": 0.9543327314003491, "spark.memory.offHeap.size": 511.73024407762557, "spark.memory.storageFraction": 0.8250997164624856, "spark.rdd.compress": 0.036206313861309236, "spark.reducer.maxBlocksInFlightPerAddress": 2142275408.2862542, "spark.reducer.maxReqsInFlight": 1234926386.419741, "spark.reducer.maxSizeInFlight": 46.938610222933455, "spark.scheduler.mode": 0.030143526249811314, "spark.scheduler.revive.interval": 500.99157945094527, "spark.shuffle.compress": 0.2993746436881378, "spark.shuffle.file.buffer": 42.017907891981956, "spark.shuffle.io.numConnectionsPerPeer": 1.7232957476666013, "spark.shuffle.sort.bypassMergeThreshold": 164.8045847736313, "spark.storage.memoryFraction": 0.8841269187064842, "spark.storage.memoryMapThreshold": 9.218581681621629}, "datetime": {"datetime": "2022-02-12 15:06:13", "elapsed": 6515.982368, "delta": 307.531743}}
{"target": -264.038, "params": {"spark.broadcast.blockSize": 36.380220179111525, "spark.broadcast.checksum": 0.9128267696906365, "spark.broadcast.compress": 0.7131453816114363, "spark.default.parallelism": 343.55028545070934, "spark.executor.cores": 5.377323903408391, "spark.executor.instances": 13.770023337458278, "spark.executor.memory": 13.567769962021124, "spark.executor.memoryOverhead": 623.187787778327, "spark.kryoserializer.buffer": 109.17036943936915, "spark.kryoserializer.buffer.max": 48.80493945523409, "spark.locality.wait": 1.6961849882080782, "spark.maxRemoteBlockSizeFetchToMem": 1134542594.3693287, "spark.memory.fraction": 0.8581531897118443, "spark.memory.offHeap.enabled": 0.3502327994050273, "spark.memory.offHeap.size": 952.6464189008942, "spark.memory.storageFraction": 0.5192250831030866, "spark.rdd.compress": 0.04320194836460811, "spark.reducer.maxBlocksInFlightPerAddress": 1756262009.1719782, "spark.reducer.maxReqsInFlight": 1658453978.3745215, "spark.reducer.maxSizeInFlight": 71.58090807427125, "spark.scheduler.mode": 0.42736200001920766, "spark.scheduler.revive.interval": 597.1330015270344, "spark.shuffle.compress": 0.5312034948777027, "spark.shuffle.file.buffer": 16.89708380478301, "spark.shuffle.io.numConnectionsPerPeer": 4.616728951294093, "spark.shuffle.sort.bypassMergeThreshold": 129.0897722349609, "spark.storage.memoryFraction": 0.8580513449783751, "spark.storage.memoryMapThreshold": 6.46844948560646}, "datetime": {"datetime": "2022-02-12 15:10:45", "elapsed": 6788.611034, "delta": 272.628666}}
{"target": -261.76, "params": {"spark.broadcast.blockSize": 43.148993338379356, "spark.broadcast.checksum": 0.37983683870875506, "spark.broadcast.compress": 0.5436750538593896, "spark.default.parallelism": 277.8861306645665, "spark.executor.cores": 6.430148833969584, "spark.executor.instances": 11.434643182353065, "spark.executor.memory": 13.912139408977021, "spark.executor.memoryOverhead": 720.0105303847367, "spark.kryoserializer.buffer": 117.91841635831469, "spark.kryoserializer.buffer.max": 99.87686521034331, "spark.locality.wait": 1.6011326887095234, "spark.maxRemoteBlockSizeFetchToMem": 1705878155.9163775, "spark.memory.fraction": 0.8828994509572187, "spark.memory.offHeap.enabled": 0.5379591104667761, "spark.memory.offHeap.size": 516.69651865436, "spark.memory.storageFraction": 0.5036316469626246, "spark.rdd.compress": 0.5678151461405191, "spark.reducer.maxBlocksInFlightPerAddress": 1284202947.9173055, "spark.reducer.maxReqsInFlight": 1657024422.4998431, "spark.reducer.maxSizeInFlight": 43.43017083057555, "spark.scheduler.mode": 0.8862911824760966, "spark.scheduler.revive.interval": 529.2944305602626, "spark.shuffle.compress": 0.7689607761757902, "spark.shuffle.file.buffer": 28.60441930121717, "spark.shuffle.io.numConnectionsPerPeer": 2.70620244156095, "spark.shuffle.sort.bypassMergeThreshold": 103.03555166238696, "spark.storage.memoryFraction": 0.7805081800497122, "spark.storage.memoryMapThreshold": 6.077910237698649}, "datetime": {"datetime": "2022-02-12 15:15:16", "elapsed": 7059.257751, "delta": 270.646717}}
{"target": -249.518, "params": {"spark.broadcast.blockSize": 23.513521016495773, "spark.broadcast.checksum": 0.3341089233830469, "spark.broadcast.compress": 0.4611550520088752, "spark.default.parallelism": 247.14418641231907, "spark.executor.cores": 5.115866562386127, "spark.executor.instances": 9.831326985817707, "spark.executor.memory": 12.336244926525973, "spark.executor.memoryOverhead": 558.8393615775531, "spark.kryoserializer.buffer": 71.0824014000076, "spark.kryoserializer.buffer.max": 118.6640786568924, "spark.locality.wait": 3.6527470754675093, "spark.maxRemoteBlockSizeFetchToMem": 1412836850.2831442, "spark.memory.fraction": 0.8839789916594383, "spark.memory.offHeap.enabled": 0.7998192745355913, "spark.memory.offHeap.size": 729.2574376874562, "spark.memory.storageFraction": 0.8009428051449037, "spark.rdd.compress": 0.32643973269799964, "spark.reducer.maxBlocksInFlightPerAddress": 1125300764.9886403, "spark.reducer.maxReqsInFlight": 1859350637.9632692, "spark.reducer.maxSizeInFlight": 54.240596885618125, "spark.scheduler.mode": 0.6554490601248181, "spark.scheduler.revive.interval": 552.5054002562576, "spark.shuffle.compress": 0.81243557836567, "spark.shuffle.file.buffer": 34.75529577723988, "spark.shuffle.io.numConnectionsPerPeer": 2.7272064380626944, "spark.shuffle.sort.bypassMergeThreshold": 199.5183537911703, "spark.storage.memoryFraction": 0.889593761863559, "spark.storage.memoryMapThreshold": 1.5462099560346758}, "datetime": {"datetime": "2022-02-12 15:19:35", "elapsed": 7318.011496, "delta": 258.753745}}
{"target": -280.699, "params": {"spark.broadcast.blockSize": 29.21648074656717, "spark.broadcast.checksum": 0.04232548446618489, "spark.broadcast.compress": 0.6428318737090466, "spark.default.parallelism": 213.76387334107812, "spark.executor.cores": 6.199258020141633, "spark.executor.instances": 11.577158164159266, "spark.executor.memory": 13.827933745558907, "spark.executor.memoryOverhead": 980.493340716881, "spark.kryoserializer.buffer": 99.16535342576012, "spark.kryoserializer.buffer.max": 125.63594547956639, "spark.locality.wait": 1.2911812043889297, "spark.maxRemoteBlockSizeFetchToMem": 1686641902.0142002, "spark.memory.fraction": 0.8912375491541724, "spark.memory.offHeap.enabled": 0.4198823060554129, "spark.memory.offHeap.size": 873.7018973300087, "spark.memory.storageFraction": 0.7177966865851582, "spark.rdd.compress": 0.1264320183479425, "spark.reducer.maxBlocksInFlightPerAddress": 1805679221.9069004, "spark.reducer.maxReqsInFlight": 1520667988.036744, "spark.reducer.maxSizeInFlight": 58.39811574758107, "spark.scheduler.mode": 0.4122740026071635, "spark.scheduler.revive.interval": 603.9881451218439, "spark.shuffle.compress": 0.17120152355274487, "spark.shuffle.file.buffer": 17.95292885088614, "spark.shuffle.io.numConnectionsPerPeer": 2.5608160537887628, "spark.shuffle.sort.bypassMergeThreshold": 163.36824521296847, "spark.storage.memoryFraction": 0.6227293153018144, "spark.storage.memoryMapThreshold": 5.2695386793950325}, "datetime": {"datetime": "2022-02-12 15:24:24", "elapsed": 7607.601039, "delta": 289.589543}}
{"target": -685.357, "params": {"spark.broadcast.blockSize": 19.433175234089603, "spark.broadcast.checksum": 0.029910768453585423, "spark.broadcast.compress": 0.023039715584289078, "spark.default.parallelism": 221.35287189691726, "spark.executor.cores": 6.296128346717506, "spark.executor.instances": 11.992975182108227, "spark.executor.memory": 9.407541719147114, "spark.executor.memoryOverhead": 415.624138350831, "spark.kryoserializer.buffer": 117.1165697026498, "spark.kryoserializer.buffer.max": 104.81369343741324, "spark.locality.wait": 4.585889917062239, "spark.maxRemoteBlockSizeFetchToMem": 1849658003.2960935, "spark.memory.fraction": 0.8826129977648732, "spark.memory.offHeap.enabled": 0.08575154543428165, "spark.memory.offHeap.size": 787.3070371063595, "spark.memory.storageFraction": 0.5328313113105401, "spark.rdd.compress": 0.7760757101158792, "spark.reducer.maxBlocksInFlightPerAddress": 1406148877.1574938, "spark.reducer.maxReqsInFlight": 1912763153.6651816, "spark.reducer.maxSizeInFlight": 67.50624267686794, "spark.scheduler.mode": 0.037617330190902076, "spark.scheduler.revive.interval": 665.2572761710046, "spark.shuffle.compress": 0.9078424748525084, "spark.shuffle.file.buffer": 18.853482854226698, "spark.shuffle.io.numConnectionsPerPeer": 2.5863789539606583, "spark.shuffle.sort.bypassMergeThreshold": 191.84073562208766, "spark.storage.memoryFraction": 0.7836261841458847, "spark.storage.memoryMapThreshold": 3.9880249315210765}, "datetime": {"datetime": "2022-02-12 15:35:59", "elapsed": 8301.8845, "delta": 694.283461}}
{"target": -279.207, "params": {"spark.broadcast.blockSize": 45.91126136474993, "spark.broadcast.checksum": 0.7279833029740177, "spark.broadcast.compress": 0.5639951301255157, "spark.default.parallelism": 289.22248661779463, "spark.executor.cores": 5.576021101151739, "spark.executor.instances": 10.2759462966692, "spark.executor.memory": 12.80160799062241, "spark.executor.memoryOverhead": 902.2038300918861, "spark.kryoserializer.buffer": 44.89520849795623, "spark.kryoserializer.buffer.max": 120.99454670556543, "spark.locality.wait": 5.868264751647067, "spark.maxRemoteBlockSizeFetchToMem": 1581177461.9481792, "spark.memory.fraction": 0.8091664348595011, "spark.memory.offHeap.enabled": 0.7855920567609435, "spark.memory.offHeap.size": 957.3505218059566, "spark.memory.storageFraction": 0.7982237128919081, "spark.rdd.compress": 0.019278660407662795, "spark.reducer.maxBlocksInFlightPerAddress": 1390098934.24638, "spark.reducer.maxReqsInFlight": 1468306262.470252, "spark.reducer.maxSizeInFlight": 47.3674478692735, "spark.scheduler.mode": 0.4883777985774538, "spark.scheduler.revive.interval": 640.9964137751322, "spark.shuffle.compress": 0.3100617977024831, "spark.shuffle.file.buffer": 27.370036323081575, "spark.shuffle.io.numConnectionsPerPeer": 3.8212935515454154, "spark.shuffle.sort.bypassMergeThreshold": 100.27648482107323, "spark.storage.memoryFraction": 0.8656186450387368, "spark.storage.memoryMapThreshold": 2.758814415119902}, "datetime": {"datetime": "2022-02-12 15:40:47", "elapsed": 8589.977071, "delta": 288.092571}}
{"target": -281.955, "params": {"spark.broadcast.blockSize": 49.325247322678045, "spark.broadcast.checksum": 0.20541293655467552, "spark.broadcast.compress": 0.6265625144897846, "spark.default.parallelism": 277.41572880313294, "spark.executor.cores": 6.178224638848894, "spark.executor.instances": 8.387777794061169, "spark.executor.memory": 12.914163130648863, "spark.executor.memoryOverhead": 485.8034696283197, "spark.kryoserializer.buffer": 53.07097625025554, "spark.kryoserializer.buffer.max": 84.99292067957653, "spark.locality.wait": 6.440376382409373, "spark.maxRemoteBlockSizeFetchToMem": 1950041845.7487674, "spark.memory.fraction": 0.8093137782568629, "spark.memory.offHeap.enabled": 0.5072351568035396, "spark.memory.offHeap.size": 718.0346204848639, "spark.memory.storageFraction": 0.6708622931557348, "spark.rdd.compress": 0.31862825698769703, "spark.reducer.maxBlocksInFlightPerAddress": 1769334255.0394683, "spark.reducer.maxReqsInFlight": 1653261415.9617343, "spark.reducer.maxSizeInFlight": 61.855540245981025, "spark.scheduler.mode": 0.7418615952060081, "spark.scheduler.revive.interval": 914.4457072110275, "spark.shuffle.compress": 0.4494659380184267, "spark.shuffle.file.buffer": 43.25029244397539, "spark.shuffle.io.numConnectionsPerPeer": 1.972775716849295, "spark.shuffle.sort.bypassMergeThreshold": 233.31412489354264, "spark.storage.memoryFraction": 0.8459377188625485, "spark.storage.memoryMapThreshold": 4.93330225549673}, "datetime": {"datetime": "2022-02-12 15:45:37", "elapsed": 8880.787899, "delta": 290.810828}}
