{"target": -268.93, "params": {"spark.broadcast.blockSize": 57.33707763475402, "spark.broadcast.checksum": 0.9245657700218858, "spark.broadcast.compress": 0.9888288437691605, "spark.default.parallelism": 322.4215323163378, "spark.executor.cores": 6.568280476303961, "spark.executor.instances": 12.096385246098855, "spark.executor.memory": 13.883108994144138, "spark.executor.memoryOverhead": 588.3603942898947, "spark.kryoserializer.buffer": 66.01020428065134, "spark.kryoserializer.buffer.max": 82.07604947093442, "spark.locality.wait": 3.1093745893535902, "spark.maxRemoteBlockSizeFetchToMem": 1716550805.2118824, "spark.memory.fraction": 0.7873328540815796, "spark.memory.offHeap.enabled": 0.5523916427052816, "spark.memory.offHeap.size": 281.00289908360435, "spark.memory.storageFraction": 0.548229598861433, "spark.rdd.compress": 0.709928924705529, "spark.reducer.maxBlocksInFlightPerAddress": 1995390176.0977354, "spark.reducer.maxReqsInFlight": 1236341955.8896554, "spark.reducer.maxSizeInFlight": 45.3486015909263, "spark.scheduler.mode": 0.8266226303458643, "spark.scheduler.revive.interval": 597.0282278066745, "spark.shuffle.compress": 0.8926485336722979, "spark.shuffle.file.buffer": 32.91825872363203, "spark.shuffle.io.numConnectionsPerPeer": 2.9783807430434073, "spark.shuffle.sort.bypassMergeThreshold": 365.8508225561431, "spark.storage.memoryFraction": 0.8603030158927274, "spark.storage.memoryMapThreshold": 6.730699578098764}, "datetime": {"datetime": "2022-02-12 15:50:15", "elapsed": 9158.490258, "delta": 277.702359}}
{"target": -258.374, "params": {"spark.broadcast.blockSize": 22.787805681609104, "spark.broadcast.checksum": 0.05549831594870125, "spark.broadcast.compress": 0.5133880123560002, "spark.default.parallelism": 227.45714794048644, "spark.executor.cores": 5.650057456990454, "spark.executor.instances": 11.723725280238295, "spark.executor.memory": 13.001558678160679, "spark.executor.memoryOverhead": 519.122474087382, "spark.kryoserializer.buffer": 55.91468493877514, "spark.kryoserializer.buffer.max": 90.56320179345104, "spark.locality.wait": 2.455468004953174, "spark.maxRemoteBlockSizeFetchToMem": 1826110546.713111, "spark.memory.fraction": 0.8520291558502807, "spark.memory.offHeap.enabled": 0.9195494461454011, "spark.memory.offHeap.size": 612.6924510707681, "spark.memory.storageFraction": 0.6849906529098235, "spark.rdd.compress": 0.3962063142380492, "spark.reducer.maxBlocksInFlightPerAddress": 2138922767.2256646, "spark.reducer.maxReqsInFlight": 1784343062.6543515, "spark.reducer.maxSizeInFlight": 38.235458353292344, "spark.scheduler.mode": 0.951890401937964, "spark.scheduler.revive.interval": 553.9864694499084, "spark.shuffle.compress": 0.6063213350989048, "spark.shuffle.file.buffer": 31.746207886378215, "spark.shuffle.io.numConnectionsPerPeer": 2.368144637057759, "spark.shuffle.sort.bypassMergeThreshold": 143.36056289912483, "spark.storage.memoryFraction": 0.848841466205786, "spark.storage.memoryMapThreshold": 4.287375543918634}, "datetime": {"datetime": "2022-02-12 15:54:42", "elapsed": 9425.715536, "delta": 267.225278}}
{"target": -260.423, "params": {"spark.broadcast.blockSize": 22.07601314600807, "spark.broadcast.checksum": 0.9531906727852257, "spark.broadcast.compress": 0.9327127767333893, "spark.default.parallelism": 236.31894420226564, "spark.executor.cores": 4.294002825824595, "spark.executor.instances": 8.832146738689396, "spark.executor.memory": 12.27716461964887, "spark.executor.memoryOverhead": 516.7794274706613, "spark.kryoserializer.buffer": 36.49406877877872, "spark.kryoserializer.buffer.max": 63.17063796467337, "spark.locality.wait": 6.172696538731406, "spark.maxRemoteBlockSizeFetchToMem": 1742777143.8838239, "spark.memory.fraction": 0.8863948459787954, "spark.memory.offHeap.enabled": 0.45652949206826743, "spark.memory.offHeap.size": 607.8270154306256, "spark.memory.storageFraction": 0.7186521402251386, "spark.rdd.compress": 0.2274913149880038, "spark.reducer.maxBlocksInFlightPerAddress": 1802466033.5883274, "spark.reducer.maxReqsInFlight": 1323487939.927391, "spark.reducer.maxSizeInFlight": 28.90933623621143, "spark.scheduler.mode": 0.5300991609802884, "spark.scheduler.revive.interval": 525.7433365820809, "spark.shuffle.compress": 0.7482433541112369, "spark.shuffle.file.buffer": 38.83084196746093, "spark.shuffle.io.numConnectionsPerPeer": 3.3293830429121742, "spark.shuffle.sort.bypassMergeThreshold": 306.7966205129237, "spark.storage.memoryFraction": 0.8693610613577185, "spark.storage.memoryMapThreshold": 8.4636391563998}, "datetime": {"datetime": "2022-02-12 15:59:12", "elapsed": 9694.836306, "delta": 269.12077}}
{"target": -271.313, "params": {"spark.broadcast.blockSize": 58.77822125445718, "spark.broadcast.checksum": 0.7552939444657455, "spark.broadcast.compress": 0.3718631281795448, "spark.default.parallelism": 214.4857239245441, "spark.executor.cores": 6.496363774350104, "spark.executor.instances": 9.952580348669631, "spark.executor.memory": 13.899693077657489, "spark.executor.memoryOverhead": 1168.630286277461, "spark.kryoserializer.buffer": 32.88205055927192, "spark.kryoserializer.buffer.max": 67.38145159145584, "spark.locality.wait": 2.913230720683183, "spark.maxRemoteBlockSizeFetchToMem": 1729034927.2270837, "spark.memory.fraction": 0.7640477938556943, "spark.memory.offHeap.enabled": 0.8051976811325315, "spark.memory.offHeap.size": 780.192548554254, "spark.memory.storageFraction": 0.6355668090774262, "spark.rdd.compress": 0.3663207169144458, "spark.reducer.maxBlocksInFlightPerAddress": 1698438895.2404504, "spark.reducer.maxReqsInFlight": 1319584946.0877037, "spark.reducer.maxSizeInFlight": 40.725848448882886, "spark.scheduler.mode": 0.1817677258691348, "spark.scheduler.revive.interval": 585.700649456029, "spark.shuffle.compress": 0.6513270176982529, "spark.shuffle.file.buffer": 38.07580920978414, "spark.shuffle.io.numConnectionsPerPeer": 1.8716869647835956, "spark.shuffle.sort.bypassMergeThreshold": 194.54476837001687, "spark.storage.memoryFraction": 0.8847197359604526, "spark.storage.memoryMapThreshold": 3.8744915972248926}, "datetime": {"datetime": "2022-02-12 16:03:52", "elapsed": 9974.985084, "delta": 280.148778}}
{"target": -262.538, "params": {"spark.broadcast.blockSize": 60.46968173386435, "spark.broadcast.checksum": 0.48359534648098135, "spark.broadcast.compress": 0.6221874639225049, "spark.default.parallelism": 267.5647145406164, "spark.executor.cores": 6.73766413550798, "spark.executor.instances": 8.968775015792053, "spark.executor.memory": 13.97445827966444, "spark.executor.memoryOverhead": 935.163374679798, "spark.kryoserializer.buffer": 34.97085473003383, "spark.kryoserializer.buffer.max": 85.32540152426401, "spark.locality.wait": 1.3383180066558116, "spark.maxRemoteBlockSizeFetchToMem": 1200923761.4683657, "spark.memory.fraction": 0.6940892933458059, "spark.memory.offHeap.enabled": 0.8803157788415573, "spark.memory.offHeap.size": 586.4591273962159, "spark.memory.storageFraction": 0.7647913847106137, "spark.rdd.compress": 0.19404243334027982, "spark.reducer.maxBlocksInFlightPerAddress": 2126810010.0048075, "spark.reducer.maxReqsInFlight": 1549833678.1099224, "spark.reducer.maxSizeInFlight": 64.36566495048876, "spark.scheduler.mode": 0.7883169327435573, "spark.scheduler.revive.interval": 511.1927458681828, "spark.shuffle.compress": 0.9031956024104136, "spark.shuffle.file.buffer": 28.564716133430796, "spark.shuffle.io.numConnectionsPerPeer": 2.6733322792563325, "spark.shuffle.sort.bypassMergeThreshold": 194.24703654608777, "spark.storage.memoryFraction": 0.8910843698423278, "spark.storage.memoryMapThreshold": 8.698865502575055}, "datetime": {"datetime": "2022-02-12 16:08:23", "elapsed": 10246.383001, "delta": 271.397917}}
{"target": -291.381, "params": {"spark.broadcast.blockSize": 44.038308109868886, "spark.broadcast.checksum": 0.8181699751912592, "spark.broadcast.compress": 0.8930833454320408, "spark.default.parallelism": 332.0927396784272, "spark.executor.cores": 6.194823081174682, "spark.executor.instances": 8.790807332846885, "spark.executor.memory": 13.90063024702873, "spark.executor.memoryOverhead": 513.6625338692469, "spark.kryoserializer.buffer": 66.43699018010625, "spark.kryoserializer.buffer.max": 68.30363019016602, "spark.locality.wait": 4.389640171882137, "spark.maxRemoteBlockSizeFetchToMem": 1992147564.632056, "spark.memory.fraction": 0.8708067932425088, "spark.memory.offHeap.enabled": 0.5939124090202014, "spark.memory.offHeap.size": 556.302426787001, "spark.memory.storageFraction": 0.7224519371595938, "spark.rdd.compress": 0.0183736916449021, "spark.reducer.maxBlocksInFlightPerAddress": 1725845010.0080543, "spark.reducer.maxReqsInFlight": 1644995993.551395, "spark.reducer.maxSizeInFlight": 71.97415607352102, "spark.scheduler.mode": 0.31243320578494527, "spark.scheduler.revive.interval": 649.2157688479597, "spark.shuffle.compress": 0.48237278109537074, "spark.shuffle.file.buffer": 28.765332125484004, "spark.shuffle.io.numConnectionsPerPeer": 1.7587439379982426, "spark.shuffle.sort.bypassMergeThreshold": 227.541099107385, "spark.storage.memoryFraction": 0.6613608485031579, "spark.storage.memoryMapThreshold": 5.809361810549342}, "datetime": {"datetime": "2022-02-12 16:13:23", "elapsed": 10546.567118, "delta": 300.184117}}
{"target": -249.252, "params": {"spark.broadcast.blockSize": 44.790037753854165, "spark.broadcast.checksum": 0.5818544904952923, "spark.broadcast.compress": 0.07123894823856758, "spark.default.parallelism": 278.2469935556793, "spark.executor.cores": 4.9366746178892535, "spark.executor.instances": 9.460042899456559, "spark.executor.memory": 13.705527074581141, "spark.executor.memoryOverhead": 1014.0132407906001, "spark.kryoserializer.buffer": 51.68004652368542, "spark.kryoserializer.buffer.max": 103.80777676564986, "spark.locality.wait": 3.8466842261359733, "spark.maxRemoteBlockSizeFetchToMem": 2104864124.8205655, "spark.memory.fraction": 0.7472552637864899, "spark.memory.offHeap.enabled": 0.2553646420547916, "spark.memory.offHeap.size": 830.5704358325007, "spark.memory.storageFraction": 0.7176195646895975, "spark.rdd.compress": 0.3509545302325875, "spark.reducer.maxBlocksInFlightPerAddress": 1778414160.078402, "spark.reducer.maxReqsInFlight": 1101376722.512731, "spark.reducer.maxSizeInFlight": 62.74313747225068, "spark.scheduler.mode": 0.5932053249283176, "spark.scheduler.revive.interval": 712.3714028017928, "spark.shuffle.compress": 0.637351892992418, "spark.shuffle.file.buffer": 29.834192727568944, "spark.shuffle.io.numConnectionsPerPeer": 4.648261400727624, "spark.shuffle.sort.bypassMergeThreshold": 270.18260410014915, "spark.storage.memoryFraction": 0.8705839914121638, "spark.storage.memoryMapThreshold": 4.792935422490264}, "datetime": {"datetime": "2022-02-12 16:17:41", "elapsed": 10804.672513, "delta": 258.105395}}
{"target": -249.252, "params": {"spark.broadcast.blockSize": 60.363439755628654, "spark.broadcast.checksum": 0.7079944291592368, "spark.broadcast.compress": 0.2905267152888885, "spark.default.parallelism": 206.32300466141766, "spark.executor.cores": 4.468411019590444, "spark.executor.instances": 9.24692315612068, "spark.executor.memory": 13.374275801418912, "spark.executor.memoryOverhead": 793.4081599965821, "spark.kryoserializer.buffer": 50.92640851656088, "spark.kryoserializer.buffer.max": 96.81036295487422, "spark.locality.wait": 2.8707743395376566, "spark.maxRemoteBlockSizeFetchToMem": 1298292266.000557, "spark.memory.fraction": 0.8673829734738603, "spark.memory.offHeap.enabled": 0.5125452569674503, "spark.memory.offHeap.size": 903.1989794480426, "spark.memory.storageFraction": 0.6253171540595683, "spark.rdd.compress": 0.22944854064562414, "spark.reducer.maxBlocksInFlightPerAddress": 1737053124.1530209, "spark.reducer.maxReqsInFlight": 1560392450.2926836, "spark.reducer.maxSizeInFlight": 59.617073398109106, "spark.scheduler.mode": 0.4762473264567755, "spark.scheduler.revive.interval": 582.9626409414957, "spark.shuffle.compress": 0.427361787730578, "spark.shuffle.file.buffer": 35.66669257355758, "spark.shuffle.io.numConnectionsPerPeer": 4.473894744311531, "spark.shuffle.sort.bypassMergeThreshold": 409.51693218879785, "spark.storage.memoryFraction": 0.8611310573282563, "spark.storage.memoryMapThreshold": 3.942029214038068}, "datetime": {"datetime": "2022-02-12 17:05:08", "elapsed": 13651.677031, "delta": 2847.004518}}
{"target": -257.505, "params": {"spark.broadcast.blockSize": 33.647479501264144, "spark.broadcast.checksum": 0.10094717594181535, "spark.broadcast.compress": 0.6723627469293052, "spark.default.parallelism": 314.24576415437616, "spark.executor.cores": 4.696787821150351, "spark.executor.instances": 9.188363292344324, "spark.executor.memory": 13.537597773133303, "spark.executor.memoryOverhead": 927.936479494216, "spark.kryoserializer.buffer": 97.36516142722196, "spark.kryoserializer.buffer.max": 42.64239993512018, "spark.locality.wait": 3.622424728898138, "spark.maxRemoteBlockSizeFetchToMem": 1746038145.8781466, "spark.memory.fraction": 0.851734370551841, "spark.memory.offHeap.enabled": 0.7274591218469751, "spark.memory.offHeap.size": 908.5202720653643, "spark.memory.storageFraction": 0.6731542904508145, "spark.rdd.compress": 0.27847771416100775, "spark.reducer.maxBlocksInFlightPerAddress": 1670211234.8958292, "spark.reducer.maxReqsInFlight": 1471491457.574224, "spark.reducer.maxSizeInFlight": 62.94194147666878, "spark.scheduler.mode": 0.6039120415016587, "spark.scheduler.revive.interval": 707.7191829706129, "spark.shuffle.compress": 0.9301342612392848, "spark.shuffle.file.buffer": 18.074382619020085, "spark.shuffle.io.numConnectionsPerPeer": 2.27406094944374, "spark.shuffle.sort.bypassMergeThreshold": 250.2764930648196, "spark.storage.memoryFraction": 0.8933100140715857, "spark.storage.memoryMapThreshold": 6.460967105013394}, "datetime": {"datetime": "2022-02-12 17:09:35", "elapsed": 13917.925508, "delta": 266.248477}}
{"target": -265.532, "params": {"spark.broadcast.blockSize": 33.36776847402854, "spark.broadcast.checksum": 0.7271974887168848, "spark.broadcast.compress": 0.3125264038346016, "spark.default.parallelism": 210.41161520172625, "spark.executor.cores": 6.312964804824636, "spark.executor.instances": 10.226246692091447, "spark.executor.memory": 13.890839640904149, "spark.executor.memoryOverhead": 744.9522801217088, "spark.kryoserializer.buffer": 111.03302412666467, "spark.kryoserializer.buffer.max": 70.09940379741852, "spark.locality.wait": 3.3185009385676136, "spark.maxRemoteBlockSizeFetchToMem": 1546256959.878881, "spark.memory.fraction": 0.6153942682828328, "spark.memory.offHeap.enabled": 0.03623930546797072, "spark.memory.offHeap.size": 391.7197858600889, "spark.memory.storageFraction": 0.8064131965154775, "spark.rdd.compress": 0.2844205949149735, "spark.reducer.maxBlocksInFlightPerAddress": 1789658247.1719747, "spark.reducer.maxReqsInFlight": 1677998358.311607, "spark.reducer.maxSizeInFlight": 47.056618692025296, "spark.scheduler.mode": 0.9913157575852108, "spark.scheduler.revive.interval": 553.469445671995, "spark.shuffle.compress": 0.9177270174034293, "spark.shuffle.file.buffer": 30.48643438775023, "spark.shuffle.io.numConnectionsPerPeer": 3.330954073256391, "spark.shuffle.sort.bypassMergeThreshold": 279.7133319955593, "spark.storage.memoryFraction": 0.8870198861062457, "spark.storage.memoryMapThreshold": 5.755684978523545}, "datetime": {"datetime": "2022-02-12 17:14:09", "elapsed": 14192.377711, "delta": 274.452203}}
{"target": -255.681, "params": {"spark.broadcast.blockSize": 21.583686457691737, "spark.broadcast.checksum": 0.8697311297220197, "spark.broadcast.compress": 0.6326616068589987, "spark.default.parallelism": 380.0187738540075, "spark.executor.cores": 4.78565480119576, "spark.executor.instances": 9.550773481527468, "spark.executor.memory": 13.86186981439921, "spark.executor.memoryOverhead": 533.717503593656, "spark.kryoserializer.buffer": 98.86098291365204, "spark.kryoserializer.buffer.max": 92.77393712780852, "spark.locality.wait": 2.2530838521176486, "spark.maxRemoteBlockSizeFetchToMem": 1557408346.6668482, "spark.memory.fraction": 0.7849022883284844, "spark.memory.offHeap.enabled": 0.33602534657659655, "spark.memory.offHeap.size": 802.3887778622279, "spark.memory.storageFraction": 0.6168927289047368, "spark.rdd.compress": 0.6113437817006111, "spark.reducer.maxBlocksInFlightPerAddress": 1429513061.9003527, "spark.reducer.maxReqsInFlight": 1274746734.2721596, "spark.reducer.maxSizeInFlight": 37.9673944501164, "spark.scheduler.mode": 0.9997700587274431, "spark.scheduler.revive.interval": 654.2715888834691, "spark.shuffle.compress": 0.5318573878657361, "spark.shuffle.file.buffer": 28.41592706246699, "spark.shuffle.io.numConnectionsPerPeer": 2.7352376922728125, "spark.shuffle.sort.bypassMergeThreshold": 447.33857966886444, "spark.storage.memoryFraction": 0.8467187388471493, "spark.storage.memoryMapThreshold": 7.8880105856885}, "datetime": {"datetime": "2022-02-12 17:18:33", "elapsed": 14456.816477, "delta": 264.438766}}
{"target": -271.846, "params": {"spark.broadcast.blockSize": 39.618532570216395, "spark.broadcast.checksum": 0.7715230803847914, "spark.broadcast.compress": 0.04674630470819896, "spark.default.parallelism": 237.3928228706822, "spark.executor.cores": 4.31646146786853, "spark.executor.instances": 9.818897853429078, "spark.executor.memory": 13.840823215189449, "spark.executor.memoryOverhead": 462.51667489207784, "spark.kryoserializer.buffer": 64.29201523662968, "spark.kryoserializer.buffer.max": 118.50853192386448, "spark.locality.wait": 3.7168470062347243, "spark.maxRemoteBlockSizeFetchToMem": 1802081889.1234546, "spark.memory.fraction": 0.729768189329147, "spark.memory.offHeap.enabled": 0.13171533833163673, "spark.memory.offHeap.size": 959.7093854753289, "spark.memory.storageFraction": 0.6255275158533364, "spark.rdd.compress": 0.4632228527548856, "spark.reducer.maxBlocksInFlightPerAddress": 1579895076.961719, "spark.reducer.maxReqsInFlight": 1376828936.9707196, "spark.reducer.maxSizeInFlight": 36.71213512580898, "spark.scheduler.mode": 0.878080553596566, "spark.scheduler.revive.interval": 717.8981409050286, "spark.shuffle.compress": 0.3486747937291075, "spark.shuffle.file.buffer": 38.64121698464335, "spark.shuffle.io.numConnectionsPerPeer": 3.9294084035269785, "spark.shuffle.sort.bypassMergeThreshold": 281.05457620048236, "spark.storage.memoryFraction": 0.8127240642924904, "spark.storage.memoryMapThreshold": 5.755789983677109}, "datetime": {"datetime": "2022-02-12 17:23:14", "elapsed": 14737.719171, "delta": 280.902694}}
{"target": -311.353, "params": {"spark.broadcast.blockSize": 33.72732856357652, "spark.broadcast.checksum": 0.9397298730074114, "spark.broadcast.compress": 0.7833905076292214, "spark.default.parallelism": 395.43168941721706, "spark.executor.cores": 5.707594109172063, "spark.executor.instances": 9.281327093471548, "spark.executor.memory": 13.650274566123203, "spark.executor.memoryOverhead": 851.8299887168519, "spark.kryoserializer.buffer": 103.45961570428376, "spark.kryoserializer.buffer.max": 97.8032473726397, "spark.locality.wait": 3.249056447270563, "spark.maxRemoteBlockSizeFetchToMem": 1563811651.2176332, "spark.memory.fraction": 0.852606639998118, "spark.memory.offHeap.enabled": 0.6060495974294925, "spark.memory.offHeap.size": 1000.6223873999768, "spark.memory.storageFraction": 0.5945960752157603, "spark.rdd.compress": 0.8250990818061995, "spark.reducer.maxBlocksInFlightPerAddress": 1906292899.8026426, "spark.reducer.maxReqsInFlight": 1203629792.622014, "spark.reducer.maxSizeInFlight": 28.96415811538099, "spark.scheduler.mode": 0.7626200489548471, "spark.scheduler.revive.interval": 555.0107923205303, "spark.shuffle.compress": 0.10290280039067212, "spark.shuffle.file.buffer": 27.825982026925153, "spark.shuffle.io.numConnectionsPerPeer": 1.951630235807384, "spark.shuffle.sort.bypassMergeThreshold": 253.76727759209595, "spark.storage.memoryFraction": 0.8547010990649969, "spark.storage.memoryMapThreshold": 8.379963039082327}, "datetime": {"datetime": "2022-02-12 17:28:35", "elapsed": 15057.878588, "delta": 320.159417}}
{"target": -287.093, "params": {"spark.broadcast.blockSize": 43.251449526435024, "spark.broadcast.checksum": 0.43657207892724237, "spark.broadcast.compress": 0.22848602593502143, "spark.default.parallelism": 260.2946426030646, "spark.executor.cores": 6.1974169101467265, "spark.executor.instances": 9.421262468104933, "spark.executor.memory": 13.884709434217584, "spark.executor.memoryOverhead": 636.7787731278718, "spark.kryoserializer.buffer": 66.58964037897492, "spark.kryoserializer.buffer.max": 69.53774536806483, "spark.locality.wait": 3.813007889249147, "spark.maxRemoteBlockSizeFetchToMem": 2040826563.4631712, "spark.memory.fraction": 0.6994869808855141, "spark.memory.offHeap.enabled": 0.3444584469479599, "spark.memory.offHeap.size": 632.8732870210436, "spark.memory.storageFraction": 0.6436665006744136, "spark.rdd.compress": 0.2778975346929977, "spark.reducer.maxBlocksInFlightPerAddress": 1318237826.0952253, "spark.reducer.maxReqsInFlight": 1558064152.557393, "spark.reducer.maxSizeInFlight": 55.57631846903472, "spark.scheduler.mode": 0.6548220846484373, "spark.scheduler.revive.interval": 782.5459696746634, "spark.shuffle.compress": 0.2323257663540632, "spark.shuffle.file.buffer": 26.273158078626327, "spark.shuffle.io.numConnectionsPerPeer": 2.572896765004079, "spark.shuffle.sort.bypassMergeThreshold": 422.20166352011046, "spark.storage.memoryFraction": 0.8454731792631576, "spark.storage.memoryMapThreshold": 8.521638188016299}, "datetime": {"datetime": "2022-02-12 17:33:30", "elapsed": 15353.726199, "delta": 295.847611}}
