{"target": -2086.412, "params": {"spark.broadcast.blockSize": 54.885479689660336, "spark.broadcast.checksum": 0.07759624022447043, "spark.broadcast.compress": 0.05649545332237349, "spark.default.parallelism": 295.8049518315805, "spark.executor.cores": 4.285820709013699, "spark.executor.instances": 8.903624562230119, "spark.executor.memory": 8.881805059127732, "spark.executor.memoryOverhead": 1023.683063466983, "spark.kryoserializer.buffer": 62.44452567098229, "spark.kryoserializer.buffer.max": 112.45606504375425, "spark.locality.wait": 8.766285541920128, "spark.maxRemoteBlockSizeFetchToMem": 1244946081.4700243, "spark.memory.fraction": 0.5388318805960375, "spark.memory.offHeap.enabled": 0.17603296124801615, "spark.memory.offHeap.size": 579.756727616615, "spark.memory.storageFraction": 0.8651057076789355, "spark.rdd.compress": 0.022682316337294894, "spark.reducer.maxBlocksInFlightPerAddress": 1188937710.3115823, "spark.reducer.maxReqsInFlight": 1236588195.3488975, "spark.reducer.maxSizeInFlight": 58.350075900279684, "spark.scheduler.mode": 0.5530276259706864, "spark.scheduler.revive.interval": 674.8806183488994, "spark.shuffle.compress": 0.49353988202674304, "spark.shuffle.file.buffer": 45.63443974091823, "spark.shuffle.io.numConnectionsPerPeer": 4.170085958536504, "spark.shuffle.sort.bypassMergeThreshold": 282.2065907548366, "spark.storage.memoryMapThreshold": 4.2048214914405}, "datetime": {"datetime": "2022-02-23 03:09:23", "elapsed": 8616.215632, "delta": 2094.911989}}
{"target": -525.504, "params": {"spark.broadcast.blockSize": 24.77839586808909, "spark.broadcast.checksum": 0.32341521149037566, "spark.broadcast.compress": 0.9597651686632407, "spark.default.parallelism": 380.62343164055596, "spark.executor.cores": 5.274530819650056, "spark.executor.instances": 9.82384500122061, "spark.executor.memory": 8.472562733902807, "spark.executor.memoryOverhead": 1159.5292882399672, "spark.kryoserializer.buffer": 43.08837677244712, "spark.kryoserializer.buffer.max": 82.81377209724762, "spark.locality.wait": 4.560653507886062, "spark.maxRemoteBlockSizeFetchToMem": 2071822519.8778567, "spark.memory.fraction": 0.6659493509909808, "spark.memory.offHeap.enabled": 0.42028139006258314, "spark.memory.offHeap.size": 444.7301324873067, "spark.memory.storageFraction": 0.6386605360781497, "spark.rdd.compress": 0.2924331969456775, "spark.reducer.maxBlocksInFlightPerAddress": 1853455251.8501015, "spark.reducer.maxReqsInFlight": 2065833097.3886096, "spark.reducer.maxSizeInFlight": 52.0668913770881, "spark.scheduler.mode": 0.5806517283775018, "spark.scheduler.revive.interval": 668.2677637013444, "spark.shuffle.compress": 0.5976157709226132, "spark.shuffle.file.buffer": 29.26350589742893, "spark.shuffle.io.numConnectionsPerPeer": 2.8585757339450346, "spark.shuffle.sort.bypassMergeThreshold": 195.70112889340945, "spark.storage.memoryMapThreshold": 3.5361952859078736}, "datetime": {"datetime": "2022-02-23 03:18:17", "elapsed": 9150.269733, "delta": 534.054101}}
{"target": -1582.191, "params": {"spark.broadcast.blockSize": 40.82250847772891, "spark.broadcast.checksum": 0.007358100170029469, "spark.broadcast.compress": 0.21403117522818693, "spark.default.parallelism": 352.678719543845, "spark.executor.cores": 4.853802792902811, "spark.executor.instances": 10.391682683160594, "spark.executor.memory": 8.840724726928572, "spark.executor.memoryOverhead": 572.1158149784445, "spark.kryoserializer.buffer": 58.67777742856431, "spark.kryoserializer.buffer.max": 71.20789047561652, "spark.locality.wait": 3.0152120306937436, "spark.maxRemoteBlockSizeFetchToMem": 1508403133.610001, "spark.memory.fraction": 0.6801471991437428, "spark.memory.offHeap.enabled": 0.5968901600360663, "spark.memory.offHeap.size": 605.1534518339081, "spark.memory.storageFraction": 0.6272885199651823, "spark.rdd.compress": 0.20493446599019105, "spark.reducer.maxBlocksInFlightPerAddress": 1686480655.899736, "spark.reducer.maxReqsInFlight": 1556077097.2019863, "spark.reducer.maxSizeInFlight": 71.9628044649972, "spark.scheduler.mode": 0.6815322865064375, "spark.scheduler.revive.interval": 629.7518328840474, "spark.shuffle.compress": 0.8215259119988865, "spark.shuffle.file.buffer": 25.463532556032774, "spark.shuffle.io.numConnectionsPerPeer": 2.044627480053817, "spark.shuffle.sort.bypassMergeThreshold": 490.82660000675696, "spark.storage.memoryMapThreshold": 3.736302550825703}, "datetime": {"datetime": "2022-02-23 03:29:28", "elapsed": 18466.501668, "delta": 1590.790379}}
{"target": -670.422, "params": {"spark.broadcast.blockSize": 62.67966374300152, "spark.broadcast.checksum": 0.46853171519954995, "spark.broadcast.compress": 0.6211949908937385, "spark.default.parallelism": 372.1019259118276, "spark.executor.cores": 6.476886696131309, "spark.executor.instances": 11.062328637181244, "spark.executor.memory": 10.349207477806452, "spark.executor.memoryOverhead": 516.3034184112548, "spark.kryoserializer.buffer": 118.14256151109927, "spark.kryoserializer.buffer.max": 60.62787960716942, "spark.locality.wait": 2.832764280355763, "spark.maxRemoteBlockSizeFetchToMem": 2084107702.8596716, "spark.memory.fraction": 0.5696856144386409, "spark.memory.offHeap.enabled": 0.7573614638880247, "spark.memory.offHeap.size": 366.8154124723941, "spark.memory.storageFraction": 0.7767355564642342, "spark.rdd.compress": 0.339449153844838, "spark.reducer.maxBlocksInFlightPerAddress": 2125275307.810009, "spark.reducer.maxReqsInFlight": 1086573551.486214, "spark.reducer.maxSizeInFlight": 66.26893476909402, "spark.scheduler.mode": 0.44087855481674254, "spark.scheduler.revive.interval": 830.5609625187468, "spark.shuffle.compress": 0.801530528874043, "spark.shuffle.file.buffer": 23.953484464917867, "spark.shuffle.io.numConnectionsPerPeer": 4.204813183505644, "spark.shuffle.sort.bypassMergeThreshold": 411.7663522675286, "spark.storage.memoryMapThreshold": 9.72347593451662}, "datetime": {"datetime": "2022-02-23 03:40:47", "elapsed": 19145.286656, "delta": 678.784988}}
{"target": -887.931, "params": {"spark.broadcast.blockSize": 55.083354460286536, "spark.broadcast.checksum": 0.4026662873315393, "spark.broadcast.compress": 0.4028879938649803, "spark.default.parallelism": 339.0778428218923, "spark.executor.cores": 5.6509439343905115, "spark.executor.instances": 8.982724567972017, "spark.executor.memory": 9.054767022997739, "spark.executor.memoryOverhead": 1039.6503612367053, "spark.kryoserializer.buffer": 112.66875083160882, "spark.kryoserializer.buffer.max": 67.92784991150961, "spark.locality.wait": 7.421578149944073, "spark.maxRemoteBlockSizeFetchToMem": 1323907564.9275925, "spark.memory.fraction": 0.6247540221245578, "spark.memory.offHeap.enabled": 0.24115458251113076, "spark.memory.offHeap.size": 686.5669685792489, "spark.memory.storageFraction": 0.676078949272585, "spark.rdd.compress": 0.3464255381468919, "spark.reducer.maxBlocksInFlightPerAddress": 1658631212.0394678, "spark.reducer.maxReqsInFlight": 1326614194.8388197, "spark.reducer.maxSizeInFlight": 67.48298776848318, "spark.scheduler.mode": 0.6564825787344587, "spark.scheduler.revive.interval": 732.7475970255341, "spark.shuffle.compress": 0.6279014238045982, "spark.shuffle.file.buffer": 39.47707893876345, "spark.shuffle.io.numConnectionsPerPeer": 2.711864691152965, "spark.shuffle.sort.bypassMergeThreshold": 446.19906436622864, "spark.storage.memoryMapThreshold": 3.8681568340464274}, "datetime": {"datetime": "2022-02-23 03:55:43", "elapsed": 20041.468016, "delta": 896.18136}}
{"target": -265.55, "params": {"spark.broadcast.blockSize": 44.807735570709426, "spark.broadcast.checksum": 0.23132842482362226, "spark.broadcast.compress": 0.2705168883322766, "spark.default.parallelism": 357.62693281780383, "spark.executor.cores": 5.110705071237341, "spark.executor.instances": 8.944912377851955, "spark.executor.memory": 10.556635311548025, "spark.executor.memoryOverhead": 735.8165151818877, "spark.kryoserializer.buffer": 123.00070191691762, "spark.kryoserializer.buffer.max": 45.11687902843875, "spark.locality.wait": 6.063190204601422, "spark.maxRemoteBlockSizeFetchToMem": 1810840638.5001087, "spark.memory.fraction": 0.5718671227144282, "spark.memory.offHeap.enabled": 0.5283264194685088, "spark.memory.offHeap.size": 676.6789462921034, "spark.memory.storageFraction": 0.7649022836259716, "spark.rdd.compress": 0.5589826276931104, "spark.reducer.maxBlocksInFlightPerAddress": 1245505176.155067, "spark.reducer.maxReqsInFlight": 1509059064.3718114, "spark.reducer.maxSizeInFlight": 71.33232116500048, "spark.scheduler.mode": 0.3473458332871857, "spark.scheduler.revive.interval": 716.6266071125906, "spark.shuffle.compress": 0.8446118261137003, "spark.shuffle.file.buffer": 35.685996559184765, "spark.shuffle.io.numConnectionsPerPeer": 2.690549553913062, "spark.shuffle.sort.bypassMergeThreshold": 466.0853882332499, "spark.storage.memoryMapThreshold": 6.981158034790711}, "datetime": {"datetime": "2022-02-23 04:00:17", "elapsed": 20315.675053, "delta": 274.207037}}
{"target": -260.371, "params": {"spark.broadcast.blockSize": 54.57384237044358, "spark.broadcast.checksum": 0.07153110900452686, "spark.broadcast.compress": 0.8395119679593973, "spark.default.parallelism": 409.1003144189531, "spark.executor.cores": 4.673119303392109, "spark.executor.instances": 13.396378460464867, "spark.executor.memory": 11.598489635885427, "spark.executor.memoryOverhead": 715.8628542903135, "spark.kryoserializer.buffer": 109.86100417799793, "spark.kryoserializer.buffer.max": 77.80222893710925, "spark.locality.wait": 4.219069324711656, "spark.maxRemoteBlockSizeFetchToMem": 2013635036.4762297, "spark.memory.fraction": 0.7057418099164087, "spark.memory.offHeap.enabled": 0.05724630804346775, "spark.memory.offHeap.size": 830.615326938874, "spark.memory.storageFraction": 0.76239479500816, "spark.rdd.compress": 0.7462643120681219, "spark.reducer.maxBlocksInFlightPerAddress": 1489965294.5217056, "spark.reducer.maxReqsInFlight": 1200742401.1042418, "spark.reducer.maxSizeInFlight": 61.8179725235429, "spark.scheduler.mode": 0.27936167327159867, "spark.scheduler.revive.interval": 775.3166833748029, "spark.shuffle.compress": 0.6932980449704103, "spark.shuffle.file.buffer": 25.89889226147311, "spark.shuffle.io.numConnectionsPerPeer": 3.3824517270320884, "spark.shuffle.sort.bypassMergeThreshold": 442.6234513430914, "spark.storage.memoryMapThreshold": 5.610165935400554}, "datetime": {"datetime": "2022-02-23 04:04:47", "elapsed": 20584.856574, "delta": 269.181521}}
{"target": -260.371, "params": {"spark.broadcast.blockSize": 48.84451045008102, "spark.broadcast.checksum": 0.3950622600781042, "spark.broadcast.compress": 0.6737835058819753, "spark.default.parallelism": 327.9197283177683, "spark.executor.cores": 5.528994359553099, "spark.executor.instances": 8.322412326265818, "spark.executor.memory": 8.495743814552394, "spark.executor.memoryOverhead": 1419.5643539826178, "spark.kryoserializer.buffer": 97.66001177851827, "spark.kryoserializer.buffer.max": 102.62962405182182, "spark.locality.wait": 5.799351740822771, "spark.maxRemoteBlockSizeFetchToMem": 1536572791.8811834, "spark.memory.fraction": 0.7533507284476892, "spark.memory.offHeap.enabled": 0.3088677840951065, "spark.memory.offHeap.size": 125.1218418564381, "spark.memory.storageFraction": 0.7279277238976039, "spark.rdd.compress": 0.15844583808551382, "spark.reducer.maxBlocksInFlightPerAddress": 1809516376.9303863, "spark.reducer.maxReqsInFlight": 1396022509.1362658, "spark.reducer.maxSizeInFlight": 61.14063606567271, "spark.scheduler.mode": 0.6340214753294252, "spark.scheduler.revive.interval": 724.7812066111434, "spark.shuffle.compress": 0.38565633847915326, "spark.shuffle.file.buffer": 42.907420914043996, "spark.shuffle.io.numConnectionsPerPeer": 1.191992436085381, "spark.shuffle.sort.bypassMergeThreshold": 376.53980073478067, "spark.storage.memoryMapThreshold": 5.389576219921092}, "datetime": {"datetime": "2022-02-23 04:04:49", "elapsed": 11942.147136, "delta": 2791.877403}}
{"target": -514.69, "params": {"spark.broadcast.blockSize": 38.01822140735187, "spark.broadcast.checksum": 0.4759530453739189, "spark.broadcast.compress": 0.8310842746843994, "spark.default.parallelism": 398.33417199969614, "spark.executor.cores": 6.515238589478116, "spark.executor.instances": 10.333273102550754, "spark.executor.memory": 10.467259896079089, "spark.executor.memoryOverhead": 1289.8668471957797, "spark.kryoserializer.buffer": 98.80124230219269, "spark.kryoserializer.buffer.max": 92.28176616815398, "spark.locality.wait": 1.3874625771521831, "spark.maxRemoteBlockSizeFetchToMem": 1997313696.1756668, "spark.memory.fraction": 0.6689371697292227, "spark.memory.offHeap.enabled": 0.508747690578843, "spark.memory.offHeap.size": 299.48450808485586, "spark.memory.storageFraction": 0.5597045047978452, "spark.rdd.compress": 0.1699152621795582, "spark.reducer.maxBlocksInFlightPerAddress": 1869550080.8000288, "spark.reducer.maxReqsInFlight": 1583916564.8496702, "spark.reducer.maxSizeInFlight": 54.14703132503881, "spark.scheduler.mode": 0.8269944128359004, "spark.scheduler.revive.interval": 840.2266172095726, "spark.shuffle.compress": 0.5292347969440777, "spark.shuffle.file.buffer": 30.429521341622788, "spark.shuffle.io.numConnectionsPerPeer": 3.099373989748361, "spark.shuffle.sort.bypassMergeThreshold": 308.9772926324282, "spark.storage.memoryMapThreshold": 2.5826237963352447}, "datetime": {"datetime": "2022-02-23 04:13:33", "elapsed": 12465.915793, "delta": 523.768657}}
{"target": -706.851, "params": {"spark.broadcast.blockSize": 49.65115295366192, "spark.broadcast.checksum": 0.2420165407888475, "spark.broadcast.compress": 0.5836084349187949, "spark.default.parallelism": 263.7121387764148, "spark.executor.cores": 4.2390203385180225, "spark.executor.instances": 12.018719241563112, "spark.executor.memory": 9.751208391024953, "spark.executor.memoryOverhead": 513.9457067600412, "spark.kryoserializer.buffer": 112.02739067109927, "spark.kryoserializer.buffer.max": 51.98026827393139, "spark.locality.wait": 1.1082031923497149, "spark.maxRemoteBlockSizeFetchToMem": 2119641611.2609005, "spark.memory.fraction": 0.6726258909359798, "spark.memory.offHeap.enabled": 0.282450181756436, "spark.memory.offHeap.size": 441.3897014980465, "spark.memory.storageFraction": 0.7596738209640641, "spark.rdd.compress": 0.4109897465441794, "spark.reducer.maxBlocksInFlightPerAddress": 1352108187.9027727, "spark.reducer.maxReqsInFlight": 1528759167.439724, "spark.reducer.maxSizeInFlight": 53.704848444785576, "spark.scheduler.mode": 0.458251646101394, "spark.scheduler.revive.interval": 908.4417801594152, "spark.shuffle.compress": 0.5685405092584345, "spark.shuffle.file.buffer": 22.3498345578035, "spark.shuffle.io.numConnectionsPerPeer": 1.8410342469977046, "spark.shuffle.sort.bypassMergeThreshold": 325.2933208356642, "spark.storage.memoryMapThreshold": 2.236076486589056}, "datetime": {"datetime": "2022-02-23 04:16:42", "elapsed": 21300.355989, "delta": 715.499415}}
{"target": -421.807, "params": {"spark.broadcast.blockSize": 22.221894324413036, "spark.broadcast.checksum": 0.7214496491829271, "spark.broadcast.compress": 0.35895975877330544, "spark.default.parallelism": 395.91303004436986, "spark.executor.cores": 6.997927775687208, "spark.executor.instances": 13.31857517194483, "spark.executor.memory": 10.630321535077389, "spark.executor.memoryOverhead": 1083.8685271801812, "spark.kryoserializer.buffer": 61.422065239439334, "spark.kryoserializer.buffer.max": 114.34526559461287, "spark.locality.wait": 6.957948234306441, "spark.maxRemoteBlockSizeFetchToMem": 1862294764.519083, "spark.memory.fraction": 0.5449255720458656, "spark.memory.offHeap.enabled": 0.08796880344850433, "spark.memory.offHeap.size": 248.8849413843716, "spark.memory.storageFraction": 0.8090564391661332, "spark.rdd.compress": 0.5477072420427935, "spark.reducer.maxBlocksInFlightPerAddress": 1431036994.568884, "spark.reducer.maxReqsInFlight": 1819967023.5028818, "spark.reducer.maxSizeInFlight": 62.1444905226584, "spark.scheduler.mode": 0.8540273253649778, "spark.scheduler.revive.interval": 838.5618028771871, "spark.shuffle.compress": 0.44325868946085767, "spark.shuffle.file.buffer": 39.177520025842924, "spark.shuffle.io.numConnectionsPerPeer": 4.580997292501431, "spark.shuffle.sort.bypassMergeThreshold": 488.13560007591104, "spark.storage.memoryMapThreshold": 3.545684194222632}, "datetime": {"datetime": "2022-02-23 04:20:43", "elapsed": 12896.255531, "delta": 430.339738}}
{"target": -421.807, "params": {"spark.broadcast.blockSize": 59.37922804590646, "spark.broadcast.checksum": 0.21450810438953782, "spark.broadcast.compress": 0.7835288819647954, "spark.default.parallelism": 331.7370593714007, "spark.executor.cores": 6.019882505837773, "spark.executor.instances": 9.242109796171603, "spark.executor.memory": 13.509039880247094, "spark.executor.memoryOverhead": 769.4834307038933, "spark.kryoserializer.buffer": 115.26371912318555, "spark.kryoserializer.buffer.max": 54.123118491829615, "spark.locality.wait": 6.177967704820493, "spark.maxRemoteBlockSizeFetchToMem": 2068472113.5013657, "spark.memory.fraction": 0.7609455630431965, "spark.memory.offHeap.enabled": 0.7319204827939133, "spark.memory.offHeap.size": 812.5659064118463, "spark.memory.storageFraction": 0.7191922688219508, "spark.rdd.compress": 0.24415170684442689, "spark.reducer.maxBlocksInFlightPerAddress": 1481370393.5370169, "spark.reducer.maxReqsInFlight": 1444912304.111752, "spark.reducer.maxSizeInFlight": 55.11634067497714, "spark.scheduler.mode": 0.9600468205875777, "spark.scheduler.revive.interval": 760.2021262860453, "spark.shuffle.compress": 0.9891869664886903, "spark.shuffle.file.buffer": 25.600900094876113, "spark.shuffle.io.numConnectionsPerPeer": 3.4450690148689533, "spark.shuffle.sort.bypassMergeThreshold": 426.44067837553524, "spark.storage.memoryMapThreshold": 2.645477350593805}, "datetime": {"datetime": "2022-02-23 04:25:54", "elapsed": 21852.492838, "delta": 552.136849}}
{"target": -100000.0, "params": {"spark.broadcast.blockSize": 35.19791085648733, "spark.broadcast.checksum": 0.655689800558853, "spark.broadcast.compress": 0.42885868420054907, "spark.default.parallelism": 254.2454228836153, "spark.executor.cores": 5.314360048984289, "spark.executor.instances": 12.609923259330152, "spark.executor.memory": 8.657420851335345, "spark.executor.memoryOverhead": 505.4780654935605, "spark.kryoserializer.buffer": 99.16240058545166, "spark.kryoserializer.buffer.max": 71.14377472357052, "spark.locality.wait": 1.6975879465715753, "spark.maxRemoteBlockSizeFetchToMem": 1788782249.9447243, "spark.memory.fraction": 0.600733291866121, "spark.memory.offHeap.enabled": 0.15520177617051234, "spark.memory.offHeap.size": 686.2451152708157, "spark.memory.storageFraction": 0.592132899898125, "spark.rdd.compress": 0.1812844733423159, "spark.reducer.maxBlocksInFlightPerAddress": 1108754559.4701366, "spark.reducer.maxReqsInFlight": 1825780713.4972234, "spark.reducer.maxSizeInFlight": 24.51916812749603, "spark.scheduler.mode": 0.8451101218578264, "spark.scheduler.revive.interval": 901.0147789684987, "spark.shuffle.compress": 0.908149873399504, "spark.shuffle.file.buffer": 47.49073555105183, "spark.shuffle.io.numConnectionsPerPeer": 1.9282760553675344, "spark.shuffle.sort.bypassMergeThreshold": 286.76894478699415, "spark.storage.memoryMapThreshold": 7.88387926372973}, "datetime": {"datetime": "2022-02-23 04:25:55", "elapsed": 13208.415839, "delta": 312.160308}}
{"target": -359.527, "params": {"spark.broadcast.blockSize": 42.1786024513898, "spark.broadcast.checksum": 0.269430462520292, "spark.broadcast.compress": 0.623427358070418, "spark.default.parallelism": 297.95832196480353, "spark.executor.cores": 4.8304052273999725, "spark.executor.instances": 8.162749025254218, "spark.executor.memory": 10.80125158674106, "spark.executor.memoryOverhead": 715.7716702886676, "spark.kryoserializer.buffer": 81.64138158639237, "spark.kryoserializer.buffer.max": 34.3319026446441, "spark.locality.wait": 7.833461579472008, "spark.maxRemoteBlockSizeFetchToMem": 1711884793.747673, "spark.memory.fraction": 0.5860378469284544, "spark.memory.offHeap.enabled": 0.2947176144030724, "spark.memory.offHeap.size": 587.6557561500135, "spark.memory.storageFraction": 0.7267887820292753, "spark.rdd.compress": 0.4301599652669279, "spark.reducer.maxBlocksInFlightPerAddress": 1455094532.838582, "spark.reducer.maxReqsInFlight": 1193667359.4855654, "spark.reducer.maxSizeInFlight": 65.80335112959781, "spark.scheduler.mode": 0.3195546713194831, "spark.scheduler.revive.interval": 778.2749892976701, "spark.shuffle.compress": 0.7039061901388801, "spark.shuffle.file.buffer": 18.316456399104162, "spark.shuffle.io.numConnectionsPerPeer": 2.5886222176652853, "spark.shuffle.sort.bypassMergeThreshold": 426.4561124981866, "spark.storage.memoryMapThreshold": 3.1494795700396256}, "datetime": {"datetime": "2022-02-23 04:32:04", "elapsed": 22222.525592, "delta": 370.032754}}
