{"target": -429.469, "params": {"spark.broadcast.blockSize": 52.0, "spark.broadcast.checksum": 0.0, "spark.broadcast.compress": 1.0, "spark.default.parallelism": 375.0, "spark.executor.cores": 4.0, "spark.executor.instances": 8.0, "spark.executor.memory": 10.0, "spark.executor.memoryOverhead": 924.0, "spark.kryoserializer.buffer": 110.0, "spark.kryoserializer.buffer.max": 91.0, "spark.locality.wait": 3.0, "spark.maxRemoteBlockSizeFetchToMem": 2092619550.0, "spark.memory.fraction": 0.74, "spark.memory.offHeap.enabled": 0.0, "spark.memory.offHeap.size": 55.0, "spark.memory.storageFraction": 0.67, "spark.rdd.compress": 0.0, "spark.reducer.maxBlocksInFlightPerAddress": 1800439150.0, "spark.reducer.maxReqsInFlight": 1235428171.0, "spark.reducer.maxSizeInFlight": 67.0, "spark.scheduler.mode": 1.0, "spark.scheduler.revive.interval": 691.0, "spark.shuffle.compress": 1.0, "spark.shuffle.file.buffer": 25.0, "spark.shuffle.io.numConnectionsPerPeer": 1.0, "spark.shuffle.sort.bypassMergeThreshold": 271.0, "spark.storage.memoryMapThreshold": 2.0}, "datetime": {"datetime": "2022-02-23 00:45:47", "elapsed": 0.0, "delta": 0.0}}
{"target": -1025.263, "params": {"spark.broadcast.blockSize": 43.0, "spark.broadcast.checksum": 0.0, "spark.broadcast.compress": 0.0, "spark.default.parallelism": 431.0, "spark.executor.cores": 4.0, "spark.executor.instances": 10.0, "spark.executor.memory": 8.0, "spark.executor.memoryOverhead": 573.0, "spark.kryoserializer.buffer": 59.0, "spark.kryoserializer.buffer.max": 103.0, "spark.locality.wait": 3.0, "spark.maxRemoteBlockSizeFetchToMem": 1846702027.0, "spark.memory.fraction": 0.81, "spark.memory.offHeap.enabled": 0.0, "spark.memory.offHeap.size": 981.0, "spark.memory.storageFraction": 0.89, "spark.rdd.compress": 1.0, "spark.reducer.maxBlocksInFlightPerAddress": 1763880880.0, "spark.reducer.maxReqsInFlight": 1965213118.0, "spark.reducer.maxSizeInFlight": 33.0, "spark.scheduler.mode": 0.0, "spark.scheduler.revive.interval": 934.0, "spark.shuffle.compress": 0.0, "spark.shuffle.file.buffer": 30.0, "spark.shuffle.io.numConnectionsPerPeer": 1.0, "spark.shuffle.sort.bypassMergeThreshold": 179.0, "spark.storage.memoryMapThreshold": 5.0}, "datetime": {"datetime": "2022-02-23 00:45:47", "elapsed": 0.000655, "delta": 0.000655}}
{"target": -1266.588, "params": {"spark.broadcast.blockSize": 27.0, "spark.broadcast.checksum": 0.0, "spark.broadcast.compress": 1.0, "spark.default.parallelism": 225.0, "spark.executor.cores": 5.0, "spark.executor.instances": 10.0, "spark.executor.memory": 8.0, "spark.executor.memoryOverhead": 408.0, "spark.kryoserializer.buffer": 64.0, "spark.kryoserializer.buffer.max": 57.0, "spark.locality.wait": 4.0, "spark.maxRemoteBlockSizeFetchToMem": 1855667397.0, "spark.memory.fraction": 0.78, "spark.memory.offHeap.enabled": 0.0, "spark.memory.offHeap.size": 793.0, "spark.memory.storageFraction": 0.85, "spark.rdd.compress": 1.0, "spark.reducer.maxBlocksInFlightPerAddress": 1725347619.0, "spark.reducer.maxReqsInFlight": 1402515797.0, "spark.reducer.maxSizeInFlight": 50.0, "spark.scheduler.mode": 0.0, "spark.scheduler.revive.interval": 774.0, "spark.shuffle.compress": 1.0, "spark.shuffle.file.buffer": 40.0, "spark.shuffle.io.numConnectionsPerPeer": 1.0, "spark.shuffle.sort.bypassMergeThreshold": 201.0, "spark.storage.memoryMapThreshold": 4.0}, "datetime": {"datetime": "2022-02-23 00:45:47", "elapsed": 0.001039, "delta": 0.000384}}
{"target": -559.71, "params": {"spark.broadcast.blockSize": 52.0, "spark.broadcast.checksum": 0.0, "spark.broadcast.compress": 1.0, "spark.default.parallelism": 376.0, "spark.executor.cores": 4.0, "spark.executor.instances": 8.0, "spark.executor.memory": 8.0, "spark.executor.memoryOverhead": 877.0, "spark.kryoserializer.buffer": 108.0, "spark.kryoserializer.buffer.max": 91.0, "spark.locality.wait": 4.0, "spark.maxRemoteBlockSizeFetchToMem": 2122759808.0, "spark.memory.fraction": 0.7400000095367432, "spark.memory.offHeap.enabled": 0.0, "spark.memory.offHeap.size": 58.0, "spark.memory.storageFraction": 0.6600000262260437, "spark.rdd.compress": 0.0, "spark.reducer.maxBlocksInFlightPerAddress": 1813726976.0, "spark.reducer.maxReqsInFlight": 1252214528.0, "spark.reducer.maxSizeInFlight": 66.0, "spark.scheduler.mode": 1.0, "spark.scheduler.revive.interval": 704.0, "spark.shuffle.compress": 1.0, "spark.shuffle.file.buffer": 23.0, "spark.shuffle.io.numConnectionsPerPeer": 1.0, "spark.shuffle.sort.bypassMergeThreshold": 270.0, "spark.storage.memoryMapThreshold": 2.0}, "datetime": {"datetime": "2022-02-23 00:45:47", "elapsed": 0.00143, "delta": 0.000391}}
{"target": -2675.329, "params": {"spark.broadcast.blockSize": 52.0, "spark.broadcast.checksum": 0.0, "spark.broadcast.compress": 1.0, "spark.default.parallelism": 383.0, "spark.executor.cores": 4.0, "spark.executor.instances": 8.0, "spark.executor.memory": 8.0, "spark.executor.memoryOverhead": 877.0, "spark.kryoserializer.buffer": 112.0, "spark.kryoserializer.buffer.max": 92.0, "spark.locality.wait": 4.0, "spark.maxRemoteBlockSizeFetchToMem": 2117626880.0, "spark.memory.fraction": 0.75, "spark.memory.offHeap.enabled": 0.0, "spark.memory.offHeap.size": 41.0, "spark.memory.storageFraction": 0.6700000166893005, "spark.rdd.compress": 0.0, "spark.reducer.maxBlocksInFlightPerAddress": 1822685696.0, "spark.reducer.maxReqsInFlight": 1166581504.0, "spark.reducer.maxSizeInFlight": 71.0, "spark.scheduler.mode": 1.0, "spark.scheduler.revive.interval": 706.0, "spark.shuffle.compress": 1.0, "spark.shuffle.file.buffer": 23.0, "spark.shuffle.io.numConnectionsPerPeer": 1.0, "spark.shuffle.sort.bypassMergeThreshold": 273.0, "spark.storage.memoryMapThreshold": 2.0}, "datetime": {"datetime": "2022-02-23 00:45:47", "elapsed": 0.001833, "delta": 0.000403}}
{"target": -258.666, "params": {"spark.broadcast.blockSize": 52.0, "spark.broadcast.checksum": 0.0, "spark.broadcast.compress": 1.0, "spark.default.parallelism": 379.0, "spark.executor.cores": 4.0, "spark.executor.instances": 7.0, "spark.executor.memory": 8.0, "spark.executor.memoryOverhead": 791.0, "spark.kryoserializer.buffer": 96.0, "spark.kryoserializer.buffer.max": 93.0, "spark.locality.wait": 4.0, "spark.maxRemoteBlockSizeFetchToMem": 1854500352.0, "spark.memory.fraction": 0.7300000190734863, "spark.memory.offHeap.enabled": 0.0, "spark.memory.offHeap.size": 69.0, "spark.memory.storageFraction": 0.6800000071525574, "spark.rdd.compress": 0.0, "spark.reducer.maxBlocksInFlightPerAddress": 1754293632.0, "spark.reducer.maxReqsInFlight": 1408794752.0, "spark.reducer.maxSizeInFlight": 60.0, "spark.scheduler.mode": 1.0, "spark.scheduler.revive.interval": 684.0, "spark.shuffle.compress": 1.0, "spark.shuffle.file.buffer": 24.0, "spark.shuffle.io.numConnectionsPerPeer": 1.0, "spark.shuffle.sort.bypassMergeThreshold": 272.0, "spark.storage.memoryMapThreshold": 2.0}, "datetime": {"datetime": "2022-02-23 00:45:47", "elapsed": 0.002216, "delta": 0.000383}}
{"target": -567.86, "params": {"spark.broadcast.blockSize": 53.0, "spark.broadcast.checksum": 0.0, "spark.broadcast.compress": 1.0, "spark.default.parallelism": 374.0, "spark.executor.cores": 4.0, "spark.executor.instances": 7.0, "spark.executor.memory": 7.0, "spark.executor.memoryOverhead": 786.0, "spark.kryoserializer.buffer": 99.0, "spark.kryoserializer.buffer.max": 93.0, "spark.locality.wait": 4.0, "spark.maxRemoteBlockSizeFetchToMem": 1846247936.0, "spark.memory.fraction": 0.7400000095367432, "spark.memory.offHeap.enabled": 0.0, "spark.memory.offHeap.size": 66.0, "spark.memory.storageFraction": 0.6700000166893005, "spark.rdd.compress": 0.0, "spark.reducer.maxBlocksInFlightPerAddress": 1765145856.0, "spark.reducer.maxReqsInFlight": 1413669120.0, "spark.reducer.maxSizeInFlight": 60.0, "spark.scheduler.mode": 1.0, "spark.scheduler.revive.interval": 677.0, "spark.shuffle.compress": 1.0, "spark.shuffle.file.buffer": 25.0, "spark.shuffle.io.numConnectionsPerPeer": 1.0, "spark.shuffle.sort.bypassMergeThreshold": 278.0, "spark.storage.memoryMapThreshold": 2.0}, "datetime": {"datetime": "2022-02-23 00:45:47", "elapsed": 0.002629, "delta": 0.000413}}
{"target": -343.802, "params": {"spark.broadcast.blockSize": 51.0, "spark.broadcast.checksum": 0.0, "spark.broadcast.compress": 1.0, "spark.default.parallelism": 372.0, "spark.executor.cores": 4.0, "spark.executor.instances": 7.0, "spark.executor.memory": 7.0, "spark.executor.memoryOverhead": 777.0, "spark.kryoserializer.buffer": 100.0, "spark.kryoserializer.buffer.max": 94.0, "spark.locality.wait": 4.0, "spark.maxRemoteBlockSizeFetchToMem": 1847043840.0, "spark.memory.fraction": 0.7200000286102295, "spark.memory.offHeap.enabled": 0.0, "spark.memory.offHeap.size": 86.0, "spark.memory.storageFraction": 0.6700000166893005, "spark.rdd.compress": 0.0, "spark.reducer.maxBlocksInFlightPerAddress": 1765570304.0, "spark.reducer.maxReqsInFlight": 1409865856.0, "spark.reducer.maxSizeInFlight": 61.0, "spark.scheduler.mode": 1.0, "spark.scheduler.revive.interval": 680.0, "spark.shuffle.compress": 1.0, "spark.shuffle.file.buffer": 26.0, "spark.shuffle.io.numConnectionsPerPeer": 1.0, "spark.shuffle.sort.bypassMergeThreshold": 279.0, "spark.storage.memoryMapThreshold": 2.0}, "datetime": {"datetime": "2022-02-23 00:45:47", "elapsed": 0.003022, "delta": 0.000393}}
{"target": -1011.79, "params": {"spark.broadcast.blockSize": 50.0, "spark.broadcast.checksum": 0.0, "spark.broadcast.compress": 1.0, "spark.default.parallelism": 363.0, "spark.executor.cores": 3.0, "spark.executor.instances": 7.0, "spark.executor.memory": 7.0, "spark.executor.memoryOverhead": 736.0, "spark.kryoserializer.buffer": 89.0, "spark.kryoserializer.buffer.max": 88.0, "spark.locality.wait": 5.0, "spark.maxRemoteBlockSizeFetchToMem": 1765745408.0, "spark.memory.fraction": 0.7200000286102295, "spark.memory.offHeap.enabled": 0.0, "spark.memory.offHeap.size": 86.0, "spark.memory.storageFraction": 0.6499999761581421, "spark.rdd.compress": 0.0, "spark.reducer.maxBlocksInFlightPerAddress": 1723671808.0, "spark.reducer.maxReqsInFlight": 1533608704.0, "spark.reducer.maxSizeInFlight": 57.0, "spark.scheduler.mode": 1.0, "spark.scheduler.revive.interval": 714.0, "spark.shuffle.compress": 1.0, "spark.shuffle.file.buffer": 29.0, "spark.shuffle.io.numConnectionsPerPeer": 1.0, "spark.shuffle.sort.bypassMergeThreshold": 269.0, "spark.storage.memoryMapThreshold": 2.0}, "datetime": {"datetime": "2022-02-23 00:45:47", "elapsed": 0.003441, "delta": 0.000419}}
{"target": -358.172, "params": {"spark.broadcast.blockSize": 44.0, "spark.broadcast.checksum": 1.0, "spark.broadcast.compress": 0.0, "spark.default.parallelism": 209.0, "spark.executor.cores": 4.0, "spark.executor.instances": 12.0, "spark.executor.memory": 11.0, "spark.executor.memoryOverhead": 1747.0, "spark.kryoserializer.buffer": 88.0, "spark.kryoserializer.buffer.max": 99.0, "spark.locality.wait": 3.0, "spark.maxRemoteBlockSizeFetchToMem": 1702704391.0, "spark.memory.fraction": 0.57, "spark.memory.offHeap.enabled": 0.0, "spark.memory.offHeap.size": 855.0, "spark.memory.storageFraction": 0.77, "spark.rdd.compress": 0.0, "spark.reducer.maxBlocksInFlightPerAddress": 1343244898.0, "spark.reducer.maxReqsInFlight": 1782200054.0, "spark.reducer.maxSizeInFlight": 56.0, "spark.scheduler.mode": 0.0, "spark.scheduler.revive.interval": 975.0, "spark.shuffle.compress": 0.0, "spark.shuffle.file.buffer": 24.0, "spark.shuffle.io.numConnectionsPerPeer": 2.0, "spark.shuffle.sort.bypassMergeThreshold": 253.0, "spark.storage.memoryMapThreshold": 6.0}, "datetime": {"datetime": "2022-02-23 00:45:47", "elapsed": 0.003853, "delta": 0.000412}}
{"target": -356.296, "params": {"spark.broadcast.blockSize": 43.0, "spark.broadcast.checksum": 0.0, "spark.broadcast.compress": 0.0, "spark.default.parallelism": 467.0, "spark.executor.cores": 7.0, "spark.executor.instances": 14.0, "spark.executor.memory": 11.0, "spark.executor.memoryOverhead": 1746.0, "spark.kryoserializer.buffer": 127.0, "spark.kryoserializer.buffer.max": 71.0, "spark.locality.wait": 9.0, "spark.maxRemoteBlockSizeFetchToMem": 1673601241.0, "spark.memory.fraction": 0.85, "spark.memory.offHeap.enabled": 1.0, "spark.memory.offHeap.size": 990.0, "spark.memory.storageFraction": 0.71, "spark.rdd.compress": 0.0, "spark.reducer.maxBlocksInFlightPerAddress": 1772823616.0, "spark.reducer.maxReqsInFlight": 1847802829.0, "spark.reducer.maxSizeInFlight": 39.0, "spark.scheduler.mode": 1.0, "spark.scheduler.revive.interval": 792.0, "spark.shuffle.compress": 0.0, "spark.shuffle.file.buffer": 29.0, "spark.shuffle.io.numConnectionsPerPeer": 3.0, "spark.shuffle.sort.bypassMergeThreshold": 291.0, "spark.storage.memoryMapThreshold": 2.0}, "datetime": {"datetime": "2022-02-23 00:45:47", "elapsed": 0.004264, "delta": 0.000411}}
{"target": -469.393, "params": {"spark.broadcast.blockSize": 36.0, "spark.broadcast.checksum": 0.0, "spark.broadcast.compress": 0.0, "spark.default.parallelism": 442.0, "spark.executor.cores": 7.0, "spark.executor.instances": 8.0, "spark.executor.memory": 10.0, "spark.executor.memoryOverhead": 410.0, "spark.kryoserializer.buffer": 43.0, "spark.kryoserializer.buffer.max": 100.0, "spark.locality.wait": 9.0, "spark.maxRemoteBlockSizeFetchToMem": 1378568354.0, "spark.memory.fraction": 0.72, "spark.memory.offHeap.enabled": 0.0, "spark.memory.offHeap.size": 818.0, "spark.memory.storageFraction": 0.86, "spark.rdd.compress": 1.0, "spark.reducer.maxBlocksInFlightPerAddress": 1654258753.0, "spark.reducer.maxReqsInFlight": 1807982080.0, "spark.reducer.maxSizeInFlight": 48.0, "spark.scheduler.mode": 1.0, "spark.scheduler.revive.interval": 732.0, "spark.shuffle.compress": 1.0, "spark.shuffle.file.buffer": 19.0, "spark.shuffle.io.numConnectionsPerPeer": 4.0, "spark.shuffle.sort.bypassMergeThreshold": 416.0, "spark.storage.memoryMapThreshold": 5.0}, "datetime": {"datetime": "2022-02-23 00:45:47", "elapsed": 0.004943, "delta": 0.000679}}
{"target": -321.262, "params": {"spark.broadcast.blockSize": 7.724992875665464, "spark.broadcast.checksum": 0.1862602113776709, "spark.broadcast.compress": 0.34556072704304774, "spark.default.parallelism": 319.030242269201, "spark.executor.cores": 5.616450202010071, "spark.executor.instances": 10.515167086419769, "spark.executor.memory": 12.111317002380556, "spark.executor.memoryOverhead": 664.3040343819105, "spark.kryoserializer.buffer": 116.29927389353077, "spark.kryoserializer.buffer.max": 34.62920894700091, "spark.locality.wait": 7.03420759160562, "spark.maxRemoteBlockSizeFetchToMem": 1521819079.827609, "spark.memory.fraction": 0.7234759313783007, "spark.memory.offHeap.enabled": 0.14038693859523377, "spark.memory.offHeap.size": 202.85592482291588, "spark.memory.storageFraction": 0.8202978274702146, "spark.rdd.compress": 0.9682615757193975, "spark.reducer.maxBlocksInFlightPerAddress": 1410278471.7424064, "spark.reducer.maxReqsInFlight": 1817117571.1452203, "spark.reducer.maxSizeInFlight": 66.06667931020984, "spark.scheduler.mode": 0.8946066635038473, "spark.scheduler.revive.interval": 542.522105684889, "spark.shuffle.compress": 0.03905478323288236, "spark.shuffle.file.buffer": 21.434573426066205, "spark.shuffle.io.numConnectionsPerPeer": 4.512570013717653, "spark.shuffle.sort.bypassMergeThreshold": 139.33873353322002, "spark.storage.memoryMapThreshold": 4.78996862504547}, "datetime": {"datetime": "2022-02-23 00:51:17", "elapsed": 330.083937, "delta": 330.078994}}
{"target": -321.262, "params": {"spark.broadcast.blockSize": 43.59829342296073, "spark.broadcast.checksum": 0.07753110058187884, "spark.broadcast.compress": 0.9014201898781036, "spark.default.parallelism": 219.574870452993, "spark.executor.cores": 5.107980817185333, "spark.executor.instances": 13.575512293456535, "spark.executor.memory": 8.458631475815462, "spark.executor.memoryOverhead": 1120.207203307733, "spark.kryoserializer.buffer": 75.33175533916277, "spark.kryoserializer.buffer.max": 49.37842923146599, "spark.locality.wait": 3.200342257686651, "spark.maxRemoteBlockSizeFetchToMem": 1652425221.0268266, "spark.memory.fraction": 0.7100608836680533, "spark.memory.offHeap.enabled": 0.6038795574582309, "spark.memory.offHeap.size": 765.7897280182224, "spark.memory.storageFraction": 0.702991840435665, "spark.rdd.compress": 0.23777568395995596, "spark.reducer.maxBlocksInFlightPerAddress": 1282968806.911507, "spark.reducer.maxReqsInFlight": 1113915894.5759578, "spark.reducer.maxSizeInFlight": 64.6339781426202, "spark.scheduler.mode": 0.4810702215522371, "spark.scheduler.revive.interval": 701.8359008971494, "spark.shuffle.compress": 0.5662169973227584, "spark.shuffle.file.buffer": 35.910446504580506, "spark.shuffle.io.numConnectionsPerPeer": 3.932986427256037, "spark.shuffle.sort.bypassMergeThreshold": 422.1250720022691, "spark.storage.memoryMapThreshold": 5.643018342218438}, "datetime": {"datetime": "2022-02-23 01:07:04", "elapsed": 9922.533298, "delta": 3133.741814}}
{"target": -658.325, "params": {"spark.broadcast.blockSize": 54.97485892577693, "spark.broadcast.checksum": 0.03765833353573356, "spark.broadcast.compress": 0.7685702584619273, "spark.default.parallelism": 318.855916830178, "spark.executor.cores": 5.910446778551709, "spark.executor.instances": 11.11636894705347, "spark.executor.memory": 9.401320799792515, "spark.executor.memoryOverhead": 522.3722825169206, "spark.kryoserializer.buffer": 82.3940004766306, "spark.kryoserializer.buffer.max": 44.00046165650292, "spark.locality.wait": 2.439433906271264, "spark.maxRemoteBlockSizeFetchToMem": 1814926159.5214565, "spark.memory.fraction": 0.660545959205176, "spark.memory.offHeap.enabled": 0.6393160270894755, "spark.memory.offHeap.size": 519.6125551043823, "spark.memory.storageFraction": 0.8849391186617435, "spark.rdd.compress": 0.19029129177129545, "spark.reducer.maxBlocksInFlightPerAddress": 1866390631.6146152, "spark.reducer.maxReqsInFlight": 1878225214.7145262, "spark.reducer.maxSizeInFlight": 65.46794212364492, "spark.scheduler.mode": 0.060535310969917155, "spark.scheduler.revive.interval": 824.912693028807, "spark.shuffle.compress": 0.9464030998359767, "spark.shuffle.file.buffer": 23.845987398660995, "spark.shuffle.io.numConnectionsPerPeer": 2.6090006587556402, "spark.shuffle.sort.bypassMergeThreshold": 488.13708914855766, "spark.storage.memoryMapThreshold": 3.7332977919059314}, "datetime": {"datetime": "2022-02-23 01:18:11", "elapsed": 10589.452607, "delta": 666.919309}}
{"target": -233.956, "params": {"spark.broadcast.blockSize": 45.05544931896724, "spark.broadcast.checksum": 0.6753583767375451, "spark.broadcast.compress": 0.8424713676358578, "spark.default.parallelism": 450.66914618417184, "spark.executor.cores": 4.705157921094503, "spark.executor.instances": 8.461315033861762, "spark.executor.memory": 12.87240724509389, "spark.executor.memoryOverhead": 1039.2379610844785, "spark.kryoserializer.buffer": 105.12288624066026, "spark.kryoserializer.buffer.max": 90.18622285863502, "spark.locality.wait": 3.930855331731606, "spark.maxRemoteBlockSizeFetchToMem": 1972088413.9986064, "spark.memory.fraction": 0.6910235967190235, "spark.memory.offHeap.enabled": 0.6093719261929791, "spark.memory.offHeap.size": 700.5334083860995, "spark.memory.storageFraction": 0.7862069928096305, "spark.rdd.compress": 0.46348390045701504, "spark.reducer.maxBlocksInFlightPerAddress": 1498722312.2634406, "spark.reducer.maxReqsInFlight": 1391656383.1809573, "spark.reducer.maxSizeInFlight": 64.04432495249492, "spark.scheduler.mode": 0.34405360912872573, "spark.scheduler.revive.interval": 706.182656566231, "spark.shuffle.compress": 0.5844729752185285, "spark.shuffle.file.buffer": 16.742339196640035, "spark.shuffle.io.numConnectionsPerPeer": 3.1962404524715535, "spark.shuffle.sort.bypassMergeThreshold": 441.36743005930623, "spark.storage.memoryMapThreshold": 3.287849417824937}, "datetime": {"datetime": "2022-02-23 01:22:14", "elapsed": 10832.119676, "delta": 242.667069}}
{"target": -421.962, "params": {"spark.broadcast.blockSize": 63.51585683430949, "spark.broadcast.checksum": 0.11399882529129446, "spark.broadcast.compress": 0.7841399242082348, "spark.default.parallelism": 267.7442611119424, "spark.executor.cores": 4.648474599756343, "spark.executor.instances": 10.6542720492624, "spark.executor.memory": 9.58806637337115, "spark.executor.memoryOverhead": 1001.5301082138528, "spark.kryoserializer.buffer": 100.7274787832448, "spark.kryoserializer.buffer.max": 81.307308504862, "spark.locality.wait": 4.27381412082048, "spark.maxRemoteBlockSizeFetchToMem": 1794401552.0555296, "spark.memory.fraction": 0.6028738582574952, "spark.memory.offHeap.enabled": 0.33912202871205854, "spark.memory.offHeap.size": 381.887202303644, "spark.memory.storageFraction": 0.6840168165621068, "spark.rdd.compress": 0.3949715120881202, "spark.reducer.maxBlocksInFlightPerAddress": 1274592124.8918326, "spark.reducer.maxReqsInFlight": 1131637895.4609542, "spark.reducer.maxSizeInFlight": 58.7422288953225, "spark.scheduler.mode": 0.47766537024182276, "spark.scheduler.revive.interval": 549.4589799727381, "spark.shuffle.compress": 0.7264144102607002, "spark.shuffle.file.buffer": 40.98174880797757, "spark.shuffle.io.numConnectionsPerPeer": 2.5131753901061553, "spark.shuffle.sort.bypassMergeThreshold": 369.23765851927, "spark.storage.memoryMapThreshold": 4.368564795072983}, "datetime": {"datetime": "2022-02-23 01:29:25", "elapsed": 11262.976046, "delta": 430.85637}}
