{"target": -745.57, "params": {"spark.broadcast.blockSize": 45.22878875036456, "spark.broadcast.checksum": 0.19828491676180915, "spark.broadcast.compress": 0.4318741886889077, "spark.default.parallelism": 278.3757887808222, "spark.executor.cores": 4.701329468066053, "spark.executor.instances": 9.461046960617347, "spark.executor.memory": 10.679063906236106, "spark.executor.memoryOverhead": 1108.062026858803, "spark.kryoserializer.buffer": 127.16887001191135, "spark.kryoserializer.buffer.max": 32.07092758387382, "spark.locality.wait": 3.090810883760904, "spark.maxRemoteBlockSizeFetchToMem": 2004223836.1545641, "spark.memory.fraction": 0.5254949675324047, "spark.memory.offHeap.enabled": 0.656177359219877, "spark.memory.offHeap.size": 497.4953600435613, "spark.memory.storageFraction": 0.6370904622309469, "spark.rdd.compress": 0.29762860361199694, "spark.reducer.maxBlocksInFlightPerAddress": 1630695073.0833445, "spark.reducer.maxReqsInFlight": 1941007367.0880194, "spark.reducer.maxSizeInFlight": 54.06595590885355, "spark.scheduler.mode": 0.3508283623462628, "spark.scheduler.revive.interval": 787.3784335493824, "spark.shuffle.compress": 0.7525994447474782, "spark.shuffle.file.buffer": 33.214847824825114, "spark.shuffle.io.numConnectionsPerPeer": 3.2138418632028656, "spark.shuffle.sort.bypassMergeThreshold": 409.1176985852845, "spark.storage.memoryMapThreshold": 2.587454135948147}, "datetime": {"datetime": "2022-02-23 06:51:45", "elapsed": 30602.917145, "delta": 754.158558}}
