{"target": -248.245, "params": {"spark.broadcast.blockSize": 59.52766262373405, "spark.broadcast.checksum": 0.381685185426367, "spark.broadcast.compress": 0.5739188149413437, "spark.default.parallelism": 278.1811224782962, "spark.executor.cores": 4.296350852049374, "spark.executor.instances": 12.25002554145054, "spark.executor.memory": 10.199420752349383, "spark.executor.memoryOverhead": 864.7193091624024, "spark.kryoserializer.buffer": 94.95924471035653, "spark.kryoserializer.buffer.max": 47.35856979325234, "spark.locality.wait": 1.4158413104890497, "spark.maxRemoteBlockSizeFetchToMem": 2045307602.1996207, "spark.memory.fraction": 0.6653079506312931, "spark.memory.offHeap.enabled": 0.7052329980641687, "spark.memory.offHeap.size": 930.0982409960092, "spark.memory.storageFraction": 0.7578713570700304, "spark.rdd.compress": 0.08424314890509266, "spark.reducer.maxBlocksInFlightPerAddress": 1323511023.4820924, "spark.reducer.maxReqsInFlight": 1541176020.7617574, "spark.reducer.maxSizeInFlight": 43.0763860284029, "spark.scheduler.mode": 0.14538575239594698, "spark.scheduler.revive.interval": 701.5460278281563, "spark.shuffle.compress": 0.699470590955899, "spark.shuffle.file.buffer": 34.14674541733667, "spark.shuffle.io.numConnectionsPerPeer": 2.3726624716669935, "spark.shuffle.sort.bypassMergeThreshold": 465.47546374327385, "spark.storage.memoryMapThreshold": 4.882184277465858}, "datetime": {"datetime": "2022-02-23 01:33:47", "elapsed": 11525.096635, "delta": 262.120589}}
{"target": -261.41, "params": {"spark.broadcast.blockSize": 31.552426756189274, "spark.broadcast.checksum": 0.2616586825176058, "spark.broadcast.compress": 0.551649848352611, "spark.default.parallelism": 208.6483111870452, "spark.executor.cores": 4.23447497576112, "spark.executor.instances": 10.118332185347715, "spark.executor.memory": 10.063250607327333, "spark.executor.memoryOverhead": 760.7394602350942, "spark.kryoserializer.buffer": 118.21302243537512, "spark.kryoserializer.buffer.max": 32.37886459038849, "spark.locality.wait": 6.597513020201571, "spark.maxRemoteBlockSizeFetchToMem": 1549578693.0354729, "spark.memory.fraction": 0.6690791929326931, "spark.memory.offHeap.enabled": 0.6626999144423565, "spark.memory.offHeap.size": 861.0755169313886, "spark.memory.storageFraction": 0.815857453636962, "spark.rdd.compress": 0.3141445626512128, "spark.reducer.maxBlocksInFlightPerAddress": 1871929373.9353976, "spark.reducer.maxReqsInFlight": 1172260797.4662035, "spark.reducer.maxSizeInFlight": 61.40374690419581, "spark.scheduler.mode": 0.5630800058247334, "spark.scheduler.revive.interval": 674.3220996256568, "spark.shuffle.compress": 0.701355765653374, "spark.shuffle.file.buffer": 24.56960710952141, "spark.shuffle.io.numConnectionsPerPeer": 3.498237807586071, "spark.shuffle.sort.bypassMergeThreshold": 389.42114533996295, "spark.storage.memoryMapThreshold": 5.132444795178365}, "datetime": {"datetime": "2022-02-23 01:38:17", "elapsed": 11795.373009, "delta": 270.276374}}
{"target": -261.41, "params": {"spark.broadcast.blockSize": 10.950665107647454, "spark.broadcast.checksum": 0.07364737247333608, "spark.broadcast.compress": 0.5584392401983372, "spark.default.parallelism": 445.5545120170226, "spark.executor.cores": 6.917544857493491, "spark.executor.instances": 9.675835990657378, "spark.executor.memory": 13.205571349081932, "spark.executor.memoryOverhead": 608.4428037732417, "spark.kryoserializer.buffer": 41.99019054568298, "spark.kryoserializer.buffer.max": 61.91462898379683, "spark.locality.wait": 4.7794397006830955, "spark.maxRemoteBlockSizeFetchToMem": 2021013775.6453583, "spark.memory.fraction": 0.6571814037404378, "spark.memory.offHeap.enabled": 0.11154263017507804, "spark.memory.offHeap.size": 788.905781564202, "spark.memory.storageFraction": 0.595949187598856, "spark.rdd.compress": 0.31619690734200423, "spark.reducer.maxBlocksInFlightPerAddress": 1249572407.3437846, "spark.reducer.maxReqsInFlight": 2018422509.4722152, "spark.reducer.maxSizeInFlight": 33.2523732448466, "spark.scheduler.mode": 0.4383135336681899, "spark.scheduler.revive.interval": 748.5078024204117, "spark.shuffle.compress": 0.9892728972986514, "spark.shuffle.file.buffer": 20.703578148097737, "spark.shuffle.io.numConnectionsPerPeer": 4.421647669194604, "spark.shuffle.sort.bypassMergeThreshold": 267.8908876601612, "spark.storage.memoryMapThreshold": 7.9418044704652}, "datetime": {"datetime": "2022-02-23 01:47:41", "elapsed": 3713.744114, "delta": 3383.660177}}
{"target": -905.663, "params": {"spark.broadcast.blockSize": 51.165372720776354, "spark.broadcast.checksum": 0.105073144253227, "spark.broadcast.compress": 0.7018138645991442, "spark.default.parallelism": 280.18987867453717, "spark.executor.cores": 4.031765920559001, "spark.executor.instances": 9.60916382930597, "spark.executor.memory": 10.081451220586047, "spark.executor.memoryOverhead": 632.9200449145217, "spark.kryoserializer.buffer": 55.34857983969222, "spark.kryoserializer.buffer.max": 74.36210784529433, "spark.locality.wait": 2.3446814477433127, "spark.maxRemoteBlockSizeFetchToMem": 2106679522.369434, "spark.memory.fraction": 0.6977122836200824, "spark.memory.offHeap.enabled": 0.2727202533414219, "spark.memory.offHeap.size": 877.10599380045, "spark.memory.storageFraction": 0.7840210117579376, "spark.rdd.compress": 0.4237882245050243, "spark.reducer.maxBlocksInFlightPerAddress": 1176110961.5552123, "spark.reducer.maxReqsInFlight": 1392132104.2699018, "spark.reducer.maxSizeInFlight": 41.8526987445643, "spark.scheduler.mode": 0.7469799217574157, "spark.scheduler.revive.interval": 891.6219897451671, "spark.shuffle.compress": 0.49326714078040523, "spark.shuffle.file.buffer": 21.61247314166074, "spark.shuffle.io.numConnectionsPerPeer": 2.686282350321035, "spark.shuffle.sort.bypassMergeThreshold": 389.2704603097694, "spark.storage.memoryMapThreshold": 3.197019908511461}, "datetime": {"datetime": "2022-02-23 01:53:31", "elapsed": 12709.688485, "delta": 914.315476}}
{"target": -450.548, "params": {"spark.broadcast.blockSize": 48.00644080857038, "spark.broadcast.checksum": 0.44313404559907554, "spark.broadcast.compress": 0.02137903608233227, "spark.default.parallelism": 440.8164438727832, "spark.executor.cores": 5.096271319780671, "spark.executor.instances": 9.09207469512082, "spark.executor.memory": 10.787578074928124, "spark.executor.memoryOverhead": 1095.0926099748744, "spark.kryoserializer.buffer": 92.66900730894112, "spark.kryoserializer.buffer.max": 127.55177738996515, "spark.locality.wait": 7.028642163650124, "spark.maxRemoteBlockSizeFetchToMem": 1661193861.8035913, "spark.memory.fraction": 0.8627173196467961, "spark.memory.offHeap.enabled": 0.5331136009566859, "spark.memory.offHeap.size": 536.3630124572771, "spark.memory.storageFraction": 0.6331993788741832, "spark.rdd.compress": 0.2618574637033285, "spark.reducer.maxBlocksInFlightPerAddress": 1226495937.3311806, "spark.reducer.maxReqsInFlight": 1110689413.5398045, "spark.reducer.maxSizeInFlight": 61.16073986064795, "spark.scheduler.mode": 0.9733574694681935, "spark.scheduler.revive.interval": 722.6966542557261, "spark.shuffle.compress": 0.538013192946581, "spark.shuffle.file.buffer": 20.59957629896343, "spark.shuffle.io.numConnectionsPerPeer": 3.923293815480439, "spark.shuffle.sort.bypassMergeThreshold": 437.8226497676067, "spark.storage.memoryMapThreshold": 2.952596575986966}, "datetime": {"datetime": "2022-02-23 01:55:20", "elapsed": 4172.91053, "delta": 459.166416}}
{"target": -338.006, "params": {"spark.broadcast.blockSize": 7.177734888409877, "spark.broadcast.checksum": 0.7634696002969796, "spark.broadcast.compress": 0.35450219459517185, "spark.default.parallelism": 321.04122077612624, "spark.executor.cores": 5.393946703372715, "spark.executor.instances": 8.777941580005386, "spark.executor.memory": 12.08741063348967, "spark.executor.memoryOverhead": 833.595582683721, "spark.kryoserializer.buffer": 88.1932417958986, "spark.kryoserializer.buffer.max": 67.25129282527449, "spark.locality.wait": 1.6465421440047807, "spark.maxRemoteBlockSizeFetchToMem": 1500363825.8170424, "spark.memory.fraction": 0.8932043231121947, "spark.memory.offHeap.enabled": 0.5946921902029674, "spark.memory.offHeap.size": 627.8322173121403, "spark.memory.storageFraction": 0.6089506548339559, "spark.rdd.compress": 0.5469218901471669, "spark.reducer.maxBlocksInFlightPerAddress": 1267503482.3179002, "spark.reducer.maxReqsInFlight": 1553283837.9463983, "spark.reducer.maxSizeInFlight": 60.976266047481246, "spark.scheduler.mode": 0.1001079156264395, "spark.scheduler.revive.interval": 516.2114807486785, "spark.shuffle.compress": 0.6034526651475726, "spark.shuffle.file.buffer": 36.83865554831312, "spark.shuffle.io.numConnectionsPerPeer": 4.834057821225401, "spark.shuffle.sort.bypassMergeThreshold": 104.01765168916728, "spark.storage.memoryMapThreshold": 6.212962700598573}, "datetime": {"datetime": "2022-02-23 02:01:06", "elapsed": 4519.454911, "delta": 346.544381}}
{"target": -674.865, "params": {"spark.broadcast.blockSize": 39.796907342231506, "spark.broadcast.checksum": 0.381719893617427, "spark.broadcast.compress": 0.40515004086351214, "spark.default.parallelism": 268.2637629270911, "spark.executor.cores": 4.865741693310027, "spark.executor.instances": 12.350333816514228, "spark.executor.memory": 9.687737911636864, "spark.executor.memoryOverhead": 1380.096975641677, "spark.kryoserializer.buffer": 104.96599852692695, "spark.kryoserializer.buffer.max": 39.67266195572827, "spark.locality.wait": 7.278866823565432, "spark.maxRemoteBlockSizeFetchToMem": 1590861381.3118393, "spark.memory.fraction": 0.6058835336906305, "spark.memory.offHeap.enabled": 0.2807240829968679, "spark.memory.offHeap.size": 762.1417936778026, "spark.memory.storageFraction": 0.6145493952939203, "spark.rdd.compress": 0.34464597166430955, "spark.reducer.maxBlocksInFlightPerAddress": 1252327634.999372, "spark.reducer.maxReqsInFlight": 1085369782.9248748, "spark.reducer.maxSizeInFlight": 54.60837248671521, "spark.scheduler.mode": 0.8726899756616584, "spark.scheduler.revive.interval": 774.379286247575, "spark.shuffle.compress": 0.5694816661042473, "spark.shuffle.file.buffer": 23.551180285723042, "spark.shuffle.io.numConnectionsPerPeer": 2.855948440661356, "spark.shuffle.sort.bypassMergeThreshold": 445.5466353245365, "spark.storage.memoryMapThreshold": 6.581462596869659}, "datetime": {"datetime": "2022-02-23 02:04:55", "elapsed": 13393.15113, "delta": 683.462645}}
{"target": -913.52, "params": {"spark.broadcast.blockSize": 44.9432300105577, "spark.broadcast.checksum": 0.8118541264455323, "spark.broadcast.compress": 0.6814745734261551, "spark.default.parallelism": 260.51081801876865, "spark.executor.cores": 4.836016860304002, "spark.executor.instances": 9.59940056350742, "spark.executor.memory": 8.227237977901297, "spark.executor.memoryOverhead": 1180.058345287849, "spark.kryoserializer.buffer": 117.74265573435449, "spark.kryoserializer.buffer.max": 58.03476197397718, "spark.locality.wait": 3.587922965461631, "spark.maxRemoteBlockSizeFetchToMem": 1622082048.4161954, "spark.memory.fraction": 0.8120472839611643, "spark.memory.offHeap.enabled": 0.8117552902289551, "spark.memory.offHeap.size": 419.250561812153, "spark.memory.storageFraction": 0.7631302250942644, "spark.rdd.compress": 0.238960640172461, "spark.reducer.maxBlocksInFlightPerAddress": 1619762587.5562062, "spark.reducer.maxReqsInFlight": 1143936034.705254, "spark.reducer.maxSizeInFlight": 62.02416968034852, "spark.scheduler.mode": 0.34932607611651456, "spark.scheduler.revive.interval": 907.9884182674773, "spark.shuffle.compress": 0.5299290994225245, "spark.shuffle.file.buffer": 21.062631417436855, "spark.shuffle.io.numConnectionsPerPeer": 1.2724020052767182, "spark.shuffle.sort.bypassMergeThreshold": 492.93996873895287, "spark.storage.memoryMapThreshold": 5.442521827205889}, "datetime": {"datetime": "2022-02-23 02:16:29", "elapsed": 5441.560174, "delta": 922.105263}}
{"target": -293.268, "params": {"spark.broadcast.blockSize": 62.30961866513482, "spark.broadcast.checksum": 0.4280650146653423, "spark.broadcast.compress": 0.9259959322430333, "spark.default.parallelism": 298.61676749355, "spark.executor.cores": 4.521117135808286, "spark.executor.instances": 9.91637495779464, "spark.executor.memory": 12.146010671933306, "spark.executor.memoryOverhead": 1276.696241583939, "spark.kryoserializer.buffer": 114.0848572944406, "spark.kryoserializer.buffer.max": 111.83683239132881, "spark.locality.wait": 7.396063855317138, "spark.maxRemoteBlockSizeFetchToMem": 1711892000.2090816, "spark.memory.fraction": 0.5838758615129851, "spark.memory.offHeap.enabled": 0.24574618835822637, "spark.memory.offHeap.size": 296.4859175628301, "spark.memory.storageFraction": 0.6750249356573826, "spark.rdd.compress": 0.17325702047706248, "spark.reducer.maxBlocksInFlightPerAddress": 1525527800.1347528, "spark.reducer.maxReqsInFlight": 1115846465.5826206, "spark.reducer.maxSizeInFlight": 56.4215185413074, "spark.scheduler.mode": 0.9204364654106821, "spark.scheduler.revive.interval": 719.2335510169148, "spark.shuffle.compress": 0.624698841123398, "spark.shuffle.file.buffer": 34.43793133052931, "spark.shuffle.io.numConnectionsPerPeer": 1.3352807505008042, "spark.shuffle.sort.bypassMergeThreshold": 309.40483367947445, "spark.storage.memoryMapThreshold": 4.1764739707143566}, "datetime": {"datetime": "2022-02-23 02:21:30", "elapsed": 5743.395515, "delta": 301.835341}}
{"target": -278.766, "params": {"spark.broadcast.blockSize": 55.64798799564959, "spark.broadcast.checksum": 0.37627805349812704, "spark.broadcast.compress": 0.6047392814788178, "spark.default.parallelism": 251.9987289668604, "spark.executor.cores": 4.953696001779711, "spark.executor.instances": 12.626282487894384, "spark.executor.memory": 12.194825429291704, "spark.executor.memoryOverhead": 1240.2225631425204, "spark.kryoserializer.buffer": 97.65885105773944, "spark.kryoserializer.buffer.max": 91.71621067400861, "spark.locality.wait": 9.160565769076271, "spark.maxRemoteBlockSizeFetchToMem": 1690660440.8525767, "spark.memory.fraction": 0.7330378711732357, "spark.memory.offHeap.enabled": 0.7911032260658138, "spark.memory.offHeap.size": 1000.9658567220225, "spark.memory.storageFraction": 0.7848976918598731, "spark.rdd.compress": 0.6982000554451323, "spark.reducer.maxBlocksInFlightPerAddress": 1956530953.566781, "spark.reducer.maxReqsInFlight": 2097080962.8698287, "spark.reducer.maxSizeInFlight": 24.748301735784025, "spark.scheduler.mode": 0.7259483537089702, "spark.scheduler.revive.interval": 854.3205221802206, "spark.shuffle.compress": 0.5755446501241622, "spark.shuffle.file.buffer": 43.02900180772059, "spark.shuffle.io.numConnectionsPerPeer": 4.499918985413942, "spark.shuffle.sort.bypassMergeThreshold": 253.11959544670924, "spark.storage.memoryMapThreshold": 7.840840819425489}, "datetime": {"datetime": "2022-02-23 02:26:18", "elapsed": 6030.848569, "delta": 287.453054}}
{"target": -481.849, "params": {"spark.broadcast.blockSize": 62.491125800182324, "spark.broadcast.checksum": 0.5216102658653295, "spark.broadcast.compress": 0.17040011946838263, "spark.default.parallelism": 445.6479903144458, "spark.executor.cores": 4.02760196225055, "spark.executor.instances": 13.9576456947219, "spark.executor.memory": 10.257649498718763, "spark.executor.memoryOverhead": 897.0496893601877, "spark.kryoserializer.buffer": 79.61697841830393, "spark.kryoserializer.buffer.max": 100.43752423925956, "spark.locality.wait": 5.554929866301739, "spark.maxRemoteBlockSizeFetchToMem": 1357856243.7721653, "spark.memory.fraction": 0.5405671691841455, "spark.memory.offHeap.enabled": 0.37805365359380505, "spark.memory.offHeap.size": 592.8676405289758, "spark.memory.storageFraction": 0.8473029206026059, "spark.rdd.compress": 0.7528398271872253, "spark.reducer.maxBlocksInFlightPerAddress": 1593078953.365364, "spark.reducer.maxReqsInFlight": 1919501508.2800345, "spark.reducer.maxSizeInFlight": 46.659096982670135, "spark.scheduler.mode": 0.9194590719694011, "spark.scheduler.revive.interval": 812.365291113269, "spark.shuffle.compress": 0.1926846916607321, "spark.shuffle.file.buffer": 30.600970665815336, "spark.shuffle.io.numConnectionsPerPeer": 3.770748539736326, "spark.shuffle.sort.bypassMergeThreshold": 358.5771040461232, "spark.storage.memoryMapThreshold": 5.146168078272007}, "datetime": {"datetime": "2022-02-23 02:34:28", "elapsed": 6521.303643, "delta": 490.455074}}
{"target": -481.849, "params": {"spark.broadcast.blockSize": 51.660267671830425, "spark.broadcast.checksum": 0.4675883601508716, "spark.broadcast.compress": 0.7052614290541113, "spark.default.parallelism": 348.8511468395702, "spark.executor.cores": 5.639251987387638, "spark.executor.instances": 9.944659080877035, "spark.executor.memory": 9.426211706854247, "spark.executor.memoryOverhead": 1094.211395377406, "spark.kryoserializer.buffer": 89.62223752555502, "spark.kryoserializer.buffer.max": 61.795977677148706, "spark.locality.wait": 2.418327914063045, "spark.maxRemoteBlockSizeFetchToMem": 1699242109.7488327, "spark.memory.fraction": 0.871762366426355, "spark.memory.offHeap.enabled": 0.6787033493461542, "spark.memory.offHeap.size": 816.0259163517097, "spark.memory.storageFraction": 0.7451565275144322, "spark.rdd.compress": 0.3693460158450588, "spark.reducer.maxBlocksInFlightPerAddress": 1406944984.3512304, "spark.reducer.maxReqsInFlight": 1465011874.6390834, "spark.reducer.maxSizeInFlight": 56.44365038065984, "spark.scheduler.mode": 0.6815427686914584, "spark.scheduler.revive.interval": 667.027896559001, "spark.shuffle.compress": 0.906622697428305, "spark.shuffle.file.buffer": 16.530186854089592, "spark.shuffle.io.numConnectionsPerPeer": 4.753514194308561, "spark.shuffle.sort.bypassMergeThreshold": 374.19191073372707, "spark.storage.memoryMapThreshold": 3.990643653714147}, "datetime": {"datetime": "2022-02-23 02:45:26", "elapsed": 15823.865302, "delta": 2430.714172}}
{"target": -527.802, "params": {"spark.broadcast.blockSize": 44.95085955244243, "spark.broadcast.checksum": 0.364426323742991, "spark.broadcast.compress": 0.585339575208248, "spark.default.parallelism": 232.115751512271, "spark.executor.cores": 4.548725755083651, "spark.executor.instances": 11.98964330198902, "spark.executor.memory": 9.483105894994136, "spark.executor.memoryOverhead": 992.6546848825003, "spark.kryoserializer.buffer": 80.94201910371106, "spark.kryoserializer.buffer.max": 49.498748175361726, "spark.locality.wait": 2.2109759632175563, "spark.maxRemoteBlockSizeFetchToMem": 1912836393.7157874, "spark.memory.fraction": 0.502511526094667, "spark.memory.offHeap.enabled": 0.12809856700432254, "spark.memory.offHeap.size": 526.1831885070171, "spark.memory.storageFraction": 0.8177528528111744, "spark.rdd.compress": 0.2475309590722261, "spark.reducer.maxBlocksInFlightPerAddress": 1482764878.5512543, "spark.reducer.maxReqsInFlight": 1111032587.4425037, "spark.reducer.maxSizeInFlight": 47.5260783423356, "spark.scheduler.mode": 0.82034250621196, "spark.scheduler.revive.interval": 965.5901673408312, "spark.shuffle.compress": 0.8010571854636314, "spark.shuffle.file.buffer": 25.330084020608727, "spark.shuffle.io.numConnectionsPerPeer": 3.0911857745697016, "spark.shuffle.sort.bypassMergeThreshold": 468.3375636831898, "spark.storage.memoryMapThreshold": 2.816401546476157}, "datetime": {"datetime": "2022-02-23 02:54:24", "elapsed": 16362.108522, "delta": 538.24322}}
{"target": -504.169, "params": {"spark.broadcast.blockSize": 23.034855784563824, "spark.broadcast.checksum": 0.1988787826288354, "spark.broadcast.compress": 0.4373724306128731, "spark.default.parallelism": 313.1778558747571, "spark.executor.cores": 4.651944180398935, "spark.executor.instances": 10.402766140567667, "spark.executor.memory": 10.070823470991845, "spark.executor.memoryOverhead": 672.2076577658643, "spark.kryoserializer.buffer": 120.36315317151264, "spark.kryoserializer.buffer.max": 33.20714347356959, "spark.locality.wait": 5.014569078228531, "spark.maxRemoteBlockSizeFetchToMem": 1671182827.7265265, "spark.memory.fraction": 0.5386658884314861, "spark.memory.offHeap.enabled": 0.30865194333964463, "spark.memory.offHeap.size": 772.8569446230757, "spark.memory.storageFraction": 0.8598513837242667, "spark.rdd.compress": 0.33716248417002415, "spark.reducer.maxBlocksInFlightPerAddress": 1606549848.0000052, "spark.reducer.maxReqsInFlight": 1529700057.7199206, "spark.reducer.maxSizeInFlight": 66.75296590789135, "spark.scheduler.mode": 0.5827741877701406, "spark.scheduler.revive.interval": 876.3109936684434, "spark.shuffle.compress": 0.5275650840023023, "spark.shuffle.file.buffer": 33.95352719398037, "spark.shuffle.io.numConnectionsPerPeer": 2.292200075693197, "spark.shuffle.sort.bypassMergeThreshold": 453.9716673171808, "spark.storage.memoryMapThreshold": 6.891403306794332}, "datetime": {"datetime": "2022-02-23 03:02:57", "elapsed": 16875.711289, "delta": 513.602767}}
