{"target": -359.527, "params": {"spark.broadcast.blockSize": 31.35291162667584, "spark.broadcast.checksum": 0.6714575516116763, "spark.broadcast.compress": 0.7621791806841735, "spark.default.parallelism": 414.00847872247016, "spark.executor.cores": 4.815451815319914, "spark.executor.instances": 9.64163787924555, "spark.executor.memory": 12.728215018370317, "spark.executor.memoryOverhead": 1492.7690968102384, "spark.kryoserializer.buffer": 111.72984710697946, "spark.kryoserializer.buffer.max": 98.34384151666738, "spark.locality.wait": 4.8957402116226945, "spark.maxRemoteBlockSizeFetchToMem": 2095135005.781101, "spark.memory.fraction": 0.6498889921164033, "spark.memory.offHeap.enabled": 0.5671010101341522, "spark.memory.offHeap.size": 644.7181812317441, "spark.memory.storageFraction": 0.834014955710902, "spark.rdd.compress": 0.3224887799393814, "spark.reducer.maxBlocksInFlightPerAddress": 1760529761.3646073, "spark.reducer.maxReqsInFlight": 1498849757.462688, "spark.reducer.maxSizeInFlight": 53.18770026102948, "spark.scheduler.mode": 0.13889235543665357, "spark.scheduler.revive.interval": 664.5332605069764, "spark.shuffle.compress": 0.18830706079868675, "spark.shuffle.file.buffer": 28.63380891654722, "spark.shuffle.io.numConnectionsPerPeer": 3.289659275700666, "spark.shuffle.sort.bypassMergeThreshold": 398.8946209992989, "spark.storage.memoryMapThreshold": 2.0621430970424943}, "datetime": {"datetime": "2022-02-23 04:42:29", "elapsed": 14201.975352, "delta": 993.559513}}
{"target": -100000.0, "params": {"spark.broadcast.blockSize": 58.93212378502867, "spark.broadcast.checksum": 0.5396750133289343, "spark.broadcast.compress": 0.9216607325273799, "spark.default.parallelism": 478.79955049545816, "spark.executor.cores": 5.786401155724112, "spark.executor.instances": 8.845054372136401, "spark.executor.memory": 10.546642315378993, "spark.executor.memoryOverhead": 775.8384026600652, "spark.kryoserializer.buffer": 89.52997856681819, "spark.kryoserializer.buffer.max": 84.73916173667477, "spark.locality.wait": 3.5963837996989616, "spark.maxRemoteBlockSizeFetchToMem": 1333375792.0875673, "spark.memory.fraction": 0.697266502643473, "spark.memory.offHeap.enabled": 0.5787911887186525, "spark.memory.offHeap.size": 787.9093505488194, "spark.memory.storageFraction": 0.8671324951838456, "spark.rdd.compress": 0.09281655718063264, "spark.reducer.maxBlocksInFlightPerAddress": 1297585963.981753, "spark.reducer.maxReqsInFlight": 1245242034.3365464, "spark.reducer.maxSizeInFlight": 62.34071732980442, "spark.scheduler.mode": 0.944838744310741, "spark.scheduler.revive.interval": 806.907829439519, "spark.shuffle.compress": 0.6780055276563571, "spark.shuffle.file.buffer": 20.18127858546676, "spark.shuffle.io.numConnectionsPerPeer": 3.131402904739973, "spark.shuffle.sort.bypassMergeThreshold": 393.08920288009904, "spark.storage.memoryMapThreshold": 8.494282256840206}, "datetime": {"datetime": "2022-02-23 04:42:29", "elapsed": 22847.276011, "delta": 624.750419}}
{"target": -100000.0, "params": {"spark.broadcast.blockSize": 59.28412672654017, "spark.broadcast.checksum": 0.1693787535226624, "spark.broadcast.compress": 0.4212130068326685, "spark.default.parallelism": 220.6013164598582, "spark.executor.cores": 5.923406490133068, "spark.executor.instances": 12.036920198354895, "spark.executor.memory": 13.655101314107831, "spark.executor.memoryOverhead": 1586.5798802148038, "spark.kryoserializer.buffer": 76.43506773385316, "spark.kryoserializer.buffer.max": 107.65806235779165, "spark.locality.wait": 5.534488353278775, "spark.maxRemoteBlockSizeFetchToMem": 1380819043.0055711, "spark.memory.fraction": 0.7449496170699147, "spark.memory.offHeap.enabled": 0.8626841244227306, "spark.memory.offHeap.size": 877.8519484147083, "spark.memory.storageFraction": 0.7021083278433675, "spark.rdd.compress": 0.8018479687897591, "spark.reducer.maxBlocksInFlightPerAddress": 1602715651.8804178, "spark.reducer.maxReqsInFlight": 1626079600.4330254, "spark.reducer.maxSizeInFlight": 54.67951598319925, "spark.scheduler.mode": 0.38254106393099896, "spark.scheduler.revive.interval": 851.5669077486975, "spark.shuffle.compress": 0.16436391716487586, "spark.shuffle.file.buffer": 19.908858841618542, "spark.shuffle.io.numConnectionsPerPeer": 4.21873162191142, "spark.shuffle.sort.bypassMergeThreshold": 181.76736699358034, "spark.storage.memoryMapThreshold": 2.8692584723660683}, "datetime": {"datetime": "2022-02-23 05:00:43", "elapsed": 15295.732869, "delta": 1093.757517}}
{"target": -100000.0, "params": {"spark.broadcast.blockSize": 28.053125414340492, "spark.broadcast.checksum": 0.48976173024020664, "spark.broadcast.compress": 0.621947466780381, "spark.default.parallelism": 268.64620508274913, "spark.executor.cores": 5.660869389344603, "spark.executor.instances": 11.60198249085665, "spark.executor.memory": 11.740764009026705, "spark.executor.memoryOverhead": 741.2436755295275, "spark.kryoserializer.buffer": 98.39937521242, "spark.kryoserializer.buffer.max": 71.70103857373132, "spark.locality.wait": 6.998088469606869, "spark.maxRemoteBlockSizeFetchToMem": 2032630965.964417, "spark.memory.fraction": 0.5183985022281818, "spark.memory.offHeap.enabled": 0.498315654739534, "spark.memory.offHeap.size": 724.4093557712146, "spark.memory.storageFraction": 0.731851205141784, "spark.rdd.compress": 0.425189306171861, "spark.reducer.maxBlocksInFlightPerAddress": 1747031516.054774, "spark.reducer.maxReqsInFlight": 1356481335.7351272, "spark.reducer.maxSizeInFlight": 63.5061148170837, "spark.scheduler.mode": 0.43085292626448246, "spark.scheduler.revive.interval": 633.167474968813, "spark.shuffle.compress": 0.5962983972240247, "spark.shuffle.file.buffer": 43.61942469136895, "spark.shuffle.io.numConnectionsPerPeer": 2.7301852944448166, "spark.shuffle.sort.bypassMergeThreshold": 256.93497249234713, "spark.storage.memoryMapThreshold": 2.934644844022108}, "datetime": {"datetime": "2022-02-23 05:00:43", "elapsed": 23941.621719, "delta": 1094.345708}}
{"target": -100000.0, "params": {"spark.broadcast.blockSize": 28.29668203013304, "spark.broadcast.checksum": 0.7649885243560265, "spark.broadcast.compress": 0.3236244922272029, "spark.default.parallelism": 440.820178803581, "spark.executor.cores": 6.1866680475641935, "spark.executor.instances": 12.224484474242326, "spark.executor.memory": 9.959517235490724, "spark.executor.memoryOverhead": 1281.0488743761546, "spark.kryoserializer.buffer": 74.69017473552434, "spark.kryoserializer.buffer.max": 86.87071705436065, "spark.locality.wait": 9.87198720183116, "spark.maxRemoteBlockSizeFetchToMem": 1925740128.6671338, "spark.memory.fraction": 0.6933861665897962, "spark.memory.offHeap.enabled": 0.5400500373982853, "spark.memory.offHeap.size": 711.6890240653306, "spark.memory.storageFraction": 0.8531672537712764, "spark.rdd.compress": 0.5564665925269313, "spark.reducer.maxBlocksInFlightPerAddress": 1614909056.9354067, "spark.reducer.maxReqsInFlight": 2079738602.7934117, "spark.reducer.maxSizeInFlight": 59.28572947500258, "spark.scheduler.mode": 0.8215688036620857, "spark.scheduler.revive.interval": 501.03945731783364, "spark.shuffle.compress": 0.3421594892602575, "spark.shuffle.file.buffer": 38.779838225456146, "spark.shuffle.io.numConnectionsPerPeer": 4.737921251244805, "spark.shuffle.sort.bypassMergeThreshold": 478.1078096878316, "spark.storage.memoryMapThreshold": 7.567300089683605}, "datetime": {"datetime": "2022-02-23 05:43:20", "elapsed": 17852.758078, "delta": 2557.025209}}
{"target": -100000.0, "params": {"spark.broadcast.blockSize": 56.77940846426973, "spark.broadcast.checksum": 0.23594561877527365, "spark.broadcast.compress": 0.5358535420023212, "spark.default.parallelism": 281.85668776561204, "spark.executor.cores": 4.679511286545941, "spark.executor.instances": 11.074183568043031, "spark.executor.memory": 11.428567385066245, "spark.executor.memoryOverhead": 1293.2064938643516, "spark.kryoserializer.buffer": 85.30053831209001, "spark.kryoserializer.buffer.max": 51.49875357915039, "spark.locality.wait": 9.587033868638198, "spark.maxRemoteBlockSizeFetchToMem": 1962007872.7356358, "spark.memory.fraction": 0.8734824779542836, "spark.memory.offHeap.enabled": 0.44840513578587793, "spark.memory.offHeap.size": 751.0400739911438, "spark.memory.storageFraction": 0.6159858113714152, "spark.rdd.compress": 0.24488521574226063, "spark.reducer.maxBlocksInFlightPerAddress": 1924882701.2943063, "spark.reducer.maxReqsInFlight": 1504559323.8159099, "spark.reducer.maxSizeInFlight": 41.28278593417196, "spark.scheduler.mode": 0.3028509176423, "spark.scheduler.revive.interval": 694.8369752479925, "spark.shuffle.compress": 0.7518094773699748, "spark.shuffle.file.buffer": 31.678811714148775, "spark.shuffle.io.numConnectionsPerPeer": 4.103619043872063, "spark.shuffle.sort.bypassMergeThreshold": 478.50819504793805, "spark.storage.memoryMapThreshold": 6.279758165887902}, "datetime": {"datetime": "2022-02-23 05:48:48", "elapsed": 26826.332127, "delta": 2884.710408}}
{"target": -894.248, "params": {"spark.broadcast.blockSize": 42.9285165264381, "spark.broadcast.checksum": 0.10610043534372837, "spark.broadcast.compress": 0.6011357588147697, "spark.default.parallelism": 282.36813912762716, "spark.executor.cores": 4.019726701273149, "spark.executor.instances": 12.696388066841743, "spark.executor.memory": 8.182585802812508, "spark.executor.memoryOverhead": 671.2880204789403, "spark.kryoserializer.buffer": 94.4682348067638, "spark.kryoserializer.buffer.max": 52.71717009450278, "spark.locality.wait": 6.032636527941824, "spark.maxRemoteBlockSizeFetchToMem": 1524060461.5739064, "spark.memory.fraction": 0.6282735017765622, "spark.memory.offHeap.enabled": 0.4758611876269937, "spark.memory.offHeap.size": 857.4690663031316, "spark.memory.storageFraction": 0.817785557862172, "spark.rdd.compress": 0.6738246074333869, "spark.reducer.maxBlocksInFlightPerAddress": 2095403854.142303, "spark.reducer.maxReqsInFlight": 1711349560.0170205, "spark.reducer.maxSizeInFlight": 50.34888275721767, "spark.scheduler.mode": 0.32459215586492307, "spark.scheduler.revive.interval": 777.7617854993102, "spark.shuffle.compress": 0.9132543942504204, "spark.shuffle.file.buffer": 18.209353152209985, "spark.shuffle.io.numConnectionsPerPeer": 3.116410617213429, "spark.shuffle.sort.bypassMergeThreshold": 444.62876936139014, "spark.storage.memoryMapThreshold": 6.390095582581766}, "datetime": {"datetime": "2022-02-23 06:03:51", "elapsed": 27729.240443, "delta": 902.908316}}
{"target": -614.726, "params": {"spark.broadcast.blockSize": 40.087871167122, "spark.broadcast.checksum": 0.1430214959589785, "spark.broadcast.compress": 0.45504980090267577, "spark.default.parallelism": 312.8788129453708, "spark.executor.cores": 4.9318288707962825, "spark.executor.instances": 8.91987176441739, "spark.executor.memory": 12.06199899626399, "spark.executor.memoryOverhead": 393.9197720608936, "spark.kryoserializer.buffer": 100.65773118345459, "spark.kryoserializer.buffer.max": 78.48382413030401, "spark.locality.wait": 4.545991762758677, "spark.maxRemoteBlockSizeFetchToMem": 1764533380.9694164, "spark.memory.fraction": 0.5083811135191881, "spark.memory.offHeap.enabled": 0.6422416670073919, "spark.memory.offHeap.size": 669.2911276327574, "spark.memory.storageFraction": 0.559943908530105, "spark.rdd.compress": 0.8202120389726717, "spark.reducer.maxBlocksInFlightPerAddress": 1862240388.4342442, "spark.reducer.maxReqsInFlight": 1467445781.658185, "spark.reducer.maxSizeInFlight": 65.66334557298042, "spark.scheduler.mode": 0.22835683027740716, "spark.scheduler.revive.interval": 927.6511568885019, "spark.shuffle.compress": 0.6441648191144134, "spark.shuffle.file.buffer": 20.610906903088836, "spark.shuffle.io.numConnectionsPerPeer": 1.92161871850635, "spark.shuffle.sort.bypassMergeThreshold": 487.54769883595264, "spark.storage.memoryMapThreshold": 4.267545955143502}, "datetime": {"datetime": "2022-02-23 06:14:14", "elapsed": 28352.607784, "delta": 623.367341}}
{"target": -473.425, "params": {"spark.broadcast.blockSize": 56.475560541798124, "spark.broadcast.checksum": 0.37627173017908067, "spark.broadcast.compress": 0.7711964486432029, "spark.default.parallelism": 284.84447350106507, "spark.executor.cores": 5.746049476729354, "spark.executor.instances": 12.766934669751656, "spark.executor.memory": 11.848914920687418, "spark.executor.memoryOverhead": 1053.6697375842436, "spark.kryoserializer.buffer": 83.20031227223582, "spark.kryoserializer.buffer.max": 37.39307691103683, "spark.locality.wait": 1.219658714168451, "spark.maxRemoteBlockSizeFetchToMem": 1930725784.5231938, "spark.memory.fraction": 0.5834782489653763, "spark.memory.offHeap.enabled": 0.672765443580649, "spark.memory.offHeap.size": 713.0207576245541, "spark.memory.storageFraction": 0.7315928911755388, "spark.rdd.compress": 0.2917839392865439, "spark.reducer.maxBlocksInFlightPerAddress": 2014725760.4968512, "spark.reducer.maxReqsInFlight": 1399867128.325231, "spark.reducer.maxSizeInFlight": 55.47362452120635, "spark.scheduler.mode": 0.23097156495218607, "spark.scheduler.revive.interval": 847.2044299308842, "spark.shuffle.compress": 0.6707227677306562, "spark.shuffle.file.buffer": 23.156966166227022, "spark.shuffle.io.numConnectionsPerPeer": 2.6957192453351007, "spark.shuffle.sort.bypassMergeThreshold": 469.6315474638186, "spark.storage.memoryMapThreshold": 6.6289515039246805}, "datetime": {"datetime": "2022-02-23 06:22:16", "elapsed": 28834.697651, "delta": 482.089867}}
{"target": -291.55, "params": {"spark.broadcast.blockSize": 52.7481268660851, "spark.broadcast.checksum": 0.024561318700256796, "spark.broadcast.compress": 0.7741785617877943, "spark.default.parallelism": 223.2811191547938, "spark.executor.cores": 5.020698321647863, "spark.executor.instances": 12.664827183106663, "spark.executor.memory": 8.619742615997708, "spark.executor.memoryOverhead": 699.8693028374878, "spark.kryoserializer.buffer": 65.91278189185138, "spark.kryoserializer.buffer.max": 56.87962483746075, "spark.locality.wait": 4.415455433284494, "spark.maxRemoteBlockSizeFetchToMem": 1907235411.9117384, "spark.memory.fraction": 0.5558692709330554, "spark.memory.offHeap.enabled": 0.6023783628969887, "spark.memory.offHeap.size": 695.1657388320413, "spark.memory.storageFraction": 0.6624111226513693, "spark.rdd.compress": 0.30163070628877564, "spark.reducer.maxBlocksInFlightPerAddress": 1498256833.383265, "spark.reducer.maxReqsInFlight": 1470660421.8466976, "spark.reducer.maxSizeInFlight": 69.18564207534291, "spark.scheduler.mode": 0.2412687370579233, "spark.scheduler.revive.interval": 668.0813425014762, "spark.shuffle.compress": 0.7816430603288638, "spark.shuffle.file.buffer": 19.484779989748187, "spark.shuffle.io.numConnectionsPerPeer": 2.3976770617502616, "spark.shuffle.sort.bypassMergeThreshold": 366.8057065499648, "spark.storage.memoryMapThreshold": 6.153054015165643}, "datetime": {"datetime": "2022-02-23 06:29:06", "elapsed": 29244.501194, "delta": 409.803543}}
{"target": -278.445, "params": {"spark.broadcast.blockSize": 52.165924180361586, "spark.broadcast.checksum": 0.014100634888490893, "spark.broadcast.compress": 0.3291357867808624, "spark.default.parallelism": 365.4335951760859, "spark.executor.cores": 4.7581837232444455, "spark.executor.instances": 10.9171950264654, "spark.executor.memory": 9.78252949788025, "spark.executor.memoryOverhead": 972.3874388059269, "spark.kryoserializer.buffer": 126.74784186269761, "spark.kryoserializer.buffer.max": 34.38379392888854, "spark.locality.wait": 3.16467034104983, "spark.maxRemoteBlockSizeFetchToMem": 1819943061.7650533, "spark.memory.fraction": 0.6410817828653166, "spark.memory.offHeap.enabled": 0.23719738735848994, "spark.memory.offHeap.size": 323.91154499358504, "spark.memory.storageFraction": 0.7543245109194556, "spark.rdd.compress": 0.2021369660645379, "spark.reducer.maxBlocksInFlightPerAddress": 1686857406.276833, "spark.reducer.maxReqsInFlight": 1592608198.3866987, "spark.reducer.maxSizeInFlight": 50.13729763597418, "spark.scheduler.mode": 0.05569931180407306, "spark.scheduler.revive.interval": 768.334823199288, "spark.shuffle.compress": 0.7515505102301343, "spark.shuffle.file.buffer": 31.751932032805097, "spark.shuffle.io.numConnectionsPerPeer": 2.4412036779434874, "spark.shuffle.sort.bypassMergeThreshold": 388.7377187479097, "spark.storage.memoryMapThreshold": 6.361112699166858}, "datetime": {"datetime": "2022-02-23 06:33:53", "elapsed": 29531.354509, "delta": 286.853315}}
{"target": -308.734, "params": {"spark.broadcast.blockSize": 27.145965960266125, "spark.broadcast.checksum": 0.38267930308322395, "spark.broadcast.compress": 0.6907309278013444, "spark.default.parallelism": 305.4341455280533, "spark.executor.cores": 4.8204735695480325, "spark.executor.instances": 10.491012287639531, "spark.executor.memory": 8.228516499389897, "spark.executor.memoryOverhead": 805.7925407965574, "spark.kryoserializer.buffer": 102.38251155228318, "spark.kryoserializer.buffer.max": 83.7850246640695, "spark.locality.wait": 4.946295660168911, "spark.maxRemoteBlockSizeFetchToMem": 1809533068.1209922, "spark.memory.fraction": 0.5215444557142711, "spark.memory.offHeap.enabled": 0.7015942725938711, "spark.memory.offHeap.size": 551.4800620246987, "spark.memory.storageFraction": 0.8059308817919082, "spark.rdd.compress": 0.5707387764409732, "spark.reducer.maxBlocksInFlightPerAddress": 1642379379.7388706, "spark.reducer.maxReqsInFlight": 1558282511.739663, "spark.reducer.maxSizeInFlight": 49.572579616778114, "spark.scheduler.mode": 0.3763463714729228, "spark.scheduler.revive.interval": 848.1006865372233, "spark.shuffle.compress": 0.7886287047741799, "spark.shuffle.file.buffer": 26.89491762596149, "spark.shuffle.io.numConnectionsPerPeer": 1.958157099852028, "spark.shuffle.sort.bypassMergeThreshold": 417.4965153029025, "spark.storage.memoryMapThreshold": 5.436612390518906}, "datetime": {"datetime": "2022-02-23 06:39:10", "elapsed": 29848.758587, "delta": 317.404078}}
{"target": -308.734, "params": {"spark.broadcast.blockSize": 50.28762436012101, "spark.broadcast.checksum": 0.774153905224837, "spark.broadcast.compress": 0.4560293064182265, "spark.default.parallelism": 487.14190214883126, "spark.executor.cores": 6.252116109477875, "spark.executor.instances": 9.825332313585943, "spark.executor.memory": 12.066650075026008, "spark.executor.memoryOverhead": 948.1796412420491, "spark.kryoserializer.buffer": 52.22314145204314, "spark.kryoserializer.buffer.max": 100.51088698294397, "spark.locality.wait": 4.0600531521157315, "spark.maxRemoteBlockSizeFetchToMem": 2067464497.0282931, "spark.memory.fraction": 0.6379671504257068, "spark.memory.offHeap.enabled": 0.35352696179798504, "spark.memory.offHeap.size": 9.588361411741744, "spark.memory.storageFraction": 0.657224012471918, "spark.rdd.compress": 0.2737175199696301, "spark.reducer.maxBlocksInFlightPerAddress": 1491557658.253653, "spark.reducer.maxReqsInFlight": 1391878278.5778282, "spark.reducer.maxSizeInFlight": 52.152534929584114, "spark.scheduler.mode": 0.6912441025073768, "spark.scheduler.revive.interval": 752.8161931767653, "spark.shuffle.compress": 0.34389620649076014, "spark.shuffle.file.buffer": 29.448038239941965, "spark.shuffle.io.numConnectionsPerPeer": 3.7213708764339035, "spark.shuffle.sort.bypassMergeThreshold": 285.8580978617858, "spark.storage.memoryMapThreshold": 2.513916395751845}, "datetime": {"datetime": "2022-02-23 06:42:47", "elapsed": 21420.238701, "delta": 3567.480623}}
{"target": -100000.0, "params": {"spark.broadcast.blockSize": 29.614968894442868, "spark.broadcast.checksum": 0.3153362376007951, "spark.broadcast.compress": 0.5125943208807237, "spark.default.parallelism": 356.2236702870417, "spark.executor.cores": 4.872553996614212, "spark.executor.instances": 10.1937113143595, "spark.executor.memory": 9.813950457910902, "spark.executor.memoryOverhead": 1196.501724211686, "spark.kryoserializer.buffer": 108.35490899663392, "spark.kryoserializer.buffer.max": 84.45023444155792, "spark.locality.wait": 6.471770830607398, "spark.maxRemoteBlockSizeFetchToMem": 1421126681.3045635, "spark.memory.fraction": 0.5770874851869819, "spark.memory.offHeap.enabled": 0.7009945500015509, "spark.memory.offHeap.size": 414.54453212438546, "spark.memory.storageFraction": 0.8003658717300293, "spark.rdd.compress": 0.07893314379459404, "spark.reducer.maxBlocksInFlightPerAddress": 1818901374.5273051, "spark.reducer.maxReqsInFlight": 1313355488.6764925, "spark.reducer.maxSizeInFlight": 43.96275188053433, "spark.scheduler.mode": 0.5685578695194075, "spark.scheduler.revive.interval": 966.5465693336171, "spark.shuffle.compress": 0.13288243550250844, "spark.shuffle.file.buffer": 19.84880610544604, "spark.shuffle.io.numConnectionsPerPeer": 1.8694197216378612, "spark.shuffle.sort.bypassMergeThreshold": 426.97566839000683, "spark.storage.memoryMapThreshold": 3.4421739058893417}, "datetime": {"datetime": "2022-02-23 06:44:50", "elapsed": 21543.374656, "delta": 123.135955}}
