{"target": -2801.2781100000016, "params": {"spark.default.parallelism": 353.2693273093263, "spark.executor.cores": 1.5850476468087409, "spark.executor.instances": 6.896870834240976, "spark.executor.memory": 6.747265005432465, "spark.executor.memoryOverhead": 453.3267196094148, "spark.memory.fraction": 0.8708104514832553, "spark.memory.storageFraction": 0.6270511473314117, "spark.reducer.maxBlocksInFlightPerAddress": 1526687695.5476928, "spark.reducer.maxSizeInFlight": 28.41068521956989, "spark.shuffle.file.buffer": 26.24998090828744}, "datetime": {"datetime": "2022-02-25 16:31:44", "elapsed": 0.0, "delta": 0.0}}
{"target": -2714.6811999999986, "params": {"spark.default.parallelism": 296.1503607455929, "spark.executor.cores": 3.5752726900353746, "spark.executor.instances": 6.396106369627797, "spark.executor.memory": 3.524872727293874, "spark.executor.memoryOverhead": 574.0179156455962, "spark.memory.fraction": 0.6374853139545812, "spark.memory.storageFraction": 0.8503098827249113, "spark.reducer.maxBlocksInFlightPerAddress": 1178249826.6132975, "spark.reducer.maxSizeInFlight": 64.84517225550925, "spark.shuffle.file.buffer": 34.32633689229902}, "datetime": {"datetime": "2022-02-25 16:31:44", "elapsed": 0.107712, "delta": 0.107712}}
{"target": -2807.6133600000007, "params": {"spark.default.parallelism": 498.62786412235727, "spark.executor.cores": 2.4480588352423913, "spark.executor.instances": 5.209695140270873, "spark.executor.memory": 4.789711854480244, "spark.executor.memoryOverhead": 859.2476310755114, "spark.memory.fraction": 0.5652038906101211, "spark.memory.storageFraction": 0.6794282863637943, "spark.reducer.maxBlocksInFlightPerAddress": 2031883209.5136585, "spark.reducer.maxSizeInFlight": 42.17305377823057, "spark.shuffle.file.buffer": 46.116638651816736}, "datetime": {"datetime": "2022-02-25 16:31:44", "elapsed": 0.214428, "delta": 0.106716}}
{"target": -2807.6133600000007, "params": {"spark.default.parallelism": 497.0, "spark.executor.cores": 2.0, "spark.executor.instances": 5.0, "spark.executor.memory": 5.0, "spark.executor.memoryOverhead": 838.0, "spark.memory.fraction": 0.550000011920929, "spark.memory.storageFraction": 0.6800000071525574, "spark.reducer.maxBlocksInFlightPerAddress": 2014829824.0, "spark.reducer.maxSizeInFlight": 42.0, "spark.shuffle.file.buffer": 46.0}, "datetime": {"datetime": "2022-02-25 16:31:49", "elapsed": 5.316784, "delta": 5.102356}}
{"target": -2803.855500000001, "params": {"spark.default.parallelism": 500.0, "spark.executor.cores": 3.0, "spark.executor.instances": 5.0, "spark.executor.memory": 5.0, "spark.executor.memoryOverhead": 847.0, "spark.memory.fraction": 0.5299999713897705, "spark.memory.storageFraction": 0.6899999976158142, "spark.reducer.maxBlocksInFlightPerAddress": 1974590080.0, "spark.reducer.maxSizeInFlight": 42.0, "spark.shuffle.file.buffer": 47.0}, "datetime": {"datetime": "2022-02-25 16:31:49", "elapsed": 5.463419, "delta": 0.146635}}
{"target": -2811.666330000001, "params": {"spark.default.parallelism": 471.7347958176224, "spark.executor.cores": 1.623735245622408, "spark.executor.instances": 6.7021902652564265, "spark.executor.memory": 6.307245827387211, "spark.executor.memoryOverhead": 512.8708848319183, "spark.memory.fraction": 0.5002018501106356, "spark.memory.storageFraction": 0.7529280134151459, "spark.reducer.maxBlocksInFlightPerAddress": 2027727390.8450725, "spark.reducer.maxSizeInFlight": 60.16555453095418, "spark.shuffle.file.buffer": 25.13734788014303}, "datetime": {"datetime": "2022-02-25 16:31:49", "elapsed": 5.736661, "delta": 0.273242}}
{"target": -2797.238750000002, "params": {"spark.default.parallelism": 486.2394357576476, "spark.executor.cores": 1.2312871265815353, "spark.executor.instances": 6.671555755962629, "spark.executor.memory": 6.093578670722904, "spark.executor.memoryOverhead": 597.20764129425, "spark.memory.fraction": 0.566908767886981, "spark.memory.storageFraction": 0.549952090389277, "spark.reducer.maxBlocksInFlightPerAddress": 1355843577.2816215, "spark.reducer.maxSizeInFlight": 25.570597125766916, "spark.shuffle.file.buffer": 35.34356290352122}, "datetime": {"datetime": "2022-02-25 16:31:50", "elapsed": 5.93513, "delta": 0.198469}}
{"target": -2716.336960000001, "params": {"spark.default.parallelism": 265.99297625372975, "spark.executor.cores": 3.5663683747048287, "spark.executor.instances": 7.179488483764702, "spark.executor.memory": 4.397167676389818, "spark.executor.memoryOverhead": 620.2671062595156, "spark.memory.fraction": 0.7223427035574222, "spark.memory.storageFraction": 0.6777398809728279, "spark.reducer.maxBlocksInFlightPerAddress": 1826051960.7028747, "spark.reducer.maxSizeInFlight": 41.6369158208802, "spark.shuffle.file.buffer": 47.86790957178454}, "datetime": {"datetime": "2022-02-25 16:31:50", "elapsed": 6.122628, "delta": 0.187498}}
{"target": -2797.0545800000004, "params": {"spark.default.parallelism": 345.9575059778214, "spark.executor.cores": 3.1440922994374563, "spark.executor.instances": 7.0392250747115614, "spark.executor.memory": 6.962727483549804, "spark.executor.memoryOverhead": 766.7546950852324, "spark.memory.fraction": 0.5817279152607406, "spark.memory.storageFraction": 0.6331629966578163, "spark.reducer.maxBlocksInFlightPerAddress": 1211856221.2005877, "spark.reducer.maxSizeInFlight": 24.999809610364057, "spark.shuffle.file.buffer": 44.3916597706138}, "datetime": {"datetime": "2022-02-25 16:31:50", "elapsed": 6.310128, "delta": 0.1875}}
{"target": -2807.822400000001, "params": {"spark.default.parallelism": 280.45195687695133, "spark.executor.cores": 1.3648674985890505, "spark.executor.instances": 6.491444310510021, "spark.executor.memory": 4.724482082144515, "spark.executor.memoryOverhead": 587.6287890158578, "spark.memory.fraction": 0.6934385279716476, "spark.memory.storageFraction": 0.5894932200870144, "spark.reducer.maxBlocksInFlightPerAddress": 2112623908.705553, "spark.reducer.maxSizeInFlight": 39.38805184459612, "spark.shuffle.file.buffer": 38.39361373640864}, "datetime": {"datetime": "2022-02-25 16:31:50", "elapsed": 6.504635, "delta": 0.194507}}
{"target": -2807.0062300000013, "params": {"spark.default.parallelism": 230.9067130890092, "spark.executor.cores": 2.347809941987429, "spark.executor.instances": 6.349207892032901, "spark.executor.memory": 4.863152281530208, "spark.executor.memoryOverhead": 534.7836185254696, "spark.memory.fraction": 0.7827695753201128, "spark.memory.storageFraction": 0.5530067371631945, "spark.reducer.maxBlocksInFlightPerAddress": 2048344295.4161325, "spark.reducer.maxSizeInFlight": 58.012989078743686, "spark.shuffle.file.buffer": 45.970502274357244}, "datetime": {"datetime": "2022-02-25 16:31:50", "elapsed": 6.707067, "delta": 0.202432}}
{"target": -2795.806160000001, "params": {"spark.default.parallelism": 352.04651515700687, "spark.executor.cores": 1.7782770312527538, "spark.executor.instances": 7.885765277992592, "spark.executor.memory": 5.038123631538513, "spark.executor.memoryOverhead": 538.0941905619998, "spark.memory.fraction": 0.7052444345224423, "spark.memory.storageFraction": 0.5534462275676156, "spark.reducer.maxBlocksInFlightPerAddress": 1382175986.4515374, "spark.reducer.maxSizeInFlight": 28.14624059181522, "spark.shuffle.file.buffer": 42.30314185306119}, "datetime": {"datetime": "2022-02-25 16:31:51", "elapsed": 6.915509, "delta": 0.208442}}
{"target": -2796.8492400000014, "params": {"spark.default.parallelism": 270.4786092350405, "spark.executor.cores": 3.2377562411493646, "spark.executor.instances": 5.8573510013244245, "spark.executor.memory": 4.080125297767461, "spark.executor.memoryOverhead": 622.6011244461616, "spark.memory.fraction": 0.6823038593029572, "spark.memory.storageFraction": 0.6694246533007249, "spark.reducer.maxBlocksInFlightPerAddress": 1737397985.9944415, "spark.reducer.maxSizeInFlight": 37.71184295557874, "spark.shuffle.file.buffer": 39.388692138875044}, "datetime": {"datetime": "2022-02-25 16:31:51", "elapsed": 7.106027, "delta": 0.190518}}
{"target": -2798.4134800000015, "params": {"spark.default.parallelism": 292.1189803826157, "spark.executor.cores": 2.7077476538910807, "spark.executor.instances": 4.207283138125501, "spark.executor.memory": 4.730596523410366, "spark.executor.memoryOverhead": 742.2134768483536, "spark.memory.fraction": 0.7050624040282509, "spark.memory.storageFraction": 0.5760350924159015, "spark.reducer.maxBlocksInFlightPerAddress": 1446856239.9477859, "spark.reducer.maxSizeInFlight": 71.16904767547007, "spark.shuffle.file.buffer": 25.254765771556578}, "datetime": {"datetime": "2022-02-25 16:31:51", "elapsed": 7.316436, "delta": 0.210409}}
{"target": -2797.060220000001, "params": {"spark.default.parallelism": 498.4717374322219, "spark.executor.cores": 3.3098758462286977, "spark.executor.instances": 6.5898180666693005, "spark.executor.memory": 3.8215193600816875, "spark.executor.memoryOverhead": 743.2327144178248, "spark.memory.fraction": 0.570280188682581, "spark.memory.storageFraction": 0.5409804876852686, "spark.reducer.maxBlocksInFlightPerAddress": 1796569176.0152788, "spark.reducer.maxSizeInFlight": 55.31720373195644, "spark.shuffle.file.buffer": 28.561055631620878}, "datetime": {"datetime": "2022-02-25 16:31:51", "elapsed": 7.517897, "delta": 0.201461}}
{"target": -2814.436630000001, "params": {"spark.default.parallelism": 413.7850037130409, "spark.executor.cores": 2.241241139391946, "spark.executor.instances": 4.8503452289778615, "spark.executor.memory": 5.4242841483608775, "spark.executor.memoryOverhead": 408.8068662636944, "spark.memory.fraction": 0.7341725892850932, "spark.memory.storageFraction": 0.8735424684303739, "spark.reducer.maxBlocksInFlightPerAddress": 2081493733.5344758, "spark.reducer.maxSizeInFlight": 52.747772396926045, "spark.shuffle.file.buffer": 23.87998667477134}, "datetime": {"datetime": "2022-02-25 16:31:51", "elapsed": 7.728335, "delta": 0.210438}}
{"target": -2800.3888200000015, "params": {"spark.default.parallelism": 400.53448423977983, "spark.executor.cores": 3.4188156849041627, "spark.executor.instances": 4.054246955151147, "spark.executor.memory": 3.9729449889677464, "spark.executor.memoryOverhead": 395.7873595033749, "spark.memory.fraction": 0.8233478287621234, "spark.memory.storageFraction": 0.7522999669195276, "spark.reducer.maxBlocksInFlightPerAddress": 1776947474.9269054, "spark.reducer.maxSizeInFlight": 25.76639049759963, "spark.shuffle.file.buffer": 43.471057799957265}, "datetime": {"datetime": "2022-02-25 16:31:52", "elapsed": 7.934871, "delta": 0.206536}}
{"target": -2793.2196100000006, "params": {"spark.default.parallelism": 236.09576172880827, "spark.executor.cores": 2.9979218061332933, "spark.executor.instances": 5.78655651577885, "spark.executor.memory": 4.124187264299631, "spark.executor.memoryOverhead": 384.7633157244881, "spark.memory.fraction": 0.7776508697863813, "spark.memory.storageFraction": 0.5155972233384881, "spark.reducer.maxBlocksInFlightPerAddress": 1196805476.3922563, "spark.reducer.maxSizeInFlight": 26.61458643576564, "spark.shuffle.file.buffer": 43.584902679939866}, "datetime": {"datetime": "2022-02-25 16:31:52", "elapsed": 8.142315, "delta": 0.207444}}
{"target": -2802.9760200000014, "params": {"spark.default.parallelism": 204.9017160613747, "spark.executor.cores": 2.4568465839276667, "spark.executor.instances": 4.170617782473027, "spark.executor.memory": 5.540753735042669, "spark.executor.memoryOverhead": 823.4181514985374, "spark.memory.fraction": 0.6590273103375737, "spark.memory.storageFraction": 0.6301248762774985, "spark.reducer.maxBlocksInFlightPerAddress": 1983374571.603139, "spark.reducer.maxSizeInFlight": 49.303360771004854, "spark.shuffle.file.buffer": 40.022710909864735}, "datetime": {"datetime": "2022-02-25 16:31:52", "elapsed": 8.344775, "delta": 0.20246}}
{"target": -2796.1052900000013, "params": {"spark.default.parallelism": 213.86029833034144, "spark.executor.cores": 2.9793672360782084, "spark.executor.instances": 7.280035033397785, "spark.executor.memory": 5.328857938753822, "spark.executor.memoryOverhead": 740.5185399292209, "spark.memory.fraction": 0.8874447704925226, "spark.memory.storageFraction": 0.5359940782173956, "spark.reducer.maxBlocksInFlightPerAddress": 1918499447.3820412, "spark.reducer.maxSizeInFlight": 35.84117371217542, "spark.shuffle.file.buffer": 27.27668282479911}, "datetime": {"datetime": "2022-02-25 16:31:52", "elapsed": 8.55621, "delta": 0.211435}}
{"target": -2798.7982500000016, "params": {"spark.default.parallelism": 499.5203698033364, "spark.executor.cores": 1.7612747495336676, "spark.executor.instances": 5.842274495189165, "spark.executor.memory": 3.36990870276741, "spark.executor.memoryOverhead": 768.2678557687191, "spark.memory.fraction": 0.5209413050806667, "spark.memory.storageFraction": 0.7406980703082133, "spark.reducer.maxBlocksInFlightPerAddress": 1858818428.1587834, "spark.reducer.maxSizeInFlight": 62.31803082963323, "spark.shuffle.file.buffer": 40.834383608457784}, "datetime": {"datetime": "2022-02-25 16:31:52", "elapsed": 8.747696, "delta": 0.191486}}
{"target": -2809.064670000001, "params": {"spark.default.parallelism": 203.27550740361815, "spark.executor.cores": 2.177448282970545, "spark.executor.instances": 7.269183092971183, "spark.executor.memory": 6.963126073785908, "spark.executor.memoryOverhead": 629.0308338878399, "spark.memory.fraction": 0.7564602988841151, "spark.memory.storageFraction": 0.5996132539750021, "spark.reducer.maxBlocksInFlightPerAddress": 2129652757.7829201, "spark.reducer.maxSizeInFlight": 65.76018868379155, "spark.shuffle.file.buffer": 36.22519340843213}, "datetime": {"datetime": "2022-02-25 16:31:53", "elapsed": 8.962127, "delta": 0.214431}}
{"target": -2802.7247900000016, "params": {"spark.default.parallelism": 281.2286154667962, "spark.executor.cores": 3.4954688829183884, "spark.executor.instances": 4.165862038733264, "spark.executor.memory": 4.815029096128925, "spark.executor.memoryOverhead": 757.5072041224703, "spark.memory.fraction": 0.7607459890059556, "spark.memory.storageFraction": 0.7597687974533374, "spark.reducer.maxBlocksInFlightPerAddress": 1861359003.090942, "spark.reducer.maxSizeInFlight": 49.19551692917284, "spark.shuffle.file.buffer": 20.880164632046643}, "datetime": {"datetime": "2022-02-25 16:31:53", "elapsed": 9.162587, "delta": 0.20046}}
{"target": -2718.4943900000007, "params": {"spark.default.parallelism": 398.4498691404067, "spark.executor.cores": 3.7066739633351364, "spark.executor.instances": 4.4114069284787165, "spark.executor.memory": 3.9635335420310196, "spark.executor.memoryOverhead": 773.6635163349367, "spark.memory.fraction": 0.6961440548944902, "spark.memory.storageFraction": 0.7940657551603901, "spark.reducer.maxBlocksInFlightPerAddress": 1843381009.3138359, "spark.reducer.maxSizeInFlight": 36.062550138899454, "spark.shuffle.file.buffer": 31.058325904970143}, "datetime": {"datetime": "2022-02-25 16:31:53", "elapsed": 9.378012, "delta": 0.215425}}
{"target": -2809.1260100000013, "params": {"spark.default.parallelism": 201.71361835989288, "spark.executor.cores": 2.969885207074556, "spark.executor.instances": 7.022991620668855, "spark.executor.memory": 5.777729274065159, "spark.executor.memoryOverhead": 660.1320236457457, "spark.memory.fraction": 0.7769212666577975, "spark.memory.storageFraction": 0.5860713784818473, "spark.reducer.maxBlocksInFlightPerAddress": 2087191102.8654299, "spark.reducer.maxSizeInFlight": 47.59071414981109, "spark.shuffle.file.buffer": 31.035871132692385}, "datetime": {"datetime": "2022-02-25 16:31:53", "elapsed": 9.581467, "delta": 0.203455}}
{"target": -2803.1833300000017, "params": {"spark.default.parallelism": 391.67539650971435, "spark.executor.cores": 2.0844554178178614, "spark.executor.instances": 5.200575010433765, "spark.executor.memory": 6.519709300672959, "spark.executor.memoryOverhead": 399.1725459496612, "spark.memory.fraction": 0.8502058766598098, "spark.memory.storageFraction": 0.7493553964200514, "spark.reducer.maxBlocksInFlightPerAddress": 1398556476.4007888, "spark.reducer.maxSizeInFlight": 36.82663471080859, "spark.shuffle.file.buffer": 19.192073968561278}, "datetime": {"datetime": "2022-02-25 16:31:54", "elapsed": 9.807861, "delta": 0.226394}}
{"target": -2718.160720000001, "params": {"spark.default.parallelism": 381.7550958683454, "spark.executor.cores": 3.9296606774262823, "spark.executor.instances": 4.317558392723323, "spark.executor.memory": 3.766559748319751, "spark.executor.memoryOverhead": 692.2336869872697, "spark.memory.fraction": 0.5198174130691084, "spark.memory.storageFraction": 0.6464399774934287, "spark.reducer.maxBlocksInFlightPerAddress": 1308137737.2675557, "spark.reducer.maxSizeInFlight": 54.13806771750315, "spark.shuffle.file.buffer": 20.704734905037245}, "datetime": {"datetime": "2022-02-25 16:31:54", "elapsed": 10.018301, "delta": 0.21044}}
{"target": -2797.1715400000016, "params": {"spark.default.parallelism": 233.8046509001092, "spark.executor.cores": 1.228124609549513, "spark.executor.instances": 6.58521858430384, "spark.executor.memory": 5.971666097732564, "spark.executor.memoryOverhead": 523.0314655135401, "spark.memory.fraction": 0.7686551023938683, "spark.memory.storageFraction": 0.6002027662326079, "spark.reducer.maxBlocksInFlightPerAddress": 1504958730.0903559, "spark.reducer.maxSizeInFlight": 37.846672819418266, "spark.shuffle.file.buffer": 32.6889369462814}, "datetime": {"datetime": "2022-02-25 16:31:54", "elapsed": 10.225744, "delta": 0.207443}}
{"target": -2812.9268800000013, "params": {"spark.default.parallelism": 226.86249983118307, "spark.executor.cores": 2.5938630744465447, "spark.executor.instances": 6.261043614564869, "spark.executor.memory": 5.948737722909595, "spark.executor.memoryOverhead": 657.6824509227789, "spark.memory.fraction": 0.674871679260466, "spark.memory.storageFraction": 0.7823689167341987, "spark.reducer.maxBlocksInFlightPerAddress": 2093266295.0796576, "spark.reducer.maxSizeInFlight": 57.70144082047158, "spark.shuffle.file.buffer": 24.889142462253563}, "datetime": {"datetime": "2022-02-25 16:31:54", "elapsed": 10.441168, "delta": 0.215424}}
{"target": -2813.757990000001, "params": {"spark.default.parallelism": 299.8369168917898, "spark.executor.cores": 2.778521385011757, "spark.executor.instances": 6.05019953083664, "spark.executor.memory": 4.777713755232652, "spark.executor.memoryOverhead": 634.8580218213025, "spark.memory.fraction": 0.7747445057716917, "spark.memory.storageFraction": 0.7473521073909999, "spark.reducer.maxBlocksInFlightPerAddress": 2073623955.3671274, "spark.reducer.maxSizeInFlight": 45.40214938263189, "spark.shuffle.file.buffer": 20.59626500445138}, "datetime": {"datetime": "2022-02-25 16:31:54", "elapsed": 10.647619, "delta": 0.206451}}
{"target": -2797.269110000002, "params": {"spark.default.parallelism": 290.67963975959685, "spark.executor.cores": 3.2244739210754014, "spark.executor.instances": 5.06504235110455, "spark.executor.memory": 4.922609050174996, "spark.executor.memoryOverhead": 531.5646672046186, "spark.memory.fraction": 0.6770873753447837, "spark.memory.storageFraction": 0.7144691952435158, "spark.reducer.maxBlocksInFlightPerAddress": 1680484853.846784, "spark.reducer.maxSizeInFlight": 30.392533459555914, "spark.shuffle.file.buffer": 44.80045369569976}, "datetime": {"datetime": "2022-02-25 16:31:55", "elapsed": 10.855061, "delta": 0.207442}}
{"target": -2800.5654300000006, "params": {"spark.default.parallelism": 351.24192503793245, "spark.executor.cores": 1.2102035226794374, "spark.executor.instances": 6.438525224456816, "spark.executor.memory": 6.167404564113376, "spark.executor.memoryOverhead": 628.2074047006522, "spark.memory.fraction": 0.893828837955972, "spark.memory.storageFraction": 0.6467290314341245, "spark.reducer.maxBlocksInFlightPerAddress": 1121696089.1288996, "spark.reducer.maxSizeInFlight": 33.523228253850874, "spark.shuffle.file.buffer": 29.769791437801235}, "datetime": {"datetime": "2022-02-25 16:31:55", "elapsed": 11.068492, "delta": 0.213431}}
{"target": -2802.980400000001, "params": {"spark.default.parallelism": 462.2113304272272, "spark.executor.cores": 3.2899778107448205, "spark.executor.instances": 7.502447762767691, "spark.executor.memory": 3.988490203661349, "spark.executor.memoryOverhead": 634.0558740713271, "spark.memory.fraction": 0.8597867544701028, "spark.memory.storageFraction": 0.6064806950077182, "spark.reducer.maxBlocksInFlightPerAddress": 1087428666.0180225, "spark.reducer.maxSizeInFlight": 55.137207805053706, "spark.shuffle.file.buffer": 19.36483896816299}, "datetime": {"datetime": "2022-02-25 16:31:55", "elapsed": 11.272946, "delta": 0.204454}}
{"target": -2799.556590000002, "params": {"spark.default.parallelism": 478.4132771261992, "spark.executor.cores": 3.1566051544136413, "spark.executor.instances": 6.013023575732749, "spark.executor.memory": 4.165678692846868, "spark.executor.memoryOverhead": 604.8186741232486, "spark.memory.fraction": 0.6096962835593396, "spark.memory.storageFraction": 0.719599515053282, "spark.reducer.maxBlocksInFlightPerAddress": 1752357871.2610142, "spark.reducer.maxSizeInFlight": 62.06642761647661, "spark.shuffle.file.buffer": 32.548390618248774}, "datetime": {"datetime": "2022-02-25 16:31:55", "elapsed": 11.492358, "delta": 0.219412}}
{"target": -2798.2201900000014, "params": {"spark.default.parallelism": 462.02567528102776, "spark.executor.cores": 1.148566977616576, "spark.executor.instances": 6.127488103193034, "spark.executor.memory": 4.3671374741903115, "spark.executor.memoryOverhead": 675.925582775114, "spark.memory.fraction": 0.5370308149905921, "spark.memory.storageFraction": 0.5569145692169453, "spark.reducer.maxBlocksInFlightPerAddress": 1869262948.5775318, "spark.reducer.maxSizeInFlight": 44.95717615475899, "spark.shuffle.file.buffer": 47.69909494288406}, "datetime": {"datetime": "2022-02-25 16:31:55", "elapsed": 11.730748, "delta": 0.23839}}
