{"target": -2797.3400800000013, "params": {"spark.default.parallelism": 361.82748921003474, "spark.executor.cores": 2.0892893266420636, "spark.executor.instances": 5.917100806147677, "spark.executor.memory": 6.1787496556318535, "spark.executor.memoryOverhead": 862.6817996458697, "spark.memory.fraction": 0.6459546515768311, "spark.memory.storageFraction": 0.6238561066348409, "spark.reducer.maxBlocksInFlightPerAddress": 1757358852.5153246, "spark.reducer.maxSizeInFlight": 39.638261913743506, "spark.shuffle.file.buffer": 40.89994613931179}, "datetime": {"datetime": "2022-02-27 08:31:57", "elapsed": 0.0, "delta": 0.0}}
{"target": -2800.8310900000006, "params": {"spark.default.parallelism": 456.9641033890616, "spark.executor.cores": 3.250102395880641, "spark.executor.instances": 7.1246654224839485, "spark.executor.memory": 4.275200858845306, "spark.executor.memoryOverhead": 596.3659282812798, "spark.memory.fraction": 0.8226865438224957, "spark.memory.storageFraction": 0.8505723290116916, "spark.reducer.maxBlocksInFlightPerAddress": 1087965925.2371309, "spark.reducer.maxSizeInFlight": 71.0201344139294, "spark.shuffle.file.buffer": 27.48070967925411}, "datetime": {"datetime": "2022-02-27 08:31:58", "elapsed": 0.05286, "delta": 0.05286}}
{"target": -2804.6358000000014, "params": {"spark.default.parallelism": 252.55073509851698, "spark.executor.cores": 1.9126724411572307, "spark.executor.instances": 4.9690245934304675, "spark.executor.memory": 4.754356200797753, "spark.executor.memoryOverhead": 468.0871307410396, "spark.memory.fraction": 0.5994552918823938, "spark.memory.storageFraction": 0.6802384600605366, "spark.reducer.maxBlocksInFlightPerAddress": 1815084913.2058115, "spark.reducer.maxSizeInFlight": 51.90885398543685, "spark.shuffle.file.buffer": 18.273235499027223}, "datetime": {"datetime": "2022-02-27 08:31:58", "elapsed": 0.110772, "delta": 0.057912}}
{"target": -2796.2999100000015, "params": {"spark.default.parallelism": 348.0, "spark.executor.cores": 2.0, "spark.executor.instances": 6.0, "spark.executor.memory": 6.0, "spark.executor.memoryOverhead": 677.0, "spark.memory.fraction": 0.6800000071525574, "spark.memory.storageFraction": 0.6299999952316284, "spark.reducer.maxBlocksInFlightPerAddress": 1736088448.0, "spark.reducer.maxSizeInFlight": 39.0, "spark.shuffle.file.buffer": 37.0}, "datetime": {"datetime": "2022-02-27 08:32:05", "elapsed": 7.092738, "delta": 6.981966}}
{"target": -2797.1004900000016, "params": {"spark.default.parallelism": 362.0, "spark.executor.cores": 2.0, "spark.executor.instances": 6.0, "spark.executor.memory": 6.0, "spark.executor.memoryOverhead": 676.0, "spark.memory.fraction": 0.699999988079071, "spark.memory.storageFraction": 0.6499999761581421, "spark.reducer.maxBlocksInFlightPerAddress": 1640879104.0, "spark.reducer.maxSizeInFlight": 40.0, "spark.shuffle.file.buffer": 35.0}, "datetime": {"datetime": "2022-02-27 08:32:05", "elapsed": 7.27428, "delta": 0.181542}}
{"target": -2811.666330000001, "params": {"spark.default.parallelism": 471.7347958176224, "spark.executor.cores": 1.623735245622408, "spark.executor.instances": 6.7021902652564265, "spark.executor.memory": 6.307245827387211, "spark.executor.memoryOverhead": 512.8708848319183, "spark.memory.fraction": 0.5002018501106356, "spark.memory.storageFraction": 0.7529280134151459, "spark.reducer.maxBlocksInFlightPerAddress": 2027727390.8450725, "spark.reducer.maxSizeInFlight": 60.16555453095418, "spark.shuffle.file.buffer": 25.13734788014303}, "datetime": {"datetime": "2022-02-27 08:32:05", "elapsed": 7.521863, "delta": 0.247583}}
{"target": -2797.238750000002, "params": {"spark.default.parallelism": 486.2394357576476, "spark.executor.cores": 1.2312871265815353, "spark.executor.instances": 6.671555755962629, "spark.executor.memory": 6.093578670722904, "spark.executor.memoryOverhead": 597.20764129425, "spark.memory.fraction": 0.566908767886981, "spark.memory.storageFraction": 0.549952090389277, "spark.reducer.maxBlocksInFlightPerAddress": 1355843577.2816215, "spark.reducer.maxSizeInFlight": 25.570597125766916, "spark.shuffle.file.buffer": 35.34356290352122}, "datetime": {"datetime": "2022-02-27 08:32:05", "elapsed": 7.669537, "delta": 0.147674}}
{"target": -2716.336960000001, "params": {"spark.default.parallelism": 265.99297625372975, "spark.executor.cores": 3.5663683747048287, "spark.executor.instances": 7.179488483764702, "spark.executor.memory": 4.397167676389818, "spark.executor.memoryOverhead": 620.2671062595156, "spark.memory.fraction": 0.7223427035574222, "spark.memory.storageFraction": 0.6777398809728279, "spark.reducer.maxBlocksInFlightPerAddress": 1826051960.7028747, "spark.reducer.maxSizeInFlight": 41.6369158208802, "spark.shuffle.file.buffer": 47.86790957178454}, "datetime": {"datetime": "2022-02-27 08:32:05", "elapsed": 7.809738, "delta": 0.140201}}
{"target": -2797.0545800000004, "params": {"spark.default.parallelism": 345.9575059778214, "spark.executor.cores": 3.1440922994374563, "spark.executor.instances": 7.0392250747115614, "spark.executor.memory": 6.962727483549804, "spark.executor.memoryOverhead": 766.7546950852324, "spark.memory.fraction": 0.5817279152607406, "spark.memory.storageFraction": 0.6331629966578163, "spark.reducer.maxBlocksInFlightPerAddress": 1211856221.2005877, "spark.reducer.maxSizeInFlight": 24.999809610364057, "spark.shuffle.file.buffer": 44.3916597706138}, "datetime": {"datetime": "2022-02-27 08:32:05", "elapsed": 7.941996, "delta": 0.132258}}
{"target": -2807.822400000001, "params": {"spark.default.parallelism": 280.45195687695133, "spark.executor.cores": 1.3648674985890505, "spark.executor.instances": 6.491444310510021, "spark.executor.memory": 4.724482082144515, "spark.executor.memoryOverhead": 587.6287890158578, "spark.memory.fraction": 0.6934385279716476, "spark.memory.storageFraction": 0.5894932200870144, "spark.reducer.maxBlocksInFlightPerAddress": 2112623908.705553, "spark.reducer.maxSizeInFlight": 39.38805184459612, "spark.shuffle.file.buffer": 38.39361373640864}, "datetime": {"datetime": "2022-02-27 08:32:06", "elapsed": 8.076632, "delta": 0.134636}}
{"target": -2807.0062300000013, "params": {"spark.default.parallelism": 230.9067130890092, "spark.executor.cores": 2.347809941987429, "spark.executor.instances": 6.349207892032901, "spark.executor.memory": 4.863152281530208, "spark.executor.memoryOverhead": 534.7836185254696, "spark.memory.fraction": 0.7827695753201128, "spark.memory.storageFraction": 0.5530067371631945, "spark.reducer.maxBlocksInFlightPerAddress": 2048344295.4161325, "spark.reducer.maxSizeInFlight": 58.012989078743686, "spark.shuffle.file.buffer": 45.970502274357244}, "datetime": {"datetime": "2022-02-27 08:32:06", "elapsed": 8.261109, "delta": 0.184477}}
{"target": -2795.806160000001, "params": {"spark.default.parallelism": 352.04651515700687, "spark.executor.cores": 1.7782770312527538, "spark.executor.instances": 7.885765277992592, "spark.executor.memory": 5.038123631538513, "spark.executor.memoryOverhead": 538.0941905619998, "spark.memory.fraction": 0.7052444345224423, "spark.memory.storageFraction": 0.5534462275676156, "spark.reducer.maxBlocksInFlightPerAddress": 1382175986.4515374, "spark.reducer.maxSizeInFlight": 28.14624059181522, "spark.shuffle.file.buffer": 42.30314185306119}, "datetime": {"datetime": "2022-02-27 08:32:06", "elapsed": 8.455201, "delta": 0.194092}}
{"target": -2796.8492400000014, "params": {"spark.default.parallelism": 270.4786092350405, "spark.executor.cores": 3.2377562411493646, "spark.executor.instances": 5.8573510013244245, "spark.executor.memory": 4.080125297767461, "spark.executor.memoryOverhead": 622.6011244461616, "spark.memory.fraction": 0.6823038593029572, "spark.memory.storageFraction": 0.6694246533007249, "spark.reducer.maxBlocksInFlightPerAddress": 1737397985.9944415, "spark.reducer.maxSizeInFlight": 37.71184295557874, "spark.shuffle.file.buffer": 39.388692138875044}, "datetime": {"datetime": "2022-02-27 08:32:06", "elapsed": 8.644208, "delta": 0.189007}}
{"target": -2798.4134800000015, "params": {"spark.default.parallelism": 292.1189803826157, "spark.executor.cores": 2.7077476538910807, "spark.executor.instances": 4.207283138125501, "spark.executor.memory": 4.730596523410366, "spark.executor.memoryOverhead": 742.2134768483536, "spark.memory.fraction": 0.7050624040282509, "spark.memory.storageFraction": 0.5760350924159015, "spark.reducer.maxBlocksInFlightPerAddress": 1446856239.9477859, "spark.reducer.maxSizeInFlight": 71.16904767547007, "spark.shuffle.file.buffer": 25.254765771556578}, "datetime": {"datetime": "2022-02-27 08:32:06", "elapsed": 8.807497, "delta": 0.163289}}
{"target": -2797.060220000001, "params": {"spark.default.parallelism": 498.4717374322219, "spark.executor.cores": 3.3098758462286977, "spark.executor.instances": 6.5898180666693005, "spark.executor.memory": 3.8215193600816875, "spark.executor.memoryOverhead": 743.2327144178248, "spark.memory.fraction": 0.570280188682581, "spark.memory.storageFraction": 0.5409804876852686, "spark.reducer.maxBlocksInFlightPerAddress": 1796569176.0152788, "spark.reducer.maxSizeInFlight": 55.31720373195644, "spark.shuffle.file.buffer": 28.561055631620878}, "datetime": {"datetime": "2022-02-27 08:32:06", "elapsed": 8.963052, "delta": 0.155555}}
{"target": -2713.4272200000014, "params": {"spark.default.parallelism": 286.0, "spark.executor.cores": 4.0, "spark.executor.instances": 7.0, "spark.executor.memory": 4.0, "spark.executor.memoryOverhead": 602.0, "spark.memory.fraction": 0.7400000095367432, "spark.memory.storageFraction": 0.6800000071525574, "spark.reducer.maxBlocksInFlightPerAddress": 1618874624.0, "spark.reducer.maxSizeInFlight": 40.0, "spark.shuffle.file.buffer": 39.0}, "datetime": {"datetime": "2022-02-27 08:32:12", "elapsed": 14.796505, "delta": 5.833453}}
{"target": -2800.3888200000015, "params": {"spark.default.parallelism": 400.53448423977983, "spark.executor.cores": 3.4188156849041627, "spark.executor.instances": 4.054246955151147, "spark.executor.memory": 3.9729449889677464, "spark.executor.memoryOverhead": 395.7873595033749, "spark.memory.fraction": 0.8233478287621234, "spark.memory.storageFraction": 0.7522999669195276, "spark.reducer.maxBlocksInFlightPerAddress": 1776947474.9269054, "spark.reducer.maxSizeInFlight": 25.76639049759963, "spark.shuffle.file.buffer": 43.471057799957265}, "datetime": {"datetime": "2022-02-27 08:32:12", "elapsed": 15.007063, "delta": 0.210558}}
{"target": -2793.2196100000006, "params": {"spark.default.parallelism": 236.09576172880827, "spark.executor.cores": 2.9979218061332933, "spark.executor.instances": 5.78655651577885, "spark.executor.memory": 4.124187264299631, "spark.executor.memoryOverhead": 384.7633157244881, "spark.memory.fraction": 0.7776508697863813, "spark.memory.storageFraction": 0.5155972233384881, "spark.reducer.maxBlocksInFlightPerAddress": 1196805476.3922563, "spark.reducer.maxSizeInFlight": 26.61458643576564, "spark.shuffle.file.buffer": 43.584902679939866}, "datetime": {"datetime": "2022-02-27 08:32:13", "elapsed": 15.155707, "delta": 0.148644}}
{"target": -2802.9760200000014, "params": {"spark.default.parallelism": 204.9017160613747, "spark.executor.cores": 2.4568465839276667, "spark.executor.instances": 4.170617782473027, "spark.executor.memory": 5.540753735042669, "spark.executor.memoryOverhead": 823.4181514985374, "spark.memory.fraction": 0.6590273103375737, "spark.memory.storageFraction": 0.6301248762774985, "spark.reducer.maxBlocksInFlightPerAddress": 1983374571.603139, "spark.reducer.maxSizeInFlight": 49.303360771004854, "spark.shuffle.file.buffer": 40.022710909864735}, "datetime": {"datetime": "2022-02-27 08:32:13", "elapsed": 15.299291, "delta": 0.143584}}
{"target": -2796.1052900000013, "params": {"spark.default.parallelism": 213.86029833034144, "spark.executor.cores": 2.9793672360782084, "spark.executor.instances": 7.280035033397785, "spark.executor.memory": 5.328857938753822, "spark.executor.memoryOverhead": 740.5185399292209, "spark.memory.fraction": 0.8874447704925226, "spark.memory.storageFraction": 0.5359940782173956, "spark.reducer.maxBlocksInFlightPerAddress": 1918499447.3820412, "spark.reducer.maxSizeInFlight": 35.84117371217542, "spark.shuffle.file.buffer": 27.27668282479911}, "datetime": {"datetime": "2022-02-27 08:32:13", "elapsed": 15.476391, "delta": 0.1771}}
{"target": -2798.7982500000016, "params": {"spark.default.parallelism": 499.5203698033364, "spark.executor.cores": 1.7612747495336676, "spark.executor.instances": 5.842274495189165, "spark.executor.memory": 3.36990870276741, "spark.executor.memoryOverhead": 768.2678557687191, "spark.memory.fraction": 0.5209413050806667, "spark.memory.storageFraction": 0.7406980703082133, "spark.reducer.maxBlocksInFlightPerAddress": 1858818428.1587834, "spark.reducer.maxSizeInFlight": 62.31803082963323, "spark.shuffle.file.buffer": 40.834383608457784}, "datetime": {"datetime": "2022-02-27 08:32:13", "elapsed": 15.651892, "delta": 0.175501}}
{"target": -2809.064670000001, "params": {"spark.default.parallelism": 203.27550740361815, "spark.executor.cores": 2.177448282970545, "spark.executor.instances": 7.269183092971183, "spark.executor.memory": 6.963126073785908, "spark.executor.memoryOverhead": 629.0308338878399, "spark.memory.fraction": 0.7564602988841151, "spark.memory.storageFraction": 0.5996132539750021, "spark.reducer.maxBlocksInFlightPerAddress": 2129652757.7829201, "spark.reducer.maxSizeInFlight": 65.76018868379155, "spark.shuffle.file.buffer": 36.22519340843213}, "datetime": {"datetime": "2022-02-27 08:32:13", "elapsed": 15.817479, "delta": 0.165587}}
{"target": -2802.7247900000016, "params": {"spark.default.parallelism": 281.2286154667962, "spark.executor.cores": 3.4954688829183884, "spark.executor.instances": 4.165862038733264, "spark.executor.memory": 4.815029096128925, "spark.executor.memoryOverhead": 757.5072041224703, "spark.memory.fraction": 0.7607459890059556, "spark.memory.storageFraction": 0.7597687974533374, "spark.reducer.maxBlocksInFlightPerAddress": 1861359003.090942, "spark.reducer.maxSizeInFlight": 49.19551692917284, "spark.shuffle.file.buffer": 20.880164632046643}, "datetime": {"datetime": "2022-02-27 08:32:14", "elapsed": 16.031875, "delta": 0.214396}}
{"target": -2718.4943900000007, "params": {"spark.default.parallelism": 398.4498691404067, "spark.executor.cores": 3.7066739633351364, "spark.executor.instances": 4.4114069284787165, "spark.executor.memory": 3.9635335420310196, "spark.executor.memoryOverhead": 773.6635163349367, "spark.memory.fraction": 0.6961440548944902, "spark.memory.storageFraction": 0.7940657551603901, "spark.reducer.maxBlocksInFlightPerAddress": 1843381009.3138359, "spark.reducer.maxSizeInFlight": 36.062550138899454, "spark.shuffle.file.buffer": 31.058325904970143}, "datetime": {"datetime": "2022-02-27 08:32:14", "elapsed": 16.239366, "delta": 0.207491}}
{"target": -2809.1260100000013, "params": {"spark.default.parallelism": 201.71361835989288, "spark.executor.cores": 2.969885207074556, "spark.executor.instances": 7.022991620668855, "spark.executor.memory": 5.777729274065159, "spark.executor.memoryOverhead": 660.1320236457457, "spark.memory.fraction": 0.7769212666577975, "spark.memory.storageFraction": 0.5860713784818473, "spark.reducer.maxBlocksInFlightPerAddress": 2087191102.8654299, "spark.reducer.maxSizeInFlight": 47.59071414981109, "spark.shuffle.file.buffer": 31.035871132692385}, "datetime": {"datetime": "2022-02-27 08:32:14", "elapsed": 16.421864, "delta": 0.182498}}
{"target": -2803.1833300000017, "params": {"spark.default.parallelism": 391.67539650971435, "spark.executor.cores": 2.0844554178178614, "spark.executor.instances": 5.200575010433765, "spark.executor.memory": 6.519709300672959, "spark.executor.memoryOverhead": 399.1725459496612, "spark.memory.fraction": 0.8502058766598098, "spark.memory.storageFraction": 0.7493553964200514, "spark.reducer.maxBlocksInFlightPerAddress": 1398556476.4007888, "spark.reducer.maxSizeInFlight": 36.82663471080859, "spark.shuffle.file.buffer": 19.192073968561278}, "datetime": {"datetime": "2022-02-27 08:32:14", "elapsed": 16.593916, "delta": 0.172052}}
{"target": -2718.160720000001, "params": {"spark.default.parallelism": 381.7550958683454, "spark.executor.cores": 3.9296606774262823, "spark.executor.instances": 4.317558392723323, "spark.executor.memory": 3.766559748319751, "spark.executor.memoryOverhead": 692.2336869872697, "spark.memory.fraction": 0.5198174130691084, "spark.memory.storageFraction": 0.6464399774934287, "spark.reducer.maxBlocksInFlightPerAddress": 1308137737.2675557, "spark.reducer.maxSizeInFlight": 54.13806771750315, "spark.shuffle.file.buffer": 20.704734905037245}, "datetime": {"datetime": "2022-02-27 08:32:14", "elapsed": 16.756513, "delta": 0.162597}}
{"target": -2797.1715400000016, "params": {"spark.default.parallelism": 233.8046509001092, "spark.executor.cores": 1.228124609549513, "spark.executor.instances": 6.58521858430384, "spark.executor.memory": 5.971666097732564, "spark.executor.memoryOverhead": 523.0314655135401, "spark.memory.fraction": 0.7686551023938683, "spark.memory.storageFraction": 0.6002027662326079, "spark.reducer.maxBlocksInFlightPerAddress": 1504958730.0903559, "spark.reducer.maxSizeInFlight": 37.846672819418266, "spark.shuffle.file.buffer": 32.6889369462814}, "datetime": {"datetime": "2022-02-27 08:32:14", "elapsed": 16.915056, "delta": 0.158543}}
{"target": -2812.9268800000013, "params": {"spark.default.parallelism": 226.86249983118307, "spark.executor.cores": 2.5938630744465447, "spark.executor.instances": 6.261043614564869, "spark.executor.memory": 5.948737722909595, "spark.executor.memoryOverhead": 657.6824509227789, "spark.memory.fraction": 0.674871679260466, "spark.memory.storageFraction": 0.7823689167341987, "spark.reducer.maxBlocksInFlightPerAddress": 2093266295.0796576, "spark.reducer.maxSizeInFlight": 57.70144082047158, "spark.shuffle.file.buffer": 24.889142462253563}, "datetime": {"datetime": "2022-02-27 08:32:15", "elapsed": 17.067799, "delta": 0.152743}}
