{"target": -2799.1317700000013, "params": {"spark.default.parallelism": 236.2088853250085, "spark.executor.cores": 1.4603685585613564, "spark.executor.instances": 4.772024681068645, "spark.executor.memory": 6.107301515147181, "spark.executor.memoryOverhead": 773.2286458911506, "spark.memory.fraction": 0.6613582557588423, "spark.memory.storageFraction": 0.5982987419191769, "spark.reducer.maxBlocksInFlightPerAddress": 1917164318.2894275, "spark.reducer.maxSizeInFlight": 43.430181931110354, "spark.shuffle.file.buffer": 34.54101397644074}, "datetime": {"datetime": "2022-02-25 11:36:26", "elapsed": 0.0, "delta": 0.0}}
{"target": -2798.594310000001, "params": {"spark.default.parallelism": 411.33366324557755, "spark.executor.cores": 2.347686931542072, "spark.executor.instances": 6.629290776794469, "spark.executor.memory": 4.97702058573264, "spark.executor.memoryOverhead": 669.6097269940816, "spark.memory.fraction": 0.6114303610606858, "spark.memory.storageFraction": 0.7363888932941908, "spark.reducer.maxBlocksInFlightPerAddress": 1170995732.106847, "spark.reducer.maxSizeInFlight": 36.18036252775053, "spark.shuffle.file.buffer": 40.889775365068445}, "datetime": {"datetime": "2022-02-25 11:36:26", "elapsed": 0.044879, "delta": 0.044879}}
{"target": -3488.7582500000008, "params": {"spark.default.parallelism": 300.6171578070714, "spark.executor.cores": 3.2562080242030786, "spark.executor.instances": 6.978055729456379, "spark.executor.memory": 4.156757262578138, "spark.executor.memoryOverhead": 480.5724308278559, "spark.memory.fraction": 0.896225628665765, "spark.memory.storageFraction": 0.8941174219708785, "spark.reducer.maxBlocksInFlightPerAddress": 1695741670.1893694, "spark.reducer.maxSizeInFlight": 69.51407617186925, "spark.shuffle.file.buffer": 23.108704162080034}, "datetime": {"datetime": "2022-02-25 11:36:26", "elapsed": 0.082806, "delta": 0.037927}}
{"target": -2799.522060000001, "params": {"spark.default.parallelism": 291.0, "spark.executor.cores": 3.0, "spark.executor.instances": 7.0, "spark.executor.memory": 4.0, "spark.executor.memoryOverhead": 479.0, "spark.memory.fraction": 0.8600000143051147, "spark.memory.storageFraction": 0.8899999856948853, "spark.reducer.maxBlocksInFlightPerAddress": 1692203776.0, "spark.reducer.maxSizeInFlight": 72.0, "spark.shuffle.file.buffer": 23.0}, "datetime": {"datetime": "2022-02-25 11:36:28", "elapsed": 2.341042, "delta": 2.258236}}
{"target": -2799.522060000001, "params": {"spark.default.parallelism": 293.0, "spark.executor.cores": 3.0, "spark.executor.instances": 7.0, "spark.executor.memory": 4.0, "spark.executor.memoryOverhead": 483.0, "spark.memory.fraction": 0.8399999737739563, "spark.memory.storageFraction": 0.8899999856948853, "spark.reducer.maxBlocksInFlightPerAddress": 1691102720.0, "spark.reducer.maxSizeInFlight": 72.0, "spark.shuffle.file.buffer": 23.0}, "datetime": {"datetime": "2022-02-25 11:36:29", "elapsed": 2.395895, "delta": 0.054853}}
{"target": -2811.666330000001, "params": {"spark.default.parallelism": 471.7347958176224, "spark.executor.cores": 1.623735245622408, "spark.executor.instances": 6.7021902652564265, "spark.executor.memory": 6.307245827387211, "spark.executor.memoryOverhead": 512.8708848319183, "spark.memory.fraction": 0.5002018501106356, "spark.memory.storageFraction": 0.7529280134151459, "spark.reducer.maxBlocksInFlightPerAddress": 2027727390.8450725, "spark.reducer.maxSizeInFlight": 60.16555453095418, "spark.shuffle.file.buffer": 25.13734788014303}, "datetime": {"datetime": "2022-02-25 11:36:29", "elapsed": 2.521322, "delta": 0.125427}}
{"target": -2797.238750000002, "params": {"spark.default.parallelism": 486.2394357576476, "spark.executor.cores": 1.2312871265815353, "spark.executor.instances": 6.671555755962629, "spark.executor.memory": 6.093578670722904, "spark.executor.memoryOverhead": 597.20764129425, "spark.memory.fraction": 0.566908767886981, "spark.memory.storageFraction": 0.549952090389277, "spark.reducer.maxBlocksInFlightPerAddress": 1355843577.2816215, "spark.reducer.maxSizeInFlight": 25.570597125766916, "spark.shuffle.file.buffer": 35.34356290352122}, "datetime": {"datetime": "2022-02-25 11:36:29", "elapsed": 2.603104, "delta": 0.081782}}
{"target": -2716.336960000001, "params": {"spark.default.parallelism": 265.99297625372975, "spark.executor.cores": 3.5663683747048287, "spark.executor.instances": 7.179488483764702, "spark.executor.memory": 4.397167676389818, "spark.executor.memoryOverhead": 620.2671062595156, "spark.memory.fraction": 0.7223427035574222, "spark.memory.storageFraction": 0.6777398809728279, "spark.reducer.maxBlocksInFlightPerAddress": 1826051960.7028747, "spark.reducer.maxSizeInFlight": 41.6369158208802, "spark.shuffle.file.buffer": 47.86790957178454}, "datetime": {"datetime": "2022-02-25 11:36:29", "elapsed": 2.690869, "delta": 0.087765}}
{"target": -2797.0545800000004, "params": {"spark.default.parallelism": 345.9575059778214, "spark.executor.cores": 3.1440922994374563, "spark.executor.instances": 7.0392250747115614, "spark.executor.memory": 6.962727483549804, "spark.executor.memoryOverhead": 766.7546950852324, "spark.memory.fraction": 0.5817279152607406, "spark.memory.storageFraction": 0.6331629966578163, "spark.reducer.maxBlocksInFlightPerAddress": 1211856221.2005877, "spark.reducer.maxSizeInFlight": 24.999809610364057, "spark.shuffle.file.buffer": 44.3916597706138}, "datetime": {"datetime": "2022-02-25 11:36:29", "elapsed": 2.773648, "delta": 0.082779}}
{"target": -2807.822400000001, "params": {"spark.default.parallelism": 280.45195687695133, "spark.executor.cores": 1.3648674985890505, "spark.executor.instances": 6.491444310510021, "spark.executor.memory": 4.724482082144515, "spark.executor.memoryOverhead": 587.6287890158578, "spark.memory.fraction": 0.6934385279716476, "spark.memory.storageFraction": 0.5894932200870144, "spark.reducer.maxBlocksInFlightPerAddress": 2112623908.705553, "spark.reducer.maxSizeInFlight": 39.38805184459612, "spark.shuffle.file.buffer": 38.39361373640864}, "datetime": {"datetime": "2022-02-25 11:36:29", "elapsed": 2.860415, "delta": 0.086767}}
{"target": -2807.0062300000013, "params": {"spark.default.parallelism": 230.9067130890092, "spark.executor.cores": 2.347809941987429, "spark.executor.instances": 6.349207892032901, "spark.executor.memory": 4.863152281530208, "spark.executor.memoryOverhead": 534.7836185254696, "spark.memory.fraction": 0.7827695753201128, "spark.memory.storageFraction": 0.5530067371631945, "spark.reducer.maxBlocksInFlightPerAddress": 2048344295.4161325, "spark.reducer.maxSizeInFlight": 58.012989078743686, "spark.shuffle.file.buffer": 45.970502274357244}, "datetime": {"datetime": "2022-02-25 11:36:29", "elapsed": 2.958154, "delta": 0.097739}}
{"target": -2795.806160000001, "params": {"spark.default.parallelism": 352.04651515700687, "spark.executor.cores": 1.7782770312527538, "spark.executor.instances": 7.885765277992592, "spark.executor.memory": 5.038123631538513, "spark.executor.memoryOverhead": 538.0941905619998, "spark.memory.fraction": 0.7052444345224423, "spark.memory.storageFraction": 0.5534462275676156, "spark.reducer.maxBlocksInFlightPerAddress": 1382175986.4515374, "spark.reducer.maxSizeInFlight": 28.14624059181522, "spark.shuffle.file.buffer": 42.30314185306119}, "datetime": {"datetime": "2022-02-25 11:36:29", "elapsed": 3.053898, "delta": 0.095744}}
{"target": -2796.8492400000014, "params": {"spark.default.parallelism": 270.4786092350405, "spark.executor.cores": 3.2377562411493646, "spark.executor.instances": 5.8573510013244245, "spark.executor.memory": 4.080125297767461, "spark.executor.memoryOverhead": 622.6011244461616, "spark.memory.fraction": 0.6823038593029572, "spark.memory.storageFraction": 0.6694246533007249, "spark.reducer.maxBlocksInFlightPerAddress": 1737397985.9944415, "spark.reducer.maxSizeInFlight": 37.71184295557874, "spark.shuffle.file.buffer": 39.388692138875044}, "datetime": {"datetime": "2022-02-25 11:36:29", "elapsed": 3.142661, "delta": 0.088763}}
{"target": -2798.4134800000015, "params": {"spark.default.parallelism": 292.1189803826157, "spark.executor.cores": 2.7077476538910807, "spark.executor.instances": 4.207283138125501, "spark.executor.memory": 4.730596523410366, "spark.executor.memoryOverhead": 742.2134768483536, "spark.memory.fraction": 0.7050624040282509, "spark.memory.storageFraction": 0.5760350924159015, "spark.reducer.maxBlocksInFlightPerAddress": 1446856239.9477859, "spark.reducer.maxSizeInFlight": 71.16904767547007, "spark.shuffle.file.buffer": 25.254765771556578}, "datetime": {"datetime": "2022-02-25 11:36:29", "elapsed": 3.231425, "delta": 0.088764}}
{"target": -2795.771040000001, "params": {"spark.default.parallelism": 206.24318117693028, "spark.executor.cores": 3.1847200161809437, "spark.executor.instances": 5.622733826305245, "spark.executor.memory": 5.5794865206455615, "spark.executor.memoryOverhead": 753.9902339293069, "spark.memory.fraction": 0.6559267085299271, "spark.memory.storageFraction": 0.5090597640614856, "spark.reducer.maxBlocksInFlightPerAddress": 1826135934.6452293, "spark.reducer.maxSizeInFlight": 26.55072287024567, "spark.shuffle.file.buffer": 45.82325537552411}, "datetime": {"datetime": "2022-02-25 11:36:29", "elapsed": 3.332154, "delta": 0.100729}}
{"target": -2814.436630000001, "params": {"spark.default.parallelism": 413.7850037130409, "spark.executor.cores": 2.241241139391946, "spark.executor.instances": 4.8503452289778615, "spark.executor.memory": 5.4242841483608775, "spark.executor.memoryOverhead": 408.8068662636944, "spark.memory.fraction": 0.7341725892850932, "spark.memory.storageFraction": 0.8735424684303739, "spark.reducer.maxBlocksInFlightPerAddress": 2081493733.5344758, "spark.reducer.maxSizeInFlight": 52.747772396926045, "spark.shuffle.file.buffer": 23.87998667477134}, "datetime": {"datetime": "2022-02-25 11:36:30", "elapsed": 3.422915, "delta": 0.090761}}
{"target": -2715.832100000001, "params": {"spark.default.parallelism": 401.17146968897316, "spark.executor.cores": 3.7463551693554717, "spark.executor.instances": 4.349363884862649, "spark.executor.memory": 4.405458040654178, "spark.executor.memoryOverhead": 774.5982192040594, "spark.memory.fraction": 0.6958255927914503, "spark.memory.storageFraction": 0.7457171980835026, "spark.reducer.maxBlocksInFlightPerAddress": 1825959430.7372816, "spark.reducer.maxSizeInFlight": 61.32100905099958, "spark.shuffle.file.buffer": 36.899524054922935}, "datetime": {"datetime": "2022-02-25 11:36:30", "elapsed": 3.52195, "delta": 0.099035}}
{"target": -2710.346490000001, "params": {"spark.default.parallelism": 417.9500533901407, "spark.executor.cores": 3.841663230789207, "spark.executor.instances": 6.945121335226222, "spark.executor.memory": 3.5832563596780327, "spark.executor.memoryOverhead": 793.5567682723758, "spark.memory.fraction": 0.7143957128871189, "spark.memory.storageFraction": 0.5123241707219102, "spark.reducer.maxBlocksInFlightPerAddress": 1825719224.7611487, "spark.reducer.maxSizeInFlight": 46.53767444956722, "spark.shuffle.file.buffer": 34.18903872294466}, "datetime": {"datetime": "2022-02-25 11:36:30", "elapsed": 3.620079, "delta": 0.098129}}
{"target": -2803.8290700000016, "params": {"spark.default.parallelism": 495.5147894213674, "spark.executor.cores": 1.8573263481112916, "spark.executor.instances": 4.297211743898194, "spark.executor.memory": 4.024078328221842, "spark.executor.memoryOverhead": 579.7165688463559, "spark.memory.fraction": 0.7608706942554904, "spark.memory.storageFraction": 0.7946439423061828, "spark.reducer.maxBlocksInFlightPerAddress": 1825596359.3196976, "spark.reducer.maxSizeInFlight": 42.3887276452921, "spark.shuffle.file.buffer": 18.85895526430749}, "datetime": {"datetime": "2022-02-25 11:36:30", "elapsed": 3.727905, "delta": 0.107826}}
{"target": -2796.1052900000013, "params": {"spark.default.parallelism": 213.86029833034144, "spark.executor.cores": 2.9793672360782084, "spark.executor.instances": 7.280035033397785, "spark.executor.memory": 5.328857938753822, "spark.executor.memoryOverhead": 740.5185399292209, "spark.memory.fraction": 0.8874447704925226, "spark.memory.storageFraction": 0.5359940782173956, "spark.reducer.maxBlocksInFlightPerAddress": 1918499447.3820412, "spark.reducer.maxSizeInFlight": 35.84117371217542, "spark.shuffle.file.buffer": 27.27668282479911}, "datetime": {"datetime": "2022-02-25 11:36:30", "elapsed": 3.826069, "delta": 0.098164}}
{"target": -2798.7982500000016, "params": {"spark.default.parallelism": 499.5203698033364, "spark.executor.cores": 1.7612747495336676, "spark.executor.instances": 5.842274495189165, "spark.executor.memory": 3.36990870276741, "spark.executor.memoryOverhead": 768.2678557687191, "spark.memory.fraction": 0.5209413050806667, "spark.memory.storageFraction": 0.7406980703082133, "spark.reducer.maxBlocksInFlightPerAddress": 1858818428.1587834, "spark.reducer.maxSizeInFlight": 62.31803082963323, "spark.shuffle.file.buffer": 40.834383608457784}, "datetime": {"datetime": "2022-02-25 11:36:30", "elapsed": 3.930794, "delta": 0.104725}}
{"target": -2809.064670000001, "params": {"spark.default.parallelism": 203.27550740361815, "spark.executor.cores": 2.177448282970545, "spark.executor.instances": 7.269183092971183, "spark.executor.memory": 6.963126073785908, "spark.executor.memoryOverhead": 629.0308338878399, "spark.memory.fraction": 0.7564602988841151, "spark.memory.storageFraction": 0.5996132539750021, "spark.reducer.maxBlocksInFlightPerAddress": 2129652757.7829201, "spark.reducer.maxSizeInFlight": 65.76018868379155, "spark.shuffle.file.buffer": 36.22519340843213}, "datetime": {"datetime": "2022-02-25 11:36:30", "elapsed": 4.025547, "delta": 0.094753}}
{"target": -2802.7247900000016, "params": {"spark.default.parallelism": 281.2286154667962, "spark.executor.cores": 3.4954688829183884, "spark.executor.instances": 4.165862038733264, "spark.executor.memory": 4.815029096128925, "spark.executor.memoryOverhead": 757.5072041224703, "spark.memory.fraction": 0.7607459890059556, "spark.memory.storageFraction": 0.7597687974533374, "spark.reducer.maxBlocksInFlightPerAddress": 1861359003.090942, "spark.reducer.maxSizeInFlight": 49.19551692917284, "spark.shuffle.file.buffer": 20.880164632046643}, "datetime": {"datetime": "2022-02-25 11:36:30", "elapsed": 4.126278, "delta": 0.100731}}
{"target": -2794.968580000001, "params": {"spark.default.parallelism": 384.0051290124105, "spark.executor.cores": 2.668050967346643, "spark.executor.instances": 7.6550218581264975, "spark.executor.memory": 6.106619814498552, "spark.executor.memoryOverhead": 706.875773530928, "spark.memory.fraction": 0.7524223548113091, "spark.memory.storageFraction": 0.5283528475174901, "spark.reducer.maxBlocksInFlightPerAddress": 1825865088.588766, "spark.reducer.maxSizeInFlight": 36.69050308040929, "spark.shuffle.file.buffer": 39.53277994249233}, "datetime": {"datetime": "2022-02-25 11:36:30", "elapsed": 4.233993, "delta": 0.107715}}
{"target": -2809.1260100000013, "params": {"spark.default.parallelism": 201.71361835989288, "spark.executor.cores": 2.969885207074556, "spark.executor.instances": 7.022991620668855, "spark.executor.memory": 5.777729274065159, "spark.executor.memoryOverhead": 660.1320236457457, "spark.memory.fraction": 0.7769212666577975, "spark.memory.storageFraction": 0.5860713784818473, "spark.reducer.maxBlocksInFlightPerAddress": 2087191102.8654299, "spark.reducer.maxSizeInFlight": 47.59071414981109, "spark.shuffle.file.buffer": 31.035871132692385}, "datetime": {"datetime": "2022-02-25 11:36:30", "elapsed": 4.340709, "delta": 0.106716}}
{"target": -2803.1833300000017, "params": {"spark.default.parallelism": 391.67539650971435, "spark.executor.cores": 2.0844554178178614, "spark.executor.instances": 5.200575010433765, "spark.executor.memory": 6.519709300672959, "spark.executor.memoryOverhead": 399.1725459496612, "spark.memory.fraction": 0.8502058766598098, "spark.memory.storageFraction": 0.7493553964200514, "spark.reducer.maxBlocksInFlightPerAddress": 1398556476.4007888, "spark.reducer.maxSizeInFlight": 36.82663471080859, "spark.shuffle.file.buffer": 19.192073968561278}, "datetime": {"datetime": "2022-02-25 11:36:31", "elapsed": 4.44443, "delta": 0.103721}}
{"target": -2797.4237200000016, "params": {"spark.default.parallelism": 493.99284905011996, "spark.executor.cores": 1.449997624369526, "spark.executor.instances": 7.577557036111237, "spark.executor.memory": 6.202346691010948, "spark.executor.memoryOverhead": 673.1578209227537, "spark.memory.fraction": 0.7414353784975832, "spark.memory.storageFraction": 0.5062892795638337, "spark.reducer.maxBlocksInFlightPerAddress": 1918280928.1706338, "spark.reducer.maxSizeInFlight": 63.21475316390062, "spark.shuffle.file.buffer": 23.27263253367058}, "datetime": {"datetime": "2022-02-25 11:36:31", "elapsed": 4.54915, "delta": 0.10472}}
{"target": -2852.345260000002, "params": {"spark.default.parallelism": 324.49360786252737, "spark.executor.cores": 2.118125713604545, "spark.executor.instances": 6.453705137922276, "spark.executor.memory": 6.1192697175935935, "spark.executor.memoryOverhead": 589.5135478957498, "spark.memory.fraction": 0.6750552899707671, "spark.memory.storageFraction": 0.6880095464584255, "spark.reducer.maxBlocksInFlightPerAddress": 1737174765.01938, "spark.reducer.maxSizeInFlight": 69.90070524183855, "spark.shuffle.file.buffer": 16.285586324997226}, "datetime": {"datetime": "2022-02-25 11:36:31", "elapsed": 4.652873, "delta": 0.103723}}
{"target": -2796.620440000001, "params": {"spark.default.parallelism": 466.1560981064647, "spark.executor.cores": 1.0602030995355596, "spark.executor.instances": 4.119106706210753, "spark.executor.memory": 6.022198125458034, "spark.executor.memoryOverhead": 797.9627507953113, "spark.memory.fraction": 0.5729971068308896, "spark.memory.storageFraction": 0.5272397838565104, "spark.reducer.maxBlocksInFlightPerAddress": 1826007221.596889, "spark.reducer.maxSizeInFlight": 48.676608652492334, "spark.shuffle.file.buffer": 35.883324248269865}, "datetime": {"datetime": "2022-02-25 11:36:31", "elapsed": 4.757602, "delta": 0.104729}}
{"target": -2800.979060000002, "params": {"spark.default.parallelism": 460.8556531965037, "spark.executor.cores": 1.8043621482849352, "spark.executor.instances": 6.866973199378173, "spark.executor.memory": 4.5950442629143, "spark.executor.memoryOverhead": 549.6925034949954, "spark.memory.fraction": 0.7161534303673424, "spark.memory.storageFraction": 0.5837607546481594, "spark.reducer.maxBlocksInFlightPerAddress": 1825694214.1828904, "spark.reducer.maxSizeInFlight": 58.31523337855419, "spark.shuffle.file.buffer": 23.70952777316876}, "datetime": {"datetime": "2022-02-25 11:36:31", "elapsed": 4.869311, "delta": 0.111709}}
{"target": -2797.269110000002, "params": {"spark.default.parallelism": 290.67963975959685, "spark.executor.cores": 3.2244739210754014, "spark.executor.instances": 5.06504235110455, "spark.executor.memory": 4.922609050174996, "spark.executor.memoryOverhead": 531.5646672046186, "spark.memory.fraction": 0.6770873753447837, "spark.memory.storageFraction": 0.7144691952435158, "spark.reducer.maxBlocksInFlightPerAddress": 1680484853.846784, "spark.reducer.maxSizeInFlight": 30.392533459555914, "spark.shuffle.file.buffer": 44.80045369569976}, "datetime": {"datetime": "2022-02-25 11:36:31", "elapsed": 4.972216, "delta": 0.102905}}
{"target": -2800.5654300000006, "params": {"spark.default.parallelism": 351.24192503793245, "spark.executor.cores": 1.2102035226794374, "spark.executor.instances": 6.438525224456816, "spark.executor.memory": 6.167404564113376, "spark.executor.memoryOverhead": 628.2074047006522, "spark.memory.fraction": 0.893828837955972, "spark.memory.storageFraction": 0.6467290314341245, "spark.reducer.maxBlocksInFlightPerAddress": 1121696089.1288996, "spark.reducer.maxSizeInFlight": 33.523228253850874, "spark.shuffle.file.buffer": 29.769791437801235}, "datetime": {"datetime": "2022-02-25 11:36:31", "elapsed": 5.078161, "delta": 0.105945}}
{"target": -2802.980400000001, "params": {"spark.default.parallelism": 462.2113304272272, "spark.executor.cores": 3.2899778107448205, "spark.executor.instances": 7.502447762767691, "spark.executor.memory": 3.988490203661349, "spark.executor.memoryOverhead": 634.0558740713271, "spark.memory.fraction": 0.8597867544701028, "spark.memory.storageFraction": 0.6064806950077182, "spark.reducer.maxBlocksInFlightPerAddress": 1087428666.0180225, "spark.reducer.maxSizeInFlight": 55.137207805053706, "spark.shuffle.file.buffer": 19.36483896816299}, "datetime": {"datetime": "2022-02-25 11:36:31", "elapsed": 5.190183, "delta": 0.112022}}
{"target": -2716.890390000002, "params": {"spark.default.parallelism": 402.2094103144249, "spark.executor.cores": 3.804136638457532, "spark.executor.instances": 5.412103143224758, "spark.executor.memory": 6.0516575051009625, "spark.executor.memoryOverhead": 733.5006051034326, "spark.memory.fraction": 0.7376031722075275, "spark.memory.storageFraction": 0.5543002466178262, "spark.reducer.maxBlocksInFlightPerAddress": 1825812386.7176409, "spark.reducer.maxSizeInFlight": 56.930135429257376, "spark.shuffle.file.buffer": 24.789541364415243}, "datetime": {"datetime": "2022-02-25 11:36:31", "elapsed": 5.301911, "delta": 0.111728}}
{"target": -2803.3364100000017, "params": {"spark.default.parallelism": 493.4302445096651, "spark.executor.cores": 1.5844131286988574, "spark.executor.instances": 4.906100094943605, "spark.executor.memory": 3.8772217245434732, "spark.executor.memoryOverhead": 856.8251027314582, "spark.memory.fraction": 0.8555435334629107, "spark.memory.storageFraction": 0.8393612717075953, "spark.reducer.maxBlocksInFlightPerAddress": 1825790390.076277, "spark.reducer.maxSizeInFlight": 47.70186076723403, "spark.shuffle.file.buffer": 17.20902885308622}, "datetime": {"datetime": "2022-02-25 11:36:32", "elapsed": 5.411471, "delta": 0.10956}}
