{"target": -2797.150780000001, "params": {"spark.default.parallelism": 422.28235924978407, "spark.executor.cores": 2.107713714801524, "spark.executor.instances": 7.480414804130718, "spark.executor.memory": 6.985014508128048, "spark.executor.memoryOverhead": 724.1747697165072, "spark.memory.fraction": 0.8578565723943474, "spark.memory.storageFraction": 0.6427921837497104, "spark.reducer.maxBlocksInFlightPerAddress": 1915564120.3790417, "spark.reducer.maxSizeInFlight": 53.896375796024415, "spark.shuffle.file.buffer": 36.57066916486325}, "datetime": {"datetime": "2022-02-25 21:22:47", "elapsed": 0.0, "delta": 0.0}}
{"target": -2801.1087500000017, "params": {"spark.default.parallelism": 302.17403682322896, "spark.executor.cores": 1.053759451811164, "spark.executor.instances": 4.619220531050342, "spark.executor.memory": 4.052969030989613, "spark.executor.memoryOverhead": 408.37391258707095, "spark.memory.fraction": 0.7354767569217001, "spark.memory.storageFraction": 0.593098522862137, "spark.reducer.maxBlocksInFlightPerAddress": 1401271888.4201744, "spark.reducer.maxSizeInFlight": 59.48787815793001, "spark.shuffle.file.buffer": 47.6889101856203}, "datetime": {"datetime": "2022-02-25 21:22:48", "elapsed": 0.105327, "delta": 0.105327}}
{"target": -2799.8151200000016, "params": {"spark.default.parallelism": 224.5764654643729, "spark.executor.cores": 3.097737812368462, "spark.executor.instances": 5.937865144193816, "spark.executor.memory": 5.28526253002193, "spark.executor.memoryOverhead": 578.6935959870391, "spark.memory.fraction": 0.5136526914633147, "spark.memory.storageFraction": 0.8417254730627297, "spark.reducer.maxBlocksInFlightPerAddress": 1578504823.214091, "spark.reducer.maxSizeInFlight": 29.117428542370206, "spark.shuffle.file.buffer": 20.72502615174983}, "datetime": {"datetime": "2022-02-25 21:22:48", "elapsed": 0.20802, "delta": 0.102693}}
{"target": -2800.2655100000015, "params": {"spark.default.parallelism": 310.0, "spark.executor.cores": 1.0, "spark.executor.instances": 5.0, "spark.executor.memory": 4.0, "spark.executor.memoryOverhead": 402.0, "spark.memory.fraction": 0.7300000190734863, "spark.memory.storageFraction": 0.6000000238418579, "spark.reducer.maxBlocksInFlightPerAddress": 1395640320.0, "spark.reducer.maxSizeInFlight": 61.0, "spark.shuffle.file.buffer": 48.0}, "datetime": {"datetime": "2022-02-25 21:22:56", "elapsed": 8.569079, "delta": 8.361059}}
{"target": -2797.238770000001, "params": {"spark.default.parallelism": 305.0, "spark.executor.cores": 1.0, "spark.executor.instances": 5.0, "spark.executor.memory": 4.0, "spark.executor.memoryOverhead": 384.0, "spark.memory.fraction": 0.7400000095367432, "spark.memory.storageFraction": 0.6000000238418579, "spark.reducer.maxBlocksInFlightPerAddress": 1378207744.0, "spark.reducer.maxSizeInFlight": 62.0, "spark.shuffle.file.buffer": 48.0}, "datetime": {"datetime": "2022-02-25 21:22:56", "elapsed": 8.650896, "delta": 0.081817}}
{"target": -2797.238750000002, "params": {"spark.default.parallelism": 486.2394357576476, "spark.executor.cores": 1.2312871265815353, "spark.executor.instances": 6.671555755962629, "spark.executor.memory": 6.093578670722904, "spark.executor.memoryOverhead": 597.20764129425, "spark.memory.fraction": 0.566908767886981, "spark.memory.storageFraction": 0.549952090389277, "spark.reducer.maxBlocksInFlightPerAddress": 1355843577.2816215, "spark.reducer.maxSizeInFlight": 25.570597125766916, "spark.shuffle.file.buffer": 35.34356290352122}, "datetime": {"datetime": "2022-02-25 21:22:56", "elapsed": 8.914772, "delta": 0.263876}}
{"target": -2716.336960000001, "params": {"spark.default.parallelism": 265.99297625372975, "spark.executor.cores": 3.5663683747048287, "spark.executor.instances": 7.179488483764702, "spark.executor.memory": 4.397167676389818, "spark.executor.memoryOverhead": 620.2671062595156, "spark.memory.fraction": 0.7223427035574222, "spark.memory.storageFraction": 0.6777398809728279, "spark.reducer.maxBlocksInFlightPerAddress": 1826051960.7028747, "spark.reducer.maxSizeInFlight": 41.6369158208802, "spark.shuffle.file.buffer": 47.86790957178454}, "datetime": {"datetime": "2022-02-25 21:22:56", "elapsed": 9.030427, "delta": 0.115655}}
{"target": -2797.0545800000004, "params": {"spark.default.parallelism": 345.9575059778214, "spark.executor.cores": 3.1440922994374563, "spark.executor.instances": 7.0392250747115614, "spark.executor.memory": 6.962727483549804, "spark.executor.memoryOverhead": 766.7546950852324, "spark.memory.fraction": 0.5817279152607406, "spark.memory.storageFraction": 0.6331629966578163, "spark.reducer.maxBlocksInFlightPerAddress": 1211856221.2005877, "spark.reducer.maxSizeInFlight": 24.999809610364057, "spark.shuffle.file.buffer": 44.3916597706138}, "datetime": {"datetime": "2022-02-25 21:22:57", "elapsed": 9.155127, "delta": 0.1247}}
{"target": -2807.822400000001, "params": {"spark.default.parallelism": 280.45195687695133, "spark.executor.cores": 1.3648674985890505, "spark.executor.instances": 6.491444310510021, "spark.executor.memory": 4.724482082144515, "spark.executor.memoryOverhead": 587.6287890158578, "spark.memory.fraction": 0.6934385279716476, "spark.memory.storageFraction": 0.5894932200870144, "spark.reducer.maxBlocksInFlightPerAddress": 2112623908.705553, "spark.reducer.maxSizeInFlight": 39.38805184459612, "spark.shuffle.file.buffer": 38.39361373640864}, "datetime": {"datetime": "2022-02-25 21:22:57", "elapsed": 9.275771, "delta": 0.120644}}
{"target": -2807.0062300000013, "params": {"spark.default.parallelism": 230.9067130890092, "spark.executor.cores": 2.347809941987429, "spark.executor.instances": 6.349207892032901, "spark.executor.memory": 4.863152281530208, "spark.executor.memoryOverhead": 534.7836185254696, "spark.memory.fraction": 0.7827695753201128, "spark.memory.storageFraction": 0.5530067371631945, "spark.reducer.maxBlocksInFlightPerAddress": 2048344295.4161325, "spark.reducer.maxSizeInFlight": 58.012989078743686, "spark.shuffle.file.buffer": 45.970502274357244}, "datetime": {"datetime": "2022-02-25 21:22:57", "elapsed": 9.407418, "delta": 0.131647}}
{"target": -2795.806160000001, "params": {"spark.default.parallelism": 352.04651515700687, "spark.executor.cores": 1.7782770312527538, "spark.executor.instances": 7.885765277992592, "spark.executor.memory": 5.038123631538513, "spark.executor.memoryOverhead": 538.0941905619998, "spark.memory.fraction": 0.7052444345224423, "spark.memory.storageFraction": 0.5534462275676156, "spark.reducer.maxBlocksInFlightPerAddress": 1382175986.4515374, "spark.reducer.maxSizeInFlight": 28.14624059181522, "spark.shuffle.file.buffer": 42.30314185306119}, "datetime": {"datetime": "2022-02-25 21:22:57", "elapsed": 9.534194, "delta": 0.126776}}
{"target": -2796.8492400000014, "params": {"spark.default.parallelism": 270.4786092350405, "spark.executor.cores": 3.2377562411493646, "spark.executor.instances": 5.8573510013244245, "spark.executor.memory": 4.080125297767461, "spark.executor.memoryOverhead": 622.6011244461616, "spark.memory.fraction": 0.6823038593029572, "spark.memory.storageFraction": 0.6694246533007249, "spark.reducer.maxBlocksInFlightPerAddress": 1737397985.9944415, "spark.reducer.maxSizeInFlight": 37.71184295557874, "spark.shuffle.file.buffer": 39.388692138875044}, "datetime": {"datetime": "2022-02-25 21:22:57", "elapsed": 9.664817, "delta": 0.130623}}
{"target": -2798.4134800000015, "params": {"spark.default.parallelism": 292.1189803826157, "spark.executor.cores": 2.7077476538910807, "spark.executor.instances": 4.207283138125501, "spark.executor.memory": 4.730596523410366, "spark.executor.memoryOverhead": 742.2134768483536, "spark.memory.fraction": 0.7050624040282509, "spark.memory.storageFraction": 0.5760350924159015, "spark.reducer.maxBlocksInFlightPerAddress": 1446856239.9477859, "spark.reducer.maxSizeInFlight": 71.16904767547007, "spark.shuffle.file.buffer": 25.254765771556578}, "datetime": {"datetime": "2022-02-25 21:22:57", "elapsed": 9.797019, "delta": 0.132202}}
{"target": -2797.060220000001, "params": {"spark.default.parallelism": 498.4717374322219, "spark.executor.cores": 3.3098758462286977, "spark.executor.instances": 6.5898180666693005, "spark.executor.memory": 3.8215193600816875, "spark.executor.memoryOverhead": 743.2327144178248, "spark.memory.fraction": 0.570280188682581, "spark.memory.storageFraction": 0.5409804876852686, "spark.reducer.maxBlocksInFlightPerAddress": 1796569176.0152788, "spark.reducer.maxSizeInFlight": 55.31720373195644, "spark.shuffle.file.buffer": 28.561055631620878}, "datetime": {"datetime": "2022-02-25 21:22:57", "elapsed": 9.940638, "delta": 0.143619}}
{"target": -2800.3888200000015, "params": {"spark.default.parallelism": 400.53448423977983, "spark.executor.cores": 3.4188156849041627, "spark.executor.instances": 4.054246955151147, "spark.executor.memory": 3.9729449889677464, "spark.executor.memoryOverhead": 395.7873595033749, "spark.memory.fraction": 0.8233478287621234, "spark.memory.storageFraction": 0.7522999669195276, "spark.reducer.maxBlocksInFlightPerAddress": 1776947474.9269054, "spark.reducer.maxSizeInFlight": 25.76639049759963, "spark.shuffle.file.buffer": 43.471057799957265}, "datetime": {"datetime": "2022-02-25 21:22:58", "elapsed": 10.235887, "delta": 0.295249}}
{"target": -2793.2196100000006, "params": {"spark.default.parallelism": 236.09576172880827, "spark.executor.cores": 2.9979218061332933, "spark.executor.instances": 5.78655651577885, "spark.executor.memory": 4.124187264299631, "spark.executor.memoryOverhead": 384.7633157244881, "spark.memory.fraction": 0.7776508697863813, "spark.memory.storageFraction": 0.5155972233384881, "spark.reducer.maxBlocksInFlightPerAddress": 1196805476.3922563, "spark.reducer.maxSizeInFlight": 26.61458643576564, "spark.shuffle.file.buffer": 43.584902679939866}, "datetime": {"datetime": "2022-02-25 21:22:58", "elapsed": 10.424991, "delta": 0.189104}}
{"target": -2802.9760200000014, "params": {"spark.default.parallelism": 204.9017160613747, "spark.executor.cores": 2.4568465839276667, "spark.executor.instances": 4.170617782473027, "spark.executor.memory": 5.540753735042669, "spark.executor.memoryOverhead": 823.4181514985374, "spark.memory.fraction": 0.6590273103375737, "spark.memory.storageFraction": 0.6301248762774985, "spark.reducer.maxBlocksInFlightPerAddress": 1983374571.603139, "spark.reducer.maxSizeInFlight": 49.303360771004854, "spark.shuffle.file.buffer": 40.022710909864735}, "datetime": {"datetime": "2022-02-25 21:22:58", "elapsed": 10.598527, "delta": 0.173536}}
{"target": -2796.1052900000013, "params": {"spark.default.parallelism": 213.86029833034144, "spark.executor.cores": 2.9793672360782084, "spark.executor.instances": 7.280035033397785, "spark.executor.memory": 5.328857938753822, "spark.executor.memoryOverhead": 740.5185399292209, "spark.memory.fraction": 0.8874447704925226, "spark.memory.storageFraction": 0.5359940782173956, "spark.reducer.maxBlocksInFlightPerAddress": 1918499447.3820412, "spark.reducer.maxSizeInFlight": 35.84117371217542, "spark.shuffle.file.buffer": 27.27668282479911}, "datetime": {"datetime": "2022-02-25 21:22:58", "elapsed": 10.768085, "delta": 0.169558}}
{"target": -2798.7982500000016, "params": {"spark.default.parallelism": 499.5203698033364, "spark.executor.cores": 1.7612747495336676, "spark.executor.instances": 5.842274495189165, "spark.executor.memory": 3.36990870276741, "spark.executor.memoryOverhead": 768.2678557687191, "spark.memory.fraction": 0.5209413050806667, "spark.memory.storageFraction": 0.7406980703082133, "spark.reducer.maxBlocksInFlightPerAddress": 1858818428.1587834, "spark.reducer.maxSizeInFlight": 62.31803082963323, "spark.shuffle.file.buffer": 40.834383608457784}, "datetime": {"datetime": "2022-02-25 21:22:58", "elapsed": 10.948556, "delta": 0.180471}}
{"target": -2809.064670000001, "params": {"spark.default.parallelism": 203.27550740361815, "spark.executor.cores": 2.177448282970545, "spark.executor.instances": 7.269183092971183, "spark.executor.memory": 6.963126073785908, "spark.executor.memoryOverhead": 629.0308338878399, "spark.memory.fraction": 0.7564602988841151, "spark.memory.storageFraction": 0.5996132539750021, "spark.reducer.maxBlocksInFlightPerAddress": 2129652757.7829201, "spark.reducer.maxSizeInFlight": 65.76018868379155, "spark.shuffle.file.buffer": 36.22519340843213}, "datetime": {"datetime": "2022-02-25 21:22:59", "elapsed": 11.117108, "delta": 0.168552}}
{"target": -2802.7247900000016, "params": {"spark.default.parallelism": 281.2286154667962, "spark.executor.cores": 3.4954688829183884, "spark.executor.instances": 4.165862038733264, "spark.executor.memory": 4.815029096128925, "spark.executor.memoryOverhead": 757.5072041224703, "spark.memory.fraction": 0.7607459890059556, "spark.memory.storageFraction": 0.7597687974533374, "spark.reducer.maxBlocksInFlightPerAddress": 1861359003.090942, "spark.reducer.maxSizeInFlight": 49.19551692917284, "spark.shuffle.file.buffer": 20.880164632046643}, "datetime": {"datetime": "2022-02-25 21:22:59", "elapsed": 11.282212, "delta": 0.165104}}
{"target": -2718.4943900000007, "params": {"spark.default.parallelism": 398.4498691404067, "spark.executor.cores": 3.7066739633351364, "spark.executor.instances": 4.4114069284787165, "spark.executor.memory": 3.9635335420310196, "spark.executor.memoryOverhead": 773.6635163349367, "spark.memory.fraction": 0.6961440548944902, "spark.memory.storageFraction": 0.7940657551603901, "spark.reducer.maxBlocksInFlightPerAddress": 1843381009.3138359, "spark.reducer.maxSizeInFlight": 36.062550138899454, "spark.shuffle.file.buffer": 31.058325904970143}, "datetime": {"datetime": "2022-02-25 21:22:59", "elapsed": 11.452408, "delta": 0.170196}}
{"target": -2809.1260100000013, "params": {"spark.default.parallelism": 201.71361835989288, "spark.executor.cores": 2.969885207074556, "spark.executor.instances": 7.022991620668855, "spark.executor.memory": 5.777729274065159, "spark.executor.memoryOverhead": 660.1320236457457, "spark.memory.fraction": 0.7769212666577975, "spark.memory.storageFraction": 0.5860713784818473, "spark.reducer.maxBlocksInFlightPerAddress": 2087191102.8654299, "spark.reducer.maxSizeInFlight": 47.59071414981109, "spark.shuffle.file.buffer": 31.035871132692385}, "datetime": {"datetime": "2022-02-25 21:22:59", "elapsed": 11.611998, "delta": 0.15959}}
{"target": -2803.1833300000017, "params": {"spark.default.parallelism": 391.67539650971435, "spark.executor.cores": 2.0844554178178614, "spark.executor.instances": 5.200575010433765, "spark.executor.memory": 6.519709300672959, "spark.executor.memoryOverhead": 399.1725459496612, "spark.memory.fraction": 0.8502058766598098, "spark.memory.storageFraction": 0.7493553964200514, "spark.reducer.maxBlocksInFlightPerAddress": 1398556476.4007888, "spark.reducer.maxSizeInFlight": 36.82663471080859, "spark.shuffle.file.buffer": 19.192073968561278}, "datetime": {"datetime": "2022-02-25 21:22:59", "elapsed": 11.773799, "delta": 0.161801}}
{"target": -2718.160720000001, "params": {"spark.default.parallelism": 381.7550958683454, "spark.executor.cores": 3.9296606774262823, "spark.executor.instances": 4.317558392723323, "spark.executor.memory": 3.766559748319751, "spark.executor.memoryOverhead": 692.2336869872697, "spark.memory.fraction": 0.5198174130691084, "spark.memory.storageFraction": 0.6464399774934287, "spark.reducer.maxBlocksInFlightPerAddress": 1308137737.2675557, "spark.reducer.maxSizeInFlight": 54.13806771750315, "spark.shuffle.file.buffer": 20.704734905037245}, "datetime": {"datetime": "2022-02-25 21:22:59", "elapsed": 11.931297, "delta": 0.157498}}
{"target": -2797.1715400000016, "params": {"spark.default.parallelism": 233.8046509001092, "spark.executor.cores": 1.228124609549513, "spark.executor.instances": 6.58521858430384, "spark.executor.memory": 5.971666097732564, "spark.executor.memoryOverhead": 523.0314655135401, "spark.memory.fraction": 0.7686551023938683, "spark.memory.storageFraction": 0.6002027662326079, "spark.reducer.maxBlocksInFlightPerAddress": 1504958730.0903559, "spark.reducer.maxSizeInFlight": 37.846672819418266, "spark.shuffle.file.buffer": 32.6889369462814}, "datetime": {"datetime": "2022-02-25 21:23:00", "elapsed": 12.09087, "delta": 0.159573}}
{"target": -2797.269110000002, "params": {"spark.default.parallelism": 290.67963975959685, "spark.executor.cores": 3.2244739210754014, "spark.executor.instances": 5.06504235110455, "spark.executor.memory": 4.922609050174996, "spark.executor.memoryOverhead": 531.5646672046186, "spark.memory.fraction": 0.6770873753447837, "spark.memory.storageFraction": 0.7144691952435158, "spark.reducer.maxBlocksInFlightPerAddress": 1680484853.846784, "spark.reducer.maxSizeInFlight": 30.392533459555914, "spark.shuffle.file.buffer": 44.80045369569976}, "datetime": {"datetime": "2022-02-25 21:23:00", "elapsed": 12.539671, "delta": 0.448801}}
{"target": -2800.5654300000006, "params": {"spark.default.parallelism": 351.24192503793245, "spark.executor.cores": 1.2102035226794374, "spark.executor.instances": 6.438525224456816, "spark.executor.memory": 6.167404564113376, "spark.executor.memoryOverhead": 628.2074047006522, "spark.memory.fraction": 0.893828837955972, "spark.memory.storageFraction": 0.6467290314341245, "spark.reducer.maxBlocksInFlightPerAddress": 1121696089.1288996, "spark.reducer.maxSizeInFlight": 33.523228253850874, "spark.shuffle.file.buffer": 29.769791437801235}, "datetime": {"datetime": "2022-02-25 21:23:00", "elapsed": 12.681291, "delta": 0.14162}}
{"target": -2802.980400000001, "params": {"spark.default.parallelism": 462.2113304272272, "spark.executor.cores": 3.2899778107448205, "spark.executor.instances": 7.502447762767691, "spark.executor.memory": 3.988490203661349, "spark.executor.memoryOverhead": 634.0558740713271, "spark.memory.fraction": 0.8597867544701028, "spark.memory.storageFraction": 0.6064806950077182, "spark.reducer.maxBlocksInFlightPerAddress": 1087428666.0180225, "spark.reducer.maxSizeInFlight": 55.137207805053706, "spark.shuffle.file.buffer": 19.36483896816299}, "datetime": {"datetime": "2022-02-25 21:23:00", "elapsed": 12.813939, "delta": 0.132648}}
{"target": -2799.556590000002, "params": {"spark.default.parallelism": 478.4132771261992, "spark.executor.cores": 3.1566051544136413, "spark.executor.instances": 6.013023575732749, "spark.executor.memory": 4.165678692846868, "spark.executor.memoryOverhead": 604.8186741232486, "spark.memory.fraction": 0.6096962835593396, "spark.memory.storageFraction": 0.719599515053282, "spark.reducer.maxBlocksInFlightPerAddress": 1752357871.2610142, "spark.reducer.maxSizeInFlight": 62.06642761647661, "spark.shuffle.file.buffer": 32.548390618248774}, "datetime": {"datetime": "2022-02-25 21:23:00", "elapsed": 12.947585, "delta": 0.133646}}
{"target": -2798.2201900000014, "params": {"spark.default.parallelism": 462.02567528102776, "spark.executor.cores": 1.148566977616576, "spark.executor.instances": 6.127488103193034, "spark.executor.memory": 4.3671374741903115, "spark.executor.memoryOverhead": 675.925582775114, "spark.memory.fraction": 0.5370308149905921, "spark.memory.storageFraction": 0.5569145692169453, "spark.reducer.maxBlocksInFlightPerAddress": 1869262948.5775318, "spark.reducer.maxSizeInFlight": 44.95717615475899, "spark.shuffle.file.buffer": 47.69909494288406}, "datetime": {"datetime": "2022-02-25 21:23:01", "elapsed": 13.084218, "delta": 0.136633}}
