{"target": -2712.9629099999993, "params": {"spark.default.parallelism": 444.6894516244143, "spark.executor.cores": 3.508904604670171, "spark.executor.instances": 4.69616679117271, "spark.executor.memory": 6.3011776891274405, "spark.executor.memoryOverhead": 509.4906583439454, "spark.memory.fraction": 0.7014859563118284, "spark.memory.storageFraction": 0.8306262364453025, "spark.reducer.maxBlocksInFlightPerAddress": 1228309866.7882257, "spark.reducer.maxSizeInFlight": 35.519003107531475, "spark.shuffle.file.buffer": 26.2297406633186}, "datetime": {"datetime": "2022-02-26 21:33:33", "elapsed": 0.0, "delta": 0.0}}
{"target": -2793.391030000001, "params": {"spark.default.parallelism": 219.03196310184134, "spark.executor.cores": 2.6829258493373342, "spark.executor.instances": 7.7007746562156765, "spark.executor.memory": 4.348784873722099, "spark.executor.memoryOverhead": 697.6841671208987, "spark.memory.fraction": 0.6235662502249828, "spark.memory.storageFraction": 0.5431525717097976, "spark.reducer.maxBlocksInFlightPerAddress": 1573018592.7217207, "spark.reducer.maxSizeInFlight": 45.5830507817259, "spark.shuffle.file.buffer": 45.25388922178648}, "datetime": {"datetime": "2022-02-26 21:33:33", "elapsed": 0.053854, "delta": 0.053854}}
{"target": -2804.403280000001, "params": {"spark.default.parallelism": 308.9532330876742, "spark.executor.cores": 1.0073231069262596, "spark.executor.instances": 5.349524002332029, "spark.executor.memory": 3.6550504805922097, "spark.executor.memoryOverhead": 865.1758888476173, "spark.memory.fraction": 0.81751481777212, "spark.memory.storageFraction": 0.6526457012154735, "spark.reducer.maxBlocksInFlightPerAddress": 1944702076.8222418, "spark.reducer.maxSizeInFlight": 70.80868294005528, "spark.shuffle.file.buffer": 36.246425468855804}, "datetime": {"datetime": "2022-02-26 21:33:33", "elapsed": 0.107659, "delta": 0.053805}}
{"target": -2795.4505300000014, "params": {"spark.default.parallelism": 292.0, "spark.executor.cores": 1.0, "spark.executor.instances": 5.0, "spark.executor.memory": 4.0, "spark.executor.memoryOverhead": 793.0, "spark.memory.fraction": 0.8199999928474426, "spark.memory.storageFraction": 0.6700000166893005, "spark.reducer.maxBlocksInFlightPerAddress": 1648306944.0, "spark.reducer.maxSizeInFlight": 63.0, "spark.shuffle.file.buffer": 37.0}, "datetime": {"datetime": "2022-02-26 21:33:38", "elapsed": 5.519762, "delta": 5.412103}}
{"target": -2795.692200000001, "params": {"spark.default.parallelism": 300.0, "spark.executor.cores": 1.0, "spark.executor.instances": 5.0, "spark.executor.memory": 4.0, "spark.executor.memoryOverhead": 801.0, "spark.memory.fraction": 0.8199999928474426, "spark.memory.storageFraction": 0.6800000071525574, "spark.reducer.maxBlocksInFlightPerAddress": 1577205760.0, "spark.reducer.maxSizeInFlight": 61.0, "spark.shuffle.file.buffer": 37.0}, "datetime": {"datetime": "2022-02-26 21:33:38", "elapsed": 5.626299, "delta": 0.106537}}
{"target": -2797.238750000002, "params": {"spark.default.parallelism": 486.2394357576476, "spark.executor.cores": 1.2312871265815353, "spark.executor.instances": 6.671555755962629, "spark.executor.memory": 6.093578670722904, "spark.executor.memoryOverhead": 597.20764129425, "spark.memory.fraction": 0.566908767886981, "spark.memory.storageFraction": 0.549952090389277, "spark.reducer.maxBlocksInFlightPerAddress": 1355843577.2816215, "spark.reducer.maxSizeInFlight": 25.570597125766916, "spark.shuffle.file.buffer": 35.34356290352122}, "datetime": {"datetime": "2022-02-26 21:33:39", "elapsed": 5.977613, "delta": 0.351314}}
{"target": -2716.336960000001, "params": {"spark.default.parallelism": 265.99297625372975, "spark.executor.cores": 3.5663683747048287, "spark.executor.instances": 7.179488483764702, "spark.executor.memory": 4.397167676389818, "spark.executor.memoryOverhead": 620.2671062595156, "spark.memory.fraction": 0.7223427035574222, "spark.memory.storageFraction": 0.6777398809728279, "spark.reducer.maxBlocksInFlightPerAddress": 1826051960.7028747, "spark.reducer.maxSizeInFlight": 41.6369158208802, "spark.shuffle.file.buffer": 47.86790957178454}, "datetime": {"datetime": "2022-02-26 21:33:39", "elapsed": 6.159041, "delta": 0.181428}}
{"target": -2797.0545800000004, "params": {"spark.default.parallelism": 345.9575059778214, "spark.executor.cores": 3.1440922994374563, "spark.executor.instances": 7.0392250747115614, "spark.executor.memory": 6.962727483549804, "spark.executor.memoryOverhead": 766.7546950852324, "spark.memory.fraction": 0.5817279152607406, "spark.memory.storageFraction": 0.6331629966578163, "spark.reducer.maxBlocksInFlightPerAddress": 1211856221.2005877, "spark.reducer.maxSizeInFlight": 24.999809610364057, "spark.shuffle.file.buffer": 44.3916597706138}, "datetime": {"datetime": "2022-02-26 21:33:39", "elapsed": 6.405383, "delta": 0.246342}}
{"target": -2807.822400000001, "params": {"spark.default.parallelism": 280.45195687695133, "spark.executor.cores": 1.3648674985890505, "spark.executor.instances": 6.491444310510021, "spark.executor.memory": 4.724482082144515, "spark.executor.memoryOverhead": 587.6287890158578, "spark.memory.fraction": 0.6934385279716476, "spark.memory.storageFraction": 0.5894932200870144, "spark.reducer.maxBlocksInFlightPerAddress": 2112623908.705553, "spark.reducer.maxSizeInFlight": 39.38805184459612, "spark.shuffle.file.buffer": 38.39361373640864}, "datetime": {"datetime": "2022-02-26 21:33:39", "elapsed": 6.635768, "delta": 0.230385}}
{"target": -2807.0062300000013, "params": {"spark.default.parallelism": 230.9067130890092, "spark.executor.cores": 2.347809941987429, "spark.executor.instances": 6.349207892032901, "spark.executor.memory": 4.863152281530208, "spark.executor.memoryOverhead": 534.7836185254696, "spark.memory.fraction": 0.7827695753201128, "spark.memory.storageFraction": 0.5530067371631945, "spark.reducer.maxBlocksInFlightPerAddress": 2048344295.4161325, "spark.reducer.maxSizeInFlight": 58.012989078743686, "spark.shuffle.file.buffer": 45.970502274357244}, "datetime": {"datetime": "2022-02-26 21:33:39", "elapsed": 6.839227, "delta": 0.203459}}
{"target": -2795.806160000001, "params": {"spark.default.parallelism": 352.04651515700687, "spark.executor.cores": 1.7782770312527538, "spark.executor.instances": 7.885765277992592, "spark.executor.memory": 5.038123631538513, "spark.executor.memoryOverhead": 538.0941905619998, "spark.memory.fraction": 0.7052444345224423, "spark.memory.storageFraction": 0.5534462275676156, "spark.reducer.maxBlocksInFlightPerAddress": 1382175986.4515374, "spark.reducer.maxSizeInFlight": 28.14624059181522, "spark.shuffle.file.buffer": 42.30314185306119}, "datetime": {"datetime": "2022-02-26 21:33:40", "elapsed": 7.021386, "delta": 0.182159}}
{"target": -2796.8492400000014, "params": {"spark.default.parallelism": 270.4786092350405, "spark.executor.cores": 3.2377562411493646, "spark.executor.instances": 5.8573510013244245, "spark.executor.memory": 4.080125297767461, "spark.executor.memoryOverhead": 622.6011244461616, "spark.memory.fraction": 0.6823038593029572, "spark.memory.storageFraction": 0.6694246533007249, "spark.reducer.maxBlocksInFlightPerAddress": 1737397985.9944415, "spark.reducer.maxSizeInFlight": 37.71184295557874, "spark.shuffle.file.buffer": 39.388692138875044}, "datetime": {"datetime": "2022-02-26 21:33:40", "elapsed": 7.191266, "delta": 0.16988}}
{"target": -2798.4134800000015, "params": {"spark.default.parallelism": 292.1189803826157, "spark.executor.cores": 2.7077476538910807, "spark.executor.instances": 4.207283138125501, "spark.executor.memory": 4.730596523410366, "spark.executor.memoryOverhead": 742.2134768483536, "spark.memory.fraction": 0.7050624040282509, "spark.memory.storageFraction": 0.5760350924159015, "spark.reducer.maxBlocksInFlightPerAddress": 1446856239.9477859, "spark.reducer.maxSizeInFlight": 71.16904767547007, "spark.shuffle.file.buffer": 25.254765771556578}, "datetime": {"datetime": "2022-02-26 21:33:40", "elapsed": 7.354077, "delta": 0.162811}}
{"target": -2797.060220000001, "params": {"spark.default.parallelism": 498.4717374322219, "spark.executor.cores": 3.3098758462286977, "spark.executor.instances": 6.5898180666693005, "spark.executor.memory": 3.8215193600816875, "spark.executor.memoryOverhead": 743.2327144178248, "spark.memory.fraction": 0.570280188682581, "spark.memory.storageFraction": 0.5409804876852686, "spark.reducer.maxBlocksInFlightPerAddress": 1796569176.0152788, "spark.reducer.maxSizeInFlight": 55.31720373195644, "spark.shuffle.file.buffer": 28.561055631620878}, "datetime": {"datetime": "2022-02-26 21:33:40", "elapsed": 7.506649, "delta": 0.152572}}
{"target": -2800.3888200000015, "params": {"spark.default.parallelism": 400.53448423977983, "spark.executor.cores": 3.4188156849041627, "spark.executor.instances": 4.054246955151147, "spark.executor.memory": 3.9729449889677464, "spark.executor.memoryOverhead": 395.7873595033749, "spark.memory.fraction": 0.8233478287621234, "spark.memory.storageFraction": 0.7522999669195276, "spark.reducer.maxBlocksInFlightPerAddress": 1776947474.9269054, "spark.reducer.maxSizeInFlight": 25.76639049759963, "spark.shuffle.file.buffer": 43.471057799957265}, "datetime": {"datetime": "2022-02-26 21:33:40", "elapsed": 7.802519, "delta": 0.29587}}
{"target": -2793.2196100000006, "params": {"spark.default.parallelism": 236.09576172880827, "spark.executor.cores": 2.9979218061332933, "spark.executor.instances": 5.78655651577885, "spark.executor.memory": 4.124187264299631, "spark.executor.memoryOverhead": 384.7633157244881, "spark.memory.fraction": 0.7776508697863813, "spark.memory.storageFraction": 0.5155972233384881, "spark.reducer.maxBlocksInFlightPerAddress": 1196805476.3922563, "spark.reducer.maxSizeInFlight": 26.61458643576564, "spark.shuffle.file.buffer": 43.584902679939866}, "datetime": {"datetime": "2022-02-26 21:33:41", "elapsed": 7.949179, "delta": 0.14666}}
{"target": -2802.9760200000014, "params": {"spark.default.parallelism": 204.9017160613747, "spark.executor.cores": 2.4568465839276667, "spark.executor.instances": 4.170617782473027, "spark.executor.memory": 5.540753735042669, "spark.executor.memoryOverhead": 823.4181514985374, "spark.memory.fraction": 0.6590273103375737, "spark.memory.storageFraction": 0.6301248762774985, "spark.reducer.maxBlocksInFlightPerAddress": 1983374571.603139, "spark.reducer.maxSizeInFlight": 49.303360771004854, "spark.shuffle.file.buffer": 40.022710909864735}, "datetime": {"datetime": "2022-02-26 21:33:41", "elapsed": 8.092305, "delta": 0.143126}}
{"target": -2796.1052900000013, "params": {"spark.default.parallelism": 213.86029833034144, "spark.executor.cores": 2.9793672360782084, "spark.executor.instances": 7.280035033397785, "spark.executor.memory": 5.328857938753822, "spark.executor.memoryOverhead": 740.5185399292209, "spark.memory.fraction": 0.8874447704925226, "spark.memory.storageFraction": 0.5359940782173956, "spark.reducer.maxBlocksInFlightPerAddress": 1918499447.3820412, "spark.reducer.maxSizeInFlight": 35.84117371217542, "spark.shuffle.file.buffer": 27.27668282479911}, "datetime": {"datetime": "2022-02-26 21:33:41", "elapsed": 8.240336, "delta": 0.148031}}
{"target": -2798.7982500000016, "params": {"spark.default.parallelism": 499.5203698033364, "spark.executor.cores": 1.7612747495336676, "spark.executor.instances": 5.842274495189165, "spark.executor.memory": 3.36990870276741, "spark.executor.memoryOverhead": 768.2678557687191, "spark.memory.fraction": 0.5209413050806667, "spark.memory.storageFraction": 0.7406980703082133, "spark.reducer.maxBlocksInFlightPerAddress": 1858818428.1587834, "spark.reducer.maxSizeInFlight": 62.31803082963323, "spark.shuffle.file.buffer": 40.834383608457784}, "datetime": {"datetime": "2022-02-26 21:33:41", "elapsed": 8.386356, "delta": 0.14602}}
{"target": -2809.064670000001, "params": {"spark.default.parallelism": 203.27550740361815, "spark.executor.cores": 2.177448282970545, "spark.executor.instances": 7.269183092971183, "spark.executor.memory": 6.963126073785908, "spark.executor.memoryOverhead": 629.0308338878399, "spark.memory.fraction": 0.7564602988841151, "spark.memory.storageFraction": 0.5996132539750021, "spark.reducer.maxBlocksInFlightPerAddress": 2129652757.7829201, "spark.reducer.maxSizeInFlight": 65.76018868379155, "spark.shuffle.file.buffer": 36.22519340843213}, "datetime": {"datetime": "2022-02-26 21:33:41", "elapsed": 8.525992, "delta": 0.139636}}
{"target": -2802.7247900000016, "params": {"spark.default.parallelism": 281.2286154667962, "spark.executor.cores": 3.4954688829183884, "spark.executor.instances": 4.165862038733264, "spark.executor.memory": 4.815029096128925, "spark.executor.memoryOverhead": 757.5072041224703, "spark.memory.fraction": 0.7607459890059556, "spark.memory.storageFraction": 0.7597687974533374, "spark.reducer.maxBlocksInFlightPerAddress": 1861359003.090942, "spark.reducer.maxSizeInFlight": 49.19551692917284, "spark.shuffle.file.buffer": 20.880164632046643}, "datetime": {"datetime": "2022-02-26 21:33:41", "elapsed": 8.656397, "delta": 0.130405}}
{"target": -2718.4943900000007, "params": {"spark.default.parallelism": 398.4498691404067, "spark.executor.cores": 3.7066739633351364, "spark.executor.instances": 4.4114069284787165, "spark.executor.memory": 3.9635335420310196, "spark.executor.memoryOverhead": 773.6635163349367, "spark.memory.fraction": 0.6961440548944902, "spark.memory.storageFraction": 0.7940657551603901, "spark.reducer.maxBlocksInFlightPerAddress": 1843381009.3138359, "spark.reducer.maxSizeInFlight": 36.062550138899454, "spark.shuffle.file.buffer": 31.058325904970143}, "datetime": {"datetime": "2022-02-26 21:33:41", "elapsed": 8.782011, "delta": 0.125614}}
{"target": -2809.1260100000013, "params": {"spark.default.parallelism": 201.71361835989288, "spark.executor.cores": 2.969885207074556, "spark.executor.instances": 7.022991620668855, "spark.executor.memory": 5.777729274065159, "spark.executor.memoryOverhead": 660.1320236457457, "spark.memory.fraction": 0.7769212666577975, "spark.memory.storageFraction": 0.5860713784818473, "spark.reducer.maxBlocksInFlightPerAddress": 2087191102.8654299, "spark.reducer.maxSizeInFlight": 47.59071414981109, "spark.shuffle.file.buffer": 31.035871132692385}, "datetime": {"datetime": "2022-02-26 21:33:41", "elapsed": 8.911698, "delta": 0.129687}}
{"target": -2803.1833300000017, "params": {"spark.default.parallelism": 391.67539650971435, "spark.executor.cores": 2.0844554178178614, "spark.executor.instances": 5.200575010433765, "spark.executor.memory": 6.519709300672959, "spark.executor.memoryOverhead": 399.1725459496612, "spark.memory.fraction": 0.8502058766598098, "spark.memory.storageFraction": 0.7493553964200514, "spark.reducer.maxBlocksInFlightPerAddress": 1398556476.4007888, "spark.reducer.maxSizeInFlight": 36.82663471080859, "spark.shuffle.file.buffer": 19.192073968561278}, "datetime": {"datetime": "2022-02-26 21:33:42", "elapsed": 9.04415, "delta": 0.132452}}
{"target": -2718.160720000001, "params": {"spark.default.parallelism": 381.7550958683454, "spark.executor.cores": 3.9296606774262823, "spark.executor.instances": 4.317558392723323, "spark.executor.memory": 3.766559748319751, "spark.executor.memoryOverhead": 692.2336869872697, "spark.memory.fraction": 0.5198174130691084, "spark.memory.storageFraction": 0.6464399774934287, "spark.reducer.maxBlocksInFlightPerAddress": 1308137737.2675557, "spark.reducer.maxSizeInFlight": 54.13806771750315, "spark.shuffle.file.buffer": 20.704734905037245}, "datetime": {"datetime": "2022-02-26 21:33:42", "elapsed": 9.191755, "delta": 0.147605}}
{"target": -2797.1715400000016, "params": {"spark.default.parallelism": 233.8046509001092, "spark.executor.cores": 1.228124609549513, "spark.executor.instances": 6.58521858430384, "spark.executor.memory": 5.971666097732564, "spark.executor.memoryOverhead": 523.0314655135401, "spark.memory.fraction": 0.7686551023938683, "spark.memory.storageFraction": 0.6002027662326079, "spark.reducer.maxBlocksInFlightPerAddress": 1504958730.0903559, "spark.reducer.maxSizeInFlight": 37.846672819418266, "spark.shuffle.file.buffer": 32.6889369462814}, "datetime": {"datetime": "2022-02-26 21:33:42", "elapsed": 9.326595, "delta": 0.13484}}
