{"target": -457.231, "params": {"spark.broadcast.blockSize": 27.85536429155959, "spark.broadcast.checksum": 0.7203244934421581, "spark.broadcast.compress": 0.00011437481734488664, "spark.default.parallelism": 290.69977178955196, "spark.executor.cores": 4.4402676724513395, "spark.executor.instances": 8.554031568612787, "spark.executor.memory": 9.117561268266025, "spark.executor.memoryOverhead": 857.7637567760185, "spark.kryoserializer.buffer": 70.08967752614431, "spark.kryoserializer.buffer.max": 83.72640646432227, "spark.locality.wait": 4.772750629629654, "spark.maxRemoteBlockSizeFetchToMem": 1809490227.7801933, "spark.memory.fraction": 0.581780899892607, "spark.memory.offHeap.enabled": 0.8781174363909454, "spark.memory.offHeap.size": 28.04489543467639, "spark.memory.storageFraction": 0.768187004071361, "spark.rdd.compress": 0.41730480236712697, "spark.reducer.maxBlocksInFlightPerAddress": 1673630458.4455886, "spark.reducer.maxReqsInFlight": 1224481150.5130224, "spark.reducer.maxSizeInFlight": 33.508871476074184, "spark.scheduler.mode": 0.8007445686755367, "spark.scheduler.revive.interval": 984.1307878596988, "spark.shuffle.compress": 0.31342417815924284, "spark.shuffle.file.buffer": 38.15432370141805, "spark.shuffle.io.numConnectionsPerPeer": 4.505556609184153, "spark.shuffle.sort.bypassMergeThreshold": 457.8426654015389, "spark.storage.memoryFraction": 0.5340176845479112, "spark.storage.memoryMapThreshold": 1.3514930490959411}, "datetime": {"datetime": "2022-02-09 23:41:05", "elapsed": 0.0, "delta": 0.0}}
{"target": -363.628, "params": {"spark.broadcast.blockSize": 12.529486013003272, "spark.broadcast.checksum": 0.8781425034294131, "spark.broadcast.compress": 0.0983468338330501, "spark.default.parallelism": 326.3322875015157, "spark.executor.cores": 6.873668590451506, "spark.executor.instances": 11.198991709838102, "spark.executor.memory": 12.15126268370284, "spark.executor.memoryOverhead": 816.5719301093122, "spark.kryoserializer.buffer": 97.90408905743203, "spark.kryoserializer.buffer.max": 112.1240645021478, "spark.locality.wait": 1.1645944960977261, "spark.maxRemoteBlockSizeFetchToMem": 1879202699.955295, "spark.memory.fraction": 0.8955444355625979, "spark.memory.offHeap.enabled": 0.7481656543798394, "spark.memory.offHeap.size": 287.1746478739509, "spark.memory.storageFraction": 0.8157117313805955, "spark.rdd.compress": 0.10322600657764203, "spark.reducer.maxBlocksInFlightPerAddress": 1554663834.7539082, "spark.reducer.maxReqsInFlight": 2049338815.7693782, "spark.reducer.maxSizeInFlight": 38.09347912193662, "spark.scheduler.mode": 0.28777533858634874, "spark.scheduler.revive.interval": 565.0142860591388, "spark.shuffle.compress": 0.019366957870297075, "spark.shuffle.file.buffer": 37.72273705407651, "spark.shuffle.io.numConnectionsPerPeer": 1.8465124640002362, "spark.shuffle.sort.bypassMergeThreshold": 206.2186637488905, "spark.storage.memoryFraction": 0.6966292637121353, "spark.storage.memoryMapThreshold": 1.4802629060537233}, "datetime": {"datetime": "2022-02-09 23:47:17", "elapsed": 372.413717, "delta": 372.413717}}
{"target": -327.672, "params": {"spark.broadcast.blockSize": 37.59529154050481, "spark.broadcast.checksum": 0.14672857490581015, "spark.broadcast.compress": 0.5893055369032842, "spark.default.parallelism": 409.92750800627937, "spark.executor.cores": 4.307003286483478, "spark.executor.instances": 10.48433592691741, "spark.executor.memory": 12.16640094636647, "spark.executor.memoryOverhead": 951.8397785213836, "spark.kryoserializer.buffer": 36.795532058824364, "spark.kryoserializer.buffer.max": 83.44605496788911, "spark.locality.wait": 6.974151806978099, "spark.maxRemoteBlockSizeFetchToMem": 1626599409.527616, "spark.memory.fraction": 0.8778379023963254, "spark.memory.offHeap.enabled": 0.5865550405019929, "spark.memory.offHeap.size": 925.0835612547927, "spark.memory.storageFraction": 0.554989881658495, "spark.rdd.compress": 0.13927634725075855, "spark.reducer.maxBlocksInFlightPerAddress": 1940671618.0206747, "spark.reducer.maxReqsInFlight": 1500744075.3073974, "spark.reducer.maxSizeInFlight": 31.937001461612773, "spark.scheduler.mode": 0.9275085803960339, "spark.scheduler.revive.interval": 673.8829298727533, "spark.shuffle.compress": 0.7508121031361555, "spark.shuffle.file.buffer": 39.23193553121445, "spark.shuffle.io.numConnectionsPerPeer": 4.533224364823239, "spark.shuffle.sort.bypassMergeThreshold": 349.4688828222436, "spark.storage.memoryFraction": 0.800376973610935, "spark.storage.memoryMapThreshold": 4.140085077800583}, "datetime": {"datetime": "2022-02-09 23:52:54", "elapsed": 708.873013, "delta": 336.459296}}
{"target": -652.788, "params": {"spark.broadcast.blockSize": 18.735529289431618, "spark.broadcast.checksum": 0.8958862181960668, "spark.broadcast.compress": 0.4280911898712949, "spark.default.parallelism": 489.45201414451566, "spark.executor.cores": 5.990324493455344, "spark.executor.instances": 11.730174321254731, "spark.executor.memory": 8.688475837720251, "spark.executor.memoryOverhead": 1685.7497736873947, "spark.kryoserializer.buffer": 75.1915648140743, "spark.kryoserializer.buffer.max": 87.52540298116465, "spark.locality.wait": 4.673231224851531, "spark.maxRemoteBlockSizeFetchToMem": 1328247288.4244535, "spark.memory.fraction": 0.8613518082249015, "spark.memory.offHeap.enabled": 0.5736794866722859, "spark.memory.offHeap.size": 2.9392148799067854, "spark.memory.storageFraction": 0.7468579654482895, "spark.rdd.compress": 0.32664490177209615, "spark.reducer.maxBlocksInFlightPerAddress": 1639666151.072064, "spark.reducer.maxReqsInFlight": 2025014908.6723402, "spark.reducer.maxSizeInFlight": 41.14894848011999, "spark.scheduler.mode": 0.9085351509197992, "spark.scheduler.revive.interval": 811.6800578959014, "spark.shuffle.compress": 0.015821242846556283, "spark.shuffle.file.buffer": 45.74199147980036, "spark.shuffle.io.numConnectionsPerPeer": 3.763587670067696, "spark.shuffle.sort.bypassMergeThreshold": 498.9291401805922, "spark.storage.memoryFraction": 0.5689362033381314, "spark.storage.memoryMapThreshold": 2.2342217466599}, "datetime": {"datetime": "2022-02-10 00:03:55", "elapsed": 1370.20891, "delta": 661.335897}}
{"target": -266.478, "params": {"spark.broadcast.blockSize": 59.82091870830414, "spark.broadcast.checksum": 0.6968181614899002, "spark.broadcast.compress": 0.06600017272206249, "spark.default.parallelism": 426.6389157807399, "spark.executor.cores": 6.261628565383739, "spark.executor.instances": 13.5381472132789, "spark.executor.memory": 12.26914855177083, "spark.executor.memoryOverhead": 554.3754888638377, "spark.kryoserializer.buffer": 33.90849284862038, "spark.kryoserializer.buffer.max": 34.51625474026105, "spark.locality.wait": 1.2547583921871515, "spark.maxRemoteBlockSizeFetchToMem": 1338108624.7870486, "spark.memory.fraction": 0.8440111794731553, "spark.memory.offHeap.enabled": 0.5388310643416528, "spark.memory.offHeap.size": 566.0897061742243, "spark.memory.storageFraction": 0.8368123569438424, "spark.rdd.compress": 0.12417331511991114, "spark.reducer.maxBlocksInFlightPerAddress": 1373513015.7324514, "spark.reducer.maxReqsInFlight": 1702696051.560533, "spark.reducer.maxSizeInFlight": 70.54059591934438, "spark.scheduler.mode": 0.56103021925571, "spark.scheduler.revive.interval": 509.32364468647154, "spark.shuffle.compress": 0.8006326726806163, "spark.shuffle.file.buffer": 23.455176762912654, "spark.shuffle.io.numConnectionsPerPeer": 4.2284207824751165, "spark.shuffle.sort.bypassMergeThreshold": 255.1442576256687, "spark.storage.memoryFraction": 0.8454167418237715, "spark.storage.memoryMapThreshold": 7.724094784634661}, "datetime": {"datetime": "2022-02-10 00:08:30", "elapsed": 1645.281912, "delta": 275.073002}}
{"target": -576.024, "params": {"spark.broadcast.blockSize": 36.48689450740597, "spark.broadcast.checksum": 0.13645522566068502, "spark.broadcast.compress": 0.05991768951221166, "spark.default.parallelism": 236.4030367222212, "spark.executor.cores": 4.133655635634285, "spark.executor.instances": 8.644964774636557, "spark.executor.memory": 9.354256031647129, "spark.executor.memoryOverhead": 1361.5078921046497, "spark.kryoserializer.buffer": 85.73283027719768, "spark.kryoserializer.buffer.max": 33.20537409527512, "spark.locality.wait": 1.6477685172053809, "spark.maxRemoteBlockSizeFetchToMem": 2112346370.2637775, "spark.memory.fraction": 0.7272401847679768, "spark.memory.offHeap.enabled": 0.20329323466099047, "spark.memory.offHeap.size": 258.3815624400112, "spark.memory.storageFraction": 0.7975303416300372, "spark.rdd.compress": 0.1954294811093188, "spark.reducer.maxBlocksInFlightPerAddress": 1697971217.9690711, "spark.reducer.maxReqsInFlight": 2115292855.4001446, "spark.reducer.maxSizeInFlight": 64.6477824715217, "spark.scheduler.mode": 0.23984775914758616, "spark.scheduler.revive.interval": 746.884857134365, "spark.shuffle.compress": 0.6199557183813798, "spark.shuffle.file.buffer": 42.52738878560572, "spark.shuffle.io.numConnectionsPerPeer": 1.627165578584337, "spark.shuffle.sort.bypassMergeThreshold": 107.4304808709638, "spark.storage.memoryFraction": 0.5280088574876889, "spark.storage.memoryMapThreshold": 5.3771059984332865}, "datetime": {"datetime": "2022-02-10 00:18:15", "elapsed": 2230.082934, "delta": 584.801022}}
{"target": -309.499, "params": {"spark.broadcast.blockSize": 7.724992875665464, "spark.broadcast.checksum": 0.1862602113776709, "spark.broadcast.compress": 0.34556072704304774, "spark.default.parallelism": 319.030242269201, "spark.executor.cores": 5.616450202010071, "spark.executor.instances": 10.515167086419769, "spark.executor.memory": 12.111317002380556, "spark.executor.memoryOverhead": 664.3040343819105, "spark.kryoserializer.buffer": 116.29927389353077, "spark.kryoserializer.buffer.max": 34.62920894700091, "spark.locality.wait": 7.03420759160562, "spark.maxRemoteBlockSizeFetchToMem": 1521819079.827609, "spark.memory.fraction": 0.7234759313783007, "spark.memory.offHeap.enabled": 0.14038693859523377, "spark.memory.offHeap.size": 202.85592482291588, "spark.memory.storageFraction": 0.8202978274702146, "spark.rdd.compress": 0.9682615757193975, "spark.reducer.maxBlocksInFlightPerAddress": 1410278471.7424064, "spark.reducer.maxReqsInFlight": 1817117571.1452203, "spark.reducer.maxSizeInFlight": 66.06667931020984, "spark.scheduler.mode": 0.8946066635038473, "spark.scheduler.revive.interval": 542.522105684889, "spark.shuffle.compress": 0.03905478323288236, "spark.shuffle.file.buffer": 21.434573426066205, "spark.shuffle.io.numConnectionsPerPeer": 4.512570013717653, "spark.shuffle.sort.bypassMergeThreshold": 139.33873353322002, "spark.storage.memoryFraction": 0.6684430500020209, "spark.storage.memoryMapThreshold": 9.621005771354518}, "datetime": {"datetime": "2022-02-10 00:23:33", "elapsed": 2548.114515, "delta": 318.031581}}
{"target": -289.568, "params": {"spark.broadcast.blockSize": 13.570376827053625, "spark.broadcast.checksum": 0.7950818595235931, "spark.broadcast.compress": 0.7521908148410519, "spark.default.parallelism": 385.22019952933965, "spark.executor.cores": 6.3080235955669215, "spark.executor.instances": 10.021135470265332, "spark.executor.memory": 12.488863670787888, "spark.executor.memoryOverhead": 1312.8817010656303, "spark.kryoserializer.buffer": 38.505960114581725, "spark.kryoserializer.buffer.max": 42.60833010891486, "spark.locality.wait": 1.9602626308781292, "spark.maxRemoteBlockSizeFetchToMem": 1937099217.1447914, "spark.memory.fraction": 0.5405905419785119, "spark.memory.offHeap.enabled": 0.2109103704874209, "spark.memory.offHeap.size": 874.0819889824942, "spark.memory.storageFraction": 0.7917327350670258, "spark.rdd.compress": 0.6651186621579239, "spark.reducer.maxBlocksInFlightPerAddress": 1255355383.0648396, "spark.reducer.maxReqsInFlight": 1803969159.387875, "spark.reducer.maxSizeInFlight": 24.124263831722267, "spark.scheduler.mode": 0.5164001090446483, "spark.scheduler.revive.interval": 611.6528131872268, "spark.shuffle.compress": 0.4696586191359642, "spark.shuffle.file.buffer": 29.468805514625924, "spark.shuffle.io.numConnectionsPerPeer": 1.723798075931636, "spark.shuffle.sort.bypassMergeThreshold": 232.5533120426338, "spark.storage.memoryFraction": 0.6489736491629006, "spark.storage.memoryMapThreshold": 2.060352870684933}, "datetime": {"datetime": "2022-02-10 00:28:32", "elapsed": 2846.674123, "delta": 298.559608}}
{"target": -625.998, "params": {"spark.broadcast.blockSize": 57.252184328889896, "spark.broadcast.checksum": 0.7924565616647421, "spark.broadcast.compress": 0.19228657528621462, "spark.default.parallelism": 481.34899142304226, "spark.executor.cores": 5.846789042620349, "spark.executor.instances": 12.934500175240986, "spark.executor.memory": 10.492051534977211, "spark.executor.memoryOverhead": 692.5813007370685, "spark.kryoserializer.buffer": 45.11645157941866, "spark.kryoserializer.buffer.max": 63.505671153534045, "spark.locality.wait": 5.52884504468377, "spark.maxRemoteBlockSizeFetchToMem": 1524630115.4607575, "spark.memory.fraction": 0.7893821419799546, "spark.memory.offHeap.enabled": 0.8890847261465596, "spark.memory.offHeap.size": 292.10166292910594, "spark.memory.storageFraction": 0.7357401351881885, "spark.rdd.compress": 0.3321301250466048, "spark.reducer.maxBlocksInFlightPerAddress": 1544006962.7891564, "spark.reducer.maxReqsInFlight": 1570532261.5385783, "spark.reducer.maxSizeInFlight": 47.774267636815765, "spark.scheduler.mode": 0.7530977200449394, "spark.scheduler.revive.interval": 562.8058734901716, "spark.shuffle.compress": 0.9051462281552793, "spark.shuffle.file.buffer": 34.220720802413084, "spark.shuffle.io.numConnectionsPerPeer": 2.4224524927623095, "spark.shuffle.sort.bypassMergeThreshold": 301.28289504779264, "spark.storage.memoryFraction": 0.8259621492018336, "spark.storage.memoryMapThreshold": 7.19971556938491}, "datetime": {"datetime": "2022-02-10 00:39:06", "elapsed": 3481.360369, "delta": 634.686246}}
{"target": -625.998, "params": {"spark.broadcast.blockSize": 20.51655695651658, "spark.broadcast.checksum": 0.701231914093989, "spark.broadcast.compress": 0.49084504908886817, "spark.default.parallelism": 352.5621823953793, "spark.executor.cores": 6.161537696675901, "spark.executor.instances": 8.424215429364247, "spark.executor.memory": 13.459865113733537, "spark.executor.memoryOverhead": 1569.2397848550563, "spark.kryoserializer.buffer": 67.55570577724775, "spark.kryoserializer.buffer.max": 101.08124111903808, "spark.locality.wait": 7.36609394931337, "spark.maxRemoteBlockSizeFetchToMem": 1294991565.3120427, "spark.memory.fraction": 0.8914096695777229, "spark.memory.offHeap.enabled": 0.21363881031633625, "spark.memory.offHeap.size": 646.332991047216, "spark.memory.storageFraction": 0.5519290489246543, "spark.rdd.compress": 0.5825965771921816, "spark.reducer.maxBlocksInFlightPerAddress": 1522181320.038229, "spark.reducer.maxReqsInFlight": 1816104711.3632236, "spark.reducer.maxSizeInFlight": 48.49143552741751, "spark.scheduler.mode": 0.41873072435035796, "spark.scheduler.revive.interval": 752.5360891422421, "spark.shuffle.compress": 0.22891190968790187, "spark.shuffle.file.buffer": 42.909466106799755, "spark.shuffle.io.numConnectionsPerPeer": 4.185901015765927, "spark.shuffle.sort.bypassMergeThreshold": 248.6645442920314, "spark.storage.memoryFraction": 0.8175232578224798, "spark.storage.memoryMapThreshold": 1.1950093696308488}, "datetime": {"datetime": "2022-02-10 01:17:53", "elapsed": 5808.165943, "delta": 2326.805574}}
{"target": -285.47, "params": {"spark.broadcast.blockSize": 47.22421696075653, "spark.broadcast.checksum": 0.16374882274114022, "spark.broadcast.compress": 0.8913645640159571, "spark.default.parallelism": 356.5690477686519, "spark.executor.cores": 4.04385550051193, "spark.executor.instances": 13.714338939544575, "spark.executor.memory": 12.176017827920298, "spark.executor.memoryOverhead": 463.3322172692862, "spark.kryoserializer.buffer": 68.0928542912415, "spark.kryoserializer.buffer.max": 80.21967288247502, "spark.locality.wait": 4.417439894694803, "spark.maxRemoteBlockSizeFetchToMem": 1509136202.3754895, "spark.memory.fraction": 0.6168194398568966, "spark.memory.offHeap.enabled": 0.49383715592131794, "spark.memory.offHeap.size": 876.0339588517678, "spark.memory.storageFraction": 0.5126567483987191, "spark.rdd.compress": 0.27321476578111326, "spark.reducer.maxBlocksInFlightPerAddress": 1942014520.0569477, "spark.reducer.maxReqsInFlight": 1512351943.8086948, "spark.reducer.maxSizeInFlight": 55.76749858937097, "spark.scheduler.mode": 0.3453716999227374, "spark.scheduler.revive.interval": 548.1257728074756, "spark.shuffle.compress": 0.36686101759330336, "spark.shuffle.file.buffer": 36.35493999135953, "spark.shuffle.io.numConnectionsPerPeer": 3.303666377193303, "spark.shuffle.sort.bypassMergeThreshold": 374.1282455318683, "spark.storage.memoryFraction": 0.6595348831796511, "spark.storage.memoryMapThreshold": 3.6301131158049182}, "datetime": {"datetime": "2022-02-10 01:22:47", "elapsed": 6102.376142, "delta": 294.210199}}
{"target": -379.455, "params": {"spark.broadcast.blockSize": 16.1775215283624, "spark.broadcast.checksum": 0.9321017078025647, "spark.broadcast.compress": 0.8239682740781079, "spark.default.parallelism": 303.3000426810152, "spark.executor.cores": 5.140552568201159, "spark.executor.instances": 12.661388541949435, "spark.executor.memory": 13.947823256807293, "spark.executor.memoryOverhead": 1167.9806480417778, "spark.kryoserializer.buffer": 45.391930732005285, "spark.kryoserializer.buffer.max": 44.48858693901615, "spark.locality.wait": 9.116380364197061, "spark.maxRemoteBlockSizeFetchToMem": 2076619531.9501412, "spark.memory.fraction": 0.5757586007306539, "spark.memory.offHeap.enabled": 0.9499404700591704, "spark.memory.offHeap.size": 1014.2642788853191, "spark.memory.storageFraction": 0.846310686868299, "spark.rdd.compress": 0.30153054328121964, "spark.reducer.maxBlocksInFlightPerAddress": 1769951492.005656, "spark.reducer.maxReqsInFlight": 1980292973.9987311, "spark.reducer.maxSizeInFlight": 46.28357175697724, "spark.scheduler.mode": 0.9586912281274768, "spark.scheduler.revive.interval": 535.0231147611632, "spark.shuffle.compress": 0.38959001097390455, "spark.shuffle.file.buffer": 43.64006856236836, "spark.shuffle.io.numConnectionsPerPeer": 2.4177844057661484, "spark.shuffle.sort.bypassMergeThreshold": 138.31443798905968, "spark.storage.memoryFraction": 0.6245253974255621, "spark.storage.memoryMapThreshold": 3.7005302935345457}, "datetime": {"datetime": "2022-02-10 01:29:16", "elapsed": 6490.659505, "delta": 388.283363}}
{"target": -624.148, "params": {"spark.broadcast.blockSize": 26.828105218956082, "spark.broadcast.checksum": 0.43979846062701733, "spark.broadcast.compress": 0.2098069444540701, "spark.default.parallelism": 435.56688396440006, "spark.executor.cores": 5.501851909371041, "spark.executor.instances": 11.640014138288695, "spark.executor.memory": 10.554835110345698, "spark.executor.memoryOverhead": 940.453171259711, "spark.kryoserializer.buffer": 62.70648779418551, "spark.kryoserializer.buffer.max": 95.86864332682975, "spark.locality.wait": 1.9327688335795625, "spark.maxRemoteBlockSizeFetchToMem": 1095376178.7819726, "spark.memory.fraction": 0.6542075639714764, "spark.memory.offHeap.enabled": 0.8326117945854309, "spark.memory.offHeap.size": 41.015658374447185, "spark.memory.storageFraction": 0.8412334465351243, "spark.rdd.compress": 0.28248211711518556, "spark.reducer.maxBlocksInFlightPerAddress": 1467428982.0567496, "spark.reducer.maxReqsInFlight": 1803886051.3999329, "spark.reducer.maxSizeInFlight": 39.13438563699139, "spark.scheduler.mode": 0.8143510925616956, "spark.scheduler.revive.interval": 945.4865992324342, "spark.shuffle.compress": 0.44745955731779286, "spark.shuffle.file.buffer": 35.68758990760663, "spark.shuffle.io.numConnectionsPerPeer": 1.467670517910293, "spark.shuffle.sort.bypassMergeThreshold": 486.2773778109892, "spark.storage.memoryFraction": 0.721579994270625, "spark.storage.memoryMapThreshold": 9.14318147687832}, "datetime": {"datetime": "2022-02-10 01:39:49", "elapsed": 7123.849487, "delta": 633.189982}}
{"target": -299.154, "params": {"spark.broadcast.blockSize": 54.10303163338685, "spark.broadcast.checksum": 0.5955617698945469, "spark.broadcast.compress": 0.6131884481088137, "spark.default.parallelism": 238.77535792225765, "spark.executor.cores": 5.1315144354394056, "spark.executor.instances": 9.135153443258158, "spark.executor.memory": 12.127176522466083, "spark.executor.memoryOverhead": 966.7008126392354, "spark.kryoserializer.buffer": 76.70480999734292, "spark.kryoserializer.buffer.max": 70.55648652169266, "spark.locality.wait": 2.7749430754532742, "spark.maxRemoteBlockSizeFetchToMem": 1161991167.0241532, "spark.memory.fraction": 0.7820027016605956, "spark.memory.offHeap.enabled": 0.4619999292192105, "spark.memory.offHeap.size": 333.81030285763654, "spark.memory.storageFraction": 0.8584961922894876, "spark.rdd.compress": 0.8424235982389582, "spark.reducer.maxBlocksInFlightPerAddress": 2029625741.98613, "spark.reducer.maxReqsInFlight": 1694082079.8713174, "spark.reducer.maxSizeInFlight": 44.71762902341996, "spark.scheduler.mode": 0.33491453843902697, "spark.scheduler.revive.interval": 561.6644680799471, "spark.shuffle.compress": 0.5215319470436462, "spark.shuffle.file.buffer": 26.188016817812777, "spark.shuffle.io.numConnectionsPerPeer": 4.79891513882545, "spark.shuffle.sort.bypassMergeThreshold": 221.2737778125395, "spark.storage.memoryFraction": 0.6710064906749221, "spark.storage.memoryMapThreshold": 2.2004531907004545}, "datetime": {"datetime": "2022-02-10 01:44:57", "elapsed": 7431.67283, "delta": 307.823343}}
