{"target": -259.047, "params": {"spark.broadcast.blockSize": 12.514272330259598, "spark.broadcast.checksum": 0.23759490223014146, "spark.broadcast.compress": 0.6101410395237793, "spark.default.parallelism": 330.4697823156783, "spark.executor.cores": 6.255715635559305, "spark.executor.instances": 11.076955838117012, "spark.executor.memory": 10.828953773506118, "spark.executor.memoryOverhead": 394.82084563256217, "spark.kryoserializer.buffer": 53.49817610735528, "spark.kryoserializer.buffer.max": 102.30809627638332, "spark.locality.wait": 2.389315045772381, "spark.maxRemoteBlockSizeFetchToMem": 2102093465.5144956, "spark.memory.fraction": 0.766304457424017, "spark.memory.offHeap.enabled": 0.2263865813102509, "spark.memory.offHeap.size": 1015.6908034400178, "spark.memory.storageFraction": 0.730581398398298, "spark.rdd.compress": 0.899045525167396, "spark.reducer.maxBlocksInFlightPerAddress": 1454358766.1034837, "spark.reducer.maxReqsInFlight": 2000174021.5134106, "spark.reducer.maxSizeInFlight": 27.586029464051677, "spark.scheduler.mode": 0.0891649088120875, "spark.scheduler.revive.interval": 843.8581980405108, "spark.shuffle.compress": 0.6354277988580617, "spark.shuffle.file.buffer": 16.18117588022349, "spark.shuffle.io.numConnectionsPerPeer": 2.9436959457394107, "spark.shuffle.sort.bypassMergeThreshold": 270.8837008844152, "spark.storage.memoryFraction": 0.5083510860303097, "spark.storage.memoryMapThreshold": 6.053233142329686}, "datetime": {"datetime": "2022-02-10 01:49:25", "elapsed": 7699.578151, "delta": 267.905321}}
{"target": -533.817, "params": {"spark.broadcast.blockSize": 3.9017352439214275, "spark.broadcast.checksum": 0.7373684130871894, "spark.broadcast.compress": 0.3167320337877809, "spark.default.parallelism": 388.51106336172927, "spark.executor.cores": 6.934377658212076, "spark.executor.instances": 12.714304608502857, "spark.executor.memory": 8.855033490727516, "spark.executor.memoryOverhead": 1084.1517663685063, "spark.kryoserializer.buffer": 51.00254789692525, "spark.kryoserializer.buffer.max": 94.11451944011107, "spark.locality.wait": 5.159469734667311, "spark.maxRemoteBlockSizeFetchToMem": 1288374294.1824055, "spark.memory.fraction": 0.5275471255634533, "spark.memory.offHeap.enabled": 0.7062172469704883, "spark.memory.offHeap.size": 666.1049836771003, "spark.memory.storageFraction": 0.7191394685024826, "spark.rdd.compress": 0.4134229752841353, "spark.reducer.maxBlocksInFlightPerAddress": 1215011454.8026805, "spark.reducer.maxReqsInFlight": 1215459783.1354299, "spark.reducer.maxSizeInFlight": 57.6489164335912, "spark.scheduler.mode": 0.08916947699012057, "spark.scheduler.revive.interval": 839.5909048185781, "spark.shuffle.compress": 0.22910955290343005, "spark.shuffle.file.buffer": 20.48265788187547, "spark.shuffle.io.numConnectionsPerPeer": 4.382303317281627, "spark.shuffle.sort.bypassMergeThreshold": 171.67241986032127, "spark.storage.memoryFraction": 0.5606052708883797, "spark.storage.memoryMapThreshold": 8.91720776340493}, "datetime": {"datetime": "2022-02-10 01:58:27", "elapsed": 8242.359967, "delta": 542.781816}}
{"target": -302.444, "params": {"spark.broadcast.blockSize": 44.15460523971181, "spark.broadcast.checksum": 0.40205170509255694, "spark.broadcast.compress": 0.730750629886003, "spark.default.parallelism": 224.56029959621492, "spark.executor.cores": 6.380039435694997, "spark.executor.instances": 10.112872682240106, "spark.executor.memory": 12.765484949101285, "spark.executor.memoryOverhead": 545.4060129804009, "spark.kryoserializer.buffer": 43.31416111639474, "spark.kryoserializer.buffer.max": 47.92097042782338, "spark.locality.wait": 6.6301797958870585, "spark.maxRemoteBlockSizeFetchToMem": 1898370333.359942, "spark.memory.fraction": 0.5656087890529946, "spark.memory.offHeap.enabled": 0.3032650397408939, "spark.memory.offHeap.size": 463.729887222225, "spark.memory.storageFraction": 0.5450535066906202, "spark.rdd.compress": 0.5614852528562609, "spark.reducer.maxBlocksInFlightPerAddress": 1222846281.9073634, "spark.reducer.maxReqsInFlight": 1767663505.4330294, "spark.reducer.maxSizeInFlight": 26.87579271941967, "spark.scheduler.mode": 0.7311226340607657, "spark.scheduler.revive.interval": 873.1541662288712, "spark.shuffle.compress": 0.2528205061372505, "spark.shuffle.file.buffer": 43.868061463803386, "spark.shuffle.io.numConnectionsPerPeer": 1.6586525602761544, "spark.shuffle.sort.bypassMergeThreshold": 323.6832788862673, "spark.storage.memoryFraction": 0.7522365345239939, "spark.storage.memoryMapThreshold": 4.873591091054322}, "datetime": {"datetime": "2022-02-10 02:03:38", "elapsed": 8553.407239, "delta": 311.047272}}
{"target": -259.869, "params": {"spark.broadcast.blockSize": 45.861379395148326, "spark.broadcast.checksum": 0.836811745113249, "spark.broadcast.compress": 0.34446036078171993, "spark.default.parallelism": 434.4627600813908, "spark.executor.cores": 5.056912068541727, "spark.executor.instances": 9.000818184517685, "spark.executor.memory": 10.955252598443655, "spark.executor.memoryOverhead": 1417.6348293005924, "spark.kryoserializer.buffer": 91.98392333054643, "spark.kryoserializer.buffer.max": 92.83339463203657, "spark.locality.wait": 5.172924947182852, "spark.maxRemoteBlockSizeFetchToMem": 1800532812.8184524, "spark.memory.fraction": 0.7189390853173453, "spark.memory.offHeap.enabled": 0.42886522615425704, "spark.memory.offHeap.size": 42.99332862995459, "spark.memory.storageFraction": 0.8277249941549738, "spark.rdd.compress": 0.4768329566345476, "spark.reducer.maxBlocksInFlightPerAddress": 1714311570.8186188, "spark.reducer.maxReqsInFlight": 1923508016.878582, "spark.reducer.maxSizeInFlight": 62.564809129323386, "spark.scheduler.mode": 0.6809359560768842, "spark.scheduler.revive.interval": 953.9107994119798, "spark.shuffle.compress": 0.6471931557761036, "spark.shuffle.file.buffer": 21.147883416309803, "spark.shuffle.io.numConnectionsPerPeer": 1.7921730979471677, "spark.shuffle.sort.bypassMergeThreshold": 492.8096906680369, "spark.storage.memoryFraction": 0.7298190578290801, "spark.storage.memoryMapThreshold": 3.257423259653112}, "datetime": {"datetime": "2022-02-10 02:08:07", "elapsed": 8822.133945, "delta": 268.726706}}
{"target": -278.459, "params": {"spark.broadcast.blockSize": 33.48114425321287, "spark.broadcast.checksum": 0.5020889375913554, "spark.broadcast.compress": 0.6422532919496123, "spark.default.parallelism": 495.7408682627283, "spark.executor.cores": 5.748451163557905, "spark.executor.instances": 13.631888503032416, "spark.executor.memory": 11.402588529831696, "spark.executor.memoryOverhead": 1619.0809051456304, "spark.kryoserializer.buffer": 59.256779884443816, "spark.kryoserializer.buffer.max": 69.73213794668372, "spark.locality.wait": 8.959571056007636, "spark.maxRemoteBlockSizeFetchToMem": 1160376352.9135568, "spark.memory.fraction": 0.8516109252229298, "spark.memory.offHeap.enabled": 0.3643741130968051, "spark.memory.offHeap.size": 82.29812728292484, "spark.memory.storageFraction": 0.5240176523142839, "spark.rdd.compress": 0.5288030154041065, "spark.reducer.maxBlocksInFlightPerAddress": 1163292556.0348134, "spark.reducer.maxReqsInFlight": 1114494885.7084804, "spark.reducer.maxSizeInFlight": 48.498578162890794, "spark.scheduler.mode": 0.7023574742640839, "spark.scheduler.revive.interval": 584.5713837513101, "spark.shuffle.compress": 0.8842052463985616, "spark.shuffle.file.buffer": 27.356286957654255, "spark.shuffle.io.numConnectionsPerPeer": 3.0447969523830283, "spark.shuffle.sort.bypassMergeThreshold": 102.5938540702589, "spark.storage.memoryFraction": 0.690224540834097, "spark.storage.memoryMapThreshold": 9.232098869307256}, "datetime": {"datetime": "2022-02-10 02:12:54", "elapsed": 9109.140836, "delta": 287.006891}}
{"target": -967.435, "params": {"spark.broadcast.blockSize": 46.48814379250267, "spark.broadcast.checksum": 0.9229113620140202, "spark.broadcast.compress": 0.6297904986774253, "spark.default.parallelism": 445.7757451797908, "spark.executor.cores": 4.343577122963558, "spark.executor.instances": 9.780654763448002, "spark.executor.memory": 8.24233622847045, "spark.executor.memoryOverhead": 1725.4922762954593, "spark.kryoserializer.buffer": 56.206491385016264, "spark.kryoserializer.buffer.max": 68.97368882897199, "spark.locality.wait": 1.8414322736379898, "spark.maxRemoteBlockSizeFetchToMem": 2100545316.6057248, "spark.memory.fraction": 0.6940788207826458, "spark.memory.offHeap.enabled": 0.890329260023765, "spark.memory.offHeap.size": 825.2320347572547, "spark.memory.storageFraction": 0.673856311323172, "spark.rdd.compress": 0.6531363850748974, "spark.reducer.maxBlocksInFlightPerAddress": 1544430532.7237406, "spark.reducer.maxReqsInFlight": 1289613061.6142764, "spark.reducer.maxSizeInFlight": 30.784155698576733, "spark.scheduler.mode": 0.8035848871848892, "spark.scheduler.revive.interval": 895.3226181559892, "spark.shuffle.compress": 0.46931984699357676, "spark.shuffle.file.buffer": 35.75060202285311, "spark.shuffle.io.numConnectionsPerPeer": 4.162824953612224, "spark.shuffle.sort.bypassMergeThreshold": 198.99680957628325, "spark.storage.memoryFraction": 0.5081682332245337, "spark.storage.memoryMapThreshold": 8.247910603226295}, "datetime": {"datetime": "2022-02-10 02:29:10", "elapsed": 10085.299434, "delta": 976.158598}}
{"target": -314.83, "params": {"spark.broadcast.blockSize": 18.2890139967926, "spark.broadcast.checksum": 0.2898201146480608, "spark.broadcast.compress": 0.8048821388693088, "spark.default.parallelism": 471.39796945739437, "spark.executor.cores": 5.757463875777912, "spark.executor.instances": 10.92312532875086, "spark.executor.memory": 10.404650335116095, "spark.executor.memoryOverhead": 1590.426589237931, "spark.kryoserializer.buffer": 124.08337045635648, "spark.kryoserializer.buffer.max": 36.832758047034126, "spark.locality.wait": 1.9750214171489637, "spark.maxRemoteBlockSizeFetchToMem": 1445424612.2234092, "spark.memory.fraction": 0.5120883107299522, "spark.memory.offHeap.enabled": 0.43427304225593677, "spark.memory.offHeap.size": 293.07295385672, "spark.memory.storageFraction": 0.6947622145031751, "spark.rdd.compress": 0.6975286219744194, "spark.reducer.maxBlocksInFlightPerAddress": 1928273243.6935396, "spark.reducer.maxReqsInFlight": 1894399895.8053832, "spark.reducer.maxSizeInFlight": 31.290648945987584, "spark.scheduler.mode": 0.3133141214588906, "spark.scheduler.revive.interval": 888.8422642445514, "spark.shuffle.compress": 0.18009907732177677, "spark.shuffle.file.buffer": 39.140202749302595, "spark.shuffle.io.numConnectionsPerPeer": 1.619624174809959, "spark.shuffle.sort.bypassMergeThreshold": 393.628892689186, "spark.storage.memoryFraction": 0.6878147101267144, "spark.storage.memoryMapThreshold": 5.123685856191689}, "datetime": {"datetime": "2022-02-10 02:34:34", "elapsed": 10408.828183, "delta": 323.528749}}
{"target": -276.925, "params": {"spark.broadcast.blockSize": 27.26595463971971, "spark.broadcast.checksum": 0.34495091236086517, "spark.broadcast.compress": 0.28499859912396486, "spark.default.parallelism": 337.9970780529934, "spark.executor.cores": 4.618888695699923, "spark.executor.instances": 8.977818003392272, "spark.executor.memory": 9.95528026793248, "spark.executor.memoryOverhead": 977.8839118102586, "spark.kryoserializer.buffer": 51.31265741202492, "spark.kryoserializer.buffer.max": 52.799251579827455, "spark.locality.wait": 8.264454808104329, "spark.maxRemoteBlockSizeFetchToMem": 2126095043.8066897, "spark.memory.fraction": 0.8420536314874256, "spark.memory.offHeap.enabled": 0.9416624728644335, "spark.memory.offHeap.size": 850.5661358928094, "spark.memory.storageFraction": 0.5957779445691788, "spark.rdd.compress": 0.5878148262870179, "spark.reducer.maxBlocksInFlightPerAddress": 1607849607.6297235, "spark.reducer.maxReqsInFlight": 1761110251.4077697, "spark.reducer.maxSizeInFlight": 47.37477040797643, "spark.scheduler.mode": 0.4617952320945934, "spark.scheduler.revive.interval": 690.4028466226648, "spark.shuffle.compress": 0.8027467330496378, "spark.shuffle.file.buffer": 47.13367097091108, "spark.shuffle.io.numConnectionsPerPeer": 2.9741620152504864, "spark.shuffle.sort.bypassMergeThreshold": 201.76764161656752, "spark.storage.memoryFraction": 0.6722551761243565, "spark.storage.memoryMapThreshold": 8.598709188939456}, "datetime": {"datetime": "2022-02-10 02:39:20", "elapsed": 10694.757415, "delta": 285.929232}}
{"target": -266.616, "params": {"spark.broadcast.blockSize": 2.01849301692406, "spark.broadcast.checksum": 0.997842890655782, "spark.broadcast.compress": 0.46628197699618945, "spark.default.parallelism": 442.21721301882724, "spark.executor.cores": 5.9190926265207855, "spark.executor.instances": 8.406195826954663, "spark.executor.memory": 13.452414717528592, "spark.executor.memoryOverhead": 1062.166148325266, "spark.kryoserializer.buffer": 59.31641497666877, "spark.kryoserializer.buffer.max": 105.78680666207826, "spark.locality.wait": 1.5679225360374736, "spark.maxRemoteBlockSizeFetchToMem": 1670516523.8708055, "spark.memory.fraction": 0.5182475178246067, "spark.memory.offHeap.enabled": 0.26306755270240945, "spark.memory.offHeap.size": 1001.6693576224847, "spark.memory.storageFraction": 0.6426532046780175, "spark.rdd.compress": 0.5432103226381121, "spark.reducer.maxBlocksInFlightPerAddress": 1780853214.0229304, "spark.reducer.maxReqsInFlight": 1689979952.122148, "spark.reducer.maxSizeInFlight": 50.77030625824872, "spark.scheduler.mode": 0.2521105745470127, "spark.scheduler.revive.interval": 677.2959596539392, "spark.shuffle.compress": 0.4676295830869027, "spark.shuffle.file.buffer": 45.39436070078315, "spark.shuffle.io.numConnectionsPerPeer": 2.9777207093876252, "spark.shuffle.sort.bypassMergeThreshold": 182.00340615483378, "spark.storage.memoryFraction": 0.7539651489068324, "spark.storage.memoryMapThreshold": 4.955280727568435}, "datetime": {"datetime": "2022-02-10 02:43:56", "elapsed": 10970.513246, "delta": 275.755831}}
{"target": -261.009, "params": {"spark.broadcast.blockSize": 42.46737690549581, "spark.broadcast.checksum": 0.39595360535584956, "spark.broadcast.compress": 0.2646006057968515, "spark.default.parallelism": 326.6909817676359, "spark.executor.cores": 4.844302443329017, "spark.executor.instances": 9.211579718179694, "spark.executor.memory": 13.515723513666265, "spark.executor.memoryOverhead": 1006.1943753810953, "spark.kryoserializer.buffer": 82.36765833169017, "spark.kryoserializer.buffer.max": 103.80339761602335, "spark.locality.wait": 4.621452762296153, "spark.maxRemoteBlockSizeFetchToMem": 1549350956.1334138, "spark.memory.fraction": 0.7273235745237603, "spark.memory.offHeap.enabled": 0.6319892929530742, "spark.memory.offHeap.size": 475.56532402453854, "spark.memory.storageFraction": 0.7374037344455225, "spark.rdd.compress": 0.33865184386763336, "spark.reducer.maxBlocksInFlightPerAddress": 1867551180.7542014, "spark.reducer.maxReqsInFlight": 1411333969.5808764, "spark.reducer.maxSizeInFlight": 47.9268583856116, "spark.scheduler.mode": 0.7359873619012507, "spark.scheduler.revive.interval": 944.918532172524, "spark.shuffle.compress": 0.7591207867351354, "spark.shuffle.file.buffer": 39.33322364875529, "spark.shuffle.io.numConnectionsPerPeer": 2.2945367410119, "spark.shuffle.sort.bypassMergeThreshold": 236.22467542873505, "spark.storage.memoryFraction": 0.8221351028550044, "spark.storage.memoryMapThreshold": 1.9039862961813392}, "datetime": {"datetime": "2022-02-10 02:48:25", "elapsed": 11240.29782, "delta": 269.784574}}
{"target": -267.415, "params": {"spark.broadcast.blockSize": 21.35389367953742, "spark.broadcast.checksum": 0.08573461682036132, "spark.broadcast.compress": 0.03267655659447921, "spark.default.parallelism": 484.7662075874143, "spark.executor.cores": 4.031195384529395, "spark.executor.instances": 9.155496926893091, "spark.executor.memory": 13.699833973536279, "spark.executor.memoryOverhead": 892.3138277626826, "spark.kryoserializer.buffer": 89.40410279597495, "spark.kryoserializer.buffer.max": 103.86740731710819, "spark.locality.wait": 1.9443928260818923, "spark.maxRemoteBlockSizeFetchToMem": 1710839910.8540013, "spark.memory.fraction": 0.6073479995330234, "spark.memory.offHeap.enabled": 0.18403198104522633, "spark.memory.offHeap.size": 376.0295875429766, "spark.memory.storageFraction": 0.5476189635718418, "spark.rdd.compress": 0.46571941665786787, "spark.reducer.maxBlocksInFlightPerAddress": 1692519459.6334598, "spark.reducer.maxReqsInFlight": 1163528084.5432787, "spark.reducer.maxSizeInFlight": 50.55582385572818, "spark.scheduler.mode": 0.7791007036924495, "spark.scheduler.revive.interval": 935.2888684756072, "spark.shuffle.compress": 0.9481521671560973, "spark.shuffle.file.buffer": 38.12296545382552, "spark.shuffle.io.numConnectionsPerPeer": 2.004525698990507, "spark.shuffle.sort.bypassMergeThreshold": 342.8386853994794, "spark.storage.memoryFraction": 0.6437131133658816, "spark.storage.memoryMapThreshold": 9.370558646611167}, "datetime": {"datetime": "2022-02-10 02:53:02", "elapsed": 11516.541828, "delta": 276.244008}}
{"target": -408.675, "params": {"spark.broadcast.blockSize": 44.871605119369484, "spark.broadcast.checksum": 0.4577273368683019, "spark.broadcast.compress": 0.0269768316598189, "spark.default.parallelism": 367.8895122991159, "spark.executor.cores": 4.892091261860179, "spark.executor.instances": 10.208986139487624, "spark.executor.memory": 9.654220076029777, "spark.executor.memoryOverhead": 1580.7624650122254, "spark.kryoserializer.buffer": 73.7311346501205, "spark.kryoserializer.buffer.max": 120.30733617533261, "spark.locality.wait": 5.130609862623009, "spark.maxRemoteBlockSizeFetchToMem": 1550592759.815009, "spark.memory.fraction": 0.5966049466449406, "spark.memory.offHeap.enabled": 0.47786516126110257, "spark.memory.offHeap.size": 437.1699348734048, "spark.memory.storageFraction": 0.6503982298835452, "spark.rdd.compress": 0.03354028875999282, "spark.reducer.maxBlocksInFlightPerAddress": 2047745955.1257534, "spark.reducer.maxReqsInFlight": 1700312140.0862365, "spark.reducer.maxSizeInFlight": 39.751360818001366, "spark.scheduler.mode": 0.21403126398951378, "spark.scheduler.revive.interval": 609.6525692783133, "spark.shuffle.compress": 0.6758556147753183, "spark.shuffle.file.buffer": 16.878008471330382, "spark.shuffle.io.numConnectionsPerPeer": 3.1260072441566336, "spark.shuffle.sort.bypassMergeThreshold": 353.16564683725187, "spark.storage.memoryFraction": 0.871380673651303, "spark.storage.memoryMapThreshold": 6.936704710661104}, "datetime": {"datetime": "2022-02-10 02:59:59", "elapsed": 11934.193392, "delta": 417.651564}}
{"target": -670.687, "params": {"spark.broadcast.blockSize": 24.866086835108085, "spark.broadcast.checksum": 0.8898900062262917, "spark.broadcast.compress": 0.0004085080153805043, "spark.default.parallelism": 214.34755933883812, "spark.executor.cores": 5.931141132762159, "spark.executor.instances": 13.866507442134985, "spark.executor.memory": 9.118683088067879, "spark.executor.memoryOverhead": 1307.92844052289, "spark.kryoserializer.buffer": 124.82330357946314, "spark.kryoserializer.buffer.max": 91.63302036188314, "spark.locality.wait": 7.9289583025616714, "spark.maxRemoteBlockSizeFetchToMem": 1087180459.5987515, "spark.memory.fraction": 0.6940629457226708, "spark.memory.offHeap.enabled": 0.4704637010910313, "spark.memory.offHeap.size": 583.4979273141303, "spark.memory.storageFraction": 0.8640110718990235, "spark.rdd.compress": 0.804665651457363, "spark.reducer.maxBlocksInFlightPerAddress": 2130603008.816073, "spark.reducer.maxReqsInFlight": 1474543421.3523045, "spark.reducer.maxSizeInFlight": 49.286238255647625, "spark.scheduler.mode": 0.6457775182071454, "spark.scheduler.revive.interval": 941.7074780386756, "spark.shuffle.compress": 0.7402581346583188, "spark.shuffle.file.buffer": 32.86846030699199, "spark.shuffle.io.numConnectionsPerPeer": 1.4870918707604557, "spark.shuffle.sort.bypassMergeThreshold": 372.98974351067886, "spark.storage.memoryFraction": 0.6502891640492624, "spark.storage.memoryMapThreshold": 9.84496033453404}, "datetime": {"datetime": "2022-02-10 03:11:19", "elapsed": 12613.690963, "delta": 679.497571}}
{"target": -1194.1, "params": {"spark.broadcast.blockSize": 6.714194707752262, "spark.broadcast.checksum": 0.4798316488975549, "spark.broadcast.compress": 0.4684271184186839, "spark.default.parallelism": 386.1733000322647, "spark.executor.cores": 5.635340757171909, "spark.executor.instances": 8.997381113987931, "spark.executor.memory": 8.817910790445847, "spark.executor.memoryOverhead": 996.5061253775423, "spark.kryoserializer.buffer": 52.16189189455358, "spark.kryoserializer.buffer.max": 38.89862109523966, "spark.locality.wait": 4.702171312750152, "spark.maxRemoteBlockSizeFetchToMem": 1789964192.540543, "spark.memory.fraction": 0.6185646330752617, "spark.memory.offHeap.enabled": 0.29858806830189566, "spark.memory.offHeap.size": 938.490685018489, "spark.memory.storageFraction": 0.7414888953160235, "spark.rdd.compress": 0.2775880813379805, "spark.reducer.maxBlocksInFlightPerAddress": 1762770551.8883631, "spark.reducer.maxReqsInFlight": 1209345313.0472908, "spark.reducer.maxSizeInFlight": 59.271852867358625, "spark.scheduler.mode": 0.6774461926941624, "spark.scheduler.revive.interval": 761.1695229094723, "spark.shuffle.compress": 0.032202272752615335, "spark.shuffle.file.buffer": 31.600351180725312, "spark.shuffle.io.numConnectionsPerPeer": 4.261740987252372, "spark.shuffle.sort.bypassMergeThreshold": 111.91023631794201, "spark.storage.memoryFraction": 0.7243136916422723, "spark.storage.memoryMapThreshold": 7.239351567484695}, "datetime": {"datetime": "2022-02-10 03:31:22", "elapsed": 13816.525392, "delta": 1202.834429}}
