{"target": -323.465, "params": {"spark.broadcast.blockSize": 56.00359735435545, "spark.broadcast.checksum": 0.2468691334396773, "spark.broadcast.compress": 0.2020494116826318, "spark.default.parallelism": 248.87155303836056, "spark.executor.cores": 5.4525687792395505, "spark.executor.instances": 13.36511908705395, "spark.executor.memory": 11.515771989919699, "spark.executor.memoryOverhead": 419.9994161845689, "spark.kryoserializer.buffer": 120.20958611097112, "spark.kryoserializer.buffer.max": 76.9603584102432, "spark.locality.wait": 4.4345637959615685, "spark.maxRemoteBlockSizeFetchToMem": 1805991115.875945, "spark.memory.fraction": 0.788309334569391, "spark.memory.offHeap.enabled": 0.5320307189191882, "spark.memory.offHeap.size": 445.7612276007801, "spark.memory.storageFraction": 0.5793421863916599, "spark.rdd.compress": 0.05416791845064306, "spark.reducer.maxBlocksInFlightPerAddress": 1786078160.9284458, "spark.reducer.maxReqsInFlight": 1523754918.8761306, "spark.reducer.maxSizeInFlight": 51.1744356863033, "spark.scheduler.mode": 0.7109277341270991, "spark.scheduler.revive.interval": 669.7238899817218, "spark.shuffle.compress": 0.397957814002436, "spark.shuffle.file.buffer": 35.069988423971076, "spark.shuffle.io.numConnectionsPerPeer": 4.5056919660910495, "spark.shuffle.sort.bypassMergeThreshold": 233.59361207706792, "spark.storage.memoryFraction": 0.5870077962632922, "spark.storage.memoryMapThreshold": 4.4206913355148085}, "datetime": {"datetime": "2022-02-10 03:36:54", "elapsed": 14148.807968, "delta": 332.282576}}
{"target": -245.617, "params": {"spark.broadcast.blockSize": 62.63435548491582, "spark.broadcast.checksum": 0.8942537624471515, "spark.broadcast.compress": 0.17489344379298877, "spark.default.parallelism": 290.19500365826303, "spark.executor.cores": 6.004633776199469, "spark.executor.instances": 8.782767772546316, "spark.executor.memory": 13.881870314411007, "spark.executor.memoryOverhead": 489.79365449215436, "spark.kryoserializer.buffer": 91.47027611119455, "spark.kryoserializer.buffer.max": 57.2557312642537, "spark.locality.wait": 5.775877187777251, "spark.maxRemoteBlockSizeFetchToMem": 1837607254.324589, "spark.memory.fraction": 0.7511872377693944, "spark.memory.offHeap.enabled": 0.4894533154002991, "spark.memory.offHeap.size": 634.9010284721453, "spark.memory.storageFraction": 0.5301794397155526, "spark.rdd.compress": 0.5320096365022812, "spark.reducer.maxBlocksInFlightPerAddress": 2094996619.879447, "spark.reducer.maxReqsInFlight": 1152245965.5498352, "spark.reducer.maxSizeInFlight": 54.4542426021632, "spark.scheduler.mode": 0.9177826263126064, "spark.scheduler.revive.interval": 831.5812678804473, "spark.shuffle.compress": 0.5900827172316135, "spark.shuffle.file.buffer": 38.49372722897278, "spark.shuffle.io.numConnectionsPerPeer": 4.929463680449334, "spark.shuffle.sort.bypassMergeThreshold": 181.7140233111317, "spark.storage.memoryFraction": 0.7170715421404544, "spark.storage.memoryMapThreshold": 6.194652413595407}, "datetime": {"datetime": "2022-02-10 03:41:08", "elapsed": 14403.195824, "delta": 254.387856}}
{"target": -253.04, "params": {"spark.broadcast.blockSize": 62.31358982710992, "spark.broadcast.checksum": 0.8911000392163517, "spark.broadcast.compress": 0.4002731737947116, "spark.default.parallelism": 413.8759678824589, "spark.executor.cores": 5.118014859931311, "spark.executor.instances": 8.310268302248494, "spark.executor.memory": 11.529249718740367, "spark.executor.memoryOverhead": 1285.7245918246092, "spark.kryoserializer.buffer": 46.2668661442384, "spark.kryoserializer.buffer.max": 73.05163875718821, "spark.locality.wait": 2.2557906395874405, "spark.maxRemoteBlockSizeFetchToMem": 2042142962.793419, "spark.memory.fraction": 0.6733683626344213, "spark.memory.offHeap.enabled": 0.9637866701128058, "spark.memory.offHeap.size": 190.28719523041946, "spark.memory.storageFraction": 0.6057563273436924, "spark.rdd.compress": 0.9202082362736927, "spark.reducer.maxBlocksInFlightPerAddress": 1679265713.4096901, "spark.reducer.maxReqsInFlight": 1287187727.0201604, "spark.reducer.maxSizeInFlight": 69.88296253667428, "spark.scheduler.mode": 0.3791502211937533, "spark.scheduler.revive.interval": 958.0179911934954, "spark.shuffle.compress": 0.5603592041026495, "spark.shuffle.file.buffer": 32.62799353842671, "spark.shuffle.io.numConnectionsPerPeer": 3.4555198876718025, "spark.shuffle.sort.bypassMergeThreshold": 301.9190564660388, "spark.storage.memoryFraction": 0.5107903437314765, "spark.storage.memoryMapThreshold": 8.487753743715132}, "datetime": {"datetime": "2022-02-10 03:45:30", "elapsed": 14665.080906, "delta": 261.885082}}
{"target": -786.014, "params": {"spark.broadcast.blockSize": 25.760184506904498, "spark.broadcast.checksum": 0.5360943528804408, "spark.broadcast.compress": 0.48634742712594814, "spark.default.parallelism": 452.10014450368726, "spark.executor.cores": 6.72370557475897, "spark.executor.instances": 11.920392442876764, "spark.executor.memory": 9.136286547266163, "spark.executor.memoryOverhead": 1407.3096039661614, "spark.kryoserializer.buffer": 61.51878898347048, "spark.kryoserializer.buffer.max": 116.62489875058203, "spark.locality.wait": 8.044659018869684, "spark.maxRemoteBlockSizeFetchToMem": 1447337147.9840665, "spark.memory.fraction": 0.6292931038069404, "spark.memory.offHeap.enabled": 0.131692260113346, "spark.memory.offHeap.size": 900.5191551810476, "spark.memory.storageFraction": 0.512940265393956, "spark.rdd.compress": 0.4538243648303416, "spark.reducer.maxBlocksInFlightPerAddress": 1913905726.981411, "spark.reducer.maxReqsInFlight": 2083279824.6025283, "spark.reducer.maxSizeInFlight": 64.39828314743995, "spark.scheduler.mode": 0.14334038462331866, "spark.scheduler.revive.interval": 706.497674074994, "spark.shuffle.compress": 0.9814375954655973, "spark.shuffle.file.buffer": 23.29400658331193, "spark.shuffle.io.numConnectionsPerPeer": 3.7505407206778996, "spark.shuffle.sort.bypassMergeThreshold": 179.4888432579111, "spark.storage.memoryFraction": 0.7023217093948504, "spark.storage.memoryMapThreshold": 2.653241024357408}, "datetime": {"datetime": "2022-02-10 03:58:45", "elapsed": 15460.122279, "delta": 795.041373}}
{"target": -251.843, "params": {"spark.broadcast.blockSize": 31.294737165269837, "spark.broadcast.checksum": 0.939510742314653, "spark.broadcast.compress": 0.7036511853116783, "spark.default.parallelism": 225.33610402787207, "spark.executor.cores": 5.138487449776579, "spark.executor.instances": 11.332871868032738, "spark.executor.memory": 13.436501884418156, "spark.executor.memoryOverhead": 704.9587732678386, "spark.kryoserializer.buffer": 89.09499737338746, "spark.kryoserializer.buffer.max": 55.23586602203748, "spark.locality.wait": 8.803605611244565, "spark.maxRemoteBlockSizeFetchToMem": 1380384800.0075808, "spark.memory.fraction": 0.5489948971372978, "spark.memory.offHeap.enabled": 0.8126233381089106, "spark.memory.offHeap.size": 923.9917680441752, "spark.memory.storageFraction": 0.6172247452318842, "spark.rdd.compress": 0.8886126213521988, "spark.reducer.maxBlocksInFlightPerAddress": 1728762706.569873, "spark.reducer.maxReqsInFlight": 1317893821.192215, "spark.reducer.maxSizeInFlight": 44.847625185477426, "spark.scheduler.mode": 0.28052865348511746, "spark.scheduler.revive.interval": 611.5854853115829, "spark.shuffle.compress": 0.8492750166738882, "spark.shuffle.file.buffer": 17.883439195189425, "spark.shuffle.io.numConnectionsPerPeer": 4.064060625231441, "spark.shuffle.sort.bypassMergeThreshold": 183.86537784845322, "spark.storage.memoryFraction": 0.8378240250925824, "spark.storage.memoryMapThreshold": 3.436130136040979}, "datetime": {"datetime": "2022-02-10 04:03:06", "elapsed": 15720.955827, "delta": 260.833548}}
{"target": -347.568, "params": {"spark.broadcast.blockSize": 55.13428661671772, "spark.broadcast.checksum": 0.9258302023718731, "spark.broadcast.compress": 0.631206361485546, "spark.default.parallelism": 434.39235848920123, "spark.executor.cores": 5.325519565928023, "spark.executor.instances": 10.769544576225801, "spark.executor.memory": 8.37624175949232, "spark.executor.memoryOverhead": 457.7125160061941, "spark.kryoserializer.buffer": 41.9771910741899, "spark.kryoserializer.buffer.max": 69.92638428580162, "spark.locality.wait": 8.505557654465623, "spark.maxRemoteBlockSizeFetchToMem": 1106434553.7238657, "spark.memory.fraction": 0.5018914431666907, "spark.memory.offHeap.enabled": 0.45288783432359003, "spark.memory.offHeap.size": 789.6715161885342, "spark.memory.storageFraction": 0.5994043034015545, "spark.rdd.compress": 0.8329888229203651, "spark.reducer.maxBlocksInFlightPerAddress": 1351123480.9911594, "spark.reducer.maxReqsInFlight": 1213992231.1941533, "spark.reducer.maxSizeInFlight": 45.74599014380033, "spark.scheduler.mode": 0.17269781638260961, "spark.scheduler.revive.interval": 678.7220759247755, "spark.shuffle.compress": 0.9850577640418668, "spark.shuffle.file.buffer": 33.7017418062575, "spark.shuffle.io.numConnectionsPerPeer": 4.085562881060227, "spark.shuffle.sort.bypassMergeThreshold": 405.0007874870297, "spark.storage.memoryFraction": 0.8545349922432619, "spark.storage.memoryMapThreshold": 1.5931399342915653}, "datetime": {"datetime": "2022-02-10 04:09:03", "elapsed": 16077.882727, "delta": 356.9269}}
{"target": -258.796, "params": {"spark.broadcast.blockSize": 49.342276783050146, "spark.broadcast.checksum": 0.4305934377013956, "spark.broadcast.compress": 0.9667969602986327, "spark.default.parallelism": 404.71515805070294, "spark.executor.cores": 4.3274499027131546, "spark.executor.instances": 13.524552630483269, "spark.executor.memory": 13.345277032771754, "spark.executor.memoryOverhead": 1561.4297890819532, "spark.kryoserializer.buffer": 62.66477340509184, "spark.kryoserializer.buffer.max": 118.5016892156452, "spark.locality.wait": 8.783807911084994, "spark.maxRemoteBlockSizeFetchToMem": 1154257450.98979, "spark.memory.fraction": 0.5093198501622471, "spark.memory.offHeap.enabled": 0.6365077136492908, "spark.memory.offHeap.size": 6.959582122821416, "spark.memory.storageFraction": 0.518670570207032, "spark.rdd.compress": 0.5621295105176563, "spark.reducer.maxBlocksInFlightPerAddress": 1505848937.6678452, "spark.reducer.maxReqsInFlight": 1866275864.743608, "spark.reducer.maxSizeInFlight": 52.153520554037684, "spark.scheduler.mode": 0.06019819650263192, "spark.scheduler.revive.interval": 973.6043723419914, "spark.shuffle.compress": 0.5398103373506046, "spark.shuffle.file.buffer": 29.451760132785804, "spark.shuffle.io.numConnectionsPerPeer": 3.8640502934916174, "spark.shuffle.sort.bypassMergeThreshold": 234.73207148261545, "spark.storage.memoryFraction": 0.7484784205256306, "spark.storage.memoryMapThreshold": 2.508877728930896}, "datetime": {"datetime": "2022-02-10 04:13:30", "elapsed": 16345.445945, "delta": 267.563218}}
{"target": -297.983, "params": {"spark.broadcast.blockSize": 12.008940580521331, "spark.broadcast.checksum": 0.2524850629654365, "spark.broadcast.compress": 0.20675686208212585, "spark.default.parallelism": 326.76874290230575, "spark.executor.cores": 5.554714245342327, "spark.executor.instances": 12.552256073179397, "spark.executor.memory": 13.212527291041726, "spark.executor.memoryOverhead": 1294.3279536744558, "spark.kryoserializer.buffer": 66.93072573150775, "spark.kryoserializer.buffer.max": 68.53932221532588, "spark.locality.wait": 6.626401201460377, "spark.maxRemoteBlockSizeFetchToMem": 1157432114.608813, "spark.memory.fraction": 0.8359295966383637, "spark.memory.offHeap.enabled": 0.4764563506803403, "spark.memory.offHeap.size": 588.0453285728673, "spark.memory.storageFraction": 0.716453674635112, "spark.rdd.compress": 0.7973487064569312, "spark.reducer.maxBlocksInFlightPerAddress": 1919817364.2773223, "spark.reducer.maxReqsInFlight": 1239833192.7484913, "spark.reducer.maxSizeInFlight": 49.54859877901673, "spark.scheduler.mode": 0.6231122614877076, "spark.scheduler.revive.interval": 567.5788242305983, "spark.shuffle.compress": 0.457756418196283, "spark.shuffle.file.buffer": 19.94497002881062, "spark.shuffle.io.numConnectionsPerPeer": 3.166186286746249, "spark.shuffle.sort.bypassMergeThreshold": 261.174805244171, "spark.storage.memoryFraction": 0.7638993921723962, "spark.storage.memoryMapThreshold": 4.34647483325371}, "datetime": {"datetime": "2022-02-10 04:18:37", "elapsed": 16652.377451, "delta": 306.931506}}
{"target": -297.983, "params": {"spark.broadcast.blockSize": 40.98171265708115, "spark.broadcast.checksum": 0.049720231315942165, "spark.broadcast.compress": 0.7963160633768325, "spark.default.parallelism": 477.3330571866477, "spark.executor.cores": 5.493414821687791, "spark.executor.instances": 9.088817192210087, "spark.executor.memory": 9.349778979217456, "spark.executor.memoryOverhead": 628.4914482514115, "spark.kryoserializer.buffer": 81.07936269406302, "spark.kryoserializer.buffer.max": 100.71186427570507, "spark.locality.wait": 9.508023781498279, "spark.maxRemoteBlockSizeFetchToMem": 1284024343.3378253, "spark.memory.fraction": 0.5823774368748255, "spark.memory.offHeap.enabled": 0.18144462649152626, "spark.memory.offHeap.size": 1004.8925098722258, "spark.memory.storageFraction": 0.5268614463173026, "spark.rdd.compress": 0.9675420634354691, "spark.reducer.maxBlocksInFlightPerAddress": 1191841878.435608, "spark.reducer.maxReqsInFlight": 1761647685.8383827, "spark.reducer.maxSizeInFlight": 47.62587742219357, "spark.scheduler.mode": 0.5673694978285908, "spark.scheduler.revive.interval": 616.5435567974014, "spark.shuffle.compress": 0.20883033129462436, "spark.shuffle.file.buffer": 19.852905184301413, "spark.shuffle.io.numConnectionsPerPeer": 4.368429539642814, "spark.shuffle.sort.bypassMergeThreshold": 431.79296393873216, "spark.storage.memoryFraction": 0.865507911572049, "spark.storage.memoryMapThreshold": 6.741843589137295}, "datetime": {"datetime": "2022-02-10 04:51:10", "elapsed": 18605.273728, "delta": 1952.896277}}
{"target": -266.187, "params": {"spark.broadcast.blockSize": 9.106157141245777, "spark.broadcast.checksum": 0.21295072625913336, "spark.broadcast.compress": 0.113099386707886, "spark.default.parallelism": 475.89825517518375, "spark.executor.cores": 5.939216383686354, "spark.executor.instances": 10.164798471128492, "spark.executor.memory": 11.886792375381532, "spark.executor.memoryOverhead": 1198.9798194400573, "spark.kryoserializer.buffer": 64.47590609163647, "spark.kryoserializer.buffer.max": 112.373661273365, "spark.locality.wait": 7.41402550488594, "spark.maxRemoteBlockSizeFetchToMem": 1592600069.6824067, "spark.memory.fraction": 0.6549627538701674, "spark.memory.offHeap.enabled": 0.7353679459014179, "spark.memory.offHeap.size": 341.1661313702873, "spark.memory.storageFraction": 0.7776090273089777, "spark.rdd.compress": 0.9362558800709719, "spark.reducer.maxBlocksInFlightPerAddress": 2013447222.7226274, "spark.reducer.maxReqsInFlight": 1966038979.2104683, "spark.reducer.maxSizeInFlight": 50.87271363278001, "spark.scheduler.mode": 0.5067681709864108, "spark.scheduler.revive.interval": 697.8533602178358, "spark.shuffle.compress": 0.8249273760970878, "spark.shuffle.file.buffer": 23.558203603566504, "spark.shuffle.io.numConnectionsPerPeer": 4.922887922673428, "spark.shuffle.sort.bypassMergeThreshold": 300.8013247764643, "spark.storage.memoryFraction": 0.5267677642071226, "spark.storage.memoryMapThreshold": 4.987948309469098}, "datetime": {"datetime": "2022-02-10 04:55:45", "elapsed": 18880.330378, "delta": 275.05665}}
{"target": -290.285, "params": {"spark.broadcast.blockSize": 3.105441469381012, "spark.broadcast.checksum": 0.9337164760688337, "spark.broadcast.compress": 0.07859043330177584, "spark.default.parallelism": 414.97696927681056, "spark.executor.cores": 4.389514870997001, "spark.executor.instances": 13.007855720081853, "spark.executor.memory": 13.825425194924541, "spark.executor.memoryOverhead": 949.9748848345074, "spark.kryoserializer.buffer": 59.87794451674172, "spark.kryoserializer.buffer.max": 32.30588991890503, "spark.locality.wait": 2.9931676418090407, "spark.maxRemoteBlockSizeFetchToMem": 1997507090.4789321, "spark.memory.fraction": 0.6142378023182116, "spark.memory.offHeap.enabled": 0.6553928112201072, "spark.memory.offHeap.size": 174.61992541522523, "spark.memory.storageFraction": 0.6558178294933725, "spark.rdd.compress": 0.18796871784151203, "spark.reducer.maxBlocksInFlightPerAddress": 1459092741.7371252, "spark.reducer.maxReqsInFlight": 1270921157.5114567, "spark.reducer.maxSizeInFlight": 71.19405268265635, "spark.scheduler.mode": 0.896164952938649, "spark.scheduler.revive.interval": 958.5332687862699, "spark.shuffle.compress": 0.4071137713433731, "spark.shuffle.file.buffer": 44.47554807137625, "spark.shuffle.io.numConnectionsPerPeer": 3.9573678488235258, "spark.shuffle.sort.bypassMergeThreshold": 167.83727024006043, "spark.storage.memoryFraction": 0.7020520497232199, "spark.storage.memoryMapThreshold": 4.92216379759732}, "datetime": {"datetime": "2022-02-10 05:00:44", "elapsed": 19179.297156, "delta": 298.966778}}
{"target": -293.581, "params": {"spark.broadcast.blockSize": 21.598944261066915, "spark.broadcast.checksum": 0.5823361894874808, "spark.broadcast.compress": 0.2749718067741339, "spark.default.parallelism": 471.0240238756287, "spark.executor.cores": 5.089008365852238, "spark.executor.instances": 12.17268962149768, "spark.executor.memory": 12.797321071237608, "spark.executor.memoryOverhead": 1148.8364566311063, "spark.kryoserializer.buffer": 74.5880152892432, "spark.kryoserializer.buffer.max": 99.84161088071349, "spark.locality.wait": 1.1450158843492737, "spark.maxRemoteBlockSizeFetchToMem": 1478453455.618572, "spark.memory.fraction": 0.7418531474618715, "spark.memory.offHeap.enabled": 0.4703384205778527, "spark.memory.offHeap.size": 976.2264374384638, "spark.memory.storageFraction": 0.5370801524953308, "spark.rdd.compress": 0.28393351054551197, "spark.reducer.maxBlocksInFlightPerAddress": 1525574633.8901181, "spark.reducer.maxReqsInFlight": 1182910083.9396482, "spark.reducer.maxSizeInFlight": 31.233182345102655, "spark.scheduler.mode": 0.2195375586494278, "spark.scheduler.revive.interval": 942.6556573112398, "spark.shuffle.compress": 0.2739386037234919, "spark.shuffle.file.buffer": 23.559489331631372, "spark.shuffle.io.numConnectionsPerPeer": 2.9355604813747043, "spark.shuffle.sort.bypassMergeThreshold": 185.76298814956766, "spark.storage.memoryFraction": 0.7262591618971442, "spark.storage.memoryMapThreshold": 5.590985168451916}, "datetime": {"datetime": "2022-02-10 05:05:47", "elapsed": 19481.651611, "delta": 302.354455}}
{"target": -302.529, "params": {"spark.broadcast.blockSize": 2.7634639952091637, "spark.broadcast.checksum": 0.9353332508427509, "spark.broadcast.compress": 0.7451421543911969, "spark.default.parallelism": 332.1909047569136, "spark.executor.cores": 6.73560809500341, "spark.executor.instances": 11.593723018850703, "spark.executor.memory": 12.858370469618322, "spark.executor.memoryOverhead": 1231.1765368838467, "spark.kryoserializer.buffer": 116.8356321289765, "spark.kryoserializer.buffer.max": 81.53819192707138, "spark.locality.wait": 2.8229564026150054, "spark.maxRemoteBlockSizeFetchToMem": 1769209086.413556, "spark.memory.fraction": 0.8404950810604539, "spark.memory.offHeap.enabled": 0.5921468593230164, "spark.memory.offHeap.size": 586.4301979122009, "spark.memory.storageFraction": 0.5215699563471736, "spark.rdd.compress": 0.6667604261491525, "spark.reducer.maxBlocksInFlightPerAddress": 2086280389.8595672, "spark.reducer.maxReqsInFlight": 1559758215.9227853, "spark.reducer.maxSizeInFlight": 42.426715843978336, "spark.scheduler.mode": 0.5442556623857454, "spark.scheduler.revive.interval": 964.5454651649793, "spark.shuffle.compress": 0.23584849985999212, "spark.shuffle.file.buffer": 17.478044856817537, "spark.shuffle.io.numConnectionsPerPeer": 2.9918118510077316, "spark.shuffle.sort.bypassMergeThreshold": 488.4733235442593, "spark.storage.memoryFraction": 0.6870205675609188, "spark.storage.memoryMapThreshold": 7.3026215753799}, "datetime": {"datetime": "2022-02-10 05:10:58", "elapsed": 19792.881125, "delta": 311.229514}}
{"target": -277.507, "params": {"spark.broadcast.blockSize": 54.51984846878457, "spark.broadcast.checksum": 0.905244657644385, "spark.broadcast.compress": 0.6110804411218667, "spark.default.parallelism": 359.0478161117093, "spark.executor.cores": 4.203986624781083, "spark.executor.instances": 12.712750208826208, "spark.executor.memory": 8.8142953685872, "spark.executor.memoryOverhead": 1750.2972992553366, "spark.kryoserializer.buffer": 49.135580718156106, "spark.kryoserializer.buffer.max": 108.58339824121649, "spark.locality.wait": 9.560718784443408, "spark.maxRemoteBlockSizeFetchToMem": 2045324039.5703044, "spark.memory.fraction": 0.5061066439214682, "spark.memory.offHeap.enabled": 0.17668809064789381, "spark.memory.offHeap.size": 1.6761441469745932, "spark.memory.storageFraction": 0.699941901134131, "spark.rdd.compress": 0.6544122577492073, "spark.reducer.maxBlocksInFlightPerAddress": 1785890429.3844976, "spark.reducer.maxReqsInFlight": 1372243396.968258, "spark.reducer.maxSizeInFlight": 44.5687329605959, "spark.scheduler.mode": 0.5215386145278681, "spark.scheduler.revive.interval": 967.3946409953186, "spark.shuffle.compress": 0.8698211340338611, "spark.shuffle.file.buffer": 29.128325468577312, "spark.shuffle.io.numConnectionsPerPeer": 1.2931693804585955, "spark.shuffle.sort.bypassMergeThreshold": 459.6588142240125, "spark.storage.memoryFraction": 0.5338009880915926, "spark.storage.memoryMapThreshold": 3.9559384031671665}, "datetime": {"datetime": "2022-02-10 05:15:44", "elapsed": 20079.309177, "delta": 286.428052}}
