{"target": -252.97, "params": {"spark.broadcast.blockSize": 28.047908406048187, "spark.broadcast.checksum": 0.7852160952188708, "spark.broadcast.compress": 0.12386464605167091, "spark.default.parallelism": 214.07067948641196, "spark.executor.cores": 4.985568581272866, "spark.executor.instances": 10.235111077163392, "spark.executor.memory": 10.895827651206085, "spark.executor.memoryOverhead": 1720.8309389696499, "spark.kryoserializer.buffer": 32.278295523223406, "spark.kryoserializer.buffer.max": 117.10612799955729, "spark.locality.wait": 6.291827759201338, "spark.maxRemoteBlockSizeFetchToMem": 1101323124.8689053, "spark.memory.fraction": 0.8414073104497704, "spark.memory.offHeap.enabled": 0.0141472374617434, "spark.memory.offHeap.size": 967.8028611286478, "spark.memory.storageFraction": 0.5959095362442116, "spark.rdd.compress": 0.7919849465421569, "spark.reducer.maxBlocksInFlightPerAddress": 1375608891.7601523, "spark.reducer.maxReqsInFlight": 1328139885.5842333, "spark.reducer.maxSizeInFlight": 42.43980802516222, "spark.scheduler.mode": 0.9323283895680902, "spark.scheduler.revive.interval": 621.5247680711512, "spark.shuffle.compress": 0.9280211705318655, "spark.shuffle.file.buffer": 30.875686880252154, "spark.shuffle.io.numConnectionsPerPeer": 3.5335655316317607, "spark.shuffle.sort.bypassMergeThreshold": 339.86236931601, "spark.storage.memoryFraction": 0.778594206433207, "spark.storage.memoryMapThreshold": 7.6012551368338315}, "datetime": {"datetime": "2022-02-10 05:20:06", "elapsed": 20341.228538, "delta": 261.919361}}
{"target": -264.802, "params": {"spark.broadcast.blockSize": 63.92381105248209, "spark.broadcast.checksum": 0.9693690646418675, "spark.broadcast.compress": 0.35199871884693335, "spark.default.parallelism": 325.0016605822632, "spark.executor.cores": 4.257436960967917, "spark.executor.instances": 12.75608184646816, "spark.executor.memory": 11.805604410493839, "spark.executor.memoryOverhead": 548.4250793332271, "spark.kryoserializer.buffer": 118.21061565039295, "spark.kryoserializer.buffer.max": 77.18862192169179, "spark.locality.wait": 7.959816800272193, "spark.maxRemoteBlockSizeFetchToMem": 1779211592.9119933, "spark.memory.fraction": 0.5432737742528062, "spark.memory.offHeap.enabled": 0.26235560044001316, "spark.memory.offHeap.size": 763.2435374388664, "spark.memory.storageFraction": 0.5255894685531781, "spark.rdd.compress": 0.4809556079135935, "spark.reducer.maxBlocksInFlightPerAddress": 1495965456.744604, "spark.reducer.maxReqsInFlight": 2143320390.6339927, "spark.reducer.maxSizeInFlight": 25.173532549500834, "spark.scheduler.mode": 0.6498145894448955, "spark.scheduler.revive.interval": 556.5378658206, "spark.shuffle.compress": 0.5038235930762923, "spark.shuffle.file.buffer": 33.931813077081344, "spark.shuffle.io.numConnectionsPerPeer": 3.8758487263547083, "spark.shuffle.sort.bypassMergeThreshold": 352.8335917178084, "spark.storage.memoryFraction": 0.6486229836641412, "spark.storage.memoryMapThreshold": 6.146427328877186}, "datetime": {"datetime": "2022-02-10 05:24:40", "elapsed": 20614.81816, "delta": 273.589622}}
{"target": -284.314, "params": {"spark.broadcast.blockSize": 52.03536950962668, "spark.broadcast.checksum": 0.1850738107424713, "spark.broadcast.compress": 0.575009906250454, "spark.default.parallelism": 264.9313216832431, "spark.executor.cores": 5.647850392281115, "spark.executor.instances": 13.375054934999532, "spark.executor.memory": 11.51543632656748, "spark.executor.memoryOverhead": 1545.2963364497407, "spark.kryoserializer.buffer": 117.39093076377634, "spark.kryoserializer.buffer.max": 34.203036633679886, "spark.locality.wait": 2.1605154027684366, "spark.maxRemoteBlockSizeFetchToMem": 1635301360.2383728, "spark.memory.fraction": 0.567111597660676, "spark.memory.offHeap.enabled": 0.9531301365109588, "spark.memory.offHeap.size": 218.85992043344277, "spark.memory.storageFraction": 0.89670648629311, "spark.rdd.compress": 0.9465257246786268, "spark.reducer.maxBlocksInFlightPerAddress": 1373895878.082786, "spark.reducer.maxReqsInFlight": 1533560817.8611422, "spark.reducer.maxSizeInFlight": 52.90771182307272, "spark.scheduler.mode": 0.9697848529061767, "spark.scheduler.revive.interval": 726.8494409314832, "spark.shuffle.compress": 0.7203048832931758, "spark.shuffle.file.buffer": 41.544876221786495, "spark.shuffle.io.numConnectionsPerPeer": 2.8782412482849864, "spark.shuffle.sort.bypassMergeThreshold": 431.38862681766574, "spark.storage.memoryFraction": 0.7423623436199102, "spark.storage.memoryMapThreshold": 2.574763394794914}, "datetime": {"datetime": "2022-02-10 05:29:33", "elapsed": 20907.860666, "delta": 293.042506}}
{"target": -305.23, "params": {"spark.broadcast.blockSize": 44.15113972377641, "spark.broadcast.checksum": 0.2623080767289965, "spark.broadcast.compress": 0.03950641861991622, "spark.default.parallelism": 451.564718227423, "spark.executor.cores": 6.689473672554553, "spark.executor.instances": 8.915347358652067, "spark.executor.memory": 12.358044041429459, "spark.executor.memoryOverhead": 484.9290795084299, "spark.kryoserializer.buffer": 111.26981804784752, "spark.kryoserializer.buffer.max": 90.80025134426832, "spark.locality.wait": 9.781300957540887, "spark.maxRemoteBlockSizeFetchToMem": 2022885375.1139665, "spark.memory.fraction": 0.5823004145143317, "spark.memory.offHeap.enabled": 0.676697193268887, "spark.memory.offHeap.size": 785.0900992092099, "spark.memory.storageFraction": 0.6710476024129579, "spark.rdd.compress": 0.4927480014449326, "spark.reducer.maxBlocksInFlightPerAddress": 1340625394.4894557, "spark.reducer.maxReqsInFlight": 1835864974.303413, "spark.reducer.maxSizeInFlight": 24.785887451992192, "spark.scheduler.mode": 0.8753657237932175, "spark.scheduler.revive.interval": 721.8985076287955, "spark.shuffle.compress": 0.03726497044892041, "spark.shuffle.file.buffer": 16.305112151245098, "spark.shuffle.io.numConnectionsPerPeer": 3.5817415156798615, "spark.shuffle.sort.bypassMergeThreshold": 253.7988623027195, "spark.storage.memoryFraction": 0.5315364508421934, "spark.storage.memoryMapThreshold": 2.8119123588705226}, "datetime": {"datetime": "2022-02-10 05:34:47", "elapsed": 21221.841496, "delta": 313.98083}}
{"target": -776.13, "params": {"spark.broadcast.blockSize": 25.60942416541685, "spark.broadcast.checksum": 0.06808351939668145, "spark.broadcast.compress": 0.9114740032838496, "spark.default.parallelism": 342.7240626155243, "spark.executor.cores": 6.885173810104302, "spark.executor.instances": 11.8755345840905, "spark.executor.memory": 8.846251200589535, "spark.executor.memoryOverhead": 756.460605336333, "spark.kryoserializer.buffer": 68.10663785140972, "spark.kryoserializer.buffer.max": 123.36771757874773, "spark.locality.wait": 4.29165300514522, "spark.maxRemoteBlockSizeFetchToMem": 1689708691.5419564, "spark.memory.fraction": 0.8034667018027944, "spark.memory.offHeap.enabled": 0.6153276241754305, "spark.memory.offHeap.size": 508.6729847239344, "spark.memory.storageFraction": 0.6996687020422617, "spark.rdd.compress": 0.3329456680004066, "spark.reducer.maxBlocksInFlightPerAddress": 1307653476.9175773, "spark.reducer.maxReqsInFlight": 1526921785.2120185, "spark.reducer.maxSizeInFlight": 45.322573403987285, "spark.scheduler.mode": 0.7168224454702071, "spark.scheduler.revive.interval": 925.7384228722877, "spark.shuffle.compress": 0.17877864072793348, "spark.shuffle.file.buffer": 47.07416047869056, "spark.shuffle.io.numConnectionsPerPeer": 1.897837929448178, "spark.shuffle.sort.bypassMergeThreshold": 328.9290533789071, "spark.storage.memoryFraction": 0.8010936987803443, "spark.storage.memoryMapThreshold": 9.880110350598379}, "datetime": {"datetime": "2022-02-10 05:47:52", "elapsed": 22006.736071, "delta": 784.894575}}
{"target": -245.307, "params": {"spark.broadcast.blockSize": 62.64721102355974, "spark.broadcast.checksum": 0.41948548471071656, "spark.broadcast.compress": 0.4465762727043595, "spark.default.parallelism": 344.14854122216013, "spark.executor.cores": 4.86018035560203, "spark.executor.instances": 10.881861426599325, "spark.executor.memory": 13.651529245962553, "spark.executor.memoryOverhead": 669.5995062689792, "spark.kryoserializer.buffer": 84.79883006063389, "spark.kryoserializer.buffer.max": 125.28417378331737, "spark.locality.wait": 7.69895348008823, "spark.maxRemoteBlockSizeFetchToMem": 1640726508.6975908, "spark.memory.fraction": 0.6980534609209197, "spark.memory.offHeap.enabled": 0.48643727027083805, "spark.memory.offHeap.size": 295.71424773683714, "spark.memory.storageFraction": 0.5268011408764782, "spark.rdd.compress": 0.4722266296368275, "spark.reducer.maxBlocksInFlightPerAddress": 1518212230.4984639, "spark.reducer.maxReqsInFlight": 1533302771.2800694, "spark.reducer.maxSizeInFlight": 57.82922218808504, "spark.scheduler.mode": 0.33478164098369934, "spark.scheduler.revive.interval": 762.8236087574724, "spark.shuffle.compress": 0.6182722176439405, "spark.shuffle.file.buffer": 40.341781715182975, "spark.shuffle.io.numConnectionsPerPeer": 1.5882910868907514, "spark.shuffle.sort.bypassMergeThreshold": 356.1509118346445, "spark.storage.memoryFraction": 0.7205301371559476, "spark.storage.memoryMapThreshold": 4.73341018628126}, "datetime": {"datetime": "2022-02-10 05:52:06", "elapsed": 22261.077673, "delta": 254.341602}}
{"target": -250.154, "params": {"spark.broadcast.blockSize": 44.37609144039218, "spark.broadcast.checksum": 0.979336561802648, "spark.broadcast.compress": 0.3599666190953007, "spark.default.parallelism": 222.41140501332148, "spark.executor.cores": 4.722821128424631, "spark.executor.instances": 8.854053744814976, "spark.executor.memory": 13.316286451983466, "spark.executor.memoryOverhead": 420.8397134749962, "spark.kryoserializer.buffer": 96.24713972271252, "spark.kryoserializer.buffer.max": 69.68086330594481, "spark.locality.wait": 5.09618933721694, "spark.maxRemoteBlockSizeFetchToMem": 2114653627.6065423, "spark.memory.fraction": 0.554726250531399, "spark.memory.offHeap.enabled": 0.6056099673830269, "spark.memory.offHeap.size": 732.6217718312075, "spark.memory.storageFraction": 0.5791119015106876, "spark.rdd.compress": 0.5269117186413668, "spark.reducer.maxBlocksInFlightPerAddress": 1803687485.8432841, "spark.reducer.maxReqsInFlight": 1600178424.0342367, "spark.reducer.maxSizeInFlight": 35.471005792938755, "spark.scheduler.mode": 0.30063170966955954, "spark.scheduler.revive.interval": 572.7867177415147, "spark.shuffle.compress": 0.6984107701895969, "spark.shuffle.file.buffer": 28.015564207493075, "spark.shuffle.io.numConnectionsPerPeer": 3.7857044412112786, "spark.shuffle.sort.bypassMergeThreshold": 314.0723632335732, "spark.storage.memoryFraction": 0.7438160857379025, "spark.storage.memoryMapThreshold": 5.052390733352554}, "datetime": {"datetime": "2022-02-10 05:56:25", "elapsed": 22519.975673, "delta": 258.898}}
{"target": -259.55, "params": {"spark.broadcast.blockSize": 23.040933398998515, "spark.broadcast.checksum": 0.13446421630788263, "spark.broadcast.compress": 0.43728366566956, "spark.default.parallelism": 205.22379912390542, "spark.executor.cores": 4.048879249266359, "spark.executor.instances": 12.384334783990411, "spark.executor.memory": 13.581910092864426, "spark.executor.memoryOverhead": 1002.3535123848571, "spark.kryoserializer.buffer": 66.46508251039344, "spark.kryoserializer.buffer.max": 87.57350992414743, "spark.locality.wait": 8.33507060031294, "spark.maxRemoteBlockSizeFetchToMem": 1610279167.0770938, "spark.memory.fraction": 0.6854151067748636, "spark.memory.offHeap.enabled": 0.20983299954214318, "spark.memory.offHeap.size": 199.3633546032877, "spark.memory.storageFraction": 0.6666164572557747, "spark.rdd.compress": 0.7372464367514997, "spark.reducer.maxBlocksInFlightPerAddress": 1678121297.3436098, "spark.reducer.maxReqsInFlight": 1320927306.3617773, "spark.reducer.maxSizeInFlight": 49.87730352729187, "spark.scheduler.mode": 0.43093129302045863, "spark.scheduler.revive.interval": 678.1359939795832, "spark.shuffle.compress": 0.8240513230321219, "spark.shuffle.file.buffer": 27.22499826575805, "spark.shuffle.io.numConnectionsPerPeer": 2.4342318411539496, "spark.shuffle.sort.bypassMergeThreshold": 222.40988037044937, "spark.storage.memoryFraction": 0.8142157716141669, "spark.storage.memoryMapThreshold": 4.280992163779697}, "datetime": {"datetime": "2022-02-10 06:00:54", "elapsed": 22788.637571, "delta": 268.661898}}
