{"target": -174.447, "params": {"spark.broadcast.blockSize": 51.36918565682117, "spark.broadcast.checksum": 0.0303672540580278, "spark.broadcast.compress": 0.9378147915706563, "spark.default.parallelism": 225.34882025903184, "spark.executor.cores": 3.9267671577575136, "spark.executor.instances": 4.9350261068854495, "spark.executor.memory": 4.904119167898117, "spark.executor.memoryOverhead": 549.6981226010428, "spark.kryoserializer.buffer": 106.95977473537931, "spark.kryoserializer.buffer.max": 94.82617028855914, "spark.locality.wait": 7.670010701395539, "spark.maxRemoteBlockSizeFetchToMem": 2117952069.4221082, "spark.memory.fraction": 0.6322019097814786, "spark.memory.offHeap.enabled": 0.015005747619647796, "spark.memory.offHeap.size": 65.05875476260228, "spark.memory.storageFraction": 0.5331530567084086, "spark.rdd.compress": 0.07467019718802961, "spark.reducer.maxBlocksInFlightPerAddress": 2102100238.6424499, "spark.reducer.maxReqsInFlight": 1314893255.304852, "spark.reducer.maxSizeInFlight": 70.84242777072994, "spark.scheduler.mode": 0.9395000620081585, "spark.scheduler.revive.interval": 684.6462184187378, "spark.shuffle.compress": 0.9511910663337932, "spark.shuffle.file.buffer": 36.31957543028201, "spark.shuffle.io.numConnectionsPerPeer": 3.975332849578112, "spark.shuffle.sort.bypassMergeThreshold": 332.89861720284165, "spark.storage.memoryMapThreshold": 3.8932916659659482}, "datetime": {"datetime": "2022-02-19 22:50:15", "elapsed": 4088.554874, "delta": 182.951705}}
{"target": -224.36, "params": {"spark.broadcast.blockSize": 50.67428505287409, "spark.broadcast.checksum": 0.057328495126453896, "spark.broadcast.compress": 0.9227087524625451, "spark.default.parallelism": 235.47508848802192, "spark.executor.cores": 3.9129474800343136, "spark.executor.instances": 4.932251933338845, "spark.executor.memory": 5.025645114141774, "spark.executor.memoryOverhead": 527.18671150838, "spark.kryoserializer.buffer": 104.90080828125659, "spark.kryoserializer.buffer.max": 93.46464908054115, "spark.locality.wait": 7.600758563604269, "spark.maxRemoteBlockSizeFetchToMem": 2111142696.5846553, "spark.memory.fraction": 0.6290772384607254, "spark.memory.offHeap.enabled": 0.040465810504750975, "spark.memory.offHeap.size": 51.07543265777781, "spark.memory.storageFraction": 0.509791521329979, "spark.rdd.compress": 0.07522640374506798, "spark.reducer.maxBlocksInFlightPerAddress": 2095329851.7307062, "spark.reducer.maxReqsInFlight": 1255938539.1366808, "spark.reducer.maxSizeInFlight": 71.39097703257602, "spark.scheduler.mode": 0.9325847703687322, "spark.scheduler.revive.interval": 692.1968497453414, "spark.shuffle.compress": 0.9866753600955698, "spark.shuffle.file.buffer": 39.585970971592296, "spark.shuffle.io.numConnectionsPerPeer": 3.8834727746674313, "spark.shuffle.sort.bypassMergeThreshold": 323.4881457134368, "spark.storage.memoryMapThreshold": 3.8583475450015317}, "datetime": {"datetime": "2022-02-19 22:54:08", "elapsed": 4321.432878, "delta": 232.878004}}
{"target": -215.284, "params": {"spark.broadcast.blockSize": 51.10009557308883, "spark.broadcast.checksum": 0.06361873104947346, "spark.broadcast.compress": 0.9581839823043568, "spark.default.parallelism": 234.09525184673163, "spark.executor.cores": 3.9776089216842907, "spark.executor.instances": 4.810413564457066, "spark.executor.memory": 5.037881027315373, "spark.executor.memoryOverhead": 518.2516670062296, "spark.kryoserializer.buffer": 108.47780436393262, "spark.kryoserializer.buffer.max": 93.83323442235773, "spark.locality.wait": 7.698518437899774, "spark.maxRemoteBlockSizeFetchToMem": 2132871906.1587312, "spark.memory.fraction": 0.6213663440333588, "spark.memory.offHeap.enabled": 0.03553692495883837, "spark.memory.offHeap.size": 32.753137223230965, "spark.memory.storageFraction": 0.5319099694369527, "spark.rdd.compress": 0.03426516496485266, "spark.reducer.maxBlocksInFlightPerAddress": 2067855132.4651947, "spark.reducer.maxReqsInFlight": 1262331998.6179252, "spark.reducer.maxSizeInFlight": 71.5003011941519, "spark.scheduler.mode": 0.9660048289590129, "spark.scheduler.revive.interval": 682.5178619377137, "spark.shuffle.compress": 0.970692493894209, "spark.shuffle.file.buffer": 38.1160471357966, "spark.shuffle.io.numConnectionsPerPeer": 3.9229555608026527, "spark.shuffle.sort.bypassMergeThreshold": 330.1461026347445, "spark.storage.memoryMapThreshold": 3.9071021645702046}, "datetime": {"datetime": "2022-02-19 22:57:52", "elapsed": 4545.269667, "delta": 223.836789}}
{"target": -217.677, "params": {"spark.broadcast.blockSize": 50.4577764977815, "spark.broadcast.checksum": 0.06532712242046176, "spark.broadcast.compress": 0.9484111838710348, "spark.default.parallelism": 240.90508814183224, "spark.executor.cores": 3.932546681394151, "spark.executor.instances": 4.722807444236125, "spark.executor.memory": 4.950128183731602, "spark.executor.memoryOverhead": 535.4943036830144, "spark.kryoserializer.buffer": 105.56728744800726, "spark.kryoserializer.buffer.max": 97.5685113491638, "spark.locality.wait": 7.6128204491920926, "spark.maxRemoteBlockSizeFetchToMem": 2122054024.2811797, "spark.memory.fraction": 0.6221269633324433, "spark.memory.offHeap.enabled": 0.05281363495281461, "spark.memory.offHeap.size": 49.89779844020534, "spark.memory.storageFraction": 0.5142263107124344, "spark.rdd.compress": 0.07654895648424276, "spark.reducer.maxBlocksInFlightPerAddress": 2065670099.2044766, "spark.reducer.maxReqsInFlight": 1270526314.128922, "spark.reducer.maxSizeInFlight": 71.75509714471877, "spark.scheduler.mode": 0.9353140958094771, "spark.scheduler.revive.interval": 678.8257428218637, "spark.shuffle.compress": 0.9720011735408578, "spark.shuffle.file.buffer": 38.47782791992727, "spark.shuffle.io.numConnectionsPerPeer": 3.913238070402532, "spark.shuffle.sort.bypassMergeThreshold": 328.75986049725475, "spark.storage.memoryMapThreshold": 3.8479503793012966}, "datetime": {"datetime": "2022-02-19 23:01:38", "elapsed": 4771.536218, "delta": 226.266551}}
{"target": -213.312, "params": {"spark.broadcast.blockSize": 50.16406951967097, "spark.broadcast.checksum": 0.05631050439533489, "spark.broadcast.compress": 0.9661245380324552, "spark.default.parallelism": 228.70560494513043, "spark.executor.cores": 3.844614312531875, "spark.executor.instances": 4.853964512468615, "spark.executor.memory": 4.989413451991429, "spark.executor.memoryOverhead": 523.9701611627038, "spark.kryoserializer.buffer": 107.79389621699909, "spark.kryoserializer.buffer.max": 95.78848757134492, "spark.locality.wait": 7.6962586057383024, "spark.maxRemoteBlockSizeFetchToMem": 2118372010.4027488, "spark.memory.fraction": 0.6232048140590294, "spark.memory.offHeap.enabled": 0.06376442212017863, "spark.memory.offHeap.size": 71.93461927961647, "spark.memory.storageFraction": 0.5192329557388057, "spark.rdd.compress": 0.07469057144623267, "spark.reducer.maxBlocksInFlightPerAddress": 2069975611.287225, "spark.reducer.maxReqsInFlight": 1259613544.3778384, "spark.reducer.maxSizeInFlight": 71.46841498762232, "spark.scheduler.mode": 0.9432000618997703, "spark.scheduler.revive.interval": 708.7068534028119, "spark.shuffle.compress": 0.9754410250913016, "spark.shuffle.file.buffer": 38.198327806533996, "spark.shuffle.io.numConnectionsPerPeer": 3.91173188075677, "spark.shuffle.sort.bypassMergeThreshold": 329.04327683758805, "spark.storage.memoryMapThreshold": 3.8564907320185764}, "datetime": {"datetime": "2022-02-19 23:05:20", "elapsed": 4993.535417, "delta": 221.999199}}
{"target": -182.291, "params": {"spark.broadcast.blockSize": 50.37377651647368, "spark.broadcast.checksum": 0.026605844203983122, "spark.broadcast.compress": 0.9629309648216844, "spark.default.parallelism": 234.2005696350551, "spark.executor.cores": 3.9461523504238105, "spark.executor.instances": 4.876388088925465, "spark.executor.memory": 5.031195732933142, "spark.executor.memoryOverhead": 530.7758514766094, "spark.kryoserializer.buffer": 108.28019041678172, "spark.kryoserializer.buffer.max": 96.0429002264782, "spark.locality.wait": 7.690747005642162, "spark.maxRemoteBlockSizeFetchToMem": 2122948139.4197967, "spark.memory.fraction": 0.6347308063615628, "spark.memory.offHeap.enabled": 0.06471364715930411, "spark.memory.offHeap.size": 63.967590625165776, "spark.memory.storageFraction": 0.5282268731678904, "spark.rdd.compress": 0.06288578904431788, "spark.reducer.maxBlocksInFlightPerAddress": 2081088876.559111, "spark.reducer.maxReqsInFlight": 1275203506.555555, "spark.reducer.maxSizeInFlight": 70.57157667557763, "spark.scheduler.mode": 0.9442929210271381, "spark.scheduler.revive.interval": 691.8254605136268, "spark.shuffle.compress": 0.9938789712131034, "spark.shuffle.file.buffer": 37.587860611496296, "spark.shuffle.io.numConnectionsPerPeer": 3.9274970266554865, "spark.shuffle.sort.bypassMergeThreshold": 328.6500661906684, "spark.storage.memoryMapThreshold": 3.8938991627169663}, "datetime": {"datetime": "2022-02-19 23:08:31", "elapsed": 5184.7145, "delta": 191.179083}}
{"target": -170.317, "params": {"spark.broadcast.blockSize": 50.96671935626022, "spark.broadcast.checksum": 0.06428617028133547, "spark.broadcast.compress": 0.9669487071966553, "spark.default.parallelism": 236.46373098218342, "spark.executor.cores": 3.9215060442049734, "spark.executor.instances": 4.831412736573831, "spark.executor.memory": 4.917107766075501, "spark.executor.memoryOverhead": 533.1800320234767, "spark.kryoserializer.buffer": 105.08711456249847, "spark.kryoserializer.buffer.max": 95.23411369273056, "spark.locality.wait": 7.613338674448533, "spark.maxRemoteBlockSizeFetchToMem": 2114200399.0593946, "spark.memory.fraction": 0.6220007234915513, "spark.memory.offHeap.enabled": 0.049214606042917095, "spark.memory.offHeap.size": 56.440146409909744, "spark.memory.storageFraction": 0.5198527275405178, "spark.rdd.compress": 0.05053150764499887, "spark.reducer.maxBlocksInFlightPerAddress": 2079414793.889207, "spark.reducer.maxReqsInFlight": 1257496481.2823873, "spark.reducer.maxSizeInFlight": 71.42188511955598, "spark.scheduler.mode": 0.9351925699983739, "spark.scheduler.revive.interval": 683.2519780378386, "spark.shuffle.compress": 0.983323325025013, "spark.shuffle.file.buffer": 38.23227867867267, "spark.shuffle.io.numConnectionsPerPeer": 3.962565488707471, "spark.shuffle.sort.bypassMergeThreshold": 333.78124038215276, "spark.storage.memoryMapThreshold": 3.8219903166718594}, "datetime": {"datetime": "2022-02-19 23:11:30", "elapsed": 5363.594193, "delta": 178.879693}}
{"target": -218.479, "params": {"spark.broadcast.blockSize": 50.59706120057736, "spark.broadcast.checksum": 0.059952548946377734, "spark.broadcast.compress": 0.952803544461432, "spark.default.parallelism": 229.35959262393052, "spark.executor.cores": 3.9468478860450316, "spark.executor.instances": 4.860591379475515, "spark.executor.memory": 4.9574191610497325, "spark.executor.memoryOverhead": 527.4563076330571, "spark.kryoserializer.buffer": 106.60144488661734, "spark.kryoserializer.buffer.max": 95.07783252740101, "spark.locality.wait": 7.586329179721948, "spark.maxRemoteBlockSizeFetchToMem": 2126380199.4175584, "spark.memory.fraction": 0.6154398730071787, "spark.memory.offHeap.enabled": 0.060070322382135666, "spark.memory.offHeap.size": 50.55193853001869, "spark.memory.storageFraction": 0.5234642668878291, "spark.rdd.compress": 0.03655357207678934, "spark.reducer.maxBlocksInFlightPerAddress": 2062361207.289839, "spark.reducer.maxReqsInFlight": 1263673787.8619735, "spark.reducer.maxSizeInFlight": 71.33698103169966, "spark.scheduler.mode": 0.9497797601228584, "spark.scheduler.revive.interval": 684.5356586127546, "spark.shuffle.compress": 0.9892356037193705, "spark.shuffle.file.buffer": 37.5174887328601, "spark.shuffle.io.numConnectionsPerPeer": 3.871179749057875, "spark.shuffle.sort.bypassMergeThreshold": 333.336962304502, "spark.storage.memoryMapThreshold": 3.8293086203887348}, "datetime": {"datetime": "2022-02-19 23:15:17", "elapsed": 5590.69193, "delta": 227.097737}}
{"target": -177.446, "params": {"spark.broadcast.blockSize": 50.515440321302826, "spark.broadcast.checksum": 0.06636688401633789, "spark.broadcast.compress": 0.9567471166692838, "spark.default.parallelism": 235.69718702932812, "spark.executor.cores": 3.9136229580285296, "spark.executor.instances": 4.833882839029087, "spark.executor.memory": 5.001933537460104, "spark.executor.memoryOverhead": 534.5417426269447, "spark.kryoserializer.buffer": 104.40138195252494, "spark.kryoserializer.buffer.max": 95.94549309087967, "spark.locality.wait": 7.567464696585556, "spark.maxRemoteBlockSizeFetchToMem": 2109556317.4308798, "spark.memory.fraction": 0.6222548560952362, "spark.memory.offHeap.enabled": 0.04114115571919002, "spark.memory.offHeap.size": 52.490243631307045, "spark.memory.storageFraction": 0.5197835772899037, "spark.rdd.compress": 0.0418016332772668, "spark.reducer.maxBlocksInFlightPerAddress": 2066774045.1306946, "spark.reducer.maxReqsInFlight": 1254379108.702571, "spark.reducer.maxSizeInFlight": 71.06381837316258, "spark.scheduler.mode": 0.9314628406125269, "spark.scheduler.revive.interval": 681.9142058967017, "spark.shuffle.compress": 0.9681086725763939, "spark.shuffle.file.buffer": 38.472315350371346, "spark.shuffle.io.numConnectionsPerPeer": 3.93827668512654, "spark.shuffle.sort.bypassMergeThreshold": 334.2506361301173, "spark.storage.memoryMapThreshold": 3.8878441884156456}, "datetime": {"datetime": "2022-02-19 23:18:24", "elapsed": 5777.235824, "delta": 186.543894}}
{"target": -224.83, "params": {"spark.broadcast.blockSize": 51.29075063708233, "spark.broadcast.checksum": 0.07917010505769825, "spark.broadcast.compress": 0.9558482738710635, "spark.default.parallelism": 236.82023172794536, "spark.executor.cores": 3.902049877421466, "spark.executor.instances": 4.796877226925804, "spark.executor.memory": 4.943955635448474, "spark.executor.memoryOverhead": 538.6629775391077, "spark.kryoserializer.buffer": 106.91195352010664, "spark.kryoserializer.buffer.max": 94.32962082261353, "spark.locality.wait": 7.575200793417248, "spark.maxRemoteBlockSizeFetchToMem": 2094883134.4930987, "spark.memory.fraction": 0.6139874992290902, "spark.memory.offHeap.enabled": 0.0523531558323701, "spark.memory.offHeap.size": 52.58338252624014, "spark.memory.storageFraction": 0.5194168605639314, "spark.rdd.compress": 0.03349928294827521, "spark.reducer.maxBlocksInFlightPerAddress": 2088430833.2293565, "spark.reducer.maxReqsInFlight": 1264089569.2537231, "spark.reducer.maxSizeInFlight": 71.92930348823468, "spark.scheduler.mode": 0.9410673538400686, "spark.scheduler.revive.interval": 684.3137503183373, "spark.shuffle.compress": 0.9739316623651334, "spark.shuffle.file.buffer": 38.506915770704175, "spark.shuffle.io.numConnectionsPerPeer": 3.9231638015376573, "spark.shuffle.sort.bypassMergeThreshold": 333.1049099659016, "spark.storage.memoryMapThreshold": 3.8052385540301223}, "datetime": {"datetime": "2022-02-19 23:22:17", "elapsed": 6010.507729, "delta": 233.271905}}
{"target": -172.652, "params": {"spark.broadcast.blockSize": 51.012205297076044, "spark.broadcast.checksum": 0.04856458506660242, "spark.broadcast.compress": 0.9629838660881386, "spark.default.parallelism": 236.0137606568981, "spark.executor.cores": 3.950664228881631, "spark.executor.instances": 4.82522473099874, "spark.executor.memory": 4.869159847273281, "spark.executor.memoryOverhead": 539.6255326062844, "spark.kryoserializer.buffer": 105.96326556217261, "spark.kryoserializer.buffer.max": 93.87693028282547, "spark.locality.wait": 7.545424317585952, "spark.maxRemoteBlockSizeFetchToMem": 2102679831.225805, "spark.memory.fraction": 0.6151578936083896, "spark.memory.offHeap.enabled": 0.04111700277800581, "spark.memory.offHeap.size": 36.158929471789364, "spark.memory.storageFraction": 0.5192660749312675, "spark.rdd.compress": 0.0428902028521078, "spark.reducer.maxBlocksInFlightPerAddress": 2082624028.8785906, "spark.reducer.maxReqsInFlight": 1259493066.182713, "spark.reducer.maxSizeInFlight": 70.96952226642594, "spark.scheduler.mode": 0.9430891734327791, "spark.scheduler.revive.interval": 683.7343463499735, "spark.shuffle.compress": 0.9948739268480487, "spark.shuffle.file.buffer": 38.341990315745974, "spark.shuffle.io.numConnectionsPerPeer": 3.925617303690949, "spark.shuffle.sort.bypassMergeThreshold": 335.52491957069293, "spark.storage.memoryMapThreshold": 3.840369144114151}, "datetime": {"datetime": "2022-02-19 23:25:21", "elapsed": 6194.587529, "delta": 184.0798}}
{"target": -217.039, "params": {"spark.broadcast.blockSize": 51.32978634802774, "spark.broadcast.checksum": 0.06780220008786902, "spark.broadcast.compress": 0.9802459318020225, "spark.default.parallelism": 237.70551391972222, "spark.executor.cores": 3.924777445562812, "spark.executor.instances": 4.873946112746166, "spark.executor.memory": 4.928834638923654, "spark.executor.memoryOverhead": 538.4816571953165, "spark.kryoserializer.buffer": 105.00764865553361, "spark.kryoserializer.buffer.max": 94.44024973356103, "spark.locality.wait": 7.585833625288965, "spark.maxRemoteBlockSizeFetchToMem": 2103448390.310024, "spark.memory.fraction": 0.6229055057176587, "spark.memory.offHeap.enabled": 0.042277200860200044, "spark.memory.offHeap.size": 57.25264861883838, "spark.memory.storageFraction": 0.5206636237035138, "spark.rdd.compress": 0.04207034942518879, "spark.reducer.maxBlocksInFlightPerAddress": 2081065678.318516, "spark.reducer.maxReqsInFlight": 1260742404.152311, "spark.reducer.maxSizeInFlight": 70.96088093162473, "spark.scheduler.mode": 0.940410686350342, "spark.scheduler.revive.interval": 688.1846802696829, "spark.shuffle.compress": 0.9738239885532188, "spark.shuffle.file.buffer": 38.33812789743686, "spark.shuffle.io.numConnectionsPerPeer": 3.919134007331786, "spark.shuffle.sort.bypassMergeThreshold": 335.4032848581264, "spark.storage.memoryMapThreshold": 3.831187482932415}, "datetime": {"datetime": "2022-02-19 23:29:07", "elapsed": 6420.268276, "delta": 225.680747}}
{"target": -188.726, "params": {"spark.broadcast.blockSize": 50.971417433158464, "spark.broadcast.checksum": 0.05342522818142841, "spark.broadcast.compress": 0.9770755929579118, "spark.default.parallelism": 236.59730516064968, "spark.executor.cores": 3.939880628758047, "spark.executor.instances": 4.8619988662864735, "spark.executor.memory": 4.930861358036532, "spark.executor.memoryOverhead": 537.9898183033821, "spark.kryoserializer.buffer": 105.68928784874797, "spark.kryoserializer.buffer.max": 94.8611041201917, "spark.locality.wait": 7.616357965995401, "spark.maxRemoteBlockSizeFetchToMem": 2104813498.1849194, "spark.memory.fraction": 0.6183426108396852, "spark.memory.offHeap.enabled": 0.05416118989757929, "spark.memory.offHeap.size": 48.84441491569447, "spark.memory.storageFraction": 0.519020415502297, "spark.rdd.compress": 0.043658565828297836, "spark.reducer.maxBlocksInFlightPerAddress": 2073906543.8602335, "spark.reducer.maxReqsInFlight": 1270835262.7090652, "spark.reducer.maxSizeInFlight": 71.50250860256824, "spark.scheduler.mode": 0.9401026418475902, "spark.scheduler.revive.interval": 684.111378258515, "spark.shuffle.compress": 0.9952703718135485, "spark.shuffle.file.buffer": 38.3260992848356, "spark.shuffle.io.numConnectionsPerPeer": 3.932702538259793, "spark.shuffle.sort.bypassMergeThreshold": 333.7887510313336, "spark.storage.memoryMapThreshold": 3.84115010124301}, "datetime": {"datetime": "2022-02-19 23:32:24", "elapsed": 6617.462213, "delta": 197.193937}}
{"target": -168.733, "params": {"spark.broadcast.blockSize": 50.971790798609526, "spark.broadcast.checksum": 0.07205429792383052, "spark.broadcast.compress": 0.9664227993846862, "spark.default.parallelism": 235.16221350259474, "spark.executor.cores": 3.9360425114225595, "spark.executor.instances": 4.7861313355780775, "spark.executor.memory": 4.941091087288426, "spark.executor.memoryOverhead": 533.6950501652378, "spark.kryoserializer.buffer": 105.97200905541555, "spark.kryoserializer.buffer.max": 96.46796810521533, "spark.locality.wait": 7.576471704289212, "spark.maxRemoteBlockSizeFetchToMem": 2105438236.857976, "spark.memory.fraction": 0.6192063517088593, "spark.memory.offHeap.enabled": 0.04889492818165384, "spark.memory.offHeap.size": 58.260322875505295, "spark.memory.storageFraction": 0.5194866892800173, "spark.rdd.compress": 0.0482999961318257, "spark.reducer.maxBlocksInFlightPerAddress": 2089442042.1087844, "spark.reducer.maxReqsInFlight": 1270607317.1723292, "spark.reducer.maxSizeInFlight": 71.31124702544916, "spark.scheduler.mode": 0.9343208901332553, "spark.scheduler.revive.interval": 677.4064438885749, "spark.shuffle.compress": 0.9864368978819783, "spark.shuffle.file.buffer": 38.225082213875346, "spark.shuffle.io.numConnectionsPerPeer": 3.9216333115596504, "spark.shuffle.sort.bypassMergeThreshold": 334.27028746632993, "spark.storage.memoryMapThreshold": 3.858738110616782}, "datetime": {"datetime": "2022-02-19 23:35:21", "elapsed": 6794.526939, "delta": 177.064726}}
