{"target": -176.912, "params": {"spark.broadcast.blockSize": 51.04514180045042, "spark.broadcast.checksum": 0.06368854287913465, "spark.broadcast.compress": 0.9673456792316826, "spark.default.parallelism": 236.1920132322267, "spark.executor.cores": 3.9482321421744158, "spark.executor.instances": 4.769528357492448, "spark.executor.memory": 4.987061821078418, "spark.executor.memoryOverhead": 534.6943426517665, "spark.kryoserializer.buffer": 107.10225557174597, "spark.kryoserializer.buffer.max": 95.77810951103316, "spark.locality.wait": 7.541662007724547, "spark.maxRemoteBlockSizeFetchToMem": 2107872420.2190378, "spark.memory.fraction": 0.6144546875492358, "spark.memory.offHeap.enabled": 0.04130339793830776, "spark.memory.offHeap.size": 61.83357356613509, "spark.memory.storageFraction": 0.5176878658660107, "spark.rdd.compress": 0.04361250500983892, "spark.reducer.maxBlocksInFlightPerAddress": 2097221363.6300757, "spark.reducer.maxReqsInFlight": 1280969099.1120872, "spark.reducer.maxSizeInFlight": 71.34627798741353, "spark.scheduler.mode": 0.9289676246385713, "spark.scheduler.revive.interval": 676.4822602141392, "spark.shuffle.compress": 0.9980281536321126, "spark.shuffle.file.buffer": 37.95973869076195, "spark.shuffle.io.numConnectionsPerPeer": 3.889184382671498, "spark.shuffle.sort.bypassMergeThreshold": 334.82850011336836, "spark.storage.memoryMapThreshold": 3.864146272665692}, "datetime": {"datetime": "2022-02-19 23:38:27", "elapsed": 6980.212436, "delta": 185.685497}}
{"target": -177.729, "params": {"spark.broadcast.blockSize": 50.649342451449385, "spark.broadcast.checksum": 0.06791884945363286, "spark.broadcast.compress": 0.9742731634100119, "spark.default.parallelism": 236.182169817951, "spark.executor.cores": 3.94308549415293, "spark.executor.instances": 4.781134313486685, "spark.executor.memory": 4.9455546408823565, "spark.executor.memoryOverhead": 530.3115989894437, "spark.kryoserializer.buffer": 106.96694718901097, "spark.kryoserializer.buffer.max": 95.57499529601952, "spark.locality.wait": 7.578484195949988, "spark.maxRemoteBlockSizeFetchToMem": 2108746384.5234075, "spark.memory.fraction": 0.6190482843868738, "spark.memory.offHeap.enabled": 0.03963510007568501, "spark.memory.offHeap.size": 64.02244167453306, "spark.memory.storageFraction": 0.5174396194804136, "spark.rdd.compress": 0.04592026049824434, "spark.reducer.maxBlocksInFlightPerAddress": 2096348385.8515205, "spark.reducer.maxReqsInFlight": 1280050948.3511672, "spark.reducer.maxSizeInFlight": 71.62390612598355, "spark.scheduler.mode": 0.9368836910676576, "spark.scheduler.revive.interval": 676.1765432729768, "spark.shuffle.compress": 0.9879227853110911, "spark.shuffle.file.buffer": 37.89052676282609, "spark.shuffle.io.numConnectionsPerPeer": 3.8824549963998014, "spark.shuffle.sort.bypassMergeThreshold": 334.8455810806453, "spark.storage.memoryMapThreshold": 3.881251061388254}, "datetime": {"datetime": "2022-02-19 23:41:33", "elapsed": 7166.489629, "delta": 186.277193}}
{"target": -179.805, "params": {"spark.broadcast.blockSize": 51.015745760737616, "spark.broadcast.checksum": 0.0684192755288326, "spark.broadcast.compress": 0.966876714292228, "spark.default.parallelism": 236.54811454208027, "spark.executor.cores": 3.942325525125979, "spark.executor.instances": 4.7985110484612195, "spark.executor.memory": 4.9794681975525785, "spark.executor.memoryOverhead": 533.3274965671962, "spark.kryoserializer.buffer": 106.85067430523097, "spark.kryoserializer.buffer.max": 96.03841306427022, "spark.locality.wait": 7.5472514942293465, "spark.maxRemoteBlockSizeFetchToMem": 2100401977.9047675, "spark.memory.fraction": 0.6172181849926452, "spark.memory.offHeap.enabled": 0.04188982019229895, "spark.memory.offHeap.size": 49.35030463395482, "spark.memory.storageFraction": 0.5229126624687099, "spark.rdd.compress": 0.04258200278602581, "spark.reducer.maxBlocksInFlightPerAddress": 2093558369.4779081, "spark.reducer.maxReqsInFlight": 1280312338.5610983, "spark.reducer.maxSizeInFlight": 71.04180987436428, "spark.scheduler.mode": 0.9358819699765115, "spark.scheduler.revive.interval": 676.4121252623167, "spark.shuffle.compress": 0.9880584906237981, "spark.shuffle.file.buffer": 38.0907681509577, "spark.shuffle.io.numConnectionsPerPeer": 3.9077075489019055, "spark.shuffle.sort.bypassMergeThreshold": 333.8746044313716, "spark.storage.memoryMapThreshold": 3.8528412103325533}, "datetime": {"datetime": "2022-02-19 23:44:42", "elapsed": 7355.333823, "delta": 188.844194}}
{"target": -173.008, "params": {"spark.broadcast.blockSize": 51.02021378386751, "spark.broadcast.checksum": 0.06796176963783201, "spark.broadcast.compress": 0.9645734968793686, "spark.default.parallelism": 233.67910018551814, "spark.executor.cores": 3.954697763745462, "spark.executor.instances": 4.8103310113881514, "spark.executor.memory": 4.9205641458198635, "spark.executor.memoryOverhead": 536.3482583015191, "spark.kryoserializer.buffer": 106.75860736459408, "spark.kryoserializer.buffer.max": 95.79825018297036, "spark.locality.wait": 7.5400915355644145, "spark.maxRemoteBlockSizeFetchToMem": 2103067767.1928203, "spark.memory.fraction": 0.6168351298860443, "spark.memory.offHeap.enabled": 0.04091134158380499, "spark.memory.offHeap.size": 54.16365243074729, "spark.memory.storageFraction": 0.5197799508468927, "spark.rdd.compress": 0.04668944554370491, "spark.reducer.maxBlocksInFlightPerAddress": 2091777888.3443515, "spark.reducer.maxReqsInFlight": 1270463848.993296, "spark.reducer.maxSizeInFlight": 71.13360726335736, "spark.scheduler.mode": 0.93951662373225, "spark.scheduler.revive.interval": 681.5557783607735, "spark.shuffle.compress": 0.9838055229941133, "spark.shuffle.file.buffer": 38.19625133231949, "spark.shuffle.io.numConnectionsPerPeer": 3.9062962998993878, "spark.shuffle.sort.bypassMergeThreshold": 334.63976368079483, "spark.storage.memoryMapThreshold": 3.875557213616893}, "datetime": {"datetime": "2022-02-19 23:47:44", "elapsed": 7536.946655, "delta": 181.612832}}
{"target": -173.615, "params": {"spark.broadcast.blockSize": 50.70954914838294, "spark.broadcast.checksum": 0.06441186997598627, "spark.broadcast.compress": 0.9673763585108335, "spark.default.parallelism": 234.1016265183658, "spark.executor.cores": 3.9201063238504985, "spark.executor.instances": 4.791289809329726, "spark.executor.memory": 4.927397471643056, "spark.executor.memoryOverhead": 530.9784063339124, "spark.kryoserializer.buffer": 106.0985079362547, "spark.kryoserializer.buffer.max": 96.4101454407254, "spark.locality.wait": 7.56748251219055, "spark.maxRemoteBlockSizeFetchToMem": 2105235804.221807, "spark.memory.fraction": 0.6177984472124888, "spark.memory.offHeap.enabled": 0.04227339195888441, "spark.memory.offHeap.size": 59.59745727406031, "spark.memory.storageFraction": 0.5201233662982525, "spark.rdd.compress": 0.04942347910840213, "spark.reducer.maxBlocksInFlightPerAddress": 2096252072.3198469, "spark.reducer.maxReqsInFlight": 1274098208.1656065, "spark.reducer.maxSizeInFlight": 71.27462234720963, "spark.scheduler.mode": 0.9364401211968928, "spark.scheduler.revive.interval": 678.0889880225087, "spark.shuffle.compress": 0.9866932904838975, "spark.shuffle.file.buffer": 38.215045710221666, "spark.shuffle.io.numConnectionsPerPeer": 3.8887028274390363, "spark.shuffle.sort.bypassMergeThreshold": 333.48262645880726, "spark.storage.memoryMapThreshold": 3.8704587631447858}, "datetime": {"datetime": "2022-02-19 23:50:46", "elapsed": 7719.27706, "delta": 182.330405}}
{"target": -178.906, "params": {"spark.broadcast.blockSize": 50.87207551478744, "spark.broadcast.checksum": 0.07225878694027288, "spark.broadcast.compress": 0.9676148132808622, "spark.default.parallelism": 234.46125828728316, "spark.executor.cores": 3.949840995345811, "spark.executor.instances": 4.790366426363634, "spark.executor.memory": 4.924956562132342, "spark.executor.memoryOverhead": 535.5888928308991, "spark.kryoserializer.buffer": 106.5877484695951, "spark.kryoserializer.buffer.max": 95.90080021884383, "spark.locality.wait": 7.547165835662429, "spark.maxRemoteBlockSizeFetchToMem": 2101245975.6912117, "spark.memory.fraction": 0.617095803474323, "spark.memory.offHeap.enabled": 0.047203655733412286, "spark.memory.offHeap.size": 63.10040033984602, "spark.memory.storageFraction": 0.5209048290781826, "spark.rdd.compress": 0.04718553809891135, "spark.reducer.maxBlocksInFlightPerAddress": 2090082561.1541893, "spark.reducer.maxReqsInFlight": 1276023509.156714, "spark.reducer.maxSizeInFlight": 71.130163031617, "spark.scheduler.mode": 0.9313348316667319, "spark.scheduler.revive.interval": 677.538711286515, "spark.shuffle.compress": 0.9848319171028941, "spark.shuffle.file.buffer": 38.258630219002725, "spark.shuffle.io.numConnectionsPerPeer": 3.8973002045587535, "spark.shuffle.sort.bypassMergeThreshold": 333.84338266326336, "spark.storage.memoryMapThreshold": 3.856101342591543}, "datetime": {"datetime": "2022-02-19 23:53:53", "elapsed": 7906.802742, "delta": 187.525682}}
{"target": -215.692, "params": {"spark.broadcast.blockSize": 50.89582540712561, "spark.broadcast.checksum": 0.06787612682143664, "spark.broadcast.compress": 0.9676195326283918, "spark.default.parallelism": 234.5770133088704, "spark.executor.cores": 3.944594911765124, "spark.executor.instances": 4.76340346058576, "spark.executor.memory": 4.967830339921892, "spark.executor.memoryOverhead": 534.0505119993447, "spark.kryoserializer.buffer": 106.28582156224336, "spark.kryoserializer.buffer.max": 96.65160207137451, "spark.locality.wait": 7.5607028732505634, "spark.maxRemoteBlockSizeFetchToMem": 2103513979.5633032, "spark.memory.fraction": 0.6179941225203132, "spark.memory.offHeap.enabled": 0.04893083658651514, "spark.memory.offHeap.size": 56.22274340838805, "spark.memory.storageFraction": 0.5203087236739771, "spark.rdd.compress": 0.044342796324980074, "spark.reducer.maxBlocksInFlightPerAddress": 2087757013.4999986, "spark.reducer.maxReqsInFlight": 1274123222.3261101, "spark.reducer.maxSizeInFlight": 71.09570791902826, "spark.scheduler.mode": 0.9404961452389274, "spark.scheduler.revive.interval": 677.4638749215989, "spark.shuffle.compress": 0.9849514269745749, "spark.shuffle.file.buffer": 38.04672219575596, "spark.shuffle.io.numConnectionsPerPeer": 3.9115094892457867, "spark.shuffle.sort.bypassMergeThreshold": 334.01345774981326, "spark.storage.memoryMapThreshold": 3.8688744770209715}, "datetime": {"datetime": "2022-02-19 23:57:38", "elapsed": 8130.99353, "delta": 224.190788}}
{"target": -218.212, "params": {"spark.broadcast.blockSize": 51.02399728543563, "spark.broadcast.checksum": 0.07072631539591012, "spark.broadcast.compress": 0.9668551634189854, "spark.default.parallelism": 235.25235410471507, "spark.executor.cores": 3.934009637580428, "spark.executor.instances": 4.7659195044533424, "spark.executor.memory": 4.94876020279727, "spark.executor.memoryOverhead": 532.5316601528591, "spark.kryoserializer.buffer": 106.21219731513517, "spark.kryoserializer.buffer.max": 95.94320020883656, "spark.locality.wait": 7.569529580736894, "spark.maxRemoteBlockSizeFetchToMem": 2106261662.1399894, "spark.memory.fraction": 0.6183383136048964, "spark.memory.offHeap.enabled": 0.046340321776189866, "spark.memory.offHeap.size": 55.3087020219585, "spark.memory.storageFraction": 0.5197690920268019, "spark.rdd.compress": 0.04918527427596001, "spark.reducer.maxBlocksInFlightPerAddress": 2091483610.618822, "spark.reducer.maxReqsInFlight": 1274843620.0130057, "spark.reducer.maxSizeInFlight": 71.29357954785795, "spark.scheduler.mode": 0.9393938534029427, "spark.scheduler.revive.interval": 678.930311502755, "spark.shuffle.compress": 0.9903741064880522, "spark.shuffle.file.buffer": 38.08436172295032, "spark.shuffle.io.numConnectionsPerPeer": 3.900193041027599, "spark.shuffle.sort.bypassMergeThreshold": 333.678114948416, "spark.storage.memoryMapThreshold": 3.864557558115294}, "datetime": {"datetime": "2022-02-20 00:01:24", "elapsed": 8357.804795, "delta": 226.811265}}
{"target": -207.41, "params": {"spark.broadcast.blockSize": 50.97276067810559, "spark.broadcast.checksum": 0.06942286125218312, "spark.broadcast.compress": 0.9658560331699535, "spark.default.parallelism": 234.77058813199025, "spark.executor.cores": 3.9305212701901255, "spark.executor.instances": 4.788248292816442, "spark.executor.memory": 4.958656887968762, "spark.executor.memoryOverhead": 532.3519497838109, "spark.kryoserializer.buffer": 106.16473192304971, "spark.kryoserializer.buffer.max": 96.32177339942713, "spark.locality.wait": 7.554465386597778, "spark.maxRemoteBlockSizeFetchToMem": 2101026587.031342, "spark.memory.fraction": 0.6181813239519139, "spark.memory.offHeap.enabled": 0.04619344694524023, "spark.memory.offHeap.size": 56.65184682414575, "spark.memory.storageFraction": 0.5195583158420769, "spark.rdd.compress": 0.047157191232649366, "spark.reducer.maxBlocksInFlightPerAddress": 2087570339.1704576, "spark.reducer.maxReqsInFlight": 1269526662.6106584, "spark.reducer.maxSizeInFlight": 71.44960581964644, "spark.scheduler.mode": 0.9320417286762844, "spark.scheduler.revive.interval": 677.3691387568759, "spark.shuffle.compress": 0.9850035046958905, "spark.shuffle.file.buffer": 38.22405420411766, "spark.shuffle.io.numConnectionsPerPeer": 3.906743784617843, "spark.shuffle.sort.bypassMergeThreshold": 333.9574662715707, "spark.storage.memoryMapThreshold": 3.8630479660266603}, "datetime": {"datetime": "2022-02-20 00:05:00", "elapsed": 8573.879828, "delta": 216.075033}}
{"target": -220.344, "params": {"spark.broadcast.blockSize": 50.965146096374504, "spark.broadcast.checksum": 0.07509149985499669, "spark.broadcast.compress": 0.9674870932726736, "spark.default.parallelism": 234.081791263605, "spark.executor.cores": 3.9427277421403026, "spark.executor.instances": 4.780900341861751, "spark.executor.memory": 4.945450515855753, "spark.executor.memoryOverhead": 534.0255483341664, "spark.kryoserializer.buffer": 106.10288882413742, "spark.kryoserializer.buffer.max": 96.14422276888511, "spark.locality.wait": 7.587817282754084, "spark.maxRemoteBlockSizeFetchToMem": 2101121619.596608, "spark.memory.fraction": 0.618991731269861, "spark.memory.offHeap.enabled": 0.04711105984391162, "spark.memory.offHeap.size": 60.82326399478056, "spark.memory.storageFraction": 0.5192409164561609, "spark.rdd.compress": 0.048902203228264274, "spark.reducer.maxBlocksInFlightPerAddress": 2090826994.0586064, "spark.reducer.maxReqsInFlight": 1272534558.859772, "spark.reducer.maxSizeInFlight": 71.30079661194719, "spark.scheduler.mode": 0.9382289793925317, "spark.scheduler.revive.interval": 675.545773960092, "spark.shuffle.compress": 0.9902423660747166, "spark.shuffle.file.buffer": 38.16860710013742, "spark.shuffle.io.numConnectionsPerPeer": 3.908677976645218, "spark.shuffle.sort.bypassMergeThreshold": 334.40648505128223, "spark.storage.memoryMapThreshold": 3.8567649958793395}, "datetime": {"datetime": "2022-02-20 00:08:50", "elapsed": 8803.1151, "delta": 229.235272}}
{"target": -173.068, "params": {"spark.broadcast.blockSize": 50.967260494324854, "spark.broadcast.checksum": 0.07202784254372906, "spark.broadcast.compress": 0.965010030186423, "spark.default.parallelism": 234.99008129030958, "spark.executor.cores": 3.942732838003976, "spark.executor.instances": 4.775212693624673, "spark.executor.memory": 4.949674795244382, "spark.executor.memoryOverhead": 534.3090299327823, "spark.kryoserializer.buffer": 106.26344029855322, "spark.kryoserializer.buffer.max": 96.51553531311076, "spark.locality.wait": 7.579696806013982, "spark.maxRemoteBlockSizeFetchToMem": 2103534927.4302487, "spark.memory.fraction": 0.618350120889818, "spark.memory.offHeap.enabled": 0.046481920080522876, "spark.memory.offHeap.size": 58.315892253952754, "spark.memory.storageFraction": 0.5197812892754416, "spark.rdd.compress": 0.04584922418245608, "spark.reducer.maxBlocksInFlightPerAddress": 2088864675.2354498, "spark.reducer.maxReqsInFlight": 1272218892.4558835, "spark.reducer.maxSizeInFlight": 71.10602167576921, "spark.scheduler.mode": 0.9343862160304758, "spark.scheduler.revive.interval": 677.3774064787885, "spark.shuffle.compress": 0.9901355151649348, "spark.shuffle.file.buffer": 38.25084911352157, "spark.shuffle.io.numConnectionsPerPeer": 3.906964169708608, "spark.shuffle.sort.bypassMergeThreshold": 334.05580607014366, "spark.storage.memoryMapThreshold": 3.870844395585168}, "datetime": {"datetime": "2022-02-20 00:11:52", "elapsed": 8984.962234, "delta": 181.847134}}
