{"target": -172.458, "params": {"spark.broadcast.blockSize": 51.0, "spark.broadcast.checksum": 0.0, "spark.broadcast.compress": 1.0, "spark.default.parallelism": 221.0, "spark.executor.cores": 4.0, "spark.executor.instances": 5.0, "spark.executor.memory": 5.0, "spark.executor.memoryOverhead": 533.0, "spark.kryoserializer.buffer": 108.0, "spark.kryoserializer.buffer.max": 95.0, "spark.locality.wait": 8.0, "spark.maxRemoteBlockSizeFetchToMem": 2066297949.0, "spark.memory.fraction": 0.61, "spark.memory.offHeap.enabled": 0.0, "spark.memory.offHeap.size": 63.0, "spark.memory.storageFraction": 0.53, "spark.rdd.compress": 0.0, "spark.reducer.maxBlocksInFlightPerAddress": 2049634449.0, "spark.reducer.maxReqsInFlight": 1261406683.0, "spark.reducer.maxSizeInFlight": 67.0, "spark.scheduler.mode": 1.0, "spark.scheduler.revive.interval": 672.0, "spark.shuffle.compress": 1.0, "spark.shuffle.file.buffer": 35.0, "spark.shuffle.io.numConnectionsPerPeer": 4.0, "spark.shuffle.sort.bypassMergeThreshold": 335.0, "spark.storage.memoryMapThreshold": 4.0}, "datetime": {"datetime": "2022-02-19 21:42:07", "elapsed": 0.0, "delta": 0.0}}
{"target": -224.205, "params": {"spark.broadcast.blockSize": 47.0, "spark.broadcast.checksum": 0.0, "spark.broadcast.compress": 0.0, "spark.default.parallelism": 405.0, "spark.executor.cores": 2.0, "spark.executor.instances": 8.0, "spark.executor.memory": 6.0, "spark.executor.memoryOverhead": 399.0, "spark.kryoserializer.buffer": 80.0, "spark.kryoserializer.buffer.max": 97.0, "spark.locality.wait": 8.0, "spark.maxRemoteBlockSizeFetchToMem": 1567387014.0, "spark.memory.fraction": 0.54, "spark.memory.offHeap.enabled": 1.0, "spark.memory.offHeap.size": 290.0, "spark.memory.storageFraction": 0.54, "spark.rdd.compress": 1.0, "spark.reducer.maxBlocksInFlightPerAddress": 1104132623.0, "spark.reducer.maxReqsInFlight": 1519094072.0, "spark.reducer.maxSizeInFlight": 56.0, "spark.scheduler.mode": 0.0, "spark.scheduler.revive.interval": 995.0, "spark.shuffle.compress": 0.0, "spark.shuffle.file.buffer": 45.0, "spark.shuffle.io.numConnectionsPerPeer": 3.0, "spark.shuffle.sort.bypassMergeThreshold": 153.0, "spark.storage.memoryMapThreshold": 3.0}, "datetime": {"datetime": "2022-02-19 21:42:07", "elapsed": 0.000458, "delta": 0.000458}}
{"target": -366.089, "params": {"spark.broadcast.blockSize": 62.0, "spark.broadcast.checksum": 1.0, "spark.broadcast.compress": 0.0, "spark.default.parallelism": 418.0, "spark.executor.cores": 1.0, "spark.executor.instances": 6.0, "spark.executor.memory": 3.0, "spark.executor.memoryOverhead": 820.0, "spark.kryoserializer.buffer": 38.0, "spark.kryoserializer.buffer.max": 116.0, "spark.locality.wait": 4.0, "spark.maxRemoteBlockSizeFetchToMem": 1938268315.0, "spark.memory.fraction": 0.68, "spark.memory.offHeap.enabled": 1.0, "spark.memory.offHeap.size": 83.0, "spark.memory.storageFraction": 0.65, "spark.rdd.compress": 1.0, "spark.reducer.maxBlocksInFlightPerAddress": 1735223372.0, "spark.reducer.maxReqsInFlight": 1075117171.0, "spark.reducer.maxSizeInFlight": 30.0, "spark.scheduler.mode": 1.0, "spark.scheduler.revive.interval": 708.0, "spark.shuffle.compress": 0.0, "spark.shuffle.file.buffer": 16.0, "spark.shuffle.io.numConnectionsPerPeer": 1.0, "spark.shuffle.sort.bypassMergeThreshold": 348.0, "spark.storage.memoryMapThreshold": 3.0}, "datetime": {"datetime": "2022-02-19 21:42:07", "elapsed": 0.00069, "delta": 0.000232}}
{"target": -223.146, "params": {"spark.broadcast.blockSize": 51.0, "spark.broadcast.checksum": 0.0, "spark.broadcast.compress": 1.0, "spark.default.parallelism": 223.0, "spark.executor.cores": 4.0, "spark.executor.instances": 5.0, "spark.executor.memory": 5.0, "spark.executor.memoryOverhead": 530.0, "spark.kryoserializer.buffer": 110.0, "spark.kryoserializer.buffer.max": 93.0, "spark.locality.wait": 8.0, "spark.maxRemoteBlockSizeFetchToMem": 2077775104.0, "spark.memory.fraction": 0.6000000238418579, "spark.memory.offHeap.enabled": 0.0, "spark.memory.offHeap.size": 66.0, "spark.memory.storageFraction": 0.5199999809265137, "spark.rdd.compress": 0.0, "spark.reducer.maxBlocksInFlightPerAddress": 2068097280.0, "spark.reducer.maxReqsInFlight": 1299375616.0, "spark.reducer.maxSizeInFlight": 68.0, "spark.scheduler.mode": 1.0, "spark.scheduler.revive.interval": 671.0, "spark.shuffle.compress": 1.0, "spark.shuffle.file.buffer": 37.0, "spark.shuffle.io.numConnectionsPerPeer": 4.0, "spark.shuffle.sort.bypassMergeThreshold": 337.0, "spark.storage.memoryMapThreshold": 4.0}, "datetime": {"datetime": "2022-02-19 21:42:07", "elapsed": 0.000904, "delta": 0.000214}}
{"target": -175.051, "params": {"spark.broadcast.blockSize": 51.0, "spark.broadcast.checksum": 0.0, "spark.broadcast.compress": 1.0, "spark.default.parallelism": 218.0, "spark.executor.cores": 4.0, "spark.executor.instances": 5.0, "spark.executor.memory": 5.0, "spark.executor.memoryOverhead": 532.0, "spark.kryoserializer.buffer": 113.0, "spark.kryoserializer.buffer.max": 88.0, "spark.locality.wait": 8.0, "spark.maxRemoteBlockSizeFetchToMem": 2082377216.0, "spark.memory.fraction": 0.6000000238418579, "spark.memory.offHeap.enabled": 0.0, "spark.memory.offHeap.size": 47.0, "spark.memory.storageFraction": 0.5199999809265137, "spark.rdd.compress": 0.0, "spark.reducer.maxBlocksInFlightPerAddress": 2097264128.0, "spark.reducer.maxReqsInFlight": 1275115264.0, "spark.reducer.maxSizeInFlight": 69.0, "spark.scheduler.mode": 1.0, "spark.scheduler.revive.interval": 672.0, "spark.shuffle.compress": 1.0, "spark.shuffle.file.buffer": 36.0, "spark.shuffle.io.numConnectionsPerPeer": 4.0, "spark.shuffle.sort.bypassMergeThreshold": 346.0, "spark.storage.memoryMapThreshold": 4.0}, "datetime": {"datetime": "2022-02-19 21:42:07", "elapsed": 0.001132, "delta": 0.000228}}
{"target": -100000.0, "params": {"spark.broadcast.blockSize": 51.0, "spark.broadcast.checksum": 0.0, "spark.broadcast.compress": 1.0, "spark.default.parallelism": 200.0, "spark.executor.cores": 4.0, "spark.executor.instances": 5.0, "spark.executor.memory": 5.0, "spark.executor.memoryOverhead": 505.0, "spark.kryoserializer.buffer": 124.0, "spark.kryoserializer.buffer.max": 96.0, "spark.locality.wait": 9.0, "spark.maxRemoteBlockSizeFetchToMem": 2147483136.0, "spark.memory.fraction": 0.5799999833106995, "spark.memory.offHeap.enabled": 0.0, "spark.memory.offHeap.size": 47.0, "spark.memory.storageFraction": 0.5, "spark.rdd.compress": 0.0, "spark.reducer.maxBlocksInFlightPerAddress": 2147483648.0, "spark.reducer.maxReqsInFlight": 1103282560.0, "spark.reducer.maxSizeInFlight": 72.0, "spark.scheduler.mode": 1.0, "spark.scheduler.revive.interval": 634.0, "spark.shuffle.compress": 1.0, "spark.shuffle.file.buffer": 36.0, "spark.shuffle.io.numConnectionsPerPeer": 5.0, "spark.shuffle.sort.bypassMergeThreshold": 350.0, "spark.storage.memoryMapThreshold": 4.0}, "datetime": {"datetime": "2022-02-19 21:42:07", "elapsed": 0.001346, "delta": 0.000214}}
{"target": -223.982, "params": {"spark.broadcast.blockSize": 50.0, "spark.broadcast.checksum": 0.0, "spark.broadcast.compress": 1.0, "spark.default.parallelism": 219.0, "spark.executor.cores": 4.0, "spark.executor.instances": 5.0, "spark.executor.memory": 5.0, "spark.executor.memoryOverhead": 535.0, "spark.kryoserializer.buffer": 113.0, "spark.kryoserializer.buffer.max": 96.0, "spark.locality.wait": 8.0, "spark.maxRemoteBlockSizeFetchToMem": 2082964480.0, "spark.memory.fraction": 0.6100000143051147, "spark.memory.offHeap.enabled": 0.0, "spark.memory.offHeap.size": 58.0, "spark.memory.storageFraction": 0.5199999809265137, "spark.rdd.compress": 0.0, "spark.reducer.maxBlocksInFlightPerAddress": 2071998592.0, "spark.reducer.maxReqsInFlight": 1271692288.0, "spark.reducer.maxSizeInFlight": 69.0, "spark.scheduler.mode": 1.0, "spark.scheduler.revive.interval": 670.0, "spark.shuffle.compress": 1.0, "spark.shuffle.file.buffer": 35.0, "spark.shuffle.io.numConnectionsPerPeer": 4.0, "spark.shuffle.sort.bypassMergeThreshold": 332.0, "spark.storage.memoryMapThreshold": 4.0}, "datetime": {"datetime": "2022-02-19 21:42:07", "elapsed": 0.001553, "delta": 0.000207}}
{"target": -224.47, "params": {"spark.broadcast.blockSize": 51.0, "spark.broadcast.checksum": 0.0, "spark.broadcast.compress": 1.0, "spark.default.parallelism": 231.0, "spark.executor.cores": 4.0, "spark.executor.instances": 5.0, "spark.executor.memory": 5.0, "spark.executor.memoryOverhead": 520.0, "spark.kryoserializer.buffer": 104.0, "spark.kryoserializer.buffer.max": 95.0, "spark.locality.wait": 8.0, "spark.maxRemoteBlockSizeFetchToMem": 1993291520.0, "spark.memory.fraction": 0.6299999952316284, "spark.memory.offHeap.enabled": 0.0, "spark.memory.offHeap.size": 79.0, "spark.memory.storageFraction": 0.5199999809265137, "spark.rdd.compress": 0.0, "spark.reducer.maxBlocksInFlightPerAddress": 2041296256.0, "spark.reducer.maxReqsInFlight": 1278027264.0, "spark.reducer.maxSizeInFlight": 63.0, "spark.scheduler.mode": 1.0, "spark.scheduler.revive.interval": 681.0, "spark.shuffle.compress": 1.0, "spark.shuffle.file.buffer": 35.0, "spark.shuffle.io.numConnectionsPerPeer": 4.0, "spark.shuffle.sort.bypassMergeThreshold": 322.0, "spark.storage.memoryMapThreshold": 4.0}, "datetime": {"datetime": "2022-02-19 21:42:07", "elapsed": 0.001764, "delta": 0.000211}}
{"target": -211.682, "params": {"spark.broadcast.blockSize": 50.0, "spark.broadcast.checksum": 0.0, "spark.broadcast.compress": 1.0, "spark.default.parallelism": 276.0, "spark.executor.cores": 3.0, "spark.executor.instances": 6.0, "spark.executor.memory": 5.0, "spark.executor.memoryOverhead": 553.0, "spark.kryoserializer.buffer": 94.0, "spark.kryoserializer.buffer.max": 85.0, "spark.locality.wait": 8.0, "spark.maxRemoteBlockSizeFetchToMem": 1917294336.0, "spark.memory.fraction": 0.6499999761581421, "spark.memory.offHeap.enabled": 0.0, "spark.memory.offHeap.size": 79.0, "spark.memory.storageFraction": 0.6499999761581421, "spark.rdd.compress": 0.0, "spark.reducer.maxBlocksInFlightPerAddress": 1817828352.0, "spark.reducer.maxReqsInFlight": 1389643392.0, "spark.reducer.maxSizeInFlight": 54.0, "spark.scheduler.mode": 1.0, "spark.scheduler.revive.interval": 675.0, "spark.shuffle.compress": 1.0, "spark.shuffle.file.buffer": 35.0, "spark.shuffle.io.numConnectionsPerPeer": 4.0, "spark.shuffle.sort.bypassMergeThreshold": 284.0, "spark.storage.memoryMapThreshold": 3.0}, "datetime": {"datetime": "2022-02-19 21:42:07", "elapsed": 0.002006, "delta": 0.000242}}
{"target": -378.424, "params": {"spark.broadcast.blockSize": 36.0, "spark.broadcast.checksum": 0.0, "spark.broadcast.compress": 0.0, "spark.default.parallelism": 495.0, "spark.executor.cores": 1.0, "spark.executor.instances": 6.0, "spark.executor.memory": 5.0, "spark.executor.memoryOverhead": 635.0, "spark.kryoserializer.buffer": 87.0, "spark.kryoserializer.buffer.max": 47.0, "spark.locality.wait": 4.0, "spark.maxRemoteBlockSizeFetchToMem": 1979189443.0, "spark.memory.fraction": 0.75, "spark.memory.offHeap.enabled": 1.0, "spark.memory.offHeap.size": 974.0, "spark.memory.storageFraction": 0.53, "spark.rdd.compress": 1.0, "spark.reducer.maxBlocksInFlightPerAddress": 1281336765.0, "spark.reducer.maxReqsInFlight": 1759321716.0, "spark.reducer.maxSizeInFlight": 63.0, "spark.scheduler.mode": 1.0, "spark.scheduler.revive.interval": 906.0, "spark.shuffle.compress": 1.0, "spark.shuffle.file.buffer": 30.0, "spark.shuffle.io.numConnectionsPerPeer": 2.0, "spark.shuffle.sort.bypassMergeThreshold": 311.0, "spark.storage.memoryMapThreshold": 1.0}, "datetime": {"datetime": "2022-02-19 21:42:07", "elapsed": 0.002243, "delta": 0.000237}}
{"target": -204.288, "params": {"spark.broadcast.blockSize": 43.0, "spark.broadcast.checksum": 0.0, "spark.broadcast.compress": 1.0, "spark.default.parallelism": 444.0, "spark.executor.cores": 3.0, "spark.executor.instances": 6.0, "spark.executor.memory": 7.0, "spark.executor.memoryOverhead": 730.0, "spark.kryoserializer.buffer": 37.0, "spark.kryoserializer.buffer.max": 95.0, "spark.locality.wait": 6.0, "spark.maxRemoteBlockSizeFetchToMem": 1406045214.0, "spark.memory.fraction": 0.74, "spark.memory.offHeap.enabled": 0.0, "spark.memory.offHeap.size": 968.0, "spark.memory.storageFraction": 0.62, "spark.rdd.compress": 0.0, "spark.reducer.maxBlocksInFlightPerAddress": 1535873421.0, "spark.reducer.maxReqsInFlight": 1665737558.0, "spark.reducer.maxSizeInFlight": 37.0, "spark.scheduler.mode": 1.0, "spark.scheduler.revive.interval": 613.0, "spark.shuffle.compress": 0.0, "spark.shuffle.file.buffer": 18.0, "spark.shuffle.io.numConnectionsPerPeer": 1.0, "spark.shuffle.sort.bypassMergeThreshold": 291.0, "spark.storage.memoryMapThreshold": 3.0}, "datetime": {"datetime": "2022-02-19 21:42:07", "elapsed": 0.002473, "delta": 0.00023}}
{"target": -229.653, "params": {"spark.broadcast.blockSize": 39.0, "spark.broadcast.checksum": 1.0, "spark.broadcast.compress": 1.0, "spark.default.parallelism": 493.0, "spark.executor.cores": 4.0, "spark.executor.instances": 4.0, "spark.executor.memory": 4.0, "spark.executor.memoryOverhead": 856.0, "spark.kryoserializer.buffer": 96.0, "spark.kryoserializer.buffer.max": 57.0, "spark.locality.wait": 6.0, "spark.maxRemoteBlockSizeFetchToMem": 1486204388.0, "spark.memory.fraction": 0.81, "spark.memory.offHeap.enabled": 0.0, "spark.memory.offHeap.size": 640.0, "spark.memory.storageFraction": 0.62, "spark.rdd.compress": 0.0, "spark.reducer.maxBlocksInFlightPerAddress": 1372307375.0, "spark.reducer.maxReqsInFlight": 1843720180.0, "spark.reducer.maxSizeInFlight": 30.0, "spark.scheduler.mode": 0.0, "spark.scheduler.revive.interval": 669.0, "spark.shuffle.compress": 1.0, "spark.shuffle.file.buffer": 18.0, "spark.shuffle.io.numConnectionsPerPeer": 3.0, "spark.shuffle.sort.bypassMergeThreshold": 341.0, "spark.storage.memoryMapThreshold": 2.0}, "datetime": {"datetime": "2022-02-19 21:42:07", "elapsed": 0.002714, "delta": 0.000241}}
{"target": -195.389, "params": {"spark.broadcast.blockSize": 41.61023237552793, "spark.broadcast.checksum": 0.3334779529633184, "spark.broadcast.compress": 0.5935894412688699, "spark.default.parallelism": 341.24802052013837, "spark.executor.cores": 2.771041151377635, "spark.executor.instances": 6.058637382139876, "spark.executor.memory": 5.64034187456625, "spark.executor.memoryOverhead": 659.9201590132398, "spark.kryoserializer.buffer": 65.87205323229813, "spark.kryoserializer.buffer.max": 67.18449606946342, "spark.locality.wait": 7.551483869343676, "spark.maxRemoteBlockSizeFetchToMem": 2119847783.1022735, "spark.memory.fraction": 0.6162548854396342, "spark.memory.offHeap.enabled": 0.24444972308921586, "spark.memory.offHeap.size": 78.8330880881482, "spark.memory.storageFraction": 0.6637137687688482, "spark.rdd.compress": 0.04379435710099622, "spark.reducer.maxBlocksInFlightPerAddress": 1600672124.0132568, "spark.reducer.maxReqsInFlight": 2011344951.4356527, "spark.reducer.maxSizeInFlight": 61.37944400358094, "spark.scheduler.mode": 0.6163844307306727, "spark.scheduler.revive.interval": 568.5238345593191, "spark.shuffle.compress": 0.3503685712255744, "spark.shuffle.file.buffer": 31.34493259895357, "spark.shuffle.io.numConnectionsPerPeer": 2.4510169445244934, "spark.shuffle.sort.bypassMergeThreshold": 232.5135242271842, "spark.storage.memoryMapThreshold": 2.750661818868573}, "datetime": {"datetime": "2022-02-19 21:45:30", "elapsed": 203.873548, "delta": 203.870834}}
{"target": -219.319, "params": {"spark.broadcast.blockSize": 55.522883659491576, "spark.broadcast.checksum": 0.024412264984330544, "spark.broadcast.compress": 0.9180283732813987, "spark.default.parallelism": 242.71125946209796, "spark.executor.cores": 3.4748737947655797, "spark.executor.instances": 6.278333966662391, "spark.executor.memory": 5.185460921617805, "spark.executor.memoryOverhead": 523.5058394973503, "spark.kryoserializer.buffer": 104.43184499894545, "spark.kryoserializer.buffer.max": 73.85345468348744, "spark.locality.wait": 9.03889178547266, "spark.maxRemoteBlockSizeFetchToMem": 1886452513.7924807, "spark.memory.fraction": 0.654124783944005, "spark.memory.offHeap.enabled": 0.19667352710920277, "spark.memory.offHeap.size": 224.02820499384762, "spark.memory.storageFraction": 0.5449524763825302, "spark.rdd.compress": 0.06311955023380703, "spark.reducer.maxBlocksInFlightPerAddress": 1982305253.2458086, "spark.reducer.maxReqsInFlight": 1378699231.581141, "spark.reducer.maxSizeInFlight": 66.86202366431485, "spark.scheduler.mode": 0.8641386577652147, "spark.scheduler.revive.interval": 755.5884437473841, "spark.shuffle.compress": 0.8005905389112187, "spark.shuffle.file.buffer": 40.35813973091906, "spark.shuffle.io.numConnectionsPerPeer": 4.207273477296989, "spark.shuffle.sort.bypassMergeThreshold": 271.7694785073951, "spark.storage.memoryMapThreshold": 3.6150623777102395}, "datetime": {"datetime": "2022-02-19 21:49:18", "elapsed": 431.816262, "delta": 227.942714}}
{"target": -198.909, "params": {"spark.broadcast.blockSize": 55.83576633077796, "spark.broadcast.checksum": 0.2231355262272191, "spark.broadcast.compress": 0.9085841181518495, "spark.default.parallelism": 249.94829639465797, "spark.executor.cores": 3.482102482609869, "spark.executor.instances": 5.579323074976381, "spark.executor.memory": 5.7819312133198535, "spark.executor.memoryOverhead": 527.9661523769253, "spark.kryoserializer.buffer": 98.38904816530227, "spark.kryoserializer.buffer.max": 71.2997164109964, "spark.locality.wait": 8.27711103522067, "spark.maxRemoteBlockSizeFetchToMem": 1851315598.7408981, "spark.memory.fraction": 0.7290677359150632, "spark.memory.offHeap.enabled": 0.19215581984517832, "spark.memory.offHeap.size": 106.59847680730138, "spark.memory.storageFraction": 0.5120074682328422, "spark.rdd.compress": 0.043948028690169685, "spark.reducer.maxBlocksInFlightPerAddress": 2058861742.0228791, "spark.reducer.maxReqsInFlight": 1278894482.392554, "spark.reducer.maxSizeInFlight": 60.57101220207886, "spark.scheduler.mode": 0.9100074333784284, "spark.scheduler.revive.interval": 675.023304765119, "spark.shuffle.compress": 0.864312128319468, "spark.shuffle.file.buffer": 41.59430674452539, "spark.shuffle.io.numConnectionsPerPeer": 4.627350235304796, "spark.shuffle.sort.bypassMergeThreshold": 311.235915358708, "spark.storage.memoryMapThreshold": 3.678136741603755}, "datetime": {"datetime": "2022-02-19 21:52:46", "elapsed": 639.605359, "delta": 207.789097}}
{"target": -181.096, "params": {"spark.broadcast.blockSize": 49.6840546055561, "spark.broadcast.checksum": 0.01296741707414902, "spark.broadcast.compress": 0.8808458630879447, "spark.default.parallelism": 249.6975597949391, "spark.executor.cores": 3.672726720924037, "spark.executor.instances": 5.848171362528645, "spark.executor.memory": 4.7099744608942995, "spark.executor.memoryOverhead": 501.49234059590503, "spark.kryoserializer.buffer": 114.49085334709895, "spark.kryoserializer.buffer.max": 100.06997602232283, "spark.locality.wait": 7.360500873750892, "spark.maxRemoteBlockSizeFetchToMem": 1904579212.0294871, "spark.memory.fraction": 0.6427080709867633, "spark.memory.offHeap.enabled": 0.11335359096839814, "spark.memory.offHeap.size": 261.81332307219793, "spark.memory.storageFraction": 0.5493915136024746, "spark.rdd.compress": 0.07463357090275662, "spark.reducer.maxBlocksInFlightPerAddress": 1876103692.8371854, "spark.reducer.maxReqsInFlight": 1519191395.0139523, "spark.reducer.maxSizeInFlight": 69.0241607257949, "spark.scheduler.mode": 0.9563686406674594, "spark.scheduler.revive.interval": 723.153391619218, "spark.shuffle.compress": 0.8899285947621551, "spark.shuffle.file.buffer": 35.381209922779995, "spark.shuffle.io.numConnectionsPerPeer": 3.9854106848723223, "spark.shuffle.sort.bypassMergeThreshold": 297.3741880716091, "spark.storage.memoryMapThreshold": 3.581441224709252}, "datetime": {"datetime": "2022-02-19 21:56:03", "elapsed": 836.251571, "delta": 196.646212}}
{"target": -179.602, "params": {"spark.broadcast.blockSize": 48.438320439439124, "spark.broadcast.checksum": 0.061624939188783985, "spark.broadcast.compress": 0.9542093092866556, "spark.default.parallelism": 222.13153905696657, "spark.executor.cores": 3.7140292799375088, "spark.executor.instances": 5.5431065682923535, "spark.executor.memory": 5.512495874457688, "spark.executor.memoryOverhead": 459.16020849857136, "spark.kryoserializer.buffer": 108.87250892752698, "spark.kryoserializer.buffer.max": 95.7181229438711, "spark.locality.wait": 7.553006038241897, "spark.maxRemoteBlockSizeFetchToMem": 2021924582.41454, "spark.memory.fraction": 0.5865332982579679, "spark.memory.offHeap.enabled": 0.10182204609323896, "spark.memory.offHeap.size": 163.3456126726975, "spark.memory.storageFraction": 0.5500297817661387, "spark.rdd.compress": 0.10339102306603988, "spark.reducer.maxBlocksInFlightPerAddress": 2120024804.1633987, "spark.reducer.maxReqsInFlight": 1557215060.9456325, "spark.reducer.maxSizeInFlight": 68.41835497994704, "spark.scheduler.mode": 0.9352689215452371, "spark.scheduler.revive.interval": 620.7843559038881, "spark.shuffle.compress": 0.9568782694856875, "spark.shuffle.file.buffer": 36.224465394107135, "spark.shuffle.io.numConnectionsPerPeer": 3.93048948754127, "spark.shuffle.sort.bypassMergeThreshold": 303.64777035692674, "spark.storage.memoryMapThreshold": 3.509305409616576}, "datetime": {"datetime": "2022-02-19 21:59:11", "elapsed": 1024.228962, "delta": 187.977391}}
