{"target": -223.174, "params": {"spark.broadcast.blockSize": 56.588753142964, "spark.broadcast.checksum": 0.12414407697144811, "spark.broadcast.compress": 0.9632043521115091, "spark.default.parallelism": 247.55715957420182, "spark.executor.cores": 3.8509383018847014, "spark.executor.instances": 4.537707369663413, "spark.executor.memory": 5.066085656131569, "spark.executor.memoryOverhead": 413.87602929851937, "spark.kryoserializer.buffer": 111.39223512588904, "spark.kryoserializer.buffer.max": 109.39617234951686, "spark.locality.wait": 6.891003280038859, "spark.maxRemoteBlockSizeFetchToMem": 2015921163.0359344, "spark.memory.fraction": 0.5957114204363266, "spark.memory.offHeap.enabled": 0.10870550260166648, "spark.memory.offHeap.size": 138.3293191382578, "spark.memory.storageFraction": 0.5144640924096425, "spark.rdd.compress": 0.1399484135254525, "spark.reducer.maxBlocksInFlightPerAddress": 2113333601.3793473, "spark.reducer.maxReqsInFlight": 1405661754.5523634, "spark.reducer.maxSizeInFlight": 63.08258967087843, "spark.scheduler.mode": 0.9814765818342771, "spark.scheduler.revive.interval": 671.6309480813409, "spark.shuffle.compress": 0.9165816342739521, "spark.shuffle.file.buffer": 32.819743360052335, "spark.shuffle.io.numConnectionsPerPeer": 3.560740008334521, "spark.shuffle.sort.bypassMergeThreshold": 322.9401221649149, "spark.storage.memoryMapThreshold": 3.7225594468980407}, "datetime": {"datetime": "2022-02-19 22:03:03", "elapsed": 1256.117999, "delta": 231.889037}}
{"target": -217.516, "params": {"spark.broadcast.blockSize": 48.85803370789378, "spark.broadcast.checksum": 0.1253495502461229, "spark.broadcast.compress": 0.8974356944617721, "spark.default.parallelism": 238.38686327154912, "spark.executor.cores": 3.7456089775777386, "spark.executor.instances": 5.44124181609571, "spark.executor.memory": 4.480319876412344, "spark.executor.memoryOverhead": 581.3044185484022, "spark.kryoserializer.buffer": 119.67538045781146, "spark.kryoserializer.buffer.max": 101.17055887276254, "spark.locality.wait": 8.426000482639031, "spark.maxRemoteBlockSizeFetchToMem": 2092891031.405312, "spark.memory.fraction": 0.5564496919454757, "spark.memory.offHeap.enabled": 0.12093254906049707, "spark.memory.offHeap.size": 151.18090617379295, "spark.memory.storageFraction": 0.5279069913107358, "spark.rdd.compress": 0.07169433337914521, "spark.reducer.maxBlocksInFlightPerAddress": 1964759299.909178, "spark.reducer.maxReqsInFlight": 1368889513.4555829, "spark.reducer.maxSizeInFlight": 64.61710973904316, "spark.scheduler.mode": 0.9538203332414724, "spark.scheduler.revive.interval": 690.35036157389, "spark.shuffle.compress": 0.9139550206405839, "spark.shuffle.file.buffer": 40.701069644359485, "spark.shuffle.io.numConnectionsPerPeer": 3.388697070779583, "spark.shuffle.sort.bypassMergeThreshold": 329.6768426070112, "spark.storage.memoryMapThreshold": 3.612591968606447}, "datetime": {"datetime": "2022-02-19 22:06:49", "elapsed": 1482.294625, "delta": 226.176626}}
{"target": -177.162, "params": {"spark.broadcast.blockSize": 52.80254633051234, "spark.broadcast.checksum": 0.12175327575040974, "spark.broadcast.compress": 0.9123917511771302, "spark.default.parallelism": 227.13107494745194, "spark.executor.cores": 3.7028283017534713, "spark.executor.instances": 5.07049387118597, "spark.executor.memory": 4.667036697910371, "spark.executor.memoryOverhead": 508.08175029373126, "spark.kryoserializer.buffer": 121.76643450284644, "spark.kryoserializer.buffer.max": 104.82750021880474, "spark.locality.wait": 7.394606324479789, "spark.maxRemoteBlockSizeFetchToMem": 1945577254.1105433, "spark.memory.fraction": 0.608929623301693, "spark.memory.offHeap.enabled": 0.05715217618682253, "spark.memory.offHeap.size": 48.171547072874475, "spark.memory.storageFraction": 0.5284602500521489, "spark.rdd.compress": 0.07757026514570974, "spark.reducer.maxBlocksInFlightPerAddress": 2014583761.7500443, "spark.reducer.maxReqsInFlight": 1285122417.6845818, "spark.reducer.maxSizeInFlight": 71.73500591707571, "spark.scheduler.mode": 0.8882480152804628, "spark.scheduler.revive.interval": 710.2535371832022, "spark.shuffle.compress": 0.8636643199210794, "spark.shuffle.file.buffer": 37.238291378945036, "spark.shuffle.io.numConnectionsPerPeer": 3.7500988152880645, "spark.shuffle.sort.bypassMergeThreshold": 311.7068471080667, "spark.storage.memoryMapThreshold": 3.551887705186714}, "datetime": {"datetime": "2022-02-19 22:09:55", "elapsed": 1668.285539, "delta": 185.990914}}
{"target": -214.714, "params": {"spark.broadcast.blockSize": 51.74185032155509, "spark.broadcast.checksum": 0.10990458391380963, "spark.broadcast.compress": 0.9329270131787306, "spark.default.parallelism": 226.88039614081106, "spark.executor.cores": 3.800685192591614, "spark.executor.instances": 4.909693574119018, "spark.executor.memory": 5.265161649852478, "spark.executor.memoryOverhead": 488.5873586867303, "spark.kryoserializer.buffer": 110.1946652928579, "spark.kryoserializer.buffer.max": 111.49601012093314, "spark.locality.wait": 8.427680471082198, "spark.maxRemoteBlockSizeFetchToMem": 1956369336.9564338, "spark.memory.fraction": 0.6006061058969835, "spark.memory.offHeap.enabled": 0.1479658817896387, "spark.memory.offHeap.size": 13.17334340435499, "spark.memory.storageFraction": 0.5908439282109669, "spark.rdd.compress": 0.08117828215112981, "spark.reducer.maxBlocksInFlightPerAddress": 2001640971.1753006, "spark.reducer.maxReqsInFlight": 1345492151.2451131, "spark.reducer.maxSizeInFlight": 68.02614736603405, "spark.scheduler.mode": 0.9135066211767106, "spark.scheduler.revive.interval": 684.4228512146321, "spark.shuffle.compress": 0.9102989731089097, "spark.shuffle.file.buffer": 36.57580087684891, "spark.shuffle.io.numConnectionsPerPeer": 3.6257901286799075, "spark.shuffle.sort.bypassMergeThreshold": 322.3422625339565, "spark.storage.memoryMapThreshold": 3.787704658139463}, "datetime": {"datetime": "2022-02-19 22:13:38", "elapsed": 1891.458602, "delta": 223.173063}}
{"target": -175.236, "params": {"spark.broadcast.blockSize": 49.31589087750569, "spark.broadcast.checksum": 0.07204564852268, "spark.broadcast.compress": 0.89170648151395, "spark.default.parallelism": 224.12658278443163, "spark.executor.cores": 3.816078175681426, "spark.executor.instances": 5.101302104043539, "spark.executor.memory": 5.147743375630296, "spark.executor.memoryOverhead": 531.1919229352285, "spark.kryoserializer.buffer": 114.70357239818327, "spark.kryoserializer.buffer.max": 95.33110087789672, "spark.locality.wait": 7.9122979774534326, "spark.maxRemoteBlockSizeFetchToMem": 2069245782.3862324, "spark.memory.fraction": 0.5893041462140823, "spark.memory.offHeap.enabled": 0.03961478737913707, "spark.memory.offHeap.size": 134.35510804821357, "spark.memory.storageFraction": 0.5353644285720981, "spark.rdd.compress": 0.04762673541151988, "spark.reducer.maxBlocksInFlightPerAddress": 2141681872.4533393, "spark.reducer.maxReqsInFlight": 1268753076.1895938, "spark.reducer.maxSizeInFlight": 71.72752748377363, "spark.scheduler.mode": 0.9330194305474554, "spark.scheduler.revive.interval": 663.7331717424645, "spark.shuffle.compress": 0.94501995287943, "spark.shuffle.file.buffer": 39.595912284363806, "spark.shuffle.io.numConnectionsPerPeer": 3.956006764756828, "spark.shuffle.sort.bypassMergeThreshold": 330.2799739827465, "spark.storage.memoryMapThreshold": 3.7929202047500326}, "datetime": {"datetime": "2022-02-19 22:16:42", "elapsed": 2075.229807, "delta": 183.771205}}
{"target": -213.154, "params": {"spark.broadcast.blockSize": 53.10926091465372, "spark.broadcast.checksum": 0.04427281774752933, "spark.broadcast.compress": 0.936721333916878, "spark.default.parallelism": 203.83012737982986, "spark.executor.cores": 3.874696932898346, "spark.executor.instances": 4.4759060592886755, "spark.executor.memory": 5.089660551005859, "spark.executor.memoryOverhead": 489.62802167238476, "spark.kryoserializer.buffer": 119.70792903814925, "spark.kryoserializer.buffer.max": 100.49277543663788, "spark.locality.wait": 7.31095692554607, "spark.maxRemoteBlockSizeFetchToMem": 2126696217.4392302, "spark.memory.fraction": 0.5705615143249015, "spark.memory.offHeap.enabled": 0.05399744188760247, "spark.memory.offHeap.size": 86.52406238268152, "spark.memory.storageFraction": 0.5273125224399731, "spark.rdd.compress": 0.01691161859478852, "spark.reducer.maxBlocksInFlightPerAddress": 2030795550.246238, "spark.reducer.maxReqsInFlight": 1254466334.8641906, "spark.reducer.maxSizeInFlight": 69.03763847398714, "spark.scheduler.mode": 0.9429925834414026, "spark.scheduler.revive.interval": 682.970534799763, "spark.shuffle.compress": 0.9559910663833693, "spark.shuffle.file.buffer": 33.619711250281554, "spark.shuffle.io.numConnectionsPerPeer": 3.4271303094795567, "spark.shuffle.sort.bypassMergeThreshold": 336.8911639871419, "spark.storage.memoryMapThreshold": 3.80375083048129}, "datetime": {"datetime": "2022-02-19 22:20:24", "elapsed": 2296.998768, "delta": 221.768961}}
{"target": -180.247, "params": {"spark.broadcast.blockSize": 52.34781443539676, "spark.broadcast.checksum": 0.08040648183196626, "spark.broadcast.compress": 0.9320374521897253, "spark.default.parallelism": 223.47726602973782, "spark.executor.cores": 3.8848034245766283, "spark.executor.instances": 4.988017883562228, "spark.executor.memory": 5.2371924387418325, "spark.executor.memoryOverhead": 539.0409447776977, "spark.kryoserializer.buffer": 114.98605761009438, "spark.kryoserializer.buffer.max": 83.93969955072205, "spark.locality.wait": 7.454334189641479, "spark.maxRemoteBlockSizeFetchToMem": 2097225009.4400113, "spark.memory.fraction": 0.6024379086384203, "spark.memory.offHeap.enabled": 0.03668709770354851, "spark.memory.offHeap.size": 8.688393844591626, "spark.memory.storageFraction": 0.5381085994563017, "spark.rdd.compress": 0.049354756381397455, "spark.reducer.maxBlocksInFlightPerAddress": 1964489342.0592825, "spark.reducer.maxReqsInFlight": 1233388961.1581197, "spark.reducer.maxSizeInFlight": 69.17455108885427, "spark.scheduler.mode": 0.9439571500185866, "spark.scheduler.revive.interval": 677.3576837917957, "spark.shuffle.compress": 0.965839970811208, "spark.shuffle.file.buffer": 36.20288657873539, "spark.shuffle.io.numConnectionsPerPeer": 4.194531375526564, "spark.shuffle.sort.bypassMergeThreshold": 337.3105945769817, "spark.storage.memoryMapThreshold": 3.9632490100252626}, "datetime": {"datetime": "2022-02-19 22:23:32", "elapsed": 2485.79119, "delta": 188.792422}}
{"target": -176.99, "params": {"spark.broadcast.blockSize": 50.00869972066648, "spark.broadcast.checksum": 0.0382201729622953, "spark.broadcast.compress": 0.9559043082655398, "spark.default.parallelism": 228.06976059627797, "spark.executor.cores": 3.909417290287063, "spark.executor.instances": 4.802706588243986, "spark.executor.memory": 5.2371018076106575, "spark.executor.memoryOverhead": 501.9537660420565, "spark.kryoserializer.buffer": 114.0904124475301, "spark.kryoserializer.buffer.max": 89.3241407300582, "spark.locality.wait": 7.504934743456981, "spark.maxRemoteBlockSizeFetchToMem": 2076000644.7919276, "spark.memory.fraction": 0.6114166760981352, "spark.memory.offHeap.enabled": 0.02672927547772011, "spark.memory.offHeap.size": 106.84861189701982, "spark.memory.storageFraction": 0.5546794682038574, "spark.rdd.compress": 0.04203823093693514, "spark.reducer.maxBlocksInFlightPerAddress": 1994924927.0416453, "spark.reducer.maxReqsInFlight": 1170701632.1459136, "spark.reducer.maxSizeInFlight": 69.12001399198822, "spark.scheduler.mode": 0.9413904315876692, "spark.scheduler.revive.interval": 652.4163371732149, "spark.shuffle.compress": 0.919096219063528, "spark.shuffle.file.buffer": 36.026846977070626, "spark.shuffle.io.numConnectionsPerPeer": 3.796644830795154, "spark.shuffle.sort.bypassMergeThreshold": 340.1207965922258, "spark.storage.memoryMapThreshold": 3.8779176687476076}, "datetime": {"datetime": "2022-02-19 22:26:39", "elapsed": 2671.888553, "delta": 186.097363}}
{"target": -208.065, "params": {"spark.broadcast.blockSize": 52.90709640510982, "spark.broadcast.checksum": 0.07956383551746103, "spark.broadcast.compress": 0.9642592604203715, "spark.default.parallelism": 211.33938728024924, "spark.executor.cores": 3.942216436183089, "spark.executor.instances": 4.690447499681895, "spark.executor.memory": 4.864299743248708, "spark.executor.memoryOverhead": 556.7204884368048, "spark.kryoserializer.buffer": 109.55590982683674, "spark.kryoserializer.buffer.max": 91.38125887408398, "spark.locality.wait": 7.623269983950988, "spark.maxRemoteBlockSizeFetchToMem": 1986597944.897435, "spark.memory.fraction": 0.5796624299864721, "spark.memory.offHeap.enabled": 0.059877581230034095, "spark.memory.offHeap.size": 60.5866728591385, "spark.memory.storageFraction": 0.519704299953972, "spark.rdd.compress": 0.06620220062005656, "spark.reducer.maxBlocksInFlightPerAddress": 2077830129.7083685, "spark.reducer.maxReqsInFlight": 1291624673.60361, "spark.reducer.maxSizeInFlight": 69.29785911703694, "spark.scheduler.mode": 0.9423263697053363, "spark.scheduler.revive.interval": 672.1284753231062, "spark.shuffle.compress": 0.9702325480090068, "spark.shuffle.file.buffer": 35.8118640241435, "spark.shuffle.io.numConnectionsPerPeer": 3.9810391805633794, "spark.shuffle.sort.bypassMergeThreshold": 343.8709745361133, "spark.storage.memoryMapThreshold": 3.9215572724507295}, "datetime": {"datetime": "2022-02-19 22:30:15", "elapsed": 2888.668543, "delta": 216.77999}}
{"target": -170.828, "params": {"spark.broadcast.blockSize": 50.95219182415045, "spark.broadcast.checksum": 0.05850698518130133, "spark.broadcast.compress": 0.9531289452179257, "spark.default.parallelism": 231.57401975377184, "spark.executor.cores": 3.935003407429971, "spark.executor.instances": 4.834719048073348, "spark.executor.memory": 4.972881286747964, "spark.executor.memoryOverhead": 528.2694220689516, "spark.kryoserializer.buffer": 105.9032464566777, "spark.kryoserializer.buffer.max": 97.11400059917071, "spark.locality.wait": 7.7081218188565765, "spark.maxRemoteBlockSizeFetchToMem": 2137422332.9240513, "spark.memory.fraction": 0.6302868850960122, "spark.memory.offHeap.enabled": 0.05373203302580816, "spark.memory.offHeap.size": 56.72368110219504, "spark.memory.storageFraction": 0.524106509129912, "spark.rdd.compress": 0.06005840166831679, "spark.reducer.maxBlocksInFlightPerAddress": 2078361881.3388019, "spark.reducer.maxReqsInFlight": 1263021963.0547588, "spark.reducer.maxSizeInFlight": 71.49926439779277, "spark.scheduler.mode": 0.9416258583944338, "spark.scheduler.revive.interval": 690.0452713635033, "spark.shuffle.compress": 0.978820184626055, "spark.shuffle.file.buffer": 38.101492924061, "spark.shuffle.io.numConnectionsPerPeer": 3.992969087139323, "spark.shuffle.sort.bypassMergeThreshold": 329.89144092735944, "spark.storage.memoryMapThreshold": 3.8510745703332354}, "datetime": {"datetime": "2022-02-19 22:33:15", "elapsed": 3068.034228, "delta": 179.365685}}
{"target": -178.658, "params": {"spark.broadcast.blockSize": 51.813891420406605, "spark.broadcast.checksum": 0.07321629402001217, "spark.broadcast.compress": 0.9704477754831345, "spark.default.parallelism": 234.71531223183771, "spark.executor.cores": 3.854415910973639, "spark.executor.instances": 4.914123921741606, "spark.executor.memory": 5.181605168320134, "spark.executor.memoryOverhead": 537.6360403599366, "spark.kryoserializer.buffer": 102.88688838199745, "spark.kryoserializer.buffer.max": 97.32493138061321, "spark.locality.wait": 7.541339203882462, "spark.maxRemoteBlockSizeFetchToMem": 2104660884.6759946, "spark.memory.fraction": 0.6286124076144675, "spark.memory.offHeap.enabled": 0.03045030283781533, "spark.memory.offHeap.size": 8.974555359430626, "spark.memory.storageFraction": 0.5022359223664097, "spark.rdd.compress": 0.09004739603575394, "spark.reducer.maxBlocksInFlightPerAddress": 2109052215.9234734, "spark.reducer.maxReqsInFlight": 1283329000.023574, "spark.reducer.maxSizeInFlight": 71.61390951351996, "spark.scheduler.mode": 0.932675290981788, "spark.scheduler.revive.interval": 701.2609954096886, "spark.shuffle.compress": 0.9659287111186063, "spark.shuffle.file.buffer": 37.88781829406328, "spark.shuffle.io.numConnectionsPerPeer": 3.825397614019238, "spark.shuffle.sort.bypassMergeThreshold": 320.55992621160664, "spark.storage.memoryMapThreshold": 3.736675380236218}, "datetime": {"datetime": "2022-02-19 22:36:22", "elapsed": 3255.358497, "delta": 187.324269}}
{"target": -221.268, "params": {"spark.broadcast.blockSize": 50.855242405798386, "spark.broadcast.checksum": 0.07025360820566307, "spark.broadcast.compress": 0.9371905258022497, "spark.default.parallelism": 216.065724471891, "spark.executor.cores": 3.785712307538233, "spark.executor.instances": 4.582635158148302, "spark.executor.memory": 4.904173823752956, "spark.executor.memoryOverhead": 540.4738634089184, "spark.kryoserializer.buffer": 106.00072861269088, "spark.kryoserializer.buffer.max": 94.5934003517073, "spark.locality.wait": 7.292615241484764, "spark.maxRemoteBlockSizeFetchToMem": 2118610088.0355709, "spark.memory.fraction": 0.6504096335475518, "spark.memory.offHeap.enabled": 0.07053824864153484, "spark.memory.offHeap.size": 65.37850930470908, "spark.memory.storageFraction": 0.5193484902593852, "spark.rdd.compress": 0.07187371719420606, "spark.reducer.maxBlocksInFlightPerAddress": 2061099132.9679759, "spark.reducer.maxReqsInFlight": 1311357188.096292, "spark.reducer.maxSizeInFlight": 71.08832054826513, "spark.scheduler.mode": 0.9593648587071251, "spark.scheduler.revive.interval": 671.0010260925676, "spark.shuffle.compress": 0.9399887030655757, "spark.shuffle.file.buffer": 38.25678102919794, "spark.shuffle.io.numConnectionsPerPeer": 3.882851606084352, "spark.shuffle.sort.bypassMergeThreshold": 332.8690142807385, "spark.storage.memoryMapThreshold": 3.7615979214010387}, "datetime": {"datetime": "2022-02-19 22:40:12", "elapsed": 3485.244421, "delta": 229.885924}}
{"target": -226.546, "params": {"spark.broadcast.blockSize": 50.38993522185536, "spark.broadcast.checksum": 0.05289499232343295, "spark.broadcast.compress": 0.9542168198841048, "spark.default.parallelism": 223.76251680255834, "spark.executor.cores": 3.96158473424398, "spark.executor.instances": 4.897490305056992, "spark.executor.memory": 5.160639102813574, "spark.executor.memoryOverhead": 499.57884539475606, "spark.kryoserializer.buffer": 110.07771946274113, "spark.kryoserializer.buffer.max": 96.53705684194529, "spark.locality.wait": 7.478260006158008, "spark.maxRemoteBlockSizeFetchToMem": 2129109662.7568326, "spark.memory.fraction": 0.6308574334343345, "spark.memory.offHeap.enabled": 0.09418350146795199, "spark.memory.offHeap.size": 41.21326272633492, "spark.memory.storageFraction": 0.5263237934699156, "spark.rdd.compress": 0.010819566481628804, "spark.reducer.maxBlocksInFlightPerAddress": 2092758589.5777006, "spark.reducer.maxReqsInFlight": 1321250382.09697, "spark.reducer.maxSizeInFlight": 70.54813521645278, "spark.scheduler.mode": 0.9597960140701892, "spark.scheduler.revive.interval": 684.3016827677671, "spark.shuffle.compress": 0.9486923362867361, "spark.shuffle.file.buffer": 38.85223316289729, "spark.shuffle.io.numConnectionsPerPeer": 3.778918634248435, "spark.shuffle.sort.bypassMergeThreshold": 340.88646115692194, "spark.storage.memoryMapThreshold": 3.861986907697808}, "datetime": {"datetime": "2022-02-19 22:44:08", "elapsed": 3721.30423, "delta": 236.059809}}
{"target": -175.379, "params": {"spark.broadcast.blockSize": 50.15585067023401, "spark.broadcast.checksum": 0.0307324333581163, "spark.broadcast.compress": 0.9943729649241491, "spark.default.parallelism": 227.13513718746088, "spark.executor.cores": 3.9054078250966073, "spark.executor.instances": 4.864604060945823, "spark.executor.memory": 4.776209998499828, "spark.executor.memoryOverhead": 523.5647984337875, "spark.kryoserializer.buffer": 110.34138716329879, "spark.kryoserializer.buffer.max": 96.50453370227117, "spark.locality.wait": 7.631861961882917, "spark.maxRemoteBlockSizeFetchToMem": 2120717820.9826622, "spark.memory.fraction": 0.6139949389660072, "spark.memory.offHeap.enabled": 0.013072877588801839, "spark.memory.offHeap.size": 65.59349947730442, "spark.memory.storageFraction": 0.5268783146685209, "spark.rdd.compress": 0.011539362176011418, "spark.reducer.maxBlocksInFlightPerAddress": 2110499708.5414526, "spark.reducer.maxReqsInFlight": 1257988106.935292, "spark.reducer.maxSizeInFlight": 70.3208183200178, "spark.scheduler.mode": 0.9415161917278357, "spark.scheduler.revive.interval": 700.193014774289, "spark.shuffle.compress": 0.9830689564156272, "spark.shuffle.file.buffer": 39.68009747020734, "spark.shuffle.io.numConnectionsPerPeer": 3.743462941926634, "spark.shuffle.sort.bypassMergeThreshold": 336.5239656909357, "spark.storage.memoryMapThreshold": 3.8860476493505325}, "datetime": {"datetime": "2022-02-19 22:47:12", "elapsed": 3905.603169, "delta": 184.298939}}
