{"target": -2714.776960000001, "params": {"spark.default.parallelism": 299.8327124590393, "spark.executor.cores": 3.504097617212508, "spark.executor.instances": 5.583475893987707, "spark.executor.memory": 5.811999516221439, "spark.executor.memoryOverhead": 652.9057475976413, "spark.memory.fraction": 0.6501461743841163, "spark.memory.storageFraction": 0.654147278236772, "spark.reducer.maxBlocksInFlightPerAddress": 1722317170.728554, "spark.reducer.maxSizeInFlight": 55.92507760777299, "spark.shuffle.file.buffer": 42.92206305522383}, "datetime": {"datetime": "2022-03-01 01:11:06", "elapsed": 4.545985, "delta": 0.121675}}
