{"target": -2798.0751600000012, "params": {"spark.default.parallelism": 234.64828400317035, "spark.executor.cores": 1.7664087578723715, "spark.executor.instances": 6.5376013740792, "spark.executor.memory": 3.2009323120334336, "spark.executor.memoryOverhead": 594.714789469898, "spark.memory.fraction": 0.8126463156945085, "spark.memory.storageFraction": 0.7778171511631926, "spark.reducer.maxBlocksInFlightPerAddress": 1689695311.402572, "spark.reducer.maxSizeInFlight": 47.028371800495364, "spark.shuffle.file.buffer": 42.04205550946085}, "datetime": {"datetime": "2022-03-01 01:07:59", "elapsed": 0.0, "delta": 0.0}}
{"target": -2714.74414, "params": {"spark.default.parallelism": 466.0712922798159, "spark.executor.cores": 3.526692336284796, "spark.executor.instances": 4.071967769334162, "spark.executor.memory": 6.592911569312126, "spark.executor.memoryOverhead": 875.5577693325162, "spark.memory.fraction": 0.5542777921523676, "spark.memory.storageFraction": 0.7123886931121227, "spark.reducer.maxBlocksInFlightPerAddress": 2094648698.2703521, "spark.reducer.maxSizeInFlight": 57.89660841860153, "spark.shuffle.file.buffer": 29.845643104873016}, "datetime": {"datetime": "2022-03-01 01:07:59", "elapsed": 0.031894, "delta": 0.031894}}
{"target": -2798.343270000001, "params": {"spark.default.parallelism": 376.10172179020924, "spark.executor.cores": 2.1889720120611065, "spark.executor.instances": 7.801424919938558, "spark.executor.memory": 5.225444333695422, "spark.executor.memoryOverhead": 446.9460597468433, "spark.memory.fraction": 0.6839314480531827, "spark.memory.storageFraction": 0.5388496572676259, "spark.reducer.maxBlocksInFlightPerAddress": 1223312394.4146876, "spark.reducer.maxSizeInFlight": 24.562054158608547, "spark.shuffle.file.buffer": 24.733014427839795}, "datetime": {"datetime": "2022-03-01 01:07:59", "elapsed": 0.063835, "delta": 0.031941}}
{"target": -2716.4572700000012, "params": {"spark.default.parallelism": 463.0, "spark.executor.cores": 4.0, "spark.executor.instances": 4.0, "spark.executor.memory": 7.0, "spark.executor.memoryOverhead": 729.0, "spark.memory.fraction": 0.6700000166893005, "spark.memory.storageFraction": 0.699999988079071, "spark.reducer.maxBlocksInFlightPerAddress": 1808022912.0, "spark.reducer.maxSizeInFlight": 58.0, "spark.shuffle.file.buffer": 30.0}, "datetime": {"datetime": "2022-03-01 01:08:00", "elapsed": 1.535872, "delta": 1.472037}}
{"target": -2717.279060000001, "params": {"spark.default.parallelism": 441.0, "spark.executor.cores": 4.0, "spark.executor.instances": 4.0, "spark.executor.memory": 7.0, "spark.executor.memoryOverhead": 713.0, "spark.memory.fraction": 0.6899999976158142, "spark.memory.storageFraction": 0.7099999785423279, "spark.reducer.maxBlocksInFlightPerAddress": 1841506432.0, "spark.reducer.maxSizeInFlight": 59.0, "spark.shuffle.file.buffer": 30.0}, "datetime": {"datetime": "2022-03-01 01:08:01", "elapsed": 1.57776, "delta": 0.041888}}
{"target": -2716.0099300000015, "params": {"spark.default.parallelism": 426.0, "spark.executor.cores": 4.0, "spark.executor.instances": 5.0, "spark.executor.memory": 7.0, "spark.executor.memoryOverhead": 707.0, "spark.memory.fraction": 0.6899999976158142, "spark.memory.storageFraction": 0.7200000286102295, "spark.reducer.maxBlocksInFlightPerAddress": 1786771712.0, "spark.reducer.maxSizeInFlight": 56.0, "spark.shuffle.file.buffer": 31.0}, "datetime": {"datetime": "2022-03-01 01:08:01", "elapsed": 1.622639, "delta": 0.044879}}
