{"target": -2799.6260700000007, "params": {"spark.default.parallelism": 247.02985827580412, "spark.executor.cores": 1.056365239251294, "spark.executor.instances": 6.447783772001207, "spark.executor.memory": 3.4416371522188873, "spark.executor.memoryOverhead": 801.3398068351491, "spark.memory.fraction": 0.823680719962353, "spark.memory.storageFraction": 0.7863229557703963, "spark.reducer.maxBlocksInFlightPerAddress": 1227151165.4225426, "spark.reducer.maxSizeInFlight": 40.584921524237174, "spark.shuffle.file.buffer": 36.097698221738646}, "datetime": {"datetime": "2022-03-01 01:11:02", "elapsed": 0.0, "delta": 0.0}}
{"target": -2715.849010000001, "params": {"spark.default.parallelism": 302.7950964951587, "spark.executor.cores": 3.8222128591525837, "spark.executor.instances": 4.686246246221481, "spark.executor.memory": 6.16616548699778, "spark.executor.memoryOverhead": 563.4523988173385, "spark.memory.fraction": 0.5397850590308682, "spark.memory.storageFraction": 0.7067007129203241, "spark.reducer.maxBlocksInFlightPerAddress": 2042707418.8187137, "spark.reducer.maxSizeInFlight": 63.287202409175705, "spark.shuffle.file.buffer": 44.38762896574663}, "datetime": {"datetime": "2022-03-01 01:11:02", "elapsed": 0.032912, "delta": 0.032912}}
{"target": -2803.113570000002, "params": {"spark.default.parallelism": 438.0784417308667, "spark.executor.cores": 2.481360875767667, "spark.executor.instances": 7.395377894423115, "spark.executor.memory": 5.539234645957992, "spark.executor.memoryOverhead": 468.72314937906924, "spark.memory.fraction": 0.6395803253702756, "spark.memory.storageFraction": 0.5999382825288156, "spark.reducer.maxBlocksInFlightPerAddress": 1646457481.8672862, "spark.reducer.maxSizeInFlight": 30.938186898147617, "spark.shuffle.file.buffer": 19.38507017368949}, "datetime": {"datetime": "2022-03-01 01:11:02", "elapsed": 0.063801, "delta": 0.030889}}
{"target": -2715.424330000001, "params": {"spark.default.parallelism": 305.0, "spark.executor.cores": 4.0, "spark.executor.instances": 5.0, "spark.executor.memory": 6.0, "spark.executor.memoryOverhead": 563.0, "spark.memory.fraction": 0.6000000238418579, "spark.memory.storageFraction": 0.699999988079071, "spark.reducer.maxBlocksInFlightPerAddress": 1870525056.0, "spark.reducer.maxSizeInFlight": 64.0, "spark.shuffle.file.buffer": 36.0}, "datetime": {"datetime": "2022-03-01 01:11:03", "elapsed": 1.490156, "delta": 1.426355}}
{"target": -2715.5695700000015, "params": {"spark.default.parallelism": 292.0, "spark.executor.cores": 4.0, "spark.executor.instances": 5.0, "spark.executor.memory": 6.0, "spark.executor.memoryOverhead": 539.0, "spark.memory.fraction": 0.5799999833106995, "spark.memory.storageFraction": 0.7099999785423279, "spark.reducer.maxBlocksInFlightPerAddress": 1780919808.0, "spark.reducer.maxSizeInFlight": 63.0, "spark.shuffle.file.buffer": 34.0}, "datetime": {"datetime": "2022-03-01 01:11:03", "elapsed": 1.535037, "delta": 0.044881}}
{"target": -2796.2855900000013, "params": {"spark.default.parallelism": 306.0, "spark.executor.cores": 3.0, "spark.executor.instances": 5.0, "spark.executor.memory": 6.0, "spark.executor.memoryOverhead": 559.0, "spark.memory.fraction": 0.6200000047683716, "spark.memory.storageFraction": 0.6800000071525574, "spark.reducer.maxBlocksInFlightPerAddress": 1603024896.0, "spark.reducer.maxSizeInFlight": 57.0, "spark.shuffle.file.buffer": 33.0}, "datetime": {"datetime": "2022-03-01 01:11:03", "elapsed": 1.591884, "delta": 0.056847}}
{"target": -2808.720350000001, "params": {"spark.default.parallelism": 322.9697087474851, "spark.executor.cores": 3.231792832113313, "spark.executor.instances": 5.356191090442956, "spark.executor.memory": 5.10323094996286, "spark.executor.memoryOverhead": 525.6199518422563, "spark.memory.fraction": 0.6786771093087758, "spark.memory.storageFraction": 0.6973810145886167, "spark.reducer.maxBlocksInFlightPerAddress": 2015584147.4222882, "spark.reducer.maxSizeInFlight": 69.65971207899847, "spark.shuffle.file.buffer": 35.337838174704295}, "datetime": {"datetime": "2022-03-01 01:11:03", "elapsed": 1.7355, "delta": 0.143616}}
{"target": -2714.85194, "params": {"spark.default.parallelism": 242.99005874348552, "spark.executor.cores": 3.616764813657957, "spark.executor.instances": 5.149904398906594, "spark.executor.memory": 6.1203655787811275, "spark.executor.memoryOverhead": 683.7125729540718, "spark.memory.fraction": 0.6137280094233708, "spark.memory.storageFraction": 0.773528742908804, "spark.reducer.maxBlocksInFlightPerAddress": 1881290162.20932, "spark.reducer.maxSizeInFlight": 51.93935037623713, "spark.shuffle.file.buffer": 41.70382298714135}, "datetime": {"datetime": "2022-03-01 01:11:03", "elapsed": 1.811297, "delta": 0.075797}}
{"target": -2798.9515900000015, "params": {"spark.default.parallelism": 269.46837978522234, "spark.executor.cores": 3.4361327562803616, "spark.executor.instances": 5.478294770781096, "spark.executor.memory": 5.234373901267778, "spark.executor.memoryOverhead": 638.6448442232818, "spark.memory.fraction": 0.6307566500945582, "spark.memory.storageFraction": 0.7708908749887038, "spark.reducer.maxBlocksInFlightPerAddress": 1908809205.4199867, "spark.reducer.maxSizeInFlight": 51.66210185579857, "spark.shuffle.file.buffer": 41.465651437635955}, "datetime": {"datetime": "2022-03-01 01:11:04", "elapsed": 1.888092, "delta": 0.076795}}
{"target": -2797.106070000001, "params": {"spark.default.parallelism": 359.60092544600315, "spark.executor.cores": 3.3394282620651214, "spark.executor.instances": 5.200474178437187, "spark.executor.memory": 5.7464510316355195, "spark.executor.memoryOverhead": 647.9653711366598, "spark.memory.fraction": 0.6166215989803207, "spark.memory.storageFraction": 0.6256177931660294, "spark.reducer.maxBlocksInFlightPerAddress": 1632666666.3106954, "spark.reducer.maxSizeInFlight": 55.11225541090032, "spark.shuffle.file.buffer": 33.86546614735613}, "datetime": {"datetime": "2022-03-01 01:11:04", "elapsed": 1.962893, "delta": 0.074801}}
{"target": -2798.5976000000014, "params": {"spark.default.parallelism": 217.05590906272366, "spark.executor.cores": 3.3689791802157494, "spark.executor.instances": 5.237108562143989, "spark.executor.memory": 6.793912078333348, "spark.executor.memoryOverhead": 671.3200912189563, "spark.memory.fraction": 0.6816674436807337, "spark.memory.storageFraction": 0.8156822118510618, "spark.reducer.maxBlocksInFlightPerAddress": 1786155713.7827191, "spark.reducer.maxSizeInFlight": 46.76320873993167, "spark.shuffle.file.buffer": 41.39958151411753}, "datetime": {"datetime": "2022-03-01 01:11:04", "elapsed": 2.0347, "delta": 0.071807}}
{"target": -2796.7240900000015, "params": {"spark.default.parallelism": 323.5906480854817, "spark.executor.cores": 3.0245615411337603, "spark.executor.instances": 4.780197875221639, "spark.executor.memory": 5.635046156770004, "spark.executor.memoryOverhead": 555.6366122524687, "spark.memory.fraction": 0.5970663936114928, "spark.memory.storageFraction": 0.657897335002198, "spark.reducer.maxBlocksInFlightPerAddress": 1633724661.4592853, "spark.reducer.maxSizeInFlight": 49.28117553062884, "spark.shuffle.file.buffer": 35.62908555574306}, "datetime": {"datetime": "2022-03-01 01:11:04", "elapsed": 2.103517, "delta": 0.068817}}
{"target": -2797.6138200000014, "params": {"spark.default.parallelism": 317.7793047647103, "spark.executor.cores": 3.2076203326034953, "spark.executor.instances": 5.53251060238019, "spark.executor.memory": 6.231375995621512, "spark.executor.memoryOverhead": 551.4447858777584, "spark.memory.fraction": 0.6524003036434962, "spark.memory.storageFraction": 0.7772053623987356, "spark.reducer.maxBlocksInFlightPerAddress": 1699900662.9152575, "spark.reducer.maxSizeInFlight": 64.70136729376568, "spark.shuffle.file.buffer": 37.701148749500675}, "datetime": {"datetime": "2022-03-01 01:11:04", "elapsed": 2.173331, "delta": 0.069814}}
{"target": -2715.058940000001, "params": {"spark.default.parallelism": 237.512326660091, "spark.executor.cores": 3.7795785182002692, "spark.executor.instances": 5.1597105033646535, "spark.executor.memory": 6.106576655251507, "spark.executor.memoryOverhead": 720.7263146536441, "spark.memory.fraction": 0.6026018482701581, "spark.memory.storageFraction": 0.7387155331926694, "spark.reducer.maxBlocksInFlightPerAddress": 1847616505.6275272, "spark.reducer.maxSizeInFlight": 46.46495861123037, "spark.shuffle.file.buffer": 39.083026354249995}, "datetime": {"datetime": "2022-03-01 01:11:04", "elapsed": 2.255111, "delta": 0.08178}}
{"target": -2717.004780000001, "params": {"spark.default.parallelism": 258.1378216792672, "spark.executor.cores": 3.5147047763589647, "spark.executor.instances": 5.918804198551987, "spark.executor.memory": 5.596869665268349, "spark.executor.memoryOverhead": 660.3850285430727, "spark.memory.fraction": 0.5279399107388758, "spark.memory.storageFraction": 0.7352181196146244, "spark.reducer.maxBlocksInFlightPerAddress": 1833789237.4241056, "spark.reducer.maxSizeInFlight": 51.80411910749352, "spark.shuffle.file.buffer": 33.87302693146383}, "datetime": {"datetime": "2022-03-01 01:11:04", "elapsed": 2.331905, "delta": 0.076794}}
{"target": -2714.4885100000015, "params": {"spark.default.parallelism": 308.60013941914684, "spark.executor.cores": 3.7892469735419656, "spark.executor.instances": 5.254770264800039, "spark.executor.memory": 5.700979904747358, "spark.executor.memoryOverhead": 604.0414945867213, "spark.memory.fraction": 0.5975725336744272, "spark.memory.storageFraction": 0.6299133490405999, "spark.reducer.maxBlocksInFlightPerAddress": 1945592853.3033156, "spark.reducer.maxSizeInFlight": 53.3770382244222, "spark.shuffle.file.buffer": 41.75373259661855}, "datetime": {"datetime": "2022-03-01 01:11:04", "elapsed": 2.413686, "delta": 0.081781}}
{"target": -2714.257800000001, "params": {"spark.default.parallelism": 230.76224907259365, "spark.executor.cores": 3.8337988544770907, "spark.executor.instances": 5.034464177953893, "spark.executor.memory": 6.337319886444484, "spark.executor.memoryOverhead": 751.0610539421805, "spark.memory.fraction": 0.5693589255076634, "spark.memory.storageFraction": 0.6505638172910365, "spark.reducer.maxBlocksInFlightPerAddress": 1778675106.8463056, "spark.reducer.maxSizeInFlight": 48.93432118423712, "spark.shuffle.file.buffer": 38.44441214331633}, "datetime": {"datetime": "2022-03-01 01:11:04", "elapsed": 2.501452, "delta": 0.087766}}
{"target": -2804.5273100000013, "params": {"spark.default.parallelism": 257.3947125114533, "spark.executor.cores": 3.2044513570831885, "spark.executor.instances": 5.263860640139843, "spark.executor.memory": 5.951884380699459, "spark.executor.memoryOverhead": 783.7033517306608, "spark.memory.fraction": 0.552087553069415, "spark.memory.storageFraction": 0.7830101315195239, "spark.reducer.maxBlocksInFlightPerAddress": 1934673104.8739443, "spark.reducer.maxSizeInFlight": 55.01570767030921, "spark.shuffle.file.buffer": 31.255171905001202}, "datetime": {"datetime": "2022-03-01 01:11:04", "elapsed": 2.590215, "delta": 0.088763}}
{"target": -2715.1161100000013, "params": {"spark.default.parallelism": 327.0528729820593, "spark.executor.cores": 3.6362649455802663, "spark.executor.instances": 5.2962747148107745, "spark.executor.memory": 5.273169786642992, "spark.executor.memoryOverhead": 614.4445016884456, "spark.memory.fraction": 0.6367601679411458, "spark.memory.storageFraction": 0.5924708749682124, "spark.reducer.maxBlocksInFlightPerAddress": 1693087822.4334755, "spark.reducer.maxSizeInFlight": 52.43924983896753, "spark.shuffle.file.buffer": 39.01554009919556}, "datetime": {"datetime": "2022-03-01 01:11:04", "elapsed": 2.687953, "delta": 0.097738}}
{"target": -2798.937100000002, "params": {"spark.default.parallelism": 311.41853000297135, "spark.executor.cores": 3.3402218154253567, "spark.executor.instances": 5.223090688924064, "spark.executor.memory": 6.79080614229199, "spark.executor.memoryOverhead": 667.3444619040262, "spark.memory.fraction": 0.6858634552155939, "spark.memory.storageFraction": 0.7166018633559199, "spark.reducer.maxBlocksInFlightPerAddress": 1831047067.242856, "spark.reducer.maxSizeInFlight": 49.8979099678573, "spark.shuffle.file.buffer": 38.274736574280624}, "datetime": {"datetime": "2022-03-01 01:11:04", "elapsed": 2.786689, "delta": 0.098736}}
{"target": -2714.5739700000013, "params": {"spark.default.parallelism": 250.4787155620951, "spark.executor.cores": 3.5156858010975998, "spark.executor.instances": 5.765536663367294, "spark.executor.memory": 5.138842668170504, "spark.executor.memoryOverhead": 754.5189992325777, "spark.memory.fraction": 0.5537883076472909, "spark.memory.storageFraction": 0.6728005456367392, "spark.reducer.maxBlocksInFlightPerAddress": 1897082366.1900897, "spark.reducer.maxSizeInFlight": 40.9257031679726, "spark.shuffle.file.buffer": 39.160097518685234}, "datetime": {"datetime": "2022-03-01 01:11:05", "elapsed": 2.882433, "delta": 0.095744}}
{"target": -2796.802210000001, "params": {"spark.default.parallelism": 287.0320002735285, "spark.executor.cores": 3.021431632581372, "spark.executor.instances": 6.260387118648472, "spark.executor.memory": 5.671313098638515, "spark.executor.memoryOverhead": 751.8283194772221, "spark.memory.fraction": 0.5390810545100664, "spark.memory.storageFraction": 0.6318590491702585, "spark.reducer.maxBlocksInFlightPerAddress": 1750193037.7744164, "spark.reducer.maxSizeInFlight": 53.67541189672542, "spark.shuffle.file.buffer": 39.85290828435203}, "datetime": {"datetime": "2022-03-01 01:11:05", "elapsed": 2.967207, "delta": 0.084774}}
{"target": -2716.768460000002, "params": {"spark.default.parallelism": 344.699456209289, "spark.executor.cores": 3.5918097665517763, "spark.executor.instances": 4.911791048613955, "spark.executor.memory": 5.561570208896123, "spark.executor.memoryOverhead": 586.8201643084477, "spark.memory.fraction": 0.6088949619287451, "spark.memory.storageFraction": 0.618208537970469, "spark.reducer.maxBlocksInFlightPerAddress": 1825596527.6976845, "spark.reducer.maxSizeInFlight": 60.99626786397868, "spark.shuffle.file.buffer": 40.22042484470067}, "datetime": {"datetime": "2022-03-01 01:11:05", "elapsed": 3.070929, "delta": 0.103722}}
{"target": -2715.6563200000014, "params": {"spark.default.parallelism": 261.7881877288559, "spark.executor.cores": 3.5689838740277224, "spark.executor.instances": 5.657555678022433, "spark.executor.memory": 5.685642493400032, "spark.executor.memoryOverhead": 577.0654975844752, "spark.memory.fraction": 0.5916319812319586, "spark.memory.storageFraction": 0.7155397239532255, "spark.reducer.maxBlocksInFlightPerAddress": 1887531811.557551, "spark.reducer.maxSizeInFlight": 56.04667106172128, "spark.shuffle.file.buffer": 31.20195069304228}, "datetime": {"datetime": "2022-03-01 01:11:05", "elapsed": 3.175649, "delta": 0.10472}}
{"target": -2716.2590500000015, "params": {"spark.default.parallelism": 285.8936734670215, "spark.executor.cores": 3.553618638603271, "spark.executor.instances": 5.274127241023503, "spark.executor.memory": 6.414460790025394, "spark.executor.memoryOverhead": 559.4211160201219, "spark.memory.fraction": 0.6900784653358161, "spark.memory.storageFraction": 0.7218051173211051, "spark.reducer.maxBlocksInFlightPerAddress": 1816123296.2789984, "spark.reducer.maxSizeInFlight": 53.95226942421719, "spark.shuffle.file.buffer": 36.05171777875885}, "datetime": {"datetime": "2022-03-01 01:11:05", "elapsed": 3.275383, "delta": 0.099734}}
{"target": -2798.9939100000024, "params": {"spark.default.parallelism": 259.1050345037203, "spark.executor.cores": 3.1116242674181085, "spark.executor.instances": 5.984348966942683, "spark.executor.memory": 5.049937910813263, "spark.executor.memoryOverhead": 667.9385042344202, "spark.memory.fraction": 0.5777130656233745, "spark.memory.storageFraction": 0.7383491916008781, "spark.reducer.maxBlocksInFlightPerAddress": 1704025610.2654192, "spark.reducer.maxSizeInFlight": 48.369612335523435, "spark.shuffle.file.buffer": 31.21507207527347}, "datetime": {"datetime": "2022-03-01 01:11:05", "elapsed": 3.377111, "delta": 0.101728}}
{"target": -2801.731380000001, "params": {"spark.default.parallelism": 324.28807217106305, "spark.executor.cores": 3.3912338126957033, "spark.executor.instances": 6.185078030551422, "spark.executor.memory": 5.646765082495564, "spark.executor.memoryOverhead": 471.1852229137784, "spark.memory.fraction": 0.7603866123050045, "spark.memory.storageFraction": 0.6614939825378086, "spark.reducer.maxBlocksInFlightPerAddress": 1921969666.9397027, "spark.reducer.maxSizeInFlight": 55.00925520966585, "spark.shuffle.file.buffer": 34.256627077114146}, "datetime": {"datetime": "2022-03-01 01:11:05", "elapsed": 3.484822, "delta": 0.107711}}
{"target": -2715.6123400000015, "params": {"spark.default.parallelism": 319.4072620923919, "spark.executor.cores": 3.958246417527704, "spark.executor.instances": 4.905928747358911, "spark.executor.memory": 5.517188775176081, "spark.executor.memoryOverhead": 496.2363577628243, "spark.memory.fraction": 0.6460277133158802, "spark.memory.storageFraction": 0.6048216114182066, "spark.reducer.maxBlocksInFlightPerAddress": 1661386382.243577, "spark.reducer.maxSizeInFlight": 52.15509691598319, "spark.shuffle.file.buffer": 32.623025761163014}, "datetime": {"datetime": "2022-03-01 01:11:05", "elapsed": 3.619463, "delta": 0.134641}}
{"target": -2712.5706300000006, "params": {"spark.default.parallelism": 218.85353815742283, "spark.executor.cores": 3.822081189657876, "spark.executor.instances": 4.963271467617034, "spark.executor.memory": 5.461008803073811, "spark.executor.memoryOverhead": 689.6551747612089, "spark.memory.fraction": 0.5874082739246946, "spark.memory.storageFraction": 0.6768257445116717, "spark.reducer.maxBlocksInFlightPerAddress": 1980331798.137806, "spark.reducer.maxSizeInFlight": 51.03300597209941, "spark.shuffle.file.buffer": 38.171510500899544}, "datetime": {"datetime": "2022-03-01 01:11:05", "elapsed": 3.739142, "delta": 0.119679}}
{"target": -2797.142100000002, "params": {"spark.default.parallelism": 318.26730657282883, "spark.executor.cores": 3.272314627317667, "spark.executor.instances": 5.503906586099785, "spark.executor.memory": 5.32297111172565, "spark.executor.memoryOverhead": 520.5242478361077, "spark.memory.fraction": 0.7087514485350008, "spark.memory.storageFraction": 0.5715920498320501, "spark.reducer.maxBlocksInFlightPerAddress": 1689828888.8927712, "spark.reducer.maxSizeInFlight": 46.76147629744746, "spark.shuffle.file.buffer": 33.400374451575146}, "datetime": {"datetime": "2022-03-01 01:11:05", "elapsed": 3.845858, "delta": 0.106716}}
{"target": -2717.774990000001, "params": {"spark.default.parallelism": 273.89827497413347, "spark.executor.cores": 3.8511667964703693, "spark.executor.instances": 5.55742654504585, "spark.executor.memory": 6.062913938022852, "spark.executor.memoryOverhead": 471.49523657334856, "spark.memory.fraction": 0.6338363714569812, "spark.memory.storageFraction": 0.6845011525954482, "spark.reducer.maxBlocksInFlightPerAddress": 1860670929.5845037, "spark.reducer.maxSizeInFlight": 51.44165564775869, "spark.shuffle.file.buffer": 25.766361782152384}, "datetime": {"datetime": "2022-03-01 01:11:06", "elapsed": 3.961548, "delta": 0.11569}}
{"target": -2715.908160000001, "params": {"spark.default.parallelism": 358.0108473963272, "spark.executor.cores": 3.531682645347007, "spark.executor.instances": 5.769504511173089, "spark.executor.memory": 5.669639908578172, "spark.executor.memoryOverhead": 442.5846322631792, "spark.memory.fraction": 0.6747312351758443, "spark.memory.storageFraction": 0.6932745483657152, "spark.reducer.maxBlocksInFlightPerAddress": 1618228207.3680248, "spark.reducer.maxSizeInFlight": 48.289904371244646, "spark.shuffle.file.buffer": 31.975662021023417}, "datetime": {"datetime": "2022-03-01 01:11:06", "elapsed": 4.076241, "delta": 0.114693}}
{"target": -2714.704990000001, "params": {"spark.default.parallelism": 315.05155863882544, "spark.executor.cores": 3.6511979490753603, "spark.executor.instances": 4.449709396045644, "spark.executor.memory": 6.0733529858128765, "spark.executor.memoryOverhead": 690.6547298630201, "spark.memory.fraction": 0.6253462171751311, "spark.memory.storageFraction": 0.6580731584713719, "spark.reducer.maxBlocksInFlightPerAddress": 1781061490.062933, "spark.reducer.maxSizeInFlight": 56.93924012950304, "spark.shuffle.file.buffer": 44.05060644509636}, "datetime": {"datetime": "2022-03-01 01:11:06", "elapsed": 4.177971, "delta": 0.10173}}
{"target": -2798.532570000002, "params": {"spark.default.parallelism": 280.72234393471246, "spark.executor.cores": 3.23707966512077, "spark.executor.instances": 4.581014419035471, "spark.executor.memory": 6.211026221269593, "spark.executor.memoryOverhead": 568.3465872921348, "spark.memory.fraction": 0.6594338764893469, "spark.memory.storageFraction": 0.7372088176160971, "spark.reducer.maxBlocksInFlightPerAddress": 1693947089.521577, "spark.reducer.maxSizeInFlight": 61.59280569681882, "spark.shuffle.file.buffer": 33.873026942785124}, "datetime": {"datetime": "2022-03-01 01:11:06", "elapsed": 4.299643, "delta": 0.121672}}
{"target": -2797.1500200000014, "params": {"spark.default.parallelism": 283.72774823872646, "spark.executor.cores": 3.4701055468976247, "spark.executor.instances": 5.750845733526331, "spark.executor.memory": 5.810833100376839, "spark.executor.memoryOverhead": 539.3416175195753, "spark.memory.fraction": 0.5919160608867012, "spark.memory.storageFraction": 0.6210722270644555, "spark.reducer.maxBlocksInFlightPerAddress": 1727630930.3074727, "spark.reducer.maxSizeInFlight": 53.06547174053002, "spark.shuffle.file.buffer": 34.843404258798856}, "datetime": {"datetime": "2022-03-01 01:11:06", "elapsed": 4.42431, "delta": 0.124667}}
