{"target": -2715.8504800000005, "params": {"spark.default.parallelism": 376.4151725513945, "spark.executor.cores": 3.990333747280275, "spark.executor.instances": 7.305232881679623, "spark.executor.memory": 3.2750201064097313, "spark.executor.memoryOverhead": 656.6614153999175, "spark.memory.fraction": 0.6657187792909847, "spark.memory.storageFraction": 0.7795014040984125, "spark.reducer.maxBlocksInFlightPerAddress": 1672897777.5514646, "spark.reducer.maxSizeInFlight": 28.694130586737916, "spark.shuffle.file.buffer": 22.043993008505492}, "datetime": {"datetime": "2022-03-01 01:17:17", "elapsed": 4.730491, "delta": 0.13464}}
