{"target": -2716.959000000001, "params": {"spark.default.parallelism": 375.3147704332469, "spark.executor.cores": 3.6498205137005915, "spark.executor.instances": 7.6568170536547004, "spark.executor.memory": 5.256877996829713, "spark.executor.memoryOverhead": 444.9336603808033, "spark.memory.fraction": 0.6511271990178089, "spark.memory.storageFraction": 0.5797904240223174, "spark.reducer.maxBlocksInFlightPerAddress": 1696777103.8188415, "spark.reducer.maxSizeInFlight": 29.68794236506716, "spark.shuffle.file.buffer": 16.940018407615895}, "datetime": {"datetime": "2022-03-01 01:11:38", "elapsed": 0.0, "delta": 0.0}}
{"target": -2797.6595200000006, "params": {"spark.default.parallelism": 476.60508518055923, "spark.executor.cores": 1.1824788998105, "spark.executor.instances": 6.3921400144217335, "spark.executor.memory": 3.3506242628469733, "spark.executor.memoryOverhead": 874.3097009042124, "spark.memory.fraction": 0.6130824486439976, "spark.memory.storageFraction": 0.8605375624461328, "spark.reducer.maxBlocksInFlightPerAddress": 1276175343.1397135, "spark.reducer.maxSizeInFlight": 57.5519903262983, "spark.shuffle.file.buffer": 39.64776252052927}, "datetime": {"datetime": "2022-03-01 01:11:38", "elapsed": 0.032912, "delta": 0.032912}}
{"target": -2798.833920000002, "params": {"spark.default.parallelism": 284.0010337160031, "spark.executor.cores": 2.5683293412124684, "spark.executor.instances": 4.337628285199485, "spark.executor.memory": 6.368003400328884, "spark.executor.memoryOverhead": 566.8090203501465, "spark.memory.fraction": 0.8494612726310655, "spark.memory.storageFraction": 0.6542885320904731, "spark.reducer.maxBlocksInFlightPerAddress": 1901163918.1152077, "spark.reducer.maxSizeInFlight": 46.18435007789873, "spark.shuffle.file.buffer": 28.09868183205196}, "datetime": {"datetime": "2022-03-01 01:11:39", "elapsed": 0.063858, "delta": 0.030946}}
{"target": -2800.989390000002, "params": {"spark.default.parallelism": 380.0, "spark.executor.cores": 3.0, "spark.executor.instances": 7.0, "spark.executor.memory": 5.0, "spark.executor.memoryOverhead": 517.0, "spark.memory.fraction": 0.6399999856948853, "spark.memory.storageFraction": 0.5699999928474426, "spark.reducer.maxBlocksInFlightPerAddress": 1695973120.0, "spark.reducer.maxSizeInFlight": 37.0, "spark.shuffle.file.buffer": 18.0}, "datetime": {"datetime": "2022-03-01 01:11:40", "elapsed": 1.509146, "delta": 1.445288}}
{"target": -2800.5231600000016, "params": {"spark.default.parallelism": 377.0, "spark.executor.cores": 3.0, "spark.executor.instances": 7.0, "spark.executor.memory": 5.0, "spark.executor.memoryOverhead": 547.0, "spark.memory.fraction": 0.6499999761581421, "spark.memory.storageFraction": 0.6000000238418579, "spark.reducer.maxBlocksInFlightPerAddress": 1691936256.0, "spark.reducer.maxSizeInFlight": 37.0, "spark.shuffle.file.buffer": 21.0}, "datetime": {"datetime": "2022-03-01 01:11:40", "elapsed": 1.554025, "delta": 0.044879}}
{"target": -2800.5231600000016, "params": {"spark.default.parallelism": 378.0, "spark.executor.cores": 3.0, "spark.executor.instances": 6.0, "spark.executor.memory": 5.0, "spark.executor.memoryOverhead": 551.0, "spark.memory.fraction": 0.6499999761581421, "spark.memory.storageFraction": 0.6100000143051147, "spark.reducer.maxBlocksInFlightPerAddress": 1682442752.0, "spark.reducer.maxSizeInFlight": 37.0, "spark.shuffle.file.buffer": 21.0}, "datetime": {"datetime": "2022-03-01 01:11:40", "elapsed": 1.607882, "delta": 0.053857}}
{"target": -2793.286840000001, "params": {"spark.default.parallelism": 344.15316561219237, "spark.executor.cores": 3.415188039476352, "spark.executor.instances": 7.4279124770935265, "spark.executor.memory": 6.071894202653859, "spark.executor.memoryOverhead": 490.0174160480187, "spark.memory.fraction": 0.6668285463667685, "spark.memory.storageFraction": 0.5237859109566045, "spark.reducer.maxBlocksInFlightPerAddress": 1677768904.1627069, "spark.reducer.maxSizeInFlight": 25.89423817370936, "spark.shuffle.file.buffer": 31.025116516231897}, "datetime": {"datetime": "2022-03-01 01:11:40", "elapsed": 1.724569, "delta": 0.116687}}
{"target": -2716.073210000001, "params": {"spark.default.parallelism": 423.3401707991726, "spark.executor.cores": 3.908886915924354, "spark.executor.instances": 7.46364314451043, "spark.executor.memory": 5.164763225287256, "spark.executor.memoryOverhead": 462.0196795022405, "spark.memory.fraction": 0.6378599978471415, "spark.memory.storageFraction": 0.6508856734750539, "spark.reducer.maxBlocksInFlightPerAddress": 1544841926.0819213, "spark.reducer.maxSizeInFlight": 36.36556917675516, "spark.shuffle.file.buffer": 28.469516703981025}, "datetime": {"datetime": "2022-03-01 01:11:40", "elapsed": 1.789396, "delta": 0.064827}}
{"target": -2714.9082300000014, "params": {"spark.default.parallelism": 410.4139655456064, "spark.executor.cores": 3.5110760215928205, "spark.executor.instances": 6.940494336621475, "spark.executor.memory": 5.0105638560058186, "spark.executor.memoryOverhead": 569.4042357457992, "spark.memory.fraction": 0.6354839395064322, "spark.memory.storageFraction": 0.6396947419811232, "spark.reducer.maxBlocksInFlightPerAddress": 1540601019.9302402, "spark.reducer.maxSizeInFlight": 37.93314361020463, "spark.shuffle.file.buffer": 22.010627299030997}, "datetime": {"datetime": "2022-03-01 01:11:40", "elapsed": 1.854222, "delta": 0.064826}}
{"target": -2796.958050000001, "params": {"spark.default.parallelism": 486.9277419103748, "spark.executor.cores": 3.435213904856845, "spark.executor.instances": 7.255543242436961, "spark.executor.memory": 5.20353746987514, "spark.executor.memoryOverhead": 486.67949081034163, "spark.memory.fraction": 0.6430117407611218, "spark.memory.storageFraction": 0.6857791368792847, "spark.reducer.maxBlocksInFlightPerAddress": 1502276172.326476, "spark.reducer.maxSizeInFlight": 35.172863412808226, "spark.shuffle.file.buffer": 26.54507371653337}, "datetime": {"datetime": "2022-03-01 01:11:40", "elapsed": 1.929023, "delta": 0.074801}}
{"target": -2799.357660000001, "params": {"spark.default.parallelism": 331.3180129806579, "spark.executor.cores": 3.3210966239269095, "spark.executor.instances": 7.261770403452983, "spark.executor.memory": 4.870910081671937, "spark.executor.memoryOverhead": 574.1595496794395, "spark.memory.fraction": 0.6212593162874469, "spark.memory.storageFraction": 0.6850594871035669, "spark.reducer.maxBlocksInFlightPerAddress": 1435920896.8396163, "spark.reducer.maxSizeInFlight": 38.510882849001206, "spark.shuffle.file.buffer": 20.55441782535772}, "datetime": {"datetime": "2022-03-01 01:11:40", "elapsed": 2.005817, "delta": 0.076794}}
{"target": -2797.106070000001, "params": {"spark.default.parallelism": 375.0362530165826, "spark.executor.cores": 3.1416145316755255, "spark.executor.instances": 6.086650733669737, "spark.executor.memory": 4.19740704371783, "spark.executor.memoryOverhead": 675.1495332889914, "spark.memory.fraction": 0.6390794804781036, "spark.memory.storageFraction": 0.6325789942436075, "spark.reducer.maxBlocksInFlightPerAddress": 1591069473.5017495, "spark.reducer.maxSizeInFlight": 52.74644499433979, "spark.shuffle.file.buffer": 33.17439676747492}, "datetime": {"datetime": "2022-03-01 01:11:41", "elapsed": 2.069646, "delta": 0.063829}}
{"target": -2797.8580300000012, "params": {"spark.default.parallelism": 399.25712181914804, "spark.executor.cores": 3.370414837667216, "spark.executor.instances": 6.245260767601579, "spark.executor.memory": 5.024957337988661, "spark.executor.memoryOverhead": 609.4432005164697, "spark.memory.fraction": 0.5533319282703596, "spark.memory.storageFraction": 0.6695921702300833, "spark.reducer.maxBlocksInFlightPerAddress": 1438090018.682611, "spark.reducer.maxSizeInFlight": 35.84429306215539, "spark.shuffle.file.buffer": 33.71122839177431}, "datetime": {"datetime": "2022-03-01 01:11:41", "elapsed": 2.146441, "delta": 0.076795}}
{"target": -2714.05435, "params": {"spark.default.parallelism": 341.32245714933595, "spark.executor.cores": 3.5682424069693606, "spark.executor.instances": 7.729971714714095, "spark.executor.memory": 5.527398613083591, "spark.executor.memoryOverhead": 384.47534333613703, "spark.memory.fraction": 0.71710479235422, "spark.memory.storageFraction": 0.5764922070948796, "spark.reducer.maxBlocksInFlightPerAddress": 1918940204.9082174, "spark.reducer.maxSizeInFlight": 34.34314060937369, "spark.shuffle.file.buffer": 21.673621151317032}, "datetime": {"datetime": "2022-03-01 01:11:41", "elapsed": 2.230218, "delta": 0.083777}}
{"target": -2801.3847600000013, "params": {"spark.default.parallelism": 314.4338015965626, "spark.executor.cores": 2.83383561719282, "spark.executor.instances": 7.142179913015257, "spark.executor.memory": 5.912212498121962, "spark.executor.memoryOverhead": 449.09664339068416, "spark.memory.fraction": 0.7958230276200504, "spark.memory.storageFraction": 0.6241322749139182, "spark.reducer.maxBlocksInFlightPerAddress": 1916453057.196712, "spark.reducer.maxSizeInFlight": 31.950461099043046, "spark.shuffle.file.buffer": 22.1016163526508}, "datetime": {"datetime": "2022-03-01 01:11:41", "elapsed": 2.315989, "delta": 0.085771}}
{"target": -2716.3181800000016, "params": {"spark.default.parallelism": 390.0982754787683, "spark.executor.cores": 3.5873626976504447, "spark.executor.instances": 7.062698915224085, "spark.executor.memory": 5.197986269841874, "spark.executor.memoryOverhead": 500.5334466226287, "spark.memory.fraction": 0.631995375249289, "spark.memory.storageFraction": 0.6073434819162742, "spark.reducer.maxBlocksInFlightPerAddress": 1873350544.112059, "spark.reducer.maxSizeInFlight": 34.13655738775405, "spark.shuffle.file.buffer": 18.48768177733305}, "datetime": {"datetime": "2022-03-01 01:11:41", "elapsed": 2.400761, "delta": 0.084772}}
{"target": -2713.4934600000015, "params": {"spark.default.parallelism": 379.69193962358565, "spark.executor.cores": 3.7250807353865856, "spark.executor.instances": 5.718741229631302, "spark.executor.memory": 5.172813776246022, "spark.executor.memoryOverhead": 685.2973985504018, "spark.memory.fraction": 0.6227480130876691, "spark.memory.storageFraction": 0.6941609535914326, "spark.reducer.maxBlocksInFlightPerAddress": 1580796362.2599692, "spark.reducer.maxSizeInFlight": 45.53259824779669, "spark.shuffle.file.buffer": 29.03774644906777}, "datetime": {"datetime": "2022-03-01 01:11:41", "elapsed": 2.482543, "delta": 0.081782}}
{"target": -2800.2469700000015, "params": {"spark.default.parallelism": 416.6259021874313, "spark.executor.cores": 3.3466263149104827, "spark.executor.instances": 7.5751106944208555, "spark.executor.memory": 5.0004097404772025, "spark.executor.memoryOverhead": 524.4453900171616, "spark.memory.fraction": 0.6535335116767951, "spark.memory.storageFraction": 0.5673675248500882, "spark.reducer.maxBlocksInFlightPerAddress": 1727784691.15993, "spark.reducer.maxSizeInFlight": 39.647914531619605, "spark.shuffle.file.buffer": 20.766889936221403}, "datetime": {"datetime": "2022-03-01 01:11:41", "elapsed": 2.568313, "delta": 0.08577}}
{"target": -2797.2512800000013, "params": {"spark.default.parallelism": 413.4233872051867, "spark.executor.cores": 3.324720327956422, "spark.executor.instances": 6.593097680379829, "spark.executor.memory": 4.064579499676429, "spark.executor.memoryOverhead": 551.5264427518259, "spark.memory.fraction": 0.6620306111599634, "spark.memory.storageFraction": 0.6811328409599262, "spark.reducer.maxBlocksInFlightPerAddress": 1400134081.5636883, "spark.reducer.maxSizeInFlight": 49.90068083372773, "spark.shuffle.file.buffer": 28.977808442207703}, "datetime": {"datetime": "2022-03-01 01:11:41", "elapsed": 2.671048, "delta": 0.102735}}
{"target": -2802.204780000002, "params": {"spark.default.parallelism": 364.3036563752545, "spark.executor.cores": 3.153972689831237, "spark.executor.instances": 7.590752764590745, "spark.executor.memory": 5.387727031043058, "spark.executor.memoryOverhead": 439.4930205510624, "spark.memory.fraction": 0.7612988021544639, "spark.memory.storageFraction": 0.6070557309386709, "spark.reducer.maxBlocksInFlightPerAddress": 1591035082.062234, "spark.reducer.maxSizeInFlight": 26.591458712326908, "spark.shuffle.file.buffer": 19.935752084242086}, "datetime": {"datetime": "2022-03-01 01:11:41", "elapsed": 2.776765, "delta": 0.105717}}
{"target": -2801.486320000002, "params": {"spark.default.parallelism": 368.3576426871435, "spark.executor.cores": 3.3375271387937286, "spark.executor.instances": 7.197899375809376, "spark.executor.memory": 4.683340469833233, "spark.executor.memoryOverhead": 520.9198427013815, "spark.memory.fraction": 0.7249046102446219, "spark.memory.storageFraction": 0.5853172372066641, "spark.reducer.maxBlocksInFlightPerAddress": 1766705781.7041664, "spark.reducer.maxSizeInFlight": 25.48259587770126, "spark.shuffle.file.buffer": 20.70950097369163}, "datetime": {"datetime": "2022-03-01 01:11:41", "elapsed": 2.859544, "delta": 0.082779}}
{"target": -2807.404830000002, "params": {"spark.default.parallelism": 382.3254400066194, "spark.executor.cores": 2.861544829546636, "spark.executor.instances": 5.92795167328753, "spark.executor.memory": 5.530911076051375, "spark.executor.memoryOverhead": 587.1523544965409, "spark.memory.fraction": 0.6026835545903035, "spark.memory.storageFraction": 0.7092232001983527, "spark.reducer.maxBlocksInFlightPerAddress": 1979143722.320918, "spark.reducer.maxSizeInFlight": 46.00295196518968, "spark.shuffle.file.buffer": 20.871054461881307}, "datetime": {"datetime": "2022-03-01 01:11:41", "elapsed": 2.946312, "delta": 0.086768}}
{"target": -2800.1580600000016, "params": {"spark.default.parallelism": 331.7547225171286, "spark.executor.cores": 3.050504857350317, "spark.executor.instances": 6.951415351820932, "spark.executor.memory": 5.4202762038067185, "spark.executor.memoryOverhead": 451.15247741974036, "spark.memory.fraction": 0.7474345484741476, "spark.memory.storageFraction": 0.6493383838375546, "spark.reducer.maxBlocksInFlightPerAddress": 1699585094.8588119, "spark.reducer.maxSizeInFlight": 37.0871479978015, "spark.shuffle.file.buffer": 22.6473309170783}, "datetime": {"datetime": "2022-03-01 01:11:41", "elapsed": 3.043053, "delta": 0.096741}}
{"target": -2805.2413700000016, "params": {"spark.default.parallelism": 392.44562571877356, "spark.executor.cores": 3.4679218661863893, "spark.executor.instances": 6.5010389729014335, "spark.executor.memory": 5.530680732952878, "spark.executor.memoryOverhead": 629.4830302801756, "spark.memory.fraction": 0.6509070018127072, "spark.memory.storageFraction": 0.6455733442013332, "spark.reducer.maxBlocksInFlightPerAddress": 1976023367.0538123, "spark.reducer.maxSizeInFlight": 27.15906888309992, "spark.shuffle.file.buffer": 21.755867944396396}, "datetime": {"datetime": "2022-03-01 01:11:42", "elapsed": 3.133811, "delta": 0.090758}}
{"target": -2713.426800000001, "params": {"spark.default.parallelism": 338.8450928613993, "spark.executor.cores": 3.544632858109478, "spark.executor.instances": 7.363056089003534, "spark.executor.memory": 5.296207206788097, "spark.executor.memoryOverhead": 504.1303812068405, "spark.memory.fraction": 0.6507195184619134, "spark.memory.storageFraction": 0.6446226058016078, "spark.reducer.maxBlocksInFlightPerAddress": 1556367516.989669, "spark.reducer.maxSizeInFlight": 35.82858316705571, "spark.shuffle.file.buffer": 23.900730611365823}, "datetime": {"datetime": "2022-03-01 01:11:42", "elapsed": 3.22357, "delta": 0.089759}}
{"target": -2801.0105200000016, "params": {"spark.default.parallelism": 296.70334468859323, "spark.executor.cores": 3.2617514097494613, "spark.executor.instances": 6.4272023564195395, "spark.executor.memory": 5.2776541248623845, "spark.executor.memoryOverhead": 464.7877647395248, "spark.memory.fraction": 0.6775522371791289, "spark.memory.storageFraction": 0.6179007034709642, "spark.reducer.maxBlocksInFlightPerAddress": 1742997738.3817143, "spark.reducer.maxSizeInFlight": 41.709149603743114, "spark.shuffle.file.buffer": 22.414992440449424}, "datetime": {"datetime": "2022-03-01 01:11:42", "elapsed": 3.344248, "delta": 0.120678}}
{"target": -2810.311820000001, "params": {"spark.default.parallelism": 312.3628202835414, "spark.executor.cores": 3.411280561071282, "spark.executor.instances": 7.091896617741791, "spark.executor.memory": 5.681355565302301, "spark.executor.memoryOverhead": 409.55136017803926, "spark.memory.fraction": 0.6909046727065634, "spark.memory.storageFraction": 0.6446545004183017, "spark.reducer.maxBlocksInFlightPerAddress": 1993202319.7132988, "spark.reducer.maxSizeInFlight": 34.2464676907111, "spark.shuffle.file.buffer": 29.56608888771169}, "datetime": {"datetime": "2022-03-01 01:11:42", "elapsed": 3.453955, "delta": 0.109707}}
{"target": -2800.1520200000023, "params": {"spark.default.parallelism": 377.1447697667237, "spark.executor.cores": 3.4601795864114004, "spark.executor.instances": 7.31842554146615, "spark.executor.memory": 5.669387671867659, "spark.executor.memoryOverhead": 492.45243068581834, "spark.memory.fraction": 0.6759253019090296, "spark.memory.storageFraction": 0.7058166809316748, "spark.reducer.maxBlocksInFlightPerAddress": 1606423986.9172506, "spark.reducer.maxSizeInFlight": 34.647151129371004, "spark.shuffle.file.buffer": 17.8639770020754}, "datetime": {"datetime": "2022-03-01 01:11:42", "elapsed": 3.561666, "delta": 0.107711}}
{"target": -2718.06678, "params": {"spark.default.parallelism": 423.3152439818786, "spark.executor.cores": 3.6477627458997017, "spark.executor.instances": 6.311079165091428, "spark.executor.memory": 4.3570414798866555, "spark.executor.memoryOverhead": 653.2530707445441, "spark.memory.fraction": 0.6437659022314761, "spark.memory.storageFraction": 0.7294653142368361, "spark.reducer.maxBlocksInFlightPerAddress": 1257037472.8512516, "spark.reducer.maxSizeInFlight": 49.26838767807997, "spark.shuffle.file.buffer": 34.32804454876516}, "datetime": {"datetime": "2022-03-01 01:11:42", "elapsed": 3.688328, "delta": 0.126662}}
{"target": -2716.8805300000013, "params": {"spark.default.parallelism": 311.9624882918741, "spark.executor.cores": 3.580754965125229, "spark.executor.instances": 7.072048044154812, "spark.executor.memory": 4.655854506859356, "spark.executor.memoryOverhead": 464.1327514341867, "spark.memory.fraction": 0.6539064241234971, "spark.memory.storageFraction": 0.5692810183916547, "spark.reducer.maxBlocksInFlightPerAddress": 1728094453.147462, "spark.reducer.maxSizeInFlight": 30.268449301497867, "spark.shuffle.file.buffer": 25.48610011884745}, "datetime": {"datetime": "2022-03-01 01:11:42", "elapsed": 3.812994, "delta": 0.124666}}
{"target": -2797.931100000001, "params": {"spark.default.parallelism": 349.6362891515073, "spark.executor.cores": 3.0707563219146077, "spark.executor.instances": 6.8714642703111855, "spark.executor.memory": 5.352284361860276, "spark.executor.memoryOverhead": 627.6318793300151, "spark.memory.fraction": 0.6394650629107433, "spark.memory.storageFraction": 0.6649089267422984, "spark.reducer.maxBlocksInFlightPerAddress": 1179957934.9387653, "spark.reducer.maxSizeInFlight": 43.34820167787551, "spark.shuffle.file.buffer": 28.70602946387198}, "datetime": {"datetime": "2022-03-01 01:11:42", "elapsed": 3.913725, "delta": 0.100731}}
{"target": -2797.8580300000012, "params": {"spark.default.parallelism": 329.4590965359678, "spark.executor.cores": 3.1951261524115044, "spark.executor.instances": 6.437429183796956, "spark.executor.memory": 4.92974160895289, "spark.executor.memoryOverhead": 625.7130908430385, "spark.memory.fraction": 0.6588577692751645, "spark.memory.storageFraction": 0.6662828862931621, "spark.reducer.maxBlocksInFlightPerAddress": 1476769073.0875978, "spark.reducer.maxSizeInFlight": 42.307176200327795, "spark.shuffle.file.buffer": 34.50069970114449}, "datetime": {"datetime": "2022-03-01 01:11:42", "elapsed": 4.019442, "delta": 0.105717}}
{"target": -2714.176280000001, "params": {"spark.default.parallelism": 386.90265557620353, "spark.executor.cores": 3.58494783379413, "spark.executor.instances": 7.2038796077020235, "spark.executor.memory": 5.576087138968946, "spark.executor.memoryOverhead": 511.6730906150788, "spark.memory.fraction": 0.6407896573339953, "spark.memory.storageFraction": 0.7262343941287477, "spark.reducer.maxBlocksInFlightPerAddress": 1524882034.4691613, "spark.reducer.maxSizeInFlight": 41.18752046206165, "spark.shuffle.file.buffer": 32.496937679560716}, "datetime": {"datetime": "2022-03-01 01:11:43", "elapsed": 4.136131, "delta": 0.116689}}
{"target": -2797.033800000002, "params": {"spark.default.parallelism": 352.4396394089955, "spark.executor.cores": 3.2529074322929246, "spark.executor.instances": 6.309291534429747, "spark.executor.memory": 5.0134097152750865, "spark.executor.memoryOverhead": 528.2998314870989, "spark.memory.fraction": 0.6219318953184193, "spark.memory.storageFraction": 0.5936896856819245, "spark.reducer.maxBlocksInFlightPerAddress": 1552907513.4032497, "spark.reducer.maxSizeInFlight": 38.75294530025239, "spark.shuffle.file.buffer": 35.78588399567627}, "datetime": {"datetime": "2022-03-01 01:11:43", "elapsed": 4.261795, "delta": 0.125664}}
{"target": -2804.857230000002, "params": {"spark.default.parallelism": 344.1791677773167, "spark.executor.cores": 3.4578635859038256, "spark.executor.instances": 6.665723092646308, "spark.executor.memory": 4.914817766756771, "spark.executor.memoryOverhead": 414.7668639241854, "spark.memory.fraction": 0.6891592344410475, "spark.memory.storageFraction": 0.5853378878854905, "spark.reducer.maxBlocksInFlightPerAddress": 1783940085.0526094, "spark.reducer.maxSizeInFlight": 38.18832854490631, "spark.shuffle.file.buffer": 18.124223643772527}, "datetime": {"datetime": "2022-03-01 01:11:43", "elapsed": 4.397433, "delta": 0.135638}}
