{"target": -2810.615430000001, "params": {"spark.default.parallelism": 342.40466736740933, "spark.executor.cores": 1.5328437609732941, "spark.executor.instances": 5.48353966406634, "spark.executor.memory": 5.927917522965737, "spark.executor.memoryOverhead": 632.4321373398147, "spark.memory.fraction": 0.8960879799894867, "spark.memory.storageFraction": 0.7947137520803875, "spark.reducer.maxBlocksInFlightPerAddress": 2131619472.168923, "spark.reducer.maxSizeInFlight": 63.78156137585262, "spark.shuffle.file.buffer": 45.49871313967052}, "datetime": {"datetime": "2022-02-25 11:45:44", "elapsed": 0.0, "delta": 0.0}}
{"target": -2798.3917400000023, "params": {"spark.default.parallelism": 452.0196351000265, "spark.executor.cores": 3.3864558136780625, "spark.executor.instances": 7.98573382953111, "spark.executor.memory": 4.888290588409708, "spark.executor.memoryOverhead": 869.8850173790897, "spark.memory.fraction": 0.5353674616814431, "spark.memory.storageFraction": 0.7333800321578342, "spark.reducer.maxBlocksInFlightPerAddress": 1598443767.8223755, "spark.reducer.maxSizeInFlight": 36.69493495249126, "spark.shuffle.file.buffer": 25.277580702171683}, "datetime": {"datetime": "2022-02-25 11:45:44", "elapsed": 0.038898, "delta": 0.038898}}
{"target": -2800.5680300000013, "params": {"spark.default.parallelism": 202.09916971635127, "spark.executor.cores": 2.5322394934618724, "spark.executor.instances": 5.229790559671056, "spark.executor.memory": 3.863660389273254, "spark.executor.memoryOverhead": 447.31853436987643, "spark.memory.fraction": 0.6573664174796017, "spark.memory.storageFraction": 0.5804699345702757, "spark.reducer.maxBlocksInFlightPerAddress": 1251536629.5344968, "spark.reducer.maxSizeInFlight": 41.23784218749296, "spark.shuffle.file.buffer": 27.410145986328217}, "datetime": {"datetime": "2022-02-25 11:45:45", "elapsed": 0.076306, "delta": 0.037408}}
{"target": -2810.615430000001, "params": {"spark.default.parallelism": 342.0, "spark.executor.cores": 1.0, "spark.executor.instances": 5.0, "spark.executor.memory": 6.0, "spark.executor.memoryOverhead": 626.0, "spark.memory.fraction": 0.8899999856948853, "spark.memory.storageFraction": 0.7799999713897705, "spark.reducer.maxBlocksInFlightPerAddress": 2147483648.0, "spark.reducer.maxSizeInFlight": 64.0, "spark.shuffle.file.buffer": 44.0}, "datetime": {"datetime": "2022-02-25 11:45:47", "elapsed": 2.310324, "delta": 2.234018}}
{"target": -2808.347670000001, "params": {"spark.default.parallelism": 337.0, "spark.executor.cores": 2.0, "spark.executor.instances": 5.0, "spark.executor.memory": 6.0, "spark.executor.memoryOverhead": 638.0, "spark.memory.fraction": 0.8799999952316284, "spark.memory.storageFraction": 0.8100000023841858, "spark.reducer.maxBlocksInFlightPerAddress": 2147483648.0, "spark.reducer.maxSizeInFlight": 65.0, "spark.shuffle.file.buffer": 43.0}, "datetime": {"datetime": "2022-02-25 11:45:47", "elapsed": 2.376402, "delta": 0.066078}}
{"target": -2811.666330000001, "params": {"spark.default.parallelism": 471.7347958176224, "spark.executor.cores": 1.623735245622408, "spark.executor.instances": 6.7021902652564265, "spark.executor.memory": 6.307245827387211, "spark.executor.memoryOverhead": 512.8708848319183, "spark.memory.fraction": 0.5002018501106356, "spark.memory.storageFraction": 0.7529280134151459, "spark.reducer.maxBlocksInFlightPerAddress": 2027727390.8450725, "spark.reducer.maxSizeInFlight": 60.16555453095418, "spark.shuffle.file.buffer": 25.13734788014303}, "datetime": {"datetime": "2022-02-25 11:45:47", "elapsed": 2.518555, "delta": 0.142153}}
{"target": -2797.238750000002, "params": {"spark.default.parallelism": 486.2394357576476, "spark.executor.cores": 1.2312871265815353, "spark.executor.instances": 6.671555755962629, "spark.executor.memory": 6.093578670722904, "spark.executor.memoryOverhead": 597.20764129425, "spark.memory.fraction": 0.566908767886981, "spark.memory.storageFraction": 0.549952090389277, "spark.reducer.maxBlocksInFlightPerAddress": 1355843577.2816215, "spark.reducer.maxSizeInFlight": 25.570597125766916, "spark.shuffle.file.buffer": 35.34356290352122}, "datetime": {"datetime": "2022-02-25 11:45:47", "elapsed": 2.611796, "delta": 0.093241}}
{"target": -2716.336960000001, "params": {"spark.default.parallelism": 265.99297625372975, "spark.executor.cores": 3.5663683747048287, "spark.executor.instances": 7.179488483764702, "spark.executor.memory": 4.397167676389818, "spark.executor.memoryOverhead": 620.2671062595156, "spark.memory.fraction": 0.7223427035574222, "spark.memory.storageFraction": 0.6777398809728279, "spark.reducer.maxBlocksInFlightPerAddress": 1826051960.7028747, "spark.reducer.maxSizeInFlight": 41.6369158208802, "spark.shuffle.file.buffer": 47.86790957178454}, "datetime": {"datetime": "2022-02-25 11:45:47", "elapsed": 2.704807, "delta": 0.093011}}
{"target": -2797.0545800000004, "params": {"spark.default.parallelism": 345.9575059778214, "spark.executor.cores": 3.1440922994374563, "spark.executor.instances": 7.0392250747115614, "spark.executor.memory": 6.962727483549804, "spark.executor.memoryOverhead": 766.7546950852324, "spark.memory.fraction": 0.5817279152607406, "spark.memory.storageFraction": 0.6331629966578163, "spark.reducer.maxBlocksInFlightPerAddress": 1211856221.2005877, "spark.reducer.maxSizeInFlight": 24.999809610364057, "spark.shuffle.file.buffer": 44.3916597706138}, "datetime": {"datetime": "2022-02-25 11:45:47", "elapsed": 2.794693, "delta": 0.089886}}
{"target": -2807.822400000001, "params": {"spark.default.parallelism": 280.45195687695133, "spark.executor.cores": 1.3648674985890505, "spark.executor.instances": 6.491444310510021, "spark.executor.memory": 4.724482082144515, "spark.executor.memoryOverhead": 587.6287890158578, "spark.memory.fraction": 0.6934385279716476, "spark.memory.storageFraction": 0.5894932200870144, "spark.reducer.maxBlocksInFlightPerAddress": 2112623908.705553, "spark.reducer.maxSizeInFlight": 39.38805184459612, "spark.shuffle.file.buffer": 38.39361373640864}, "datetime": {"datetime": "2022-02-25 11:45:47", "elapsed": 2.889444, "delta": 0.094751}}
{"target": -2807.0062300000013, "params": {"spark.default.parallelism": 230.9067130890092, "spark.executor.cores": 2.347809941987429, "spark.executor.instances": 6.349207892032901, "spark.executor.memory": 4.863152281530208, "spark.executor.memoryOverhead": 534.7836185254696, "spark.memory.fraction": 0.7827695753201128, "spark.memory.storageFraction": 0.5530067371631945, "spark.reducer.maxBlocksInFlightPerAddress": 2048344295.4161325, "spark.reducer.maxSizeInFlight": 58.012989078743686, "spark.shuffle.file.buffer": 45.970502274357244}, "datetime": {"datetime": "2022-02-25 11:45:47", "elapsed": 2.983086, "delta": 0.093642}}
{"target": -2795.806160000001, "params": {"spark.default.parallelism": 352.04651515700687, "spark.executor.cores": 1.7782770312527538, "spark.executor.instances": 7.885765277992592, "spark.executor.memory": 5.038123631538513, "spark.executor.memoryOverhead": 538.0941905619998, "spark.memory.fraction": 0.7052444345224423, "spark.memory.storageFraction": 0.5534462275676156, "spark.reducer.maxBlocksInFlightPerAddress": 1382175986.4515374, "spark.reducer.maxSizeInFlight": 28.14624059181522, "spark.shuffle.file.buffer": 42.30314185306119}, "datetime": {"datetime": "2022-02-25 11:45:48", "elapsed": 3.078839, "delta": 0.095753}}
{"target": -2796.8492400000014, "params": {"spark.default.parallelism": 270.4786092350405, "spark.executor.cores": 3.2377562411493646, "spark.executor.instances": 5.8573510013244245, "spark.executor.memory": 4.080125297767461, "spark.executor.memoryOverhead": 622.6011244461616, "spark.memory.fraction": 0.6823038593029572, "spark.memory.storageFraction": 0.6694246533007249, "spark.reducer.maxBlocksInFlightPerAddress": 1737397985.9944415, "spark.reducer.maxSizeInFlight": 37.71184295557874, "spark.shuffle.file.buffer": 39.388692138875044}, "datetime": {"datetime": "2022-02-25 11:45:48", "elapsed": 3.173699, "delta": 0.09486}}
{"target": -2798.4134800000015, "params": {"spark.default.parallelism": 292.1189803826157, "spark.executor.cores": 2.7077476538910807, "spark.executor.instances": 4.207283138125501, "spark.executor.memory": 4.730596523410366, "spark.executor.memoryOverhead": 742.2134768483536, "spark.memory.fraction": 0.7050624040282509, "spark.memory.storageFraction": 0.5760350924159015, "spark.reducer.maxBlocksInFlightPerAddress": 1446856239.9477859, "spark.reducer.maxSizeInFlight": 71.16904767547007, "spark.shuffle.file.buffer": 25.254765771556578}, "datetime": {"datetime": "2022-02-25 11:45:48", "elapsed": 3.261881, "delta": 0.088182}}
{"target": -2797.060220000001, "params": {"spark.default.parallelism": 498.4717374322219, "spark.executor.cores": 3.3098758462286977, "spark.executor.instances": 6.5898180666693005, "spark.executor.memory": 3.8215193600816875, "spark.executor.memoryOverhead": 743.2327144178248, "spark.memory.fraction": 0.570280188682581, "spark.memory.storageFraction": 0.5409804876852686, "spark.reducer.maxBlocksInFlightPerAddress": 1796569176.0152788, "spark.reducer.maxSizeInFlight": 55.31720373195644, "spark.shuffle.file.buffer": 28.561055631620878}, "datetime": {"datetime": "2022-02-25 11:45:48", "elapsed": 3.36407, "delta": 0.102189}}
{"target": -2797.060220000001, "params": {"spark.default.parallelism": 498.4717374322219, "spark.executor.cores": 3.3098758462286977, "spark.executor.instances": 6.5898180666693005, "spark.executor.memory": 3.8215193600816875, "spark.executor.memoryOverhead": 743.2327144178248, "spark.memory.fraction": 0.570280188682581, "spark.memory.storageFraction": 0.5409804876852686, "spark.reducer.maxBlocksInFlightPerAddress": 1796569176.0152788, "spark.reducer.maxSizeInFlight": 55.31720373195644, "spark.shuffle.file.buffer": 28.561055631620878}, "datetime": {"datetime": "2022-02-25 11:45:48", "elapsed": 3.454026, "delta": 0.089956}}
{"target": -2800.3888200000015, "params": {"spark.default.parallelism": 400.53448423977983, "spark.executor.cores": 3.4188156849041627, "spark.executor.instances": 4.054246955151147, "spark.executor.memory": 3.9729449889677464, "spark.executor.memoryOverhead": 395.7873595033749, "spark.memory.fraction": 0.8233478287621234, "spark.memory.storageFraction": 0.7522999669195276, "spark.reducer.maxBlocksInFlightPerAddress": 1776947474.9269054, "spark.reducer.maxSizeInFlight": 25.76639049759963, "spark.shuffle.file.buffer": 43.471057799957265}, "datetime": {"datetime": "2022-02-25 11:45:48", "elapsed": 3.554026, "delta": 0.1}}
{"target": -2793.2196100000006, "params": {"spark.default.parallelism": 236.09576172880827, "spark.executor.cores": 2.9979218061332933, "spark.executor.instances": 5.78655651577885, "spark.executor.memory": 4.124187264299631, "spark.executor.memoryOverhead": 384.7633157244881, "spark.memory.fraction": 0.7776508697863813, "spark.memory.storageFraction": 0.5155972233384881, "spark.reducer.maxBlocksInFlightPerAddress": 1196805476.3922563, "spark.reducer.maxSizeInFlight": 26.61458643576564, "spark.shuffle.file.buffer": 43.584902679939866}, "datetime": {"datetime": "2022-02-25 11:45:48", "elapsed": 3.6509, "delta": 0.096874}}
{"target": -2802.9760200000014, "params": {"spark.default.parallelism": 204.9017160613747, "spark.executor.cores": 2.4568465839276667, "spark.executor.instances": 4.170617782473027, "spark.executor.memory": 5.540753735042669, "spark.executor.memoryOverhead": 823.4181514985374, "spark.memory.fraction": 0.6590273103375737, "spark.memory.storageFraction": 0.6301248762774985, "spark.reducer.maxBlocksInFlightPerAddress": 1983374571.603139, "spark.reducer.maxSizeInFlight": 49.303360771004854, "spark.shuffle.file.buffer": 40.022710909864735}, "datetime": {"datetime": "2022-02-25 11:45:48", "elapsed": 3.765579, "delta": 0.114679}}
{"target": -2796.1052900000013, "params": {"spark.default.parallelism": 213.86029833034144, "spark.executor.cores": 2.9793672360782084, "spark.executor.instances": 7.280035033397785, "spark.executor.memory": 5.328857938753822, "spark.executor.memoryOverhead": 740.5185399292209, "spark.memory.fraction": 0.8874447704925226, "spark.memory.storageFraction": 0.5359940782173956, "spark.reducer.maxBlocksInFlightPerAddress": 1918499447.3820412, "spark.reducer.maxSizeInFlight": 35.84117371217542, "spark.shuffle.file.buffer": 27.27668282479911}, "datetime": {"datetime": "2022-02-25 11:45:48", "elapsed": 3.863642, "delta": 0.098063}}
{"target": -2798.7982500000016, "params": {"spark.default.parallelism": 499.5203698033364, "spark.executor.cores": 1.7612747495336676, "spark.executor.instances": 5.842274495189165, "spark.executor.memory": 3.36990870276741, "spark.executor.memoryOverhead": 768.2678557687191, "spark.memory.fraction": 0.5209413050806667, "spark.memory.storageFraction": 0.7406980703082133, "spark.reducer.maxBlocksInFlightPerAddress": 1858818428.1587834, "spark.reducer.maxSizeInFlight": 62.31803082963323, "spark.shuffle.file.buffer": 40.834383608457784}, "datetime": {"datetime": "2022-02-25 11:45:48", "elapsed": 3.961389, "delta": 0.097747}}
{"target": -2802.0539900000017, "params": {"spark.default.parallelism": 212.28824525590178, "spark.executor.cores": 3.0288959021766284, "spark.executor.instances": 7.808174937621228, "spark.executor.memory": 4.372102891993024, "spark.executor.memoryOverhead": 711.769973723103, "spark.memory.fraction": 0.6313822344642755, "spark.memory.storageFraction": 0.7687415609087427, "spark.reducer.maxBlocksInFlightPerAddress": 1796571210.434969, "spark.reducer.maxSizeInFlight": 49.100383623186005, "spark.shuffle.file.buffer": 23.467423703724965}, "datetime": {"datetime": "2022-02-25 11:45:48", "elapsed": 4.066999, "delta": 0.10561}}
{"target": -2802.7247900000016, "params": {"spark.default.parallelism": 281.2286154667962, "spark.executor.cores": 3.4954688829183884, "spark.executor.instances": 4.165862038733264, "spark.executor.memory": 4.815029096128925, "spark.executor.memoryOverhead": 757.5072041224703, "spark.memory.fraction": 0.7607459890059556, "spark.memory.storageFraction": 0.7597687974533374, "spark.reducer.maxBlocksInFlightPerAddress": 1861359003.090942, "spark.reducer.maxSizeInFlight": 49.19551692917284, "spark.shuffle.file.buffer": 20.880164632046643}, "datetime": {"datetime": "2022-02-25 11:45:49", "elapsed": 4.173003, "delta": 0.106004}}
{"target": -2718.4943900000007, "params": {"spark.default.parallelism": 398.4498691404067, "spark.executor.cores": 3.7066739633351364, "spark.executor.instances": 4.4114069284787165, "spark.executor.memory": 3.9635335420310196, "spark.executor.memoryOverhead": 773.6635163349367, "spark.memory.fraction": 0.6961440548944902, "spark.memory.storageFraction": 0.7940657551603901, "spark.reducer.maxBlocksInFlightPerAddress": 1843381009.3138359, "spark.reducer.maxSizeInFlight": 36.062550138899454, "spark.shuffle.file.buffer": 31.058325904970143}, "datetime": {"datetime": "2022-02-25 11:45:49", "elapsed": 4.289901, "delta": 0.116898}}
{"target": -2798.672500000002, "params": {"spark.default.parallelism": 492.57298188705454, "spark.executor.cores": 2.566959308993165, "spark.executor.instances": 7.647975096481321, "spark.executor.memory": 3.7221736596333477, "spark.executor.memoryOverhead": 835.142792208502, "spark.memory.fraction": 0.7114170877750166, "spark.memory.storageFraction": 0.7181665206595174, "spark.reducer.maxBlocksInFlightPerAddress": 1843379642.2355428, "spark.reducer.maxSizeInFlight": 55.025759102075256, "spark.shuffle.file.buffer": 41.39365208019523}, "datetime": {"datetime": "2022-02-25 11:45:49", "elapsed": 4.404067, "delta": 0.114166}}
{"target": -2803.1833300000017, "params": {"spark.default.parallelism": 391.67539650971435, "spark.executor.cores": 2.0844554178178614, "spark.executor.instances": 5.200575010433765, "spark.executor.memory": 6.519709300672959, "spark.executor.memoryOverhead": 399.1725459496612, "spark.memory.fraction": 0.8502058766598098, "spark.memory.storageFraction": 0.7493553964200514, "spark.reducer.maxBlocksInFlightPerAddress": 1398556476.4007888, "spark.reducer.maxSizeInFlight": 36.82663471080859, "spark.shuffle.file.buffer": 19.192073968561278}, "datetime": {"datetime": "2022-02-25 11:45:49", "elapsed": 4.510008, "delta": 0.105941}}
{"target": -2718.160720000001, "params": {"spark.default.parallelism": 381.7550958683454, "spark.executor.cores": 3.9296606774262823, "spark.executor.instances": 4.317558392723323, "spark.executor.memory": 3.766559748319751, "spark.executor.memoryOverhead": 692.2336869872697, "spark.memory.fraction": 0.5198174130691084, "spark.memory.storageFraction": 0.6464399774934287, "spark.reducer.maxBlocksInFlightPerAddress": 1308137737.2675557, "spark.reducer.maxSizeInFlight": 54.13806771750315, "spark.shuffle.file.buffer": 20.704734905037245}, "datetime": {"datetime": "2022-02-25 11:45:49", "elapsed": 4.620878, "delta": 0.11087}}
{"target": -2801.6523800000014, "params": {"spark.default.parallelism": 301.9093356401255, "spark.executor.cores": 3.461020993215877, "spark.executor.instances": 7.140737323796074, "spark.executor.memory": 6.352007111340045, "spark.executor.memoryOverhead": 400.5218204215974, "spark.memory.fraction": 0.8191931916681505, "spark.memory.storageFraction": 0.5110863714611281, "spark.reducer.maxBlocksInFlightPerAddress": 1826052953.3072612, "spark.reducer.maxSizeInFlight": 47.081236661610234, "spark.shuffle.file.buffer": 19.32738434182503}, "datetime": {"datetime": "2022-02-25 11:45:49", "elapsed": 4.730848, "delta": 0.10997}}
{"target": -2812.9268800000013, "params": {"spark.default.parallelism": 226.86249983118307, "spark.executor.cores": 2.5938630744465447, "spark.executor.instances": 6.261043614564869, "spark.executor.memory": 5.948737722909595, "spark.executor.memoryOverhead": 657.6824509227789, "spark.memory.fraction": 0.674871679260466, "spark.memory.storageFraction": 0.7823689167341987, "spark.reducer.maxBlocksInFlightPerAddress": 2093266295.0796576, "spark.reducer.maxSizeInFlight": 57.70144082047158, "spark.shuffle.file.buffer": 24.889142462253563}, "datetime": {"datetime": "2022-02-25 11:45:49", "elapsed": 4.849268, "delta": 0.11842}}
{"target": -2812.9268800000013, "params": {"spark.default.parallelism": 226.86249983118307, "spark.executor.cores": 2.5938630744465447, "spark.executor.instances": 6.261043614564869, "spark.executor.memory": 5.948737722909595, "spark.executor.memoryOverhead": 657.6824509227789, "spark.memory.fraction": 0.674871679260466, "spark.memory.storageFraction": 0.7823689167341987, "spark.reducer.maxBlocksInFlightPerAddress": 2093266295.0796576, "spark.reducer.maxSizeInFlight": 57.70144082047158, "spark.shuffle.file.buffer": 24.889142462253563}, "datetime": {"datetime": "2022-02-25 11:45:49", "elapsed": 4.949977, "delta": 0.100709}}
{"target": -2797.269110000002, "params": {"spark.default.parallelism": 290.67963975959685, "spark.executor.cores": 3.2244739210754014, "spark.executor.instances": 5.06504235110455, "spark.executor.memory": 4.922609050174996, "spark.executor.memoryOverhead": 531.5646672046186, "spark.memory.fraction": 0.6770873753447837, "spark.memory.storageFraction": 0.7144691952435158, "spark.reducer.maxBlocksInFlightPerAddress": 1680484853.846784, "spark.reducer.maxSizeInFlight": 30.392533459555914, "spark.shuffle.file.buffer": 44.80045369569976}, "datetime": {"datetime": "2022-02-25 11:45:49", "elapsed": 5.070916, "delta": 0.120939}}
{"target": -2800.5654300000006, "params": {"spark.default.parallelism": 351.24192503793245, "spark.executor.cores": 1.2102035226794374, "spark.executor.instances": 6.438525224456816, "spark.executor.memory": 6.167404564113376, "spark.executor.memoryOverhead": 628.2074047006522, "spark.memory.fraction": 0.893828837955972, "spark.memory.storageFraction": 0.6467290314341245, "spark.reducer.maxBlocksInFlightPerAddress": 1121696089.1288996, "spark.reducer.maxSizeInFlight": 33.523228253850874, "spark.shuffle.file.buffer": 29.769791437801235}, "datetime": {"datetime": "2022-02-25 11:45:50", "elapsed": 5.176933, "delta": 0.106017}}
{"target": -2802.980400000001, "params": {"spark.default.parallelism": 462.2113304272272, "spark.executor.cores": 3.2899778107448205, "spark.executor.instances": 7.502447762767691, "spark.executor.memory": 3.988490203661349, "spark.executor.memoryOverhead": 634.0558740713271, "spark.memory.fraction": 0.8597867544701028, "spark.memory.storageFraction": 0.6064806950077182, "spark.reducer.maxBlocksInFlightPerAddress": 1087428666.0180225, "spark.reducer.maxSizeInFlight": 55.137207805053706, "spark.shuffle.file.buffer": 19.36483896816299}, "datetime": {"datetime": "2022-02-25 11:45:50", "elapsed": 5.290874, "delta": 0.113941}}
{"target": -2799.556590000002, "params": {"spark.default.parallelism": 478.4132771261992, "spark.executor.cores": 3.1566051544136413, "spark.executor.instances": 6.013023575732749, "spark.executor.memory": 4.165678692846868, "spark.executor.memoryOverhead": 604.8186741232486, "spark.memory.fraction": 0.6096962835593396, "spark.memory.storageFraction": 0.719599515053282, "spark.reducer.maxBlocksInFlightPerAddress": 1752357871.2610142, "spark.reducer.maxSizeInFlight": 62.06642761647661, "spark.shuffle.file.buffer": 32.548390618248774}, "datetime": {"datetime": "2022-02-25 11:45:50", "elapsed": 5.408962, "delta": 0.118088}}
{"target": -2798.2201900000014, "params": {"spark.default.parallelism": 462.02567528102776, "spark.executor.cores": 1.148566977616576, "spark.executor.instances": 6.127488103193034, "spark.executor.memory": 4.3671374741903115, "spark.executor.memoryOverhead": 675.925582775114, "spark.memory.fraction": 0.5370308149905921, "spark.memory.storageFraction": 0.5569145692169453, "spark.reducer.maxBlocksInFlightPerAddress": 1869262948.5775318, "spark.reducer.maxSizeInFlight": 44.95717615475899, "spark.shuffle.file.buffer": 47.69909494288406}, "datetime": {"datetime": "2022-02-25 11:45:50", "elapsed": 5.51197, "delta": 0.103008}}
