{"target": -2799.7292500000017, "params": {"spark.default.parallelism": 411.45131064207635, "spark.executor.cores": 3.2527027431024638, "spark.executor.instances": 5.404002942005897, "spark.executor.memory": 3.2714565299588307, "spark.executor.memoryOverhead": 673.4207483308194, "spark.memory.fraction": 0.7032861476918457, "spark.memory.storageFraction": 0.6736538439634878, "spark.reducer.maxBlocksInFlightPerAddress": 1921860869.4680235, "spark.reducer.maxSizeInFlight": 60.595295346989005, "spark.shuffle.file.buffer": 25.0055754276933}, "datetime": {"datetime": "2022-02-26 21:34:36", "elapsed": 0.0, "delta": 0.0}}
{"target": -2797.7074100000013, "params": {"spark.default.parallelism": 392.6961374921425, "spark.executor.cores": 1.6229151137442486, "spark.executor.instances": 7.863083721477265, "spark.executor.memory": 4.760484643173404, "spark.executor.memoryOverhead": 802.0825163345494, "spark.memory.fraction": 0.5238567628017802, "spark.memory.storageFraction": 0.5681444641308979, "spark.reducer.maxBlocksInFlightPerAddress": 1424598450.7943583, "spark.reducer.maxSizeInFlight": 54.732544189132184, "spark.shuffle.file.buffer": 27.89044149914878}, "datetime": {"datetime": "2022-02-26 21:34:36", "elapsed": 0.072806, "delta": 0.072806}}
{"target": -2799.242570000001, "params": {"spark.default.parallelism": 237.56557375380058, "spark.executor.cores": 2.2284377183977977, "spark.executor.instances": 4.581737416582312, "spark.executor.memory": 6.506055892963024, "spark.executor.memoryOverhead": 414.1819570027022, "spark.memory.fraction": 0.7833524907877971, "spark.memory.storageFraction": 0.874222724658859, "spark.reducer.maxBlocksInFlightPerAddress": 1641682573.5634835, "spark.reducer.maxSizeInFlight": 34.04804541532507, "spark.shuffle.file.buffer": 41.47533329711877}, "datetime": {"datetime": "2022-02-26 21:34:36", "elapsed": 0.139627, "delta": 0.066821}}
{"target": -2800.606420000002, "params": {"spark.default.parallelism": 423.0, "spark.executor.cores": 3.0, "spark.executor.instances": 5.0, "spark.executor.memory": 4.0, "spark.executor.memoryOverhead": 667.0, "spark.memory.fraction": 0.7099999785423279, "spark.memory.storageFraction": 0.6800000071525574, "spark.reducer.maxBlocksInFlightPerAddress": 1815836928.0, "spark.reducer.maxSizeInFlight": 51.0, "spark.shuffle.file.buffer": 25.0}, "datetime": {"datetime": "2022-02-26 21:34:42", "elapsed": 5.99028, "delta": 5.850653}}
{"target": -2798.7566400000014, "params": {"spark.default.parallelism": 420.0, "spark.executor.cores": 3.0, "spark.executor.instances": 5.0, "spark.executor.memory": 4.0, "spark.executor.memoryOverhead": 660.0, "spark.memory.fraction": 0.699999988079071, "spark.memory.storageFraction": 0.6700000166893005, "spark.reducer.maxBlocksInFlightPerAddress": 1705374464.0, "spark.reducer.maxSizeInFlight": 52.0, "spark.shuffle.file.buffer": 26.0}, "datetime": {"datetime": "2022-02-26 21:34:42", "elapsed": 6.13443, "delta": 0.14415}}
{"target": -2797.238750000002, "params": {"spark.default.parallelism": 486.2394357576476, "spark.executor.cores": 1.2312871265815353, "spark.executor.instances": 6.671555755962629, "spark.executor.memory": 6.093578670722904, "spark.executor.memoryOverhead": 597.20764129425, "spark.memory.fraction": 0.566908767886981, "spark.memory.storageFraction": 0.549952090389277, "spark.reducer.maxBlocksInFlightPerAddress": 1355843577.2816215, "spark.reducer.maxSizeInFlight": 25.570597125766916, "spark.shuffle.file.buffer": 35.34356290352122}, "datetime": {"datetime": "2022-02-26 21:34:42", "elapsed": 6.578281, "delta": 0.443851}}
{"target": -2716.336960000001, "params": {"spark.default.parallelism": 265.99297625372975, "spark.executor.cores": 3.5663683747048287, "spark.executor.instances": 7.179488483764702, "spark.executor.memory": 4.397167676389818, "spark.executor.memoryOverhead": 620.2671062595156, "spark.memory.fraction": 0.7223427035574222, "spark.memory.storageFraction": 0.6777398809728279, "spark.reducer.maxBlocksInFlightPerAddress": 1826051960.7028747, "spark.reducer.maxSizeInFlight": 41.6369158208802, "spark.shuffle.file.buffer": 47.86790957178454}, "datetime": {"datetime": "2022-02-26 21:34:42", "elapsed": 6.802682, "delta": 0.224401}}
{"target": -2797.0545800000004, "params": {"spark.default.parallelism": 345.9575059778214, "spark.executor.cores": 3.1440922994374563, "spark.executor.instances": 7.0392250747115614, "spark.executor.memory": 6.962727483549804, "spark.executor.memoryOverhead": 766.7546950852324, "spark.memory.fraction": 0.5817279152607406, "spark.memory.storageFraction": 0.6331629966578163, "spark.reducer.maxBlocksInFlightPerAddress": 1211856221.2005877, "spark.reducer.maxSizeInFlight": 24.999809610364057, "spark.shuffle.file.buffer": 44.3916597706138}, "datetime": {"datetime": "2022-02-26 21:34:43", "elapsed": 7.017224, "delta": 0.214542}}
{"target": -2807.822400000001, "params": {"spark.default.parallelism": 280.45195687695133, "spark.executor.cores": 1.3648674985890505, "spark.executor.instances": 6.491444310510021, "spark.executor.memory": 4.724482082144515, "spark.executor.memoryOverhead": 587.6287890158578, "spark.memory.fraction": 0.6934385279716476, "spark.memory.storageFraction": 0.5894932200870144, "spark.reducer.maxBlocksInFlightPerAddress": 2112623908.705553, "spark.reducer.maxSizeInFlight": 39.38805184459612, "spark.shuffle.file.buffer": 38.39361373640864}, "datetime": {"datetime": "2022-02-26 21:34:43", "elapsed": 7.175798, "delta": 0.158574}}
{"target": -2807.0062300000013, "params": {"spark.default.parallelism": 230.9067130890092, "spark.executor.cores": 2.347809941987429, "spark.executor.instances": 6.349207892032901, "spark.executor.memory": 4.863152281530208, "spark.executor.memoryOverhead": 534.7836185254696, "spark.memory.fraction": 0.7827695753201128, "spark.memory.storageFraction": 0.5530067371631945, "spark.reducer.maxBlocksInFlightPerAddress": 2048344295.4161325, "spark.reducer.maxSizeInFlight": 58.012989078743686, "spark.shuffle.file.buffer": 45.970502274357244}, "datetime": {"datetime": "2022-02-26 21:34:43", "elapsed": 7.317252, "delta": 0.141454}}
{"target": -2795.806160000001, "params": {"spark.default.parallelism": 352.04651515700687, "spark.executor.cores": 1.7782770312527538, "spark.executor.instances": 7.885765277992592, "spark.executor.memory": 5.038123631538513, "spark.executor.memoryOverhead": 538.0941905619998, "spark.memory.fraction": 0.7052444345224423, "spark.memory.storageFraction": 0.5534462275676156, "spark.reducer.maxBlocksInFlightPerAddress": 1382175986.4515374, "spark.reducer.maxSizeInFlight": 28.14624059181522, "spark.shuffle.file.buffer": 42.30314185306119}, "datetime": {"datetime": "2022-02-26 21:34:43", "elapsed": 7.451895, "delta": 0.134643}}
{"target": -2796.8492400000014, "params": {"spark.default.parallelism": 270.4786092350405, "spark.executor.cores": 3.2377562411493646, "spark.executor.instances": 5.8573510013244245, "spark.executor.memory": 4.080125297767461, "spark.executor.memoryOverhead": 622.6011244461616, "spark.memory.fraction": 0.6823038593029572, "spark.memory.storageFraction": 0.6694246533007249, "spark.reducer.maxBlocksInFlightPerAddress": 1737397985.9944415, "spark.reducer.maxSizeInFlight": 37.71184295557874, "spark.shuffle.file.buffer": 39.388692138875044}, "datetime": {"datetime": "2022-02-26 21:34:43", "elapsed": 7.584557, "delta": 0.132662}}
{"target": -2798.4134800000015, "params": {"spark.default.parallelism": 292.1189803826157, "spark.executor.cores": 2.7077476538910807, "spark.executor.instances": 4.207283138125501, "spark.executor.memory": 4.730596523410366, "spark.executor.memoryOverhead": 742.2134768483536, "spark.memory.fraction": 0.7050624040282509, "spark.memory.storageFraction": 0.5760350924159015, "spark.reducer.maxBlocksInFlightPerAddress": 1446856239.9477859, "spark.reducer.maxSizeInFlight": 71.16904767547007, "spark.shuffle.file.buffer": 25.254765771556578}, "datetime": {"datetime": "2022-02-26 21:34:43", "elapsed": 7.712691, "delta": 0.128134}}
{"target": -2797.060220000001, "params": {"spark.default.parallelism": 498.4717374322219, "spark.executor.cores": 3.3098758462286977, "spark.executor.instances": 6.5898180666693005, "spark.executor.memory": 3.8215193600816875, "spark.executor.memoryOverhead": 743.2327144178248, "spark.memory.fraction": 0.570280188682581, "spark.memory.storageFraction": 0.5409804876852686, "spark.reducer.maxBlocksInFlightPerAddress": 1796569176.0152788, "spark.reducer.maxSizeInFlight": 55.31720373195644, "spark.shuffle.file.buffer": 28.561055631620878}, "datetime": {"datetime": "2022-02-26 21:34:43", "elapsed": 7.842345, "delta": 0.129654}}
