{"target": -2716.456320000001, "params": {"spark.default.parallelism": 325.41413966365224, "spark.executor.cores": 3.5252545753329776, "spark.executor.instances": 6.123900017926932, "spark.executor.memory": 4.836469102342103, "spark.executor.memoryOverhead": 553.1193207712497, "spark.memory.fraction": 0.7011038417701112, "spark.memory.storageFraction": 0.72261589567785, "spark.reducer.maxBlocksInFlightPerAddress": 1397388107.889649, "spark.reducer.maxSizeInFlight": 44.62315016579578, "spark.shuffle.file.buffer": 36.518357305221016}, "datetime": {"datetime": "2022-03-01 01:11:43", "elapsed": 4.528084, "delta": 0.130651}}
