{"target": -2811.3242900000005, "params": {"spark.default.parallelism": 341.7239017247562, "spark.executor.cores": 2.305421233865518, "spark.executor.instances": 7.461157684084975, "spark.executor.memory": 3.782821199496108, "spark.executor.memoryOverhead": 533.9853623489444, "spark.memory.fraction": 0.7156325245986224, "spark.memory.storageFraction": 0.6221937504113884, "spark.reducer.maxBlocksInFlightPerAddress": 2021507579.8055918, "spark.reducer.maxSizeInFlight": 60.55955124330603, "spark.shuffle.file.buffer": 16.764567760879903}, "datetime": {"datetime": "2022-03-01 01:17:12", "elapsed": 0.0, "delta": 0.0}}
{"target": -2796.8105100000016, "params": {"spark.default.parallelism": 408.8114918295446, "spark.executor.cores": 1.4544736668984388, "spark.executor.instances": 6.302395804683098, "spark.executor.memory": 5.97653115277917, "spark.executor.memoryOverhead": 788.8521962317275, "spark.memory.fraction": 0.8815209018079138, "spark.memory.storageFraction": 0.6342136915902856, "spark.reducer.maxBlocksInFlightPerAddress": 1582304796.2665641, "spark.reducer.maxSizeInFlight": 28.602644729852226, "spark.shuffle.file.buffer": 43.93398918889752}, "datetime": {"datetime": "2022-03-01 01:17:12", "elapsed": 0.032913, "delta": 0.032913}}
{"target": -2798.020560000001, "params": {"spark.default.parallelism": 242.75796725869574, "spark.executor.cores": 3.301907520823312, "spark.executor.instances": 4.5208937564024065, "spark.executor.memory": 4.667057519474371, "spark.executor.memoryOverhead": 592.7440832160322, "spark.memory.fraction": 0.5441277106441036, "spark.memory.storageFraction": 0.8210195110626737, "spark.reducer.maxBlocksInFlightPerAddress": 1179101106.211108, "spark.reducer.maxSizeInFlight": 53.824191768838105, "spark.shuffle.file.buffer": 30.642132180179004}, "datetime": {"datetime": "2022-03-01 01:17:12", "elapsed": 0.063857, "delta": 0.030944}}
{"target": -2796.6832700000004, "params": {"spark.default.parallelism": 398.0, "spark.executor.cores": 2.0, "spark.executor.instances": 6.0, "spark.executor.memory": 6.0, "spark.executor.memoryOverhead": 792.0, "spark.memory.fraction": 0.8700000047683716, "spark.memory.storageFraction": 0.6499999761581421, "spark.reducer.maxBlocksInFlightPerAddress": 1517865728.0, "spark.reducer.maxSizeInFlight": 33.0, "spark.shuffle.file.buffer": 41.0}, "datetime": {"datetime": "2022-03-01 01:17:14", "elapsed": 1.567947, "delta": 1.50409}}
{"target": -2795.487130000001, "params": {"spark.default.parallelism": 388.0, "spark.executor.cores": 2.0, "spark.executor.instances": 6.0, "spark.executor.memory": 6.0, "spark.executor.memoryOverhead": 766.0, "spark.memory.fraction": 0.8299999833106995, "spark.memory.storageFraction": 0.6499999761581421, "spark.reducer.maxBlocksInFlightPerAddress": 1594872960.0, "spark.reducer.maxSizeInFlight": 36.0, "spark.shuffle.file.buffer": 40.0}, "datetime": {"datetime": "2022-03-01 01:17:14", "elapsed": 1.61183, "delta": 0.043883}}
{"target": -2797.0046400000015, "params": {"spark.default.parallelism": 347.0, "spark.executor.cores": 2.0, "spark.executor.instances": 6.0, "spark.executor.memory": 6.0, "spark.executor.memoryOverhead": 696.0, "spark.memory.fraction": 0.7799999713897705, "spark.memory.storageFraction": 0.6700000166893005, "spark.reducer.maxBlocksInFlightPerAddress": 1669869568.0, "spark.reducer.maxSizeInFlight": 36.0, "spark.shuffle.file.buffer": 36.0}, "datetime": {"datetime": "2022-03-01 01:17:14", "elapsed": 1.666685, "delta": 0.054855}}
{"target": -2803.0139200000012, "params": {"spark.default.parallelism": 426.9330779605632, "spark.executor.cores": 2.2507497697248984, "spark.executor.instances": 6.23135065911525, "spark.executor.memory": 6.601123269507886, "spark.executor.memoryOverhead": 723.9557186403349, "spark.memory.fraction": 0.6380927304203474, "spark.memory.storageFraction": 0.6344465716786538, "spark.reducer.maxBlocksInFlightPerAddress": 1965975068.3102717, "spark.reducer.maxSizeInFlight": 40.34825596482503, "spark.shuffle.file.buffer": 46.97338069227246}, "datetime": {"datetime": "2022-03-01 01:17:14", "elapsed": 1.820273, "delta": 0.153588}}
{"target": -2796.3008500000014, "params": {"spark.default.parallelism": 289.0710844677849, "spark.executor.cores": 1.6772987733375428, "spark.executor.instances": 5.299047722390693, "spark.executor.memory": 5.894390502419309, "spark.executor.memoryOverhead": 667.527004382985, "spark.memory.fraction": 0.8794291121115483, "spark.memory.storageFraction": 0.6550404683608477, "spark.reducer.maxBlocksInFlightPerAddress": 1562278013.0390134, "spark.reducer.maxSizeInFlight": 53.12906790675718, "spark.shuffle.file.buffer": 38.77410795858467}, "datetime": {"datetime": "2022-03-01 01:17:14", "elapsed": 1.888091, "delta": 0.067818}}
{"target": -2796.992370000001, "params": {"spark.default.parallelism": 285.05783272232213, "spark.executor.cores": 1.3381881639553321, "spark.executor.instances": 6.351278568796593, "spark.executor.memory": 6.009425466049207, "spark.executor.memoryOverhead": 814.4494918283942, "spark.memory.fraction": 0.7913174070961053, "spark.memory.storageFraction": 0.6556290336257681, "spark.reducer.maxBlocksInFlightPerAddress": 1491340327.697922, "spark.reducer.maxSizeInFlight": 55.52164530305805, "spark.shuffle.file.buffer": 40.677069170651734}, "datetime": {"datetime": "2022-03-01 01:17:14", "elapsed": 1.964886, "delta": 0.076795}}
{"target": -2795.457750000001, "params": {"spark.default.parallelism": 392.8307648220414, "spark.executor.cores": 1.2741615401629134, "spark.executor.instances": 4.398083228113309, "spark.executor.memory": 5.101361375930155, "spark.executor.memoryOverhead": 755.6201644726148, "spark.memory.fraction": 0.725287846247899, "spark.memory.storageFraction": 0.6504076235283713, "spark.reducer.maxBlocksInFlightPerAddress": 1605445061.2661104, "spark.reducer.maxSizeInFlight": 48.26942242188358, "spark.shuffle.file.buffer": 38.928222680019104}, "datetime": {"datetime": "2022-03-01 01:17:14", "elapsed": 2.048662, "delta": 0.083776}}
{"target": -2797.1910300000013, "params": {"spark.default.parallelism": 382.4218014608814, "spark.executor.cores": 1.3424588152129404, "spark.executor.instances": 4.1155465073237485, "spark.executor.memory": 4.794082311684332, "spark.executor.memoryOverhead": 684.8319684812778, "spark.memory.fraction": 0.8683642363142867, "spark.memory.storageFraction": 0.6552557464929386, "spark.reducer.maxBlocksInFlightPerAddress": 1525080198.9741387, "spark.reducer.maxSizeInFlight": 47.75287047134628, "spark.shuffle.file.buffer": 28.07218239569087}, "datetime": {"datetime": "2022-03-01 01:17:15", "elapsed": 2.122465, "delta": 0.073803}}
{"target": -2798.014930000001, "params": {"spark.default.parallelism": 311.7895170184793, "spark.executor.cores": 1.2198455900138572, "spark.executor.instances": 4.818896819149826, "spark.executor.memory": 4.728801169447881, "spark.executor.memoryOverhead": 620.8235287297105, "spark.memory.fraction": 0.7929217509065003, "spark.memory.storageFraction": 0.6040519129673121, "spark.reducer.maxBlocksInFlightPerAddress": 1496019666.4137497, "spark.reducer.maxSizeInFlight": 45.596138896362646, "spark.shuffle.file.buffer": 45.889583496560476}, "datetime": {"datetime": "2022-03-01 01:17:15", "elapsed": 2.182305, "delta": 0.05984}}
{"target": -2804.445830000001, "params": {"spark.default.parallelism": 370.27105395196423, "spark.executor.cores": 1.3193916364048985, "spark.executor.instances": 5.038526131081492, "spark.executor.memory": 6.728123888423827, "spark.executor.memoryOverhead": 824.0274002292102, "spark.memory.fraction": 0.8539688438749946, "spark.memory.storageFraction": 0.6911797449779146, "spark.reducer.maxBlocksInFlightPerAddress": 1950199935.4360688, "spark.reducer.maxSizeInFlight": 45.01269358298227, "spark.shuffle.file.buffer": 35.913491035969955}, "datetime": {"datetime": "2022-03-01 01:17:15", "elapsed": 2.260097, "delta": 0.077792}}
{"target": -2797.8580300000012, "params": {"spark.default.parallelism": 434.5500157869395, "spark.executor.cores": 2.3567049860481255, "spark.executor.instances": 6.435725443572602, "spark.executor.memory": 4.299444456201564, "spark.executor.memoryOverhead": 630.8478646701952, "spark.memory.fraction": 0.7560201604150854, "spark.memory.storageFraction": 0.6677105073357296, "spark.reducer.maxBlocksInFlightPerAddress": 1414587811.6840858, "spark.reducer.maxSizeInFlight": 45.75852235633518, "spark.shuffle.file.buffer": 34.76917603563955}, "datetime": {"datetime": "2022-03-01 01:17:15", "elapsed": 2.34487, "delta": 0.084773}}
{"target": -2796.668750000001, "params": {"spark.default.parallelism": 324.63519003731597, "spark.executor.cores": 2.430020487075332, "spark.executor.instances": 5.560220676006626, "spark.executor.memory": 3.951275699392068, "spark.executor.memoryOverhead": 686.7855790992705, "spark.memory.fraction": 0.751210577999561, "spark.memory.storageFraction": 0.6961475734034711, "spark.reducer.maxBlocksInFlightPerAddress": 1350476585.1826878, "spark.reducer.maxSizeInFlight": 48.24688200332052, "spark.shuffle.file.buffer": 40.749225837233496}, "datetime": {"datetime": "2022-03-01 01:17:15", "elapsed": 2.428646, "delta": 0.083776}}
{"target": -2797.9293500000013, "params": {"spark.default.parallelism": 378.454896245118, "spark.executor.cores": 2.3447438412919257, "spark.executor.instances": 6.521549608416269, "spark.executor.memory": 5.180423529430287, "spark.executor.memoryOverhead": 642.5387110878345, "spark.memory.fraction": 0.715410117137149, "spark.memory.storageFraction": 0.6373155437247198, "spark.reducer.maxBlocksInFlightPerAddress": 1277972867.6610832, "spark.reducer.maxSizeInFlight": 46.579841599349734, "spark.shuffle.file.buffer": 34.156192764336694}, "datetime": {"datetime": "2022-03-01 01:17:15", "elapsed": 2.511426, "delta": 0.08278}}
{"target": -2797.87003, "params": {"spark.default.parallelism": 334.6013920528079, "spark.executor.cores": 1.7974461493525267, "spark.executor.instances": 4.2684026552024195, "spark.executor.memory": 5.022721490673071, "spark.executor.memoryOverhead": 789.4961448154131, "spark.memory.fraction": 0.6494728737095659, "spark.memory.storageFraction": 0.6713267608536942, "spark.reducer.maxBlocksInFlightPerAddress": 1173394075.676042, "spark.reducer.maxSizeInFlight": 51.383017910816264, "spark.shuffle.file.buffer": 31.90911578619471}, "datetime": {"datetime": "2022-03-01 01:17:15", "elapsed": 2.597195, "delta": 0.085769}}
{"target": -2797.7356900000013, "params": {"spark.default.parallelism": 336.6173958940799, "spark.executor.cores": 2.4114742354813363, "spark.executor.instances": 6.053678589395199, "spark.executor.memory": 4.970418147475876, "spark.executor.memoryOverhead": 637.9716919749269, "spark.memory.fraction": 0.8004113904139558, "spark.memory.storageFraction": 0.678322753698319, "spark.reducer.maxBlocksInFlightPerAddress": 1377914578.3117268, "spark.reducer.maxSizeInFlight": 37.99165174196584, "spark.shuffle.file.buffer": 35.76920171384172}, "datetime": {"datetime": "2022-03-01 01:17:15", "elapsed": 2.680971, "delta": 0.083776}}
{"target": -2797.2102700000014, "params": {"spark.default.parallelism": 369.2800437832056, "spark.executor.cores": 1.6183770843033591, "spark.executor.instances": 5.959666252440595, "spark.executor.memory": 5.100686093661446, "spark.executor.memoryOverhead": 722.1182164941199, "spark.memory.fraction": 0.7827387841619942, "spark.memory.storageFraction": 0.6929777596890847, "spark.reducer.maxBlocksInFlightPerAddress": 1403330901.5837727, "spark.reducer.maxSizeInFlight": 41.34027395404548, "spark.shuffle.file.buffer": 36.38234959109998}, "datetime": {"datetime": "2022-03-01 01:17:15", "elapsed": 2.771731, "delta": 0.09076}}
{"target": -2793.866350000001, "params": {"spark.default.parallelism": 342.9261038679648, "spark.executor.cores": 2.136088300218987, "spark.executor.instances": 5.3634653872927105, "spark.executor.memory": 4.4645808475936555, "spark.executor.memoryOverhead": 793.2876690308137, "spark.memory.fraction": 0.7308340769574313, "spark.memory.storageFraction": 0.5265256193455394, "spark.reducer.maxBlocksInFlightPerAddress": 1625805432.2557564, "spark.reducer.maxSizeInFlight": 40.75863069167589, "spark.shuffle.file.buffer": 36.37540487803514}, "datetime": {"datetime": "2022-03-01 01:17:15", "elapsed": 2.871462, "delta": 0.099731}}
{"target": -2795.018360000002, "params": {"spark.default.parallelism": 432.2427926730105, "spark.executor.cores": 2.1557996425878936, "spark.executor.instances": 4.8825411048098, "spark.executor.memory": 3.5271590636395533, "spark.executor.memoryOverhead": 762.7679346943654, "spark.memory.fraction": 0.6863055850586134, "spark.memory.storageFraction": 0.5402933581731728, "spark.reducer.maxBlocksInFlightPerAddress": 1704325440.4110613, "spark.reducer.maxSizeInFlight": 42.70446592671642, "spark.shuffle.file.buffer": 29.84677155275941}, "datetime": {"datetime": "2022-03-01 01:17:15", "elapsed": 2.957233, "delta": 0.085771}}
{"target": -2794.246370000001, "params": {"spark.default.parallelism": 417.5060581776412, "spark.executor.cores": 3.0884250661582455, "spark.executor.instances": 4.54999224336679, "spark.executor.memory": 4.122370878578656, "spark.executor.memoryOverhead": 873.4346327099952, "spark.memory.fraction": 0.7407678177558448, "spark.memory.storageFraction": 0.5378724122628932, "spark.reducer.maxBlocksInFlightPerAddress": 1456162635.2182522, "spark.reducer.maxSizeInFlight": 47.48624074289464, "spark.shuffle.file.buffer": 34.988781169466215}, "datetime": {"datetime": "2022-03-01 01:17:15", "elapsed": 3.055969, "delta": 0.098736}}
{"target": -2794.5087700000017, "params": {"spark.default.parallelism": 474.04812579613184, "spark.executor.cores": 1.9229601024290277, "spark.executor.instances": 5.029196848144737, "spark.executor.memory": 4.230328370835181, "spark.executor.memoryOverhead": 799.5327269685677, "spark.memory.fraction": 0.7324231033577335, "spark.memory.storageFraction": 0.5006703308224856, "spark.reducer.maxBlocksInFlightPerAddress": 1592033624.7625804, "spark.reducer.maxSizeInFlight": 37.75671688489371, "spark.shuffle.file.buffer": 29.78455160326381}, "datetime": {"datetime": "2022-03-01 01:17:16", "elapsed": 3.146726, "delta": 0.090757}}
{"target": -2796.4561700000013, "params": {"spark.default.parallelism": 397.7648428876613, "spark.executor.cores": 1.9000886570406783, "spark.executor.instances": 4.830739336547593, "spark.executor.memory": 4.0655025779140725, "spark.executor.memoryOverhead": 875.5377750234811, "spark.memory.fraction": 0.6960566955946532, "spark.memory.storageFraction": 0.5562325675595685, "spark.reducer.maxBlocksInFlightPerAddress": 1432051816.0602353, "spark.reducer.maxSizeInFlight": 48.580733903817716, "spark.shuffle.file.buffer": 40.42152344491272}, "datetime": {"datetime": "2022-03-01 01:17:16", "elapsed": 3.252443, "delta": 0.105717}}
{"target": -2713.585290000001, "params": {"spark.default.parallelism": 421.6736701242741, "spark.executor.cores": 3.633448084994919, "spark.executor.instances": 5.252559882386935, "spark.executor.memory": 3.595641700464289, "spark.executor.memoryOverhead": 728.089495866895, "spark.memory.fraction": 0.7246118161971746, "spark.memory.storageFraction": 0.5727783733545104, "spark.reducer.maxBlocksInFlightPerAddress": 1534735643.3396907, "spark.reducer.maxSizeInFlight": 32.22655335750497, "spark.shuffle.file.buffer": 27.059895014281256}, "datetime": {"datetime": "2022-03-01 01:17:16", "elapsed": 3.357163, "delta": 0.10472}}
{"target": -2714.282310000001, "params": {"spark.default.parallelism": 433.696015218096, "spark.executor.cores": 3.8698616453556265, "spark.executor.instances": 5.713982079287149, "spark.executor.memory": 3.5930595479372154, "spark.executor.memoryOverhead": 635.4754424926776, "spark.memory.fraction": 0.6645825984819782, "spark.memory.storageFraction": 0.5394608731913314, "spark.reducer.maxBlocksInFlightPerAddress": 1292235237.6288483, "spark.reducer.maxSizeInFlight": 24.069847732376008, "spark.shuffle.file.buffer": 21.582093032997427}, "datetime": {"datetime": "2022-03-01 01:17:16", "elapsed": 3.480832, "delta": 0.123669}}
{"target": -2715.5994400000013, "params": {"spark.default.parallelism": 399.2734887233888, "spark.executor.cores": 3.804668304302582, "spark.executor.instances": 5.2844969153969945, "spark.executor.memory": 3.4327942317013087, "spark.executor.memoryOverhead": 503.08139678888114, "spark.memory.fraction": 0.5376344651976831, "spark.memory.storageFraction": 0.5866026116696479, "spark.reducer.maxBlocksInFlightPerAddress": 1696307592.538457, "spark.reducer.maxSizeInFlight": 25.085268123550332, "spark.shuffle.file.buffer": 21.71167474382539}, "datetime": {"datetime": "2022-03-01 01:17:16", "elapsed": 3.592535, "delta": 0.111703}}
{"target": -2716.2955700000016, "params": {"spark.default.parallelism": 474.5864632030502, "spark.executor.cores": 3.9307412302291334, "spark.executor.instances": 5.046968486267742, "spark.executor.memory": 3.0769121086408977, "spark.executor.memoryOverhead": 673.4510323670474, "spark.memory.fraction": 0.6295332013619442, "spark.memory.storageFraction": 0.7153218815642945, "spark.reducer.maxBlocksInFlightPerAddress": 1819444865.8121142, "spark.reducer.maxSizeInFlight": 25.720470856619748, "spark.shuffle.file.buffer": 22.317141738200764}, "datetime": {"datetime": "2022-03-01 01:17:16", "elapsed": 3.723213, "delta": 0.130678}}
{"target": -2716.5156700000016, "params": {"spark.default.parallelism": 465.79340253051976, "spark.executor.cores": 3.85663801966942, "spark.executor.instances": 5.206224036165092, "spark.executor.memory": 3.2357822723166025, "spark.executor.memoryOverhead": 755.0571060857402, "spark.memory.fraction": 0.5282303307543315, "spark.memory.storageFraction": 0.593534537418232, "spark.reducer.maxBlocksInFlightPerAddress": 1766386834.5541835, "spark.reducer.maxSizeInFlight": 28.958682135171756, "spark.shuffle.file.buffer": 18.797386901089855}, "datetime": {"datetime": "2022-03-01 01:17:16", "elapsed": 3.82192, "delta": 0.098707}}
{"target": -2714.8006600000003, "params": {"spark.default.parallelism": 394.1535080873241, "spark.executor.cores": 3.9673551191849556, "spark.executor.instances": 4.971909631380813, "spark.executor.memory": 3.2596467434444523, "spark.executor.memoryOverhead": 521.3299955958967, "spark.memory.fraction": 0.7584427207383773, "spark.memory.storageFraction": 0.6447412880733615, "spark.reducer.maxBlocksInFlightPerAddress": 1960825555.0038314, "spark.reducer.maxSizeInFlight": 24.205329555583226, "spark.shuffle.file.buffer": 23.081549450633148}, "datetime": {"datetime": "2022-03-01 01:17:16", "elapsed": 3.944592, "delta": 0.122672}}
{"target": -2714.8301300000016, "params": {"spark.default.parallelism": 390.01544731187835, "spark.executor.cores": 3.8868243734369394, "spark.executor.instances": 5.37270258648763, "spark.executor.memory": 3.0404132305145204, "spark.executor.memoryOverhead": 645.6743401976757, "spark.memory.fraction": 0.507281377337705, "spark.memory.storageFraction": 0.7341117902636854, "spark.reducer.maxBlocksInFlightPerAddress": 1723445797.3930058, "spark.reducer.maxSizeInFlight": 24.35768173613217, "spark.shuffle.file.buffer": 17.35197759418449}, "datetime": {"datetime": "2022-03-01 01:17:16", "elapsed": 4.074246, "delta": 0.129654}}
{"target": -2713.743750000001, "params": {"spark.default.parallelism": 369.17248791669414, "spark.executor.cores": 3.990221070369213, "spark.executor.instances": 5.881436147094775, "spark.executor.memory": 3.545165143195136, "spark.executor.memoryOverhead": 512.229720163539, "spark.memory.fraction": 0.6406911106718, "spark.memory.storageFraction": 0.7261993657668071, "spark.reducer.maxBlocksInFlightPerAddress": 1772594180.0960255, "spark.reducer.maxSizeInFlight": 27.65850959988608, "spark.shuffle.file.buffer": 23.851825550436978}, "datetime": {"datetime": "2022-03-01 01:17:17", "elapsed": 4.203901, "delta": 0.129655}}
{"target": -2715.797570000001, "params": {"spark.default.parallelism": 392.31671049952763, "spark.executor.cores": 3.8962163952174644, "spark.executor.instances": 6.512550323617829, "spark.executor.memory": 3.801323356587143, "spark.executor.memoryOverhead": 517.0750119669694, "spark.memory.fraction": 0.6343580478842321, "spark.memory.storageFraction": 0.6660975142125577, "spark.reducer.maxBlocksInFlightPerAddress": 1901278562.8620753, "spark.reducer.maxSizeInFlight": 28.861537596513497, "spark.shuffle.file.buffer": 21.007373800763872}, "datetime": {"datetime": "2022-03-01 01:17:17", "elapsed": 4.32757, "delta": 0.123669}}
{"target": -2718.879730000002, "params": {"spark.default.parallelism": 348.36050482081146, "spark.executor.cores": 3.970912293710246, "spark.executor.instances": 6.610534319127055, "spark.executor.memory": 3.069900413737512, "spark.executor.memoryOverhead": 653.2260294092594, "spark.memory.fraction": 0.56702079459898, "spark.memory.storageFraction": 0.576957915415247, "spark.reducer.maxBlocksInFlightPerAddress": 1341196578.4061682, "spark.reducer.maxSizeInFlight": 29.609605293296177, "spark.shuffle.file.buffer": 20.706314853326365}, "datetime": {"datetime": "2022-03-01 01:17:17", "elapsed": 4.452235, "delta": 0.124665}}
{"target": -2719.012410000001, "params": {"spark.default.parallelism": 391.3646658315156, "spark.executor.cores": 3.675285883510135, "spark.executor.instances": 6.520320766879003, "spark.executor.memory": 3.3792881074177026, "spark.executor.memoryOverhead": 663.1924303875971, "spark.memory.fraction": 0.6161883932396799, "spark.memory.storageFraction": 0.6607642820134596, "spark.reducer.maxBlocksInFlightPerAddress": 1360318132.719964, "spark.reducer.maxSizeInFlight": 26.28954666243346, "spark.shuffle.file.buffer": 16.6971891086468}, "datetime": {"datetime": "2022-03-01 01:17:17", "elapsed": 4.595851, "delta": 0.143616}}
