{"target": -517.49, "params": {"spark.broadcast.blockSize": 45.34470415048237, "spark.broadcast.checksum": 0.7203244934421581, "spark.broadcast.compress": 0.00011437481734488664, "spark.default.parallelism": 290.69977178955196, "spark.executor.cores": 1.440267672451339, "spark.executor.instances": 4.369354379075191, "spark.executor.memory": 3.7450408455106836, "spark.executor.memoryOverhead": 554.3614384322225, "spark.kryoserializer.buffer": 70.08967752614431, "spark.kryoserializer.buffer.max": 83.72640646432227, "spark.locality.wait": 6.515167086419769, "spark.maxRemoteBlockSizeFetchToMem": 1809490227.7801933, "spark.memory.fraction": 0.581780899892607, "spark.memory.offHeap.enabled": 0.8781174363909454, "spark.memory.offHeap.size": 526.0224477173382, "spark.memory.storageFraction": 0.768187004071361, "spark.rdd.compress": 0.41730480236712697, "spark.reducer.maxBlocksInFlightPerAddress": 1673630458.4455886, "spark.reducer.maxReqsInFlight": 1224481150.5130224, "spark.reducer.maxSizeInFlight": 33.508871476074184, "spark.scheduler.mode": 0.8007445686755367, "spark.scheduler.revive.interval": 984.1307878596988, "spark.shuffle.compress": 0.31342417815924284, "spark.shuffle.file.buffer": 38.15432370141805, "spark.shuffle.io.numConnectionsPerPeer": 4.505556609184153, "spark.shuffle.sort.bypassMergeThreshold": 328.9213327007694, "spark.storage.memoryFraction": 0.5340176845479112, "spark.storage.memoryMapThreshold": 1.1171643496986472}, "datetime": {"datetime": "2022-01-29 23:48:08", "elapsed": 0.0, "delta": 0.0}}
{"target": -175.785, "params": {"spark.broadcast.blockSize": 37.43457342606621, "spark.broadcast.checksum": 0.8781425034294131, "spark.broadcast.compress": 0.0983468338330501, "spark.default.parallelism": 326.3322875015157, "spark.executor.cores": 3.873668590451506, "spark.executor.instances": 6.132661139892068, "spark.executor.memory": 5.767508455801893, "spark.executor.memoryOverhead": 539.549206085989, "spark.kryoserializer.buffer": 97.90408905743203, "spark.kryoserializer.buffer.max": 112.1240645021478, "spark.locality.wait": 4.109729664065151, "spark.maxRemoteBlockSizeFetchToMem": 1879202699.955295, "spark.memory.fraction": 0.8955444355625979, "spark.memory.offHeap.enabled": 0.7481656543798394, "spark.memory.offHeap.size": 655.5873239369755, "spark.memory.storageFraction": 0.8157117313805955, "spark.rdd.compress": 0.10322600657764203, "spark.reducer.maxBlocksInFlightPerAddress": 1554663834.7539082, "spark.reducer.maxReqsInFlight": 2049338815.7693782, "spark.reducer.maxSizeInFlight": 38.09347912193662, "spark.scheduler.mode": 0.28777533858634874, "spark.scheduler.revive.interval": 565.0142860591388, "spark.shuffle.compress": 0.019366957870297075, "spark.shuffle.file.buffer": 37.72273705407651, "spark.shuffle.io.numConnectionsPerPeer": 1.8465124640002362, "spark.shuffle.sort.bypassMergeThreshold": 203.10933187444525, "spark.storage.memoryFraction": 0.6966292637121353, "spark.storage.memoryMapThreshold": 1.1600876353512413}, "datetime": {"datetime": "2022-01-29 23:51:13", "elapsed": 184.326332, "delta": 184.326332}}
{"target": -383.767, "params": {"spark.broadcast.blockSize": 50.37176337574442, "spark.broadcast.checksum": 0.14672857490581015, "spark.broadcast.compress": 0.5893055369032842, "spark.default.parallelism": 409.92750800627937, "spark.executor.cores": 1.3070032864834775, "spark.executor.instances": 5.656223951278273, "spark.executor.memory": 5.77760063091098, "spark.executor.memoryOverhead": 588.190379876763, "spark.kryoserializer.buffer": 36.795532058824364, "spark.kryoserializer.buffer.max": 83.44605496788911, "spark.locality.wait": 7.982767871318733, "spark.maxRemoteBlockSizeFetchToMem": 1626599409.527616, "spark.memory.fraction": 0.8778379023963254, "spark.memory.offHeap.enabled": 0.5865550405019929, "spark.memory.offHeap.size": 974.5417806273963, "spark.memory.storageFraction": 0.554989881658495, "spark.rdd.compress": 0.13927634725075855, "spark.reducer.maxBlocksInFlightPerAddress": 1940671618.0206747, "spark.reducer.maxReqsInFlight": 1500744075.3073974, "spark.reducer.maxSizeInFlight": 31.937001461612773, "spark.scheduler.mode": 0.9275085803960339, "spark.scheduler.revive.interval": 673.8829298727533, "spark.shuffle.compress": 0.7508121031361555, "spark.shuffle.file.buffer": 39.23193553121445, "spark.shuffle.io.numConnectionsPerPeer": 4.533224364823239, "spark.shuffle.sort.bypassMergeThreshold": 274.7344414111218, "spark.storage.memoryFraction": 0.800376973610935, "spark.storage.memoryMapThreshold": 2.0466950259335275}, "datetime": {"datetime": "2022-01-29 23:57:45", "elapsed": 576.654504, "delta": 392.328172}}
{"target": -198.69, "params": {"spark.broadcast.blockSize": 40.637692536480834, "spark.broadcast.checksum": 0.8958862181960668, "spark.broadcast.compress": 0.4280911898712949, "spark.default.parallelism": 489.45201414451566, "spark.executor.cores": 2.9903244934553443, "spark.executor.instances": 6.486782880836487, "spark.executor.memory": 3.4589838918135007, "spark.executor.memoryOverhead": 852.0982045425861, "spark.kryoserializer.buffer": 75.1915648140743, "spark.kryoserializer.buffer.max": 87.52540298116465, "spark.locality.wait": 6.448820816567687, "spark.maxRemoteBlockSizeFetchToMem": 1328247288.4244535, "spark.memory.fraction": 0.8613518082249015, "spark.memory.offHeap.enabled": 0.5736794866722859, "spark.memory.offHeap.size": 513.4696074399534, "spark.memory.storageFraction": 0.7468579654482895, "spark.rdd.compress": 0.32664490177209615, "spark.reducer.maxBlocksInFlightPerAddress": 1639666151.072064, "spark.reducer.maxReqsInFlight": 2025014908.6723402, "spark.reducer.maxSizeInFlight": 41.14894848011999, "spark.scheduler.mode": 0.9085351509197992, "spark.scheduler.revive.interval": 811.6800578959014, "spark.shuffle.compress": 0.015821242846556283, "spark.shuffle.file.buffer": 45.74199147980036, "spark.shuffle.io.numConnectionsPerPeer": 3.763587670067696, "spark.shuffle.sort.bypassMergeThreshold": 349.4645700902961, "spark.storage.memoryFraction": 0.5689362033381314, "spark.storage.memoryMapThreshold": 1.4114072488866332}, "datetime": {"datetime": "2022-01-30 00:01:12", "elapsed": 783.954466, "delta": 207.299962}}
{"target": -189.305, "params": {"spark.broadcast.blockSize": 61.843054817189234, "spark.broadcast.checksum": 0.6968181614899002, "spark.broadcast.compress": 0.06600017272206249, "spark.default.parallelism": 426.6389157807399, "spark.executor.cores": 3.261628565383739, "spark.executor.instances": 7.692098142185934, "spark.executor.memory": 5.8460990345138875, "spark.executor.memoryOverhead": 445.2655842522772, "spark.kryoserializer.buffer": 33.90849284862038, "spark.kryoserializer.buffer.max": 34.51625474026105, "spark.locality.wait": 4.169838928124768, "spark.maxRemoteBlockSizeFetchToMem": 1338108624.7870486, "spark.memory.fraction": 0.8440111794731553, "spark.memory.offHeap.enabled": 0.5388310643416528, "spark.memory.offHeap.size": 795.0448530871122, "spark.memory.storageFraction": 0.8368123569438424, "spark.rdd.compress": 0.12417331511991114, "spark.reducer.maxBlocksInFlightPerAddress": 1373513015.7324514, "spark.reducer.maxReqsInFlight": 1702696051.560533, "spark.reducer.maxSizeInFlight": 70.54059591934438, "spark.scheduler.mode": 0.56103021925571, "spark.scheduler.revive.interval": 509.32364468647154, "spark.shuffle.compress": 0.8006326726806163, "spark.shuffle.file.buffer": 23.455176762912654, "spark.shuffle.io.numConnectionsPerPeer": 4.2284207824751165, "spark.shuffle.sort.bypassMergeThreshold": 227.57212881283436, "spark.storage.memoryFraction": 0.8454167418237715, "spark.storage.memoryMapThreshold": 3.2413649282115538}, "datetime": {"datetime": "2022-01-30 00:04:30", "elapsed": 981.774648, "delta": 197.820182}}
{"target": -524.224, "params": {"spark.broadcast.blockSize": 49.799687487693404, "spark.broadcast.checksum": 0.13645522566068502, "spark.broadcast.compress": 0.05991768951221166, "spark.default.parallelism": 236.4030367222212, "spark.executor.cores": 1.1336556356342853, "spark.executor.instances": 4.429976516424372, "spark.executor.memory": 3.9028373544314188, "spark.executor.memoryOverhead": 735.5035673286595, "spark.kryoserializer.buffer": 85.73283027719768, "spark.kryoserializer.buffer.max": 33.20537409527512, "spark.locality.wait": 4.431845678136921, "spark.maxRemoteBlockSizeFetchToMem": 2112346370.2637775, "spark.memory.fraction": 0.7272401847679768, "spark.memory.offHeap.enabled": 0.20329323466099047, "spark.memory.offHeap.size": 641.1907812200056, "spark.memory.storageFraction": 0.7975303416300372, "spark.rdd.compress": 0.1954294811093188, "spark.reducer.maxBlocksInFlightPerAddress": 1697971217.9690711, "spark.reducer.maxReqsInFlight": 2115292855.4001446, "spark.reducer.maxSizeInFlight": 64.6477824715217, "spark.scheduler.mode": 0.23984775914758616, "spark.scheduler.revive.interval": 746.884857134365, "spark.shuffle.compress": 0.6199557183813798, "spark.shuffle.file.buffer": 42.52738878560572, "spark.shuffle.io.numConnectionsPerPeer": 1.627165578584337, "spark.shuffle.sort.bypassMergeThreshold": 153.71524043548192, "spark.storage.memoryFraction": 0.5280088574876889, "spark.storage.memoryMapThreshold": 2.459035332811095}, "datetime": {"datetime": "2022-01-30 00:13:23", "elapsed": 1514.439723, "delta": 532.665075}}
{"target": -201.305, "params": {"spark.broadcast.blockSize": 34.95483503260153, "spark.broadcast.checksum": 0.1862602113776709, "spark.broadcast.compress": 0.34556072704304774, "spark.default.parallelism": 319.030242269201, "spark.executor.cores": 2.616450202010071, "spark.executor.instances": 5.676778057613179, "spark.executor.memory": 5.740878001587038, "spark.executor.memoryOverhead": 484.7949591176381, "spark.kryoserializer.buffer": 116.29927389353077, "spark.kryoserializer.buffer.max": 34.62920894700091, "spark.locality.wait": 8.022805061070414, "spark.maxRemoteBlockSizeFetchToMem": 1521819079.827609, "spark.memory.fraction": 0.7234759313783007, "spark.memory.offHeap.enabled": 0.14038693859523377, "spark.memory.offHeap.size": 613.4279624114579, "spark.memory.storageFraction": 0.8202978274702146, "spark.rdd.compress": 0.9682615757193975, "spark.reducer.maxBlocksInFlightPerAddress": 1410278471.7424064, "spark.reducer.maxReqsInFlight": 1817117571.1452203, "spark.reducer.maxSizeInFlight": 66.06667931020984, "spark.scheduler.mode": 0.8946066635038473, "spark.scheduler.revive.interval": 542.522105684889, "spark.shuffle.compress": 0.03905478323288236, "spark.shuffle.file.buffer": 21.434573426066205, "spark.shuffle.io.numConnectionsPerPeer": 4.512570013717653, "spark.shuffle.sort.bypassMergeThreshold": 169.66936676661, "spark.storage.memoryFraction": 0.6684430500020209, "spark.storage.memoryMapThreshold": 3.873668590451506}, "datetime": {"datetime": "2022-01-30 00:16:53", "elapsed": 1724.414556, "delta": 209.974833}}
{"target": -204.771, "params": {"spark.broadcast.blockSize": 37.97180739460832, "spark.broadcast.checksum": 0.7950818595235931, "spark.broadcast.compress": 0.7521908148410519, "spark.default.parallelism": 385.22019952933965, "spark.executor.cores": 3.3080235955669215, "spark.executor.instances": 5.347423646843556, "spark.executor.memory": 5.992575780525258, "spark.executor.memoryOverhead": 718.0180004561312, "spark.kryoserializer.buffer": 38.505960114581725, "spark.kryoserializer.buffer.max": 42.60833010891486, "spark.locality.wait": 4.640175087252086, "spark.maxRemoteBlockSizeFetchToMem": 1937099217.1447914, "spark.memory.fraction": 0.5405905419785119, "spark.memory.offHeap.enabled": 0.2109103704874209, "spark.memory.offHeap.size": 949.0409944912471, "spark.memory.storageFraction": 0.7917327350670258, "spark.rdd.compress": 0.6651186621579239, "spark.reducer.maxBlocksInFlightPerAddress": 1255355383.0648396, "spark.reducer.maxReqsInFlight": 1803969159.387875, "spark.reducer.maxSizeInFlight": 24.124263831722267, "spark.scheduler.mode": 0.5164001090446483, "spark.scheduler.revive.interval": 611.6528131872268, "spark.shuffle.compress": 0.4696586191359642, "spark.shuffle.file.buffer": 29.468805514625924, "spark.shuffle.io.numConnectionsPerPeer": 1.723798075931636, "spark.shuffle.sort.bypassMergeThreshold": 216.2766560213169, "spark.storage.memoryFraction": 0.6489736491629006, "spark.storage.memoryMapThreshold": 1.3534509568949775}, "datetime": {"datetime": "2022-01-30 00:20:27", "elapsed": 1938.131602, "delta": 213.717046}}
{"target": -201.946, "params": {"spark.broadcast.blockSize": 39.24522354051702, "spark.broadcast.checksum": 0.5824073330938127, "spark.broadcast.compress": 0.31859650169597464, "spark.default.parallelism": 283.4303939430916, "spark.executor.cores": 3.168472298932153, "spark.executor.instances": 6.546649031346661, "spark.executor.memory": 5.754203716717541, "spark.executor.memoryOverhead": 703.0315675497068, "spark.kryoserializer.buffer": 38.707709308081846, "spark.kryoserializer.buffer.max": 59.61831735096764, "spark.locality.wait": 9.479768364286963, "spark.maxRemoteBlockSizeFetchToMem": 2048801765.789044, "spark.memory.fraction": 0.7361111664305712, "spark.memory.offHeap.enabled": 0.40008375818590136, "spark.memory.offHeap.size": 875.3702136139627, "spark.memory.storageFraction": 0.7354090555855206, "spark.rdd.compress": 0.0695138333386146, "spark.reducer.maxBlocksInFlightPerAddress": 1312992536.761497, "spark.reducer.maxReqsInFlight": 1404909185.8034494, "spark.reducer.maxSizeInFlight": 39.57363463160149, "spark.scheduler.mode": 0.6395856104784783, "spark.scheduler.revive.interval": 660.8001172455934, "spark.shuffle.compress": 0.4918746888852449, "spark.shuffle.file.buffer": 46.59755399302084, "spark.shuffle.io.numConnectionsPerPeer": 4.38377954995182, "spark.shuffle.sort.bypassMergeThreshold": 170.73080877216546, "spark.storage.memoryFraction": 0.7925953467119997, "spark.storage.memoryMapThreshold": 2.2140184445690863}, "datetime": {"datetime": "2022-01-30 00:23:57", "elapsed": 2148.866059, "delta": 210.734457}}
{"target": -259.08, "params": {"spark.broadcast.blockSize": 44.05923137422108, "spark.broadcast.checksum": 0.5198135602531508, "spark.broadcast.compress": 0.3393095687119362, "spark.default.parallelism": 349.51544001425077, "spark.executor.cores": 2.9556421608858727, "spark.executor.instances": 5.327443285658847, "spark.executor.memory": 4.989405908150571, "spark.executor.memoryOverhead": 646.6356897889514, "spark.kryoserializer.buffer": 78.38494050245428, "spark.kryoserializer.buffer.max": 56.45802731752203, "spark.locality.wait": 8.299005174617271, "spark.maxRemoteBlockSizeFetchToMem": 1595435822.7413292, "spark.memory.fraction": 0.5255664338534329, "spark.memory.offHeap.enabled": 0.4829793445737657, "spark.memory.offHeap.size": 923.2228248710671, "spark.memory.storageFraction": 0.6333333130888728, "spark.rdd.compress": 0.19873832583961293, "spark.reducer.maxBlocksInFlightPerAddress": 1517736577.7182755, "spark.reducer.maxReqsInFlight": 1256457799.1400318, "spark.reducer.maxSizeInFlight": 51.1097768693771, "spark.scheduler.mode": 0.5645620423851473, "spark.scheduler.revive.interval": 611.2856036143789, "spark.shuffle.compress": 0.7809843877980006, "spark.shuffle.file.buffer": 42.33722140434119, "spark.shuffle.io.numConnectionsPerPeer": 3.5574610197784065, "spark.shuffle.sort.bypassMergeThreshold": 199.77786259780964, "spark.storage.memoryFraction": 0.8928894227634006, "spark.storage.memoryMapThreshold": 1.8701926236461226}, "datetime": {"datetime": "2022-01-30 00:28:25", "elapsed": 2416.75859, "delta": 267.892531}}
{"target": -177.207, "params": {"spark.broadcast.blockSize": 41.92408403379474, "spark.broadcast.checksum": 0.6946042723937392, "spark.broadcast.compress": 0.17570824104145732, "spark.default.parallelism": 303.39071403119124, "spark.executor.cores": 3.1247223005324756, "spark.executor.instances": 7.660075132659954, "spark.executor.memory": 6.5990791052447015, "spark.executor.memoryOverhead": 630.9219443739735, "spark.kryoserializer.buffer": 124.70773093704177, "spark.kryoserializer.buffer.max": 120.99023557921626, "spark.locality.wait": 4.772078387608547, "spark.maxRemoteBlockSizeFetchToMem": 1553085337.4179199, "spark.memory.fraction": 0.8569606069640165, "spark.memory.offHeap.enabled": 0.6853449074664129, "spark.memory.offHeap.size": 756.8801908540606, "spark.memory.storageFraction": 0.7992543151845997, "spark.rdd.compress": 0.5074855761116773, "spark.reducer.maxBlocksInFlightPerAddress": 1641508299.8976417, "spark.reducer.maxReqsInFlight": 1712202469.4799826, "spark.reducer.maxSizeInFlight": 43.239169933141675, "spark.scheduler.mode": 0.6963874855887798, "spark.scheduler.revive.interval": 645.8611808659765, "spark.shuffle.compress": 0.25291288330560613, "spark.shuffle.file.buffer": 31.276372569579998, "spark.shuffle.io.numConnectionsPerPeer": 1.736794520749957, "spark.shuffle.sort.bypassMergeThreshold": 296.65997174472415, "spark.storage.memoryFraction": 0.6318760505336126, "spark.storage.memoryMapThreshold": 1.8436892015640602}, "datetime": {"datetime": "2022-01-30 00:31:31", "elapsed": 2602.718849, "delta": 185.960259}}
{"target": -179.265, "params": {"spark.broadcast.blockSize": 34.75291474942415, "spark.broadcast.checksum": 0.9943941344414177, "spark.broadcast.compress": 0.6985233147093565, "spark.default.parallelism": 369.29925547280766, "spark.executor.cores": 3.4514903770714374, "spark.executor.instances": 7.801375908527038, "spark.executor.memory": 3.7952731972979024, "spark.executor.memoryOverhead": 778.9430327880619, "spark.kryoserializer.buffer": 67.28140026194282, "spark.kryoserializer.buffer.max": 123.5200399195615, "spark.locality.wait": 6.917736709941344, "spark.maxRemoteBlockSizeFetchToMem": 1284150330.5367267, "spark.memory.fraction": 0.5527963456812989, "spark.memory.offHeap.enabled": 0.41813572177445224, "spark.memory.offHeap.size": 912.7967338904184, "spark.memory.storageFraction": 0.8280854763797432, "spark.rdd.compress": 0.8640876462001276, "spark.reducer.maxBlocksInFlightPerAddress": 1102256463.5114784, "spark.reducer.maxReqsInFlight": 1709590789.2873404, "spark.reducer.maxSizeInFlight": 41.90434176875914, "spark.scheduler.mode": 0.41506642907641245, "spark.scheduler.revive.interval": 504.26410935868785, "spark.shuffle.compress": 0.35783001494932076, "spark.shuffle.file.buffer": 29.964536296717043, "spark.shuffle.io.numConnectionsPerPeer": 1.4507547108741456, "spark.shuffle.sort.bypassMergeThreshold": 259.14034569476104, "spark.storage.memoryFraction": 0.8294101294537, "spark.storage.memoryMapThreshold": 2.5516519804699707}, "datetime": {"datetime": "2022-01-30 00:34:39", "elapsed": 2790.847266, "delta": 188.128417}}
{"target": -186.693, "params": {"spark.broadcast.blockSize": 48.40540246740079, "spark.broadcast.checksum": 0.8547825685663036, "spark.broadcast.compress": 0.8664409699721951, "spark.default.parallelism": 492.0466587177144, "spark.executor.cores": 3.5700848270754006, "spark.executor.instances": 7.335975730507627, "spark.executor.memory": 6.276862717814039, "spark.executor.memoryOverhead": 712.2476533764429, "spark.kryoserializer.buffer": 98.53922670340232, "spark.kryoserializer.buffer.max": 120.92955645657617, "spark.locality.wait": 7.434183337354546, "spark.maxRemoteBlockSizeFetchToMem": 1091528410.4723141, "spark.memory.fraction": 0.5248062900894477, "spark.memory.offHeap.enabled": 0.6758832635383407, "spark.memory.offHeap.size": 742.9391823749502, "spark.memory.storageFraction": 0.8403637829799098, "spark.rdd.compress": 0.15868011564811624, "spark.reducer.maxBlocksInFlightPerAddress": 1097434536.751868, "spark.reducer.maxReqsInFlight": 1946694877.5496507, "spark.reducer.maxSizeInFlight": 37.2212795264784, "spark.scheduler.mode": 0.43630592158218395, "spark.scheduler.revive.interval": 775.294861875102, "spark.shuffle.compress": 0.07653681465792317, "spark.shuffle.file.buffer": 22.97305111982425, "spark.shuffle.io.numConnectionsPerPeer": 1.0074236054709398, "spark.shuffle.sort.bypassMergeThreshold": 268.3245533435366, "spark.storage.memoryFraction": 0.7678016078257948, "spark.storage.memoryMapThreshold": 1.911435288754121}, "datetime": {"datetime": "2022-01-30 00:37:55", "elapsed": 2986.276612, "delta": 195.429346}}
{"target": -161.71, "params": {"spark.broadcast.blockSize": 48.64210066760732, "spark.broadcast.checksum": 0.708381196521094, "spark.broadcast.compress": 0.6442013531681331, "spark.default.parallelism": 452.7586077128068, "spark.executor.cores": 3.9055080761863534, "spark.executor.instances": 7.5233899553796615, "spark.executor.memory": 6.578886475017391, "spark.executor.memoryOverhead": 783.2808387709879, "spark.kryoserializer.buffer": 83.05838120914417, "spark.kryoserializer.buffer.max": 78.64647289804499, "spark.locality.wait": 6.131379357458247, "spark.maxRemoteBlockSizeFetchToMem": 1254579253.1764061, "spark.memory.fraction": 0.7154888210875384, "spark.memory.offHeap.enabled": 0.41040786247711836, "spark.memory.offHeap.size": 718.215096920396, "spark.memory.storageFraction": 0.7757635736687796, "spark.rdd.compress": 0.24739813108573916, "spark.reducer.maxBlocksInFlightPerAddress": 1306898897.9431014, "spark.reducer.maxReqsInFlight": 1932498267.2273865, "spark.reducer.maxSizeInFlight": 68.94182450853376, "spark.scheduler.mode": 0.8556370346826535, "spark.scheduler.revive.interval": 730.804330819652, "spark.shuffle.compress": 0.011656314926574707, "spark.shuffle.file.buffer": 26.011361918013566, "spark.shuffle.io.numConnectionsPerPeer": 4.86245739264412, "spark.shuffle.sort.bypassMergeThreshold": 228.8187042689744, "spark.storage.memoryFraction": 0.8198606191873777, "spark.storage.memoryMapThreshold": 3.3108430983135477}, "datetime": {"datetime": "2022-01-30 00:40:45", "elapsed": 3156.717385, "delta": 170.440773}}
