{"target": -152.331, "params": {"spark.broadcast.blockSize": 37.54436600145449, "spark.broadcast.checksum": 0.694949873978875, "spark.broadcast.compress": 0.3399049807157758, "spark.default.parallelism": 457.93545184387415, "spark.executor.cores": 3.7809980141432025, "spark.executor.instances": 7.975239430907614, "spark.executor.memory": 3.9289486341174085, "spark.executor.memoryOverhead": 766.0179344871381, "spark.kryoserializer.buffer": 70.4835075244936, "spark.kryoserializer.buffer.max": 122.46670818717318, "spark.locality.wait": 6.919150680450161, "spark.maxRemoteBlockSizeFetchToMem": 1598798026.6716588, "spark.memory.fraction": 0.6478253505123469, "spark.memory.offHeap.enabled": 0.3515268199229623, "spark.memory.offHeap.size": 641.2883828082946, "spark.memory.storageFraction": 0.8037753828072942, "spark.rdd.compress": 0.42819887023731207, "spark.reducer.maxBlocksInFlightPerAddress": 1990097687.8126702, "spark.reducer.maxReqsInFlight": 1860993106.6562433, "spark.reducer.maxSizeInFlight": 26.1145269395711, "spark.scheduler.mode": 0.9985185233062109, "spark.scheduler.revive.interval": 526.1788866695957, "spark.shuffle.compress": 0.22629315570400577, "spark.shuffle.file.buffer": 38.51017949400429, "spark.shuffle.io.numConnectionsPerPeer": 1.697010849110261, "spark.shuffle.sort.bypassMergeThreshold": 271.926980214436, "spark.storage.memoryFraction": 0.7076529736998534, "spark.storage.memoryMapThreshold": 2.4722305697595703}, "datetime": {"datetime": "2022-01-30 02:06:58", "elapsed": 8329.406598, "delta": 160.879276}}
{"target": -178.518, "params": {"spark.broadcast.blockSize": 35.38276883522026, "spark.broadcast.checksum": 0.7971614682891086, "spark.broadcast.compress": 0.2614989249501276, "spark.default.parallelism": 435.857315137988, "spark.executor.cores": 3.472682843148825, "spark.executor.instances": 7.853188502607196, "spark.executor.memory": 6.1324643665120275, "spark.executor.memoryOverhead": 571.5375980311818, "spark.kryoserializer.buffer": 56.983583604883094, "spark.kryoserializer.buffer.max": 85.70546776668925, "spark.locality.wait": 6.501645653392922, "spark.maxRemoteBlockSizeFetchToMem": 1993034128.1977713, "spark.memory.fraction": 0.8492715055301598, "spark.memory.offHeap.enabled": 0.6098912613321151, "spark.memory.offHeap.size": 819.4604503945959, "spark.memory.storageFraction": 0.7303656801599658, "spark.rdd.compress": 0.18078835071957045, "spark.reducer.maxBlocksInFlightPerAddress": 2023489968.7953868, "spark.reducer.maxReqsInFlight": 2128227515.1226277, "spark.reducer.maxSizeInFlight": 29.153837827942873, "spark.scheduler.mode": 0.3573183976203076, "spark.scheduler.revive.interval": 620.6880386514792, "spark.shuffle.compress": 0.04498821268626385, "spark.shuffle.file.buffer": 47.75796608902666, "spark.shuffle.io.numConnectionsPerPeer": 2.452540298215667, "spark.shuffle.sort.bypassMergeThreshold": 315.0799402470375, "spark.storage.memoryFraction": 0.7959609692507348, "spark.storage.memoryMapThreshold": 3.367474612776949}, "datetime": {"datetime": "2022-01-30 02:10:05", "elapsed": 8516.626347, "delta": 187.219749}}
{"target": -161.813, "params": {"spark.broadcast.blockSize": 43.723804372305366, "spark.broadcast.checksum": 0.13971615647583457, "spark.broadcast.compress": 0.2101462851676793, "spark.default.parallelism": 350.87200049462496, "spark.executor.cores": 3.9670969194207464, "spark.executor.instances": 7.999460579728542, "spark.executor.memory": 5.517036577632068, "spark.executor.memoryOverhead": 466.0358995360371, "spark.kryoserializer.buffer": 42.46016851943229, "spark.kryoserializer.buffer.max": 111.42310412053824, "spark.locality.wait": 4.9751959326924196, "spark.maxRemoteBlockSizeFetchToMem": 1465812363.6668277, "spark.memory.fraction": 0.7607360452974978, "spark.memory.offHeap.enabled": 0.7834073000849687, "spark.memory.offHeap.size": 804.2296761707426, "spark.memory.storageFraction": 0.8989653091394805, "spark.rdd.compress": 0.39571147184666644, "spark.reducer.maxBlocksInFlightPerAddress": 1257209049.6149814, "spark.reducer.maxReqsInFlight": 1715759255.3039594, "spark.reducer.maxSizeInFlight": 38.580094217665525, "spark.scheduler.mode": 0.9492709965851563, "spark.scheduler.revive.interval": 558.8766454939553, "spark.shuffle.compress": 0.38899001153688884, "spark.shuffle.file.buffer": 25.850617944229093, "spark.shuffle.io.numConnectionsPerPeer": 3.518588214102997, "spark.shuffle.sort.bypassMergeThreshold": 300.6909866495157, "spark.storage.memoryFraction": 0.7712962268777036, "spark.storage.memoryMapThreshold": 1.858650786018043}, "datetime": {"datetime": "2022-01-30 02:12:56", "elapsed": 8687.133422, "delta": 170.507075}}
{"target": -159.476, "params": {"spark.broadcast.blockSize": 37.35414731645202, "spark.broadcast.checksum": 0.6999431615960331, "spark.broadcast.compress": 0.3338852619729751, "spark.default.parallelism": 411.12701421732316, "spark.executor.cores": 3.782242313741236, "spark.executor.instances": 7.855695103917958, "spark.executor.memory": 6.319964022139422, "spark.executor.memoryOverhead": 766.8875289892821, "spark.kryoserializer.buffer": 108.86460169314685, "spark.kryoserializer.buffer.max": 125.62441434574241, "spark.locality.wait": 7.4006233645386255, "spark.maxRemoteBlockSizeFetchToMem": 1294715864.452599, "spark.memory.fraction": 0.6412937832819285, "spark.memory.offHeap.enabled": 0.5287532765658605, "spark.memory.offHeap.size": 896.0374557620809, "spark.memory.storageFraction": 0.8938652306963102, "spark.rdd.compress": 0.8413587843083348, "spark.reducer.maxBlocksInFlightPerAddress": 1189689876.4216096, "spark.reducer.maxReqsInFlight": 1446053532.070501, "spark.reducer.maxSizeInFlight": 24.57002179373655, "spark.scheduler.mode": 0.6501012850176965, "spark.scheduler.revive.interval": 599.5559153789633, "spark.shuffle.compress": 0.24811684686207836, "spark.shuffle.file.buffer": 21.76754211773459, "spark.shuffle.io.numConnectionsPerPeer": 3.0706180973874906, "spark.shuffle.sort.bypassMergeThreshold": 181.29479380067696, "spark.storage.memoryFraction": 0.7585199052507523, "spark.storage.memoryMapThreshold": 2.4904347332129895}, "datetime": {"datetime": "2022-01-30 02:15:44", "elapsed": 8855.099898, "delta": 167.966476}}
{"target": -148.229, "params": {"spark.broadcast.blockSize": 37.35850882112021, "spark.broadcast.checksum": 0.911262357665881, "spark.broadcast.compress": 0.28300736117700964, "spark.default.parallelism": 347.2892129986581, "spark.executor.cores": 3.9584482588164636, "spark.executor.instances": 7.956161841108374, "spark.executor.memory": 5.575348852463263, "spark.executor.memoryOverhead": 504.29464002970064, "spark.kryoserializer.buffer": 55.9287550513047, "spark.kryoserializer.buffer.max": 103.79839352988827, "spark.locality.wait": 6.003679676211988, "spark.maxRemoteBlockSizeFetchToMem": 1329933497.6886914, "spark.memory.fraction": 0.8603814497954556, "spark.memory.offHeap.enabled": 0.41547074874180245, "spark.memory.offHeap.size": 712.8085461235162, "spark.memory.storageFraction": 0.8298734789955053, "spark.rdd.compress": 0.5301021266660118, "spark.reducer.maxBlocksInFlightPerAddress": 1873289166.506145, "spark.reducer.maxReqsInFlight": 1517309806.6153145, "spark.reducer.maxSizeInFlight": 56.0417154887426, "spark.scheduler.mode": 0.8765628231855006, "spark.scheduler.revive.interval": 696.9841286074445, "spark.shuffle.compress": 0.2785336633476211, "spark.shuffle.file.buffer": 42.58333664686301, "spark.shuffle.io.numConnectionsPerPeer": 1.1235436570428758, "spark.shuffle.sort.bypassMergeThreshold": 303.34415453830326, "spark.storage.memoryFraction": 0.5003093916460456, "spark.storage.memoryMapThreshold": 3.4090252838154123}, "datetime": {"datetime": "2022-01-30 02:18:21", "elapsed": 9012.145095, "delta": 157.045197}}
{"target": -157.975, "params": {"spark.broadcast.blockSize": 42.04988197531767, "spark.broadcast.checksum": 0.7229897818224427, "spark.broadcast.compress": 0.43277241026337865, "spark.default.parallelism": 234.75721419050194, "spark.executor.cores": 3.609457627329965, "spark.executor.instances": 7.513978647175256, "spark.executor.memory": 6.7543566295887425, "spark.executor.memoryOverhead": 480.10853013097767, "spark.kryoserializer.buffer": 77.15321587093047, "spark.kryoserializer.buffer.max": 102.41193703554987, "spark.locality.wait": 6.265375839237113, "spark.maxRemoteBlockSizeFetchToMem": 1624683456.5231574, "spark.memory.fraction": 0.8789815906231006, "spark.memory.offHeap.enabled": 0.5646275302826446, "spark.memory.offHeap.size": 763.2430843634717, "spark.memory.storageFraction": 0.7563914627730046, "spark.rdd.compress": 0.26196301691047663, "spark.reducer.maxBlocksInFlightPerAddress": 1749579229.016941, "spark.reducer.maxReqsInFlight": 1738639727.2193713, "spark.reducer.maxSizeInFlight": 27.18328389734971, "spark.scheduler.mode": 0.6099373031682284, "spark.scheduler.revive.interval": 690.2923261559964, "spark.shuffle.compress": 0.5828884562648333, "spark.shuffle.file.buffer": 34.1116402121135, "spark.shuffle.io.numConnectionsPerPeer": 1.2895979533452473, "spark.shuffle.sort.bypassMergeThreshold": 220.06906855567152, "spark.storage.memoryFraction": 0.7231913180633209, "spark.storage.memoryMapThreshold": 2.856602897395551}, "datetime": {"datetime": "2022-01-30 02:21:07", "elapsed": 9178.74361, "delta": 166.598515}}
{"target": -159.15, "params": {"spark.broadcast.blockSize": 45.40133487723833, "spark.broadcast.checksum": 0.44619731029017273, "spark.broadcast.compress": 0.564329870812877, "spark.default.parallelism": 364.4841347052339, "spark.executor.cores": 3.9249432645487388, "spark.executor.instances": 7.722998526889347, "spark.executor.memory": 6.037977951316708, "spark.executor.memoryOverhead": 465.21663734386084, "spark.kryoserializer.buffer": 56.58767938690204, "spark.kryoserializer.buffer.max": 76.21574828590867, "spark.locality.wait": 4.519891083706909, "spark.maxRemoteBlockSizeFetchToMem": 1848043768.9268627, "spark.memory.fraction": 0.7096384831954826, "spark.memory.offHeap.enabled": 0.5974399824607753, "spark.memory.offHeap.size": 810.358707611185, "spark.memory.storageFraction": 0.7534573483970205, "spark.rdd.compress": 0.49900341049420716, "spark.reducer.maxBlocksInFlightPerAddress": 1432232081.96103, "spark.reducer.maxReqsInFlight": 2122996532.1759996, "spark.reducer.maxSizeInFlight": 32.59184740931448, "spark.scheduler.mode": 0.7372465874242567, "spark.scheduler.revive.interval": 843.8798477161617, "spark.shuffle.compress": 0.8656008634818861, "spark.shuffle.file.buffer": 28.05333313951087, "spark.shuffle.io.numConnectionsPerPeer": 2.0519139383993235, "spark.shuffle.sort.bypassMergeThreshold": 261.18972538571916, "spark.storage.memoryFraction": 0.8054137985655183, "spark.storage.memoryMapThreshold": 2.429769711839129}, "datetime": {"datetime": "2022-01-30 02:23:55", "elapsed": 9346.536836, "delta": 167.793226}}
{"target": -160.032, "params": {"spark.broadcast.blockSize": 39.78534659166897, "spark.broadcast.checksum": 0.7489217686613696, "spark.broadcast.compress": 0.4528591267757597, "spark.default.parallelism": 434.56931020676507, "spark.executor.cores": 3.9871814285342237, "spark.executor.instances": 7.828849985762744, "spark.executor.memory": 6.261978365837782, "spark.executor.memoryOverhead": 395.87262496284325, "spark.kryoserializer.buffer": 103.41175735955815, "spark.kryoserializer.buffer.max": 106.85026327722127, "spark.locality.wait": 8.862910830492442, "spark.maxRemoteBlockSizeFetchToMem": 1169878180.3831573, "spark.memory.fraction": 0.7536840043628434, "spark.memory.offHeap.enabled": 0.4627698452762383, "spark.memory.offHeap.size": 653.7505529891796, "spark.memory.storageFraction": 0.8105047604311871, "spark.rdd.compress": 0.6317117377046549, "spark.reducer.maxBlocksInFlightPerAddress": 1186585905.8507137, "spark.reducer.maxReqsInFlight": 2137091977.884335, "spark.reducer.maxSizeInFlight": 28.92102445605363, "spark.scheduler.mode": 0.711955602334043, "spark.scheduler.revive.interval": 768.2384228447333, "spark.shuffle.compress": 0.1304394745213907, "spark.shuffle.file.buffer": 24.441124075598356, "spark.shuffle.io.numConnectionsPerPeer": 4.640693751821198, "spark.shuffle.sort.bypassMergeThreshold": 316.1170626889958, "spark.storage.memoryFraction": 0.5026450378178647, "spark.storage.memoryMapThreshold": 3.4315321009157014}, "datetime": {"datetime": "2022-01-30 02:26:44", "elapsed": 9515.430621, "delta": 168.893785}}
