{"target": -156.085, "params": {"spark.broadcast.blockSize": 46.69669939518388, "spark.broadcast.checksum": 0.932004315630338, "spark.broadcast.compress": 0.2059425031386346, "spark.default.parallelism": 378.2273978587866, "spark.executor.cores": 3.8172459037860196, "spark.executor.instances": 7.750584295965597, "spark.executor.memory": 5.105395407794154, "spark.executor.memoryOverhead": 611.4983095033988, "spark.kryoserializer.buffer": 66.70731877992353, "spark.kryoserializer.buffer.max": 103.31451352186515, "spark.locality.wait": 4.927305610404431, "spark.maxRemoteBlockSizeFetchToMem": 1466612159.5403962, "spark.memory.fraction": 0.8938007288240539, "spark.memory.offHeap.enabled": 0.3053629942256384, "spark.memory.offHeap.size": 855.8027386219078, "spark.memory.storageFraction": 0.8377933168681957, "spark.rdd.compress": 0.9372814618506105, "spark.reducer.maxBlocksInFlightPerAddress": 1350280053.131564, "spark.reducer.maxReqsInFlight": 2036782423.9099398, "spark.reducer.maxSizeInFlight": 43.133686762136655, "spark.scheduler.mode": 0.6067374155873528, "spark.scheduler.revive.interval": 515.4638566206977, "spark.shuffle.compress": 0.44237374503094595, "spark.shuffle.file.buffer": 33.670211198793616, "spark.shuffle.io.numConnectionsPerPeer": 1.9223596208304774, "spark.shuffle.sort.bypassMergeThreshold": 269.0600327958501, "spark.storage.memoryFraction": 0.7403775681409193, "spark.storage.memoryMapThreshold": 1.5901823275066795}, "datetime": {"datetime": "2022-01-30 00:43:30", "elapsed": 3321.640915, "delta": 164.92353}}
{"target": -159.972, "params": {"spark.broadcast.blockSize": 36.96462320266516, "spark.broadcast.checksum": 0.7446903164496921, "spark.broadcast.compress": 0.3699544666734661, "spark.default.parallelism": 287.2839937806981, "spark.executor.cores": 3.8446042160027205, "spark.executor.instances": 6.765660207016397, "spark.executor.memory": 6.814881303154738, "spark.executor.memoryOverhead": 536.1414666043621, "spark.kryoserializer.buffer": 119.93204502252348, "spark.kryoserializer.buffer.max": 120.90715374078064, "spark.locality.wait": 6.075794221509874, "spark.maxRemoteBlockSizeFetchToMem": 1604872393.7343075, "spark.memory.fraction": 0.7762427344215292, "spark.memory.offHeap.enabled": 0.9765262777908076, "spark.memory.offHeap.size": 939.4095156087926, "spark.memory.storageFraction": 0.8175127280767991, "spark.rdd.compress": 0.3367001427182047, "spark.reducer.maxBlocksInFlightPerAddress": 1385053494.9677715, "spark.reducer.maxReqsInFlight": 1824953754.8254867, "spark.reducer.maxSizeInFlight": 51.47110700743926, "spark.scheduler.mode": 0.3092277920606761, "spark.scheduler.revive.interval": 551.0003817438154, "spark.shuffle.compress": 0.31275406737621014, "spark.shuffle.file.buffer": 39.78578098058817, "spark.shuffle.io.numConnectionsPerPeer": 2.633591527603932, "spark.shuffle.sort.bypassMergeThreshold": 295.19468230347366, "spark.storage.memoryFraction": 0.8331770780035597, "spark.storage.memoryMapThreshold": 3.321617017468552}, "datetime": {"datetime": "2022-01-30 00:46:19", "elapsed": 3490.233225, "delta": 168.59231}}
{"target": -186.266, "params": {"spark.broadcast.blockSize": 46.754668400876696, "spark.broadcast.checksum": 0.8101450969931594, "spark.broadcast.compress": 0.9607225511533443, "spark.default.parallelism": 247.4214386063351, "spark.executor.cores": 3.3303327481902962, "spark.executor.instances": 7.609467201304755, "spark.executor.memory": 6.654665267110918, "spark.executor.memoryOverhead": 698.4922658974558, "spark.kryoserializer.buffer": 91.10420072204396, "spark.kryoserializer.buffer.max": 66.97746112777412, "spark.locality.wait": 7.530724463724515, "spark.maxRemoteBlockSizeFetchToMem": 1566987092.5733528, "spark.memory.fraction": 0.8486378542402826, "spark.memory.offHeap.enabled": 0.5151790733836608, "spark.memory.offHeap.size": 882.9076595475506, "spark.memory.storageFraction": 0.8335949838333367, "spark.rdd.compress": 0.28287282193735475, "spark.reducer.maxBlocksInFlightPerAddress": 1626791375.9724925, "spark.reducer.maxReqsInFlight": 1876111202.6784859, "spark.reducer.maxSizeInFlight": 28.025457827570367, "spark.scheduler.mode": 0.6290067181740465, "spark.scheduler.revive.interval": 527.143756287918, "spark.shuffle.compress": 0.6041606614370116, "spark.shuffle.file.buffer": 33.256517168323825, "spark.shuffle.io.numConnectionsPerPeer": 2.108395095931837, "spark.shuffle.sort.bypassMergeThreshold": 181.92833705289712, "spark.storage.memoryFraction": 0.8475615823937648, "spark.storage.memoryMapThreshold": 3.557908776427393}, "datetime": {"datetime": "2022-01-30 00:49:34", "elapsed": 3685.139753, "delta": 194.906528}}
{"target": -158.855, "params": {"spark.broadcast.blockSize": 45.36786610207977, "spark.broadcast.checksum": 0.9510958971418476, "spark.broadcast.compress": 0.2500567707157242, "spark.default.parallelism": 495.5035877958295, "spark.executor.cores": 3.8055834684985173, "spark.executor.instances": 7.474324282891361, "spark.executor.memory": 6.388224485678469, "spark.executor.memoryOverhead": 836.6581280533786, "spark.kryoserializer.buffer": 63.70081582802889, "spark.kryoserializer.buffer.max": 125.03719834300722, "spark.locality.wait": 5.33345918332483, "spark.maxRemoteBlockSizeFetchToMem": 1145105140.3063138, "spark.memory.fraction": 0.8782616537152498, "spark.memory.offHeap.enabled": 0.4094441492113705, "spark.memory.offHeap.size": 681.5564747884112, "spark.memory.storageFraction": 0.8064887373641261, "spark.rdd.compress": 0.5957150074058362, "spark.reducer.maxBlocksInFlightPerAddress": 1761741916.1566548, "spark.reducer.maxReqsInFlight": 1757343322.9848633, "spark.reducer.maxSizeInFlight": 49.57945623844513, "spark.scheduler.mode": 0.5107687601152971, "spark.scheduler.revive.interval": 641.9964134962365, "spark.shuffle.compress": 0.327261846142192, "spark.shuffle.file.buffer": 47.26358439309256, "spark.shuffle.io.numConnectionsPerPeer": 1.1312507018718718, "spark.shuffle.sort.bypassMergeThreshold": 244.63620630635415, "spark.storage.memoryFraction": 0.5470512597093481, "spark.storage.memoryMapThreshold": 3.178985396227758}, "datetime": {"datetime": "2022-01-30 00:52:21", "elapsed": 3852.675886, "delta": 167.536133}}
{"target": -181.379, "params": {"spark.broadcast.blockSize": 40.06995966743999, "spark.broadcast.checksum": 0.957910800168419, "spark.broadcast.compress": 0.5590901819758027, "spark.default.parallelism": 297.2260647929985, "spark.executor.cores": 3.326467464598767, "spark.executor.instances": 7.62961003427516, "spark.executor.memory": 6.291846438608809, "spark.executor.memoryOverhead": 439.9159957466693, "spark.kryoserializer.buffer": 45.5079960345324, "spark.kryoserializer.buffer.max": 80.89823310039584, "spark.locality.wait": 6.485018537586596, "spark.maxRemoteBlockSizeFetchToMem": 1477752926.449371, "spark.memory.fraction": 0.8256691425713041, "spark.memory.offHeap.enabled": 0.4233708693991103, "spark.memory.offHeap.size": 750.7943188291871, "spark.memory.storageFraction": 0.72584865193815, "spark.rdd.compress": 0.8690694946648334, "spark.reducer.maxBlocksInFlightPerAddress": 1485547117.949872, "spark.reducer.maxReqsInFlight": 1934826502.805282, "spark.reducer.maxSizeInFlight": 60.96533691838862, "spark.scheduler.mode": 0.97834038085368, "spark.scheduler.revive.interval": 581.6316666960722, "spark.shuffle.compress": 0.353444666091397, "spark.shuffle.file.buffer": 25.409859651996985, "spark.shuffle.io.numConnectionsPerPeer": 4.198740596880727, "spark.shuffle.sort.bypassMergeThreshold": 209.81776145672654, "spark.storage.memoryFraction": 0.7565425158987517, "spark.storage.memoryMapThreshold": 3.0138863192463865}, "datetime": {"datetime": "2022-01-30 00:55:31", "elapsed": 4042.960475, "delta": 190.284589}}
{"target": -191.312, "params": {"spark.broadcast.blockSize": 40.558149193982864, "spark.broadcast.checksum": 0.8605798075634533, "spark.broadcast.compress": 0.923172917767749, "spark.default.parallelism": 307.18841211289885, "spark.executor.cores": 3.3863033381960297, "spark.executor.instances": 7.361604352204523, "spark.executor.memory": 6.275794192296397, "spark.executor.memoryOverhead": 587.8722094892003, "spark.kryoserializer.buffer": 107.90981328595196, "spark.kryoserializer.buffer.max": 40.500992135932584, "spark.locality.wait": 8.378182574593874, "spark.maxRemoteBlockSizeFetchToMem": 1677383702.393983, "spark.memory.fraction": 0.8415444662411736, "spark.memory.offHeap.enabled": 0.7101079067231618, "spark.memory.offHeap.size": 987.4025914318822, "spark.memory.storageFraction": 0.796515773896411, "spark.rdd.compress": 0.5937784824920671, "spark.reducer.maxBlocksInFlightPerAddress": 1076129104.3428335, "spark.reducer.maxReqsInFlight": 1646620671.4995112, "spark.reducer.maxSizeInFlight": 48.62683708029738, "spark.scheduler.mode": 0.23943621109903335, "spark.scheduler.revive.interval": 585.8325672413836, "spark.shuffle.compress": 0.04954540842892252, "spark.shuffle.file.buffer": 41.25832877251618, "spark.shuffle.io.numConnectionsPerPeer": 1.3104000541613505, "spark.shuffle.sort.bypassMergeThreshold": 235.34580320401614, "spark.storage.memoryFraction": 0.8372408663106138, "spark.storage.memoryMapThreshold": 2.2310035893730666}, "datetime": {"datetime": "2022-01-30 00:58:51", "elapsed": 4242.982721, "delta": 200.022246}}
{"target": -161.839, "params": {"spark.broadcast.blockSize": 32.32671219740739, "spark.broadcast.checksum": 0.7105251582477999, "spark.broadcast.compress": 0.2744216945603304, "spark.default.parallelism": 444.4621921458277, "spark.executor.cores": 3.5834668615779526, "spark.executor.instances": 7.337383285976795, "spark.executor.memory": 6.957573643661099, "spark.executor.memoryOverhead": 747.3158150396384, "spark.kryoserializer.buffer": 101.2395586523173, "spark.kryoserializer.buffer.max": 107.79862496570546, "spark.locality.wait": 5.044839645324774, "spark.maxRemoteBlockSizeFetchToMem": 1443894958.2089238, "spark.memory.fraction": 0.7242063451145299, "spark.memory.offHeap.enabled": 0.6607329640996953, "spark.memory.offHeap.size": 981.7265959988291, "spark.memory.storageFraction": 0.7316073069740114, "spark.rdd.compress": 0.5155429910024376, "spark.reducer.maxBlocksInFlightPerAddress": 1280184182.1094704, "spark.reducer.maxReqsInFlight": 1778992438.0830002, "spark.reducer.maxSizeInFlight": 41.497710692934376, "spark.scheduler.mode": 0.5633652642436482, "spark.scheduler.revive.interval": 632.7485318308519, "spark.shuffle.compress": 0.42979089368297063, "spark.shuffle.file.buffer": 39.62867318817899, "spark.shuffle.io.numConnectionsPerPeer": 4.490937067672853, "spark.shuffle.sort.bypassMergeThreshold": 260.1233512944278, "spark.storage.memoryFraction": 0.8656784878566696, "spark.storage.memoryMapThreshold": 3.3164587299626382}, "datetime": {"datetime": "2022-01-30 01:01:42", "elapsed": 4413.582721, "delta": 170.6}}
{"target": -156.182, "params": {"spark.broadcast.blockSize": 35.12819159765573, "spark.broadcast.checksum": 0.9978109819034809, "spark.broadcast.compress": 0.6484135750218406, "spark.default.parallelism": 346.34113789596853, "spark.executor.cores": 3.8038283267656774, "spark.executor.instances": 7.002469421636212, "spark.executor.memory": 6.078561210298423, "spark.executor.memoryOverhead": 596.4612834270927, "spark.kryoserializer.buffer": 103.8214643302182, "spark.kryoserializer.buffer.max": 42.42983603391676, "spark.locality.wait": 4.885060789192589, "spark.maxRemoteBlockSizeFetchToMem": 1952530717.6167479, "spark.memory.fraction": 0.8875051799252394, "spark.memory.offHeap.enabled": 0.1125570291466158, "spark.memory.offHeap.size": 788.2893550374881, "spark.memory.storageFraction": 0.76556430375964, "spark.rdd.compress": 0.5992136062538314, "spark.reducer.maxBlocksInFlightPerAddress": 1144082508.5999498, "spark.reducer.maxReqsInFlight": 1513779166.4002678, "spark.reducer.maxSizeInFlight": 37.58009632700229, "spark.scheduler.mode": 0.8213168089275819, "spark.scheduler.revive.interval": 557.7862956376696, "spark.shuffle.compress": 0.44375100989850413, "spark.shuffle.file.buffer": 24.7030278943681, "spark.shuffle.io.numConnectionsPerPeer": 3.75181957866881, "spark.shuffle.sort.bypassMergeThreshold": 295.55303340816283, "spark.storage.memoryFraction": 0.7669265934117784, "spark.storage.memoryMapThreshold": 1.6442069266260944}, "datetime": {"datetime": "2022-01-30 01:04:27", "elapsed": 4578.357973, "delta": 164.775252}}
{"target": -164.159, "params": {"spark.broadcast.blockSize": 35.97702150324043, "spark.broadcast.checksum": 0.6785610940826631, "spark.broadcast.compress": 0.1664880688033823, "spark.default.parallelism": 465.3499495451726, "spark.executor.cores": 3.982212923252268, "spark.executor.instances": 7.720645337703564, "spark.executor.memory": 5.172567077197786, "spark.executor.memoryOverhead": 640.0602042078107, "spark.kryoserializer.buffer": 95.59114000840276, "spark.kryoserializer.buffer.max": 104.33736420382886, "spark.locality.wait": 7.722933509318942, "spark.maxRemoteBlockSizeFetchToMem": 1744739597.3140235, "spark.memory.fraction": 0.8225142625030099, "spark.memory.offHeap.enabled": 0.6715511402166466, "spark.memory.offHeap.size": 565.5723015488204, "spark.memory.storageFraction": 0.6716184657345229, "spark.rdd.compress": 0.7524300183157043, "spark.reducer.maxBlocksInFlightPerAddress": 1310908977.675365, "spark.reducer.maxReqsInFlight": 2003235950.8227596, "spark.reducer.maxSizeInFlight": 68.09052154993583, "spark.scheduler.mode": 0.9383004505551348, "spark.scheduler.revive.interval": 548.4778295042032, "spark.shuffle.compress": 0.43284572562646806, "spark.shuffle.file.buffer": 46.90102710900224, "spark.shuffle.io.numConnectionsPerPeer": 3.0395559633560607, "spark.shuffle.sort.bypassMergeThreshold": 220.8249401958244, "spark.storage.memoryFraction": 0.6276878051710088, "spark.storage.memoryMapThreshold": 3.0680476708803956}, "datetime": {"datetime": "2022-01-30 01:07:20", "elapsed": 4751.169752, "delta": 172.811779}}
{"target": -189.823, "params": {"spark.broadcast.blockSize": 43.92623853879597, "spark.broadcast.checksum": 0.44482370767432555, "spark.broadcast.compress": 0.5299558381200674, "spark.default.parallelism": 456.6227116635853, "spark.executor.cores": 3.656946047232618, "spark.executor.instances": 7.491525376059869, "spark.executor.memory": 5.734148519400193, "spark.executor.memoryOverhead": 874.0003949936693, "spark.kryoserializer.buffer": 61.47876037259279, "spark.kryoserializer.buffer.max": 94.24287962451106, "spark.locality.wait": 9.31561263493851, "spark.maxRemoteBlockSizeFetchToMem": 1916489022.8511643, "spark.memory.fraction": 0.8126649537611135, "spark.memory.offHeap.enabled": 0.4029478807418385, "spark.memory.offHeap.size": 880.3731088847726, "spark.memory.storageFraction": 0.8254963927772281, "spark.rdd.compress": 0.21562801661378395, "spark.reducer.maxBlocksInFlightPerAddress": 1413184233.399344, "spark.reducer.maxReqsInFlight": 1632898671.807618, "spark.reducer.maxSizeInFlight": 43.67894193850072, "spark.scheduler.mode": 0.532855502779783, "spark.scheduler.revive.interval": 547.5722064925427, "spark.shuffle.compress": 0.11320659018486967, "spark.shuffle.file.buffer": 39.22058869972495, "spark.shuffle.io.numConnectionsPerPeer": 3.529453503857541, "spark.shuffle.sort.bypassMergeThreshold": 190.37023370104407, "spark.storage.memoryFraction": 0.6260615336682878, "spark.storage.memoryMapThreshold": 1.4956640325130435}, "datetime": {"datetime": "2022-01-30 01:10:38", "elapsed": 4950.05144, "delta": 198.881688}}
{"target": -159.986, "params": {"spark.broadcast.blockSize": 40.86568299762756, "spark.broadcast.checksum": 0.4711676354757226, "spark.broadcast.compress": 0.6783108792295253, "spark.default.parallelism": 492.291477621391, "spark.executor.cores": 3.64483865743996, "spark.executor.instances": 7.803837368080751, "spark.executor.memory": 6.783188751575564, "spark.executor.memoryOverhead": 471.377490597894, "spark.kryoserializer.buffer": 83.20089648708803, "spark.kryoserializer.buffer.max": 75.36411886136302, "spark.locality.wait": 6.953616193475947, "spark.maxRemoteBlockSizeFetchToMem": 1481048261.9498062, "spark.memory.fraction": 0.64061621666374, "spark.memory.offHeap.enabled": 0.04552176945173081, "spark.memory.offHeap.size": 795.0324561265462, "spark.memory.storageFraction": 0.7594629976782948, "spark.rdd.compress": 0.13467065130737432, "spark.reducer.maxBlocksInFlightPerAddress": 1152503418.1675658, "spark.reducer.maxReqsInFlight": 1605532445.0649214, "spark.reducer.maxSizeInFlight": 34.493180855467216, "spark.scheduler.mode": 0.7660093094406097, "spark.scheduler.revive.interval": 583.9645388635314, "spark.shuffle.compress": 0.05499061001808403, "spark.shuffle.file.buffer": 43.59146575200965, "spark.shuffle.io.numConnectionsPerPeer": 4.38785848529001, "spark.shuffle.sort.bypassMergeThreshold": 316.47120682083477, "spark.storage.memoryFraction": 0.7997264017063697, "spark.storage.memoryMapThreshold": 3.8217436090446792}, "datetime": {"datetime": "2022-01-30 01:13:27", "elapsed": 5118.804128, "delta": 168.752688}}
{"target": -168.348, "params": {"spark.broadcast.blockSize": 35.41723903400949, "spark.broadcast.checksum": 0.7130101903993856, "spark.broadcast.compress": 0.05357418046832996, "spark.default.parallelism": 445.83364707588174, "spark.executor.cores": 3.76126283268853, "spark.executor.instances": 7.04746711648621, "spark.executor.memory": 6.49963107634513, "spark.executor.memoryOverhead": 861.5217839836573, "spark.kryoserializer.buffer": 74.80826014312221, "spark.kryoserializer.buffer.max": 44.24916851080117, "spark.locality.wait": 8.581429950987932, "spark.maxRemoteBlockSizeFetchToMem": 1181483564.718143, "spark.memory.fraction": 0.7794570484644519, "spark.memory.offHeap.enabled": 0.4262494825913894, "spark.memory.offHeap.size": 593.6428101841473, "spark.memory.storageFraction": 0.8573459122396927, "spark.rdd.compress": 0.2392448967996732, "spark.reducer.maxBlocksInFlightPerAddress": 1223622843.6132574, "spark.reducer.maxReqsInFlight": 1609091618.4181404, "spark.reducer.maxSizeInFlight": 35.459773260476005, "spark.scheduler.mode": 0.4161142046724846, "spark.scheduler.revive.interval": 582.1137526340967, "spark.shuffle.compress": 0.49320290428830504, "spark.shuffle.file.buffer": 29.455299352993265, "spark.shuffle.io.numConnectionsPerPeer": 1.1311891797529459, "spark.shuffle.sort.bypassMergeThreshold": 287.1202946986766, "spark.storage.memoryFraction": 0.7590522485600655, "spark.storage.memoryMapThreshold": 3.955903992475336}, "datetime": {"datetime": "2022-01-30 01:16:24", "elapsed": 5295.808209, "delta": 177.004081}}
{"target": -190.182, "params": {"spark.broadcast.blockSize": 38.031242669990164, "spark.broadcast.checksum": 0.9421460192227997, "spark.broadcast.compress": 0.10532933710514436, "spark.default.parallelism": 373.8757858991904, "spark.executor.cores": 3.758479601126286, "spark.executor.instances": 6.5866226779628345, "spark.executor.memory": 6.260487109194715, "spark.executor.memoryOverhead": 486.07084808817535, "spark.kryoserializer.buffer": 66.09839007873221, "spark.kryoserializer.buffer.max": 70.06900772089215, "spark.locality.wait": 4.372701462395118, "spark.maxRemoteBlockSizeFetchToMem": 1828704238.6595516, "spark.memory.fraction": 0.7538730255541359, "spark.memory.offHeap.enabled": 0.0816233496415455, "spark.memory.offHeap.size": 642.8334600561905, "spark.memory.storageFraction": 0.8696846808295277, "spark.rdd.compress": 0.17304409512285845, "spark.reducer.maxBlocksInFlightPerAddress": 1193365572.688167, "spark.reducer.maxReqsInFlight": 1405694914.6106806, "spark.reducer.maxSizeInFlight": 54.089050982897724, "spark.scheduler.mode": 0.7430272041818662, "spark.scheduler.revive.interval": 571.019883627348, "spark.shuffle.compress": 0.5394788179188499, "spark.shuffle.file.buffer": 27.009076307663925, "spark.shuffle.io.numConnectionsPerPeer": 4.41728082418523, "spark.shuffle.sort.bypassMergeThreshold": 220.31412352251238, "spark.storage.memoryFraction": 0.8698665827833023, "spark.storage.memoryMapThreshold": 2.182385524921376}, "datetime": {"datetime": "2022-01-30 01:19:43", "elapsed": 5494.659061, "delta": 198.850852}}
{"target": -166.358, "params": {"spark.broadcast.blockSize": 43.22439872362986, "spark.broadcast.checksum": 0.9239126591853659, "spark.broadcast.compress": 0.5321136689004051, "spark.default.parallelism": 486.0756496573765, "spark.executor.cores": 3.9815402175858305, "spark.executor.instances": 7.839254146150489, "spark.executor.memory": 3.8986996417047095, "spark.executor.memoryOverhead": 643.9752506296238, "spark.kryoserializer.buffer": 82.4384360202727, "spark.kryoserializer.buffer.max": 81.57722413425182, "spark.locality.wait": 8.023009709987887, "spark.maxRemoteBlockSizeFetchToMem": 1307615397.374208, "spark.memory.fraction": 0.8522439959442634, "spark.memory.offHeap.enabled": 0.5333810570635985, "spark.memory.offHeap.size": 883.0116950325252, "spark.memory.storageFraction": 0.7016670696444265, "spark.rdd.compress": 0.34485611246157166, "spark.reducer.maxBlocksInFlightPerAddress": 1669746446.4556484, "spark.reducer.maxReqsInFlight": 2077329973.7842321, "spark.reducer.maxSizeInFlight": 37.86223287760828, "spark.scheduler.mode": 0.9303725782439988, "spark.scheduler.revive.interval": 552.1908640678952, "spark.shuffle.compress": 0.6261349127158556, "spark.shuffle.file.buffer": 31.78294926862819, "spark.shuffle.io.numConnectionsPerPeer": 4.533683694598337, "spark.shuffle.sort.bypassMergeThreshold": 278.23415824224605, "spark.storage.memoryFraction": 0.6287859067006638, "spark.storage.memoryMapThreshold": 3.7488528364676013}, "datetime": {"datetime": "2022-01-30 01:22:38", "elapsed": 5669.644193, "delta": 174.985132}}
