{"target": -191.95, "params": {"spark.broadcast.blockSize": 36.056593189316786, "spark.broadcast.checksum": 0.9365628384928054, "spark.broadcast.compress": 0.8646547985980877, "spark.default.parallelism": 469.3425644579392, "spark.executor.cores": 3.7593912861258905, "spark.executor.instances": 7.185786290112358, "spark.executor.memory": 5.4294905672360265, "spark.executor.memoryOverhead": 809.5867305569323, "spark.kryoserializer.buffer": 110.33784183559843, "spark.kryoserializer.buffer.max": 80.79595710064584, "spark.locality.wait": 7.666746374826333, "spark.maxRemoteBlockSizeFetchToMem": 1095558432.5091999, "spark.memory.fraction": 0.8660576214407114, "spark.memory.offHeap.enabled": 0.46294737742351355, "spark.memory.offHeap.size": 634.8568272589694, "spark.memory.storageFraction": 0.6162228542332199, "spark.rdd.compress": 0.10620958133140401, "spark.reducer.maxBlocksInFlightPerAddress": 1311242431.1170733, "spark.reducer.maxReqsInFlight": 1831772093.634748, "spark.reducer.maxSizeInFlight": 36.195577767491606, "spark.scheduler.mode": 0.8920581951057305, "spark.scheduler.revive.interval": 579.7747027997667, "spark.shuffle.compress": 0.6125332909764527, "spark.shuffle.file.buffer": 37.33298558275189, "spark.shuffle.io.numConnectionsPerPeer": 3.075918201425874, "spark.shuffle.sort.bypassMergeThreshold": 184.2381781012873, "spark.storage.memoryFraction": 0.7512355952266667, "spark.storage.memoryMapThreshold": 1.6083347810531279}, "datetime": {"datetime": "2022-01-30 01:25:59", "elapsed": 5870.410624, "delta": 200.766431}}
{"target": -153.853, "params": {"spark.broadcast.blockSize": 37.11585373250231, "spark.broadcast.checksum": 0.8041147508133486, "spark.broadcast.compress": 0.3762208162906058, "spark.default.parallelism": 256.05190636918064, "spark.executor.cores": 3.9451626814975693, "spark.executor.instances": 7.97025216443644, "spark.executor.memory": 6.973258451385289, "spark.executor.memoryOverhead": 674.9288253991488, "spark.kryoserializer.buffer": 77.07469455417841, "spark.kryoserializer.buffer.max": 117.91871557441695, "spark.locality.wait": 5.485343987810105, "spark.maxRemoteBlockSizeFetchToMem": 1269095015.2211528, "spark.memory.fraction": 0.7241297224376784, "spark.memory.offHeap.enabled": 0.15588687112612132, "spark.memory.offHeap.size": 888.2980231261996, "spark.memory.storageFraction": 0.8262884798876013, "spark.rdd.compress": 0.4661723413133859, "spark.reducer.maxBlocksInFlightPerAddress": 1335984359.0460916, "spark.reducer.maxReqsInFlight": 1391717602.917983, "spark.reducer.maxSizeInFlight": 61.028822750202735, "spark.scheduler.mode": 0.4306421656991939, "spark.scheduler.revive.interval": 816.2974442153554, "spark.shuffle.compress": 0.039576762567371304, "spark.shuffle.file.buffer": 46.48070039596529, "spark.shuffle.io.numConnectionsPerPeer": 1.828280632550502, "spark.shuffle.sort.bypassMergeThreshold": 281.4822017387961, "spark.storage.memoryFraction": 0.7637976414769045, "spark.storage.memoryMapThreshold": 3.4987633911656078}, "datetime": {"datetime": "2022-01-30 01:28:41", "elapsed": 6032.886236, "delta": 162.475612}}
{"target": -184.585, "params": {"spark.broadcast.blockSize": 40.0844196191436, "spark.broadcast.checksum": 0.986597657585432, "spark.broadcast.compress": 0.3058342988522309, "spark.default.parallelism": 462.484617224433, "spark.executor.cores": 3.991380407440656, "spark.executor.instances": 7.157625500830417, "spark.executor.memory": 6.2342843550281435, "spark.executor.memoryOverhead": 535.9554180101591, "spark.kryoserializer.buffer": 124.66452677653513, "spark.kryoserializer.buffer.max": 109.76053292023714, "spark.locality.wait": 7.466342163215581, "spark.maxRemoteBlockSizeFetchToMem": 1566358401.593739, "spark.memory.fraction": 0.5142263235980449, "spark.memory.offHeap.enabled": 0.5881868346136039, "spark.memory.offHeap.size": 895.483811569592, "spark.memory.storageFraction": 0.7303515973695236, "spark.rdd.compress": 0.46031266857826436, "spark.reducer.maxBlocksInFlightPerAddress": 1735786938.916233, "spark.reducer.maxReqsInFlight": 2016791254.335804, "spark.reducer.maxSizeInFlight": 63.83391857622224, "spark.scheduler.mode": 0.22061714706206859, "spark.scheduler.revive.interval": 516.3309931110061, "spark.shuffle.compress": 0.11618724083169463, "spark.shuffle.file.buffer": 27.07779294604633, "spark.shuffle.io.numConnectionsPerPeer": 4.082435093153847, "spark.shuffle.sort.bypassMergeThreshold": 338.5282729458461, "spark.storage.memoryFraction": 0.7721658518211603, "spark.storage.memoryMapThreshold": 3.105319676941599}, "datetime": {"datetime": "2022-01-30 01:31:55", "elapsed": 6226.164814, "delta": 193.278578}}
{"target": -189.79, "params": {"spark.broadcast.blockSize": 38.53584246815971, "spark.broadcast.checksum": 0.6190222727809457, "spark.broadcast.compress": 0.25822551914227454, "spark.default.parallelism": 442.2017037131576, "spark.executor.cores": 3.6369718260566803, "spark.executor.instances": 6.880724075775159, "spark.executor.memory": 4.509349784009817, "spark.executor.memoryOverhead": 823.2147928655272, "spark.kryoserializer.buffer": 106.47218334072855, "spark.kryoserializer.buffer.max": 59.815512145385625, "spark.locality.wait": 6.179208815488118, "spark.maxRemoteBlockSizeFetchToMem": 1717340496.255001, "spark.memory.fraction": 0.8976608976850724, "spark.memory.offHeap.enabled": 0.8720680454996437, "spark.memory.offHeap.size": 720.20894644121, "spark.memory.storageFraction": 0.87394972982256, "spark.rdd.compress": 0.5321026627996448, "spark.reducer.maxBlocksInFlightPerAddress": 1433721259.1331084, "spark.reducer.maxReqsInFlight": 1702796112.486783, "spark.reducer.maxSizeInFlight": 32.17898007381147, "spark.scheduler.mode": 0.6472082350073675, "spark.scheduler.revive.interval": 525.02331466779, "spark.shuffle.compress": 0.004283757620237472, "spark.shuffle.file.buffer": 46.564293028944206, "spark.shuffle.io.numConnectionsPerPeer": 3.670749059148786, "spark.shuffle.sort.bypassMergeThreshold": 304.84964211753476, "spark.storage.memoryFraction": 0.6482024198865639, "spark.storage.memoryMapThreshold": 1.768267676635048}, "datetime": {"datetime": "2022-01-30 01:35:13", "elapsed": 6424.614005, "delta": 198.449191}}
{"target": -183.453, "params": {"spark.broadcast.blockSize": 42.25909198248027, "spark.broadcast.checksum": 0.874127573167514, "spark.broadcast.compress": 0.21053899121274622, "spark.default.parallelism": 354.83671070577924, "spark.executor.cores": 3.928576014551836, "spark.executor.instances": 7.250758528904617, "spark.executor.memory": 4.016664192933715, "spark.executor.memoryOverhead": 686.7642837286271, "spark.kryoserializer.buffer": 119.40771733969193, "spark.kryoserializer.buffer.max": 80.95130000332729, "spark.locality.wait": 8.828515248237052, "spark.maxRemoteBlockSizeFetchToMem": 1498669928.2385168, "spark.memory.fraction": 0.8955778207106411, "spark.memory.offHeap.enabled": 0.44626412604276233, "spark.memory.offHeap.size": 689.8122855659944, "spark.memory.storageFraction": 0.6899018710167256, "spark.rdd.compress": 0.18721014479898712, "spark.reducer.maxBlocksInFlightPerAddress": 1094082556.8397102, "spark.reducer.maxReqsInFlight": 2057378536.130476, "spark.reducer.maxSizeInFlight": 63.754294374646356, "spark.scheduler.mode": 0.9645173987381174, "spark.scheduler.revive.interval": 622.037887749541, "spark.shuffle.compress": 0.3254947385075, "spark.shuffle.file.buffer": 38.81419805632311, "spark.shuffle.io.numConnectionsPerPeer": 1.852601498389907, "spark.shuffle.sort.bypassMergeThreshold": 255.79357980840393, "spark.storage.memoryFraction": 0.7837857475037611, "spark.storage.memoryMapThreshold": 3.3671098035956084}, "datetime": {"datetime": "2022-01-30 01:38:25", "elapsed": 6616.66686, "delta": 192.052855}}
{"target": -159.945, "params": {"spark.broadcast.blockSize": 38.478976541778934, "spark.broadcast.checksum": 0.5976736732076956, "spark.broadcast.compress": 0.401073847508264, "spark.default.parallelism": 415.35648545753713, "spark.executor.cores": 3.894469932211784, "spark.executor.instances": 7.81685296594498, "spark.executor.memory": 5.617021611715755, "spark.executor.memoryOverhead": 622.8993798686387, "spark.kryoserializer.buffer": 115.90529773387584, "spark.kryoserializer.buffer.max": 127.54642792532132, "spark.locality.wait": 4.011204378159986, "spark.maxRemoteBlockSizeFetchToMem": 1431009234.3060074, "spark.memory.fraction": 0.8227391325430602, "spark.memory.offHeap.enabled": 0.6329619060659499, "spark.memory.offHeap.size": 790.1382419838396, "spark.memory.storageFraction": 0.7133669644813543, "spark.rdd.compress": 0.5589609369991254, "spark.reducer.maxBlocksInFlightPerAddress": 1452064834.0965786, "spark.reducer.maxReqsInFlight": 1466400542.457439, "spark.reducer.maxSizeInFlight": 58.35766686535593, "spark.scheduler.mode": 0.9194319653529063, "spark.scheduler.revive.interval": 620.0090120437742, "spark.shuffle.compress": 0.09168653140839156, "spark.shuffle.file.buffer": 39.53773485571406, "spark.shuffle.io.numConnectionsPerPeer": 2.770564435710015, "spark.shuffle.sort.bypassMergeThreshold": 221.79878291153852, "spark.storage.memoryFraction": 0.7451872265210933, "spark.storage.memoryMapThreshold": 2.3312716774160944}, "datetime": {"datetime": "2022-01-30 01:41:14", "elapsed": 6785.318969, "delta": 168.652109}}
{"target": -161.388, "params": {"spark.broadcast.blockSize": 37.97885469406408, "spark.broadcast.checksum": 0.15661712463661326, "spark.broadcast.compress": 0.39654965702074585, "spark.default.parallelism": 480.6695721561264, "spark.executor.cores": 3.7393373679663755, "spark.executor.instances": 7.834483817279924, "spark.executor.memory": 5.732113355221022, "spark.executor.memoryOverhead": 860.494617006801, "spark.kryoserializer.buffer": 105.83084902384107, "spark.kryoserializer.buffer.max": 95.92982532249125, "spark.locality.wait": 5.15307897486737, "spark.maxRemoteBlockSizeFetchToMem": 1515145498.2914612, "spark.memory.fraction": 0.8849851337463642, "spark.memory.offHeap.enabled": 0.4994768141857956, "spark.memory.offHeap.size": 623.5772184102127, "spark.memory.storageFraction": 0.885265354290047, "spark.rdd.compress": 0.6705019156887787, "spark.reducer.maxBlocksInFlightPerAddress": 1691395112.6974072, "spark.reducer.maxReqsInFlight": 1775847614.8877037, "spark.reducer.maxSizeInFlight": 37.68006903419395, "spark.scheduler.mode": 0.9698362826351179, "spark.scheduler.revive.interval": 692.0297969110119, "spark.shuffle.compress": 0.06103525979607394, "spark.shuffle.file.buffer": 36.91043717841415, "spark.shuffle.io.numConnectionsPerPeer": 2.7800777617447623, "spark.shuffle.sort.bypassMergeThreshold": 248.9245765430545, "spark.storage.memoryFraction": 0.8827734807311816, "spark.storage.memoryMapThreshold": 2.921182295352335}, "datetime": {"datetime": "2022-01-30 01:44:04", "elapsed": 6955.349248, "delta": 170.030279}}
{"target": -189.537, "params": {"spark.broadcast.blockSize": 47.168447924809755, "spark.broadcast.checksum": 0.5452068432961136, "spark.broadcast.compress": 0.004423303388003341, "spark.default.parallelism": 452.01245134715816, "spark.executor.cores": 3.9186570469690833, "spark.executor.instances": 7.034563143877553, "spark.executor.memory": 6.846072698082803, "spark.executor.memoryOverhead": 633.8263377469206, "spark.kryoserializer.buffer": 46.44889683826571, "spark.kryoserializer.buffer.max": 105.20774394208183, "spark.locality.wait": 4.665572011295086, "spark.maxRemoteBlockSizeFetchToMem": 1863450150.3340573, "spark.memory.fraction": 0.6746573896045113, "spark.memory.offHeap.enabled": 0.22677303134926818, "spark.memory.offHeap.size": 705.1769313144957, "spark.memory.storageFraction": 0.668661237415339, "spark.rdd.compress": 0.9791441384107646, "spark.reducer.maxBlocksInFlightPerAddress": 1202286350.1320887, "spark.reducer.maxReqsInFlight": 1724025099.345149, "spark.reducer.maxSizeInFlight": 49.24439249231711, "spark.scheduler.mode": 0.7952270412336647, "spark.scheduler.revive.interval": 581.7484888900372, "spark.shuffle.compress": 0.20021310539513126, "spark.shuffle.file.buffer": 32.23451803642015, "spark.shuffle.io.numConnectionsPerPeer": 2.906785662153216, "spark.shuffle.sort.bypassMergeThreshold": 261.1459488488295, "spark.storage.memoryFraction": 0.582020086095689, "spark.storage.memoryMapThreshold": 3.570990234785728}, "datetime": {"datetime": "2022-01-30 01:47:22", "elapsed": 7153.664994, "delta": 198.315746}}
{"target": -172.21, "params": {"spark.broadcast.blockSize": 36.1030272100982, "spark.broadcast.checksum": 0.8994469346169577, "spark.broadcast.compress": 0.6352301262507155, "spark.default.parallelism": 279.4618126186348, "spark.executor.cores": 3.9359714208134076, "spark.executor.instances": 6.364882441416863, "spark.executor.memory": 6.73517108275405, "spark.executor.memoryOverhead": 719.4817315194023, "spark.kryoserializer.buffer": 73.8856560480992, "spark.kryoserializer.buffer.max": 110.03837611238873, "spark.locality.wait": 5.54144958282114, "spark.maxRemoteBlockSizeFetchToMem": 1093485239.9955359, "spark.memory.fraction": 0.7995153929219809, "spark.memory.offHeap.enabled": 0.7802538411463568, "spark.memory.offHeap.size": 916.9687316421412, "spark.memory.storageFraction": 0.835721686138237, "spark.rdd.compress": 0.8335540877334061, "spark.reducer.maxBlocksInFlightPerAddress": 1386371684.8802013, "spark.reducer.maxReqsInFlight": 1861274490.5819619, "spark.reducer.maxSizeInFlight": 44.010469493637544, "spark.scheduler.mode": 0.8749503246369966, "spark.scheduler.revive.interval": 614.8396617305453, "spark.shuffle.compress": 0.02410365653679092, "spark.shuffle.file.buffer": 33.20917556278031, "spark.shuffle.io.numConnectionsPerPeer": 3.753899941204311, "spark.shuffle.sort.bypassMergeThreshold": 273.03633082553836, "spark.storage.memoryFraction": 0.6028437679394298, "spark.storage.memoryMapThreshold": 2.0496735781123494}, "datetime": {"datetime": "2022-01-30 01:50:23", "elapsed": 7334.660318, "delta": 180.995324}}
{"target": -174.143, "params": {"spark.broadcast.blockSize": 33.326181813872246, "spark.broadcast.checksum": 0.19851763380010545, "spark.broadcast.compress": 0.5706314224584802, "spark.default.parallelism": 405.66730955113246, "spark.executor.cores": 3.9795329027665156, "spark.executor.instances": 7.510034166744903, "spark.executor.memory": 6.050706607119054, "spark.executor.memoryOverhead": 760.6911493550077, "spark.kryoserializer.buffer": 112.57253058603789, "spark.kryoserializer.buffer.max": 94.55745459252132, "spark.locality.wait": 7.378210311801384, "spark.maxRemoteBlockSizeFetchToMem": 1656593093.9508016, "spark.memory.fraction": 0.620155103457725, "spark.memory.offHeap.enabled": 0.05590135025217158, "spark.memory.offHeap.size": 767.563093893881, "spark.memory.storageFraction": 0.6946352272603353, "spark.rdd.compress": 0.5346598023629078, "spark.reducer.maxBlocksInFlightPerAddress": 2125714800.9100533, "spark.reducer.maxReqsInFlight": 2117924838.379019, "spark.reducer.maxSizeInFlight": 30.074124930763414, "spark.scheduler.mode": 0.7794469692861645, "spark.scheduler.revive.interval": 533.1135710336213, "spark.shuffle.compress": 0.24476267310719724, "spark.shuffle.file.buffer": 33.32421740995217, "spark.shuffle.io.numConnectionsPerPeer": 2.040017752261888, "spark.shuffle.sort.bypassMergeThreshold": 252.8153087162648, "spark.storage.memoryFraction": 0.5725738175852998, "spark.storage.memoryMapThreshold": 2.543216960524122}, "datetime": {"datetime": "2022-01-30 01:53:26", "elapsed": 7517.614798, "delta": 182.95448}}
{"target": -155.434, "params": {"spark.broadcast.blockSize": 32.33958196779599, "spark.broadcast.checksum": 0.5495025026781633, "spark.broadcast.compress": 0.7710148996469051, "spark.default.parallelism": 353.9533495965287, "spark.executor.cores": 3.8792316059411593, "spark.executor.instances": 7.9998837038425465, "spark.executor.memory": 6.9240104375396605, "spark.executor.memoryOverhead": 747.2000199016322, "spark.kryoserializer.buffer": 74.91431199126393, "spark.kryoserializer.buffer.max": 100.63754279288241, "spark.locality.wait": 6.186206260030617, "spark.maxRemoteBlockSizeFetchToMem": 1231626222.768127, "spark.memory.fraction": 0.6892151647707487, "spark.memory.offHeap.enabled": 0.005387379632071476, "spark.memory.offHeap.size": 651.1391608253368, "spark.memory.storageFraction": 0.8291095150865733, "spark.rdd.compress": 0.2242426353296405, "spark.reducer.maxBlocksInFlightPerAddress": 1197105968.7070584, "spark.reducer.maxReqsInFlight": 1927509791.9752636, "spark.reducer.maxSizeInFlight": 32.80755848516885, "spark.scheduler.mode": 0.24891876023529025, "spark.scheduler.revive.interval": 672.6918843017337, "spark.shuffle.compress": 0.18430960311500133, "spark.shuffle.file.buffer": 42.76215494887555, "spark.shuffle.io.numConnectionsPerPeer": 2.193531173282555, "spark.shuffle.sort.bypassMergeThreshold": 286.40753089135285, "spark.storage.memoryFraction": 0.7086166115485326, "spark.storage.memoryMapThreshold": 2.7508310137027827}, "datetime": {"datetime": "2022-01-30 01:56:10", "elapsed": 7681.75594, "delta": 164.141142}}
{"target": -152.009, "params": {"spark.broadcast.blockSize": 38.48579706252812, "spark.broadcast.checksum": 0.9867571223343904, "spark.broadcast.compress": 0.5506712171030343, "spark.default.parallelism": 357.09729386469166, "spark.executor.cores": 3.843012980698841, "spark.executor.instances": 7.598179119405845, "spark.executor.memory": 6.633103021672486, "spark.executor.memoryOverhead": 792.8989415747794, "spark.kryoserializer.buffer": 101.27909906313253, "spark.kryoserializer.buffer.max": 91.97513882371177, "spark.locality.wait": 5.85838731882607, "spark.maxRemoteBlockSizeFetchToMem": 1161818383.7549524, "spark.memory.fraction": 0.8657927021757612, "spark.memory.offHeap.enabled": 0.7212467091524558, "spark.memory.offHeap.size": 735.3014615460354, "spark.memory.storageFraction": 0.829095107115255, "spark.rdd.compress": 0.7294809699771422, "spark.reducer.maxBlocksInFlightPerAddress": 1113256571.2678626, "spark.reducer.maxReqsInFlight": 1643336715.2108603, "spark.reducer.maxSizeInFlight": 30.91522336378747, "spark.scheduler.mode": 0.5151369539858963, "spark.scheduler.revive.interval": 648.9850514667052, "spark.shuffle.compress": 0.3115650149833824, "spark.shuffle.file.buffer": 17.761883836977525, "spark.shuffle.io.numConnectionsPerPeer": 4.218276970987729, "spark.shuffle.sort.bypassMergeThreshold": 344.43993230413514, "spark.storage.memoryFraction": 0.7516514904918092, "spark.storage.memoryMapThreshold": 3.3243773213779466}, "datetime": {"datetime": "2022-01-30 01:58:51", "elapsed": 7842.884816, "delta": 161.128876}}
{"target": -158.41, "params": {"spark.broadcast.blockSize": 32.991559235152835, "spark.broadcast.checksum": 0.9149270852968969, "spark.broadcast.compress": 0.1441268075495803, "spark.default.parallelism": 422.981276230778, "spark.executor.cores": 3.5612467977747793, "spark.executor.instances": 7.894136370012979, "spark.executor.memory": 6.192567509189208, "spark.executor.memoryOverhead": 763.8030126522094, "spark.kryoserializer.buffer": 123.8382526258278, "spark.kryoserializer.buffer.max": 61.07868246315328, "spark.locality.wait": 6.574353965740496, "spark.maxRemoteBlockSizeFetchToMem": 1560598562.5176504, "spark.memory.fraction": 0.884443099379059, "spark.memory.offHeap.enabled": 0.524495166816534, "spark.memory.offHeap.size": 642.4664298757721, "spark.memory.storageFraction": 0.7256310174621886, "spark.rdd.compress": 0.8608420673739192, "spark.reducer.maxBlocksInFlightPerAddress": 1385404352.897057, "spark.reducer.maxReqsInFlight": 1996839699.8018136, "spark.reducer.maxSizeInFlight": 33.882871514140575, "spark.scheduler.mode": 0.7330373724759844, "spark.scheduler.revive.interval": 867.347216667579, "spark.shuffle.compress": 0.030825266924291994, "spark.shuffle.file.buffer": 27.884556880816884, "spark.shuffle.io.numConnectionsPerPeer": 1.9619604821867034, "spark.shuffle.sort.bypassMergeThreshold": 158.5609598868495, "spark.storage.memoryFraction": 0.754113865274478, "spark.storage.memoryMapThreshold": 2.845111941146551}, "datetime": {"datetime": "2022-01-30 02:01:38", "elapsed": 8009.823906, "delta": 166.93909}}
{"target": -149.928, "params": {"spark.broadcast.blockSize": 41.48170546238704, "spark.broadcast.checksum": 0.7714985603404818, "spark.broadcast.compress": 0.15513928091905205, "spark.default.parallelism": 283.0363764547807, "spark.executor.cores": 3.696064920503805, "spark.executor.instances": 7.377294524928766, "spark.executor.memory": 5.5566336623141135, "spark.executor.memoryOverhead": 432.4077367823769, "spark.kryoserializer.buffer": 72.1671014167194, "spark.kryoserializer.buffer.max": 110.92009706804909, "spark.locality.wait": 6.708643443947512, "spark.maxRemoteBlockSizeFetchToMem": 1355766673.4176807, "spark.memory.fraction": 0.7640274282456894, "spark.memory.offHeap.enabled": 0.5605520520982854, "spark.memory.offHeap.size": 639.1508219502159, "spark.memory.storageFraction": 0.8632294599753607, "spark.rdd.compress": 0.5309855014977067, "spark.reducer.maxBlocksInFlightPerAddress": 1790421336.6840684, "spark.reducer.maxReqsInFlight": 1940763636.287768, "spark.reducer.maxSizeInFlight": 26.39682177783913, "spark.scheduler.mode": 0.49352709116926097, "spark.scheduler.revive.interval": 577.0474322645229, "spark.shuffle.compress": 0.23264779899677923, "spark.shuffle.file.buffer": 21.766858578919088, "spark.shuffle.io.numConnectionsPerPeer": 2.4019113790708926, "spark.shuffle.sort.bypassMergeThreshold": 266.0039241456077, "spark.storage.memoryFraction": 0.6394646796649157, "spark.storage.memoryMapThreshold": 2.8816638827507526}, "datetime": {"datetime": "2022-01-30 02:04:17", "elapsed": 8168.527322, "delta": 158.703416}}
