{"target": -160.02, "params": {"spark.broadcast.blockSize": 40.0, "spark.broadcast.checksum": 0.0, "spark.broadcast.compress": 0.0, "spark.default.parallelism": 410.0, "spark.executor.cores": 4.0, "spark.executor.instances": 7.0, "spark.executor.memory": 7.0, "spark.executor.memoryOverhead": 776.0, "spark.kryoserializer.buffer": 124.0, "spark.kryoserializer.buffer.max": 75.0, "spark.locality.wait": 9.0, "spark.maxRemoteBlockSizeFetchToMem": 1816379392.0, "spark.memory.fraction": 0.53, "spark.memory.offHeap.enabled": 1.0, "spark.memory.offHeap.size": 617.0, "spark.memory.storageFraction": 0.79, "spark.rdd.compress": 1.0, "spark.reducer.maxBlocksInFlightPerAddress": 1416449280.0, "spark.reducer.maxReqsInFlight": 1303367552.0, "spark.reducer.maxSizeInFlight": 59.0, "spark.scheduler.mode": 0.0, "spark.scheduler.revive.interval": 758.0, "spark.shuffle.compress": 0.0, "spark.shuffle.file.buffer": 25.0, "spark.shuffle.io.numConnectionsPerPeer": 3.0, "spark.shuffle.sort.bypassMergeThreshold": 158.0, "spark.storage.memoryMapThreshold": 4.0}, "datetime": {"datetime": "2022-02-03 10:50:33", "elapsed": 0.0, "delta": 0.0}}
{"target": -161.268, "params": {"spark.broadcast.blockSize": 32.0, "spark.broadcast.checksum": 0.0, "spark.broadcast.compress": 0.0, "spark.default.parallelism": 447.0, "spark.executor.cores": 4.0, "spark.executor.instances": 7.0, "spark.executor.memory": 7.0, "spark.executor.memoryOverhead": 877.0, "spark.kryoserializer.buffer": 128.0, "spark.kryoserializer.buffer.max": 73.0, "spark.locality.wait": 10.0, "spark.maxRemoteBlockSizeFetchToMem": 1820644608.0, "spark.memory.fraction": 0.5, "spark.memory.offHeap.enabled": 1.0, "spark.memory.offHeap.size": 709.0, "spark.memory.storageFraction": 0.9, "spark.rdd.compress": 1.0, "spark.reducer.maxBlocksInFlightPerAddress": 1305910144.0, "spark.reducer.maxReqsInFlight": 1230286720.0, "spark.reducer.maxSizeInFlight": 72.0, "spark.scheduler.mode": 1.0, "spark.scheduler.revive.interval": 673.0, "spark.shuffle.compress": 0.0, "spark.shuffle.file.buffer": 20.0, "spark.shuffle.io.numConnectionsPerPeer": 3.0, "spark.shuffle.sort.bypassMergeThreshold": 150.0, "spark.storage.memoryMapThreshold": 4.0}, "datetime": {"datetime": "2022-02-03 10:50:33", "elapsed": 0.000282, "delta": 0.000282}}
{"target": -161.869, "params": {"spark.broadcast.blockSize": 32.0, "spark.broadcast.checksum": 0.0, "spark.broadcast.compress": 0.0, "spark.default.parallelism": 485.0, "spark.executor.cores": 4.0, "spark.executor.instances": 8.0, "spark.executor.memory": 7.0, "spark.executor.memoryOverhead": 877.0, "spark.kryoserializer.buffer": 128.0, "spark.kryoserializer.buffer.max": 75.0, "spark.locality.wait": 10.0, "spark.maxRemoteBlockSizeFetchToMem": 2085983360.0, "spark.memory.fraction": 0.58, "spark.memory.offHeap.enabled": 1.0, "spark.memory.offHeap.size": 806.0, "spark.memory.storageFraction": 0.9, "spark.rdd.compress": 1.0, "spark.reducer.maxBlocksInFlightPerAddress": 1833982080.0, "spark.reducer.maxReqsInFlight": 1073741824.0, "spark.reducer.maxSizeInFlight": 72.0, "spark.scheduler.mode": 1.0, "spark.scheduler.revive.interval": 663.0, "spark.shuffle.compress": 0.0, "spark.shuffle.file.buffer": 20.0, "spark.shuffle.io.numConnectionsPerPeer": 3.0, "spark.shuffle.sort.bypassMergeThreshold": 208.0, "spark.storage.memoryMapThreshold": 4.0}, "datetime": {"datetime": "2022-02-03 10:50:33", "elapsed": 0.000439, "delta": 0.000157}}
{"target": -180.737, "params": {"spark.broadcast.blockSize": 46.0, "spark.broadcast.checksum": 0.0, "spark.broadcast.compress": 0.0, "spark.default.parallelism": 401.0, "spark.executor.cores": 3.0, "spark.executor.instances": 7.0, "spark.executor.memory": 5.0, "spark.executor.memoryOverhead": 582.0, "spark.kryoserializer.buffer": 90.0, "spark.kryoserializer.buffer.max": 81.0, "spark.locality.wait": 8.0, "spark.maxRemoteBlockSizeFetchToMem": 1510227584.0, "spark.memory.fraction": 0.7, "spark.memory.offHeap.enabled": 1.0, "spark.memory.offHeap.size": 767.0, "spark.memory.storageFraction": 0.75, "spark.rdd.compress": 1.0, "spark.reducer.maxBlocksInFlightPerAddress": 1685803008.0, "spark.reducer.maxReqsInFlight": 1911138432.0, "spark.reducer.maxSizeInFlight": 52.0, "spark.scheduler.mode": 0.0, "spark.scheduler.revive.interval": 551.0, "spark.shuffle.compress": 0.0, "spark.shuffle.file.buffer": 20.0, "spark.shuffle.io.numConnectionsPerPeer": 3.0, "spark.shuffle.sort.bypassMergeThreshold": 255.0, "spark.storage.memoryMapThreshold": 1.0}, "datetime": {"datetime": "2022-02-03 10:50:33", "elapsed": 0.000557, "delta": 0.000118}}
{"target": -182.159, "params": {"spark.broadcast.blockSize": 39.0, "spark.broadcast.checksum": 0.0, "spark.broadcast.compress": 0.0, "spark.default.parallelism": 432.0, "spark.executor.cores": 4.0, "spark.executor.instances": 6.0, "spark.executor.memory": 6.0, "spark.executor.memoryOverhead": 784.0, "spark.kryoserializer.buffer": 100.0, "spark.kryoserializer.buffer.max": 87.0, "spark.locality.wait": 8.0, "spark.maxRemoteBlockSizeFetchToMem": 1846427648.0, "spark.memory.fraction": 0.51, "spark.memory.offHeap.enabled": 1.0, "spark.memory.offHeap.size": 651.0, "spark.memory.storageFraction": 0.76, "spark.rdd.compress": 1.0, "spark.reducer.maxBlocksInFlightPerAddress": 1547823616.0, "spark.reducer.maxReqsInFlight": 1452673536.0, "spark.reducer.maxSizeInFlight": 54.0, "spark.scheduler.mode": 1.0, "spark.scheduler.revive.interval": 744.0, "spark.shuffle.compress": 0.0, "spark.shuffle.file.buffer": 29.0, "spark.shuffle.io.numConnectionsPerPeer": 3.0, "spark.shuffle.sort.bypassMergeThreshold": 179.0, "spark.storage.memoryMapThreshold": 4.0}, "datetime": {"datetime": "2022-02-03 10:50:33", "elapsed": 0.000694, "delta": 0.000137}}
{"target": -184.96, "params": {"spark.broadcast.blockSize": 47.0, "spark.broadcast.checksum": 0.0, "spark.broadcast.compress": 0.0, "spark.default.parallelism": 399.0, "spark.executor.cores": 3.0, "spark.executor.instances": 7.0, "spark.executor.memory": 5.0, "spark.executor.memoryOverhead": 629.0, "spark.kryoserializer.buffer": 81.0, "spark.kryoserializer.buffer.max": 83.0, "spark.locality.wait": 7.0, "spark.maxRemoteBlockSizeFetchToMem": 1526364416.0, "spark.memory.fraction": 0.78, "spark.memory.offHeap.enabled": 1.0, "spark.memory.offHeap.size": 772.0, "spark.memory.storageFraction": 0.72, "spark.rdd.compress": 1.0, "spark.reducer.maxBlocksInFlightPerAddress": 1635678208.0, "spark.reducer.maxReqsInFlight": 1916650624.0, "spark.reducer.maxSizeInFlight": 48.0, "spark.scheduler.mode": 0.0, "spark.scheduler.revive.interval": 548.0, "spark.shuffle.compress": 0.0, "spark.shuffle.file.buffer": 24.0, "spark.shuffle.io.numConnectionsPerPeer": 3.0, "spark.shuffle.sort.bypassMergeThreshold": 269.0, "spark.storage.memoryMapThreshold": 1.0}, "datetime": {"datetime": "2022-02-03 10:50:33", "elapsed": 0.000816, "delta": 0.000122}}
{"target": -287.747, "params": {"spark.broadcast.blockSize": 60.396040258524266, "spark.broadcast.checksum": 0.10632502798840182, "spark.broadcast.compress": 0.41537836549531937, "spark.default.parallelism": 408.84493571237596, "spark.executor.cores": 2.3198597436997965, "spark.executor.instances": 7.716250605904028, "spark.executor.memory": 6.57927932562311, "spark.executor.memoryOverhead": 706.1646353412714, "spark.kryoserializer.buffer": 123.77157275088811, "spark.kryoserializer.buffer.max": 54.29377599827958, "spark.locality.wait": 8.659177770559744, "spark.maxRemoteBlockSizeFetchToMem": 1830574522.6302185, "spark.memory.fraction": 0.6945676676330941, "spark.memory.offHeap.enabled": 0.3517785933295029, "spark.memory.offHeap.size": 591.8442227311052, "spark.memory.storageFraction": 0.7529249053214724, "spark.rdd.compress": 0.6907862843023537, "spark.reducer.maxBlocksInFlightPerAddress": 1239494248.861394, "spark.reducer.maxReqsInFlight": 1226172383.1495323, "spark.reducer.maxSizeInFlight": 57.82127214641614, "spark.scheduler.mode": 0.7601488901413795, "spark.scheduler.revive.interval": 823.9084061258338, "spark.shuffle.compress": 0.18162511703137552, "spark.shuffle.file.buffer": 19.71566176136934, "spark.shuffle.io.numConnectionsPerPeer": 3.03742009627777, "spark.shuffle.sort.bypassMergeThreshold": 241.46202124298247, "spark.storage.memoryMapThreshold": 3.852848094657538}, "datetime": {"datetime": "2022-02-03 10:55:30", "elapsed": 296.36153, "delta": 296.360714}}
{"target": -203.208, "params": {"spark.broadcast.blockSize": 34.910779040915756, "spark.broadcast.checksum": 0.06979794630742053, "spark.broadcast.compress": 0.5279587245704724, "spark.default.parallelism": 239.9196434795966, "spark.executor.cores": 3.4225903090651517, "spark.executor.instances": 6.107709257263691, "spark.executor.memory": 6.090719062287215, "spark.executor.memoryOverhead": 732.0342739388394, "spark.kryoserializer.buffer": 118.93559928559905, "spark.kryoserializer.buffer.max": 101.90326171983338, "spark.locality.wait": 7.460596247727257, "spark.maxRemoteBlockSizeFetchToMem": 2016017025.8160615, "spark.memory.fraction": 0.6922567838628875, "spark.memory.offHeap.enabled": 0.768626951088117, "spark.memory.offHeap.size": 750.0083950331965, "spark.memory.storageFraction": 0.7947781087482771, "spark.rdd.compress": 0.8526170225866881, "spark.reducer.maxBlocksInFlightPerAddress": 1404695800.9875498, "spark.reducer.maxReqsInFlight": 1268334687.6474717, "spark.reducer.maxSizeInFlight": 56.42588906909607, "spark.scheduler.mode": 0.22343052553044962, "spark.scheduler.revive.interval": 592.2695309251259, "spark.shuffle.compress": 0.08395447096467079, "spark.shuffle.file.buffer": 44.92722038937218, "spark.shuffle.io.numConnectionsPerPeer": 2.1436983189363024, "spark.shuffle.sort.bypassMergeThreshold": 192.80776178157882, "spark.storage.memoryMapThreshold": 1.9398415054537224}, "datetime": {"datetime": "2022-02-03 10:59:02", "elapsed": 508.405633, "delta": 212.044103}}
{"target": -153.243, "params": {"spark.broadcast.blockSize": 37.130372482639515, "spark.broadcast.checksum": 0.0821382920293473, "spark.broadcast.compress": 0.12940088671154137, "spark.default.parallelism": 207.84282441449216, "spark.executor.cores": 3.718748081306379, "spark.executor.instances": 7.919351648050641, "spark.executor.memory": 6.992510736921483, "spark.executor.memoryOverhead": 875.6479850988273, "spark.kryoserializer.buffer": 124.44253204352518, "spark.kryoserializer.buffer.max": 108.72281764701782, "spark.locality.wait": 6.551879628162911, "spark.maxRemoteBlockSizeFetchToMem": 1413191157.6004808, "spark.memory.fraction": 0.5589387466699169, "spark.memory.offHeap.enabled": 0.9640553088167484, "spark.memory.offHeap.size": 581.2600227689531, "spark.memory.storageFraction": 0.8108178185322199, "spark.rdd.compress": 0.9928858258308088, "spark.reducer.maxBlocksInFlightPerAddress": 2103776280.013827, "spark.reducer.maxReqsInFlight": 1511979237.5989685, "spark.reducer.maxSizeInFlight": 55.40815446189884, "spark.scheduler.mode": 0.04055075066043334, "spark.scheduler.revive.interval": 785.5716468201405, "spark.shuffle.compress": 0.295254558290291, "spark.shuffle.file.buffer": 23.216060999374914, "spark.shuffle.io.numConnectionsPerPeer": 4.093746620629165, "spark.shuffle.sort.bypassMergeThreshold": 199.2430061950604, "spark.storage.memoryMapThreshold": 2.773613752221131}, "datetime": {"datetime": "2022-02-03 11:01:44", "elapsed": 670.98977, "delta": 162.584137}}
{"target": -177.503, "params": {"spark.broadcast.blockSize": 51.7780444683399, "spark.broadcast.checksum": 0.37932857476227466, "spark.broadcast.compress": 0.391958190961051, "spark.default.parallelism": 253.48328713456414, "spark.executor.cores": 3.017943519101254, "spark.executor.instances": 7.109569672096345, "spark.executor.memory": 6.410314804334478, "spark.executor.memoryOverhead": 628.4457458058034, "spark.kryoserializer.buffer": 95.41025668919417, "spark.kryoserializer.buffer.max": 91.96600090089578, "spark.locality.wait": 5.778836029163797, "spark.maxRemoteBlockSizeFetchToMem": 1170185888.2485166, "spark.memory.fraction": 0.5260579030648893, "spark.memory.offHeap.enabled": 0.9208888355003413, "spark.memory.offHeap.size": 831.6642983978713, "spark.memory.storageFraction": 0.7053769405336988, "spark.rdd.compress": 0.8027518536425146, "spark.reducer.maxBlocksInFlightPerAddress": 2039923435.259655, "spark.reducer.maxReqsInFlight": 1686017667.0611644, "spark.reducer.maxSizeInFlight": 68.951785849367, "spark.scheduler.mode": 0.16643671982385988, "spark.scheduler.revive.interval": 526.0638747435314, "spark.shuffle.compress": 0.23706791739823374, "spark.shuffle.file.buffer": 41.271287779215385, "spark.shuffle.io.numConnectionsPerPeer": 4.163212574244422, "spark.shuffle.sort.bypassMergeThreshold": 211.9527564599603, "spark.storage.memoryMapThreshold": 1.8968604501742297}, "datetime": {"datetime": "2022-02-03 11:04:51", "elapsed": 857.183846, "delta": 186.194076}}
{"target": -183.011, "params": {"spark.broadcast.blockSize": 34.33361132571741, "spark.broadcast.checksum": 0.5908373379614181, "spark.broadcast.compress": 0.39150740928191174, "spark.default.parallelism": 448.8164501545887, "spark.executor.cores": 3.917092938177536, "spark.executor.instances": 5.787889856920185, "spark.executor.memory": 5.464265213129888, "spark.executor.memoryOverhead": 799.0356087135174, "spark.kryoserializer.buffer": 114.10294332319646, "spark.kryoserializer.buffer.max": 54.4830040709098, "spark.locality.wait": 4.7234633405243756, "spark.maxRemoteBlockSizeFetchToMem": 1104887783.9250402, "spark.memory.fraction": 0.6009101762165381, "spark.memory.offHeap.enabled": 0.8708759107302514, "spark.memory.offHeap.size": 730.0867115832954, "spark.memory.storageFraction": 0.6357054518700325, "spark.rdd.compress": 0.9838928456840245, "spark.reducer.maxBlocksInFlightPerAddress": 2073375918.3417215, "spark.reducer.maxReqsInFlight": 1924252704.3356755, "spark.reducer.maxSizeInFlight": 54.58064488933887, "spark.scheduler.mode": 0.01722378496724719, "spark.scheduler.revive.interval": 577.1838225853435, "spark.shuffle.compress": 0.8112244028001737, "spark.shuffle.file.buffer": 17.768221201420964, "spark.shuffle.io.numConnectionsPerPeer": 4.683335645983053, "spark.shuffle.sort.bypassMergeThreshold": 255.7214302677775, "spark.storage.memoryMapThreshold": 3.7330222294938986}, "datetime": {"datetime": "2022-02-03 11:08:02", "elapsed": 1049.115404, "delta": 191.931558}}
{"target": -193.233, "params": {"spark.broadcast.blockSize": 43.122296221559374, "spark.broadcast.checksum": 0.7335543474124252, "spark.broadcast.compress": 0.30096786937035735, "spark.default.parallelism": 429.12222062821553, "spark.executor.cores": 3.0508959182380897, "spark.executor.instances": 7.7743368438029545, "spark.executor.memory": 6.903922066020062, "spark.executor.memoryOverhead": 579.3265128457332, "spark.kryoserializer.buffer": 116.83895446676705, "spark.kryoserializer.buffer.max": 115.83701350772614, "spark.locality.wait": 7.912518713262196, "spark.maxRemoteBlockSizeFetchToMem": 1683773137.4058752, "spark.memory.fraction": 0.787452127563461, "spark.memory.offHeap.enabled": 0.8728734037813665, "spark.memory.offHeap.size": 918.2387659464872, "spark.memory.storageFraction": 0.7663108836458787, "spark.rdd.compress": 0.9517293055205573, "spark.reducer.maxBlocksInFlightPerAddress": 2056177864.2658758, "spark.reducer.maxReqsInFlight": 1654637175.620171, "spark.reducer.maxSizeInFlight": 64.69466114236137, "spark.scheduler.mode": 0.12885268320283705, "spark.scheduler.revive.interval": 645.4537350147344, "spark.shuffle.compress": 0.07349709804477667, "spark.shuffle.file.buffer": 20.687599948292444, "spark.shuffle.io.numConnectionsPerPeer": 4.422230565477725, "spark.shuffle.sort.bypassMergeThreshold": 227.2966330040884, "spark.storage.memoryMapThreshold": 2.4988574390922045}, "datetime": {"datetime": "2022-02-03 11:11:25", "elapsed": 1251.40197, "delta": 202.286566}}
{"target": -182.955, "params": {"spark.broadcast.blockSize": 39.271765634140905, "spark.broadcast.checksum": 0.1873595548598198, "spark.broadcast.compress": 0.05148982184967188, "spark.default.parallelism": 220.8358177835585, "spark.executor.cores": 3.397246304932303, "spark.executor.instances": 7.002972217148418, "spark.executor.memory": 4.901111094042493, "spark.executor.memoryOverhead": 662.7661405960546, "spark.kryoserializer.buffer": 54.59354391652636, "spark.kryoserializer.buffer.max": 62.79702494829468, "spark.locality.wait": 7.0793014698818935, "spark.maxRemoteBlockSizeFetchToMem": 1649028998.1805837, "spark.memory.fraction": 0.524354959374312, "spark.memory.offHeap.enabled": 0.687259426904433, "spark.memory.offHeap.size": 791.0333140193238, "spark.memory.storageFraction": 0.8951874347195139, "spark.rdd.compress": 0.5172355400723937, "spark.reducer.maxBlocksInFlightPerAddress": 2053372982.0496116, "spark.reducer.maxReqsInFlight": 1438180435.236432, "spark.reducer.maxSizeInFlight": 49.714807579327015, "spark.scheduler.mode": 0.3122422880227147, "spark.scheduler.revive.interval": 779.1998066414949, "spark.shuffle.compress": 0.6516450185337683, "spark.shuffle.file.buffer": 23.886650854953054, "spark.shuffle.io.numConnectionsPerPeer": 4.782432567383026, "spark.shuffle.sort.bypassMergeThreshold": 216.9578212075869, "spark.storage.memoryMapThreshold": 1.6118872588464483}, "datetime": {"datetime": "2022-02-03 11:14:37", "elapsed": 1443.232679, "delta": 191.830709}}
{"target": -192.515, "params": {"spark.broadcast.blockSize": 39.1250229205982, "spark.broadcast.checksum": 0.45429300715962184, "spark.broadcast.compress": 0.054134485137481314, "spark.default.parallelism": 396.08664654496204, "spark.executor.cores": 3.871071997923759, "spark.executor.instances": 7.490848898153362, "spark.executor.memory": 4.927596753232207, "spark.executor.memoryOverhead": 826.2836381461697, "spark.kryoserializer.buffer": 61.260148761347565, "spark.kryoserializer.buffer.max": 69.28085792793377, "spark.locality.wait": 7.795373230501155, "spark.maxRemoteBlockSizeFetchToMem": 1406851648.3366659, "spark.memory.fraction": 0.5668270518607573, "spark.memory.offHeap.enabled": 0.8426335375145966, "spark.memory.offHeap.size": 1023.0370294594795, "spark.memory.storageFraction": 0.8278596931832467, "spark.rdd.compress": 0.9388341021414525, "spark.reducer.maxBlocksInFlightPerAddress": 1614038877.9770875, "spark.reducer.maxReqsInFlight": 1600730656.6163855, "spark.reducer.maxSizeInFlight": 24.211955449481607, "spark.scheduler.mode": 0.024440175407280496, "spark.scheduler.revive.interval": 747.3078450477401, "spark.shuffle.compress": 0.6003272697912213, "spark.shuffle.file.buffer": 29.11129266004941, "spark.shuffle.io.numConnectionsPerPeer": 1.5055995170747347, "spark.shuffle.sort.bypassMergeThreshold": 172.47970477335633, "spark.storage.memoryMapThreshold": 2.507563210573732}, "datetime": {"datetime": "2022-02-03 11:17:58", "elapsed": 1645.055757, "delta": 201.823078}}
{"target": -207.895, "params": {"spark.broadcast.blockSize": 42.12617621193586, "spark.broadcast.checksum": 0.6283695032235853, "spark.broadcast.compress": 0.26293415102827233, "spark.default.parallelism": 205.53415559829457, "spark.executor.cores": 2.8467067061302425, "spark.executor.instances": 6.0934531561837, "spark.executor.memory": 6.198995697463275, "spark.executor.memoryOverhead": 402.44740682224614, "spark.kryoserializer.buffer": 119.48746207467661, "spark.kryoserializer.buffer.max": 79.52341382044695, "spark.locality.wait": 9.454515912817314, "spark.maxRemoteBlockSizeFetchToMem": 1306134031.9957774, "spark.memory.fraction": 0.5560338087510425, "spark.memory.offHeap.enabled": 0.9261345465159707, "spark.memory.offHeap.size": 579.6411183632997, "spark.memory.storageFraction": 0.849250042350661, "spark.rdd.compress": 0.9846460166469492, "spark.reducer.maxBlocksInFlightPerAddress": 1751875008.0152974, "spark.reducer.maxReqsInFlight": 1776953424.0623536, "spark.reducer.maxSizeInFlight": 59.75583809822986, "spark.scheduler.mode": 0.055664732778329507, "spark.scheduler.revive.interval": 942.9325375260677, "spark.shuffle.compress": 0.7052971789439112, "spark.shuffle.file.buffer": 29.697848479813576, "spark.shuffle.io.numConnectionsPerPeer": 4.1325439667017285, "spark.shuffle.sort.bypassMergeThreshold": 244.37570200821335, "spark.storage.memoryMapThreshold": 3.7346781008917675}, "datetime": {"datetime": "2022-02-03 11:21:35", "elapsed": 1861.69401, "delta": 216.638253}}
{"target": -239.822, "params": {"spark.broadcast.blockSize": 36.930860714526816, "spark.broadcast.checksum": 0.07611456138708494, "spark.broadcast.compress": 0.0027212260141502576, "spark.default.parallelism": 426.3665552506209, "spark.executor.cores": 3.1796534935224208, "spark.executor.instances": 6.535335324251374, "spark.executor.memory": 6.498186365159893, "spark.executor.memoryOverhead": 648.7522173263377, "spark.kryoserializer.buffer": 62.93844408124324, "spark.kryoserializer.buffer.max": 121.54405773496742, "spark.locality.wait": 8.564659568425101, "spark.maxRemoteBlockSizeFetchToMem": 1265660899.1118984, "spark.memory.fraction": 0.6120301452174369, "spark.memory.offHeap.enabled": 0.9463189154665179, "spark.memory.offHeap.size": 907.9918954289493, "spark.memory.storageFraction": 0.6895613392999498, "spark.rdd.compress": 0.7745553063602183, "spark.reducer.maxBlocksInFlightPerAddress": 2025947518.1748667, "spark.reducer.maxReqsInFlight": 1078328775.4879441, "spark.reducer.maxSizeInFlight": 40.33207077568418, "spark.scheduler.mode": 0.1390495672960087, "spark.scheduler.revive.interval": 718.3035017806171, "spark.shuffle.compress": 0.5741629980924522, "spark.shuffle.file.buffer": 20.272740180319325, "spark.shuffle.io.numConnectionsPerPeer": 3.393252567425708, "spark.shuffle.sort.bypassMergeThreshold": 162.0606574484269, "spark.storage.memoryMapThreshold": 2.2219405820071354}, "datetime": {"datetime": "2022-02-03 11:25:44", "elapsed": 2110.406664, "delta": 248.712654}}
