{"target": -155.071, "params": {"spark.broadcast.blockSize": 41.58758899050536, "spark.broadcast.checksum": 0.41023464216245065, "spark.broadcast.compress": 0.456714505385753, "spark.default.parallelism": 213.4904117196794, "spark.executor.cores": 3.5792742502816477, "spark.executor.instances": 7.273474480934951, "spark.executor.memory": 6.65370573386549, "spark.executor.memoryOverhead": 841.1763320795371, "spark.kryoserializer.buffer": 74.50233272958577, "spark.kryoserializer.buffer.max": 42.794391126573615, "spark.locality.wait": 4.6077297460862665, "spark.maxRemoteBlockSizeFetchToMem": 1767262587.3423748, "spark.memory.fraction": 0.6730900351690149, "spark.memory.offHeap.enabled": 0.9913607508121941, "spark.memory.offHeap.size": 693.021473848188, "spark.memory.storageFraction": 0.7156803642141024, "spark.rdd.compress": 0.925154009417839, "spark.reducer.maxBlocksInFlightPerAddress": 2067171388.9144564, "spark.reducer.maxReqsInFlight": 1724248431.724138, "spark.reducer.maxSizeInFlight": 71.72616936476977, "spark.scheduler.mode": 0.18626128646253337, "spark.scheduler.revive.interval": 810.1177723046385, "spark.shuffle.compress": 0.7277682688238171, "spark.shuffle.file.buffer": 33.61426719754628, "spark.shuffle.io.numConnectionsPerPeer": 3.303546293171312, "spark.shuffle.sort.bypassMergeThreshold": 275.797714283855, "spark.storage.memoryMapThreshold": 2.1468810246543426}, "datetime": {"datetime": "2022-02-03 11:28:28", "elapsed": 2274.2954, "delta": 163.888736}}
{"target": -209.893, "params": {"spark.broadcast.blockSize": 41.897500597277926, "spark.broadcast.checksum": 0.004067129117715451, "spark.broadcast.compress": 0.7774955337633693, "spark.default.parallelism": 229.92960104730986, "spark.executor.cores": 3.352900239757577, "spark.executor.instances": 6.6468458186334205, "spark.executor.memory": 6.081612685442028, "spark.executor.memoryOverhead": 685.8797644080732, "spark.kryoserializer.buffer": 113.06322984066969, "spark.kryoserializer.buffer.max": 86.58746604416494, "spark.locality.wait": 4.978500924761434, "spark.maxRemoteBlockSizeFetchToMem": 1839012106.7923198, "spark.memory.fraction": 0.6592982297945141, "spark.memory.offHeap.enabled": 0.6623816318429872, "spark.memory.offHeap.size": 573.5016132155272, "spark.memory.storageFraction": 0.8950827074280217, "spark.rdd.compress": 0.7349235015387235, "spark.reducer.maxBlocksInFlightPerAddress": 2115830863.4274433, "spark.reducer.maxReqsInFlight": 1924446104.6595926, "spark.reducer.maxSizeInFlight": 64.50109811056342, "spark.scheduler.mode": 0.6603199891299397, "spark.scheduler.revive.interval": 650.6721587025156, "spark.shuffle.compress": 0.35722534701907704, "spark.shuffle.file.buffer": 25.71520599906498, "spark.shuffle.io.numConnectionsPerPeer": 2.3552056736502847, "spark.shuffle.sort.bypassMergeThreshold": 308.2275006131587, "spark.storage.memoryMapThreshold": 2.328756094058129}, "datetime": {"datetime": "2022-02-03 11:32:06", "elapsed": 2492.989292, "delta": 218.693892}}
{"target": -158.261, "params": {"spark.broadcast.blockSize": 32.18049055752573, "spark.broadcast.checksum": 0.10361051549846045, "spark.broadcast.compress": 0.8738503136331076, "spark.default.parallelism": 259.42711480727644, "spark.executor.cores": 3.5743547947018492, "spark.executor.instances": 7.026622878254432, "spark.executor.memory": 6.646083589120195, "spark.executor.memoryOverhead": 810.2595203655469, "spark.kryoserializer.buffer": 71.70069714934243, "spark.kryoserializer.buffer.max": 37.74967696724005, "spark.locality.wait": 4.323387220700645, "spark.maxRemoteBlockSizeFetchToMem": 1766564329.717725, "spark.memory.fraction": 0.6224670672700578, "spark.memory.offHeap.enabled": 0.7982646554257343, "spark.memory.offHeap.size": 886.6780340165972, "spark.memory.storageFraction": 0.7278341133665331, "spark.rdd.compress": 0.6333549505535979, "spark.reducer.maxBlocksInFlightPerAddress": 2137815211.0815566, "spark.reducer.maxReqsInFlight": 1664293433.542213, "spark.reducer.maxSizeInFlight": 54.389070007495036, "spark.scheduler.mode": 0.08158942209253062, "spark.scheduler.revive.interval": 831.5078220606442, "spark.shuffle.compress": 0.34752290474877356, "spark.shuffle.file.buffer": 39.376633822424736, "spark.shuffle.io.numConnectionsPerPeer": 2.9825013686612567, "spark.shuffle.sort.bypassMergeThreshold": 248.48145608018083, "spark.storage.memoryMapThreshold": 1.9160075645192083}, "datetime": {"datetime": "2022-02-03 11:34:54", "elapsed": 2660.16387, "delta": 167.174578}}
{"target": -174.411, "params": {"spark.broadcast.blockSize": 41.52124204072699, "spark.broadcast.checksum": 0.9027258602912053, "spark.broadcast.compress": 0.10913732323253433, "spark.default.parallelism": 444.8932608273595, "spark.executor.cores": 3.754829250542779, "spark.executor.instances": 7.322099186141924, "spark.executor.memory": 3.5690349515118425, "spark.executor.memoryOverhead": 862.8062577149116, "spark.kryoserializer.buffer": 103.14510628250541, "spark.kryoserializer.buffer.max": 34.10847045983433, "spark.locality.wait": 4.988437000761456, "spark.maxRemoteBlockSizeFetchToMem": 2115192220.7900982, "spark.memory.fraction": 0.6942161145842386, "spark.memory.offHeap.enabled": 0.7669977869344781, "spark.memory.offHeap.size": 554.5331004436391, "spark.memory.storageFraction": 0.757734956312149, "spark.rdd.compress": 0.812962752460226, "spark.reducer.maxBlocksInFlightPerAddress": 1929039904.6860325, "spark.reducer.maxReqsInFlight": 2077766753.0837114, "spark.reducer.maxSizeInFlight": 61.803181094135624, "spark.scheduler.mode": 0.08472584811057271, "spark.scheduler.revive.interval": 790.0787124290769, "spark.shuffle.compress": 0.22255983268577384, "spark.shuffle.file.buffer": 45.77417465698181, "spark.shuffle.io.numConnectionsPerPeer": 3.4845555031904643, "spark.shuffle.sort.bypassMergeThreshold": 302.08848905507, "spark.storage.memoryMapThreshold": 2.4282903383746266}, "datetime": {"datetime": "2022-02-03 11:37:57", "elapsed": 2843.333954, "delta": 183.170084}}
{"target": -179.459, "params": {"spark.broadcast.blockSize": 45.27068883031883, "spark.broadcast.checksum": 0.608881215755645, "spark.broadcast.compress": 0.3573311758188781, "spark.default.parallelism": 291.01471992274134, "spark.executor.cores": 2.9213982626642436, "spark.executor.instances": 7.5385969205358965, "spark.executor.memory": 4.685070359658692, "spark.executor.memoryOverhead": 862.808024254583, "spark.kryoserializer.buffer": 103.57212059934068, "spark.kryoserializer.buffer.max": 38.05449840862768, "spark.locality.wait": 6.364007822547793, "spark.maxRemoteBlockSizeFetchToMem": 1647372101.29907, "spark.memory.fraction": 0.5114569201599571, "spark.memory.offHeap.enabled": 0.5424402189698935, "spark.memory.offHeap.size": 682.1585853181693, "spark.memory.storageFraction": 0.5199600875724181, "spark.rdd.compress": 0.6052998422629796, "spark.reducer.maxBlocksInFlightPerAddress": 1811282816.2935958, "spark.reducer.maxReqsInFlight": 1994523200.2253976, "spark.reducer.maxSizeInFlight": 60.680970707716064, "spark.scheduler.mode": 0.19356131097000162, "spark.scheduler.revive.interval": 778.1393770657271, "spark.shuffle.compress": 0.17410721836532228, "spark.shuffle.file.buffer": 47.286186448917974, "spark.shuffle.io.numConnectionsPerPeer": 4.200590448519816, "spark.shuffle.sort.bypassMergeThreshold": 248.82018392574753, "spark.storage.memoryMapThreshold": 2.344828360908286}, "datetime": {"datetime": "2022-02-03 11:41:05", "elapsed": 3031.67509, "delta": 188.341136}}
{"target": -211.043, "params": {"spark.broadcast.blockSize": 37.66375933627101, "spark.broadcast.checksum": 0.04134990731540611, "spark.broadcast.compress": 0.36268667301510604, "spark.default.parallelism": 261.63672863039244, "spark.executor.cores": 2.6305921839491266, "spark.executor.instances": 7.361433247860842, "spark.executor.memory": 6.140428860459366, "spark.executor.memoryOverhead": 840.6914228438434, "spark.kryoserializer.buffer": 52.54058536658793, "spark.kryoserializer.buffer.max": 65.26118309984562, "spark.locality.wait": 4.116899299008105, "spark.maxRemoteBlockSizeFetchToMem": 1442033994.9638553, "spark.memory.fraction": 0.7084196743725826, "spark.memory.offHeap.enabled": 0.9416083319650411, "spark.memory.offHeap.size": 643.5822339693029, "spark.memory.storageFraction": 0.805378460303821, "spark.rdd.compress": 0.5833625317302172, "spark.reducer.maxBlocksInFlightPerAddress": 1583972551.1707053, "spark.reducer.maxReqsInFlight": 2103736158.0960815, "spark.reducer.maxSizeInFlight": 44.963109142871616, "spark.scheduler.mode": 0.39008989645989467, "spark.scheduler.revive.interval": 961.3020762024977, "spark.shuffle.compress": 0.32882483046532784, "spark.shuffle.file.buffer": 36.5413706881501, "spark.shuffle.io.numConnectionsPerPeer": 3.953338029365381, "spark.shuffle.sort.bypassMergeThreshold": 256.0756783773127, "spark.storage.memoryMapThreshold": 3.2648710183382015}, "datetime": {"datetime": "2022-02-03 11:44:45", "elapsed": 3251.560012, "delta": 219.884922}}
{"target": -181.929, "params": {"spark.broadcast.blockSize": 59.98070295513526, "spark.broadcast.checksum": 0.795652106507946, "spark.broadcast.compress": 0.3816040146371381, "spark.default.parallelism": 201.5816269060718, "spark.executor.cores": 3.4315918559427865, "spark.executor.instances": 6.529878725339302, "spark.executor.memory": 6.908588590098704, "spark.executor.memoryOverhead": 758.7897119672118, "spark.kryoserializer.buffer": 90.61682297548641, "spark.kryoserializer.buffer.max": 50.51373020557199, "spark.locality.wait": 6.788012027795739, "spark.maxRemoteBlockSizeFetchToMem": 1890380544.5304453, "spark.memory.fraction": 0.5488280294903382, "spark.memory.offHeap.enabled": 0.6689102506983654, "spark.memory.offHeap.size": 673.3208031930745, "spark.memory.storageFraction": 0.6629374508824946, "spark.rdd.compress": 0.4953218855635493, "spark.reducer.maxBlocksInFlightPerAddress": 1993074437.13936, "spark.reducer.maxReqsInFlight": 1814733640.9699755, "spark.reducer.maxSizeInFlight": 70.36975969506977, "spark.scheduler.mode": 0.01431699151669752, "spark.scheduler.revive.interval": 716.1044025857782, "spark.shuffle.compress": 0.5626176644279896, "spark.shuffle.file.buffer": 39.52852460554473, "spark.shuffle.io.numConnectionsPerPeer": 2.771552765795053, "spark.shuffle.sort.bypassMergeThreshold": 162.9571885894538, "spark.storage.memoryMapThreshold": 1.316132042611514}, "datetime": {"datetime": "2022-02-03 11:47:56", "elapsed": 3442.31557, "delta": 190.755558}}
{"target": -181.482, "params": {"spark.broadcast.blockSize": 43.93518608306279, "spark.broadcast.checksum": 0.9366741190259894, "spark.broadcast.compress": 0.9458804905462778, "spark.default.parallelism": 345.674169676118, "spark.executor.cores": 3.6157764782818393, "spark.executor.instances": 6.481723631705465, "spark.executor.memory": 6.16880599420955, "spark.executor.memoryOverhead": 769.4572871143064, "spark.kryoserializer.buffer": 40.183848839781376, "spark.kryoserializer.buffer.max": 34.241500968297714, "spark.locality.wait": 4.340772344248267, "spark.maxRemoteBlockSizeFetchToMem": 1783216859.6958997, "spark.memory.fraction": 0.5786286908275109, "spark.memory.offHeap.enabled": 0.7911632494273373, "spark.memory.offHeap.size": 979.1547071136754, "spark.memory.storageFraction": 0.8347967410258537, "spark.rdd.compress": 0.6107983416666326, "spark.reducer.maxBlocksInFlightPerAddress": 2139942958.352407, "spark.reducer.maxReqsInFlight": 1693097810.0645165, "spark.reducer.maxSizeInFlight": 66.26768428064261, "spark.scheduler.mode": 0.2807600663587154, "spark.scheduler.revive.interval": 783.2845171922486, "spark.shuffle.compress": 0.3755265313288274, "spark.shuffle.file.buffer": 44.991905195499506, "spark.shuffle.io.numConnectionsPerPeer": 2.832289713923484, "spark.shuffle.sort.bypassMergeThreshold": 237.3570051995784, "spark.storage.memoryMapThreshold": 2.3845771824667548}, "datetime": {"datetime": "2022-02-03 11:51:06", "elapsed": 3632.624195, "delta": 190.308625}}
{"target": -186.753, "params": {"spark.broadcast.blockSize": 38.01867238548489, "spark.broadcast.checksum": 0.30962594114087405, "spark.broadcast.compress": 0.10734668274840731, "spark.default.parallelism": 201.26502189024507, "spark.executor.cores": 3.9754268812159164, "spark.executor.instances": 7.387744589594286, "spark.executor.memory": 6.804366043160874, "spark.executor.memoryOverhead": 807.7669668930372, "spark.kryoserializer.buffer": 115.85277505149816, "spark.kryoserializer.buffer.max": 61.161393743424306, "spark.locality.wait": 6.981398965480074, "spark.maxRemoteBlockSizeFetchToMem": 1210944518.6737907, "spark.memory.fraction": 0.5203872124217315, "spark.memory.offHeap.enabled": 0.7758170864630103, "spark.memory.offHeap.size": 793.4387388658467, "spark.memory.storageFraction": 0.8513698780699985, "spark.rdd.compress": 0.7709568833702374, "spark.reducer.maxBlocksInFlightPerAddress": 1548836979.3872108, "spark.reducer.maxReqsInFlight": 2143734742.0391788, "spark.reducer.maxSizeInFlight": 67.38005610676906, "spark.scheduler.mode": 0.4854209773132391, "spark.scheduler.revive.interval": 893.7919573693779, "spark.shuffle.compress": 0.5396806090372758, "spark.shuffle.file.buffer": 36.15934949945968, "spark.shuffle.io.numConnectionsPerPeer": 1.4300970334122418, "spark.shuffle.sort.bypassMergeThreshold": 185.53716516194964, "spark.storage.memoryMapThreshold": 3.1325353321927754}, "datetime": {"datetime": "2022-02-03 11:54:22", "elapsed": 3828.252384, "delta": 195.628189}}
{"target": -179.309, "params": {"spark.broadcast.blockSize": 48.730696459812634, "spark.broadcast.checksum": 0.29133510183234046, "spark.broadcast.compress": 0.41968428783386114, "spark.default.parallelism": 204.99106087705286, "spark.executor.cores": 3.1459850642902225, "spark.executor.instances": 6.968619129520349, "spark.executor.memory": 4.91106940955591, "spark.executor.memoryOverhead": 741.2784251014752, "spark.kryoserializer.buffer": 73.32646576061916, "spark.kryoserializer.buffer.max": 33.9562401833252, "spark.locality.wait": 4.170809307299568, "spark.maxRemoteBlockSizeFetchToMem": 1813504748.655817, "spark.memory.fraction": 0.520083153852251, "spark.memory.offHeap.enabled": 0.6678505784315224, "spark.memory.offHeap.size": 519.3861275889402, "spark.memory.storageFraction": 0.6647972350142113, "spark.rdd.compress": 0.8667537771941729, "spark.reducer.maxBlocksInFlightPerAddress": 1546027629.9362154, "spark.reducer.maxReqsInFlight": 1860708612.079959, "spark.reducer.maxSizeInFlight": 45.66934515331997, "spark.scheduler.mode": 0.10118580374639885, "spark.scheduler.revive.interval": 568.9126908522102, "spark.shuffle.compress": 0.663423107496957, "spark.shuffle.file.buffer": 30.86525994598996, "spark.shuffle.io.numConnectionsPerPeer": 4.478226002604556, "spark.shuffle.sort.bypassMergeThreshold": 184.39241116777777, "spark.storage.memoryMapThreshold": 1.2533961412309325}, "datetime": {"datetime": "2022-02-03 11:57:30", "elapsed": 4016.202827, "delta": 187.950443}}
