{"target": -183.045, "params": {"spark.broadcast.blockSize": 39.44914853063894, "spark.broadcast.checksum": 0.09074822829275242, "spark.broadcast.compress": 0.9661569271061985, "spark.default.parallelism": 464.2581299814557, "spark.executor.cores": 3.6498048654657103, "spark.executor.instances": 7.078434204475585, "spark.executor.memory": 5.219467048989296, "spark.executor.memoryOverhead": 520.3131550873618, "spark.kryoserializer.buffer": 58.336749031740545, "spark.kryoserializer.buffer.max": 102.81743355358967, "spark.locality.wait": 6.575446211072313, "spark.maxRemoteBlockSizeFetchToMem": 1261497649.6558297, "spark.memory.fraction": 0.8405574115010331, "spark.memory.offHeap.enabled": 0.849822448653689, "spark.memory.offHeap.size": 919.0314790105094, "spark.memory.storageFraction": 0.8117356880352523, "spark.rdd.compress": 0.8665619829211033, "spark.reducer.maxBlocksInFlightPerAddress": 2001657292.104855, "spark.reducer.maxReqsInFlight": 1757586870.4841514, "spark.reducer.maxSizeInFlight": 36.32982750767284, "spark.scheduler.mode": 0.024840518870148043, "spark.scheduler.revive.interval": 872.9321641958211, "spark.shuffle.compress": 0.5027404875347646, "spark.shuffle.file.buffer": 28.562501887468564, "spark.shuffle.io.numConnectionsPerPeer": 1.6909048216642732, "spark.shuffle.sort.bypassMergeThreshold": 200.02259177922014, "spark.storage.memoryMapThreshold": 3.66866266614354}, "datetime": {"datetime": "2022-01-30 21:33:51", "elapsed": 5299.128902, "delta": 191.981187}}
{"target": -182.296, "params": {"spark.broadcast.blockSize": 35.96334876164478, "spark.broadcast.checksum": 0.9938557287638338, "spark.broadcast.compress": 0.6803764466304795, "spark.default.parallelism": 408.12461654001515, "spark.executor.cores": 3.5744023975373502, "spark.executor.instances": 6.411730874164313, "spark.executor.memory": 5.827488626196081, "spark.executor.memoryOverhead": 577.6895065745105, "spark.kryoserializer.buffer": 89.37630973448415, "spark.kryoserializer.buffer.max": 86.4062177878886, "spark.locality.wait": 8.10976610094103, "spark.maxRemoteBlockSizeFetchToMem": 1107499080.9719381, "spark.memory.fraction": 0.8926452013149986, "spark.memory.offHeap.enabled": 0.757097108833649, "spark.memory.offHeap.size": 842.9046786816632, "spark.memory.storageFraction": 0.8944577843047135, "spark.rdd.compress": 0.3105815388335563, "spark.reducer.maxBlocksInFlightPerAddress": 1631001858.3561234, "spark.reducer.maxReqsInFlight": 1573298810.9178078, "spark.reducer.maxSizeInFlight": 27.974514081518457, "spark.scheduler.mode": 0.04606106445524538, "spark.scheduler.revive.interval": 992.3433038061723, "spark.shuffle.compress": 0.6612087429170043, "spark.shuffle.file.buffer": 40.53083290978286, "spark.shuffle.io.numConnectionsPerPeer": 1.5584306937610308, "spark.shuffle.sort.bypassMergeThreshold": 208.2543699890091, "spark.storage.memoryMapThreshold": 3.403110262264252}, "datetime": {"datetime": "2022-01-30 21:37:03", "elapsed": 5490.423004, "delta": 191.294102}}
{"target": -179.991, "params": {"spark.broadcast.blockSize": 39.81792702645454, "spark.broadcast.checksum": 0.9682917686182395, "spark.broadcast.compress": 0.3276302824993995, "spark.default.parallelism": 432.2200664921622, "spark.executor.cores": 3.505443609546287, "spark.executor.instances": 6.821624446061132, "spark.executor.memory": 4.392959867600879, "spark.executor.memoryOverhead": 509.70762022243144, "spark.kryoserializer.buffer": 118.29377318441212, "spark.kryoserializer.buffer.max": 80.05842968376912, "spark.locality.wait": 4.865919789036768, "spark.maxRemoteBlockSizeFetchToMem": 1161820939.6560872, "spark.memory.fraction": 0.8780998995668701, "spark.memory.offHeap.enabled": 0.9097464578422079, "spark.memory.offHeap.size": 925.1462805721239, "spark.memory.storageFraction": 0.8168977734002496, "spark.rdd.compress": 0.36290457709573987, "spark.reducer.maxBlocksInFlightPerAddress": 1737455637.779047, "spark.reducer.maxReqsInFlight": 1780944985.4758792, "spark.reducer.maxSizeInFlight": 48.67951587660998, "spark.scheduler.mode": 0.25799082468439405, "spark.scheduler.revive.interval": 840.3809949662995, "spark.shuffle.compress": 0.19176494018835322, "spark.shuffle.file.buffer": 21.94899869964341, "spark.shuffle.io.numConnectionsPerPeer": 1.6494576245640737, "spark.shuffle.sort.bypassMergeThreshold": 207.28169323194027, "spark.storage.memoryMapThreshold": 3.1754855372273223}, "datetime": {"datetime": "2022-01-30 21:40:12", "elapsed": 5679.243597, "delta": 188.820593}}
{"target": -160.158, "params": {"spark.broadcast.blockSize": 47.924279086322336, "spark.broadcast.checksum": 0.18154860174529197, "spark.broadcast.compress": 0.7968733208547577, "spark.default.parallelism": 466.9072350072273, "spark.executor.cores": 3.9145794469817705, "spark.executor.instances": 7.435389497750615, "spark.executor.memory": 4.594392358100842, "spark.executor.memoryOverhead": 504.61834134654873, "spark.kryoserializer.buffer": 65.0589767374313, "spark.kryoserializer.buffer.max": 103.1460711126758, "spark.locality.wait": 8.330856835025394, "spark.maxRemoteBlockSizeFetchToMem": 1499623655.293357, "spark.memory.fraction": 0.7458873936283916, "spark.memory.offHeap.enabled": 0.6610285847803267, "spark.memory.offHeap.size": 960.9343356546148, "spark.memory.storageFraction": 0.8510819385217196, "spark.rdd.compress": 0.19883995941366084, "spark.reducer.maxBlocksInFlightPerAddress": 1317001300.7583327, "spark.reducer.maxReqsInFlight": 1653300454.2496767, "spark.reducer.maxSizeInFlight": 49.29764779558735, "spark.scheduler.mode": 0.36194876971634804, "spark.scheduler.revive.interval": 974.7866426604887, "spark.shuffle.compress": 0.14008103576273845, "spark.shuffle.file.buffer": 22.687062548336943, "spark.shuffle.io.numConnectionsPerPeer": 1.395667247395426, "spark.shuffle.sort.bypassMergeThreshold": 216.80399446832416, "spark.storage.memoryMapThreshold": 2.4474672614395896}, "datetime": {"datetime": "2022-01-30 21:43:01", "elapsed": 5848.332009, "delta": 169.088412}}
{"target": -208.927, "params": {"spark.broadcast.blockSize": 38.761144675128946, "spark.broadcast.checksum": 0.5491957797558802, "spark.broadcast.compress": 0.7527791796690381, "spark.default.parallelism": 437.53948855811393, "spark.executor.cores": 3.4099404690680286, "spark.executor.instances": 6.33312800646028, "spark.executor.memory": 3.886329110537561, "spark.executor.memoryOverhead": 582.0014291266976, "spark.kryoserializer.buffer": 53.15123152104861, "spark.kryoserializer.buffer.max": 126.84980360916815, "spark.locality.wait": 8.299886810812367, "spark.maxRemoteBlockSizeFetchToMem": 1232972397.8126006, "spark.memory.fraction": 0.7556080837097712, "spark.memory.offHeap.enabled": 0.7973546720506302, "spark.memory.offHeap.size": 647.6533536188576, "spark.memory.storageFraction": 0.7782324201427868, "spark.rdd.compress": 0.23168414704095142, "spark.reducer.maxBlocksInFlightPerAddress": 1347869001.693055, "spark.reducer.maxReqsInFlight": 1680947087.656892, "spark.reducer.maxSizeInFlight": 25.518955194054655, "spark.scheduler.mode": 0.16043055043949972, "spark.scheduler.revive.interval": 797.8487289439051, "spark.shuffle.compress": 0.6150603470340082, "spark.shuffle.file.buffer": 23.253289664358554, "spark.shuffle.io.numConnectionsPerPeer": 1.01559299076937, "spark.shuffle.sort.bypassMergeThreshold": 267.5434565472706, "spark.storage.memoryMapThreshold": 2.7339317868006408}, "datetime": {"datetime": "2022-01-30 21:46:39", "elapsed": 6066.189785, "delta": 217.857776}}
{"target": -161.887, "params": {"spark.broadcast.blockSize": 37.70543869923257, "spark.broadcast.checksum": 0.5896489129578097, "spark.broadcast.compress": 0.8379573788415712, "spark.default.parallelism": 404.61337872594595, "spark.executor.cores": 3.860454238799724, "spark.executor.instances": 7.622011705536984, "spark.executor.memory": 4.264221415435326, "spark.executor.memoryOverhead": 580.2795825076829, "spark.kryoserializer.buffer": 111.56815832960552, "spark.kryoserializer.buffer.max": 105.3388426201744, "spark.locality.wait": 7.0183368876600145, "spark.maxRemoteBlockSizeFetchToMem": 1390618473.1229343, "spark.memory.fraction": 0.8788533024325522, "spark.memory.offHeap.enabled": 0.617491019421157, "spark.memory.offHeap.size": 636.3694648928288, "spark.memory.storageFraction": 0.8719125334773558, "spark.rdd.compress": 0.07283963630977053, "spark.reducer.maxBlocksInFlightPerAddress": 1980444956.1134453, "spark.reducer.maxReqsInFlight": 1963879529.1968727, "spark.reducer.maxSizeInFlight": 29.02956985340453, "spark.scheduler.mode": 0.43488593165030087, "spark.scheduler.revive.interval": 983.7143594366217, "spark.shuffle.compress": 0.5417002928686192, "spark.shuffle.file.buffer": 18.391770359649424, "spark.shuffle.io.numConnectionsPerPeer": 3.081241238016089, "spark.shuffle.sort.bypassMergeThreshold": 222.37813026982707, "spark.storage.memoryMapThreshold": 3.6030076995150466}, "datetime": {"datetime": "2022-01-30 21:49:29", "elapsed": 6236.857266, "delta": 170.667481}}
{"target": -167.85, "params": {"spark.broadcast.blockSize": 32.89118868040099, "spark.broadcast.checksum": 0.824481018078647, "spark.broadcast.compress": 0.9095772607023984, "spark.default.parallelism": 497.2683993197984, "spark.executor.cores": 3.8917002025014296, "spark.executor.instances": 7.293029644369097, "spark.executor.memory": 6.928719753969603, "spark.executor.memoryOverhead": 565.103238776195, "spark.kryoserializer.buffer": 117.98226072885979, "spark.kryoserializer.buffer.max": 109.35938306432465, "spark.locality.wait": 6.914555993716247, "spark.maxRemoteBlockSizeFetchToMem": 1257641616.2366111, "spark.memory.fraction": 0.8497261084577836, "spark.memory.offHeap.enabled": 0.28505733751446727, "spark.memory.offHeap.size": 953.8899605425115, "spark.memory.storageFraction": 0.6266555947612669, "spark.rdd.compress": 0.3537927631138138, "spark.reducer.maxBlocksInFlightPerAddress": 1224540088.2227144, "spark.reducer.maxReqsInFlight": 1481489853.417871, "spark.reducer.maxSizeInFlight": 39.823977707886755, "spark.scheduler.mode": 0.3711832217629768, "spark.scheduler.revive.interval": 920.3539012292438, "spark.shuffle.compress": 0.6072367284969753, "spark.shuffle.file.buffer": 17.46716612016974, "spark.shuffle.io.numConnectionsPerPeer": 2.2336483456979868, "spark.shuffle.sort.bypassMergeThreshold": 252.89791746990113, "spark.storage.memoryMapThreshold": 2.665413428255514}, "datetime": {"datetime": "2022-01-30 21:52:26", "elapsed": 6413.525779, "delta": 176.668513}}
{"target": -159.708, "params": {"spark.broadcast.blockSize": 37.40289987640794, "spark.broadcast.checksum": 0.8806265068308462, "spark.broadcast.compress": 0.7470761916929007, "spark.default.parallelism": 477.27398716350416, "spark.executor.cores": 3.9284422126139242, "spark.executor.instances": 7.0842065916365975, "spark.executor.memory": 3.7492711200297015, "spark.executor.memoryOverhead": 427.72601535645475, "spark.kryoserializer.buffer": 89.87879528483798, "spark.kryoserializer.buffer.max": 45.53767068211252, "spark.locality.wait": 8.087406219476744, "spark.maxRemoteBlockSizeFetchToMem": 1500637537.9591424, "spark.memory.fraction": 0.7901268244984703, "spark.memory.offHeap.enabled": 0.8303177815673951, "spark.memory.offHeap.size": 791.1946075499436, "spark.memory.storageFraction": 0.816611390555207, "spark.rdd.compress": 0.08825534889396691, "spark.reducer.maxBlocksInFlightPerAddress": 1275717813.207878, "spark.reducer.maxReqsInFlight": 1702558021.77695, "spark.reducer.maxSizeInFlight": 28.709279239315766, "spark.scheduler.mode": 0.7789660534835697, "spark.scheduler.revive.interval": 922.80967189632, "spark.shuffle.compress": 0.37804093362678215, "spark.shuffle.file.buffer": 19.127179853933843, "spark.shuffle.io.numConnectionsPerPeer": 1.3662132013475574, "spark.shuffle.sort.bypassMergeThreshold": 190.07767555827056, "spark.storage.memoryMapThreshold": 3.0199002498990097}, "datetime": {"datetime": "2022-01-30 21:55:14", "elapsed": 6582.033915, "delta": 168.508136}}
{"target": -179.592, "params": {"spark.broadcast.blockSize": 39.16658312380753, "spark.broadcast.checksum": 0.7637946310274449, "spark.broadcast.compress": 0.7555048606777618, "spark.default.parallelism": 386.8639821473257, "spark.executor.cores": 3.946961004710738, "spark.executor.instances": 7.149278986553816, "spark.executor.memory": 4.839374362563607, "spark.executor.memoryOverhead": 697.6469777055249, "spark.kryoserializer.buffer": 73.88448734473306, "spark.kryoserializer.buffer.max": 81.1714830682071, "spark.locality.wait": 6.004467427351491, "spark.maxRemoteBlockSizeFetchToMem": 1586178791.05797, "spark.memory.fraction": 0.7234100426876959, "spark.memory.offHeap.enabled": 0.918371892777394, "spark.memory.offHeap.size": 839.7246691252102, "spark.memory.storageFraction": 0.8092775061534636, "spark.rdd.compress": 0.17408693294521627, "spark.reducer.maxBlocksInFlightPerAddress": 1874272471.9783196, "spark.reducer.maxReqsInFlight": 1473977079.6074624, "spark.reducer.maxSizeInFlight": 51.66680943124223, "spark.scheduler.mode": 0.4739446342133513, "spark.scheduler.revive.interval": 953.8039545433687, "spark.shuffle.compress": 0.4847306815697232, "spark.shuffle.file.buffer": 37.54540397466581, "spark.shuffle.io.numConnectionsPerPeer": 1.91699374373172, "spark.shuffle.sort.bypassMergeThreshold": 240.8681301413519, "spark.storage.memoryMapThreshold": 3.312167968224113}, "datetime": {"datetime": "2022-01-30 21:58:23", "elapsed": 6770.542029, "delta": 188.508114}}
{"target": -182.501, "params": {"spark.broadcast.blockSize": 33.36714631724396, "spark.broadcast.checksum": 0.603658423114552, "spark.broadcast.compress": 0.6294363428524905, "spark.default.parallelism": 441.3236205102462, "spark.executor.cores": 3.458001540623599, "spark.executor.instances": 7.8697109136720655, "spark.executor.memory": 3.8561346496851745, "spark.executor.memoryOverhead": 534.7561048106331, "spark.kryoserializer.buffer": 105.64340602662703, "spark.kryoserializer.buffer.max": 81.34425736122472, "spark.locality.wait": 5.776107907311973, "spark.maxRemoteBlockSizeFetchToMem": 1722149543.5902255, "spark.memory.fraction": 0.8399165543448903, "spark.memory.offHeap.enabled": 0.6094455118599434, "spark.memory.offHeap.size": 683.0454707599722, "spark.memory.storageFraction": 0.703179940841773, "spark.rdd.compress": 0.6555716274712075, "spark.reducer.maxBlocksInFlightPerAddress": 2092818668.1359236, "spark.reducer.maxReqsInFlight": 1617702791.147146, "spark.reducer.maxSizeInFlight": 37.59965105264468, "spark.scheduler.mode": 0.1671902015782487, "spark.scheduler.revive.interval": 982.2943886235232, "spark.shuffle.compress": 0.2681593332098099, "spark.shuffle.file.buffer": 26.086198463584665, "spark.shuffle.io.numConnectionsPerPeer": 1.7275143380396423, "spark.shuffle.sort.bypassMergeThreshold": 309.84489211162554, "spark.storage.memoryMapThreshold": 2.27597840072017}, "datetime": {"datetime": "2022-01-30 22:01:34", "elapsed": 6961.909546, "delta": 191.367517}}
{"target": -178.903, "params": {"spark.broadcast.blockSize": 33.21341611463879, "spark.broadcast.checksum": 0.7782631051702231, "spark.broadcast.compress": 0.3258469178309673, "spark.default.parallelism": 420.24322623899684, "spark.executor.cores": 3.689618562354731, "spark.executor.instances": 6.391551301512687, "spark.executor.memory": 4.934876323115143, "spark.executor.memoryOverhead": 480.01125542481157, "spark.kryoserializer.buffer": 69.15739874387165, "spark.kryoserializer.buffer.max": 42.92833685383616, "spark.locality.wait": 7.173154333984335, "spark.maxRemoteBlockSizeFetchToMem": 1717052436.3077943, "spark.memory.fraction": 0.8477769373397993, "spark.memory.offHeap.enabled": 0.27427587764708283, "spark.memory.offHeap.size": 713.8007481157208, "spark.memory.storageFraction": 0.744788028735063, "spark.rdd.compress": 0.3400910919164043, "spark.reducer.maxBlocksInFlightPerAddress": 1762434678.2229962, "spark.reducer.maxReqsInFlight": 1127479611.6533003, "spark.reducer.maxSizeInFlight": 30.273791013979015, "spark.scheduler.mode": 0.719597076279722, "spark.scheduler.revive.interval": 982.6288592268425, "spark.shuffle.compress": 0.23101494220214658, "spark.shuffle.file.buffer": 19.72540100417949, "spark.shuffle.io.numConnectionsPerPeer": 2.4094201241293414, "spark.shuffle.sort.bypassMergeThreshold": 268.33724807935573, "spark.storage.memoryMapThreshold": 3.6142523597650924}, "datetime": {"datetime": "2022-01-30 22:04:42", "elapsed": 7149.60297, "delta": 187.693424}}
{"target": -149.839, "params": {"spark.broadcast.blockSize": 33.3256120647883, "spark.broadcast.checksum": 0.20969604059111935, "spark.broadcast.compress": 0.8947829849772687, "spark.default.parallelism": 269.4081466417441, "spark.executor.cores": 3.540539434266179, "spark.executor.instances": 7.482571268545588, "spark.executor.memory": 4.376380362050273, "spark.executor.memoryOverhead": 400.2926488097632, "spark.kryoserializer.buffer": 73.21897209528736, "spark.kryoserializer.buffer.max": 109.80568677756233, "spark.locality.wait": 7.314081250886378, "spark.maxRemoteBlockSizeFetchToMem": 1375471594.2709026, "spark.memory.fraction": 0.7569245196535053, "spark.memory.offHeap.enabled": 0.049105197538291456, "spark.memory.offHeap.size": 939.824591001573, "spark.memory.storageFraction": 0.7093386634596677, "spark.rdd.compress": 0.14402585787335898, "spark.reducer.maxBlocksInFlightPerAddress": 1755182987.037871, "spark.reducer.maxReqsInFlight": 1890768157.175723, "spark.reducer.maxSizeInFlight": 46.53697711686289, "spark.scheduler.mode": 0.5684076330663115, "spark.scheduler.revive.interval": 980.390643027227, "spark.shuffle.compress": 0.5587784730520402, "spark.shuffle.file.buffer": 25.210789546423467, "spark.shuffle.io.numConnectionsPerPeer": 1.1982373051468316, "spark.shuffle.sort.bypassMergeThreshold": 245.92638154081186, "spark.storage.memoryMapThreshold": 2.591379409202026}, "datetime": {"datetime": "2022-01-30 22:07:21", "elapsed": 7308.511732, "delta": 158.908762}}
{"target": -207.348, "params": {"spark.broadcast.blockSize": 33.66546379540311, "spark.broadcast.checksum": 0.25698083181601783, "spark.broadcast.compress": 0.8259439517203347, "spark.default.parallelism": 339.00252068631767, "spark.executor.cores": 3.3764098303871375, "spark.executor.instances": 6.342936097427604, "spark.executor.memory": 4.9204091623255195, "spark.executor.memoryOverhead": 437.21254052098203, "spark.kryoserializer.buffer": 43.798835199735805, "spark.kryoserializer.buffer.max": 116.11894475755702, "spark.locality.wait": 5.761450748119106, "spark.maxRemoteBlockSizeFetchToMem": 1967865562.7868023, "spark.memory.fraction": 0.8229759465043253, "spark.memory.offHeap.enabled": 0.21413134999280692, "spark.memory.offHeap.size": 850.1326087400828, "spark.memory.storageFraction": 0.7115659071080551, "spark.rdd.compress": 0.05496093085626119, "spark.reducer.maxBlocksInFlightPerAddress": 1702148820.597724, "spark.reducer.maxReqsInFlight": 2003301503.0178537, "spark.reducer.maxSizeInFlight": 55.12755270201142, "spark.scheduler.mode": 0.26361907582760336, "spark.scheduler.revive.interval": 986.3023589947211, "spark.shuffle.compress": 0.45557144776848113, "spark.shuffle.file.buffer": 18.911113650874977, "spark.shuffle.io.numConnectionsPerPeer": 1.6549118912451202, "spark.shuffle.sort.bypassMergeThreshold": 253.4601980362059, "spark.storage.memoryMapThreshold": 1.077839469262213}, "datetime": {"datetime": "2022-01-30 22:10:57", "elapsed": 7524.849267, "delta": 216.337535}}
{"target": -184.239, "params": {"spark.broadcast.blockSize": 39.142508215697504, "spark.broadcast.checksum": 0.08533274381056721, "spark.broadcast.compress": 0.5519597150709141, "spark.default.parallelism": 483.8681125883401, "spark.executor.cores": 3.4536418374893385, "spark.executor.instances": 7.810098352763838, "spark.executor.memory": 6.220257892414481, "spark.executor.memoryOverhead": 535.5773424035403, "spark.kryoserializer.buffer": 103.02469476937593, "spark.kryoserializer.buffer.max": 92.57606167720849, "spark.locality.wait": 9.406802229886157, "spark.maxRemoteBlockSizeFetchToMem": 1568514186.1537375, "spark.memory.fraction": 0.770696770797974, "spark.memory.offHeap.enabled": 0.11862423693621704, "spark.memory.offHeap.size": 756.3763281691665, "spark.memory.storageFraction": 0.8117769247036211, "spark.rdd.compress": 0.25176942233153965, "spark.reducer.maxBlocksInFlightPerAddress": 1206300161.0687807, "spark.reducer.maxReqsInFlight": 1822932558.775824, "spark.reducer.maxSizeInFlight": 28.711278269034317, "spark.scheduler.mode": 0.8870990169687327, "spark.scheduler.revive.interval": 926.5299457791609, "spark.shuffle.compress": 0.3273370316541331, "spark.shuffle.file.buffer": 28.17112641899847, "spark.shuffle.io.numConnectionsPerPeer": 1.9635887894502009, "spark.shuffle.sort.bypassMergeThreshold": 189.33269838536518, "spark.storage.memoryMapThreshold": 3.516613541189816}, "datetime": {"datetime": "2022-01-30 22:14:10", "elapsed": 7717.878118, "delta": 193.028851}}
