{"target": -209.646, "params": {"spark.broadcast.blockSize": 39.0, "spark.broadcast.checksum": 1.0, "spark.broadcast.compress": 1.0, "spark.default.parallelism": 308.0, "spark.executor.cores": 3.0, "spark.executor.instances": 6.0, "spark.executor.memory": 6.0, "spark.executor.memoryOverhead": 497.0, "spark.kryoserializer.buffer": 95.0, "spark.kryoserializer.buffer.max": 126.0, "spark.locality.wait": 4.0, "spark.maxRemoteBlockSizeFetchToMem": 1334243554.0, "spark.memory.fraction": 0.79, "spark.memory.offHeap.enabled": 1.0, "spark.memory.offHeap.size": 934.0, "spark.memory.storageFraction": 0.61, "spark.rdd.compress": 0.0, "spark.reducer.maxBlocksInFlightPerAddress": 1085153271.0, "spark.reducer.maxReqsInFlight": 1768916002.0, "spark.reducer.maxSizeInFlight": 53.0, "spark.scheduler.mode": 0.0, "spark.scheduler.revive.interval": 744.0, "spark.shuffle.compress": 0.0, "spark.shuffle.file.buffer": 46.0, "spark.shuffle.io.numConnectionsPerPeer": 4.0, "spark.shuffle.sort.bypassMergeThreshold": 244.0, "spark.storage.memoryMapThreshold": 4.0}, "datetime": {"datetime": "2022-01-30 20:05:32", "elapsed": 0.0, "delta": 0.0}}
{"target": -300.603, "params": {"spark.broadcast.blockSize": 58.0, "spark.broadcast.checksum": 1.0, "spark.broadcast.compress": 1.0, "spark.default.parallelism": 358.0, "spark.executor.cores": 1.0, "spark.executor.instances": 8.0, "spark.executor.memory": 3.0, "spark.executor.memoryOverhead": 384.0, "spark.kryoserializer.buffer": 80.0, "spark.kryoserializer.buffer.max": 84.0, "spark.locality.wait": 6.0, "spark.maxRemoteBlockSizeFetchToMem": 1660511439.0, "spark.memory.fraction": 0.54, "spark.memory.offHeap.enabled": 1.0, "spark.memory.offHeap.size": 1008.0, "spark.memory.storageFraction": 0.6, "spark.rdd.compress": 0.0, "spark.reducer.maxBlocksInFlightPerAddress": 1269014963.0, "spark.reducer.maxReqsInFlight": 1902051975.0, "spark.reducer.maxSizeInFlight": 46.0, "spark.scheduler.mode": 0.0, "spark.scheduler.revive.interval": 512.0, "spark.shuffle.compress": 0.0, "spark.shuffle.file.buffer": 33.0, "spark.shuffle.io.numConnectionsPerPeer": 5.0, "spark.shuffle.sort.bypassMergeThreshold": 220.0, "spark.storage.memoryMapThreshold": 2.0}, "datetime": {"datetime": "2022-01-30 20:05:32", "elapsed": 0.000289, "delta": 0.000289}}
{"target": -210.803, "params": {"spark.broadcast.blockSize": 48.0, "spark.broadcast.checksum": 0.0, "spark.broadcast.compress": 0.0, "spark.default.parallelism": 360.0, "spark.executor.cores": 2.0, "spark.executor.instances": 8.0, "spark.executor.memory": 4.0, "spark.executor.memoryOverhead": 445.0, "spark.kryoserializer.buffer": 93.0, "spark.kryoserializer.buffer.max": 118.0, "spark.locality.wait": 5.0, "spark.maxRemoteBlockSizeFetchToMem": 1439489439.0, "spark.memory.fraction": 0.71, "spark.memory.offHeap.enabled": 1.0, "spark.memory.offHeap.size": 535.0, "spark.memory.storageFraction": 0.87, "spark.rdd.compress": 1.0, "spark.reducer.maxBlocksInFlightPerAddress": 1364761151.0, "spark.reducer.maxReqsInFlight": 1141528201.0, "spark.reducer.maxSizeInFlight": 69.0, "spark.scheduler.mode": 0.0, "spark.scheduler.revive.interval": 594.0, "spark.shuffle.compress": 0.0, "spark.shuffle.file.buffer": 27.0, "spark.shuffle.io.numConnectionsPerPeer": 4.0, "spark.shuffle.sort.bypassMergeThreshold": 161.0, "spark.storage.memoryMapThreshold": 3.0}, "datetime": {"datetime": "2022-01-30 20:05:32", "elapsed": 0.000442, "delta": 0.000153}}
{"target": -207.942, "params": {"spark.broadcast.blockSize": 57.0, "spark.broadcast.checksum": 1.0, "spark.broadcast.compress": 0.0, "spark.default.parallelism": 342.0, "spark.executor.cores": 2.0, "spark.executor.instances": 8.0, "spark.executor.memory": 5.0, "spark.executor.memoryOverhead": 396.0, "spark.kryoserializer.buffer": 75.0, "spark.kryoserializer.buffer.max": 64.0, "spark.locality.wait": 5.0, "spark.maxRemoteBlockSizeFetchToMem": 1620198784.0, "spark.memory.fraction": 0.63, "spark.memory.offHeap.enabled": 0.0, "spark.memory.offHeap.size": 0.0, "spark.memory.storageFraction": 0.6, "spark.rdd.compress": 0.0, "spark.reducer.maxBlocksInFlightPerAddress": 1827248640.0, "spark.reducer.maxReqsInFlight": 1675501952.0, "spark.reducer.maxSizeInFlight": 54.0, "spark.scheduler.mode": 1.0, "spark.scheduler.revive.interval": 767.0, "spark.shuffle.compress": 0.0, "spark.shuffle.file.buffer": 20.0, "spark.shuffle.io.numConnectionsPerPeer": 4.0, "spark.shuffle.sort.bypassMergeThreshold": 212.0, "spark.storage.memoryMapThreshold": 2.0}, "datetime": {"datetime": "2022-01-30 20:05:32", "elapsed": 0.000553, "delta": 0.000111}}
{"target": -220.532, "params": {"spark.broadcast.blockSize": 58.0, "spark.broadcast.checksum": 1.0, "spark.broadcast.compress": 0.0, "spark.default.parallelism": 346.0, "spark.executor.cores": 2.0, "spark.executor.instances": 8.0, "spark.executor.memory": 5.0, "spark.executor.memoryOverhead": 384.0, "spark.kryoserializer.buffer": 74.0, "spark.kryoserializer.buffer.max": 61.0, "spark.locality.wait": 5.0, "spark.maxRemoteBlockSizeFetchToMem": 1638957056.0, "spark.memory.fraction": 0.63, "spark.memory.offHeap.enabled": 0.0, "spark.memory.offHeap.size": 0.0, "spark.memory.storageFraction": 0.62, "spark.rdd.compress": 0.0, "spark.reducer.maxBlocksInFlightPerAddress": 1814493696.0, "spark.reducer.maxReqsInFlight": 1691712000.0, "spark.reducer.maxSizeInFlight": 56.0, "spark.scheduler.mode": 1.0, "spark.scheduler.revive.interval": 751.0, "spark.shuffle.compress": 0.0, "spark.shuffle.file.buffer": 21.0, "spark.shuffle.io.numConnectionsPerPeer": 4.0, "spark.shuffle.sort.bypassMergeThreshold": 214.0, "spark.storage.memoryMapThreshold": 2.0}, "datetime": {"datetime": "2022-01-30 20:05:32", "elapsed": 0.000672, "delta": 0.000119}}
{"target": -216.546, "params": {"spark.broadcast.blockSize": 56.0, "spark.broadcast.checksum": 1.0, "spark.broadcast.compress": 0.0, "spark.default.parallelism": 339.0, "spark.executor.cores": 2.0, "spark.executor.instances": 8.0, "spark.executor.memory": 5.0, "spark.executor.memoryOverhead": 431.0, "spark.kryoserializer.buffer": 74.0, "spark.kryoserializer.buffer.max": 67.0, "spark.locality.wait": 6.0, "spark.maxRemoteBlockSizeFetchToMem": 1611314176.0, "spark.memory.fraction": 0.64, "spark.memory.offHeap.enabled": 0.0, "spark.memory.offHeap.size": 0.0, "spark.memory.storageFraction": 0.63, "spark.rdd.compress": 0.0, "spark.reducer.maxBlocksInFlightPerAddress": 1739004160.0, "spark.reducer.maxReqsInFlight": 1668868992.0, "spark.reducer.maxSizeInFlight": 54.0, "spark.scheduler.mode": 1.0, "spark.scheduler.revive.interval": 759.0, "spark.shuffle.compress": 0.0, "spark.shuffle.file.buffer": 21.0, "spark.shuffle.io.numConnectionsPerPeer": 4.0, "spark.shuffle.sort.bypassMergeThreshold": 219.0, "spark.storage.memoryMapThreshold": 2.0}, "datetime": {"datetime": "2022-01-30 20:05:32", "elapsed": 0.000785, "delta": 0.000113}}
{"target": -221.699, "params": {"spark.broadcast.blockSize": 47.90198917212762, "spark.broadcast.checksum": 0.4120175681510009, "spark.broadcast.compress": 0.5044522033384065, "spark.default.parallelism": 246.6054716467916, "spark.executor.cores": 3.2416701268488386, "spark.executor.instances": 7.485993208548971, "spark.executor.memory": 5.354660055208697, "spark.executor.memoryOverhead": 564.8818224729134, "spark.kryoserializer.buffer": 77.48424391479075, "spark.kryoserializer.buffer.max": 63.43958083435538, "spark.locality.wait": 5.797669286863644, "spark.maxRemoteBlockSizeFetchToMem": 1827599958.709776, "spark.memory.fraction": 0.7746828591064414, "spark.memory.offHeap.enabled": 0.29150213273792036, "spark.memory.offHeap.size": 512.5557451614465, "spark.memory.storageFraction": 0.7513870079612415, "spark.rdd.compress": 0.17850961825661826, "spark.reducer.maxBlocksInFlightPerAddress": 1765914957.5126097, "spark.reducer.maxReqsInFlight": 1571611399.3979273, "spark.reducer.maxSizeInFlight": 28.4206774352334, "spark.scheduler.mode": 0.8207195531074791, "spark.scheduler.revive.interval": 887.57443340785, "spark.shuffle.compress": 0.19041398209948457, "spark.shuffle.file.buffer": 20.305580523407407, "spark.shuffle.io.numConnectionsPerPeer": 3.222310795803335, "spark.shuffle.sort.bypassMergeThreshold": 311.9076462158708, "spark.storage.memoryMapThreshold": 2.6793060530911137}, "datetime": {"datetime": "2022-01-30 20:09:23", "elapsed": 230.372508, "delta": 230.371723}}
{"target": -180.381, "params": {"spark.broadcast.blockSize": 44.469260220436055, "spark.broadcast.checksum": 0.37345153160009925, "spark.broadcast.compress": 0.3560666765875721, "spark.default.parallelism": 386.53281949865243, "spark.executor.cores": 3.2066864944920965, "spark.executor.instances": 7.853275939119429, "spark.executor.memory": 3.718738607870655, "spark.executor.memoryOverhead": 453.6437227743417, "spark.kryoserializer.buffer": 74.79330616831052, "spark.kryoserializer.buffer.max": 53.7545723800864, "spark.locality.wait": 7.271519667203199, "spark.maxRemoteBlockSizeFetchToMem": 1494829466.1255975, "spark.memory.fraction": 0.7448043203905976, "spark.memory.offHeap.enabled": 0.10368937789573573, "spark.memory.offHeap.size": 688.3522621030442, "spark.memory.storageFraction": 0.5168934354452179, "spark.rdd.compress": 0.1017244137670984, "spark.reducer.maxBlocksInFlightPerAddress": 2005462381.4217825, "spark.reducer.maxReqsInFlight": 1512681593.619451, "spark.reducer.maxSizeInFlight": 49.4011054253651, "spark.scheduler.mode": 0.812519877825214, "spark.scheduler.revive.interval": 895.8855450642845, "spark.shuffle.compress": 0.40856015174194826, "spark.shuffle.file.buffer": 24.989296625576543, "spark.shuffle.io.numConnectionsPerPeer": 2.677648581776265, "spark.shuffle.sort.bypassMergeThreshold": 208.64979330779735, "spark.storage.memoryMapThreshold": 2.3587094455419093}, "datetime": {"datetime": "2022-01-30 20:12:32", "elapsed": 419.767847, "delta": 189.395339}}
{"target": -216.022, "params": {"spark.broadcast.blockSize": 36.98383102322012, "spark.broadcast.checksum": 0.8789956935640064, "spark.broadcast.compress": 0.08997302996916123, "spark.default.parallelism": 435.8670336061093, "spark.executor.cores": 2.571786897862318, "spark.executor.instances": 6.283924828281583, "spark.executor.memory": 4.243546898751899, "spark.executor.memoryOverhead": 516.8519445343255, "spark.kryoserializer.buffer": 56.71367658624726, "spark.kryoserializer.buffer.max": 51.154276623163625, "spark.locality.wait": 9.349629498992678, "spark.maxRemoteBlockSizeFetchToMem": 1393250227.389265, "spark.memory.fraction": 0.6913248246398533, "spark.memory.offHeap.enabled": 0.4989688746001836, "spark.memory.offHeap.size": 664.4196761924827, "spark.memory.storageFraction": 0.5637026185672338, "spark.rdd.compress": 0.4041349603106925, "spark.reducer.maxBlocksInFlightPerAddress": 1640135441.5182734, "spark.reducer.maxReqsInFlight": 1449800886.6782627, "spark.reducer.maxSizeInFlight": 65.29168656865508, "spark.scheduler.mode": 0.6279023393469856, "spark.scheduler.revive.interval": 783.73928148033, "spark.shuffle.compress": 0.9798937547170526, "spark.shuffle.file.buffer": 36.300176135701165, "spark.shuffle.io.numConnectionsPerPeer": 1.4691283725683415, "spark.shuffle.sort.bypassMergeThreshold": 187.93967074463887, "spark.storage.memoryMapThreshold": 2.3077026640458334}, "datetime": {"datetime": "2022-01-30 20:16:17", "elapsed": 644.809988, "delta": 225.042141}}
{"target": -275.193, "params": {"spark.broadcast.blockSize": 45.59037142514845, "spark.broadcast.checksum": 0.3311268640820155, "spark.broadcast.compress": 0.44766925041325045, "spark.default.parallelism": 397.50092487519174, "spark.executor.cores": 3.2305854838050387, "spark.executor.instances": 4.839008633272542, "spark.executor.memory": 4.972046854810576, "spark.executor.memoryOverhead": 642.4888314510433, "spark.kryoserializer.buffer": 62.09760383923829, "spark.kryoserializer.buffer.max": 43.68854262173794, "spark.locality.wait": 9.52018643625993, "spark.maxRemoteBlockSizeFetchToMem": 1505801993.8540428, "spark.memory.fraction": 0.6752907955797758, "spark.memory.offHeap.enabled": 0.03578680672852241, "spark.memory.offHeap.size": 770.28828344676, "spark.memory.storageFraction": 0.6367768301028196, "spark.rdd.compress": 0.31062836468305466, "spark.reducer.maxBlocksInFlightPerAddress": 1697222281.2896738, "spark.reducer.maxReqsInFlight": 1357861675.199195, "spark.reducer.maxSizeInFlight": 25.795438965560177, "spark.scheduler.mode": 0.6921824650316917, "spark.scheduler.revive.interval": 816.7148634407887, "spark.shuffle.compress": 0.5578187845574716, "spark.shuffle.file.buffer": 23.91360497777364, "spark.shuffle.io.numConnectionsPerPeer": 1.9763157088739916, "spark.shuffle.sort.bypassMergeThreshold": 294.0556183918941, "spark.storage.memoryMapThreshold": 1.9815280188713302}, "datetime": {"datetime": "2022-01-30 20:21:01", "elapsed": 928.987739, "delta": 284.177751}}
{"target": -177.087, "params": {"spark.broadcast.blockSize": 32.36520060005098, "spark.broadcast.checksum": 0.43807072071306585, "spark.broadcast.compress": 0.29846993557926116, "spark.default.parallelism": 305.605699200125, "spark.executor.cores": 2.813603981871717, "spark.executor.instances": 7.661136133908672, "spark.executor.memory": 4.012015622117802, "spark.executor.memoryOverhead": 722.4150684428239, "spark.kryoserializer.buffer": 107.36593583355325, "spark.kryoserializer.buffer.max": 94.57836367925664, "spark.locality.wait": 6.937902079077574, "spark.maxRemoteBlockSizeFetchToMem": 1627526401.156564, "spark.memory.fraction": 0.8808640485654335, "spark.memory.offHeap.enabled": 0.46964530748475297, "spark.memory.offHeap.size": 773.0084987445231, "spark.memory.storageFraction": 0.6040664214072933, "spark.rdd.compress": 0.580971077370001, "spark.reducer.maxBlocksInFlightPerAddress": 1947698996.475788, "spark.reducer.maxReqsInFlight": 1424525504.857791, "spark.reducer.maxSizeInFlight": 47.12772851184607, "spark.scheduler.mode": 0.8881484307771964, "spark.scheduler.revive.interval": 844.934922984578, "spark.shuffle.compress": 0.8360125725930896, "spark.shuffle.file.buffer": 33.09747355821754, "spark.shuffle.io.numConnectionsPerPeer": 1.945762168499352, "spark.shuffle.sort.bypassMergeThreshold": 170.3523424199189, "spark.storage.memoryMapThreshold": 1.3271783902753889}, "datetime": {"datetime": "2022-01-30 20:24:07", "elapsed": 1114.786968, "delta": 185.799229}}
{"target": -190.446, "params": {"spark.broadcast.blockSize": 41.40599583115728, "spark.broadcast.checksum": 0.3414436449120908, "spark.broadcast.compress": 0.5735400806369321, "spark.default.parallelism": 354.96951044780735, "spark.executor.cores": 3.2752264394278607, "spark.executor.instances": 7.517215642133706, "spark.executor.memory": 4.38892164276043, "spark.executor.memoryOverhead": 575.2840685238407, "spark.kryoserializer.buffer": 83.06880325170529, "spark.kryoserializer.buffer.max": 54.623689790490005, "spark.locality.wait": 4.550342634408422, "spark.maxRemoteBlockSizeFetchToMem": 1254732203.2244048, "spark.memory.fraction": 0.7756334317884399, "spark.memory.offHeap.enabled": 0.06896991282049736, "spark.memory.offHeap.size": 881.8301868237181, "spark.memory.storageFraction": 0.5126807918744148, "spark.rdd.compress": 0.6637150138698874, "spark.reducer.maxBlocksInFlightPerAddress": 1924835609.5686197, "spark.reducer.maxReqsInFlight": 1567848719.7327042, "spark.reducer.maxSizeInFlight": 28.262642355747225, "spark.scheduler.mode": 0.8614459436718145, "spark.scheduler.revive.interval": 980.5557599224161, "spark.shuffle.compress": 0.8038660517631437, "spark.shuffle.file.buffer": 24.494633006861683, "spark.shuffle.io.numConnectionsPerPeer": 1.3614434305105578, "spark.shuffle.sort.bypassMergeThreshold": 170.39025867216563, "spark.storage.memoryMapThreshold": 2.62683901648256}, "datetime": {"datetime": "2022-01-30 20:27:26", "elapsed": 1314.064066, "delta": 199.277098}}
{"target": -265.114, "params": {"spark.broadcast.blockSize": 47.446979018389676, "spark.broadcast.checksum": 0.14896346528914584, "spark.broadcast.compress": 0.22023268654790518, "spark.default.parallelism": 401.434055711072, "spark.executor.cores": 3.253668618522436, "spark.executor.instances": 5.389114526910683, "spark.executor.memory": 3.8930284326527755, "spark.executor.memoryOverhead": 824.8562708465304, "spark.kryoserializer.buffer": 119.96116046159193, "spark.kryoserializer.buffer.max": 115.87055295430942, "spark.locality.wait": 7.145721982171007, "spark.maxRemoteBlockSizeFetchToMem": 1685239037.8578868, "spark.memory.fraction": 0.859798412048018, "spark.memory.offHeap.enabled": 0.6803375538206528, "spark.memory.offHeap.size": 888.9377367235791, "spark.memory.storageFraction": 0.6347842715429254, "spark.rdd.compress": 0.8098730552169662, "spark.reducer.maxBlocksInFlightPerAddress": 1876779716.471796, "spark.reducer.maxReqsInFlight": 1392501853.198767, "spark.reducer.maxSizeInFlight": 70.51186024208326, "spark.scheduler.mode": 0.8439898012078221, "spark.scheduler.revive.interval": 762.1778117141306, "spark.shuffle.compress": 0.7551238368269596, "spark.shuffle.file.buffer": 36.89571887921954, "spark.shuffle.io.numConnectionsPerPeer": 3.30091016046, "spark.shuffle.sort.bypassMergeThreshold": 199.4553965950296, "spark.storage.memoryMapThreshold": 1.013051888323545}, "datetime": {"datetime": "2022-01-30 20:32:00", "elapsed": 1587.954164, "delta": 273.890098}}
{"target": -182.271, "params": {"spark.broadcast.blockSize": 40.195499063754625, "spark.broadcast.checksum": 0.8150059440936892, "spark.broadcast.compress": 0.6262365211663006, "spark.default.parallelism": 367.9110223376946, "spark.executor.cores": 3.530062982957916, "spark.executor.instances": 6.210420478828488, "spark.executor.memory": 4.611876547867749, "spark.executor.memoryOverhead": 484.8913108123663, "spark.kryoserializer.buffer": 85.63678277652102, "spark.kryoserializer.buffer.max": 51.26031737247235, "spark.locality.wait": 5.371046594197534, "spark.maxRemoteBlockSizeFetchToMem": 1214595580.213257, "spark.memory.fraction": 0.845012915771197, "spark.memory.offHeap.enabled": 0.861199222118758, "spark.memory.offHeap.size": 731.3397154646004, "spark.memory.storageFraction": 0.5552629914027072, "spark.rdd.compress": 0.30574556146374066, "spark.reducer.maxBlocksInFlightPerAddress": 2024573899.512537, "spark.reducer.maxReqsInFlight": 1539527214.59284, "spark.reducer.maxSizeInFlight": 36.321270466822966, "spark.scheduler.mode": 0.6185254015558017, "spark.scheduler.revive.interval": 860.0054144052446, "spark.shuffle.compress": 0.7803693893563854, "spark.shuffle.file.buffer": 25.01103309913964, "spark.shuffle.io.numConnectionsPerPeer": 1.827797237824048, "spark.shuffle.sort.bypassMergeThreshold": 196.65601051630225, "spark.storage.memoryMapThreshold": 2.2397649410227105}, "datetime": {"datetime": "2022-01-30 20:35:11", "elapsed": 1779.121943, "delta": 191.167779}}
{"target": -289.781, "params": {"spark.broadcast.blockSize": 46.16762042194347, "spark.broadcast.checksum": 0.2635326322924276, "spark.broadcast.compress": 0.7165535819661297, "spark.default.parallelism": 348.49246972076736, "spark.executor.cores": 1.6697142625218724, "spark.executor.instances": 6.2635368387706265, "spark.executor.memory": 4.385078491691425, "spark.executor.memoryOverhead": 701.947071729126, "spark.kryoserializer.buffer": 101.80109520883789, "spark.kryoserializer.buffer.max": 88.4458061446558, "spark.locality.wait": 7.6268352118089044, "spark.maxRemoteBlockSizeFetchToMem": 1358521331.857139, "spark.memory.fraction": 0.8407347228579165, "spark.memory.offHeap.enabled": 0.35524413437251756, "spark.memory.offHeap.size": 667.2725011073155, "spark.memory.storageFraction": 0.6480993362216053, "spark.rdd.compress": 0.4007201308748358, "spark.reducer.maxBlocksInFlightPerAddress": 1850983369.6424708, "spark.reducer.maxReqsInFlight": 1228666246.953619, "spark.reducer.maxSizeInFlight": 54.50316272110818, "spark.scheduler.mode": 0.47539217077753104, "spark.scheduler.revive.interval": 851.3987321482675, "spark.shuffle.compress": 0.765780198159382, "spark.shuffle.file.buffer": 24.625405050172297, "spark.shuffle.io.numConnectionsPerPeer": 3.8327016922034494, "spark.shuffle.sort.bypassMergeThreshold": 160.01027255529198, "spark.storage.memoryMapThreshold": 2.0412526224596195}, "datetime": {"datetime": "2022-01-30 20:40:10", "elapsed": 2077.646858, "delta": 298.524915}}
{"target": -157.844, "params": {"spark.broadcast.blockSize": 33.56971002870445, "spark.broadcast.checksum": 0.6314771904811326, "spark.broadcast.compress": 0.6502930637080482, "spark.default.parallelism": 425.71288710655733, "spark.executor.cores": 3.7299609014427753, "spark.executor.instances": 6.895443048965593, "spark.executor.memory": 5.458638240871753, "spark.executor.memoryOverhead": 445.3306649837583, "spark.kryoserializer.buffer": 88.65263704086837, "spark.kryoserializer.buffer.max": 92.90489330693377, "spark.locality.wait": 6.489531048371682, "spark.maxRemoteBlockSizeFetchToMem": 1712031142.465829, "spark.memory.fraction": 0.7072549107711226, "spark.memory.offHeap.enabled": 0.3531785402985971, "spark.memory.offHeap.size": 699.852175785875, "spark.memory.storageFraction": 0.6621554470145066, "spark.rdd.compress": 0.2554111039150385, "spark.reducer.maxBlocksInFlightPerAddress": 1861967979.4880085, "spark.reducer.maxReqsInFlight": 1523181023.0683928, "spark.reducer.maxSizeInFlight": 32.08507185440292, "spark.scheduler.mode": 0.5510045628508606, "spark.scheduler.revive.interval": 883.1364369518835, "spark.shuffle.compress": 0.5777068076592188, "spark.shuffle.file.buffer": 20.52462375399894, "spark.shuffle.io.numConnectionsPerPeer": 2.4040269575834325, "spark.shuffle.sort.bypassMergeThreshold": 234.1827957519138, "spark.storage.memoryMapThreshold": 3.215114202641937}, "datetime": {"datetime": "2022-01-30 20:42:57", "elapsed": 2244.359612, "delta": 166.712754}}
