{"target": -242.384, "params": {"spark.broadcast.blockSize": 38.77005336883427, "spark.broadcast.checksum": 0.769017456067726, "spark.broadcast.compress": 0.46169026248898815, "spark.default.parallelism": 363.9296970313882, "spark.executor.cores": 2.8530765967233815, "spark.executor.instances": 6.626109877402832, "spark.executor.memory": 5.920159670332321, "spark.executor.memoryOverhead": 616.4241090056886, "spark.kryoserializer.buffer": 81.60743925767495, "spark.kryoserializer.buffer.max": 60.196914391230194, "spark.locality.wait": 6.282195890346688, "spark.maxRemoteBlockSizeFetchToMem": 2017043766.5836349, "spark.memory.fraction": 0.7403552629430122, "spark.memory.offHeap.enabled": 0.5604563515252282, "spark.memory.offHeap.size": 613.2451711386462, "spark.memory.storageFraction": 0.5520865044841031, "spark.rdd.compress": 0.7928201081077425, "spark.reducer.maxBlocksInFlightPerAddress": 1893364341.5332475, "spark.reducer.maxReqsInFlight": 1758751911.4246583, "spark.reducer.maxSizeInFlight": 28.83849589486761, "spark.scheduler.mode": 0.9244792152051653, "spark.scheduler.revive.interval": 989.5390375059233, "spark.shuffle.compress": 0.9828037297302981, "spark.shuffle.file.buffer": 33.628448317675534, "spark.shuffle.io.numConnectionsPerPeer": 1.6091009946108508, "spark.shuffle.sort.bypassMergeThreshold": 245.45777097229546, "spark.storage.memoryMapThreshold": 3.924408023345049}, "datetime": {"datetime": "2022-01-30 20:47:09", "elapsed": 2496.629176, "delta": 252.269564}}
{"target": -197.535, "params": {"spark.broadcast.blockSize": 34.38318270566095, "spark.broadcast.checksum": 0.6548767694875103, "spark.broadcast.compress": 0.386687124665266, "spark.default.parallelism": 410.33769750690715, "spark.executor.cores": 3.9659106197504896, "spark.executor.instances": 6.679798376897108, "spark.executor.memory": 6.065284836210568, "spark.executor.memoryOverhead": 535.3874295693366, "spark.kryoserializer.buffer": 85.36488582448051, "spark.kryoserializer.buffer.max": 103.68581720565108, "spark.locality.wait": 6.103503533360994, "spark.maxRemoteBlockSizeFetchToMem": 1222218040.275106, "spark.memory.fraction": 0.6952627651278083, "spark.memory.offHeap.enabled": 0.411491937672682, "spark.memory.offHeap.size": 820.0361958304425, "spark.memory.storageFraction": 0.5467418541734368, "spark.rdd.compress": 0.3735098139747087, "spark.reducer.maxBlocksInFlightPerAddress": 1461922397.7467604, "spark.reducer.maxReqsInFlight": 1296465966.9659286, "spark.reducer.maxSizeInFlight": 40.204100622811445, "spark.scheduler.mode": 0.8153467351757293, "spark.scheduler.revive.interval": 839.7850338729024, "spark.shuffle.compress": 0.8553685568168554, "spark.shuffle.file.buffer": 33.314678905314295, "spark.shuffle.io.numConnectionsPerPeer": 2.424538275776879, "spark.shuffle.sort.bypassMergeThreshold": 161.83091033985815, "spark.storage.memoryMapThreshold": 2.178250489068165}, "datetime": {"datetime": "2022-01-30 20:50:35", "elapsed": 2703.093694, "delta": 206.464518}}
{"target": -181.369, "params": {"spark.broadcast.blockSize": 38.72777460203996, "spark.broadcast.checksum": 0.9927364886460341, "spark.broadcast.compress": 0.4730516754818713, "spark.default.parallelism": 481.2918960089643, "spark.executor.cores": 3.8158283722505217, "spark.executor.instances": 5.154664576201731, "spark.executor.memory": 5.556002813553121, "spark.executor.memoryOverhead": 469.5943129076622, "spark.kryoserializer.buffer": 89.99726921175576, "spark.kryoserializer.buffer.max": 119.63220167191672, "spark.locality.wait": 5.457906527184436, "spark.maxRemoteBlockSizeFetchToMem": 1756402694.7277546, "spark.memory.fraction": 0.8002973852987976, "spark.memory.offHeap.enabled": 0.19484104602673724, "spark.memory.offHeap.size": 643.049346165003, "spark.memory.storageFraction": 0.6873730297036726, "spark.rdd.compress": 0.11618357694946724, "spark.reducer.maxBlocksInFlightPerAddress": 1696759524.4432964, "spark.reducer.maxReqsInFlight": 1326958568.7384157, "spark.reducer.maxSizeInFlight": 41.63029790165622, "spark.scheduler.mode": 0.6570566550771301, "spark.scheduler.revive.interval": 841.798017268688, "spark.shuffle.compress": 0.5579106505797339, "spark.shuffle.file.buffer": 20.336269843458233, "spark.shuffle.io.numConnectionsPerPeer": 2.9117474213045083, "spark.shuffle.sort.bypassMergeThreshold": 251.16169004385927, "spark.storage.memoryMapThreshold": 3.03131936455064}, "datetime": {"datetime": "2022-01-30 20:53:46", "elapsed": 2893.512736, "delta": 190.419042}}
{"target": -210.971, "params": {"spark.broadcast.blockSize": 46.78711831716886, "spark.broadcast.checksum": 0.9171498490618689, "spark.broadcast.compress": 0.6185899072317069, "spark.default.parallelism": 414.38789722140245, "spark.executor.cores": 3.475902688853844, "spark.executor.instances": 5.754145790583564, "spark.executor.memory": 5.079986623589969, "spark.executor.memoryOverhead": 416.0889579379301, "spark.kryoserializer.buffer": 91.63580224356697, "spark.kryoserializer.buffer.max": 87.09530673285352, "spark.locality.wait": 5.162262221685971, "spark.maxRemoteBlockSizeFetchToMem": 1760102969.4653068, "spark.memory.fraction": 0.7762360675769482, "spark.memory.offHeap.enabled": 0.3772368980281672, "spark.memory.offHeap.size": 782.3665593289996, "spark.memory.storageFraction": 0.5420201552410469, "spark.rdd.compress": 0.33172951276180673, "spark.reducer.maxBlocksInFlightPerAddress": 2104440390.5214152, "spark.reducer.maxReqsInFlight": 1692984387.9575377, "spark.reducer.maxSizeInFlight": 40.65910508341989, "spark.scheduler.mode": 0.5641572531201096, "spark.scheduler.revive.interval": 873.9158444254265, "spark.shuffle.compress": 0.3748771683124301, "spark.shuffle.file.buffer": 16.383120304824867, "spark.shuffle.io.numConnectionsPerPeer": 4.132753125142855, "spark.shuffle.sort.bypassMergeThreshold": 261.07863066426194, "spark.storage.memoryMapThreshold": 2.7465505979247298}, "datetime": {"datetime": "2022-01-30 20:57:26", "elapsed": 3113.445869, "delta": 219.933133}}
{"target": -235.414, "params": {"spark.broadcast.blockSize": 39.73314165371504, "spark.broadcast.checksum": 0.783636430628265, "spark.broadcast.compress": 0.6227982705207561, "spark.default.parallelism": 458.55608503769105, "spark.executor.cores": 3.2436106846161934, "spark.executor.instances": 6.918108174821288, "spark.executor.memory": 6.06997607489773, "spark.executor.memoryOverhead": 551.4485940465751, "spark.kryoserializer.buffer": 85.97308730409573, "spark.kryoserializer.buffer.max": 113.1451396922446, "spark.locality.wait": 6.1450239182055775, "spark.maxRemoteBlockSizeFetchToMem": 1916357755.4031265, "spark.memory.fraction": 0.613499632041246, "spark.memory.offHeap.enabled": 0.4892429373770173, "spark.memory.offHeap.size": 822.3136600320962, "spark.memory.storageFraction": 0.6936210010920512, "spark.rdd.compress": 0.3038930382936388, "spark.reducer.maxBlocksInFlightPerAddress": 1558156649.0010428, "spark.reducer.maxReqsInFlight": 1340754556.7803516, "spark.reducer.maxSizeInFlight": 62.83693626031587, "spark.scheduler.mode": 0.5391279814044274, "spark.scheduler.revive.interval": 687.8381013475489, "spark.shuffle.compress": 0.7730765184445442, "spark.shuffle.file.buffer": 27.609601143570778, "spark.shuffle.io.numConnectionsPerPeer": 2.8549006511508948, "spark.shuffle.sort.bypassMergeThreshold": 235.74665237187085, "spark.storage.memoryMapThreshold": 3.0267359000787617}, "datetime": {"datetime": "2022-01-30 21:01:30", "elapsed": 3357.684868, "delta": 244.238999}}
{"target": -196.487, "params": {"spark.broadcast.blockSize": 36.18543476877378, "spark.broadcast.checksum": 0.2271566165362343, "spark.broadcast.compress": 0.40401574232906035, "spark.default.parallelism": 329.1057823309618, "spark.executor.cores": 3.3558925860341837, "spark.executor.instances": 5.694420535575761, "spark.executor.memory": 3.9316304485886255, "spark.executor.memoryOverhead": 448.9936124547994, "spark.kryoserializer.buffer": 67.30093536936126, "spark.kryoserializer.buffer.max": 91.05316992401995, "spark.locality.wait": 6.803910065949505, "spark.maxRemoteBlockSizeFetchToMem": 1325321224.010435, "spark.memory.fraction": 0.7553569707849863, "spark.memory.offHeap.enabled": 0.48395003788808755, "spark.memory.offHeap.size": 840.5695194051582, "spark.memory.storageFraction": 0.5726040007869018, "spark.rdd.compress": 0.40965350787371, "spark.reducer.maxBlocksInFlightPerAddress": 1783868007.8258243, "spark.reducer.maxReqsInFlight": 2067648831.292315, "spark.reducer.maxSizeInFlight": 42.98403381355907, "spark.scheduler.mode": 0.19712636589962051, "spark.scheduler.revive.interval": 876.7885701581354, "spark.shuffle.compress": 0.42510493488456913, "spark.shuffle.file.buffer": 26.957539965294036, "spark.shuffle.io.numConnectionsPerPeer": 2.2987371591984695, "spark.shuffle.sort.bypassMergeThreshold": 158.8654302244556, "spark.storage.memoryMapThreshold": 3.481868316907627}, "datetime": {"datetime": "2022-01-30 21:04:55", "elapsed": 3563.045189, "delta": 205.360321}}
{"target": -179.597, "params": {"spark.broadcast.blockSize": 33.42128851588113, "spark.broadcast.checksum": 0.5746130326409556, "spark.broadcast.compress": 0.6486135278217103, "spark.default.parallelism": 401.35308995399885, "spark.executor.cores": 3.0481936934573937, "spark.executor.instances": 7.417513184739613, "spark.executor.memory": 5.602469283152518, "spark.executor.memoryOverhead": 447.831262179538, "spark.kryoserializer.buffer": 93.60653402590671, "spark.kryoserializer.buffer.max": 106.41829255391109, "spark.locality.wait": 6.328895015955089, "spark.maxRemoteBlockSizeFetchToMem": 1817367381.0861335, "spark.memory.fraction": 0.7710941111849132, "spark.memory.offHeap.enabled": 0.3111882866749117, "spark.memory.offHeap.size": 959.8743741423997, "spark.memory.storageFraction": 0.6775212768443749, "spark.rdd.compress": 0.5212850535614592, "spark.reducer.maxBlocksInFlightPerAddress": 1735133008.9803925, "spark.reducer.maxReqsInFlight": 1486226178.1335244, "spark.reducer.maxSizeInFlight": 29.759341754451086, "spark.scheduler.mode": 0.48071101408613226, "spark.scheduler.revive.interval": 773.4343649331565, "spark.shuffle.compress": 0.3402353074164337, "spark.shuffle.file.buffer": 40.498464532073925, "spark.shuffle.io.numConnectionsPerPeer": 1.1260792803437303, "spark.shuffle.sort.bypassMergeThreshold": 166.4436777611023, "spark.storage.memoryMapThreshold": 3.275113069275752}, "datetime": {"datetime": "2022-01-30 21:08:04", "elapsed": 3751.685224, "delta": 188.640035}}
{"target": -179.176, "params": {"spark.broadcast.blockSize": 35.24072378302729, "spark.broadcast.checksum": 0.3116512217253389, "spark.broadcast.compress": 0.7371234401342515, "spark.default.parallelism": 369.359691306929, "spark.executor.cores": 3.7458525831545986, "spark.executor.instances": 6.450597598949499, "spark.executor.memory": 5.15723086953507, "spark.executor.memoryOverhead": 621.8674177867231, "spark.kryoserializer.buffer": 51.17080627454834, "spark.kryoserializer.buffer.max": 118.44061296445466, "spark.locality.wait": 6.470006064664727, "spark.maxRemoteBlockSizeFetchToMem": 1752721805.046095, "spark.memory.fraction": 0.7400945782794532, "spark.memory.offHeap.enabled": 0.4850895503978715, "spark.memory.offHeap.size": 921.6595667247618, "spark.memory.storageFraction": 0.7286216492684816, "spark.rdd.compress": 0.8748752775619782, "spark.reducer.maxBlocksInFlightPerAddress": 1579563147.656966, "spark.reducer.maxReqsInFlight": 1975092404.5488281, "spark.reducer.maxSizeInFlight": 49.33421818416694, "spark.scheduler.mode": 0.5405952163951401, "spark.scheduler.revive.interval": 968.214006753976, "spark.shuffle.compress": 0.29638303810701716, "spark.shuffle.file.buffer": 29.849543374395164, "spark.shuffle.io.numConnectionsPerPeer": 1.1334413062571955, "spark.shuffle.sort.bypassMergeThreshold": 272.9405066229191, "spark.storage.memoryMapThreshold": 2.860046420004802}, "datetime": {"datetime": "2022-01-30 21:11:12", "elapsed": 3939.749301, "delta": 188.064077}}
{"target": -151.579, "params": {"spark.broadcast.blockSize": 34.584774423547294, "spark.broadcast.checksum": 0.4829632872006737, "spark.broadcast.compress": 0.7336206481641326, "spark.default.parallelism": 444.48468732764314, "spark.executor.cores": 3.5297252683375855, "spark.executor.instances": 7.720067122983006, "spark.executor.memory": 5.82330132233243, "spark.executor.memoryOverhead": 543.4905816188544, "spark.kryoserializer.buffer": 56.896733797404245, "spark.kryoserializer.buffer.max": 94.86487087122347, "spark.locality.wait": 7.86465202127544, "spark.maxRemoteBlockSizeFetchToMem": 1527549346.1176748, "spark.memory.fraction": 0.7911518127192392, "spark.memory.offHeap.enabled": 0.8463570246501407, "spark.memory.offHeap.size": 965.245318107899, "spark.memory.storageFraction": 0.8561606070920518, "spark.rdd.compress": 0.5529627740297185, "spark.reducer.maxBlocksInFlightPerAddress": 1819306648.6033654, "spark.reducer.maxReqsInFlight": 1587838288.7205968, "spark.reducer.maxSizeInFlight": 37.74870289546648, "spark.scheduler.mode": 0.0606397750280937, "spark.scheduler.revive.interval": 998.1796523449506, "spark.shuffle.compress": 0.49953792599587965, "spark.shuffle.file.buffer": 21.595877108222677, "spark.shuffle.io.numConnectionsPerPeer": 1.6272467008938873, "spark.shuffle.sort.bypassMergeThreshold": 217.33009194839343, "spark.storage.memoryMapThreshold": 3.5425817944872344}, "datetime": {"datetime": "2022-01-30 21:13:53", "elapsed": 4100.229034, "delta": 160.479733}}
{"target": -222.791, "params": {"spark.broadcast.blockSize": 35.65088572355943, "spark.broadcast.checksum": 0.04899943112460192, "spark.broadcast.compress": 0.6214105162786397, "spark.default.parallelism": 494.3306090061298, "spark.executor.cores": 3.281050825943339, "spark.executor.instances": 6.449016738250592, "spark.executor.memory": 6.1133475444608525, "spark.executor.memoryOverhead": 594.7660327386653, "spark.kryoserializer.buffer": 82.72503308891083, "spark.kryoserializer.buffer.max": 67.68442320521368, "spark.locality.wait": 8.380356990548277, "spark.maxRemoteBlockSizeFetchToMem": 1373919196.8687608, "spark.memory.fraction": 0.6279054780853943, "spark.memory.offHeap.enabled": 0.4562120479269217, "spark.memory.offHeap.size": 849.7201110203488, "spark.memory.storageFraction": 0.8590943700776892, "spark.rdd.compress": 0.7649919531997335, "spark.reducer.maxBlocksInFlightPerAddress": 1641397782.3677828, "spark.reducer.maxReqsInFlight": 1715095993.4093602, "spark.reducer.maxSizeInFlight": 57.27905122131275, "spark.scheduler.mode": 0.18590839694673644, "spark.scheduler.revive.interval": 874.0805208722825, "spark.shuffle.compress": 0.5123376910867475, "spark.shuffle.file.buffer": 30.052182656971542, "spark.shuffle.io.numConnectionsPerPeer": 1.9399143521317792, "spark.shuffle.sort.bypassMergeThreshold": 318.8763031630896, "spark.storage.memoryMapThreshold": 3.136604219913067}, "datetime": {"datetime": "2022-01-30 21:17:44", "elapsed": 4332.130841, "delta": 231.901807}}
{"target": -180.221, "params": {"spark.broadcast.blockSize": 33.102032625139, "spark.broadcast.checksum": 0.7534451606837805, "spark.broadcast.compress": 0.6182874474017483, "spark.default.parallelism": 454.71050206452855, "spark.executor.cores": 3.4160909483466946, "spark.executor.instances": 6.6221528543183075, "spark.executor.memory": 5.609455155434106, "spark.executor.memoryOverhead": 494.3974178397424, "spark.kryoserializer.buffer": 111.5137757134354, "spark.kryoserializer.buffer.max": 37.06152702473469, "spark.locality.wait": 6.653853633997431, "spark.maxRemoteBlockSizeFetchToMem": 1282010143.8629603, "spark.memory.fraction": 0.6339396833229385, "spark.memory.offHeap.enabled": 0.7719498791561188, "spark.memory.offHeap.size": 715.1244921030675, "spark.memory.storageFraction": 0.6329001597424762, "spark.rdd.compress": 0.46128991063195113, "spark.reducer.maxBlocksInFlightPerAddress": 2144522552.3708858, "spark.reducer.maxReqsInFlight": 1328576085.195324, "spark.reducer.maxSizeInFlight": 35.13296695878212, "spark.scheduler.mode": 0.31871742274488046, "spark.scheduler.revive.interval": 846.8675565808182, "spark.shuffle.compress": 0.4283532247722601, "spark.shuffle.file.buffer": 26.177106275931326, "spark.shuffle.io.numConnectionsPerPeer": 1.774400660779865, "spark.shuffle.sort.bypassMergeThreshold": 239.0875866558918, "spark.storage.memoryMapThreshold": 3.2139965042015657}, "datetime": {"datetime": "2022-01-30 21:20:53", "elapsed": 4521.130415, "delta": 188.999574}}
{"target": -196.565, "params": {"spark.broadcast.blockSize": 46.04224659564639, "spark.broadcast.checksum": 0.9598418667357174, "spark.broadcast.compress": 0.797711010969722, "spark.default.parallelism": 389.6108779989013, "spark.executor.cores": 3.096840398480297, "spark.executor.instances": 6.480201762417147, "spark.executor.memory": 4.585288575323888, "spark.executor.memoryOverhead": 581.9485524708317, "spark.kryoserializer.buffer": 53.7787594326033, "spark.kryoserializer.buffer.max": 116.76887483643924, "spark.locality.wait": 7.067821976360692, "spark.maxRemoteBlockSizeFetchToMem": 1505830592.143306, "spark.memory.fraction": 0.8341746170848233, "spark.memory.offHeap.enabled": 0.9799312990894921, "spark.memory.offHeap.size": 927.068539136003, "spark.memory.storageFraction": 0.738009489776558, "spark.rdd.compress": 0.5405778440589237, "spark.reducer.maxBlocksInFlightPerAddress": 1405581136.603479, "spark.reducer.maxReqsInFlight": 1615814797.2257252, "spark.reducer.maxSizeInFlight": 38.0558123024377, "spark.scheduler.mode": 0.29789096410101323, "spark.scheduler.revive.interval": 736.3539396694001, "spark.shuffle.compress": 0.32024366944895466, "spark.shuffle.file.buffer": 24.171777870211724, "spark.shuffle.io.numConnectionsPerPeer": 2.4421611643784695, "spark.shuffle.sort.bypassMergeThreshold": 221.27646763496654, "spark.storage.memoryMapThreshold": 3.349256388429247}, "datetime": {"datetime": "2022-01-30 21:24:19", "elapsed": 4726.693638, "delta": 205.563223}}
{"target": -184.125, "params": {"spark.broadcast.blockSize": 39.42796968468758, "spark.broadcast.checksum": 0.5265707708547752, "spark.broadcast.compress": 0.4343641122352112, "spark.default.parallelism": 363.54692991990333, "spark.executor.cores": 3.340685516295968, "spark.executor.instances": 7.917938660291995, "spark.executor.memory": 6.11789559778305, "spark.executor.memoryOverhead": 501.1547884795622, "spark.kryoserializer.buffer": 50.39661625031236, "spark.kryoserializer.buffer.max": 110.7146100478608, "spark.locality.wait": 8.922856379713465, "spark.maxRemoteBlockSizeFetchToMem": 1582239937.9601324, "spark.memory.fraction": 0.7839946869019104, "spark.memory.offHeap.enabled": 0.5239331284302571, "spark.memory.offHeap.size": 972.3609438159795, "spark.memory.storageFraction": 0.8200136472514523, "spark.rdd.compress": 0.7591327985026036, "spark.reducer.maxBlocksInFlightPerAddress": 1464018155.8168972, "spark.reducer.maxReqsInFlight": 1338409587.3656163, "spark.reducer.maxSizeInFlight": 27.887737756386926, "spark.scheduler.mode": 0.2586649438301567, "spark.scheduler.revive.interval": 976.3836960001329, "spark.shuffle.compress": 0.6578724161059132, "spark.shuffle.file.buffer": 29.66887974135466, "spark.shuffle.io.numConnectionsPerPeer": 2.453179830101367, "spark.shuffle.sort.bypassMergeThreshold": 280.7324796717468, "spark.storage.memoryMapThreshold": 2.6755141954457473}, "datetime": {"datetime": "2022-01-30 21:27:32", "elapsed": 4919.471783, "delta": 192.778145}}
{"target": -178.647, "params": {"spark.broadcast.blockSize": 36.61724076645545, "spark.broadcast.checksum": 0.77007267384973, "spark.broadcast.compress": 0.45540412869126257, "spark.default.parallelism": 337.5074520606486, "spark.executor.cores": 3.9116335203308696, "spark.executor.instances": 5.786653149472175, "spark.executor.memory": 4.5948755304619215, "spark.executor.memoryOverhead": 723.2339162084413, "spark.kryoserializer.buffer": 83.61394922488779, "spark.kryoserializer.buffer.max": 120.77694181548098, "spark.locality.wait": 7.098940437432209, "spark.maxRemoteBlockSizeFetchToMem": 1824403975.5691452, "spark.memory.fraction": 0.8423111875441927, "spark.memory.offHeap.enabled": 0.8586147466788203, "spark.memory.offHeap.size": 877.935075770343, "spark.memory.storageFraction": 0.7132739523894087, "spark.rdd.compress": 0.6151836626590181, "spark.reducer.maxBlocksInFlightPerAddress": 1585633826.0867958, "spark.reducer.maxReqsInFlight": 1656319324.4754853, "spark.reducer.maxSizeInFlight": 25.762460247797577, "spark.scheduler.mode": 0.6294647024409098, "spark.scheduler.revive.interval": 937.139982985974, "spark.shuffle.compress": 0.2116360645419726, "spark.shuffle.file.buffer": 18.43344308360787, "spark.shuffle.io.numConnectionsPerPeer": 1.0188346144426008, "spark.shuffle.sort.bypassMergeThreshold": 179.36252491183552, "spark.storage.memoryMapThreshold": 2.053770960651625}, "datetime": {"datetime": "2022-01-30 21:30:39", "elapsed": 5107.147715, "delta": 187.675932}}
