{"target": -154.885, "params": {"spark.broadcast.blockSize": 32.34009432814268, "spark.broadcast.checksum": 0.3064485248102067, "spark.broadcast.compress": 0.2985737026966757, "spark.default.parallelism": 303.1894253269312, "spark.executor.cores": 3.8714513109900404, "spark.executor.instances": 7.451523413963896, "spark.executor.memory": 4.863835847860193, "spark.executor.memoryOverhead": 460.326534442098, "spark.kryoserializer.buffer": 90.40641357575647, "spark.kryoserializer.buffer.max": 113.18132392069488, "spark.locality.wait": 8.053001702505757, "spark.maxRemoteBlockSizeFetchToMem": 1145958870.3337855, "spark.memory.fraction": 0.8443109872027297, "spark.memory.offHeap.enabled": 0.7763913392067613, "spark.memory.offHeap.size": 639.0699645321737, "spark.memory.storageFraction": 0.7072126514025946, "spark.rdd.compress": 0.7275226609611054, "spark.reducer.maxBlocksInFlightPerAddress": 1384769153.059379, "spark.reducer.maxReqsInFlight": 2038528998.1492376, "spark.reducer.maxSizeInFlight": 33.8609904517498, "spark.scheduler.mode": 0.7004575246593813, "spark.scheduler.revive.interval": 885.5731394411703, "spark.shuffle.compress": 0.40411528709426636, "spark.shuffle.file.buffer": 22.39689464702018, "spark.shuffle.io.numConnectionsPerPeer": 1.7789486138824624, "spark.shuffle.sort.bypassMergeThreshold": 198.99595074727182, "spark.storage.memoryMapThreshold": 3.704495015083579}, "datetime": {"datetime": "2022-01-30 22:16:54", "elapsed": 7881.802082, "delta": 163.923964}}
{"target": -152.096, "params": {"spark.broadcast.blockSize": 35.18811915307998, "spark.broadcast.checksum": 0.5376109941746258, "spark.broadcast.compress": 0.3685256827092075, "spark.default.parallelism": 336.55883173983716, "spark.executor.cores": 3.639016779909161, "spark.executor.instances": 7.835480088936787, "spark.executor.memory": 3.0672970955881813, "spark.executor.memoryOverhead": 402.60393982833756, "spark.kryoserializer.buffer": 78.919498345313, "spark.kryoserializer.buffer.max": 100.56751707025396, "spark.locality.wait": 8.44979240629345, "spark.maxRemoteBlockSizeFetchToMem": 1783369782.1565347, "spark.memory.fraction": 0.8710954883471433, "spark.memory.offHeap.enabled": 0.6186047541618892, "spark.memory.offHeap.size": 906.3545494776856, "spark.memory.storageFraction": 0.7431799387796878, "spark.rdd.compress": 0.4420387263501465, "spark.reducer.maxBlocksInFlightPerAddress": 1797560088.47193, "spark.reducer.maxReqsInFlight": 1574846528.1850677, "spark.reducer.maxSizeInFlight": 28.931118547606047, "spark.scheduler.mode": 0.3137588447667289, "spark.scheduler.revive.interval": 975.4835983037241, "spark.shuffle.compress": 0.014420223533120113, "spark.shuffle.file.buffer": 29.086068108212558, "spark.shuffle.io.numConnectionsPerPeer": 1.3202357499843789, "spark.shuffle.sort.bypassMergeThreshold": 174.82997506765477, "spark.storage.memoryMapThreshold": 3.8386121660722736}, "datetime": {"datetime": "2022-01-30 22:19:35", "elapsed": 8042.61625, "delta": 160.814168}}
{"target": -163.328, "params": {"spark.broadcast.blockSize": 36.12957878627497, "spark.broadcast.checksum": 0.09806203748336118, "spark.broadcast.compress": 0.460911442412145, "spark.default.parallelism": 307.4417474090023, "spark.executor.cores": 3.726375239923355, "spark.executor.instances": 7.662652721056235, "spark.executor.memory": 6.518882062404376, "spark.executor.memoryOverhead": 412.36780253882404, "spark.kryoserializer.buffer": 43.43478955039502, "spark.kryoserializer.buffer.max": 98.48728209799728, "spark.locality.wait": 7.230033035605021, "spark.maxRemoteBlockSizeFetchToMem": 1468356718.623872, "spark.memory.fraction": 0.8532742031818916, "spark.memory.offHeap.enabled": 0.833751520024651, "spark.memory.offHeap.size": 877.1072567735407, "spark.memory.storageFraction": 0.7102416635738478, "spark.rdd.compress": 0.8934134191949911, "spark.reducer.maxBlocksInFlightPerAddress": 1287924947.9676762, "spark.reducer.maxReqsInFlight": 1709716397.334813, "spark.reducer.maxSizeInFlight": 46.73265708659725, "spark.scheduler.mode": 0.3538883289592848, "spark.scheduler.revive.interval": 969.3510172530732, "spark.shuffle.compress": 0.7393958015886237, "spark.shuffle.file.buffer": 16.856507105947546, "spark.shuffle.io.numConnectionsPerPeer": 1.4584409312085773, "spark.shuffle.sort.bypassMergeThreshold": 185.80094976389367, "spark.storage.memoryMapThreshold": 3.0963485689284025}, "datetime": {"datetime": "2022-01-30 22:22:27", "elapsed": 8214.887135, "delta": 172.270885}}
{"target": -215.205, "params": {"spark.broadcast.blockSize": 36.51542000122028, "spark.broadcast.checksum": 0.7552409764592808, "spark.broadcast.compress": 0.31686256633845844, "spark.default.parallelism": 300.33333169394916, "spark.executor.cores": 3.2583440547118245, "spark.executor.instances": 7.285347925344619, "spark.executor.memory": 4.843598352889429, "spark.executor.memoryOverhead": 506.9563879906701, "spark.kryoserializer.buffer": 122.25105770571764, "spark.kryoserializer.buffer.max": 62.21935619168488, "spark.locality.wait": 8.262110611649913, "spark.maxRemoteBlockSizeFetchToMem": 1509775064.479392, "spark.memory.fraction": 0.8707740160984816, "spark.memory.offHeap.enabled": 0.4844027203324299, "spark.memory.offHeap.size": 713.891821246986, "spark.memory.storageFraction": 0.5967153401079894, "spark.rdd.compress": 0.15168427605765855, "spark.reducer.maxBlocksInFlightPerAddress": 1728851664.407734, "spark.reducer.maxReqsInFlight": 1711626413.1878142, "spark.reducer.maxSizeInFlight": 31.47140939717784, "spark.scheduler.mode": 0.8539124447641722, "spark.scheduler.revive.interval": 678.721767518447, "spark.shuffle.compress": 0.27996984205011355, "spark.shuffle.file.buffer": 20.34819723280359, "spark.shuffle.io.numConnectionsPerPeer": 1.3765064178676871, "spark.shuffle.sort.bypassMergeThreshold": 163.98789108609787, "spark.storage.memoryMapThreshold": 3.6942462746173668}, "datetime": {"datetime": "2022-01-30 22:26:11", "elapsed": 8438.797571, "delta": 223.910436}}
{"target": -184.996, "params": {"spark.broadcast.blockSize": 33.14184213956919, "spark.broadcast.checksum": 0.09603150342235345, "spark.broadcast.compress": 0.917454396041606, "spark.default.parallelism": 370.2372103749657, "spark.executor.cores": 3.795503492579409, "spark.executor.instances": 6.981730394263193, "spark.executor.memory": 4.6292728681050335, "spark.executor.memoryOverhead": 506.912038645808, "spark.kryoserializer.buffer": 83.15581726730511, "spark.kryoserializer.buffer.max": 42.98807842348968, "spark.locality.wait": 6.938966493022097, "spark.maxRemoteBlockSizeFetchToMem": 1826565028.178063, "spark.memory.fraction": 0.7107367737390977, "spark.memory.offHeap.enabled": 0.5829950645121366, "spark.memory.offHeap.size": 779.90072703279, "spark.memory.storageFraction": 0.7596175916516643, "spark.rdd.compress": 0.20724886322378655, "spark.reducer.maxBlocksInFlightPerAddress": 1759245135.6385655, "spark.reducer.maxReqsInFlight": 1555805856.163085, "spark.reducer.maxSizeInFlight": 59.7321842269818, "spark.scheduler.mode": 0.9906183346980599, "spark.scheduler.revive.interval": 849.5641850695354, "spark.shuffle.compress": 0.4584541572410987, "spark.shuffle.file.buffer": 22.59392187077062, "spark.shuffle.io.numConnectionsPerPeer": 1.644649279788566, "spark.shuffle.sort.bypassMergeThreshold": 222.5515020388541, "spark.storage.memoryMapThreshold": 2.847710121416695}, "datetime": {"datetime": "2022-01-30 22:29:25", "elapsed": 8632.575995, "delta": 193.778424}}
{"target": -188.365, "params": {"spark.broadcast.blockSize": 41.54588705161555, "spark.broadcast.checksum": 0.8977668093203099, "spark.broadcast.compress": 0.5162597108370144, "spark.default.parallelism": 450.1793168195264, "spark.executor.cores": 3.2007857077876993, "spark.executor.instances": 7.986564017397868, "spark.executor.memory": 5.004376655732861, "spark.executor.memoryOverhead": 529.4150424056455, "spark.kryoserializer.buffer": 78.02490546038123, "spark.kryoserializer.buffer.max": 103.98462477774127, "spark.locality.wait": 6.0920565070256565, "spark.maxRemoteBlockSizeFetchToMem": 1772549286.59094, "spark.memory.fraction": 0.7515765068269009, "spark.memory.offHeap.enabled": 0.36443901838744075, "spark.memory.offHeap.size": 770.7542980293324, "spark.memory.storageFraction": 0.8761738809891811, "spark.rdd.compress": 0.3283824304037304, "spark.reducer.maxBlocksInFlightPerAddress": 2030311505.4476283, "spark.reducer.maxReqsInFlight": 1364818660.6641665, "spark.reducer.maxSizeInFlight": 51.85760457293871, "spark.scheduler.mode": 0.30014615640456, "spark.scheduler.revive.interval": 916.6634034599888, "spark.shuffle.compress": 0.5251465134220575, "spark.shuffle.file.buffer": 33.83654340034485, "spark.shuffle.io.numConnectionsPerPeer": 1.0387051604196773, "spark.shuffle.sort.bypassMergeThreshold": 253.25124314279856, "spark.storage.memoryMapThreshold": 3.6901550308778917}, "datetime": {"datetime": "2022-01-30 22:32:42", "elapsed": 8829.904027, "delta": 197.328032}}
