{"target": -146.84, "params": {"spark.broadcast.blockSize": 41.43082145799252, "spark.broadcast.checksum": 0.7160876941218366, "spark.broadcast.compress": 0.5759079257850419, "spark.default.parallelism": 499.70498439501097, "spark.executor.cores": 3.9637815573652144, "spark.executor.instances": 7.184903147239837, "spark.executor.memory": 5.6585068758796835, "spark.executor.memoryOverhead": 758.0706112432233, "spark.kryoserializer.buffer": 51.60613945252844, "spark.kryoserializer.buffer.max": 60.89992028474906, "spark.locality.wait": 6.652013745812253, "spark.maxRemoteBlockSizeFetchToMem": 1519099428.195235, "spark.memory.fraction": 0.801543174781638, "spark.memory.offHeap.enabled": 0.24978496852024212, "spark.memory.offHeap.size": 837.9215888505586, "spark.memory.storageFraction": 0.7678669865103298, "spark.rdd.compress": 0.46477213346476975, "spark.reducer.maxBlocksInFlightPerAddress": 1501499626.9216838, "spark.reducer.maxReqsInFlight": 1319297031.6503801, "spark.reducer.maxSizeInFlight": 67.24754376289215, "spark.scheduler.mode": 0.4182571954307115, "spark.scheduler.revive.interval": 567.4811194941269, "spark.shuffle.compress": 0.07912022812052544, "spark.shuffle.file.buffer": 34.26209129821291, "spark.shuffle.io.numConnectionsPerPeer": 3.7093628972517596, "spark.shuffle.sort.bypassMergeThreshold": 259.9755300812831, "spark.storage.memoryFraction": 0.8136240171063707, "spark.storage.memoryMapThreshold": 2.78317249010646}, "datetime": {"datetime": "2022-01-31 02:11:50", "elapsed": 8349.684128, "delta": 155.582315}}
{"target": -150.89, "params": {"spark.broadcast.blockSize": 54.90846868955192, "spark.broadcast.checksum": 0.8684725371290826, "spark.broadcast.compress": 0.9237063401048898, "spark.default.parallelism": 217.13788772012293, "spark.executor.cores": 3.889382042861218, "spark.executor.instances": 7.875919219195857, "spark.executor.memory": 5.565652784751391, "spark.executor.memoryOverhead": 568.336489760587, "spark.kryoserializer.buffer": 33.6739496970611, "spark.kryoserializer.buffer.max": 51.59880065732309, "spark.locality.wait": 6.60344823984182, "spark.maxRemoteBlockSizeFetchToMem": 2146856251.3107493, "spark.memory.fraction": 0.8923611439655352, "spark.memory.offHeap.enabled": 0.4662396587880576, "spark.memory.offHeap.size": 964.8972876612924, "spark.memory.storageFraction": 0.8244157819010944, "spark.rdd.compress": 0.8658110828838452, "spark.reducer.maxBlocksInFlightPerAddress": 1217222350.7293487, "spark.reducer.maxReqsInFlight": 1986324925.8451924, "spark.reducer.maxSizeInFlight": 41.29537578678862, "spark.scheduler.mode": 0.8530574641861467, "spark.scheduler.revive.interval": 533.5792573966969, "spark.shuffle.compress": 0.40054323856463514, "spark.shuffle.file.buffer": 42.730690662664244, "spark.shuffle.io.numConnectionsPerPeer": 4.369106780286694, "spark.shuffle.sort.bypassMergeThreshold": 220.0001261380234, "spark.storage.memoryFraction": 0.8687981603737855, "spark.storage.memoryMapThreshold": 2.852899985661699}, "datetime": {"datetime": "2022-01-31 02:14:30", "elapsed": 8509.293202, "delta": 159.609074}}
{"target": -179.256, "params": {"spark.broadcast.blockSize": 34.08153544295698, "spark.broadcast.checksum": 0.17668360639258407, "spark.broadcast.compress": 0.3202507489483445, "spark.default.parallelism": 253.62687652277495, "spark.executor.cores": 3.7593539118933084, "spark.executor.instances": 7.372900885370801, "spark.executor.memory": 6.503619170708903, "spark.executor.memoryOverhead": 470.709655200942, "spark.kryoserializer.buffer": 72.41525439546788, "spark.kryoserializer.buffer.max": 117.29294440751664, "spark.locality.wait": 7.92737775300453, "spark.maxRemoteBlockSizeFetchToMem": 2027166081.4382043, "spark.memory.fraction": 0.788728927672923, "spark.memory.offHeap.enabled": 0.5266645848679029, "spark.memory.offHeap.size": 997.7319375411438, "spark.memory.storageFraction": 0.7650576524924542, "spark.rdd.compress": 0.4698313892172582, "spark.reducer.maxBlocksInFlightPerAddress": 1513808172.5738513, "spark.reducer.maxReqsInFlight": 1311105141.2891312, "spark.reducer.maxSizeInFlight": 51.422122272666186, "spark.scheduler.mode": 0.5057696087480256, "spark.scheduler.revive.interval": 593.9013501354959, "spark.shuffle.compress": 0.4725447376440228, "spark.shuffle.file.buffer": 44.65185270018012, "spark.shuffle.io.numConnectionsPerPeer": 3.4341492022896567, "spark.shuffle.sort.bypassMergeThreshold": 225.41920941510836, "spark.storage.memoryFraction": 0.8373149063509899, "spark.storage.memoryMapThreshold": 1.5139932324007228}, "datetime": {"datetime": "2022-01-31 02:17:38", "elapsed": 8697.3902, "delta": 188.096998}}
{"target": -165.587, "params": {"spark.broadcast.blockSize": 33.632404505749996, "spark.broadcast.checksum": 0.5635637877004581, "spark.broadcast.compress": 0.03284775682999319, "spark.default.parallelism": 399.785223172746, "spark.executor.cores": 3.888748004056847, "spark.executor.instances": 7.633366769928314, "spark.executor.memory": 4.9428947102611955, "spark.executor.memoryOverhead": 640.0246473623827, "spark.kryoserializer.buffer": 71.02303059296774, "spark.kryoserializer.buffer.max": 49.49699597193681, "spark.locality.wait": 9.499362606674305, "spark.maxRemoteBlockSizeFetchToMem": 1617803913.8506823, "spark.memory.fraction": 0.794828266226475, "spark.memory.offHeap.enabled": 0.1108730941639482, "spark.memory.offHeap.size": 797.0066247593413, "spark.memory.storageFraction": 0.6927660795917451, "spark.rdd.compress": 0.6323919840258162, "spark.reducer.maxBlocksInFlightPerAddress": 1312280719.5740714, "spark.reducer.maxReqsInFlight": 1806363873.8789287, "spark.reducer.maxSizeInFlight": 58.03329019623291, "spark.scheduler.mode": 0.7810057644003378, "spark.scheduler.revive.interval": 589.9290701893144, "spark.shuffle.compress": 0.3582558283507168, "spark.shuffle.file.buffer": 39.36455032642888, "spark.shuffle.io.numConnectionsPerPeer": 3.7917870920617296, "spark.shuffle.sort.bypassMergeThreshold": 245.27793499319722, "spark.storage.memoryFraction": 0.6663284081542162, "spark.storage.memoryMapThreshold": 3.912851996260404}, "datetime": {"datetime": "2022-01-31 02:20:32", "elapsed": 8871.609288, "delta": 174.219088}}
{"target": -158.692, "params": {"spark.broadcast.blockSize": 39.893947519161586, "spark.broadcast.checksum": 0.6255585783999253, "spark.broadcast.compress": 0.703509447325784, "spark.default.parallelism": 288.4454399431911, "spark.executor.cores": 3.9962768071930745, "spark.executor.instances": 7.531349192373542, "spark.executor.memory": 6.892516313601542, "spark.executor.memoryOverhead": 449.42030373854067, "spark.kryoserializer.buffer": 49.19508170266088, "spark.kryoserializer.buffer.max": 120.3173306260251, "spark.locality.wait": 5.257218192460808, "spark.maxRemoteBlockSizeFetchToMem": 2085226693.5190525, "spark.memory.fraction": 0.8544005641361263, "spark.memory.offHeap.enabled": 0.13962908976078103, "spark.memory.offHeap.size": 566.8258382208544, "spark.memory.storageFraction": 0.8829066612992076, "spark.rdd.compress": 0.4816890577026238, "spark.reducer.maxBlocksInFlightPerAddress": 1180922642.4927185, "spark.reducer.maxReqsInFlight": 1775298495.4270897, "spark.reducer.maxSizeInFlight": 44.55987436695182, "spark.scheduler.mode": 0.09508838172484613, "spark.scheduler.revive.interval": 623.6440639714874, "spark.shuffle.compress": 0.2788072645202987, "spark.shuffle.file.buffer": 47.627035801300444, "spark.shuffle.io.numConnectionsPerPeer": 3.8191150298209307, "spark.shuffle.sort.bypassMergeThreshold": 252.91061274149655, "spark.storage.memoryFraction": 0.8790927133607469, "spark.storage.memoryMapThreshold": 1.4885721485390904}, "datetime": {"datetime": "2022-01-31 02:23:20", "elapsed": 9038.847929, "delta": 167.238641}}
{"target": -154.238, "params": {"spark.broadcast.blockSize": 41.45599875673318, "spark.broadcast.checksum": 0.8598975327848578, "spark.broadcast.compress": 0.004702751338561684, "spark.default.parallelism": 366.2398559292894, "spark.executor.cores": 3.944084068987268, "spark.executor.instances": 7.618525039952835, "spark.executor.memory": 4.810930761796511, "spark.executor.memoryOverhead": 833.9331703804905, "spark.kryoserializer.buffer": 34.88410706291965, "spark.kryoserializer.buffer.max": 75.79342006077033, "spark.locality.wait": 8.567807669571486, "spark.maxRemoteBlockSizeFetchToMem": 1217123176.183419, "spark.memory.fraction": 0.8805773918237294, "spark.memory.offHeap.enabled": 0.2887335067776108, "spark.memory.offHeap.size": 960.9834885494026, "spark.memory.storageFraction": 0.6219161524572488, "spark.rdd.compress": 0.7943228411803677, "spark.reducer.maxBlocksInFlightPerAddress": 1259056874.0709724, "spark.reducer.maxReqsInFlight": 1725378536.5731745, "spark.reducer.maxSizeInFlight": 56.644867643869176, "spark.scheduler.mode": 0.6911140141882395, "spark.scheduler.revive.interval": 541.0048365560663, "spark.shuffle.compress": 0.07061376303262679, "spark.shuffle.file.buffer": 33.965616574174206, "spark.shuffle.io.numConnectionsPerPeer": 1.5087759393850395, "spark.shuffle.sort.bypassMergeThreshold": 244.28353045478036, "spark.storage.memoryFraction": 0.830364247167398, "spark.storage.memoryMapThreshold": 2.263488543700488}, "datetime": {"datetime": "2022-01-31 02:26:03", "elapsed": 9201.854933, "delta": 163.007004}}
{"target": -160.127, "params": {"spark.broadcast.blockSize": 51.996484999773756, "spark.broadcast.checksum": 0.7482609526081476, "spark.broadcast.compress": 0.4377113958025568, "spark.default.parallelism": 420.04082063891633, "spark.executor.cores": 3.8192427639826176, "spark.executor.instances": 6.993734296198784, "spark.executor.memory": 3.973014386972707, "spark.executor.memoryOverhead": 623.4807574423935, "spark.kryoserializer.buffer": 45.44136677575116, "spark.kryoserializer.buffer.max": 71.13901508793849, "spark.locality.wait": 8.389574008093755, "spark.maxRemoteBlockSizeFetchToMem": 1762159551.0972996, "spark.memory.fraction": 0.5927133750240109, "spark.memory.offHeap.enabled": 0.12095990713830884, "spark.memory.offHeap.size": 928.5803946684696, "spark.memory.storageFraction": 0.8568048284134042, "spark.rdd.compress": 0.1968111770638188, "spark.reducer.maxBlocksInFlightPerAddress": 1606368891.0188046, "spark.reducer.maxReqsInFlight": 1390048152.8639371, "spark.reducer.maxSizeInFlight": 38.39066799117825, "spark.scheduler.mode": 0.7047613403389195, "spark.scheduler.revive.interval": 541.4281283971496, "spark.shuffle.compress": 0.6211490034517511, "spark.shuffle.file.buffer": 43.733541130506495, "spark.shuffle.io.numConnectionsPerPeer": 2.9664746679590004, "spark.shuffle.sort.bypassMergeThreshold": 240.892952031655, "spark.storage.memoryFraction": 0.8832727449023448, "spark.storage.memoryMapThreshold": 2.3788704675787575}, "datetime": {"datetime": "2022-01-31 02:28:51", "elapsed": 9370.513439, "delta": 168.658506}}
{"target": -195.797, "params": {"spark.broadcast.blockSize": 36.78515646466731, "spark.broadcast.checksum": 0.7963520571417146, "spark.broadcast.compress": 0.16361461508762476, "spark.default.parallelism": 296.34020216923534, "spark.executor.cores": 3.4793457884851806, "spark.executor.instances": 6.498475625333617, "spark.executor.memory": 5.825283099529919, "spark.executor.memoryOverhead": 505.1027760762284, "spark.kryoserializer.buffer": 59.90601347466203, "spark.kryoserializer.buffer.max": 45.58927667759364, "spark.locality.wait": 5.703132935150439, "spark.maxRemoteBlockSizeFetchToMem": 1336222355.295147, "spark.memory.fraction": 0.6728769039360969, "spark.memory.offHeap.enabled": 0.3997026012877931, "spark.memory.offHeap.size": 793.0054344722502, "spark.memory.storageFraction": 0.6482479828854562, "spark.rdd.compress": 0.287924790811124, "spark.reducer.maxBlocksInFlightPerAddress": 1078971908.0062423, "spark.reducer.maxReqsInFlight": 1666058347.7692304, "spark.reducer.maxSizeInFlight": 45.347398550051835, "spark.scheduler.mode": 0.9212444530805951, "spark.scheduler.revive.interval": 515.5863936037189, "spark.shuffle.compress": 0.3240280050614368, "spark.shuffle.file.buffer": 33.14510510494648, "spark.shuffle.io.numConnectionsPerPeer": 2.810920942313463, "spark.shuffle.sort.bypassMergeThreshold": 272.66381239002135, "spark.storage.memoryFraction": 0.8754338234932575, "spark.storage.memoryMapThreshold": 2.0249971914167184}, "datetime": {"datetime": "2022-01-31 02:32:16", "elapsed": 9575.149298, "delta": 204.635859}}
{"target": -181.276, "params": {"spark.broadcast.blockSize": 56.41015879319598, "spark.broadcast.checksum": 0.26210359061557365, "spark.broadcast.compress": 0.5421910138951093, "spark.default.parallelism": 486.35373796045235, "spark.executor.cores": 3.4249064851348527, "spark.executor.instances": 7.916098489754107, "spark.executor.memory": 5.633569108717587, "spark.executor.memoryOverhead": 876.8561793896881, "spark.kryoserializer.buffer": 48.68161849899224, "spark.kryoserializer.buffer.max": 57.88494238026206, "spark.locality.wait": 6.537038844097407, "spark.maxRemoteBlockSizeFetchToMem": 2056423186.1947708, "spark.memory.fraction": 0.7926064201073373, "spark.memory.offHeap.enabled": 0.49077956980593673, "spark.memory.offHeap.size": 719.6628861201698, "spark.memory.storageFraction": 0.7262446019747867, "spark.rdd.compress": 0.17181121702065083, "spark.reducer.maxBlocksInFlightPerAddress": 1555895531.8112516, "spark.reducer.maxReqsInFlight": 1517179482.7276073, "spark.reducer.maxSizeInFlight": 38.92688040666715, "spark.scheduler.mode": 0.17647889252336968, "spark.scheduler.revive.interval": 511.8656567668965, "spark.shuffle.compress": 0.012589428881598863, "spark.shuffle.file.buffer": 39.961280622554554, "spark.shuffle.io.numConnectionsPerPeer": 2.8873426719706266, "spark.shuffle.sort.bypassMergeThreshold": 213.90778276627918, "spark.storage.memoryFraction": 0.7255639078790692, "spark.storage.memoryMapThreshold": 2.4242349182801535}, "datetime": {"datetime": "2022-01-31 02:35:26", "elapsed": 9765.348895, "delta": 190.199597}}
{"target": -154.736, "params": {"spark.broadcast.blockSize": 40.269625637970634, "spark.broadcast.checksum": 0.9801995612797285, "spark.broadcast.compress": 0.277759762003578, "spark.default.parallelism": 455.87242737524207, "spark.executor.cores": 3.5450686103826907, "spark.executor.instances": 7.287320764221885, "spark.executor.memory": 6.952215016351005, "spark.executor.memoryOverhead": 658.7498711913336, "spark.kryoserializer.buffer": 63.42014079750516, "spark.kryoserializer.buffer.max": 110.0810017426991, "spark.locality.wait": 6.321652000136332, "spark.maxRemoteBlockSizeFetchToMem": 1928733529.0204785, "spark.memory.fraction": 0.8352554802336356, "spark.memory.offHeap.enabled": 0.3749673061895302, "spark.memory.offHeap.size": 610.7107798094587, "spark.memory.storageFraction": 0.708703796459393, "spark.rdd.compress": 0.4340741296946483, "spark.reducer.maxBlocksInFlightPerAddress": 1786656726.380271, "spark.reducer.maxReqsInFlight": 1109912011.7418919, "spark.reducer.maxSizeInFlight": 62.44839890832265, "spark.scheduler.mode": 0.13807350704416588, "spark.scheduler.revive.interval": 574.348883729754, "spark.shuffle.compress": 0.08414798492475384, "spark.shuffle.file.buffer": 32.26068025337736, "spark.shuffle.io.numConnectionsPerPeer": 4.014547415653844, "spark.shuffle.sort.bypassMergeThreshold": 167.17296130544273, "spark.storage.memoryFraction": 0.8703099817659148, "spark.storage.memoryMapThreshold": 2.9548705565633435}, "datetime": {"datetime": "2022-01-31 02:38:10", "elapsed": 9928.866231, "delta": 163.517336}}
{"target": -176.575, "params": {"spark.broadcast.blockSize": 38.52473481263491, "spark.broadcast.checksum": 0.9133994713526262, "spark.broadcast.compress": 0.2692696163490136, "spark.default.parallelism": 425.2024331435922, "spark.executor.cores": 3.429923198190006, "spark.executor.instances": 6.626580555518768, "spark.executor.memory": 6.13558120967593, "spark.executor.memoryOverhead": 778.1602558907723, "spark.kryoserializer.buffer": 90.52510564850783, "spark.kryoserializer.buffer.max": 61.579976435763655, "spark.locality.wait": 5.8773916488851405, "spark.maxRemoteBlockSizeFetchToMem": 1538771945.985887, "spark.memory.fraction": 0.6112909453481326, "spark.memory.offHeap.enabled": 0.9123593371902924, "spark.memory.offHeap.size": 1000.3090895438775, "spark.memory.storageFraction": 0.5971016274189133, "spark.rdd.compress": 0.07557872239678542, "spark.reducer.maxBlocksInFlightPerAddress": 1592522446.5395465, "spark.reducer.maxReqsInFlight": 1112022677.4111366, "spark.reducer.maxSizeInFlight": 27.28878928494555, "spark.scheduler.mode": 0.4241576992131325, "spark.scheduler.revive.interval": 501.50937075648267, "spark.shuffle.compress": 0.056199169825965734, "spark.shuffle.file.buffer": 44.8646898495482, "spark.shuffle.io.numConnectionsPerPeer": 4.725183966636895, "spark.shuffle.sort.bypassMergeThreshold": 241.660196098377, "spark.storage.memoryFraction": 0.8958514421636632, "spark.storage.memoryMapThreshold": 2.7366597722408486}, "datetime": {"datetime": "2022-01-31 02:41:15", "elapsed": 10114.327005, "delta": 185.460774}}
{"target": -158.988, "params": {"spark.broadcast.blockSize": 32.89780039933272, "spark.broadcast.checksum": 0.969491770230544, "spark.broadcast.compress": 0.1487521176145592, "spark.default.parallelism": 233.24117807393696, "spark.executor.cores": 3.6738708226502736, "spark.executor.instances": 7.877938803588007, "spark.executor.memory": 5.4047774436653455, "spark.executor.memoryOverhead": 687.6085863759865, "spark.kryoserializer.buffer": 32.11750767968728, "spark.kryoserializer.buffer.max": 121.82075031471965, "spark.locality.wait": 6.864882650364462, "spark.maxRemoteBlockSizeFetchToMem": 1696336632.1338143, "spark.memory.fraction": 0.809518996377866, "spark.memory.offHeap.enabled": 0.7778770655893625, "spark.memory.offHeap.size": 631.1226661875671, "spark.memory.storageFraction": 0.7427818383288236, "spark.rdd.compress": 0.3621210429175561, "spark.reducer.maxBlocksInFlightPerAddress": 1594342133.8594475, "spark.reducer.maxReqsInFlight": 1774242445.6291423, "spark.reducer.maxSizeInFlight": 57.41386430743259, "spark.scheduler.mode": 0.6763124857701187, "spark.scheduler.revive.interval": 705.9686838993729, "spark.shuffle.compress": 0.10034505372993563, "spark.shuffle.file.buffer": 45.74996590179943, "spark.shuffle.io.numConnectionsPerPeer": 3.8874909295918636, "spark.shuffle.sort.bypassMergeThreshold": 258.55408096930506, "spark.storage.memoryFraction": 0.8260096346051542, "spark.storage.memoryMapThreshold": 1.6211933057868735}, "datetime": {"datetime": "2022-01-31 02:44:03", "elapsed": 10282.067459, "delta": 167.740454}}
{"target": -152.546, "params": {"spark.broadcast.blockSize": 33.39629486866873, "spark.broadcast.checksum": 0.5810572863078678, "spark.broadcast.compress": 0.4796510153746699, "spark.default.parallelism": 295.73447448653735, "spark.executor.cores": 3.9116170248393107, "spark.executor.instances": 7.107443032428788, "spark.executor.memory": 3.935904876686937, "spark.executor.memoryOverhead": 814.119964462219, "spark.kryoserializer.buffer": 32.08946739632297, "spark.kryoserializer.buffer.max": 62.96652554412904, "spark.locality.wait": 5.307353477074223, "spark.maxRemoteBlockSizeFetchToMem": 2092020922.7042685, "spark.memory.fraction": 0.869319176801157, "spark.memory.offHeap.enabled": 0.8621451572268763, "spark.memory.offHeap.size": 930.0514502070416, "spark.memory.storageFraction": 0.8585568328578296, "spark.rdd.compress": 0.3668519463491291, "spark.reducer.maxBlocksInFlightPerAddress": 1101058009.9751682, "spark.reducer.maxReqsInFlight": 1365833421.76867, "spark.reducer.maxSizeInFlight": 50.00045690397139, "spark.scheduler.mode": 0.26208857119439777, "spark.scheduler.revive.interval": 512.5445268251982, "spark.shuffle.compress": 0.29879857680643185, "spark.shuffle.file.buffer": 29.46417024910333, "spark.shuffle.io.numConnectionsPerPeer": 1.995552893351198, "spark.shuffle.sort.bypassMergeThreshold": 186.96388013470346, "spark.storage.memoryFraction": 0.8339282195322713, "spark.storage.memoryMapThreshold": 1.1423619711121633}, "datetime": {"datetime": "2022-01-31 02:46:44", "elapsed": 10443.358771, "delta": 161.291312}}
{"target": -154.868, "params": {"spark.broadcast.blockSize": 37.21925692846936, "spark.broadcast.checksum": 0.6362558989125785, "spark.broadcast.compress": 0.6518202172691875, "spark.default.parallelism": 294.91847553737546, "spark.executor.cores": 3.786606547732863, "spark.executor.instances": 7.946943774985639, "spark.executor.memory": 4.436735468020807, "spark.executor.memoryOverhead": 850.7218579796809, "spark.kryoserializer.buffer": 38.55495744098049, "spark.kryoserializer.buffer.max": 83.71286658183394, "spark.locality.wait": 8.271948461613308, "spark.maxRemoteBlockSizeFetchToMem": 2135013144.080694, "spark.memory.fraction": 0.8358770411844685, "spark.memory.offHeap.enabled": 0.24723817979235907, "spark.memory.offHeap.size": 842.7070806730244, "spark.memory.storageFraction": 0.5654707830966854, "spark.rdd.compress": 0.3941160110626629, "spark.reducer.maxBlocksInFlightPerAddress": 1729425033.2214715, "spark.reducer.maxReqsInFlight": 2095431001.3215394, "spark.reducer.maxSizeInFlight": 32.31341333559335, "spark.scheduler.mode": 0.4327789995312923, "spark.scheduler.revive.interval": 535.0940862995528, "spark.shuffle.compress": 0.37101757333105667, "spark.shuffle.file.buffer": 47.89540950829466, "spark.shuffle.io.numConnectionsPerPeer": 3.552312853155029, "spark.shuffle.sort.bypassMergeThreshold": 244.68138066244907, "spark.storage.memoryFraction": 0.7674948499207435, "spark.storage.memoryMapThreshold": 2.1061105150290067}, "datetime": {"datetime": "2022-01-31 02:49:28", "elapsed": 10606.889578, "delta": 163.530807}}
