{"target": -181.232, "params": {"spark.broadcast.blockSize": 35.67159207953951, "spark.broadcast.checksum": 0.04332408720396819, "spark.broadcast.compress": 0.19615423845508995, "spark.default.parallelism": 313.22397348298404, "spark.executor.cores": 3.8850445659578523, "spark.executor.instances": 6.8321289468757485, "spark.executor.memory": 6.291090819397689, "spark.executor.memoryOverhead": 806.1544840848946, "spark.kryoserializer.buffer": 59.64251407091166, "spark.kryoserializer.buffer.max": 104.24420738007507, "spark.locality.wait": 9.982241766857353, "spark.maxRemoteBlockSizeFetchToMem": 1568865809.8316886, "spark.memory.fraction": 0.7879831152168066, "spark.memory.offHeap.enabled": 0.1302170303285003, "spark.memory.offHeap.size": 593.7667232195917, "spark.memory.storageFraction": 0.7326840127306671, "spark.rdd.compress": 0.8785739208493986, "spark.reducer.maxBlocksInFlightPerAddress": 1278486023.31769, "spark.reducer.maxReqsInFlight": 1428208317.5099697, "spark.reducer.maxSizeInFlight": 62.75273017634027, "spark.scheduler.mode": 0.8068040655467658, "spark.scheduler.revive.interval": 911.6123740086509, "spark.shuffle.compress": 0.11038550623037724, "spark.shuffle.file.buffer": 44.17545845587692, "spark.shuffle.io.numConnectionsPerPeer": 3.0963645166524008, "spark.shuffle.sort.bypassMergeThreshold": 312.0991240401693, "spark.storage.memoryFraction": 0.8443002551319805, "spark.storage.memoryMapThreshold": 2.213819083172825}, "datetime": {"datetime": "2022-01-31 06:56:42", "elapsed": 25441.66082, "delta": 190.028084}}
{"target": -161.602, "params": {"spark.broadcast.blockSize": 39.30010659413024, "spark.broadcast.checksum": 0.4032205336958947, "spark.broadcast.compress": 0.5444042540248342, "spark.default.parallelism": 228.82482331886794, "spark.executor.cores": 3.5420959950126973, "spark.executor.instances": 7.937799787127079, "spark.executor.memory": 6.337412376477722, "spark.executor.memoryOverhead": 834.1645019108327, "spark.kryoserializer.buffer": 71.77729874707317, "spark.kryoserializer.buffer.max": 67.28815174892486, "spark.locality.wait": 7.142453519489277, "spark.maxRemoteBlockSizeFetchToMem": 1548837451.9968588, "spark.memory.fraction": 0.76692443261718, "spark.memory.offHeap.enabled": 0.9139395042978506, "spark.memory.offHeap.size": 855.1006615879548, "spark.memory.storageFraction": 0.8828035486189829, "spark.rdd.compress": 0.23038284960406652, "spark.reducer.maxBlocksInFlightPerAddress": 1913406050.3909807, "spark.reducer.maxReqsInFlight": 1750410927.0828462, "spark.reducer.maxSizeInFlight": 71.13379413366434, "spark.scheduler.mode": 0.06689085045854437, "spark.scheduler.revive.interval": 646.8728714398896, "spark.shuffle.compress": 0.15965167195383945, "spark.shuffle.file.buffer": 28.099261855388157, "spark.shuffle.io.numConnectionsPerPeer": 4.284952218230738, "spark.shuffle.sort.bypassMergeThreshold": 349.1808068236527, "spark.storage.memoryFraction": 0.7695288883355861, "spark.storage.memoryMapThreshold": 2.4889010954729907}, "datetime": {"datetime": "2022-01-31 06:59:33", "elapsed": 25612.155523, "delta": 170.494703}}
{"target": -155.551, "params": {"spark.broadcast.blockSize": 40.54559202454895, "spark.broadcast.checksum": 0.38881815875087644, "spark.broadcast.compress": 0.08953513441511851, "spark.default.parallelism": 476.2636343438328, "spark.executor.cores": 3.8736577781202532, "spark.executor.instances": 7.1222909480512495, "spark.executor.memory": 6.801187422203892, "spark.executor.memoryOverhead": 688.6238882052523, "spark.kryoserializer.buffer": 46.5367961724009, "spark.kryoserializer.buffer.max": 83.19862881618619, "spark.locality.wait": 8.16868681814131, "spark.maxRemoteBlockSizeFetchToMem": 1559920588.412496, "spark.memory.fraction": 0.8828935599830384, "spark.memory.offHeap.enabled": 0.6672463826705883, "spark.memory.offHeap.size": 724.9114479695814, "spark.memory.storageFraction": 0.5812136644449402, "spark.rdd.compress": 0.1173749972772864, "spark.reducer.maxBlocksInFlightPerAddress": 2044421454.3205967, "spark.reducer.maxReqsInFlight": 1815521897.1495414, "spark.reducer.maxSizeInFlight": 71.51660342409373, "spark.scheduler.mode": 0.31890205167843044, "spark.scheduler.revive.interval": 518.9493010847699, "spark.shuffle.compress": 0.027146804785068257, "spark.shuffle.file.buffer": 29.20242083198251, "spark.shuffle.io.numConnectionsPerPeer": 3.261298195567515, "spark.shuffle.sort.bypassMergeThreshold": 337.7956818526001, "spark.storage.memoryFraction": 0.8915289946594276, "spark.storage.memoryMapThreshold": 1.4393759816958187}, "datetime": {"datetime": "2022-01-31 07:02:17", "elapsed": 25776.289033, "delta": 164.13351}}
{"target": -179.22, "params": {"spark.broadcast.blockSize": 42.071789750430526, "spark.broadcast.checksum": 0.5062673834941842, "spark.broadcast.compress": 0.47327033620744297, "spark.default.parallelism": 255.03283025985598, "spark.executor.cores": 3.4676007314135697, "spark.executor.instances": 6.753189242166197, "spark.executor.memory": 6.699660213824201, "spark.executor.memoryOverhead": 611.091459362157, "spark.kryoserializer.buffer": 50.629286563916594, "spark.kryoserializer.buffer.max": 79.47438612835822, "spark.locality.wait": 6.247538557227744, "spark.maxRemoteBlockSizeFetchToMem": 1471937858.5748343, "spark.memory.fraction": 0.8490624179729998, "spark.memory.offHeap.enabled": 0.7581675289940509, "spark.memory.offHeap.size": 587.6186808011948, "spark.memory.storageFraction": 0.7885019322395167, "spark.rdd.compress": 0.4737849018827798, "spark.reducer.maxBlocksInFlightPerAddress": 1574579534.8532786, "spark.reducer.maxReqsInFlight": 1449633113.8603573, "spark.reducer.maxSizeInFlight": 59.77909570592565, "spark.scheduler.mode": 0.5072272774760295, "spark.scheduler.revive.interval": 660.5952397991193, "spark.shuffle.compress": 0.27089127195293194, "spark.shuffle.file.buffer": 33.97518442098443, "spark.shuffle.io.numConnectionsPerPeer": 1.7228674723962158, "spark.shuffle.sort.bypassMergeThreshold": 192.4896244161999, "spark.storage.memoryFraction": 0.824235732753054, "spark.storage.memoryMapThreshold": 2.096223188533694}, "datetime": {"datetime": "2022-01-31 07:05:25", "elapsed": 25964.381148, "delta": 188.092115}}
{"target": -159.744, "params": {"spark.broadcast.blockSize": 56.347212497187925, "spark.broadcast.checksum": 0.10126174057089843, "spark.broadcast.compress": 0.34595555558163504, "spark.default.parallelism": 222.038896878141, "spark.executor.cores": 3.7138260674485117, "spark.executor.instances": 7.714445263761704, "spark.executor.memory": 4.410407518078101, "spark.executor.memoryOverhead": 871.0866836320308, "spark.kryoserializer.buffer": 102.4511948018392, "spark.kryoserializer.buffer.max": 58.88975186110458, "spark.locality.wait": 7.927863357442238, "spark.maxRemoteBlockSizeFetchToMem": 1405870479.7789714, "spark.memory.fraction": 0.6689666970715332, "spark.memory.offHeap.enabled": 0.09958368342077295, "spark.memory.offHeap.size": 617.7208667445886, "spark.memory.storageFraction": 0.7605713805042754, "spark.rdd.compress": 0.18404216015353847, "spark.reducer.maxBlocksInFlightPerAddress": 1807966824.1647215, "spark.reducer.maxReqsInFlight": 1075737132.5219293, "spark.reducer.maxSizeInFlight": 58.117859729311924, "spark.scheduler.mode": 0.3259308966052412, "spark.scheduler.revive.interval": 504.68235695153714, "spark.shuffle.compress": 0.0680912561388779, "spark.shuffle.file.buffer": 42.56956124369073, "spark.shuffle.io.numConnectionsPerPeer": 1.330353016796764, "spark.shuffle.sort.bypassMergeThreshold": 243.3821174566405, "spark.storage.memoryFraction": 0.6694611456303836, "spark.storage.memoryMapThreshold": 1.6431824551154701}, "datetime": {"datetime": "2022-01-31 07:08:14", "elapsed": 26132.942677, "delta": 168.561529}}
{"target": -177.032, "params": {"spark.broadcast.blockSize": 50.097672072418646, "spark.broadcast.checksum": 0.6583188252083332, "spark.broadcast.compress": 0.43748951388045565, "spark.default.parallelism": 227.20926965549452, "spark.executor.cores": 3.085974311962611, "spark.executor.instances": 7.951014783969104, "spark.executor.memory": 5.862657611817875, "spark.executor.memoryOverhead": 859.7793406070034, "spark.kryoserializer.buffer": 86.48554240275499, "spark.kryoserializer.buffer.max": 114.04984869761795, "spark.locality.wait": 4.381319734523406, "spark.maxRemoteBlockSizeFetchToMem": 1777308762.0776818, "spark.memory.fraction": 0.8913258452581982, "spark.memory.offHeap.enabled": 0.22651843651360137, "spark.memory.offHeap.size": 523.694993685626, "spark.memory.storageFraction": 0.6962935294981597, "spark.rdd.compress": 0.407161517431186, "spark.reducer.maxBlocksInFlightPerAddress": 1648763678.4986773, "spark.reducer.maxReqsInFlight": 1465678566.646749, "spark.reducer.maxSizeInFlight": 49.680558241576975, "spark.scheduler.mode": 0.8073291176682089, "spark.scheduler.revive.interval": 920.3510962021742, "spark.shuffle.compress": 0.054187102814113985, "spark.shuffle.file.buffer": 28.935015130243723, "spark.shuffle.io.numConnectionsPerPeer": 4.7734636868742255, "spark.shuffle.sort.bypassMergeThreshold": 316.59284338741986, "spark.storage.memoryFraction": 0.7024114744647181, "spark.storage.memoryMapThreshold": 1.1080474602593426}, "datetime": {"datetime": "2022-01-31 07:11:20", "elapsed": 26318.804003, "delta": 185.861326}}
{"target": -188.556, "params": {"spark.broadcast.blockSize": 45.120211606957454, "spark.broadcast.checksum": 0.0907538753011431, "spark.broadcast.compress": 0.10468416714699591, "spark.default.parallelism": 267.8782628618984, "spark.executor.cores": 3.706297696796837, "spark.executor.instances": 7.077858679717121, "spark.executor.memory": 3.0590831975667068, "spark.executor.memoryOverhead": 623.0404202433053, "spark.kryoserializer.buffer": 46.66231095899282, "spark.kryoserializer.buffer.max": 45.99148615194615, "spark.locality.wait": 4.7038074353404316, "spark.maxRemoteBlockSizeFetchToMem": 1898695992.1016266, "spark.memory.fraction": 0.8529678599705018, "spark.memory.offHeap.enabled": 0.6210599776928425, "spark.memory.offHeap.size": 658.276041081805, "spark.memory.storageFraction": 0.8619487467916257, "spark.rdd.compress": 0.036315466377068506, "spark.reducer.maxBlocksInFlightPerAddress": 2069032481.2515478, "spark.reducer.maxReqsInFlight": 1310819540.824705, "spark.reducer.maxSizeInFlight": 53.280906318429906, "spark.scheduler.mode": 0.18041364527881454, "spark.scheduler.revive.interval": 665.7139654007599, "spark.shuffle.compress": 0.08055482813052295, "spark.shuffle.file.buffer": 26.111733336638146, "spark.shuffle.io.numConnectionsPerPeer": 1.6553689482714473, "spark.shuffle.sort.bypassMergeThreshold": 264.9264025417411, "spark.storage.memoryFraction": 0.8501282078176167, "spark.storage.memoryMapThreshold": 1.2035682170708846}, "datetime": {"datetime": "2022-01-31 07:14:37", "elapsed": 26516.293631, "delta": 197.489628}}
{"target": -182.044, "params": {"spark.broadcast.blockSize": 33.63196148619089, "spark.broadcast.checksum": 0.4153718066768458, "spark.broadcast.compress": 0.5574177642595944, "spark.default.parallelism": 207.83806242572024, "spark.executor.cores": 3.779041541277514, "spark.executor.instances": 6.956658962206993, "spark.executor.memory": 5.7085172713514805, "spark.executor.memoryOverhead": 565.384651133829, "spark.kryoserializer.buffer": 48.25081131246991, "spark.kryoserializer.buffer.max": 106.76922460511112, "spark.locality.wait": 5.099529034660787, "spark.maxRemoteBlockSizeFetchToMem": 1231014091.6648996, "spark.memory.fraction": 0.8595503113353657, "spark.memory.offHeap.enabled": 0.7236603594651357, "spark.memory.offHeap.size": 679.3254060674158, "spark.memory.storageFraction": 0.8401337377888793, "spark.rdd.compress": 0.6998503411152323, "spark.reducer.maxBlocksInFlightPerAddress": 1652238752.6957817, "spark.reducer.maxReqsInFlight": 1097123672.3434658, "spark.reducer.maxSizeInFlight": 64.84541974236905, "spark.scheduler.mode": 0.061869833331775204, "spark.scheduler.revive.interval": 664.7557212600108, "spark.shuffle.compress": 0.014277190329504585, "spark.shuffle.file.buffer": 22.811178351554325, "spark.shuffle.io.numConnectionsPerPeer": 4.916757432795503, "spark.shuffle.sort.bypassMergeThreshold": 310.09677441987884, "spark.storage.memoryFraction": 0.7978469112463614, "spark.storage.memoryMapThreshold": 1.0884060635135235}, "datetime": {"datetime": "2022-01-31 07:17:48", "elapsed": 26707.045502, "delta": 190.751871}}
{"target": -147.297, "params": {"spark.broadcast.blockSize": 46.4407024363124, "spark.broadcast.checksum": 0.016751597951864428, "spark.broadcast.compress": 0.6256531312478584, "spark.default.parallelism": 290.8678420045667, "spark.executor.cores": 3.92780238881383, "spark.executor.instances": 6.608955470032344, "spark.executor.memory": 6.543054240452376, "spark.executor.memoryOverhead": 757.968913357543, "spark.kryoserializer.buffer": 60.784366302269774, "spark.kryoserializer.buffer.max": 108.82137033081482, "spark.locality.wait": 8.300085056997844, "spark.maxRemoteBlockSizeFetchToMem": 1645322514.311524, "spark.memory.fraction": 0.8224681116053594, "spark.memory.offHeap.enabled": 0.2855699344938042, "spark.memory.offHeap.size": 592.5996161578097, "spark.memory.storageFraction": 0.7187335034174913, "spark.rdd.compress": 0.4159607201310439, "spark.reducer.maxBlocksInFlightPerAddress": 2031120995.2036147, "spark.reducer.maxReqsInFlight": 1594734365.0264325, "spark.reducer.maxSizeInFlight": 71.56954902284636, "spark.scheduler.mode": 0.791570859240128, "spark.scheduler.revive.interval": 599.9167124348126, "spark.shuffle.compress": 0.08225308839924739, "spark.shuffle.file.buffer": 28.254452730250758, "spark.shuffle.io.numConnectionsPerPeer": 2.8802436090062336, "spark.shuffle.sort.bypassMergeThreshold": 262.1409313202272, "spark.storage.memoryFraction": 0.8563236237128395, "spark.storage.memoryMapThreshold": 3.853370580366655}, "datetime": {"datetime": "2022-01-31 07:20:24", "elapsed": 26863.273004, "delta": 156.227502}}
{"target": -186.578, "params": {"spark.broadcast.blockSize": 39.27972151644778, "spark.broadcast.checksum": 0.4614387059877253, "spark.broadcast.compress": 0.7664160824157596, "spark.default.parallelism": 326.325842080494, "spark.executor.cores": 3.631990878039881, "spark.executor.instances": 5.66594900772326, "spark.executor.memory": 6.335356684806314, "spark.executor.memoryOverhead": 644.8112030663592, "spark.kryoserializer.buffer": 51.11397994435019, "spark.kryoserializer.buffer.max": 54.77391867065285, "spark.locality.wait": 9.517244910982207, "spark.maxRemoteBlockSizeFetchToMem": 1840522759.7328386, "spark.memory.fraction": 0.8626794651961514, "spark.memory.offHeap.enabled": 0.20736430102366676, "spark.memory.offHeap.size": 779.4540739765227, "spark.memory.storageFraction": 0.8603389879686979, "spark.rdd.compress": 0.238658428128957, "spark.reducer.maxBlocksInFlightPerAddress": 1910618364.3113754, "spark.reducer.maxReqsInFlight": 1215464222.4128704, "spark.reducer.maxSizeInFlight": 58.34542390918181, "spark.scheduler.mode": 0.1859617808879931, "spark.scheduler.revive.interval": 675.6406536468597, "spark.shuffle.compress": 0.6267486189679212, "spark.shuffle.file.buffer": 46.68148327184697, "spark.shuffle.io.numConnectionsPerPeer": 1.9423764923693523, "spark.shuffle.sort.bypassMergeThreshold": 318.3741246549016, "spark.storage.memoryFraction": 0.8506099772228826, "spark.storage.memoryMapThreshold": 1.1630358571628843}, "datetime": {"datetime": "2022-01-31 07:23:40", "elapsed": 27059.006886, "delta": 195.733882}}
