{"target": -176.164, "params": {"spark.broadcast.blockSize": 50.49092692916146, "spark.broadcast.checksum": 0.1356390680665629, "spark.broadcast.compress": 0.27695421173046975, "spark.default.parallelism": 442.63126738501796, "spark.executor.cores": 3.916073964711358, "spark.executor.instances": 5.892315976492682, "spark.executor.memory": 4.279611661767997, "spark.executor.memoryOverhead": 738.7681114759042, "spark.kryoserializer.buffer": 62.69501127483112, "spark.kryoserializer.buffer.max": 40.45789454578882, "spark.locality.wait": 8.62796826788979, "spark.maxRemoteBlockSizeFetchToMem": 1901282159.122589, "spark.memory.fraction": 0.6989809901195875, "spark.memory.offHeap.enabled": 0.3335903455824476, "spark.memory.offHeap.size": 950.0374330572296, "spark.memory.storageFraction": 0.7917690996850144, "spark.rdd.compress": 0.07067141852282599, "spark.reducer.maxBlocksInFlightPerAddress": 1320273069.4912415, "spark.reducer.maxReqsInFlight": 1478190173.373537, "spark.reducer.maxSizeInFlight": 54.45859630243382, "spark.scheduler.mode": 0.3236040651792208, "spark.scheduler.revive.interval": 501.2469265754697, "spark.shuffle.compress": 0.22112258837988463, "spark.shuffle.file.buffer": 35.35916859310876, "spark.shuffle.io.numConnectionsPerPeer": 3.9119934293691965, "spark.shuffle.sort.bypassMergeThreshold": 242.23066527669624, "spark.storage.memoryFraction": 0.7882848986442264, "spark.storage.memoryMapThreshold": 2.5925037873718466}, "datetime": {"datetime": "2022-01-31 05:33:52", "elapsed": 20471.418046, "delta": 184.953247}}
{"target": -153.819, "params": {"spark.broadcast.blockSize": 35.93863427736033, "spark.broadcast.checksum": 0.09239451828695, "spark.broadcast.compress": 0.5356934954228312, "spark.default.parallelism": 282.8743612762193, "spark.executor.cores": 3.9757338167665206, "spark.executor.instances": 7.2450954848353835, "spark.executor.memory": 3.3445369040812296, "spark.executor.memoryOverhead": 789.2259770520027, "spark.kryoserializer.buffer": 96.80374417256978, "spark.kryoserializer.buffer.max": 62.999790214366016, "spark.locality.wait": 6.505697243407875, "spark.maxRemoteBlockSizeFetchToMem": 1863252285.8890479, "spark.memory.fraction": 0.6756720186736228, "spark.memory.offHeap.enabled": 0.20776999642527338, "spark.memory.offHeap.size": 776.2145732238962, "spark.memory.storageFraction": 0.8746261554719712, "spark.rdd.compress": 0.4436883525317432, "spark.reducer.maxBlocksInFlightPerAddress": 1846132235.313912, "spark.reducer.maxReqsInFlight": 1139781446.1471565, "spark.reducer.maxSizeInFlight": 65.9529243745959, "spark.scheduler.mode": 0.4050788347162073, "spark.scheduler.revive.interval": 925.0140202192194, "spark.shuffle.compress": 0.024101852238898935, "spark.shuffle.file.buffer": 47.16739117521992, "spark.shuffle.io.numConnectionsPerPeer": 4.995373170875649, "spark.shuffle.sort.bypassMergeThreshold": 220.56746371222835, "spark.storage.memoryFraction": 0.8798410899403537, "spark.storage.memoryMapThreshold": 2.3895648096140705}, "datetime": {"datetime": "2022-01-31 05:36:35", "elapsed": 20633.991266, "delta": 162.57322}}
{"target": -158.913, "params": {"spark.broadcast.blockSize": 43.37998573002466, "spark.broadcast.checksum": 0.33780241227851715, "spark.broadcast.compress": 0.22363139171780388, "spark.default.parallelism": 311.9477346451504, "spark.executor.cores": 3.5456516115911, "spark.executor.instances": 7.557969460400219, "spark.executor.memory": 4.923063523952949, "spark.executor.memoryOverhead": 730.3378315828534, "spark.kryoserializer.buffer": 68.72402964082565, "spark.kryoserializer.buffer.max": 108.97056419444345, "spark.locality.wait": 5.381761675031932, "spark.maxRemoteBlockSizeFetchToMem": 1287729314.8923247, "spark.memory.fraction": 0.7668918186359304, "spark.memory.offHeap.enabled": 0.2639043534301928, "spark.memory.offHeap.size": 563.4184764119776, "spark.memory.storageFraction": 0.7692002761532685, "spark.rdd.compress": 0.8154706454401622, "spark.reducer.maxBlocksInFlightPerAddress": 1821667664.7839708, "spark.reducer.maxReqsInFlight": 1242543277.3239224, "spark.reducer.maxSizeInFlight": 54.28392036784482, "spark.scheduler.mode": 0.776432537182581, "spark.scheduler.revive.interval": 708.0456868243593, "spark.shuffle.compress": 0.1363727403797872, "spark.shuffle.file.buffer": 46.06632965499928, "spark.shuffle.io.numConnectionsPerPeer": 2.6371889568909612, "spark.shuffle.sort.bypassMergeThreshold": 287.6618946220284, "spark.storage.memoryFraction": 0.8939269709350022, "spark.storage.memoryMapThreshold": 3.1607049456467458}, "datetime": {"datetime": "2022-01-31 05:39:23", "elapsed": 20801.849379, "delta": 167.858113}}
{"target": -153.313, "params": {"spark.broadcast.blockSize": 50.66108042969935, "spark.broadcast.checksum": 0.18592928352925508, "spark.broadcast.compress": 0.3449605120913284, "spark.default.parallelism": 249.46400268822134, "spark.executor.cores": 3.5261018834096327, "spark.executor.instances": 7.084006261877154, "spark.executor.memory": 5.528313028225117, "spark.executor.memoryOverhead": 813.8681446551702, "spark.kryoserializer.buffer": 110.74265077976274, "spark.kryoserializer.buffer.max": 69.65280654369528, "spark.locality.wait": 8.012533328182506, "spark.maxRemoteBlockSizeFetchToMem": 1881616208.8659792, "spark.memory.fraction": 0.8945633077577431, "spark.memory.offHeap.enabled": 0.09853965467990267, "spark.memory.offHeap.size": 549.0659044223487, "spark.memory.storageFraction": 0.7005723769297946, "spark.rdd.compress": 0.7390146708998682, "spark.reducer.maxBlocksInFlightPerAddress": 1805274315.3823442, "spark.reducer.maxReqsInFlight": 1258499585.2829392, "spark.reducer.maxSizeInFlight": 42.556371451955556, "spark.scheduler.mode": 0.8250400354894087, "spark.scheduler.revive.interval": 704.2183427706441, "spark.shuffle.compress": 0.09287471021849569, "spark.shuffle.file.buffer": 47.29862369290433, "spark.shuffle.io.numConnectionsPerPeer": 3.0759600405838783, "spark.shuffle.sort.bypassMergeThreshold": 312.6366625146892, "spark.storage.memoryFraction": 0.7889967175509786, "spark.storage.memoryMapThreshold": 2.185069400676949}, "datetime": {"datetime": "2022-01-31 05:42:05", "elapsed": 20964.015254, "delta": 162.165875}}
{"target": -174.781, "params": {"spark.broadcast.blockSize": 38.39204593964166, "spark.broadcast.checksum": 0.07569327196574938, "spark.broadcast.compress": 0.33253024692573774, "spark.default.parallelism": 267.3304392979445, "spark.executor.cores": 3.7798495017558777, "spark.executor.instances": 7.107635655217399, "spark.executor.memory": 5.513319053721367, "spark.executor.memoryOverhead": 673.3952934931026, "spark.kryoserializer.buffer": 59.97874486630518, "spark.kryoserializer.buffer.max": 76.00104141401332, "spark.locality.wait": 7.547319572131196, "spark.maxRemoteBlockSizeFetchToMem": 1706225846.514995, "spark.memory.fraction": 0.7386363383608389, "spark.memory.offHeap.enabled": 0.19478443685189595, "spark.memory.offHeap.size": 603.9625456926241, "spark.memory.storageFraction": 0.8433325426518938, "spark.rdd.compress": 0.8778434419341107, "spark.reducer.maxBlocksInFlightPerAddress": 1982771350.7145483, "spark.reducer.maxReqsInFlight": 1387934914.5012593, "spark.reducer.maxSizeInFlight": 48.93443590493378, "spark.scheduler.mode": 0.5024932632545772, "spark.scheduler.revive.interval": 647.2005591058266, "spark.shuffle.compress": 0.1580604918793428, "spark.shuffle.file.buffer": 46.877200329096155, "spark.shuffle.io.numConnectionsPerPeer": 2.4793432938870095, "spark.shuffle.sort.bypassMergeThreshold": 312.9928917532253, "spark.storage.memoryFraction": 0.658954929461951, "spark.storage.memoryMapThreshold": 1.5368474391173623}, "datetime": {"datetime": "2022-01-31 05:45:08", "elapsed": 21147.529731, "delta": 183.514477}}
{"target": -185.792, "params": {"spark.broadcast.blockSize": 57.453164676252555, "spark.broadcast.checksum": 0.28445844384737784, "spark.broadcast.compress": 0.0894680447888001, "spark.default.parallelism": 267.5591460758318, "spark.executor.cores": 3.2764666036779895, "spark.executor.instances": 7.894818028929857, "spark.executor.memory": 6.046874837459166, "spark.executor.memoryOverhead": 537.0062119909237, "spark.kryoserializer.buffer": 39.8466982609922, "spark.kryoserializer.buffer.max": 36.91460315058901, "spark.locality.wait": 6.9050071718147406, "spark.maxRemoteBlockSizeFetchToMem": 1912111274.1669245, "spark.memory.fraction": 0.7927685983763233, "spark.memory.offHeap.enabled": 0.40728899887626635, "spark.memory.offHeap.size": 705.0457040457889, "spark.memory.storageFraction": 0.7986965543201532, "spark.rdd.compress": 0.785804173390162, "spark.reducer.maxBlocksInFlightPerAddress": 1436486777.966454, "spark.reducer.maxReqsInFlight": 1223713535.6705937, "spark.reducer.maxSizeInFlight": 45.71027390029994, "spark.scheduler.mode": 0.6786952221918039, "spark.scheduler.revive.interval": 752.0695457937176, "spark.shuffle.compress": 0.11559509481476293, "spark.shuffle.file.buffer": 43.39326919686164, "spark.shuffle.io.numConnectionsPerPeer": 3.6096891032694427, "spark.shuffle.sort.bypassMergeThreshold": 285.9137024395865, "spark.storage.memoryFraction": 0.884061411040805, "spark.storage.memoryMapThreshold": 2.9248380197006085}, "datetime": {"datetime": "2022-01-31 05:48:23", "elapsed": 21342.017974, "delta": 194.488243}}
{"target": -155.25, "params": {"spark.broadcast.blockSize": 48.92117959788463, "spark.broadcast.checksum": 0.18458636637104442, "spark.broadcast.compress": 0.5543641076607323, "spark.default.parallelism": 244.82947002317792, "spark.executor.cores": 3.891968866528469, "spark.executor.instances": 7.765118718334628, "spark.executor.memory": 6.294585880679273, "spark.executor.memoryOverhead": 432.8102478732352, "spark.kryoserializer.buffer": 124.21429709254824, "spark.kryoserializer.buffer.max": 46.16723725868131, "spark.locality.wait": 6.071608054373472, "spark.maxRemoteBlockSizeFetchToMem": 1455101361.7722192, "spark.memory.fraction": 0.8398547451217302, "spark.memory.offHeap.enabled": 0.7084601920551405, "spark.memory.offHeap.size": 548.0285290820761, "spark.memory.storageFraction": 0.7492654968224862, "spark.rdd.compress": 0.5788461837754437, "spark.reducer.maxBlocksInFlightPerAddress": 1442455966.3169813, "spark.reducer.maxReqsInFlight": 1518673243.2566676, "spark.reducer.maxSizeInFlight": 40.52655921568001, "spark.scheduler.mode": 0.30541663077274883, "spark.scheduler.revive.interval": 843.3003003806549, "spark.shuffle.compress": 0.013133787144193887, "spark.shuffle.file.buffer": 33.420716480471896, "spark.shuffle.io.numConnectionsPerPeer": 3.8742792860077033, "spark.shuffle.sort.bypassMergeThreshold": 260.4019419227073, "spark.storage.memoryFraction": 0.8693113556651983, "spark.storage.memoryMapThreshold": 3.24680142062771}, "datetime": {"datetime": "2022-01-31 05:51:07", "elapsed": 21506.293434, "delta": 164.27546}}
{"target": -161.603, "params": {"spark.broadcast.blockSize": 47.53308499881105, "spark.broadcast.checksum": 0.7684703161246386, "spark.broadcast.compress": 0.2499945652053761, "spark.default.parallelism": 213.72653127717314, "spark.executor.cores": 3.978824666232579, "spark.executor.instances": 7.811643638785195, "spark.executor.memory": 3.2879122663952014, "spark.executor.memoryOverhead": 840.040635296588, "spark.kryoserializer.buffer": 101.47499389160816, "spark.kryoserializer.buffer.max": 37.16330878063614, "spark.locality.wait": 7.862681339204563, "spark.maxRemoteBlockSizeFetchToMem": 1598242640.1619117, "spark.memory.fraction": 0.5617280812583831, "spark.memory.offHeap.enabled": 0.3253772646360048, "spark.memory.offHeap.size": 855.0805380621728, "spark.memory.storageFraction": 0.5818429578849245, "spark.rdd.compress": 0.7203339193088716, "spark.reducer.maxBlocksInFlightPerAddress": 1323282767.3746958, "spark.reducer.maxReqsInFlight": 1141740654.078495, "spark.reducer.maxSizeInFlight": 34.843431430433405, "spark.scheduler.mode": 0.8286659201051298, "spark.scheduler.revive.interval": 851.3821066270007, "spark.shuffle.compress": 0.3145024683424179, "spark.shuffle.file.buffer": 43.06782391282418, "spark.shuffle.io.numConnectionsPerPeer": 4.944742948237792, "spark.shuffle.sort.bypassMergeThreshold": 220.83221151922115, "spark.storage.memoryFraction": 0.8085775546475813, "spark.storage.memoryMapThreshold": 1.8547550310634309}, "datetime": {"datetime": "2022-01-31 05:53:58", "elapsed": 21676.885299, "delta": 170.591865}}
{"target": -155.352, "params": {"spark.broadcast.blockSize": 47.47539607160255, "spark.broadcast.checksum": 0.1809175883321752, "spark.broadcast.compress": 0.48818309622689127, "spark.default.parallelism": 377.04320488336026, "spark.executor.cores": 3.6263046546100144, "spark.executor.instances": 6.563749543588665, "spark.executor.memory": 3.9964530227053703, "spark.executor.memoryOverhead": 785.5225060654889, "spark.kryoserializer.buffer": 59.83992182344351, "spark.kryoserializer.buffer.max": 41.351627947643564, "spark.locality.wait": 6.23530531951899, "spark.maxRemoteBlockSizeFetchToMem": 1186358244.6760101, "spark.memory.fraction": 0.857934286647129, "spark.memory.offHeap.enabled": 0.43747637799421757, "spark.memory.offHeap.size": 693.8536306517781, "spark.memory.storageFraction": 0.7711661515614631, "spark.rdd.compress": 0.36364378175730105, "spark.reducer.maxBlocksInFlightPerAddress": 1289777314.7362082, "spark.reducer.maxReqsInFlight": 1361463091.9997396, "spark.reducer.maxSizeInFlight": 59.3779357328879, "spark.scheduler.mode": 0.8459002179477252, "spark.scheduler.revive.interval": 799.5473121663699, "spark.shuffle.compress": 0.10726017707264901, "spark.shuffle.file.buffer": 36.37308316740362, "spark.shuffle.io.numConnectionsPerPeer": 4.274900038434738, "spark.shuffle.sort.bypassMergeThreshold": 269.3477125787405, "spark.storage.memoryFraction": 0.8820595525977573, "spark.storage.memoryMapThreshold": 3.428576070468663}, "datetime": {"datetime": "2022-01-31 05:56:42", "elapsed": 21841.119706, "delta": 164.234407}}
{"target": -149.001, "params": {"spark.broadcast.blockSize": 32.19522023345412, "spark.broadcast.checksum": 0.023095529051726738, "spark.broadcast.compress": 0.3516768070634314, "spark.default.parallelism": 389.632704679638, "spark.executor.cores": 3.570078184343045, "spark.executor.instances": 6.954762981327991, "spark.executor.memory": 6.61917437569936, "spark.executor.memoryOverhead": 599.4961359004758, "spark.kryoserializer.buffer": 58.04259274945578, "spark.kryoserializer.buffer.max": 33.53805235224159, "spark.locality.wait": 5.851552468639147, "spark.maxRemoteBlockSizeFetchToMem": 1431118992.7252774, "spark.memory.fraction": 0.8672934873203214, "spark.memory.offHeap.enabled": 0.30320834375229466, "spark.memory.offHeap.size": 601.1578978725452, "spark.memory.storageFraction": 0.8541526928525986, "spark.rdd.compress": 0.3715137171181959, "spark.reducer.maxBlocksInFlightPerAddress": 1538306478.5760555, "spark.reducer.maxReqsInFlight": 1130462054.127902, "spark.reducer.maxSizeInFlight": 53.23087794341954, "spark.scheduler.mode": 0.5059315501098042, "spark.scheduler.revive.interval": 700.8813852720536, "spark.shuffle.compress": 0.14287018144515806, "spark.shuffle.file.buffer": 40.62667450981874, "spark.shuffle.io.numConnectionsPerPeer": 4.607556948639855, "spark.shuffle.sort.bypassMergeThreshold": 266.57764778898945, "spark.storage.memoryFraction": 0.7245506219606463, "spark.storage.memoryMapThreshold": 2.486692194808362}, "datetime": {"datetime": "2022-01-31 05:59:20", "elapsed": 21998.762286, "delta": 157.64258}}
{"target": -178.532, "params": {"spark.broadcast.blockSize": 39.804562069649755, "spark.broadcast.checksum": 0.061587661914324965, "spark.broadcast.compress": 0.0817618867036991, "spark.default.parallelism": 273.1428771619312, "spark.executor.cores": 3.2790577942862713, "spark.executor.instances": 7.070632219535838, "spark.executor.memory": 6.682822091913154, "spark.executor.memoryOverhead": 665.466965387266, "spark.kryoserializer.buffer": 92.60200257740118, "spark.kryoserializer.buffer.max": 40.62127848972559, "spark.locality.wait": 8.330902657267057, "spark.maxRemoteBlockSizeFetchToMem": 1107266159.923462, "spark.memory.fraction": 0.8798176211678175, "spark.memory.offHeap.enabled": 0.06687571300641304, "spark.memory.offHeap.size": 874.9199806383513, "spark.memory.storageFraction": 0.7025494186718824, "spark.rdd.compress": 0.4797847245214145, "spark.reducer.maxBlocksInFlightPerAddress": 2070146903.8290343, "spark.reducer.maxReqsInFlight": 1448181612.6260605, "spark.reducer.maxSizeInFlight": 68.05303667999866, "spark.scheduler.mode": 0.6846408272320824, "spark.scheduler.revive.interval": 791.0602956153168, "spark.shuffle.compress": 0.11395809275065616, "spark.shuffle.file.buffer": 23.69849504423661, "spark.shuffle.io.numConnectionsPerPeer": 4.663666780184844, "spark.shuffle.sort.bypassMergeThreshold": 276.42030813620636, "spark.storage.memoryFraction": 0.8097214755419087, "spark.storage.memoryMapThreshold": 3.5523910946460227}, "datetime": {"datetime": "2022-01-31 06:02:27", "elapsed": 22186.383879, "delta": 187.621593}}
{"target": -153.714, "params": {"spark.broadcast.blockSize": 54.93938629013276, "spark.broadcast.checksum": 0.43422693653214695, "spark.broadcast.compress": 0.4057918066744636, "spark.default.parallelism": 289.47937038240593, "spark.executor.cores": 3.986022030754733, "spark.executor.instances": 7.634725840749791, "spark.executor.memory": 6.5530671185584435, "spark.executor.memoryOverhead": 762.7165476956175, "spark.kryoserializer.buffer": 32.56014680204694, "spark.kryoserializer.buffer.max": 64.33937877577301, "spark.locality.wait": 5.568002296642872, "spark.maxRemoteBlockSizeFetchToMem": 2027564853.339625, "spark.memory.fraction": 0.7376493216921608, "spark.memory.offHeap.enabled": 0.2941912989550881, "spark.memory.offHeap.size": 771.7049706086716, "spark.memory.storageFraction": 0.6065693572085978, "spark.rdd.compress": 0.08618101156262503, "spark.reducer.maxBlocksInFlightPerAddress": 1500392110.8892887, "spark.reducer.maxReqsInFlight": 1083233664.340099, "spark.reducer.maxSizeInFlight": 37.92707392137491, "spark.scheduler.mode": 0.3399236087471911, "spark.scheduler.revive.interval": 823.4736328334525, "spark.shuffle.compress": 0.07237255227007844, "spark.shuffle.file.buffer": 35.48012777147212, "spark.shuffle.io.numConnectionsPerPeer": 2.793284211008736, "spark.shuffle.sort.bypassMergeThreshold": 253.98649717235378, "spark.storage.memoryFraction": 0.7997237985599306, "spark.storage.memoryMapThreshold": 1.5758389551494125}, "datetime": {"datetime": "2022-01-31 06:05:10", "elapsed": 22348.819294, "delta": 162.435415}}
{"target": -183.261, "params": {"spark.broadcast.blockSize": 43.00415451230488, "spark.broadcast.checksum": 0.7175358486090577, "spark.broadcast.compress": 0.2625121941140053, "spark.default.parallelism": 329.51987801087137, "spark.executor.cores": 3.5422239149916166, "spark.executor.instances": 6.680813756065984, "spark.executor.memory": 6.771515049368325, "spark.executor.memoryOverhead": 744.8589883681977, "spark.kryoserializer.buffer": 61.221240676659036, "spark.kryoserializer.buffer.max": 72.74169261560954, "spark.locality.wait": 4.662111151289214, "spark.maxRemoteBlockSizeFetchToMem": 1427194213.296302, "spark.memory.fraction": 0.7975268578389936, "spark.memory.offHeap.enabled": 0.14360856086314444, "spark.memory.offHeap.size": 626.065782999218, "spark.memory.storageFraction": 0.734547611247667, "spark.rdd.compress": 0.2801610802789014, "spark.reducer.maxBlocksInFlightPerAddress": 1723586156.440858, "spark.reducer.maxReqsInFlight": 1198920614.6509738, "spark.reducer.maxSizeInFlight": 59.33029509810913, "spark.scheduler.mode": 0.20572436266170624, "spark.scheduler.revive.interval": 704.7370346103005, "spark.shuffle.compress": 0.016087580359768983, "spark.shuffle.file.buffer": 31.521922035725947, "spark.shuffle.io.numConnectionsPerPeer": 4.429187075691326, "spark.shuffle.sort.bypassMergeThreshold": 212.12444755135638, "spark.storage.memoryFraction": 0.794278310735445, "spark.storage.memoryMapThreshold": 2.745234980154954}, "datetime": {"datetime": "2022-01-31 06:08:22", "elapsed": 22540.947966, "delta": 192.128672}}
{"target": -176.225, "params": {"spark.broadcast.blockSize": 47.84622153515914, "spark.broadcast.checksum": 0.14419821200896454, "spark.broadcast.compress": 0.1062472074796913, "spark.default.parallelism": 283.26732912262526, "spark.executor.cores": 3.7080344296585537, "spark.executor.instances": 6.256454028404029, "spark.executor.memory": 6.724049721286511, "spark.executor.memoryOverhead": 854.0417054187617, "spark.kryoserializer.buffer": 110.44140767966528, "spark.kryoserializer.buffer.max": 32.69591607757926, "spark.locality.wait": 7.60520430496367, "spark.maxRemoteBlockSizeFetchToMem": 1503132273.4151113, "spark.memory.fraction": 0.8393413890707382, "spark.memory.offHeap.enabled": 0.1963483578343147, "spark.memory.offHeap.size": 540.5050721061408, "spark.memory.storageFraction": 0.8159623208427964, "spark.rdd.compress": 0.8810032971477438, "spark.reducer.maxBlocksInFlightPerAddress": 1672374268.2409375, "spark.reducer.maxReqsInFlight": 1620496846.9194584, "spark.reducer.maxSizeInFlight": 37.53921497264254, "spark.scheduler.mode": 0.8356129453415357, "spark.scheduler.revive.interval": 705.2234503138691, "spark.shuffle.compress": 0.010544909040354544, "spark.shuffle.file.buffer": 28.810671237544348, "spark.shuffle.io.numConnectionsPerPeer": 3.3093261275997303, "spark.shuffle.sort.bypassMergeThreshold": 265.05683732219757, "spark.storage.memoryFraction": 0.8993206752539973, "spark.storage.memoryMapThreshold": 1.4419624624548044}, "datetime": {"datetime": "2022-01-31 06:11:27", "elapsed": 22725.836093, "delta": 184.888127}}
