{"target": -522.023, "params": {"spark.broadcast.blockSize": 45.34470415048237, "spark.broadcast.checksum": 0.7203244934421581, "spark.broadcast.compress": 0.00011437481734488664, "spark.default.parallelism": 290.69977178955196, "spark.executor.cores": 1.440267672451339, "spark.executor.instances": 4.369354379075191, "spark.executor.memory": 3.7450408455106836, "spark.executor.memoryOverhead": 554.3614384322225, "spark.kryoserializer.buffer": 70.08967752614431, "spark.kryoserializer.buffer.max": 83.72640646432227, "spark.locality.wait": 6.515167086419769, "spark.maxRemoteBlockSizeFetchToMem": 1809490227.7801933, "spark.memory.fraction": 0.581780899892607, "spark.memory.offHeap.enabled": 0.8781174363909454, "spark.memory.offHeap.size": 526.0224477173382, "spark.memory.storageFraction": 0.768187004071361, "spark.rdd.compress": 0.41730480236712697, "spark.reducer.maxBlocksInFlightPerAddress": 1673630458.4455886, "spark.reducer.maxReqsInFlight": 1224481150.5130224, "spark.reducer.maxSizeInFlight": 33.508871476074184, "spark.scheduler.mode": 0.8007445686755367, "spark.scheduler.revive.interval": 984.1307878596988, "spark.shuffle.compress": 0.31342417815924284, "spark.shuffle.file.buffer": 38.15432370141805, "spark.shuffle.io.numConnectionsPerPeer": 4.505556609184153, "spark.shuffle.sort.bypassMergeThreshold": 328.9213327007694, "spark.storage.memoryFraction": 0.5340176845479112, "spark.storage.memoryMapThreshold": 1.1171643496986472}, "datetime": {"datetime": "2022-01-30 23:52:41", "elapsed": 0.0, "delta": 0.0}}
{"target": -175.992, "params": {"spark.broadcast.blockSize": 37.43457342606621, "spark.broadcast.checksum": 0.8781425034294131, "spark.broadcast.compress": 0.0983468338330501, "spark.default.parallelism": 326.3322875015157, "spark.executor.cores": 3.873668590451506, "spark.executor.instances": 6.132661139892068, "spark.executor.memory": 5.767508455801893, "spark.executor.memoryOverhead": 539.549206085989, "spark.kryoserializer.buffer": 97.90408905743203, "spark.kryoserializer.buffer.max": 112.1240645021478, "spark.locality.wait": 4.109729664065151, "spark.maxRemoteBlockSizeFetchToMem": 1879202699.955295, "spark.memory.fraction": 0.8955444355625979, "spark.memory.offHeap.enabled": 0.7481656543798394, "spark.memory.offHeap.size": 655.5873239369755, "spark.memory.storageFraction": 0.8157117313805955, "spark.rdd.compress": 0.10322600657764203, "spark.reducer.maxBlocksInFlightPerAddress": 1554663834.7539082, "spark.reducer.maxReqsInFlight": 2049338815.7693782, "spark.reducer.maxSizeInFlight": 38.09347912193662, "spark.scheduler.mode": 0.28777533858634874, "spark.scheduler.revive.interval": 565.0142860591388, "spark.shuffle.compress": 0.019366957870297075, "spark.shuffle.file.buffer": 37.72273705407651, "spark.shuffle.io.numConnectionsPerPeer": 1.8465124640002362, "spark.shuffle.sort.bypassMergeThreshold": 203.10933187444525, "spark.storage.memoryFraction": 0.6966292637121353, "spark.storage.memoryMapThreshold": 1.1600876353512413}, "datetime": {"datetime": "2022-01-30 23:55:45", "elapsed": 184.519998, "delta": 184.519998}}
{"target": -378.495, "params": {"spark.broadcast.blockSize": 50.37176337574442, "spark.broadcast.checksum": 0.14672857490581015, "spark.broadcast.compress": 0.5893055369032842, "spark.default.parallelism": 409.92750800627937, "spark.executor.cores": 1.3070032864834775, "spark.executor.instances": 5.656223951278273, "spark.executor.memory": 5.77760063091098, "spark.executor.memoryOverhead": 588.190379876763, "spark.kryoserializer.buffer": 36.795532058824364, "spark.kryoserializer.buffer.max": 83.44605496788911, "spark.locality.wait": 7.982767871318733, "spark.maxRemoteBlockSizeFetchToMem": 1626599409.527616, "spark.memory.fraction": 0.8778379023963254, "spark.memory.offHeap.enabled": 0.5865550405019929, "spark.memory.offHeap.size": 974.5417806273963, "spark.memory.storageFraction": 0.554989881658495, "spark.rdd.compress": 0.13927634725075855, "spark.reducer.maxBlocksInFlightPerAddress": 1940671618.0206747, "spark.reducer.maxReqsInFlight": 1500744075.3073974, "spark.reducer.maxSizeInFlight": 31.937001461612773, "spark.scheduler.mode": 0.9275085803960339, "spark.scheduler.revive.interval": 673.8829298727533, "spark.shuffle.compress": 0.7508121031361555, "spark.shuffle.file.buffer": 39.23193553121445, "spark.shuffle.io.numConnectionsPerPeer": 4.533224364823239, "spark.shuffle.sort.bypassMergeThreshold": 274.7344414111218, "spark.storage.memoryFraction": 0.800376973610935, "spark.storage.memoryMapThreshold": 2.0466950259335275}, "datetime": {"datetime": "2022-01-31 00:02:13", "elapsed": 571.766082, "delta": 387.246084}}
{"target": -218.124, "params": {"spark.broadcast.blockSize": 40.637692536480834, "spark.broadcast.checksum": 0.8958862181960668, "spark.broadcast.compress": 0.4280911898712949, "spark.default.parallelism": 489.45201414451566, "spark.executor.cores": 2.9903244934553443, "spark.executor.instances": 6.486782880836487, "spark.executor.memory": 3.4589838918135007, "spark.executor.memoryOverhead": 852.0982045425861, "spark.kryoserializer.buffer": 75.1915648140743, "spark.kryoserializer.buffer.max": 87.52540298116465, "spark.locality.wait": 6.448820816567687, "spark.maxRemoteBlockSizeFetchToMem": 1328247288.4244535, "spark.memory.fraction": 0.8613518082249015, "spark.memory.offHeap.enabled": 0.5736794866722859, "spark.memory.offHeap.size": 513.4696074399534, "spark.memory.storageFraction": 0.7468579654482895, "spark.rdd.compress": 0.32664490177209615, "spark.reducer.maxBlocksInFlightPerAddress": 1639666151.072064, "spark.reducer.maxReqsInFlight": 2025014908.6723402, "spark.reducer.maxSizeInFlight": 41.14894848011999, "spark.scheduler.mode": 0.9085351509197992, "spark.scheduler.revive.interval": 811.6800578959014, "spark.shuffle.compress": 0.015821242846556283, "spark.shuffle.file.buffer": 45.74199147980036, "spark.shuffle.io.numConnectionsPerPeer": 3.763587670067696, "spark.shuffle.sort.bypassMergeThreshold": 349.4645700902961, "spark.storage.memoryFraction": 0.5689362033381314, "spark.storage.memoryMapThreshold": 1.4114072488866332}, "datetime": {"datetime": "2022-01-31 00:05:59", "elapsed": 798.579143, "delta": 226.813061}}
{"target": -186.216, "params": {"spark.broadcast.blockSize": 61.843054817189234, "spark.broadcast.checksum": 0.6968181614899002, "spark.broadcast.compress": 0.06600017272206249, "spark.default.parallelism": 426.6389157807399, "spark.executor.cores": 3.261628565383739, "spark.executor.instances": 7.692098142185934, "spark.executor.memory": 5.8460990345138875, "spark.executor.memoryOverhead": 445.2655842522772, "spark.kryoserializer.buffer": 33.90849284862038, "spark.kryoserializer.buffer.max": 34.51625474026105, "spark.locality.wait": 4.169838928124768, "spark.maxRemoteBlockSizeFetchToMem": 1338108624.7870486, "spark.memory.fraction": 0.8440111794731553, "spark.memory.offHeap.enabled": 0.5388310643416528, "spark.memory.offHeap.size": 795.0448530871122, "spark.memory.storageFraction": 0.8368123569438424, "spark.rdd.compress": 0.12417331511991114, "spark.reducer.maxBlocksInFlightPerAddress": 1373513015.7324514, "spark.reducer.maxReqsInFlight": 1702696051.560533, "spark.reducer.maxSizeInFlight": 70.54059591934438, "spark.scheduler.mode": 0.56103021925571, "spark.scheduler.revive.interval": 509.32364468647154, "spark.shuffle.compress": 0.8006326726806163, "spark.shuffle.file.buffer": 23.455176762912654, "spark.shuffle.io.numConnectionsPerPeer": 4.2284207824751165, "spark.shuffle.sort.bypassMergeThreshold": 227.57212881283436, "spark.storage.memoryFraction": 0.8454167418237715, "spark.storage.memoryMapThreshold": 3.2413649282115538}, "datetime": {"datetime": "2022-01-31 00:09:14", "elapsed": 993.475824, "delta": 194.896681}}
{"target": -523.658, "params": {"spark.broadcast.blockSize": 49.799687487693404, "spark.broadcast.checksum": 0.13645522566068502, "spark.broadcast.compress": 0.05991768951221166, "spark.default.parallelism": 236.4030367222212, "spark.executor.cores": 1.1336556356342853, "spark.executor.instances": 4.429976516424372, "spark.executor.memory": 3.9028373544314188, "spark.executor.memoryOverhead": 735.5035673286595, "spark.kryoserializer.buffer": 85.73283027719768, "spark.kryoserializer.buffer.max": 33.20537409527512, "spark.locality.wait": 4.431845678136921, "spark.maxRemoteBlockSizeFetchToMem": 2112346370.2637775, "spark.memory.fraction": 0.7272401847679768, "spark.memory.offHeap.enabled": 0.20329323466099047, "spark.memory.offHeap.size": 641.1907812200056, "spark.memory.storageFraction": 0.7975303416300372, "spark.rdd.compress": 0.1954294811093188, "spark.reducer.maxBlocksInFlightPerAddress": 1697971217.9690711, "spark.reducer.maxReqsInFlight": 2115292855.4001446, "spark.reducer.maxSizeInFlight": 64.6477824715217, "spark.scheduler.mode": 0.23984775914758616, "spark.scheduler.revive.interval": 746.884857134365, "spark.shuffle.compress": 0.6199557183813798, "spark.shuffle.file.buffer": 42.52738878560572, "spark.shuffle.io.numConnectionsPerPeer": 1.627165578584337, "spark.shuffle.sort.bypassMergeThreshold": 153.71524043548192, "spark.storage.memoryFraction": 0.5280088574876889, "spark.storage.memoryMapThreshold": 2.459035332811095}, "datetime": {"datetime": "2022-01-31 00:18:06", "elapsed": 1525.719124, "delta": 532.2433}}
{"target": -201.014, "params": {"spark.broadcast.blockSize": 34.95483503260153, "spark.broadcast.checksum": 0.1862602113776709, "spark.broadcast.compress": 0.34556072704304774, "spark.default.parallelism": 319.030242269201, "spark.executor.cores": 2.616450202010071, "spark.executor.instances": 5.676778057613179, "spark.executor.memory": 5.740878001587038, "spark.executor.memoryOverhead": 484.7949591176381, "spark.kryoserializer.buffer": 116.29927389353077, "spark.kryoserializer.buffer.max": 34.62920894700091, "spark.locality.wait": 8.022805061070414, "spark.maxRemoteBlockSizeFetchToMem": 1521819079.827609, "spark.memory.fraction": 0.7234759313783007, "spark.memory.offHeap.enabled": 0.14038693859523377, "spark.memory.offHeap.size": 613.4279624114579, "spark.memory.storageFraction": 0.8202978274702146, "spark.rdd.compress": 0.9682615757193975, "spark.reducer.maxBlocksInFlightPerAddress": 1410278471.7424064, "spark.reducer.maxReqsInFlight": 1817117571.1452203, "spark.reducer.maxSizeInFlight": 66.06667931020984, "spark.scheduler.mode": 0.8946066635038473, "spark.scheduler.revive.interval": 542.522105684889, "spark.shuffle.compress": 0.03905478323288236, "spark.shuffle.file.buffer": 21.434573426066205, "spark.shuffle.io.numConnectionsPerPeer": 4.512570013717653, "spark.shuffle.sort.bypassMergeThreshold": 169.66936676661, "spark.storage.memoryFraction": 0.6684430500020209, "spark.storage.memoryMapThreshold": 3.873668590451506}, "datetime": {"datetime": "2022-01-31 00:21:36", "elapsed": 1735.3684, "delta": 209.649276}}
{"target": -204.343, "params": {"spark.broadcast.blockSize": 37.97180739460832, "spark.broadcast.checksum": 0.7950818595235931, "spark.broadcast.compress": 0.7521908148410519, "spark.default.parallelism": 385.22019952933965, "spark.executor.cores": 3.3080235955669215, "spark.executor.instances": 5.347423646843556, "spark.executor.memory": 5.992575780525258, "spark.executor.memoryOverhead": 718.0180004561312, "spark.kryoserializer.buffer": 38.505960114581725, "spark.kryoserializer.buffer.max": 42.60833010891486, "spark.locality.wait": 4.640175087252086, "spark.maxRemoteBlockSizeFetchToMem": 1937099217.1447914, "spark.memory.fraction": 0.5405905419785119, "spark.memory.offHeap.enabled": 0.2109103704874209, "spark.memory.offHeap.size": 949.0409944912471, "spark.memory.storageFraction": 0.7917327350670258, "spark.rdd.compress": 0.6651186621579239, "spark.reducer.maxBlocksInFlightPerAddress": 1255355383.0648396, "spark.reducer.maxReqsInFlight": 1803969159.387875, "spark.reducer.maxSizeInFlight": 24.124263831722267, "spark.scheduler.mode": 0.5164001090446483, "spark.scheduler.revive.interval": 611.6528131872268, "spark.shuffle.compress": 0.4696586191359642, "spark.shuffle.file.buffer": 29.468805514625924, "spark.shuffle.io.numConnectionsPerPeer": 1.723798075931636, "spark.shuffle.sort.bypassMergeThreshold": 216.2766560213169, "spark.storage.memoryFraction": 0.6489736491629006, "spark.storage.memoryMapThreshold": 1.3534509568949775}, "datetime": {"datetime": "2022-01-31 00:25:09", "elapsed": 1948.310533, "delta": 212.942133}}
{"target": -176.117, "params": {"spark.broadcast.blockSize": 39.24522354051702, "spark.broadcast.checksum": 0.5824073330938127, "spark.broadcast.compress": 0.31859650169597464, "spark.default.parallelism": 283.4303939430916, "spark.executor.cores": 3.168472298932153, "spark.executor.instances": 6.546649031346661, "spark.executor.memory": 5.754203716717541, "spark.executor.memoryOverhead": 703.0315675497068, "spark.kryoserializer.buffer": 38.707709308081846, "spark.kryoserializer.buffer.max": 59.61831735096764, "spark.locality.wait": 9.479768364286963, "spark.maxRemoteBlockSizeFetchToMem": 2048801765.789044, "spark.memory.fraction": 0.7361111664305712, "spark.memory.offHeap.enabled": 0.40008375818590136, "spark.memory.offHeap.size": 875.3702136139627, "spark.memory.storageFraction": 0.7354090555855206, "spark.rdd.compress": 0.0695138333386146, "spark.reducer.maxBlocksInFlightPerAddress": 1312992536.761497, "spark.reducer.maxReqsInFlight": 1404909185.8034494, "spark.reducer.maxSizeInFlight": 39.57363463160149, "spark.scheduler.mode": 0.6395856104784783, "spark.scheduler.revive.interval": 660.8001172455934, "spark.shuffle.compress": 0.4918746888852449, "spark.shuffle.file.buffer": 46.59755399302084, "spark.shuffle.io.numConnectionsPerPeer": 4.38377954995182, "spark.shuffle.sort.bypassMergeThreshold": 170.73080877216546, "spark.storage.memoryFraction": 0.7925953467119997, "spark.storage.memoryMapThreshold": 2.2140184445690863}, "datetime": {"datetime": "2022-01-31 00:28:14", "elapsed": 2133.075682, "delta": 184.765149}}
{"target": -204.404, "params": {"spark.broadcast.blockSize": 44.05923137422108, "spark.broadcast.checksum": 0.5198135602531508, "spark.broadcast.compress": 0.3393095687119362, "spark.default.parallelism": 349.51544001425077, "spark.executor.cores": 2.9556421608858727, "spark.executor.instances": 5.327443285658847, "spark.executor.memory": 4.989405908150571, "spark.executor.memoryOverhead": 646.6356897889514, "spark.kryoserializer.buffer": 78.38494050245428, "spark.kryoserializer.buffer.max": 56.45802731752203, "spark.locality.wait": 8.299005174617271, "spark.maxRemoteBlockSizeFetchToMem": 1595435822.7413292, "spark.memory.fraction": 0.5255664338534329, "spark.memory.offHeap.enabled": 0.4829793445737657, "spark.memory.offHeap.size": 923.2228248710671, "spark.memory.storageFraction": 0.6333333130888728, "spark.rdd.compress": 0.19873832583961293, "spark.reducer.maxBlocksInFlightPerAddress": 1517736577.7182755, "spark.reducer.maxReqsInFlight": 1256457799.1400318, "spark.reducer.maxSizeInFlight": 51.1097768693771, "spark.scheduler.mode": 0.5645620423851473, "spark.scheduler.revive.interval": 611.2856036143789, "spark.shuffle.compress": 0.7809843877980006, "spark.shuffle.file.buffer": 42.33722140434119, "spark.shuffle.io.numConnectionsPerPeer": 3.5574610197784065, "spark.shuffle.sort.bypassMergeThreshold": 199.77786259780964, "spark.storage.memoryFraction": 0.8928894227634006, "spark.storage.memoryMapThreshold": 1.8701926236461226}, "datetime": {"datetime": "2022-01-31 00:31:47", "elapsed": 2346.215455, "delta": 213.139773}}
{"target": -252.994, "params": {"spark.broadcast.blockSize": 38.231669086364285, "spark.broadcast.checksum": 0.9679810413293599, "spark.broadcast.compress": 0.8167021378074089, "spark.default.parallelism": 239.66200276716754, "spark.executor.cores": 2.082649263985341, "spark.executor.instances": 6.9664550178058855, "spark.executor.memory": 5.734689797040839, "spark.executor.memoryOverhead": 716.1840858004471, "spark.kryoserializer.buffer": 77.98059814687228, "spark.kryoserializer.buffer.max": 78.87093823607472, "spark.locality.wait": 8.557867724035873, "spark.maxRemoteBlockSizeFetchToMem": 1764276983.3023798, "spark.memory.fraction": 0.6344582074724214, "spark.memory.offHeap.enabled": 0.7879000520243229, "spark.memory.offHeap.size": 932.275562109177, "spark.memory.storageFraction": 0.6487790245534175, "spark.rdd.compress": 0.8401064953319958, "spark.reducer.maxBlocksInFlightPerAddress": 1374042014.6085682, "spark.reducer.maxReqsInFlight": 1587748898.201172, "spark.reducer.maxSizeInFlight": 49.99316118664223, "spark.scheduler.mode": 0.5095883215101976, "spark.scheduler.revive.interval": 695.3289541460592, "spark.shuffle.compress": 0.5711892132659275, "spark.shuffle.file.buffer": 40.124551289381984, "spark.shuffle.io.numConnectionsPerPeer": 3.7541032617308416, "spark.shuffle.sort.bypassMergeThreshold": 178.649998137984, "spark.storage.memoryFraction": 0.7502155593980726, "spark.storage.memoryMapThreshold": 2.9653283865812234}, "datetime": {"datetime": "2022-01-31 00:36:09", "elapsed": 2607.796223, "delta": 261.580768}}
{"target": -223.397, "params": {"spark.broadcast.blockSize": 40.18388242251919, "spark.broadcast.checksum": 0.6545171543588768, "spark.broadcast.compress": 0.5063194372308742, "spark.default.parallelism": 341.3849300682183, "spark.executor.cores": 3.3796109806484917, "spark.executor.instances": 7.135096196945851, "spark.executor.memory": 6.671636490104861, "spark.executor.memoryOverhead": 783.9248508327214, "spark.kryoserializer.buffer": 81.83802637204374, "spark.kryoserializer.buffer.max": 84.69913367193303, "spark.locality.wait": 5.6810530742031515, "spark.maxRemoteBlockSizeFetchToMem": 1694716614.2753863, "spark.memory.fraction": 0.6849489251752314, "spark.memory.offHeap.enabled": 0.08120910361124001, "spark.memory.offHeap.size": 848.2466198338619, "spark.memory.storageFraction": 0.6962201180004532, "spark.rdd.compress": 0.2886597695161752, "spark.reducer.maxBlocksInFlightPerAddress": 1301424875.181396, "spark.reducer.maxReqsInFlight": 1171700822.1824617, "spark.reducer.maxSizeInFlight": 33.404276288374376, "spark.scheduler.mode": 0.7583966868629912, "spark.scheduler.revive.interval": 631.3282459099025, "spark.shuffle.compress": 0.5604068525870246, "spark.shuffle.file.buffer": 29.542666161415983, "spark.shuffle.io.numConnectionsPerPeer": 3.3000561691677706, "spark.shuffle.sort.bypassMergeThreshold": 313.9266015269459, "spark.storage.memoryFraction": 0.744330666299171, "spark.storage.memoryMapThreshold": 2.2564916134871935}, "datetime": {"datetime": "2022-01-31 00:40:01", "elapsed": 2839.896074, "delta": 232.099851}}
{"target": -159.393, "params": {"spark.broadcast.blockSize": 50.440417779078004, "spark.broadcast.checksum": 0.3747021376309907, "spark.broadcast.compress": 0.2730758729990468, "spark.default.parallelism": 499.37742085361026, "spark.executor.cores": 3.8536750094225436, "spark.executor.instances": 7.895280611649363, "spark.executor.memory": 4.737609435993866, "spark.executor.memoryOverhead": 675.5124320494785, "spark.kryoserializer.buffer": 56.88704822688737, "spark.kryoserializer.buffer.max": 87.61986118475619, "spark.locality.wait": 7.973222252331096, "spark.maxRemoteBlockSizeFetchToMem": 1102342995.9815469, "spark.memory.fraction": 0.8611232551773129, "spark.memory.offHeap.enabled": 0.49310151866384755, "spark.memory.offHeap.size": 934.4014781559503, "spark.memory.storageFraction": 0.8195254758624212, "spark.rdd.compress": 0.9537667898643516, "spark.reducer.maxBlocksInFlightPerAddress": 1543260208.0916429, "spark.reducer.maxReqsInFlight": 1691185793.785694, "spark.reducer.maxSizeInFlight": 64.48580393860573, "spark.scheduler.mode": 0.356047248825205, "spark.scheduler.revive.interval": 549.8354779924566, "spark.shuffle.compress": 0.31384904040657435, "spark.shuffle.file.buffer": 38.4875815033567, "spark.shuffle.io.numConnectionsPerPeer": 2.887793480967419, "spark.shuffle.sort.bypassMergeThreshold": 169.43045227266168, "spark.storage.memoryFraction": 0.8731870696400561, "spark.storage.memoryMapThreshold": 2.6304312078673764}, "datetime": {"datetime": "2022-01-31 00:42:49", "elapsed": 3008.056951, "delta": 168.160877}}
{"target": -159.522, "params": {"spark.broadcast.blockSize": 48.64210066760732, "spark.broadcast.checksum": 0.708381196521094, "spark.broadcast.compress": 0.6442013531681331, "spark.default.parallelism": 452.7586077128068, "spark.executor.cores": 3.9055080761863534, "spark.executor.instances": 7.5233899553796615, "spark.executor.memory": 6.578886475017391, "spark.executor.memoryOverhead": 783.2808387709879, "spark.kryoserializer.buffer": 83.05838120914417, "spark.kryoserializer.buffer.max": 78.64647289804499, "spark.locality.wait": 6.131379357458247, "spark.maxRemoteBlockSizeFetchToMem": 1254579253.1764061, "spark.memory.fraction": 0.7154888210875384, "spark.memory.offHeap.enabled": 0.41040786247711836, "spark.memory.offHeap.size": 718.215096920396, "spark.memory.storageFraction": 0.7757635736687796, "spark.rdd.compress": 0.24739813108573916, "spark.reducer.maxBlocksInFlightPerAddress": 1306898897.9431014, "spark.reducer.maxReqsInFlight": 1932498267.2273865, "spark.reducer.maxSizeInFlight": 68.94182450853376, "spark.scheduler.mode": 0.8556370346826535, "spark.scheduler.revive.interval": 730.804330819652, "spark.shuffle.compress": 0.011656314926574707, "spark.shuffle.file.buffer": 26.011361918013566, "spark.shuffle.io.numConnectionsPerPeer": 4.86245739264412, "spark.shuffle.sort.bypassMergeThreshold": 228.8187042689744, "spark.storage.memoryFraction": 0.8198606191873777, "spark.storage.memoryMapThreshold": 3.3108430983135477}, "datetime": {"datetime": "2022-01-31 00:45:37", "elapsed": 3176.233747, "delta": 168.176796}}
