{"target": -186.208, "params": {"spark.broadcast.blockSize": 39.10866585724948, "spark.broadcast.checksum": 0.6556594554671877, "spark.broadcast.compress": 0.5254286535110629, "spark.default.parallelism": 434.4622115715033, "spark.executor.cores": 3.422091465337795, "spark.executor.instances": 7.95034983563483, "spark.executor.memory": 5.041388913787525, "spark.executor.memoryOverhead": 698.6622012421033, "spark.kryoserializer.buffer": 99.81918816520752, "spark.kryoserializer.buffer.max": 121.90345668676343, "spark.locality.wait": 8.017338856582779, "spark.maxRemoteBlockSizeFetchToMem": 1100730380.644967, "spark.memory.fraction": 0.8301966202923263, "spark.memory.offHeap.enabled": 0.48437000213916404, "spark.memory.offHeap.size": 886.966153804418, "spark.memory.storageFraction": 0.8316300508254069, "spark.rdd.compress": 0.4899424941349574, "spark.reducer.maxBlocksInFlightPerAddress": 1239493035.7908487, "spark.reducer.maxReqsInFlight": 2120716673.7001078, "spark.reducer.maxSizeInFlight": 54.391268429481016, "spark.scheduler.mode": 0.313435640121306, "spark.scheduler.revive.interval": 656.1174493110916, "spark.shuffle.compress": 0.10381928935569373, "spark.shuffle.file.buffer": 36.45979037636493, "spark.shuffle.io.numConnectionsPerPeer": 2.8437213229145284, "spark.shuffle.sort.bypassMergeThreshold": 159.72659947546987, "spark.storage.memoryFraction": 0.6535661474719864, "spark.storage.memoryMapThreshold": 2.4203822057254993}, "datetime": {"datetime": "2022-01-31 00:48:52", "elapsed": 3371.164468, "delta": 194.930721}}
{"target": -150.288, "params": {"spark.broadcast.blockSize": 36.99803896674126, "spark.broadcast.checksum": 0.48419197624013166, "spark.broadcast.compress": 0.39209640417183733, "spark.default.parallelism": 295.182485916376, "spark.executor.cores": 3.6147328156548637, "spark.executor.instances": 7.233591376800971, "spark.executor.memory": 5.058038694097178, "spark.executor.memoryOverhead": 643.7816877103382, "spark.kryoserializer.buffer": 95.51053114479035, "spark.kryoserializer.buffer.max": 73.13370299813404, "spark.locality.wait": 7.495738944007539, "spark.maxRemoteBlockSizeFetchToMem": 1292743828.4108443, "spark.memory.fraction": 0.6771381696481422, "spark.memory.offHeap.enabled": 0.7206050615329069, "spark.memory.offHeap.size": 718.7072700354356, "spark.memory.storageFraction": 0.6121722754964896, "spark.rdd.compress": 0.4175052789449405, "spark.reducer.maxBlocksInFlightPerAddress": 1284007324.9441452, "spark.reducer.maxReqsInFlight": 1674096038.0915856, "spark.reducer.maxSizeInFlight": 56.887394317992005, "spark.scheduler.mode": 0.6110918297076461, "spark.scheduler.revive.interval": 506.6571212619995, "spark.shuffle.compress": 0.018369213412227747, "spark.shuffle.file.buffer": 21.700957314586713, "spark.shuffle.io.numConnectionsPerPeer": 3.4613397665631367, "spark.shuffle.sort.bypassMergeThreshold": 225.6621850615511, "spark.storage.memoryFraction": 0.8531290263637564, "spark.storage.memoryMapThreshold": 2.4710155988613054}, "datetime": {"datetime": "2022-01-31 00:51:31", "elapsed": 3530.112324, "delta": 158.947856}}
{"target": -172.048, "params": {"spark.broadcast.blockSize": 45.22587225157953, "spark.broadcast.checksum": 0.8544271847489527, "spark.broadcast.compress": 0.42389267741622194, "spark.default.parallelism": 494.28326321922697, "spark.executor.cores": 3.70882522558696, "spark.executor.instances": 5.241702221632499, "spark.executor.memory": 4.925203176497771, "spark.executor.memoryOverhead": 662.5257520222192, "spark.kryoserializer.buffer": 84.70486643583519, "spark.kryoserializer.buffer.max": 50.49023823406484, "spark.locality.wait": 6.5945180349185275, "spark.maxRemoteBlockSizeFetchToMem": 1236843451.223021, "spark.memory.fraction": 0.5211088922705861, "spark.memory.offHeap.enabled": 0.5261074306379304, "spark.memory.offHeap.size": 626.8389162197975, "spark.memory.storageFraction": 0.7492937167812551, "spark.rdd.compress": 0.7354293337714208, "spark.reducer.maxBlocksInFlightPerAddress": 1098796185.1682281, "spark.reducer.maxReqsInFlight": 1713099555.5117347, "spark.reducer.maxSizeInFlight": 44.9317100148117, "spark.scheduler.mode": 0.16392857822611084, "spark.scheduler.revive.interval": 520.6200922599369, "spark.shuffle.compress": 0.07246787422481549, "spark.shuffle.file.buffer": 47.662336929176725, "spark.shuffle.io.numConnectionsPerPeer": 4.632108388488122, "spark.shuffle.sort.bypassMergeThreshold": 158.35804381545023, "spark.storage.memoryFraction": 0.8849871613308976, "spark.storage.memoryMapThreshold": 2.126302216695774}, "datetime": {"datetime": "2022-01-31 00:54:32", "elapsed": 3710.941634, "delta": 180.82931}}
{"target": -157.647, "params": {"spark.broadcast.blockSize": 52.921867764100575, "spark.broadcast.checksum": 0.8680664797869836, "spark.broadcast.compress": 0.51201066344607, "spark.default.parallelism": 399.282469885895, "spark.executor.cores": 3.7401469393500903, "spark.executor.instances": 7.617593716460051, "spark.executor.memory": 6.252951002272836, "spark.executor.memoryOverhead": 764.4968655626428, "spark.kryoserializer.buffer": 54.659068185720926, "spark.kryoserializer.buffer.max": 51.36703398624671, "spark.locality.wait": 5.817734478447501, "spark.maxRemoteBlockSizeFetchToMem": 1539666706.6422572, "spark.memory.fraction": 0.886180977259672, "spark.memory.offHeap.enabled": 0.45698166801973517, "spark.memory.offHeap.size": 778.9299180141929, "spark.memory.storageFraction": 0.5082413347135888, "spark.rdd.compress": 0.10897929899475034, "spark.reducer.maxBlocksInFlightPerAddress": 1141492217.2779744, "spark.reducer.maxReqsInFlight": 1084501483.1425898, "spark.reducer.maxSizeInFlight": 63.81905761356781, "spark.scheduler.mode": 0.2726345715159538, "spark.scheduler.revive.interval": 630.7948632550886, "spark.shuffle.compress": 0.14611588915314677, "spark.shuffle.file.buffer": 31.871198927611548, "spark.shuffle.io.numConnectionsPerPeer": 1.75698268979589, "spark.shuffle.sort.bypassMergeThreshold": 159.64970475568293, "spark.storage.memoryFraction": 0.8871842176662417, "spark.storage.memoryMapThreshold": 2.04368252935538}, "datetime": {"datetime": "2022-01-31 00:57:18", "elapsed": 3877.34497, "delta": 166.403336}}
{"target": -157.511, "params": {"spark.broadcast.blockSize": 43.125207323602226, "spark.broadcast.checksum": 0.44218679829310625, "spark.broadcast.compress": 0.8483740780873148, "spark.default.parallelism": 352.18226164389193, "spark.executor.cores": 3.6451733382866713, "spark.executor.instances": 7.475103888645524, "spark.executor.memory": 6.041803407259816, "spark.executor.memoryOverhead": 481.2744763441118, "spark.kryoserializer.buffer": 75.15073236554137, "spark.kryoserializer.buffer.max": 56.66964785764432, "spark.locality.wait": 7.611693365727401, "spark.maxRemoteBlockSizeFetchToMem": 1552231720.9559731, "spark.memory.fraction": 0.8538061698717042, "spark.memory.offHeap.enabled": 0.6000067754070179, "spark.memory.offHeap.size": 980.2503968996735, "spark.memory.storageFraction": 0.6782018230664856, "spark.rdd.compress": 0.35556261216019613, "spark.reducer.maxBlocksInFlightPerAddress": 1204658672.8719757, "spark.reducer.maxReqsInFlight": 2147466615.7937188, "spark.reducer.maxSizeInFlight": 46.34384849108032, "spark.scheduler.mode": 0.895659062880073, "spark.scheduler.revive.interval": 577.2873070399299, "spark.shuffle.compress": 0.03248735439825301, "spark.shuffle.file.buffer": 20.99024933970753, "spark.shuffle.io.numConnectionsPerPeer": 3.2117830602141306, "spark.shuffle.sort.bypassMergeThreshold": 165.74954381214454, "spark.storage.memoryFraction": 0.8963246231165884, "spark.storage.memoryMapThreshold": 3.072886486247832}, "datetime": {"datetime": "2022-01-31 01:00:04", "elapsed": 4043.492899, "delta": 166.147929}}
{"target": -194.151, "params": {"spark.broadcast.blockSize": 36.8235662263404, "spark.broadcast.checksum": 0.9391300378678644, "spark.broadcast.compress": 0.13507560465608381, "spark.default.parallelism": 424.6195410191275, "spark.executor.cores": 3.827765891722294, "spark.executor.instances": 7.429958457822625, "spark.executor.memory": 6.814255560655531, "spark.executor.memoryOverhead": 653.8676897791397, "spark.kryoserializer.buffer": 36.796165126342004, "spark.kryoserializer.buffer.max": 36.988726877798626, "spark.locality.wait": 8.567050312856706, "spark.maxRemoteBlockSizeFetchToMem": 1233032701.3921597, "spark.memory.fraction": 0.7835091567285124, "spark.memory.offHeap.enabled": 0.3645413625628283, "spark.memory.offHeap.size": 720.2149479707, "spark.memory.storageFraction": 0.6604342418740721, "spark.rdd.compress": 0.4733893493409119, "spark.reducer.maxBlocksInFlightPerAddress": 1224744165.750113, "spark.reducer.maxReqsInFlight": 1993884226.4927142, "spark.reducer.maxSizeInFlight": 71.1334183147744, "spark.scheduler.mode": 0.09429527823446837, "spark.scheduler.revive.interval": 800.1903857213781, "spark.shuffle.compress": 0.6571708170548112, "spark.shuffle.file.buffer": 17.444001401068792, "spark.shuffle.io.numConnectionsPerPeer": 3.7256937125947176, "spark.shuffle.sort.bypassMergeThreshold": 314.99030058689027, "spark.storage.memoryFraction": 0.8875616526320725, "spark.storage.memoryMapThreshold": 2.436407908136752}, "datetime": {"datetime": "2022-01-31 01:03:27", "elapsed": 4246.239047, "delta": 202.746148}}
{"target": -175.377, "params": {"spark.broadcast.blockSize": 46.138528160331354, "spark.broadcast.checksum": 0.5068292153882349, "spark.broadcast.compress": 0.21516914205068716, "spark.default.parallelism": 443.8770566982848, "spark.executor.cores": 3.9359924057059885, "spark.executor.instances": 4.935065672009346, "spark.executor.memory": 6.27555820025955, "spark.executor.memoryOverhead": 575.8603942427332, "spark.kryoserializer.buffer": 103.60969178874895, "spark.kryoserializer.buffer.max": 66.13918387838206, "spark.locality.wait": 6.048482619497652, "spark.maxRemoteBlockSizeFetchToMem": 1477735203.5011876, "spark.memory.fraction": 0.710632775169041, "spark.memory.offHeap.enabled": 0.041541329001312466, "spark.memory.offHeap.size": 872.972953683746, "spark.memory.storageFraction": 0.5754575230534315, "spark.rdd.compress": 0.28452524098841847, "spark.reducer.maxBlocksInFlightPerAddress": 1101766010.9272537, "spark.reducer.maxReqsInFlight": 1690247449.691165, "spark.reducer.maxSizeInFlight": 48.911936788418025, "spark.scheduler.mode": 0.9735322290948101, "spark.scheduler.revive.interval": 544.8879728426459, "spark.shuffle.compress": 0.07223461239831341, "spark.shuffle.file.buffer": 29.68243134166686, "spark.shuffle.io.numConnectionsPerPeer": 2.909564556950205, "spark.shuffle.sort.bypassMergeThreshold": 155.98195086566483, "spark.storage.memoryFraction": 0.8613449370702865, "spark.storage.memoryMapThreshold": 3.6966403208269965}, "datetime": {"datetime": "2022-01-31 01:06:31", "elapsed": 4430.260735, "delta": 184.021688}}
{"target": -152.129, "params": {"spark.broadcast.blockSize": 33.090313355433366, "spark.broadcast.checksum": 0.724237027427251, "spark.broadcast.compress": 0.7906765369856261, "spark.default.parallelism": 385.29116525620424, "spark.executor.cores": 3.8940121062826396, "spark.executor.instances": 6.536399879427725, "spark.executor.memory": 6.199265158449942, "spark.executor.memoryOverhead": 835.7877685594628, "spark.kryoserializer.buffer": 41.16241979582458, "spark.kryoserializer.buffer.max": 91.51971974380285, "spark.locality.wait": 9.138490786482013, "spark.maxRemoteBlockSizeFetchToMem": 1831345797.9241104, "spark.memory.fraction": 0.7753158767213357, "spark.memory.offHeap.enabled": 0.3339495404749674, "spark.memory.offHeap.size": 706.5189323747318, "spark.memory.storageFraction": 0.6355223110648307, "spark.rdd.compress": 0.8296146654053931, "spark.reducer.maxBlocksInFlightPerAddress": 1824260722.8847718, "spark.reducer.maxReqsInFlight": 1545400453.2930658, "spark.reducer.maxSizeInFlight": 43.9399257342713, "spark.scheduler.mode": 0.6642743063567167, "spark.scheduler.revive.interval": 550.8625256990256, "spark.shuffle.compress": 0.34701357822034207, "spark.shuffle.file.buffer": 47.324651991053315, "spark.shuffle.io.numConnectionsPerPeer": 1.9342098646113492, "spark.shuffle.sort.bypassMergeThreshold": 177.4224219658751, "spark.storage.memoryFraction": 0.8887222902478134, "spark.storage.memoryMapThreshold": 1.5731604799732917}, "datetime": {"datetime": "2022-01-31 01:09:12", "elapsed": 4590.987069, "delta": 160.726334}}
{"target": -160.9, "params": {"spark.broadcast.blockSize": 36.83867293661443, "spark.broadcast.checksum": 0.9715422761849071, "spark.broadcast.compress": 0.49150542201465375, "spark.default.parallelism": 330.920103807912, "spark.executor.cores": 3.6888386057654787, "spark.executor.instances": 7.637613921497486, "spark.executor.memory": 5.9654281460787555, "spark.executor.memoryOverhead": 546.6847418168027, "spark.kryoserializer.buffer": 104.9094572625846, "spark.kryoserializer.buffer.max": 50.06742710841232, "spark.locality.wait": 9.677387879143982, "spark.maxRemoteBlockSizeFetchToMem": 1433384736.1349256, "spark.memory.fraction": 0.6214877277846234, "spark.memory.offHeap.enabled": 0.44028854616968394, "spark.memory.offHeap.size": 896.9108611363788, "spark.memory.storageFraction": 0.6823413103982623, "spark.rdd.compress": 0.7423842348277263, "spark.reducer.maxBlocksInFlightPerAddress": 1517569225.7689009, "spark.reducer.maxReqsInFlight": 1714010695.934111, "spark.reducer.maxSizeInFlight": 27.955366135204002, "spark.scheduler.mode": 0.5236124506135483, "spark.scheduler.revive.interval": 527.4142538836311, "spark.shuffle.compress": 0.5299426227569254, "spark.shuffle.file.buffer": 44.0593921896292, "spark.shuffle.io.numConnectionsPerPeer": 1.4086735924601652, "spark.shuffle.sort.bypassMergeThreshold": 161.69470946339277, "spark.storage.memoryFraction": 0.7399332033104085, "spark.storage.memoryMapThreshold": 1.420706199807109}, "datetime": {"datetime": "2022-01-31 01:12:01", "elapsed": 4760.691158, "delta": 169.704089}}
{"target": -164.718, "params": {"spark.broadcast.blockSize": 33.77292286619111, "spark.broadcast.checksum": 0.8865931469682851, "spark.broadcast.compress": 0.4870668038555629, "spark.default.parallelism": 468.3509519674944, "spark.executor.cores": 3.221302820564175, "spark.executor.instances": 7.176174283443327, "spark.executor.memory": 3.8507802603704584, "spark.executor.memoryOverhead": 682.8997270367765, "spark.kryoserializer.buffer": 68.32369523175356, "spark.kryoserializer.buffer.max": 40.024960456415016, "spark.locality.wait": 9.997952339742666, "spark.maxRemoteBlockSizeFetchToMem": 1269214483.223367, "spark.memory.fraction": 0.7507973786768105, "spark.memory.offHeap.enabled": 0.2689383523425092, "spark.memory.offHeap.size": 684.7170772377303, "spark.memory.storageFraction": 0.8669492909549699, "spark.rdd.compress": 0.0805191164860185, "spark.reducer.maxBlocksInFlightPerAddress": 1298127646.026768, "spark.reducer.maxReqsInFlight": 1152445442.241413, "spark.reducer.maxSizeInFlight": 47.9830047102625, "spark.scheduler.mode": 0.7744248905929804, "spark.scheduler.revive.interval": 642.1336041148124, "spark.shuffle.compress": 0.34579427277359287, "spark.shuffle.file.buffer": 34.10994619138371, "spark.shuffle.io.numConnectionsPerPeer": 3.8035149270341204, "spark.shuffle.sort.bypassMergeThreshold": 168.2347301753274, "spark.storage.memoryFraction": 0.8549880920298831, "spark.storage.memoryMapThreshold": 1.8107350974908765}, "datetime": {"datetime": "2022-01-31 01:14:55", "elapsed": 4934.091455, "delta": 173.400297}}
{"target": -155.908, "params": {"spark.broadcast.blockSize": 58.600503195922926, "spark.broadcast.checksum": 0.9761218789585634, "spark.broadcast.compress": 0.5725311305071236, "spark.default.parallelism": 397.36069070977135, "spark.executor.cores": 3.678752151216525, "spark.executor.instances": 7.5185366685950985, "spark.executor.memory": 4.422358795217162, "spark.executor.memoryOverhead": 751.4472662638547, "spark.kryoserializer.buffer": 61.17530927911723, "spark.kryoserializer.buffer.max": 73.3682129699024, "spark.locality.wait": 5.897198261272954, "spark.maxRemoteBlockSizeFetchToMem": 1597773483.8433442, "spark.memory.fraction": 0.5771001080874023, "spark.memory.offHeap.enabled": 0.8660688371539508, "spark.memory.offHeap.size": 1023.3292846905426, "spark.memory.storageFraction": 0.6706528455557412, "spark.rdd.compress": 0.007116900697120454, "spark.reducer.maxBlocksInFlightPerAddress": 1259631125.7384295, "spark.reducer.maxReqsInFlight": 1388531846.5523877, "spark.reducer.maxSizeInFlight": 45.85816784566741, "spark.scheduler.mode": 0.613887997603955, "spark.scheduler.revive.interval": 555.6626117699652, "spark.shuffle.compress": 0.3765609136431455, "spark.shuffle.file.buffer": 38.76156855489016, "spark.shuffle.io.numConnectionsPerPeer": 1.7962946186968667, "spark.shuffle.sort.bypassMergeThreshold": 242.6404311108255, "spark.storage.memoryFraction": 0.8612026705254061, "spark.storage.memoryMapThreshold": 1.3382867539834593}, "datetime": {"datetime": "2022-01-31 01:17:39", "elapsed": 5098.654148, "delta": 164.562693}}
{"target": -157.687, "params": {"spark.broadcast.blockSize": 47.663105676313734, "spark.broadcast.checksum": 0.6142008406263324, "spark.broadcast.compress": 0.5391982774505744, "spark.default.parallelism": 394.5010022745285, "spark.executor.cores": 3.531952452390258, "spark.executor.instances": 7.957692404087544, "spark.executor.memory": 6.406334201296944, "spark.executor.memoryOverhead": 874.872144793374, "spark.kryoserializer.buffer": 40.6811268931113, "spark.kryoserializer.buffer.max": 109.63468832048048, "spark.locality.wait": 9.062921069955856, "spark.maxRemoteBlockSizeFetchToMem": 2065642353.2751608, "spark.memory.fraction": 0.605322724884375, "spark.memory.offHeap.enabled": 0.5562589493713994, "spark.memory.offHeap.size": 832.6192538203279, "spark.memory.storageFraction": 0.6953578169920998, "spark.rdd.compress": 0.17198905915180962, "spark.reducer.maxBlocksInFlightPerAddress": 1403337823.1852155, "spark.reducer.maxReqsInFlight": 1744396169.5548208, "spark.reducer.maxSizeInFlight": 65.92799540502153, "spark.scheduler.mode": 0.28967354758278363, "spark.scheduler.revive.interval": 509.17308347821194, "spark.shuffle.compress": 0.24546343130973713, "spark.shuffle.file.buffer": 32.65639376469776, "spark.shuffle.io.numConnectionsPerPeer": 3.552141122502173, "spark.shuffle.sort.bypassMergeThreshold": 200.1732854639121, "spark.storage.memoryFraction": 0.7919098664929343, "spark.storage.memoryMapThreshold": 1.9359288208005296}, "datetime": {"datetime": "2022-01-31 01:20:26", "elapsed": 5265.434668, "delta": 166.78052}}
{"target": -180.553, "params": {"spark.broadcast.blockSize": 38.05888254938313, "spark.broadcast.checksum": 0.8310023787769585, "spark.broadcast.compress": 0.8878590497446253, "spark.default.parallelism": 476.74498465598845, "spark.executor.cores": 3.9453418025618796, "spark.executor.instances": 6.961830913006082, "spark.executor.memory": 4.393241212997488, "spark.executor.memoryOverhead": 618.7118384754248, "spark.kryoserializer.buffer": 49.555503672399965, "spark.kryoserializer.buffer.max": 43.99933990782921, "spark.locality.wait": 7.993452106401598, "spark.maxRemoteBlockSizeFetchToMem": 1093370773.3191032, "spark.memory.fraction": 0.6559223637366715, "spark.memory.offHeap.enabled": 0.6426763129820277, "spark.memory.offHeap.size": 887.136454426374, "spark.memory.storageFraction": 0.6094711904718549, "spark.rdd.compress": 0.7073877313086658, "spark.reducer.maxBlocksInFlightPerAddress": 1177574215.6970055, "spark.reducer.maxReqsInFlight": 1996370146.670675, "spark.reducer.maxSizeInFlight": 67.57925308966287, "spark.scheduler.mode": 0.2588849503135391, "spark.scheduler.revive.interval": 542.5759472062148, "spark.shuffle.compress": 0.08630623865996878, "spark.shuffle.file.buffer": 39.19748060306134, "spark.shuffle.io.numConnectionsPerPeer": 1.257099730178393, "spark.shuffle.sort.bypassMergeThreshold": 210.5582212012996, "spark.storage.memoryFraction": 0.8528584378228066, "spark.storage.memoryMapThreshold": 1.5481927509345654}, "datetime": {"datetime": "2022-01-31 01:23:35", "elapsed": 5454.717239, "delta": 189.282571}}
{"target": -159.075, "params": {"spark.broadcast.blockSize": 40.033688968094715, "spark.broadcast.checksum": 0.9771791601936929, "spark.broadcast.compress": 0.29093359332049995, "spark.default.parallelism": 339.7344890826993, "spark.executor.cores": 3.8347831060189486, "spark.executor.instances": 6.750193587262936, "spark.executor.memory": 5.841026432210965, "spark.executor.memoryOverhead": 838.2633985285636, "spark.kryoserializer.buffer": 104.03583702390844, "spark.kryoserializer.buffer.max": 66.16009533976778, "spark.locality.wait": 7.993652029538529, "spark.maxRemoteBlockSizeFetchToMem": 1842601300.550097, "spark.memory.fraction": 0.8189998367760736, "spark.memory.offHeap.enabled": 0.5560527587743578, "spark.memory.offHeap.size": 942.0311007820475, "spark.memory.storageFraction": 0.7858073742022587, "spark.rdd.compress": 0.13715904138793233, "spark.reducer.maxBlocksInFlightPerAddress": 1282435094.3292794, "spark.reducer.maxReqsInFlight": 1602963561.077306, "spark.reducer.maxSizeInFlight": 53.63323494342305, "spark.scheduler.mode": 0.9936384783801935, "spark.scheduler.revive.interval": 553.8701115102976, "spark.shuffle.compress": 0.38778124726993735, "spark.shuffle.file.buffer": 35.101214722163405, "spark.shuffle.io.numConnectionsPerPeer": 1.8782962947887896, "spark.shuffle.sort.bypassMergeThreshold": 172.55627170527694, "spark.storage.memoryFraction": 0.8273552145107523, "spark.storage.memoryMapThreshold": 2.4439643779453784}, "datetime": {"datetime": "2022-01-31 01:26:23", "elapsed": 5622.448827, "delta": 167.731588}}
