{"target": -152.164, "params": {"spark.broadcast.blockSize": 41.192683223300804, "spark.broadcast.checksum": 0.9884042034957654, "spark.broadcast.compress": 0.5470315247656671, "spark.default.parallelism": 274.26354739953354, "spark.executor.cores": 3.5363243576954093, "spark.executor.instances": 6.780620034650337, "spark.executor.memory": 6.98173785719025, "spark.executor.memoryOverhead": 772.3570081926433, "spark.kryoserializer.buffer": 64.96211115724385, "spark.kryoserializer.buffer.max": 112.48238231156022, "spark.locality.wait": 9.915009466209245, "spark.maxRemoteBlockSizeFetchToMem": 2030889965.8050766, "spark.memory.fraction": 0.6671766559376061, "spark.memory.offHeap.enabled": 0.641103586603836, "spark.memory.offHeap.size": 961.7575700898776, "spark.memory.storageFraction": 0.8272807760278412, "spark.rdd.compress": 0.20271479722699048, "spark.reducer.maxBlocksInFlightPerAddress": 1571349843.7709684, "spark.reducer.maxReqsInFlight": 1291337475.6515052, "spark.reducer.maxSizeInFlight": 51.51527038229965, "spark.scheduler.mode": 0.6830116997805744, "spark.scheduler.revive.interval": 594.0388732898555, "spark.shuffle.compress": 0.3345253051553365, "spark.shuffle.file.buffer": 42.309289250855045, "spark.shuffle.io.numConnectionsPerPeer": 1.4760336556987066, "spark.shuffle.sort.bypassMergeThreshold": 264.32371661190535, "spark.storage.memoryFraction": 0.7857615084781773, "spark.storage.memoryMapThreshold": 1.0247619021531573}, "datetime": {"datetime": "2022-01-31 06:14:08", "elapsed": 22886.863754, "delta": 161.027661}}
{"target": -149.992, "params": {"spark.broadcast.blockSize": 39.44426270675274, "spark.broadcast.checksum": 0.1401954869600598, "spark.broadcast.compress": 0.15693226946994965, "spark.default.parallelism": 204.97039798535474, "spark.executor.cores": 3.8662988784980623, "spark.executor.instances": 7.826823480480224, "spark.executor.memory": 6.559911425203115, "spark.executor.memoryOverhead": 814.6770676760573, "spark.kryoserializer.buffer": 77.24031707667443, "spark.kryoserializer.buffer.max": 47.187650994396705, "spark.locality.wait": 8.212031997474885, "spark.maxRemoteBlockSizeFetchToMem": 1316388986.34982, "spark.memory.fraction": 0.6656192166459434, "spark.memory.offHeap.enabled": 0.7518445750774855, "spark.memory.offHeap.size": 662.0457885224428, "spark.memory.storageFraction": 0.8100730074406552, "spark.rdd.compress": 0.2074178988344113, "spark.reducer.maxBlocksInFlightPerAddress": 1163077608.5308177, "spark.reducer.maxReqsInFlight": 1737095042.7576637, "spark.reducer.maxSizeInFlight": 60.35870580600891, "spark.scheduler.mode": 0.7081343739125512, "spark.scheduler.revive.interval": 702.411036825158, "spark.shuffle.compress": 0.04584251521484006, "spark.shuffle.file.buffer": 37.41523028454614, "spark.shuffle.io.numConnectionsPerPeer": 4.510257535598154, "spark.shuffle.sort.bypassMergeThreshold": 204.79166150115122, "spark.storage.memoryFraction": 0.8893374706175783, "spark.storage.memoryMapThreshold": 2.8983838837795544}, "datetime": {"datetime": "2022-01-31 06:16:46", "elapsed": 23045.553256, "delta": 158.689502}}
{"target": -295.313, "params": {"spark.broadcast.blockSize": 36.27282426465054, "spark.broadcast.checksum": 0.23619492387580976, "spark.broadcast.compress": 0.28849519350997754, "spark.default.parallelism": 245.83187249352522, "spark.executor.cores": 3.942624364931076, "spark.executor.instances": 6.015553699682194, "spark.executor.memory": 5.693852155934708, "spark.executor.memoryOverhead": 419.67948656916246, "spark.kryoserializer.buffer": 116.30665097426541, "spark.kryoserializer.buffer.max": 41.04266501356105, "spark.locality.wait": 8.191978745673172, "spark.maxRemoteBlockSizeFetchToMem": 1552740556.9212823, "spark.memory.fraction": 0.8512756507000491, "spark.memory.offHeap.enabled": 0.11851530617797201, "spark.memory.offHeap.size": 947.1268019326735, "spark.memory.storageFraction": 0.7143910492761075, "spark.rdd.compress": 0.3262450631301804, "spark.reducer.maxBlocksInFlightPerAddress": 1907367182.008164, "spark.reducer.maxReqsInFlight": 1137771814.0343628, "spark.reducer.maxSizeInFlight": 50.06856952113786, "spark.scheduler.mode": 0.723958729163271, "spark.scheduler.revive.interval": 567.9566674616873, "spark.shuffle.compress": 0.22848350369370163, "spark.shuffle.file.buffer": 41.31102937661283, "spark.shuffle.io.numConnectionsPerPeer": 2.9454453490644754, "spark.shuffle.sort.bypassMergeThreshold": 272.12092005913445, "spark.storage.memoryFraction": 0.8031088230352327, "spark.storage.memoryMapThreshold": 2.1712765194331185}, "datetime": {"datetime": "2022-01-31 06:21:51", "elapsed": 23349.795001, "delta": 304.241745}}
{"target": -162.094, "params": {"spark.broadcast.blockSize": 40.97589214247607, "spark.broadcast.checksum": 0.15173335684774936, "spark.broadcast.compress": 0.11588438597157502, "spark.default.parallelism": 354.1989190908348, "spark.executor.cores": 3.530819894764795, "spark.executor.instances": 7.907462552249626, "spark.executor.memory": 5.201815194589212, "spark.executor.memoryOverhead": 749.1712751173657, "spark.kryoserializer.buffer": 40.66245350322556, "spark.kryoserializer.buffer.max": 62.78408240720117, "spark.locality.wait": 6.3337660504161555, "spark.maxRemoteBlockSizeFetchToMem": 1885078787.0751803, "spark.memory.fraction": 0.8784054353637654, "spark.memory.offHeap.enabled": 0.07013631174329915, "spark.memory.offHeap.size": 684.317456546165, "spark.memory.storageFraction": 0.8045728294822143, "spark.rdd.compress": 0.15398442203425478, "spark.reducer.maxBlocksInFlightPerAddress": 1480345122.847425, "spark.reducer.maxReqsInFlight": 1372005248.460324, "spark.reducer.maxSizeInFlight": 59.831113193773454, "spark.scheduler.mode": 0.6841381134384641, "spark.scheduler.revive.interval": 986.8876546209233, "spark.shuffle.compress": 0.21227673589561913, "spark.shuffle.file.buffer": 34.37449876999704, "spark.shuffle.io.numConnectionsPerPeer": 3.3960598954802514, "spark.shuffle.sort.bypassMergeThreshold": 340.3094546784364, "spark.storage.memoryFraction": 0.6992925790920637, "spark.storage.memoryMapThreshold": 1.1431358013702577}, "datetime": {"datetime": "2022-01-31 06:24:41", "elapsed": 23520.692021, "delta": 170.89702}}
{"target": -149.581, "params": {"spark.broadcast.blockSize": 59.87927185317106, "spark.broadcast.checksum": 0.5040996224044012, "spark.broadcast.compress": 0.4257562588615649, "spark.default.parallelism": 235.45026119784512, "spark.executor.cores": 3.9606418362731843, "spark.executor.instances": 7.587774974468015, "spark.executor.memory": 5.620333826743994, "spark.executor.memoryOverhead": 845.0328332376205, "spark.kryoserializer.buffer": 79.85156127839805, "spark.kryoserializer.buffer.max": 110.67011561662919, "spark.locality.wait": 6.062450700382499, "spark.maxRemoteBlockSizeFetchToMem": 1095072884.6180434, "spark.memory.fraction": 0.8775655320319646, "spark.memory.offHeap.enabled": 0.29745808787523553, "spark.memory.offHeap.size": 752.8963470884769, "spark.memory.storageFraction": 0.7690689450977111, "spark.rdd.compress": 0.058307311727251565, "spark.reducer.maxBlocksInFlightPerAddress": 1837919370.2005153, "spark.reducer.maxReqsInFlight": 1949991739.3689065, "spark.reducer.maxSizeInFlight": 65.92419677747988, "spark.scheduler.mode": 0.9006488856980954, "spark.scheduler.revive.interval": 748.5320533343904, "spark.shuffle.compress": 0.2483901140212088, "spark.shuffle.file.buffer": 37.96412896821798, "spark.shuffle.io.numConnectionsPerPeer": 1.3979775500093066, "spark.shuffle.sort.bypassMergeThreshold": 278.6474279993643, "spark.storage.memoryFraction": 0.7350700652345915, "spark.storage.memoryMapThreshold": 1.2438493657226415}, "datetime": {"datetime": "2022-01-31 06:27:20", "elapsed": 23679.020082, "delta": 158.328061}}
{"target": -184.301, "params": {"spark.broadcast.blockSize": 62.953463078476275, "spark.broadcast.checksum": 0.31546689808856887, "spark.broadcast.compress": 0.27283373752150863, "spark.default.parallelism": 297.86968182811336, "spark.executor.cores": 3.6465548650461206, "spark.executor.instances": 6.75175971573578, "spark.executor.memory": 5.124577641154227, "spark.executor.memoryOverhead": 860.4610486039442, "spark.kryoserializer.buffer": 35.6090731614873, "spark.kryoserializer.buffer.max": 111.30299744511336, "spark.locality.wait": 8.467945984713502, "spark.maxRemoteBlockSizeFetchToMem": 1897878238.4723816, "spark.memory.fraction": 0.8996382776220396, "spark.memory.offHeap.enabled": 0.43525362376371535, "spark.memory.offHeap.size": 820.486090742152, "spark.memory.storageFraction": 0.788575140085953, "spark.rdd.compress": 0.15760972589702804, "spark.reducer.maxBlocksInFlightPerAddress": 1480376855.6825528, "spark.reducer.maxReqsInFlight": 1408975662.9094527, "spark.reducer.maxSizeInFlight": 65.24719602045828, "spark.scheduler.mode": 0.655007039848259, "spark.scheduler.revive.interval": 930.7614694301424, "spark.shuffle.compress": 0.17990722004281645, "spark.shuffle.file.buffer": 41.72822350697312, "spark.shuffle.io.numConnectionsPerPeer": 1.2944668889801627, "spark.shuffle.sort.bypassMergeThreshold": 326.28038995481154, "spark.storage.memoryFraction": 0.6935975287237086, "spark.storage.memoryMapThreshold": 2.1659014577020708}, "datetime": {"datetime": "2022-01-31 06:30:33", "elapsed": 23872.112352, "delta": 193.09227}}
{"target": -157.089, "params": {"spark.broadcast.blockSize": 38.21809893950915, "spark.broadcast.checksum": 0.9280068764042985, "spark.broadcast.compress": 0.34729345089591157, "spark.default.parallelism": 349.289782297516, "spark.executor.cores": 3.6321842603206758, "spark.executor.instances": 7.917972677072582, "spark.executor.memory": 5.542830656512667, "spark.executor.memoryOverhead": 780.9584068603235, "spark.kryoserializer.buffer": 39.14397031455086, "spark.kryoserializer.buffer.max": 51.93160992840829, "spark.locality.wait": 9.327701909955461, "spark.maxRemoteBlockSizeFetchToMem": 1873712372.2880087, "spark.memory.fraction": 0.7383537317851459, "spark.memory.offHeap.enabled": 0.12842217072677564, "spark.memory.offHeap.size": 963.6993025551571, "spark.memory.storageFraction": 0.8703495483328778, "spark.rdd.compress": 0.3573142943621276, "spark.reducer.maxBlocksInFlightPerAddress": 1158947847.506291, "spark.reducer.maxReqsInFlight": 1203828675.10839, "spark.reducer.maxSizeInFlight": 63.48387453474302, "spark.scheduler.mode": 0.6469311911166827, "spark.scheduler.revive.interval": 603.1600715923466, "spark.shuffle.compress": 0.13502649093489905, "spark.shuffle.file.buffer": 42.99001330268934, "spark.shuffle.io.numConnectionsPerPeer": 1.4456218092418167, "spark.shuffle.sort.bypassMergeThreshold": 229.82988096990076, "spark.storage.memoryFraction": 0.6559205076511394, "spark.storage.memoryMapThreshold": 1.2404824512423316}, "datetime": {"datetime": "2022-01-31 06:33:19", "elapsed": 24038.055359, "delta": 165.943007}}
{"target": -155.748, "params": {"spark.broadcast.blockSize": 62.788362070975595, "spark.broadcast.checksum": 0.6833277656739395, "spark.broadcast.compress": 0.25806808059925357, "spark.default.parallelism": 289.2383923360339, "spark.executor.cores": 3.9256324386589996, "spark.executor.instances": 7.45854613339434, "spark.executor.memory": 5.667212511045891, "spark.executor.memoryOverhead": 791.0813108123416, "spark.kryoserializer.buffer": 77.33580609670199, "spark.kryoserializer.buffer.max": 85.01958759937554, "spark.locality.wait": 8.027528036203083, "spark.maxRemoteBlockSizeFetchToMem": 1153258384.3321245, "spark.memory.fraction": 0.8873890103002214, "spark.memory.offHeap.enabled": 0.40405752341965584, "spark.memory.offHeap.size": 642.160864547724, "spark.memory.storageFraction": 0.778510887489203, "spark.rdd.compress": 0.4979023643790227, "spark.reducer.maxBlocksInFlightPerAddress": 1603994379.9231753, "spark.reducer.maxReqsInFlight": 1246164470.725428, "spark.reducer.maxSizeInFlight": 57.10569854188922, "spark.scheduler.mode": 0.9579045743483177, "spark.scheduler.revive.interval": 851.0700878210142, "spark.shuffle.compress": 0.35495900859245044, "spark.shuffle.file.buffer": 43.845318990552286, "spark.shuffle.io.numConnectionsPerPeer": 1.079442077016607, "spark.shuffle.sort.bypassMergeThreshold": 219.0613555999884, "spark.storage.memoryFraction": 0.7579555970808209, "spark.storage.memoryMapThreshold": 2.771536343227761}, "datetime": {"datetime": "2022-01-31 06:36:03", "elapsed": 24202.690857, "delta": 164.635498}}
{"target": -180.337, "params": {"spark.broadcast.blockSize": 45.118592013421306, "spark.broadcast.checksum": 0.546181260616621, "spark.broadcast.compress": 0.7304857562030314, "spark.default.parallelism": 345.10371603768317, "spark.executor.cores": 3.4860117515822617, "spark.executor.instances": 7.762319363967309, "spark.executor.memory": 3.334111856048177, "spark.executor.memoryOverhead": 865.9041321488244, "spark.kryoserializer.buffer": 109.08068175223399, "spark.kryoserializer.buffer.max": 78.18385938715265, "spark.locality.wait": 6.679524327201093, "spark.maxRemoteBlockSizeFetchToMem": 1437909135.5206146, "spark.memory.fraction": 0.8409138676778706, "spark.memory.offHeap.enabled": 0.06608241255218616, "spark.memory.offHeap.size": 622.5364148806455, "spark.memory.storageFraction": 0.8724533643928991, "spark.rdd.compress": 0.6650868108734209, "spark.reducer.maxBlocksInFlightPerAddress": 1763038961.0733237, "spark.reducer.maxReqsInFlight": 1406959837.771698, "spark.reducer.maxSizeInFlight": 56.97756017466407, "spark.scheduler.mode": 0.45688552827109774, "spark.scheduler.revive.interval": 986.0510127114007, "spark.shuffle.compress": 0.21489673913268625, "spark.shuffle.file.buffer": 30.90848521211517, "spark.shuffle.io.numConnectionsPerPeer": 4.257940696774315, "spark.shuffle.sort.bypassMergeThreshold": 325.8039466890576, "spark.storage.memoryFraction": 0.8947998029097338, "spark.storage.memoryMapThreshold": 2.2867214115013}, "datetime": {"datetime": "2022-01-31 06:39:13", "elapsed": 24391.776174, "delta": 189.085317}}
{"target": -153.401, "params": {"spark.broadcast.blockSize": 48.85860683141199, "spark.broadcast.checksum": 0.2480230655474579, "spark.broadcast.compress": 0.38051779914095285, "spark.default.parallelism": 233.9844942113658, "spark.executor.cores": 3.7094094046023827, "spark.executor.instances": 7.963890617950037, "spark.executor.memory": 5.6150120632632685, "spark.executor.memoryOverhead": 733.2747586144104, "spark.kryoserializer.buffer": 76.25601421059312, "spark.kryoserializer.buffer.max": 44.9629306134532, "spark.locality.wait": 4.449140153642658, "spark.maxRemoteBlockSizeFetchToMem": 1807555932.9064555, "spark.memory.fraction": 0.7684449307784175, "spark.memory.offHeap.enabled": 0.6875788842302856, "spark.memory.offHeap.size": 683.3478065252087, "spark.memory.storageFraction": 0.6732803729145993, "spark.rdd.compress": 0.12214205615388352, "spark.reducer.maxBlocksInFlightPerAddress": 1451154093.9423842, "spark.reducer.maxReqsInFlight": 1789285850.583568, "spark.reducer.maxSizeInFlight": 29.569314257383674, "spark.scheduler.mode": 0.3968350397402072, "spark.scheduler.revive.interval": 656.444206042249, "spark.shuffle.compress": 0.021828716370871915, "spark.shuffle.file.buffer": 34.51672711191953, "spark.shuffle.io.numConnectionsPerPeer": 3.797855970550173, "spark.shuffle.sort.bypassMergeThreshold": 261.3800900712471, "spark.storage.memoryFraction": 0.6842085851328599, "spark.storage.memoryMapThreshold": 1.0821852080091632}, "datetime": {"datetime": "2022-01-31 06:41:55", "elapsed": 24553.839038, "delta": 162.062864}}
{"target": -155.015, "params": {"spark.broadcast.blockSize": 43.25165919066514, "spark.broadcast.checksum": 0.41538484367381245, "spark.broadcast.compress": 0.029046756663647977, "spark.default.parallelism": 301.8043737150679, "spark.executor.cores": 3.893171787894044, "spark.executor.instances": 7.936137456148956, "spark.executor.memory": 3.110252918168228, "spark.executor.memoryOverhead": 669.364157081637, "spark.kryoserializer.buffer": 108.68747830151955, "spark.kryoserializer.buffer.max": 78.47679483036002, "spark.locality.wait": 5.423426080523301, "spark.maxRemoteBlockSizeFetchToMem": 1316883461.0579398, "spark.memory.fraction": 0.7722477455217235, "spark.memory.offHeap.enabled": 0.08368210479988569, "spark.memory.offHeap.size": 539.5516477423531, "spark.memory.storageFraction": 0.8987828693219775, "spark.rdd.compress": 0.731018923293579, "spark.reducer.maxBlocksInFlightPerAddress": 1455161379.8611648, "spark.reducer.maxReqsInFlight": 1513082186.365431, "spark.reducer.maxSizeInFlight": 63.871203683198246, "spark.scheduler.mode": 0.11654514381544678, "spark.scheduler.revive.interval": 963.3182535688959, "spark.shuffle.compress": 0.07037957341956536, "spark.shuffle.file.buffer": 33.53881020732818, "spark.shuffle.io.numConnectionsPerPeer": 3.6997260429581345, "spark.shuffle.sort.bypassMergeThreshold": 289.08789045739286, "spark.storage.memoryFraction": 0.8938086716762619, "spark.storage.memoryMapThreshold": 2.0946117172256713}, "datetime": {"datetime": "2022-01-31 06:44:39", "elapsed": 24717.793186, "delta": 163.954148}}
{"target": -159.503, "params": {"spark.broadcast.blockSize": 34.15951957094968, "spark.broadcast.checksum": 0.0909471527549286, "spark.broadcast.compress": 0.7942885588012384, "spark.default.parallelism": 384.1382383588992, "spark.executor.cores": 3.9612656469757463, "spark.executor.instances": 7.887342185324289, "spark.executor.memory": 5.024722632642392, "spark.executor.memoryOverhead": 653.6385547207542, "spark.kryoserializer.buffer": 57.5662556166105, "spark.kryoserializer.buffer.max": 47.58679208198599, "spark.locality.wait": 7.156238095087924, "spark.maxRemoteBlockSizeFetchToMem": 1267227018.3507967, "spark.memory.fraction": 0.8097574209863817, "spark.memory.offHeap.enabled": 0.4180874550356479, "spark.memory.offHeap.size": 765.6039203912992, "spark.memory.storageFraction": 0.8099579395267483, "spark.rdd.compress": 0.9256685081208263, "spark.reducer.maxBlocksInFlightPerAddress": 1687689530.5949614, "spark.reducer.maxReqsInFlight": 1168582663.880567, "spark.reducer.maxSizeInFlight": 53.179278839378824, "spark.scheduler.mode": 0.3216130014736295, "spark.scheduler.revive.interval": 622.8938388874973, "spark.shuffle.compress": 0.4734611119671508, "spark.shuffle.file.buffer": 37.16980723844978, "spark.shuffle.io.numConnectionsPerPeer": 2.212805236786194, "spark.shuffle.sort.bypassMergeThreshold": 310.35037099574276, "spark.storage.memoryFraction": 0.7588854931149243, "spark.storage.memoryMapThreshold": 3.0129802539182693}, "datetime": {"datetime": "2022-01-31 06:47:27", "elapsed": 24886.084791, "delta": 168.291605}}
{"target": -183.698, "params": {"spark.broadcast.blockSize": 38.790877251130965, "spark.broadcast.checksum": 0.6860629915653337, "spark.broadcast.compress": 0.6205133878640937, "spark.default.parallelism": 329.2343823562207, "spark.executor.cores": 3.1660048846903055, "spark.executor.instances": 7.612648558662839, "spark.executor.memory": 6.5479931445219535, "spark.executor.memoryOverhead": 787.0915880659302, "spark.kryoserializer.buffer": 61.86283791819842, "spark.kryoserializer.buffer.max": 59.153165255515944, "spark.locality.wait": 7.994062577801093, "spark.maxRemoteBlockSizeFetchToMem": 1451330305.4069638, "spark.memory.fraction": 0.8583928746036761, "spark.memory.offHeap.enabled": 0.33477614829204294, "spark.memory.offHeap.size": 700.8933514186863, "spark.memory.storageFraction": 0.8229512585969616, "spark.rdd.compress": 0.16704269348671408, "spark.reducer.maxBlocksInFlightPerAddress": 1944504525.9091558, "spark.reducer.maxReqsInFlight": 1329686935.383965, "spark.reducer.maxSizeInFlight": 65.65305353919135, "spark.scheduler.mode": 0.5167763762799676, "spark.scheduler.revive.interval": 584.6639754382832, "spark.shuffle.compress": 0.014339868614876905, "spark.shuffle.file.buffer": 27.68449446954837, "spark.shuffle.io.numConnectionsPerPeer": 3.8292833550786054, "spark.shuffle.sort.bypassMergeThreshold": 283.3052440851654, "spark.storage.memoryFraction": 0.5614072533776069, "spark.storage.memoryMapThreshold": 3.928430090098332}, "datetime": {"datetime": "2022-01-31 06:50:39", "elapsed": 25078.511965, "delta": 192.427174}}
{"target": -164.354, "params": {"spark.broadcast.blockSize": 56.364713658754916, "spark.broadcast.checksum": 0.41541001536353694, "spark.broadcast.compress": 0.6334323186430999, "spark.default.parallelism": 234.61892494873183, "spark.executor.cores": 3.7752439754722804, "spark.executor.instances": 7.977856050040707, "spark.executor.memory": 5.842010357281734, "spark.executor.memoryOverhead": 627.7329269599492, "spark.kryoserializer.buffer": 63.198669136683904, "spark.kryoserializer.buffer.max": 39.9405687579748, "spark.locality.wait": 7.976973071668889, "spark.maxRemoteBlockSizeFetchToMem": 1612697621.164847, "spark.memory.fraction": 0.8823598554953158, "spark.memory.offHeap.enabled": 0.9036693117703963, "spark.memory.offHeap.size": 772.1117278690991, "spark.memory.storageFraction": 0.8373157437854226, "spark.rdd.compress": 0.24531571481511583, "spark.reducer.maxBlocksInFlightPerAddress": 1226940849.5105753, "spark.reducer.maxReqsInFlight": 1411767012.4506197, "spark.reducer.maxSizeInFlight": 51.44757061802404, "spark.scheduler.mode": 0.4214790418502151, "spark.scheduler.revive.interval": 742.4314603247578, "spark.shuffle.compress": 0.5025096549915088, "spark.shuffle.file.buffer": 38.75526430063817, "spark.shuffle.io.numConnectionsPerPeer": 1.1056441389525573, "spark.shuffle.sort.bypassMergeThreshold": 220.5230913206047, "spark.storage.memoryFraction": 0.8644666294203475, "spark.storage.memoryMapThreshold": 1.4433063078825512}, "datetime": {"datetime": "2022-01-31 06:53:32", "elapsed": 25251.632736, "delta": 173.120771}}
