{"target": -160.723, "params": {"spark.broadcast.blockSize": 58.7574186714385, "spark.broadcast.checksum": 0.7638879131913077, "spark.broadcast.compress": 0.6241871705688334, "spark.default.parallelism": 316.08007470759594, "spark.executor.cores": 3.7584375504479195, "spark.executor.instances": 6.8947359314003425, "spark.executor.memory": 5.989173014687452, "spark.executor.memoryOverhead": 411.50785011194216, "spark.kryoserializer.buffer": 55.95833986164027, "spark.kryoserializer.buffer.max": 43.98184321159968, "spark.locality.wait": 8.165378018021466, "spark.maxRemoteBlockSizeFetchToMem": 1159307919.9860835, "spark.memory.fraction": 0.7301908955311387, "spark.memory.offHeap.enabled": 0.11508081235794099, "spark.memory.offHeap.size": 830.6537063137673, "spark.memory.storageFraction": 0.8764033136379865, "spark.rdd.compress": 0.32185798408462307, "spark.reducer.maxBlocksInFlightPerAddress": 1862695390.5776253, "spark.reducer.maxReqsInFlight": 1342445637.5127184, "spark.reducer.maxSizeInFlight": 63.79576320855823, "spark.scheduler.mode": 0.5784335933654164, "spark.scheduler.revive.interval": 730.5427500152215, "spark.shuffle.compress": 0.5299904545654618, "spark.shuffle.file.buffer": 46.510108913034514, "spark.shuffle.io.numConnectionsPerPeer": 3.1112352909755807, "spark.shuffle.sort.bypassMergeThreshold": 181.90033135044285, "spark.storage.memoryFraction": 0.8367452611176495, "spark.storage.memoryMapThreshold": 2.0856448422496485}, "datetime": {"datetime": "2022-01-31 04:13:33", "elapsed": 15652.703082, "delta": 169.58745}}
{"target": -151.382, "params": {"spark.broadcast.blockSize": 52.06646114154762, "spark.broadcast.checksum": 0.8370881909429497, "spark.broadcast.compress": 0.2005083430999629, "spark.default.parallelism": 250.86625798961194, "spark.executor.cores": 3.926165240192482, "spark.executor.instances": 7.595321467329299, "spark.executor.memory": 6.489781405000581, "spark.executor.memoryOverhead": 840.3049882342343, "spark.kryoserializer.buffer": 51.61968392871177, "spark.kryoserializer.buffer.max": 100.56867777508108, "spark.locality.wait": 8.193569506344206, "spark.maxRemoteBlockSizeFetchToMem": 2003077693.8165927, "spark.memory.fraction": 0.8846420659300727, "spark.memory.offHeap.enabled": 0.37617113328972707, "spark.memory.offHeap.size": 590.0748362673944, "spark.memory.storageFraction": 0.7956120584106114, "spark.rdd.compress": 0.7055928775951151, "spark.reducer.maxBlocksInFlightPerAddress": 1383210827.358052, "spark.reducer.maxReqsInFlight": 1289304558.7081552, "spark.reducer.maxSizeInFlight": 62.87113240888798, "spark.scheduler.mode": 0.7860722128481711, "spark.scheduler.revive.interval": 860.3569971645412, "spark.shuffle.compress": 0.10632050552541117, "spark.shuffle.file.buffer": 29.20627020475708, "spark.shuffle.io.numConnectionsPerPeer": 4.329148818700986, "spark.shuffle.sort.bypassMergeThreshold": 268.55683890391606, "spark.storage.memoryFraction": 0.8908846873529407, "spark.storage.memoryMapThreshold": 1.2255487499673565}, "datetime": {"datetime": "2022-01-31 04:16:14", "elapsed": 15812.816154, "delta": 160.113072}}
{"target": -163.812, "params": {"spark.broadcast.blockSize": 49.64156668395813, "spark.broadcast.checksum": 0.5836101568613743, "spark.broadcast.compress": 0.5172358195451199, "spark.default.parallelism": 481.0390366585482, "spark.executor.cores": 3.85309850737972, "spark.executor.instances": 7.823280779485037, "spark.executor.memory": 5.070687901924876, "spark.executor.memoryOverhead": 529.1291516759713, "spark.kryoserializer.buffer": 57.71892620127299, "spark.kryoserializer.buffer.max": 50.783942512215276, "spark.locality.wait": 8.10725168102023, "spark.maxRemoteBlockSizeFetchToMem": 1584658881.7865252, "spark.memory.fraction": 0.7545845876856795, "spark.memory.offHeap.enabled": 0.02234784938198009, "spark.memory.offHeap.size": 926.1382934589165, "spark.memory.storageFraction": 0.8794904400672734, "spark.rdd.compress": 0.27164643923793785, "spark.reducer.maxBlocksInFlightPerAddress": 1816851625.1622107, "spark.reducer.maxReqsInFlight": 1602207023.269518, "spark.reducer.maxSizeInFlight": 61.74352444054348, "spark.scheduler.mode": 0.41223620136705696, "spark.scheduler.revive.interval": 527.9895400639574, "spark.shuffle.compress": 0.15601967855351417, "spark.shuffle.file.buffer": 45.07247475588876, "spark.shuffle.io.numConnectionsPerPeer": 4.032903357589932, "spark.shuffle.sort.bypassMergeThreshold": 338.9089898508945, "spark.storage.memoryFraction": 0.5577974880437366, "spark.storage.memoryMapThreshold": 1.2090148000856562}, "datetime": {"datetime": "2022-01-31 04:19:06", "elapsed": 15985.396367, "delta": 172.580213}}
{"target": -155.122, "params": {"spark.broadcast.blockSize": 63.31897770034561, "spark.broadcast.checksum": 0.48127052477710586, "spark.broadcast.compress": 0.566037996439417, "spark.default.parallelism": 224.4693169925367, "spark.executor.cores": 3.9935917929309643, "spark.executor.instances": 7.691592494306242, "spark.executor.memory": 6.160401896853141, "spark.executor.memoryOverhead": 737.4042876845232, "spark.kryoserializer.buffer": 63.8841950964396, "spark.kryoserializer.buffer.max": 35.35358169265288, "spark.locality.wait": 8.394812949309337, "spark.maxRemoteBlockSizeFetchToMem": 1543866951.8450513, "spark.memory.fraction": 0.7920346771087006, "spark.memory.offHeap.enabled": 0.004282180694091253, "spark.memory.offHeap.size": 1020.1413928806304, "spark.memory.storageFraction": 0.876752587062402, "spark.rdd.compress": 0.3478856540928035, "spark.reducer.maxBlocksInFlightPerAddress": 1964097656.4357271, "spark.reducer.maxReqsInFlight": 1185738285.7821283, "spark.reducer.maxSizeInFlight": 29.76021217636238, "spark.scheduler.mode": 0.5209850256189003, "spark.scheduler.revive.interval": 925.5161722068559, "spark.shuffle.compress": 0.21718741241586548, "spark.shuffle.file.buffer": 41.09775199576152, "spark.shuffle.io.numConnectionsPerPeer": 2.699360910614776, "spark.shuffle.sort.bypassMergeThreshold": 197.2194196436284, "spark.storage.memoryFraction": 0.7926875840109373, "spark.storage.memoryMapThreshold": 1.4427301290922405}, "datetime": {"datetime": "2022-01-31 04:21:50", "elapsed": 16149.392367, "delta": 163.996}}
{"target": -161.981, "params": {"spark.broadcast.blockSize": 57.60238335935476, "spark.broadcast.checksum": 0.27725070587867173, "spark.broadcast.compress": 0.5168700875030399, "spark.default.parallelism": 318.1326823389793, "spark.executor.cores": 3.8873327871181407, "spark.executor.instances": 7.604739870726018, "spark.executor.memory": 5.939215757154394, "spark.executor.memoryOverhead": 399.83041711159007, "spark.kryoserializer.buffer": 42.926320553507466, "spark.kryoserializer.buffer.max": 57.54214858930978, "spark.locality.wait": 7.0065710275854585, "spark.maxRemoteBlockSizeFetchToMem": 1557662940.3425307, "spark.memory.fraction": 0.8504441047217888, "spark.memory.offHeap.enabled": 0.5814685970706255, "spark.memory.offHeap.size": 705.2757741270633, "spark.memory.storageFraction": 0.8268448463124125, "spark.rdd.compress": 0.42875135474839887, "spark.reducer.maxBlocksInFlightPerAddress": 2013317887.2506838, "spark.reducer.maxReqsInFlight": 1442681378.0416362, "spark.reducer.maxSizeInFlight": 60.09578395773067, "spark.scheduler.mode": 0.4183626445319861, "spark.scheduler.revive.interval": 516.9895147911152, "spark.shuffle.compress": 0.7189639951645874, "spark.shuffle.file.buffer": 29.268127051355417, "spark.shuffle.io.numConnectionsPerPeer": 4.703024520651454, "spark.shuffle.sort.bypassMergeThreshold": 185.39759059198042, "spark.storage.memoryFraction": 0.8821250967705982, "spark.storage.memoryMapThreshold": 1.9058267266853417}, "datetime": {"datetime": "2022-01-31 04:24:41", "elapsed": 16320.165261, "delta": 170.772894}}
{"target": -171.973, "params": {"spark.broadcast.blockSize": 40.726240137099325, "spark.broadcast.checksum": 0.8559816967264633, "spark.broadcast.compress": 0.6142658076422937, "spark.default.parallelism": 204.7814617672256, "spark.executor.cores": 3.465203073985335, "spark.executor.instances": 7.575247534310655, "spark.executor.memory": 5.963517984905653, "spark.executor.memoryOverhead": 495.108638524978, "spark.kryoserializer.buffer": 38.307901210284705, "spark.kryoserializer.buffer.max": 70.17525066440871, "spark.locality.wait": 7.413683514115224, "spark.maxRemoteBlockSizeFetchToMem": 1383456728.3514154, "spark.memory.fraction": 0.8964880721373946, "spark.memory.offHeap.enabled": 0.6099717335763489, "spark.memory.offHeap.size": 739.165282153758, "spark.memory.storageFraction": 0.8587038352679472, "spark.rdd.compress": 0.730969026627799, "spark.reducer.maxBlocksInFlightPerAddress": 1770507352.8461385, "spark.reducer.maxReqsInFlight": 1568890571.8561692, "spark.reducer.maxSizeInFlight": 33.98591100618336, "spark.scheduler.mode": 0.9031961485926251, "spark.scheduler.revive.interval": 544.3233863961284, "spark.shuffle.compress": 0.01840416417234414, "spark.shuffle.file.buffer": 43.17398568284251, "spark.shuffle.io.numConnectionsPerPeer": 3.006725612858178, "spark.shuffle.sort.bypassMergeThreshold": 331.11705059075484, "spark.storage.memoryFraction": 0.8435825643582617, "spark.storage.memoryMapThreshold": 1.130435350546435}, "datetime": {"datetime": "2022-01-31 04:27:42", "elapsed": 16500.979746, "delta": 180.814485}}
{"target": -148.596, "params": {"spark.broadcast.blockSize": 58.298123563637404, "spark.broadcast.checksum": 0.37192175218421375, "spark.broadcast.compress": 0.6101999502521003, "spark.default.parallelism": 347.18458522633716, "spark.executor.cores": 3.9182931657106037, "spark.executor.instances": 7.42933450306863, "spark.executor.memory": 6.661811527947295, "spark.executor.memoryOverhead": 832.2433120516221, "spark.kryoserializer.buffer": 95.03228997968095, "spark.kryoserializer.buffer.max": 51.86326537066654, "spark.locality.wait": 7.269180789746528, "spark.maxRemoteBlockSizeFetchToMem": 2125635460.5612073, "spark.memory.fraction": 0.548357954588252, "spark.memory.offHeap.enabled": 0.32515892128220847, "spark.memory.offHeap.size": 766.150725730295, "spark.memory.storageFraction": 0.8065390890854487, "spark.rdd.compress": 0.804108467532618, "spark.reducer.maxBlocksInFlightPerAddress": 1817204232.8794417, "spark.reducer.maxReqsInFlight": 1189055952.513448, "spark.reducer.maxSizeInFlight": 64.69103025315745, "spark.scheduler.mode": 0.5282600878615984, "spark.scheduler.revive.interval": 545.154401690725, "spark.shuffle.compress": 0.05337078397813677, "spark.shuffle.file.buffer": 43.7418446381387, "spark.shuffle.io.numConnectionsPerPeer": 1.3765604282749453, "spark.shuffle.sort.bypassMergeThreshold": 277.7424542397639, "spark.storage.memoryFraction": 0.8906023032217936, "spark.storage.memoryMapThreshold": 1.4205199602229448}, "datetime": {"datetime": "2022-01-31 04:30:19", "elapsed": 16658.28228, "delta": 157.302534}}
{"target": -177.349, "params": {"spark.broadcast.blockSize": 61.35006300810723, "spark.broadcast.checksum": 0.4504059191209737, "spark.broadcast.compress": 0.8542021128715143, "spark.default.parallelism": 216.65475687760843, "spark.executor.cores": 3.6168510516395083, "spark.executor.instances": 6.725358516837462, "spark.executor.memory": 4.681782892624062, "spark.executor.memoryOverhead": 500.9646876936227, "spark.kryoserializer.buffer": 55.61077250431229, "spark.kryoserializer.buffer.max": 41.9788498195346, "spark.locality.wait": 8.758115235816545, "spark.maxRemoteBlockSizeFetchToMem": 2103927684.4174857, "spark.memory.fraction": 0.7297819241731276, "spark.memory.offHeap.enabled": 0.3324907338201637, "spark.memory.offHeap.size": 625.5290417191411, "spark.memory.storageFraction": 0.7201384483988588, "spark.rdd.compress": 0.023901624306057023, "spark.reducer.maxBlocksInFlightPerAddress": 1293458765.9234893, "spark.reducer.maxReqsInFlight": 1195045325.9074636, "spark.reducer.maxSizeInFlight": 70.94232137959844, "spark.scheduler.mode": 0.7168295676856383, "spark.scheduler.revive.interval": 521.6284598709024, "spark.shuffle.compress": 0.31934415261883886, "spark.shuffle.file.buffer": 39.78476967453989, "spark.shuffle.io.numConnectionsPerPeer": 4.82674479453062, "spark.shuffle.sort.bypassMergeThreshold": 181.67527847748272, "spark.storage.memoryFraction": 0.8731667383198238, "spark.storage.memoryMapThreshold": 1.4257535909702543}, "datetime": {"datetime": "2022-01-31 04:33:25", "elapsed": 16844.526312, "delta": 186.244032}}
{"target": -174.167, "params": {"spark.broadcast.blockSize": 56.188842167523475, "spark.broadcast.checksum": 0.8872247914000876, "spark.broadcast.compress": 0.4961898450744273, "spark.default.parallelism": 251.1031654550561, "spark.executor.cores": 3.867694479781427, "spark.executor.instances": 7.230720778883045, "spark.executor.memory": 5.078492548614259, "spark.executor.memoryOverhead": 795.1310686610552, "spark.kryoserializer.buffer": 53.35814036861978, "spark.kryoserializer.buffer.max": 47.67502936564301, "spark.locality.wait": 5.166875534501497, "spark.maxRemoteBlockSizeFetchToMem": 1752927855.757298, "spark.memory.fraction": 0.8314341470210084, "spark.memory.offHeap.enabled": 0.8999011448598491, "spark.memory.offHeap.size": 672.4007829887018, "spark.memory.storageFraction": 0.8646212110028044, "spark.rdd.compress": 0.40233777587572095, "spark.reducer.maxBlocksInFlightPerAddress": 1486276929.3144042, "spark.reducer.maxReqsInFlight": 1650679775.7468653, "spark.reducer.maxSizeInFlight": 69.54893057583885, "spark.scheduler.mode": 0.1804561446754408, "spark.scheduler.revive.interval": 874.2504620987095, "spark.shuffle.compress": 0.024570413284700887, "spark.shuffle.file.buffer": 46.34793192259745, "spark.shuffle.io.numConnectionsPerPeer": 3.2341308490397545, "spark.shuffle.sort.bypassMergeThreshold": 322.8266200399439, "spark.storage.memoryFraction": 0.8300255564688861, "spark.storage.memoryMapThreshold": 1.5954152292589479}, "datetime": {"datetime": "2022-01-31 04:36:28", "elapsed": 17027.539073, "delta": 183.012761}}
{"target": -178.236, "params": {"spark.broadcast.blockSize": 33.253352681723676, "spark.broadcast.checksum": 0.971349359113216, "spark.broadcast.compress": 0.5915772329354293, "spark.default.parallelism": 320.77226400430686, "spark.executor.cores": 3.8985169785707225, "spark.executor.instances": 6.2974029177244155, "spark.executor.memory": 6.104915245956596, "spark.executor.memoryOverhead": 769.4356468101232, "spark.kryoserializer.buffer": 41.398694581263356, "spark.kryoserializer.buffer.max": 97.23006483901031, "spark.locality.wait": 8.703490878149015, "spark.maxRemoteBlockSizeFetchToMem": 2052580504.8112192, "spark.memory.fraction": 0.8541597283618083, "spark.memory.offHeap.enabled": 0.02675505122433175, "spark.memory.offHeap.size": 677.1487814211691, "spark.memory.storageFraction": 0.750104510236, "spark.rdd.compress": 0.6014047210888075, "spark.reducer.maxBlocksInFlightPerAddress": 1652742931.9432817, "spark.reducer.maxReqsInFlight": 1535788966.1733003, "spark.reducer.maxSizeInFlight": 51.47286155655542, "spark.scheduler.mode": 0.47832858356825025, "spark.scheduler.revive.interval": 909.5536227355008, "spark.shuffle.compress": 0.18201395213609484, "spark.shuffle.file.buffer": 40.95254322478307, "spark.shuffle.io.numConnectionsPerPeer": 4.227451092185921, "spark.shuffle.sort.bypassMergeThreshold": 285.138143913642, "spark.storage.memoryFraction": 0.7903588505327908, "spark.storage.memoryMapThreshold": 2.1725120748805278}, "datetime": {"datetime": "2022-01-31 04:39:35", "elapsed": 17214.590041, "delta": 187.050968}}
{"target": -157.886, "params": {"spark.broadcast.blockSize": 39.986688563949706, "spark.broadcast.checksum": 0.8408457751753183, "spark.broadcast.compress": 0.4314793813290345, "spark.default.parallelism": 253.10495196108172, "spark.executor.cores": 3.688074631219736, "spark.executor.instances": 7.325609902581602, "spark.executor.memory": 5.647014532259124, "spark.executor.memoryOverhead": 509.18513934490437, "spark.kryoserializer.buffer": 73.38794710795099, "spark.kryoserializer.buffer.max": 107.23298986931977, "spark.locality.wait": 9.528551092459125, "spark.maxRemoteBlockSizeFetchToMem": 1585013484.0966682, "spark.memory.fraction": 0.8978862161581349, "spark.memory.offHeap.enabled": 0.07560167516396687, "spark.memory.offHeap.size": 917.6314882865604, "spark.memory.storageFraction": 0.7049818702543211, "spark.rdd.compress": 0.2957327456050739, "spark.reducer.maxBlocksInFlightPerAddress": 1975163587.8156567, "spark.reducer.maxReqsInFlight": 1509920520.279368, "spark.reducer.maxSizeInFlight": 67.4357450935697, "spark.scheduler.mode": 0.3745946333979341, "spark.scheduler.revive.interval": 608.2263769213363, "spark.shuffle.compress": 0.15995961584028584, "spark.shuffle.file.buffer": 36.01984923578056, "spark.shuffle.io.numConnectionsPerPeer": 2.3011090748819067, "spark.shuffle.sort.bypassMergeThreshold": 320.00922546142226, "spark.storage.memoryFraction": 0.8843099968242993, "spark.storage.memoryMapThreshold": 2.0209398136406085}, "datetime": {"datetime": "2022-01-31 04:42:22", "elapsed": 17381.105927, "delta": 166.515886}}
{"target": -160.488, "params": {"spark.broadcast.blockSize": 42.14749929575496, "spark.broadcast.checksum": 0.8689902517022907, "spark.broadcast.compress": 0.43441505879435083, "spark.default.parallelism": 367.8834215695167, "spark.executor.cores": 3.9221637773155473, "spark.executor.instances": 7.842975052484655, "spark.executor.memory": 3.7282821106998325, "spark.executor.memoryOverhead": 859.3917424818178, "spark.kryoserializer.buffer": 71.5091543897338, "spark.kryoserializer.buffer.max": 51.92712367654504, "spark.locality.wait": 9.106719629428982, "spark.maxRemoteBlockSizeFetchToMem": 2099947900.505956, "spark.memory.fraction": 0.7511690066826232, "spark.memory.offHeap.enabled": 0.5380786699094618, "spark.memory.offHeap.size": 915.2494480498742, "spark.memory.storageFraction": 0.777766592361707, "spark.rdd.compress": 0.23709889405237394, "spark.reducer.maxBlocksInFlightPerAddress": 1770214286.0137496, "spark.reducer.maxReqsInFlight": 2128979922.6945329, "spark.reducer.maxSizeInFlight": 63.08135301316753, "spark.scheduler.mode": 0.9944882475627709, "spark.scheduler.revive.interval": 576.32674724915, "spark.shuffle.compress": 0.29429996565615224, "spark.shuffle.file.buffer": 38.67080935636524, "spark.shuffle.io.numConnectionsPerPeer": 2.4923710863762847, "spark.shuffle.sort.bypassMergeThreshold": 271.27230969514164, "spark.storage.memoryFraction": 0.869792191947512, "spark.storage.memoryMapThreshold": 1.2570679227836408}, "datetime": {"datetime": "2022-01-31 04:45:11", "elapsed": 17550.339265, "delta": 169.233338}}
{"target": -151.924, "params": {"spark.broadcast.blockSize": 33.4995700598193, "spark.broadcast.checksum": 0.05015642791630914, "spark.broadcast.compress": 0.1335420012611137, "spark.default.parallelism": 251.24396282818415, "spark.executor.cores": 3.770934043242981, "spark.executor.instances": 6.93056344892234, "spark.executor.memory": 6.693350325959303, "spark.executor.memoryOverhead": 413.58912539466115, "spark.kryoserializer.buffer": 65.89973267318827, "spark.kryoserializer.buffer.max": 83.21693017704283, "spark.locality.wait": 6.976425624802576, "spark.maxRemoteBlockSizeFetchToMem": 1242599083.9701874, "spark.memory.fraction": 0.8659427238222892, "spark.memory.offHeap.enabled": 0.6808257392918332, "spark.memory.offHeap.size": 790.6600427291075, "spark.memory.storageFraction": 0.8536854556551842, "spark.rdd.compress": 0.19598940937992126, "spark.reducer.maxBlocksInFlightPerAddress": 1582932278.6520143, "spark.reducer.maxReqsInFlight": 1622012245.831644, "spark.reducer.maxSizeInFlight": 63.70238667844524, "spark.scheduler.mode": 0.2776729611951603, "spark.scheduler.revive.interval": 605.2007510576273, "spark.shuffle.compress": 0.12004466327308172, "spark.shuffle.file.buffer": 34.18815100207027, "spark.shuffle.io.numConnectionsPerPeer": 4.251958648320572, "spark.shuffle.sort.bypassMergeThreshold": 266.75682640133505, "spark.storage.memoryFraction": 0.8951452231252739, "spark.storage.memoryMapThreshold": 1.854550836302531}, "datetime": {"datetime": "2022-01-31 04:47:52", "elapsed": 17711.033276, "delta": 160.694011}}
{"target": -157.451, "params": {"spark.broadcast.blockSize": 38.05066576632825, "spark.broadcast.checksum": 0.2358877797406751, "spark.broadcast.compress": 0.37003135846737645, "spark.default.parallelism": 208.17864501779712, "spark.executor.cores": 3.9166585922074844, "spark.executor.instances": 7.598897313374042, "spark.executor.memory": 5.718180575237717, "spark.executor.memoryOverhead": 501.63214587316395, "spark.kryoserializer.buffer": 66.00874684763355, "spark.kryoserializer.buffer.max": 82.67228776589509, "spark.locality.wait": 9.316536060798978, "spark.maxRemoteBlockSizeFetchToMem": 1399577535.8672628, "spark.memory.fraction": 0.8432801645983596, "spark.memory.offHeap.enabled": 0.32018131615618695, "spark.memory.offHeap.size": 775.8699239617956, "spark.memory.storageFraction": 0.7485665850029743, "spark.rdd.compress": 0.35420713486775357, "spark.reducer.maxBlocksInFlightPerAddress": 1813787121.6902337, "spark.reducer.maxReqsInFlight": 1220616014.5240293, "spark.reducer.maxSizeInFlight": 60.37491794756867, "spark.scheduler.mode": 0.22619952372103003, "spark.scheduler.revive.interval": 514.7471606493829, "spark.shuffle.compress": 0.41173337809084265, "spark.shuffle.file.buffer": 47.80290554014135, "spark.shuffle.io.numConnectionsPerPeer": 4.233975081165345, "spark.shuffle.sort.bypassMergeThreshold": 230.6276285884529, "spark.storage.memoryFraction": 0.8320310039488845, "spark.storage.memoryMapThreshold": 1.1124189352731588}, "datetime": {"datetime": "2022-01-31 04:50:38", "elapsed": 17877.218798, "delta": 166.185522}}
