{"target": -181.249, "params": {"spark.broadcast.blockSize": 41.30411391175902, "spark.broadcast.checksum": 0.5064837808887506, "spark.broadcast.compress": 0.4765722351007984, "spark.default.parallelism": 302.62018443735946, "spark.executor.cores": 3.805536554044146, "spark.executor.instances": 6.368966830490679, "spark.executor.memory": 5.404177180994212, "spark.executor.memoryOverhead": 849.9790234768047, "spark.kryoserializer.buffer": 39.49529689046892, "spark.kryoserializer.buffer.max": 39.642837470125805, "spark.locality.wait": 8.57070261745913, "spark.maxRemoteBlockSizeFetchToMem": 1907329582.9358363, "spark.memory.fraction": 0.6860568928056343, "spark.memory.offHeap.enabled": 0.3538787971956271, "spark.memory.offHeap.size": 1014.921313302608, "spark.memory.storageFraction": 0.8307397462213431, "spark.rdd.compress": 0.9330585076614294, "spark.reducer.maxBlocksInFlightPerAddress": 2002492115.825152, "spark.reducer.maxReqsInFlight": 1476880285.1617079, "spark.reducer.maxSizeInFlight": 64.28011816173135, "spark.scheduler.mode": 0.9173451616846581, "spark.scheduler.revive.interval": 586.5219112783616, "spark.shuffle.compress": 0.7135191249561434, "spark.shuffle.file.buffer": 38.22849735313795, "spark.shuffle.io.numConnectionsPerPeer": 2.489447762383287, "spark.shuffle.sort.bypassMergeThreshold": 282.131896314594, "spark.storage.memoryFraction": 0.8929173062121329, "spark.storage.memoryMapThreshold": 2.5316342084278274}, "datetime": {"datetime": "2022-01-31 04:53:48", "elapsed": 18067.171947, "delta": 189.953149}}
{"target": -157.123, "params": {"spark.broadcast.blockSize": 33.784673416852876, "spark.broadcast.checksum": 0.7267010693503466, "spark.broadcast.compress": 0.6120657846650848, "spark.default.parallelism": 413.7200012899266, "spark.executor.cores": 3.9767235817214397, "spark.executor.instances": 6.788548363866166, "spark.executor.memory": 6.257895979780657, "spark.executor.memoryOverhead": 484.2383857504436, "spark.kryoserializer.buffer": 55.67672769571506, "spark.kryoserializer.buffer.max": 109.2776678421622, "spark.locality.wait": 7.86415150105963, "spark.maxRemoteBlockSizeFetchToMem": 1953318478.4139228, "spark.memory.fraction": 0.8296024523369145, "spark.memory.offHeap.enabled": 0.10794917659008074, "spark.memory.offHeap.size": 583.3207447467956, "spark.memory.storageFraction": 0.8385508766248084, "spark.rdd.compress": 0.7124122358875861, "spark.reducer.maxBlocksInFlightPerAddress": 1867934730.4359987, "spark.reducer.maxReqsInFlight": 1687213456.480598, "spark.reducer.maxSizeInFlight": 61.2564340058941, "spark.scheduler.mode": 0.5523281540022129, "spark.scheduler.revive.interval": 538.7612663593636, "spark.shuffle.compress": 0.2726201561475471, "spark.shuffle.file.buffer": 41.59694228646245, "spark.shuffle.io.numConnectionsPerPeer": 4.485792454973719, "spark.shuffle.sort.bypassMergeThreshold": 172.82265281276324, "spark.storage.memoryFraction": 0.8090550493412336, "spark.storage.memoryMapThreshold": 1.016058002760139}, "datetime": {"datetime": "2022-01-31 04:56:34", "elapsed": 18233.064249, "delta": 165.892302}}
{"target": -179.714, "params": {"spark.broadcast.blockSize": 51.9633337303879, "spark.broadcast.checksum": 0.9913656793391796, "spark.broadcast.compress": 0.23830993221826802, "spark.default.parallelism": 261.6559159756212, "spark.executor.cores": 3.2686781317795064, "spark.executor.instances": 7.979240336960213, "spark.executor.memory": 5.219260289619212, "spark.executor.memoryOverhead": 732.2395331942505, "spark.kryoserializer.buffer": 54.853716153349694, "spark.kryoserializer.buffer.max": 63.41195095617783, "spark.locality.wait": 9.937462679098664, "spark.maxRemoteBlockSizeFetchToMem": 2018324468.7408445, "spark.memory.fraction": 0.7341818412250133, "spark.memory.offHeap.enabled": 0.5156001637470274, "spark.memory.offHeap.size": 936.7296714261383, "spark.memory.storageFraction": 0.6153808952689557, "spark.rdd.compress": 0.39689827701534375, "spark.reducer.maxBlocksInFlightPerAddress": 1508831674.86336, "spark.reducer.maxReqsInFlight": 1148797655.3201222, "spark.reducer.maxSizeInFlight": 67.58013081006007, "spark.scheduler.mode": 0.3050608565834456, "spark.scheduler.revive.interval": 703.331133845816, "spark.shuffle.compress": 0.044552193119112404, "spark.shuffle.file.buffer": 28.911291245215832, "spark.shuffle.io.numConnectionsPerPeer": 3.6939333289714487, "spark.shuffle.sort.bypassMergeThreshold": 260.92596869284364, "spark.storage.memoryFraction": 0.8787714347147385, "spark.storage.memoryMapThreshold": 1.611546063867761}, "datetime": {"datetime": "2022-01-31 04:59:42", "elapsed": 18421.717049, "delta": 188.6528}}
{"target": -160.935, "params": {"spark.broadcast.blockSize": 48.279510869250736, "spark.broadcast.checksum": 0.2113671322227053, "spark.broadcast.compress": 0.36418019369905963, "spark.default.parallelism": 434.03364045586517, "spark.executor.cores": 3.879804579454847, "spark.executor.instances": 7.69254983782376, "spark.executor.memory": 5.370663756135945, "spark.executor.memoryOverhead": 693.9973682507211, "spark.kryoserializer.buffer": 52.39657763584491, "spark.kryoserializer.buffer.max": 110.59513112564143, "spark.locality.wait": 9.187697200840198, "spark.maxRemoteBlockSizeFetchToMem": 1935106388.7557392, "spark.memory.fraction": 0.6998578821179975, "spark.memory.offHeap.enabled": 0.673130781937515, "spark.memory.offHeap.size": 729.1943085482586, "spark.memory.storageFraction": 0.6946689209708286, "spark.rdd.compress": 0.1699931046824552, "spark.reducer.maxBlocksInFlightPerAddress": 2132035724.2414403, "spark.reducer.maxReqsInFlight": 1118522890.727374, "spark.reducer.maxSizeInFlight": 69.79736932138823, "spark.scheduler.mode": 0.8124770315747809, "spark.scheduler.revive.interval": 514.8963787881396, "spark.shuffle.compress": 0.025289116346025042, "spark.shuffle.file.buffer": 41.96626974888658, "spark.shuffle.io.numConnectionsPerPeer": 1.5552721103561984, "spark.shuffle.sort.bypassMergeThreshold": 320.97837693789296, "spark.storage.memoryFraction": 0.7171586700894267, "spark.storage.memoryMapThreshold": 1.344599241561057}, "datetime": {"datetime": "2022-01-31 05:02:32", "elapsed": 18591.468843, "delta": 169.751794}}
{"target": -149.615, "params": {"spark.broadcast.blockSize": 38.85741919035287, "spark.broadcast.checksum": 0.23690063029252928, "spark.broadcast.compress": 0.2351549612591337, "spark.default.parallelism": 265.71723462473636, "spark.executor.cores": 3.744731817328806, "spark.executor.instances": 7.109397893175988, "spark.executor.memory": 5.186872669025302, "spark.executor.memoryOverhead": 493.5925681941917, "spark.kryoserializer.buffer": 93.24683139995074, "spark.kryoserializer.buffer.max": 41.7141876383544, "spark.locality.wait": 8.122271139909998, "spark.maxRemoteBlockSizeFetchToMem": 1487753191.409927, "spark.memory.fraction": 0.6944368433066846, "spark.memory.offHeap.enabled": 0.218772020585416, "spark.memory.offHeap.size": 531.1872672234044, "spark.memory.storageFraction": 0.88784157410895, "spark.rdd.compress": 0.13367818637443618, "spark.reducer.maxBlocksInFlightPerAddress": 1413625944.7598712, "spark.reducer.maxReqsInFlight": 1206117308.0771322, "spark.reducer.maxSizeInFlight": 60.2032839369765, "spark.scheduler.mode": 0.4652613198302986, "spark.scheduler.revive.interval": 606.9994732238994, "spark.shuffle.compress": 0.11923334087375959, "spark.shuffle.file.buffer": 44.165715195107055, "spark.shuffle.io.numConnectionsPerPeer": 2.4896228201390542, "spark.shuffle.sort.bypassMergeThreshold": 194.72529925271962, "spark.storage.memoryFraction": 0.8273036834921135, "spark.storage.memoryMapThreshold": 3.843483197637554}, "datetime": {"datetime": "2022-01-31 05:05:11", "elapsed": 18749.841656, "delta": 158.372813}}
{"target": -154.462, "params": {"spark.broadcast.blockSize": 36.812466531981144, "spark.broadcast.checksum": 0.9977565801653351, "spark.broadcast.compress": 0.29320404735247063, "spark.default.parallelism": 387.1263588198407, "spark.executor.cores": 3.9702081219450305, "spark.executor.instances": 7.597222983400288, "spark.executor.memory": 4.920990983345192, "spark.executor.memoryOverhead": 534.9799664302235, "spark.kryoserializer.buffer": 81.17596392522674, "spark.kryoserializer.buffer.max": 127.7859980363213, "spark.locality.wait": 6.156535308648127, "spark.maxRemoteBlockSizeFetchToMem": 1785860997.4170098, "spark.memory.fraction": 0.8788252683256905, "spark.memory.offHeap.enabled": 0.7069140259046868, "spark.memory.offHeap.size": 580.1500879905925, "spark.memory.storageFraction": 0.725829254294994, "spark.rdd.compress": 0.4081415215697427, "spark.reducer.maxBlocksInFlightPerAddress": 1463033461.0563602, "spark.reducer.maxReqsInFlight": 1129132631.9572456, "spark.reducer.maxSizeInFlight": 61.150279047160325, "spark.scheduler.mode": 0.8106084961010921, "spark.scheduler.revive.interval": 611.8969361707879, "spark.shuffle.compress": 0.04170324022943661, "spark.shuffle.file.buffer": 45.90119478169888, "spark.shuffle.io.numConnectionsPerPeer": 3.1750242565306226, "spark.shuffle.sort.bypassMergeThreshold": 294.41009448166716, "spark.storage.memoryFraction": 0.544097156167346, "spark.storage.memoryMapThreshold": 2.423298488761148}, "datetime": {"datetime": "2022-01-31 05:07:54", "elapsed": 18913.113406, "delta": 163.27175}}
{"target": -159.977, "params": {"spark.broadcast.blockSize": 62.17549554164455, "spark.broadcast.checksum": 0.6413964619032217, "spark.broadcast.compress": 0.44425535719356235, "spark.default.parallelism": 278.566664576582, "spark.executor.cores": 3.628122420056824, "spark.executor.instances": 7.749259418672643, "spark.executor.memory": 6.813671509220498, "spark.executor.memoryOverhead": 553.7563737100056, "spark.kryoserializer.buffer": 61.54678365752612, "spark.kryoserializer.buffer.max": 44.40713121182556, "spark.locality.wait": 8.806737810995205, "spark.maxRemoteBlockSizeFetchToMem": 1761940674.5656815, "spark.memory.fraction": 0.8008966348319845, "spark.memory.offHeap.enabled": 0.41596849020551074, "spark.memory.offHeap.size": 674.8440432882524, "spark.memory.storageFraction": 0.7634965136784788, "spark.rdd.compress": 0.25210372654027735, "spark.reducer.maxBlocksInFlightPerAddress": 1814772565.3406034, "spark.reducer.maxReqsInFlight": 1191585533.780759, "spark.reducer.maxSizeInFlight": 67.19890908566512, "spark.scheduler.mode": 0.8957316964629211, "spark.scheduler.revive.interval": 770.2529202965103, "spark.shuffle.compress": 0.07648117815366995, "spark.shuffle.file.buffer": 24.58587491687284, "spark.shuffle.io.numConnectionsPerPeer": 2.7239741455872473, "spark.shuffle.sort.bypassMergeThreshold": 162.69980591453537, "spark.storage.memoryFraction": 0.8833486894000744, "spark.storage.memoryMapThreshold": 2.6744538255145045}, "datetime": {"datetime": "2022-01-31 05:10:43", "elapsed": 19081.865972, "delta": 168.752566}}
{"target": -147.813, "params": {"spark.broadcast.blockSize": 41.90859493742653, "spark.broadcast.checksum": 0.4936008437477294, "spark.broadcast.compress": 0.04767447192815999, "spark.default.parallelism": 211.93971044191215, "spark.executor.cores": 3.527860243130712, "spark.executor.instances": 7.519871634678289, "spark.executor.memory": 5.1511136621962486, "spark.executor.memoryOverhead": 761.0674719103649, "spark.kryoserializer.buffer": 56.71576253122375, "spark.kryoserializer.buffer.max": 69.99988960335006, "spark.locality.wait": 5.631603707468118, "spark.maxRemoteBlockSizeFetchToMem": 1471142296.3179235, "spark.memory.fraction": 0.8274017263839689, "spark.memory.offHeap.enabled": 0.49099190035177054, "spark.memory.offHeap.size": 680.2997346726195, "spark.memory.storageFraction": 0.7483796697205579, "spark.rdd.compress": 0.4849818945400983, "spark.reducer.maxBlocksInFlightPerAddress": 1424097981.6321485, "spark.reducer.maxReqsInFlight": 1523111427.7965276, "spark.reducer.maxSizeInFlight": 51.90848785752796, "spark.scheduler.mode": 0.6885973733553111, "spark.scheduler.revive.interval": 777.8566686925867, "spark.shuffle.compress": 0.08746751171358691, "spark.shuffle.file.buffer": 37.244543498206575, "spark.shuffle.io.numConnectionsPerPeer": 3.7492125015282216, "spark.shuffle.sort.bypassMergeThreshold": 283.7550795976124, "spark.storage.memoryFraction": 0.8201890656357518, "spark.storage.memoryMapThreshold": 1.5684776957145414}, "datetime": {"datetime": "2022-01-31 05:13:19", "elapsed": 19238.355745, "delta": 156.489773}}
{"target": -173.344, "params": {"spark.broadcast.blockSize": 47.85909997300281, "spark.broadcast.checksum": 0.27176137873296136, "spark.broadcast.compress": 0.20405800264257734, "spark.default.parallelism": 248.5219808115531, "spark.executor.cores": 3.9920181529701417, "spark.executor.instances": 6.458081885382053, "spark.executor.memory": 5.5809895511022205, "spark.executor.memoryOverhead": 806.9388469836333, "spark.kryoserializer.buffer": 75.61309143640875, "spark.kryoserializer.buffer.max": 45.898508983263724, "spark.locality.wait": 7.823910329790059, "spark.maxRemoteBlockSizeFetchToMem": 1807481553.95013, "spark.memory.fraction": 0.6872254905989501, "spark.memory.offHeap.enabled": 0.23264142535045562, "spark.memory.offHeap.size": 1012.054834634303, "spark.memory.storageFraction": 0.8551746956695296, "spark.rdd.compress": 0.47077835057012496, "spark.reducer.maxBlocksInFlightPerAddress": 1446409267.3058558, "spark.reducer.maxReqsInFlight": 1216154143.8869076, "spark.reducer.maxSizeInFlight": 36.546210759858155, "spark.scheduler.mode": 0.8104801251530469, "spark.scheduler.revive.interval": 684.7876943618085, "spark.shuffle.compress": 0.27784196195047395, "spark.shuffle.file.buffer": 31.755677589728453, "spark.shuffle.io.numConnectionsPerPeer": 2.44020964012514, "spark.shuffle.sort.bypassMergeThreshold": 213.10847038534405, "spark.storage.memoryFraction": 0.5352313456561668, "spark.storage.memoryMapThreshold": 1.2737996929897926}, "datetime": {"datetime": "2022-01-31 05:16:21", "elapsed": 19420.486741, "delta": 182.130996}}
{"target": -158.978, "params": {"spark.broadcast.blockSize": 44.52637045221837, "spark.broadcast.checksum": 0.5440294208162622, "spark.broadcast.compress": 0.08232678758519008, "spark.default.parallelism": 379.43108179922524, "spark.executor.cores": 3.944690937221965, "spark.executor.instances": 7.942108424363662, "spark.executor.memory": 3.0734131880636184, "spark.executor.memoryOverhead": 786.6004118692153, "spark.kryoserializer.buffer": 63.637252160489105, "spark.kryoserializer.buffer.max": 59.446894059759636, "spark.locality.wait": 6.540644647709668, "spark.maxRemoteBlockSizeFetchToMem": 1479310735.6462612, "spark.memory.fraction": 0.8705219921645332, "spark.memory.offHeap.enabled": 0.26289903207365917, "spark.memory.offHeap.size": 783.1419360426046, "spark.memory.storageFraction": 0.8329660771027114, "spark.rdd.compress": 0.04504060688390976, "spark.reducer.maxBlocksInFlightPerAddress": 2071638847.5273757, "spark.reducer.maxReqsInFlight": 1151342680.9921064, "spark.reducer.maxSizeInFlight": 48.2137042135159, "spark.scheduler.mode": 0.8709404607191575, "spark.scheduler.revive.interval": 710.1470713638923, "spark.shuffle.compress": 0.1781991931235697, "spark.shuffle.file.buffer": 33.379815853646676, "spark.shuffle.io.numConnectionsPerPeer": 4.598117102810226, "spark.shuffle.sort.bypassMergeThreshold": 232.18758794170049, "spark.storage.memoryFraction": 0.8688490287778152, "spark.storage.memoryMapThreshold": 1.3718664813679744}, "datetime": {"datetime": "2022-01-31 05:19:09", "elapsed": 19588.235737, "delta": 167.748996}}
{"target": -154.491, "params": {"spark.broadcast.blockSize": 42.719635481706156, "spark.broadcast.checksum": 0.1706133432091821, "spark.broadcast.compress": 0.08969213797664732, "spark.default.parallelism": 218.77060774560414, "spark.executor.cores": 3.775086458210844, "spark.executor.instances": 6.544034667925664, "spark.executor.memory": 6.352748971507766, "spark.executor.memoryOverhead": 790.2709820306898, "spark.kryoserializer.buffer": 104.90606885444868, "spark.kryoserializer.buffer.max": 37.18000629232792, "spark.locality.wait": 8.769639902959241, "spark.maxRemoteBlockSizeFetchToMem": 1757876945.5644855, "spark.memory.fraction": 0.626285123481808, "spark.memory.offHeap.enabled": 0.12195616942051135, "spark.memory.offHeap.size": 793.3685070814661, "spark.memory.storageFraction": 0.7780396526021516, "spark.rdd.compress": 0.9095868511612291, "spark.reducer.maxBlocksInFlightPerAddress": 1384305694.6524377, "spark.reducer.maxReqsInFlight": 1206955972.0017622, "spark.reducer.maxSizeInFlight": 58.89968269467043, "spark.scheduler.mode": 0.38665447987598356, "spark.scheduler.revive.interval": 606.9291369071098, "spark.shuffle.compress": 0.20338914471842262, "spark.shuffle.file.buffer": 37.2354269598986, "spark.shuffle.io.numConnectionsPerPeer": 4.19505818692882, "spark.shuffle.sort.bypassMergeThreshold": 349.9783991004334, "spark.storage.memoryFraction": 0.8782875591138151, "spark.storage.memoryMapThreshold": 2.3924369922562976}, "datetime": {"datetime": "2022-01-31 05:21:52", "elapsed": 19751.450997, "delta": 163.21526}}
{"target": -177.846, "params": {"spark.broadcast.blockSize": 53.598694593771256, "spark.broadcast.checksum": 0.06109847380000688, "spark.broadcast.compress": 0.21480697274092808, "spark.default.parallelism": 206.90819581059392, "spark.executor.cores": 3.826661059843139, "spark.executor.instances": 7.303543785179848, "spark.executor.memory": 6.250510189265222, "spark.executor.memoryOverhead": 636.7943906480626, "spark.kryoserializer.buffer": 37.1595284038033, "spark.kryoserializer.buffer.max": 58.36801624445752, "spark.locality.wait": 6.3408416308772475, "spark.maxRemoteBlockSizeFetchToMem": 1199906266.2369967, "spark.memory.fraction": 0.6214536958375496, "spark.memory.offHeap.enabled": 0.08143345943052904, "spark.memory.offHeap.size": 788.2979915022714, "spark.memory.storageFraction": 0.8190965914581776, "spark.rdd.compress": 0.5681121057640024, "spark.reducer.maxBlocksInFlightPerAddress": 1117684887.045919, "spark.reducer.maxReqsInFlight": 1288017666.0028124, "spark.reducer.maxSizeInFlight": 29.032734601943147, "spark.scheduler.mode": 0.39856148891541054, "spark.scheduler.revive.interval": 610.729519165363, "spark.shuffle.compress": 0.177991599604703, "spark.shuffle.file.buffer": 41.16653340409124, "spark.shuffle.io.numConnectionsPerPeer": 1.2002367059660184, "spark.shuffle.sort.bypassMergeThreshold": 249.23518323555615, "spark.storage.memoryFraction": 0.7733415231993738, "spark.storage.memoryMapThreshold": 2.005563011088667}, "datetime": {"datetime": "2022-01-31 05:24:59", "elapsed": 19938.164984, "delta": 186.713987}}
{"target": -176.871, "params": {"spark.broadcast.blockSize": 35.80255150728752, "spark.broadcast.checksum": 0.3925191170462984, "spark.broadcast.compress": 0.2679719217564098, "spark.default.parallelism": 318.34317603638897, "spark.executor.cores": 3.773819992146532, "spark.executor.instances": 5.593918016328853, "spark.executor.memory": 4.790498100524816, "spark.executor.memoryOverhead": 559.9014948798572, "spark.kryoserializer.buffer": 57.49639455620188, "spark.kryoserializer.buffer.max": 53.90174507555343, "spark.locality.wait": 7.226986295251779, "spark.maxRemoteBlockSizeFetchToMem": 1487655204.7750382, "spark.memory.fraction": 0.7291807777444236, "spark.memory.offHeap.enabled": 0.6063174300784309, "spark.memory.offHeap.size": 595.395695106419, "spark.memory.storageFraction": 0.8050422833080869, "spark.rdd.compress": 0.0403477454533514, "spark.reducer.maxBlocksInFlightPerAddress": 1331173471.1353364, "spark.reducer.maxReqsInFlight": 1454689236.299303, "spark.reducer.maxSizeInFlight": 53.307772581611665, "spark.scheduler.mode": 0.26863347684975136, "spark.scheduler.revive.interval": 672.1954532359076, "spark.shuffle.compress": 0.038630634140898956, "spark.shuffle.file.buffer": 41.70162723552613, "spark.shuffle.io.numConnectionsPerPeer": 3.4922792168382366, "spark.shuffle.sort.bypassMergeThreshold": 312.5243629357924, "spark.storage.memoryFraction": 0.8313246267767289, "spark.storage.memoryMapThreshold": 1.4828809616902503}, "datetime": {"datetime": "2022-01-31 05:28:04", "elapsed": 20123.689466, "delta": 185.524482}}
{"target": -153.932, "params": {"spark.broadcast.blockSize": 52.01161588342006, "spark.broadcast.checksum": 0.36959777848726805, "spark.broadcast.compress": 0.4573626232702316, "spark.default.parallelism": 205.9753990916869, "spark.executor.cores": 3.9472787873991413, "spark.executor.instances": 7.837959300912509, "spark.executor.memory": 6.459210965525559, "spark.executor.memoryOverhead": 827.8712967702756, "spark.kryoserializer.buffer": 34.30357237998423, "spark.kryoserializer.buffer.max": 86.1509611144572, "spark.locality.wait": 9.259157670066115, "spark.maxRemoteBlockSizeFetchToMem": 1935573262.3866158, "spark.memory.fraction": 0.6510244971917756, "spark.memory.offHeap.enabled": 0.3404074333279382, "spark.memory.offHeap.size": 667.8092910440399, "spark.memory.storageFraction": 0.6679829913148112, "spark.rdd.compress": 0.7039562005649853, "spark.reducer.maxBlocksInFlightPerAddress": 1385523717.9790726, "spark.reducer.maxReqsInFlight": 1365648549.4557312, "spark.reducer.maxSizeInFlight": 69.99416382496847, "spark.scheduler.mode": 0.7585425149014625, "spark.scheduler.revive.interval": 540.5443845552627, "spark.shuffle.compress": 0.12497205696581426, "spark.shuffle.file.buffer": 30.924131952903473, "spark.shuffle.io.numConnectionsPerPeer": 3.0682599434268716, "spark.shuffle.sort.bypassMergeThreshold": 210.60374231755145, "spark.storage.memoryFraction": 0.792128587899556, "spark.storage.memoryMapThreshold": 1.4067736735638832}, "datetime": {"datetime": "2022-01-31 05:30:47", "elapsed": 20286.464799, "delta": 162.775333}}
