{"target": -185.323, "params": {"spark.broadcast.blockSize": 63.26015255197221, "spark.broadcast.checksum": 0.6624737856415872, "spark.broadcast.compress": 0.11379313766476351, "spark.default.parallelism": 406.75443561913403, "spark.executor.cores": 3.578583521945772, "spark.executor.instances": 6.750155520395172, "spark.executor.memory": 5.634409611579508, "spark.executor.memoryOverhead": 468.4717571397161, "spark.kryoserializer.buffer": 56.25648500645547, "spark.kryoserializer.buffer.max": 116.67941458943699, "spark.locality.wait": 9.21934395036764, "spark.maxRemoteBlockSizeFetchToMem": 1652458552.6799283, "spark.memory.fraction": 0.8445333245120449, "spark.memory.offHeap.enabled": 0.5441079143666898, "spark.memory.offHeap.size": 718.2775945557639, "spark.memory.storageFraction": 0.804989533515992, "spark.rdd.compress": 0.16722244813221843, "spark.reducer.maxBlocksInFlightPerAddress": 1115959848.8217149, "spark.reducer.maxReqsInFlight": 1763097605.544961, "spark.reducer.maxSizeInFlight": 30.738399839926366, "spark.scheduler.mode": 0.6767587267470562, "spark.scheduler.revive.interval": 524.4588877423373, "spark.shuffle.compress": 0.31827709025493045, "spark.shuffle.file.buffer": 30.205244739897637, "spark.shuffle.io.numConnectionsPerPeer": 3.739238525420362, "spark.shuffle.sort.bypassMergeThreshold": 193.53935641874554, "spark.storage.memoryFraction": 0.8774061298979283, "spark.storage.memoryMapThreshold": 1.2855231677463923}, "datetime": {"datetime": "2022-01-31 01:29:37", "elapsed": 5816.482546, "delta": 194.033719}}
{"target": -187.762, "params": {"spark.broadcast.blockSize": 36.250025761049, "spark.broadcast.checksum": 0.690639014742317, "spark.broadcast.compress": 0.9515420355965101, "spark.default.parallelism": 404.42133749781567, "spark.executor.cores": 3.960726731860155, "spark.executor.instances": 7.0726107141556485, "spark.executor.memory": 6.494485182546406, "spark.executor.memoryOverhead": 756.8790084403897, "spark.kryoserializer.buffer": 92.81038924190709, "spark.kryoserializer.buffer.max": 40.46851991876915, "spark.locality.wait": 7.415473044627985, "spark.maxRemoteBlockSizeFetchToMem": 1629921768.9163718, "spark.memory.fraction": 0.6737063560962289, "spark.memory.offHeap.enabled": 0.5414091974045804, "spark.memory.offHeap.size": 586.7164543055374, "spark.memory.storageFraction": 0.8324131383496125, "spark.rdd.compress": 0.5082273082548392, "spark.reducer.maxBlocksInFlightPerAddress": 1638157304.3209066, "spark.reducer.maxReqsInFlight": 1619997671.183616, "spark.reducer.maxSizeInFlight": 43.74097945110858, "spark.scheduler.mode": 0.8038818605694023, "spark.scheduler.revive.interval": 577.3227600153161, "spark.shuffle.compress": 0.15104315376018285, "spark.shuffle.file.buffer": 34.95308828851519, "spark.shuffle.io.numConnectionsPerPeer": 1.4500233546844972, "spark.shuffle.sort.bypassMergeThreshold": 158.75378613266474, "spark.storage.memoryFraction": 0.7857509134125653, "spark.storage.memoryMapThreshold": 2.479502109509744}, "datetime": {"datetime": "2022-01-31 01:32:54", "elapsed": 6012.949385, "delta": 196.466839}}
{"target": -173.364, "params": {"spark.broadcast.blockSize": 45.890366083245354, "spark.broadcast.checksum": 0.8709973189967608, "spark.broadcast.compress": 0.03447501859886182, "spark.default.parallelism": 250.22864839115758, "spark.executor.cores": 3.622974955433453, "spark.executor.instances": 6.296118975867319, "spark.executor.memory": 5.496058920050846, "spark.executor.memoryOverhead": 468.64608159308597, "spark.kryoserializer.buffer": 32.104895420619556, "spark.kryoserializer.buffer.max": 53.694718800443034, "spark.locality.wait": 7.249933751893788, "spark.maxRemoteBlockSizeFetchToMem": 1615643809.3075447, "spark.memory.fraction": 0.542360334322959, "spark.memory.offHeap.enabled": 0.19019849669149158, "spark.memory.offHeap.size": 1003.4094482027392, "spark.memory.storageFraction": 0.6774528614391235, "spark.rdd.compress": 0.4087881042728003, "spark.reducer.maxBlocksInFlightPerAddress": 1730315525.1392026, "spark.reducer.maxReqsInFlight": 2031110349.798139, "spark.reducer.maxSizeInFlight": 29.620793145149328, "spark.scheduler.mode": 0.7364837595730808, "spark.scheduler.revive.interval": 507.47339550993325, "spark.shuffle.compress": 0.04810122916224113, "spark.shuffle.file.buffer": 26.854494725124944, "spark.shuffle.io.numConnectionsPerPeer": 3.7972199009106853, "spark.shuffle.sort.bypassMergeThreshold": 163.39254513040643, "spark.storage.memoryFraction": 0.8850371113913951, "spark.storage.memoryMapThreshold": 1.4017655182823385}, "datetime": {"datetime": "2022-01-31 01:35:56", "elapsed": 6195.196692, "delta": 182.247307}}
{"target": -160.6, "params": {"spark.broadcast.blockSize": 33.52764472958931, "spark.broadcast.checksum": 0.5857338629696589, "spark.broadcast.compress": 0.10623975798567198, "spark.default.parallelism": 397.49302329933846, "spark.executor.cores": 3.736846767458792, "spark.executor.instances": 7.680450974041904, "spark.executor.memory": 5.90027389463687, "spark.executor.memoryOverhead": 440.1124291516031, "spark.kryoserializer.buffer": 56.19909383980227, "spark.kryoserializer.buffer.max": 44.06220679252942, "spark.locality.wait": 4.34800241719145, "spark.maxRemoteBlockSizeFetchToMem": 1611011799.8977735, "spark.memory.fraction": 0.8284023012907269, "spark.memory.offHeap.enabled": 0.7535955950468665, "spark.memory.offHeap.size": 836.6929916812305, "spark.memory.storageFraction": 0.7960019887415586, "spark.rdd.compress": 0.15635989561290164, "spark.reducer.maxBlocksInFlightPerAddress": 1272112712.2133589, "spark.reducer.maxReqsInFlight": 1780572772.330656, "spark.reducer.maxSizeInFlight": 55.23494586706787, "spark.scheduler.mode": 0.5431858723103424, "spark.scheduler.revive.interval": 642.6825824946882, "spark.shuffle.compress": 0.4342265677265972, "spark.shuffle.file.buffer": 32.40193628281766, "spark.shuffle.io.numConnectionsPerPeer": 3.8305730315698456, "spark.shuffle.sort.bypassMergeThreshold": 266.3541647048055, "spark.storage.memoryFraction": 0.8597625759592156, "spark.storage.memoryMapThreshold": 1.8746578851838596}, "datetime": {"datetime": "2022-01-31 01:38:45", "elapsed": 6364.534908, "delta": 169.338216}}
{"target": -178.35, "params": {"spark.broadcast.blockSize": 45.74342103831471, "spark.broadcast.checksum": 0.6937381960063023, "spark.broadcast.compress": 0.37425550689948217, "spark.default.parallelism": 425.28744669473275, "spark.executor.cores": 3.9138541059455387, "spark.executor.instances": 6.902333709567319, "spark.executor.memory": 6.029610925188239, "spark.executor.memoryOverhead": 589.2625494022847, "spark.kryoserializer.buffer": 76.74011886510563, "spark.kryoserializer.buffer.max": 81.7845705822906, "spark.locality.wait": 6.762449486018867, "spark.maxRemoteBlockSizeFetchToMem": 1473862257.0895858, "spark.memory.fraction": 0.5787486362762794, "spark.memory.offHeap.enabled": 0.6490885479105133, "spark.memory.offHeap.size": 1023.165714954061, "spark.memory.storageFraction": 0.7496154662637973, "spark.rdd.compress": 0.5885502219644212, "spark.reducer.maxBlocksInFlightPerAddress": 1298408199.9919305, "spark.reducer.maxReqsInFlight": 1873387089.4367561, "spark.reducer.maxSizeInFlight": 54.65406629448349, "spark.scheduler.mode": 0.16755408482154044, "spark.scheduler.revive.interval": 549.7105332870345, "spark.shuffle.compress": 0.17177323033269842, "spark.shuffle.file.buffer": 25.875436499384104, "spark.shuffle.io.numConnectionsPerPeer": 4.975241305412123, "spark.shuffle.sort.bypassMergeThreshold": 180.09584628797543, "spark.storage.memoryFraction": 0.8888393279985236, "spark.storage.memoryMapThreshold": 2.534090807366217}, "datetime": {"datetime": "2022-01-31 01:41:52", "elapsed": 6551.68636, "delta": 187.151452}}
{"target": -152.671, "params": {"spark.broadcast.blockSize": 32.71105544269623, "spark.broadcast.checksum": 0.8933559782279159, "spark.broadcast.compress": 0.39938034997992733, "spark.default.parallelism": 271.82033034748764, "spark.executor.cores": 3.796821225238958, "spark.executor.instances": 7.974457196723535, "spark.executor.memory": 4.920645505199937, "spark.executor.memoryOverhead": 619.2069853294795, "spark.kryoserializer.buffer": 98.44880321638352, "spark.kryoserializer.buffer.max": 102.38128191148643, "spark.locality.wait": 6.163307690618119, "spark.maxRemoteBlockSizeFetchToMem": 1437152248.537928, "spark.memory.fraction": 0.8927425474011047, "spark.memory.offHeap.enabled": 0.6799964782007374, "spark.memory.offHeap.size": 552.9594742211881, "spark.memory.storageFraction": 0.6756158131141837, "spark.rdd.compress": 0.06686492430617696, "spark.reducer.maxBlocksInFlightPerAddress": 1357069108.9906664, "spark.reducer.maxReqsInFlight": 1096139757.326879, "spark.reducer.maxSizeInFlight": 56.11356288919956, "spark.scheduler.mode": 0.490918926604863, "spark.scheduler.revive.interval": 574.4401282501183, "spark.shuffle.compress": 0.3619327338304149, "spark.shuffle.file.buffer": 46.63320482014882, "spark.shuffle.io.numConnectionsPerPeer": 3.900793296986026, "spark.shuffle.sort.bypassMergeThreshold": 208.6685868182669, "spark.storage.memoryFraction": 0.7843742312706503, "spark.storage.memoryMapThreshold": 2.8322307490064587}, "datetime": {"datetime": "2022-01-31 01:44:34", "elapsed": 6713.15632, "delta": 161.46996}}
{"target": -191.026, "params": {"spark.broadcast.blockSize": 32.53134350389514, "spark.broadcast.checksum": 0.2455420069875609, "spark.broadcast.compress": 0.4823326428819381, "spark.default.parallelism": 328.32678223531616, "spark.executor.cores": 3.8822006390111614, "spark.executor.instances": 7.418663853792227, "spark.executor.memory": 6.844693607322691, "spark.executor.memoryOverhead": 600.4684485910568, "spark.kryoserializer.buffer": 59.56850052438178, "spark.kryoserializer.buffer.max": 99.56277844206464, "spark.locality.wait": 9.660750077774145, "spark.maxRemoteBlockSizeFetchToMem": 1619895884.971371, "spark.memory.fraction": 0.593419403660705, "spark.memory.offHeap.enabled": 0.301224826536455, "spark.memory.offHeap.size": 668.7749229770553, "spark.memory.storageFraction": 0.5583190865438618, "spark.rdd.compress": 0.12138870661709544, "spark.reducer.maxBlocksInFlightPerAddress": 1753878066.868146, "spark.reducer.maxReqsInFlight": 1549662424.4661212, "spark.reducer.maxSizeInFlight": 57.445470630762415, "spark.scheduler.mode": 0.6679889122146734, "spark.scheduler.revive.interval": 671.565681499744, "spark.shuffle.compress": 0.5413683500479994, "spark.shuffle.file.buffer": 46.354613839641644, "spark.shuffle.io.numConnectionsPerPeer": 3.545741419328687, "spark.shuffle.sort.bypassMergeThreshold": 211.97960655901466, "spark.storage.memoryFraction": 0.8770719837588767, "spark.storage.memoryMapThreshold": 1.701409157808896}, "datetime": {"datetime": "2022-01-31 01:47:54", "elapsed": 6913.104692, "delta": 199.948372}}
{"target": -160.623, "params": {"spark.broadcast.blockSize": 35.87759400068279, "spark.broadcast.checksum": 0.5135570114184315, "spark.broadcast.compress": 0.7553710130296754, "spark.default.parallelism": 227.06340692907128, "spark.executor.cores": 3.9871164728596176, "spark.executor.instances": 7.667785567754317, "spark.executor.memory": 3.828018090816124, "spark.executor.memoryOverhead": 724.2707639750473, "spark.kryoserializer.buffer": 97.87559499716703, "spark.kryoserializer.buffer.max": 55.71283796530948, "spark.locality.wait": 8.701816913666205, "spark.maxRemoteBlockSizeFetchToMem": 1743347810.2183552, "spark.memory.fraction": 0.639117410917099, "spark.memory.offHeap.enabled": 0.7334917574000961, "spark.memory.offHeap.size": 771.8672850016433, "spark.memory.storageFraction": 0.8414389321835425, "spark.rdd.compress": 0.13467204510050368, "spark.reducer.maxBlocksInFlightPerAddress": 1132914600.5746763, "spark.reducer.maxReqsInFlight": 1938809947.8964832, "spark.reducer.maxSizeInFlight": 64.78023431478618, "spark.scheduler.mode": 0.9314101182227713, "spark.scheduler.revive.interval": 509.12613914131765, "spark.shuffle.compress": 0.7176553898115067, "spark.shuffle.file.buffer": 35.58772076277067, "spark.shuffle.io.numConnectionsPerPeer": 4.995244816125514, "spark.shuffle.sort.bypassMergeThreshold": 230.03767885528148, "spark.storage.memoryFraction": 0.8171897254385809, "spark.storage.memoryMapThreshold": 2.2408855571048045}, "datetime": {"datetime": "2022-01-31 01:50:43", "elapsed": 7082.432981, "delta": 169.328289}}
{"target": -181.505, "params": {"spark.broadcast.blockSize": 34.573532516778485, "spark.broadcast.checksum": 0.8831896929618636, "spark.broadcast.compress": 0.697895635950081, "spark.default.parallelism": 445.26192283058515, "spark.executor.cores": 3.8665629753273194, "spark.executor.instances": 6.0482480753517684, "spark.executor.memory": 5.100269950151979, "spark.executor.memoryOverhead": 685.1577431277146, "spark.kryoserializer.buffer": 40.82656071673428, "spark.kryoserializer.buffer.max": 65.16862604606433, "spark.locality.wait": 6.199657266755781, "spark.maxRemoteBlockSizeFetchToMem": 1643375307.795566, "spark.memory.fraction": 0.7524402572469939, "spark.memory.offHeap.enabled": 0.452771468895533, "spark.memory.offHeap.size": 701.9929787000217, "spark.memory.storageFraction": 0.5323563124926006, "spark.rdd.compress": 0.5151724302382392, "spark.reducer.maxBlocksInFlightPerAddress": 1208396605.4276366, "spark.reducer.maxReqsInFlight": 1853046226.1905992, "spark.reducer.maxSizeInFlight": 57.6698543220831, "spark.scheduler.mode": 0.9686209594107067, "spark.scheduler.revive.interval": 562.4824963173596, "spark.shuffle.compress": 0.6502902788484136, "spark.shuffle.file.buffer": 41.16248482169852, "spark.shuffle.io.numConnectionsPerPeer": 3.1269637691888805, "spark.shuffle.sort.bypassMergeThreshold": 157.47471116240425, "spark.storage.memoryFraction": 0.8594761893321557, "spark.storage.memoryMapThreshold": 1.9591679242569826}, "datetime": {"datetime": "2022-01-31 01:53:53", "elapsed": 7272.628924, "delta": 190.195943}}
{"target": -182.17, "params": {"spark.broadcast.blockSize": 40.451990635055836, "spark.broadcast.checksum": 0.5921376837397284, "spark.broadcast.compress": 0.1211260090856, "spark.default.parallelism": 403.123238940388, "spark.executor.cores": 3.3288320633782016, "spark.executor.instances": 7.842210842146282, "spark.executor.memory": 4.048216376695413, "spark.executor.memoryOverhead": 530.0547021352897, "spark.kryoserializer.buffer": 121.57773985190467, "spark.kryoserializer.buffer.max": 63.21919216994105, "spark.locality.wait": 9.83758594027892, "spark.maxRemoteBlockSizeFetchToMem": 1132552085.2203662, "spark.memory.fraction": 0.7310194652679685, "spark.memory.offHeap.enabled": 0.6325732141001743, "spark.memory.offHeap.size": 628.3992785701224, "spark.memory.storageFraction": 0.79422725454648, "spark.rdd.compress": 0.14671423195077926, "spark.reducer.maxBlocksInFlightPerAddress": 1119364345.3213086, "spark.reducer.maxReqsInFlight": 1444928010.4129794, "spark.reducer.maxSizeInFlight": 59.744534101898765, "spark.scheduler.mode": 0.8651110349941843, "spark.scheduler.revive.interval": 525.484391400689, "spark.shuffle.compress": 0.45878310298595604, "spark.shuffle.file.buffer": 39.75341865743416, "spark.shuffle.io.numConnectionsPerPeer": 3.8074049940171193, "spark.shuffle.sort.bypassMergeThreshold": 181.1607800287697, "spark.storage.memoryFraction": 0.8553068810993685, "spark.storage.memoryMapThreshold": 1.2794658257331304}, "datetime": {"datetime": "2022-01-31 01:57:04", "elapsed": 7463.397463, "delta": 190.768539}}
{"target": -185.527, "params": {"spark.broadcast.blockSize": 34.063100084818345, "spark.broadcast.checksum": 0.6029320731716632, "spark.broadcast.compress": 0.5821260483708149, "spark.default.parallelism": 279.7780707734324, "spark.executor.cores": 3.8020963050980985, "spark.executor.instances": 7.17869477586983, "spark.executor.memory": 3.670299146758769, "spark.executor.memoryOverhead": 692.1101729463494, "spark.kryoserializer.buffer": 59.31401077865716, "spark.kryoserializer.buffer.max": 72.27756134640461, "spark.locality.wait": 8.297419759601333, "spark.maxRemoteBlockSizeFetchToMem": 1341550798.0812025, "spark.memory.fraction": 0.8858125232062792, "spark.memory.offHeap.enabled": 0.29608511112515545, "spark.memory.offHeap.size": 973.6645900716262, "spark.memory.storageFraction": 0.5398967743710017, "spark.rdd.compress": 0.07570034466668785, "spark.reducer.maxBlocksInFlightPerAddress": 1305813770.8164, "spark.reducer.maxReqsInFlight": 1298857988.438197, "spark.reducer.maxSizeInFlight": 33.972330121911654, "spark.scheduler.mode": 0.23928675152333823, "spark.scheduler.revive.interval": 682.7539732221576, "spark.shuffle.compress": 0.299193261261389, "spark.shuffle.file.buffer": 27.04302287883537, "spark.shuffle.io.numConnectionsPerPeer": 4.484646604140224, "spark.shuffle.sort.bypassMergeThreshold": 195.3860381755544, "spark.storage.memoryFraction": 0.8783881950295147, "spark.storage.memoryMapThreshold": 2.805326113298429}, "datetime": {"datetime": "2022-01-31 02:00:18", "elapsed": 7657.736103, "delta": 194.33864}}
{"target": -164.365, "params": {"spark.broadcast.blockSize": 35.24036827034119, "spark.broadcast.checksum": 0.7886383674161053, "spark.broadcast.compress": 0.9389977062238478, "spark.default.parallelism": 430.6517490980842, "spark.executor.cores": 3.972859972535263, "spark.executor.instances": 7.600906500326806, "spark.executor.memory": 4.092137966271926, "spark.executor.memoryOverhead": 873.9314428698603, "spark.kryoserializer.buffer": 53.897071969024296, "spark.kryoserializer.buffer.max": 84.26197208746365, "spark.locality.wait": 8.361136357516436, "spark.maxRemoteBlockSizeFetchToMem": 1430425124.1687965, "spark.memory.fraction": 0.8460939947726374, "spark.memory.offHeap.enabled": 0.4849839596951957, "spark.memory.offHeap.size": 556.2039974315613, "spark.memory.storageFraction": 0.6627521615535076, "spark.rdd.compress": 0.07986285330349363, "spark.reducer.maxBlocksInFlightPerAddress": 1557414580.1519089, "spark.reducer.maxReqsInFlight": 1612321029.7954285, "spark.reducer.maxSizeInFlight": 50.73319039282521, "spark.scheduler.mode": 0.25760499309432683, "spark.scheduler.revive.interval": 654.8586565433561, "spark.shuffle.compress": 0.2340119488947684, "spark.shuffle.file.buffer": 42.57961942106224, "spark.shuffle.io.numConnectionsPerPeer": 3.4551207480103545, "spark.shuffle.sort.bypassMergeThreshold": 210.0250493183811, "spark.storage.memoryFraction": 0.754427740261281, "spark.storage.memoryMapThreshold": 2.5376553454761823}, "datetime": {"datetime": "2022-01-31 02:03:11", "elapsed": 7830.655014, "delta": 172.918911}}
{"target": -183.15, "params": {"spark.broadcast.blockSize": 38.236106748185364, "spark.broadcast.checksum": 0.9912985643263271, "spark.broadcast.compress": 0.4653925912650554, "spark.default.parallelism": 230.94491160964233, "spark.executor.cores": 3.523939641482195, "spark.executor.instances": 6.206655643801578, "spark.executor.memory": 6.398825220568813, "spark.executor.memoryOverhead": 646.2678043642452, "spark.kryoserializer.buffer": 69.76812194599549, "spark.kryoserializer.buffer.max": 57.13238851419948, "spark.locality.wait": 7.236117521505877, "spark.maxRemoteBlockSizeFetchToMem": 1656390572.907243, "spark.memory.fraction": 0.8637944880130464, "spark.memory.offHeap.enabled": 0.2970168073739625, "spark.memory.offHeap.size": 677.5428846394904, "spark.memory.storageFraction": 0.6378313788513564, "spark.rdd.compress": 0.3330434155077362, "spark.reducer.maxBlocksInFlightPerAddress": 1661527756.4601545, "spark.reducer.maxReqsInFlight": 1390587177.8869152, "spark.reducer.maxSizeInFlight": 32.391231936361805, "spark.scheduler.mode": 0.17184246570999628, "spark.scheduler.revive.interval": 501.6724449022728, "spark.shuffle.compress": 0.36972003595780834, "spark.shuffle.file.buffer": 40.34803057627475, "spark.shuffle.io.numConnectionsPerPeer": 3.0856282174418075, "spark.shuffle.sort.bypassMergeThreshold": 262.1637564410912, "spark.storage.memoryFraction": 0.7897558536403448, "spark.storage.memoryMapThreshold": 1.3555287081730116}, "datetime": {"datetime": "2022-01-31 02:06:23", "elapsed": 8022.593048, "delta": 191.938034}}
{"target": -162.703, "params": {"spark.broadcast.blockSize": 33.00468276270101, "spark.broadcast.checksum": 0.5707236065957241, "spark.broadcast.compress": 0.3241123824122024, "spark.default.parallelism": 340.4794972271346, "spark.executor.cores": 3.862143589889954, "spark.executor.instances": 7.705646340174828, "spark.executor.memory": 5.551015330135731, "spark.executor.memoryOverhead": 693.1218780770437, "spark.kryoserializer.buffer": 44.53305288225084, "spark.kryoserializer.buffer.max": 79.77821289009027, "spark.locality.wait": 8.247040228353328, "spark.maxRemoteBlockSizeFetchToMem": 1794614274.0122027, "spark.memory.fraction": 0.5609330491953042, "spark.memory.offHeap.enabled": 0.46448336347288444, "spark.memory.offHeap.size": 903.78673194961, "spark.memory.storageFraction": 0.6473140198776479, "spark.rdd.compress": 0.4777292843963765, "spark.reducer.maxBlocksInFlightPerAddress": 1322982478.3197098, "spark.reducer.maxReqsInFlight": 1803703538.371527, "spark.reducer.maxSizeInFlight": 49.483800031768894, "spark.scheduler.mode": 0.05815605377902089, "spark.scheduler.revive.interval": 506.43084701360664, "spark.shuffle.compress": 0.38724805309669275, "spark.shuffle.file.buffer": 38.90761695313592, "spark.shuffle.io.numConnectionsPerPeer": 3.957300860775898, "spark.shuffle.sort.bypassMergeThreshold": 293.0710521806135, "spark.storage.memoryFraction": 0.7113749581715342, "spark.storage.memoryMapThreshold": 1.24164681301919}, "datetime": {"datetime": "2022-01-31 02:09:15", "elapsed": 8194.101813, "delta": 171.508765}}
