{"target": -154.373, "params": {"spark.broadcast.blockSize": 54.93498167249324, "spark.broadcast.checksum": 0.7777185206676064, "spark.broadcast.compress": 0.1694752019416318, "spark.default.parallelism": 241.79372202223567, "spark.executor.cores": 3.763140051564462, "spark.executor.instances": 7.773647798982094, "spark.executor.memory": 4.2987320099818245, "spark.executor.memoryOverhead": 527.8965505256987, "spark.kryoserializer.buffer": 74.13810688319003, "spark.kryoserializer.buffer.max": 74.08167920472422, "spark.locality.wait": 7.554814390416961, "spark.maxRemoteBlockSizeFetchToMem": 1517327379.6120203, "spark.memory.fraction": 0.8162910296451202, "spark.memory.offHeap.enabled": 0.2511125518314221, "spark.memory.offHeap.size": 534.1682083604998, "spark.memory.storageFraction": 0.8562343955518721, "spark.rdd.compress": 0.2763250251037338, "spark.reducer.maxBlocksInFlightPerAddress": 1432746814.308091, "spark.reducer.maxReqsInFlight": 1193095072.886933, "spark.reducer.maxSizeInFlight": 55.19166447239436, "spark.scheduler.mode": 0.2823472978350561, "spark.scheduler.revive.interval": 579.4228684227438, "spark.shuffle.compress": 0.3729074871190631, "spark.shuffle.file.buffer": 40.41563594276928, "spark.shuffle.io.numConnectionsPerPeer": 3.813820982920209, "spark.shuffle.sort.bypassMergeThreshold": 165.9974655221415, "spark.storage.memoryFraction": 0.8871174078617567, "spark.storage.memoryMapThreshold": 2.7337226566185655}, "datetime": {"datetime": "2022-01-31 02:52:11", "elapsed": 10770.052081, "delta": 163.162503}}
{"target": -179.803, "params": {"spark.broadcast.blockSize": 37.29562152140798, "spark.broadcast.checksum": 0.41004626909271613, "spark.broadcast.compress": 0.939938966743826, "spark.default.parallelism": 241.62796540306402, "spark.executor.cores": 3.2992298548582033, "spark.executor.instances": 7.972349286841696, "spark.executor.memory": 5.224555306123262, "spark.executor.memoryOverhead": 740.1340271675651, "spark.kryoserializer.buffer": 39.724515722485684, "spark.kryoserializer.buffer.max": 63.70828573796259, "spark.locality.wait": 7.997080202666255, "spark.maxRemoteBlockSizeFetchToMem": 2098489146.5573568, "spark.memory.fraction": 0.8173875994230759, "spark.memory.offHeap.enabled": 0.08983630534271558, "spark.memory.offHeap.size": 587.6839097252177, "spark.memory.storageFraction": 0.8196929395744046, "spark.rdd.compress": 0.2634472501042905, "spark.reducer.maxBlocksInFlightPerAddress": 1250936452.9742432, "spark.reducer.maxReqsInFlight": 1907084514.0512743, "spark.reducer.maxSizeInFlight": 34.551037518588814, "spark.scheduler.mode": 0.39210949534249195, "spark.scheduler.revive.interval": 586.6454359233081, "spark.shuffle.compress": 0.15111387356917783, "spark.shuffle.file.buffer": 37.60301862027143, "spark.shuffle.io.numConnectionsPerPeer": 3.3704109198048613, "spark.shuffle.sort.bypassMergeThreshold": 200.5962495662571, "spark.storage.memoryFraction": 0.8313632903164541, "spark.storage.memoryMapThreshold": 2.099911876820646}, "datetime": {"datetime": "2022-01-31 02:55:19", "elapsed": 10958.564803, "delta": 188.512722}}
{"target": -150.641, "params": {"spark.broadcast.blockSize": 39.29140616197184, "spark.broadcast.checksum": 0.9978820531904735, "spark.broadcast.compress": 0.2568697257064645, "spark.default.parallelism": 217.91618804940794, "spark.executor.cores": 3.945002683594638, "spark.executor.instances": 7.767516175602782, "spark.executor.memory": 3.498240882277353, "spark.executor.memoryOverhead": 566.8680113273473, "spark.kryoserializer.buffer": 105.03935266746495, "spark.kryoserializer.buffer.max": 96.19684866927291, "spark.locality.wait": 9.376843402065308, "spark.maxRemoteBlockSizeFetchToMem": 1972980958.4422574, "spark.memory.fraction": 0.5570682337936954, "spark.memory.offHeap.enabled": 0.49083012350344524, "spark.memory.offHeap.size": 868.5569260428208, "spark.memory.storageFraction": 0.6002350381094254, "spark.rdd.compress": 0.28625384327935643, "spark.reducer.maxBlocksInFlightPerAddress": 1530459398.47729, "spark.reducer.maxReqsInFlight": 1249541992.6318824, "spark.reducer.maxSizeInFlight": 61.632956261871236, "spark.scheduler.mode": 0.4067731192183196, "spark.scheduler.revive.interval": 528.5057652331445, "spark.shuffle.compress": 0.3934163591773129, "spark.shuffle.file.buffer": 39.87083408285298, "spark.shuffle.io.numConnectionsPerPeer": 4.028979093102047, "spark.shuffle.sort.bypassMergeThreshold": 240.5488634605669, "spark.storage.memoryFraction": 0.8917488221138021, "spark.storage.memoryMapThreshold": 1.0830881217881645}, "datetime": {"datetime": "2022-01-31 02:57:59", "elapsed": 11117.930214, "delta": 159.365411}}
{"target": -153.149, "params": {"spark.broadcast.blockSize": 57.27632694300168, "spark.broadcast.checksum": 0.9755823985732506, "spark.broadcast.compress": 0.16306608390101351, "spark.default.parallelism": 205.15060400873367, "spark.executor.cores": 3.8732611202250347, "spark.executor.instances": 6.965066352397107, "spark.executor.memory": 5.552039281418619, "spark.executor.memoryOverhead": 524.0122483006717, "spark.kryoserializer.buffer": 53.81732543047722, "spark.kryoserializer.buffer.max": 77.22932294544867, "spark.locality.wait": 9.297575378705147, "spark.maxRemoteBlockSizeFetchToMem": 1867899853.4324112, "spark.memory.fraction": 0.72152191952745, "spark.memory.offHeap.enabled": 0.7201656366527405, "spark.memory.offHeap.size": 821.1420188262487, "spark.memory.storageFraction": 0.7557119449364218, "spark.rdd.compress": 0.04806731694283006, "spark.reducer.maxBlocksInFlightPerAddress": 1195261283.3132567, "spark.reducer.maxReqsInFlight": 1136707170.7583268, "spark.reducer.maxSizeInFlight": 39.86454904247235, "spark.scheduler.mode": 0.12008739772588595, "spark.scheduler.revive.interval": 593.0205263318506, "spark.shuffle.compress": 0.07545104971458916, "spark.shuffle.file.buffer": 34.00909887304708, "spark.shuffle.io.numConnectionsPerPeer": 2.7649193728015833, "spark.shuffle.sort.bypassMergeThreshold": 164.60342278858244, "spark.storage.memoryFraction": 0.8698639120754836, "spark.storage.memoryMapThreshold": 1.844764028894648}, "datetime": {"datetime": "2022-01-31 03:00:40", "elapsed": 11279.712833, "delta": 161.782619}}
{"target": -183.145, "params": {"spark.broadcast.blockSize": 40.89305637155622, "spark.broadcast.checksum": 0.8473203223992785, "spark.broadcast.compress": 0.12464012411951308, "spark.default.parallelism": 430.3664419169785, "spark.executor.cores": 3.435605102665951, "spark.executor.instances": 7.574647824361487, "spark.executor.memory": 6.684203217422372, "spark.executor.memoryOverhead": 828.3761298298587, "spark.kryoserializer.buffer": 98.57311626986959, "spark.kryoserializer.buffer.max": 77.23127215790458, "spark.locality.wait": 7.952428019055009, "spark.maxRemoteBlockSizeFetchToMem": 1734136611.819488, "spark.memory.fraction": 0.819296519905278, "spark.memory.offHeap.enabled": 0.860210891359288, "spark.memory.offHeap.size": 867.4716553519002, "spark.memory.storageFraction": 0.8385289439464882, "spark.rdd.compress": 0.2048407493842922, "spark.reducer.maxBlocksInFlightPerAddress": 1293702579.2341566, "spark.reducer.maxReqsInFlight": 1513409834.5704231, "spark.reducer.maxSizeInFlight": 50.72269652244757, "spark.scheduler.mode": 0.45297093906290953, "spark.scheduler.revive.interval": 500.1077779329463, "spark.shuffle.compress": 0.11617462011861579, "spark.shuffle.file.buffer": 38.0922303645047, "spark.shuffle.io.numConnectionsPerPeer": 4.441799821275687, "spark.shuffle.sort.bypassMergeThreshold": 150.86473228008137, "spark.storage.memoryFraction": 0.8883167643764348, "spark.storage.memoryMapThreshold": 2.667927830351697}, "datetime": {"datetime": "2022-01-31 03:03:52", "elapsed": 11471.594613, "delta": 191.88178}}
{"target": -134.579, "params": {"spark.broadcast.blockSize": 38.37019018649802, "spark.broadcast.checksum": 0.19157596768228602, "spark.broadcast.compress": 0.5415013111745531, "spark.default.parallelism": 231.45654828703562, "spark.executor.cores": 3.8682046402918937, "spark.executor.instances": 7.787950374721323, "spark.executor.memory": 6.387028091630691, "spark.executor.memoryOverhead": 412.1612612236266, "spark.kryoserializer.buffer": 33.82196179050359, "spark.kryoserializer.buffer.max": 49.28367699230792, "spark.locality.wait": 8.16331400916967, "spark.maxRemoteBlockSizeFetchToMem": 1877306937.8725605, "spark.memory.fraction": 0.8442017532674693, "spark.memory.offHeap.enabled": 0.5878712523948926, "spark.memory.offHeap.size": 876.4112353741715, "spark.memory.storageFraction": 0.8116718837294435, "spark.rdd.compress": 0.17539435637784073, "spark.reducer.maxBlocksInFlightPerAddress": 1990751306.6954105, "spark.reducer.maxReqsInFlight": 1494711664.4354024, "spark.reducer.maxSizeInFlight": 55.018097503422176, "spark.scheduler.mode": 0.6544399680128732, "spark.scheduler.revive.interval": 557.83780625116, "spark.shuffle.compress": 0.23380925344557668, "spark.shuffle.file.buffer": 35.13877259339792, "spark.shuffle.io.numConnectionsPerPeer": 1.9737514369319533, "spark.shuffle.sort.bypassMergeThreshold": 227.8367999816973, "spark.storage.memoryFraction": 0.8711781022689827, "spark.storage.memoryMapThreshold": 1.8465161033704733}, "datetime": {"datetime": "2022-01-31 03:06:16", "elapsed": 11614.987669, "delta": 143.393056}}
{"target": -154.364, "params": {"spark.broadcast.blockSize": 32.932037966466496, "spark.broadcast.checksum": 0.690265536421127, "spark.broadcast.compress": 0.6195007536110906, "spark.default.parallelism": 304.8673597320871, "spark.executor.cores": 3.7984110648264515, "spark.executor.instances": 7.869958659080391, "spark.executor.memory": 5.9617826478527665, "spark.executor.memoryOverhead": 451.61911196489206, "spark.kryoserializer.buffer": 100.1901654094148, "spark.kryoserializer.buffer.max": 107.34000854999105, "spark.locality.wait": 8.51381263028653, "spark.maxRemoteBlockSizeFetchToMem": 2014988031.7514021, "spark.memory.fraction": 0.8757520640679743, "spark.memory.offHeap.enabled": 0.11582339090877136, "spark.memory.offHeap.size": 641.6495841608785, "spark.memory.storageFraction": 0.7394579453190094, "spark.rdd.compress": 0.2098201538784693, "spark.reducer.maxBlocksInFlightPerAddress": 1996054269.9647093, "spark.reducer.maxReqsInFlight": 1612343970.340458, "spark.reducer.maxSizeInFlight": 52.27569982662462, "spark.scheduler.mode": 0.6667535091406733, "spark.scheduler.revive.interval": 643.128435740412, "spark.shuffle.compress": 0.10056461429561314, "spark.shuffle.file.buffer": 42.58250382929815, "spark.shuffle.io.numConnectionsPerPeer": 3.6512023233978845, "spark.shuffle.sort.bypassMergeThreshold": 219.6313597047379, "spark.storage.memoryFraction": 0.7686935625727969, "spark.storage.memoryMapThreshold": 2.0643429201115095}, "datetime": {"datetime": "2022-01-31 03:08:59", "elapsed": 11778.20389, "delta": 163.216221}}
{"target": -181.794, "params": {"spark.broadcast.blockSize": 41.185029704541535, "spark.broadcast.checksum": 0.9784890663947546, "spark.broadcast.compress": 0.2324583578339776, "spark.default.parallelism": 207.1160372010635, "spark.executor.cores": 3.4809894111499773, "spark.executor.instances": 7.89031087153106, "spark.executor.memory": 4.005249639398922, "spark.executor.memoryOverhead": 397.3624148358914, "spark.kryoserializer.buffer": 44.13996602807117, "spark.kryoserializer.buffer.max": 46.124001267223804, "spark.locality.wait": 8.433750182309513, "spark.maxRemoteBlockSizeFetchToMem": 1991095018.3088083, "spark.memory.fraction": 0.8403368700599192, "spark.memory.offHeap.enabled": 0.8854811879000286, "spark.memory.offHeap.size": 729.0270492126075, "spark.memory.storageFraction": 0.5807496148029345, "spark.rdd.compress": 0.3219160180756293, "spark.reducer.maxBlocksInFlightPerAddress": 1332409362.0823677, "spark.reducer.maxReqsInFlight": 1211836266.1408734, "spark.reducer.maxSizeInFlight": 55.18823969362715, "spark.scheduler.mode": 0.4975917619068432, "spark.scheduler.revive.interval": 588.8768441277214, "spark.shuffle.compress": 0.2694616035292461, "spark.shuffle.file.buffer": 42.34352622609161, "spark.shuffle.io.numConnectionsPerPeer": 1.675901128588427, "spark.shuffle.sort.bypassMergeThreshold": 245.98440336937017, "spark.storage.memoryFraction": 0.8372068649239264, "spark.storage.memoryMapThreshold": 2.6473139318078562}, "datetime": {"datetime": "2022-01-31 03:12:10", "elapsed": 11968.937133, "delta": 190.733243}}
{"target": -161.203, "params": {"spark.broadcast.blockSize": 39.05169619204397, "spark.broadcast.checksum": 0.3476970444909331, "spark.broadcast.compress": 0.8575424585616408, "spark.default.parallelism": 404.1255719784892, "spark.executor.cores": 3.9641709877317886, "spark.executor.instances": 6.7508306903004796, "spark.executor.memory": 5.682738767455298, "spark.executor.memoryOverhead": 576.5614140461664, "spark.kryoserializer.buffer": 45.46980499071449, "spark.kryoserializer.buffer.max": 126.55049723530503, "spark.locality.wait": 9.58516964272007, "spark.maxRemoteBlockSizeFetchToMem": 1727467609.7867491, "spark.memory.fraction": 0.8823303116636202, "spark.memory.offHeap.enabled": 0.1253635012517481, "spark.memory.offHeap.size": 750.3787389065916, "spark.memory.storageFraction": 0.8471333913381014, "spark.rdd.compress": 0.04538701506427867, "spark.reducer.maxBlocksInFlightPerAddress": 1992288336.467552, "spark.reducer.maxReqsInFlight": 1237600449.9931788, "spark.reducer.maxSizeInFlight": 55.61032951795963, "spark.scheduler.mode": 0.8903898704115613, "spark.scheduler.revive.interval": 524.5935165955926, "spark.shuffle.compress": 0.22474982109365593, "spark.shuffle.file.buffer": 40.52749118351163, "spark.shuffle.io.numConnectionsPerPeer": 4.2592203642086925, "spark.shuffle.sort.bypassMergeThreshold": 257.50008430794327, "spark.storage.memoryFraction": 0.6398601949328964, "spark.storage.memoryMapThreshold": 1.3688049425358564}, "datetime": {"datetime": "2022-01-31 03:15:00", "elapsed": 12138.841245, "delta": 169.904112}}
{"target": -182.879, "params": {"spark.broadcast.blockSize": 47.0070471569885, "spark.broadcast.checksum": 0.6639791730739295, "spark.broadcast.compress": 0.29756132812296765, "spark.default.parallelism": 370.15211899731025, "spark.executor.cores": 3.9425682990350737, "spark.executor.instances": 7.4043661557601395, "spark.executor.memory": 5.863878393941851, "spark.executor.memoryOverhead": 671.5194334099662, "spark.kryoserializer.buffer": 56.353754318159474, "spark.kryoserializer.buffer.max": 71.83400452232023, "spark.locality.wait": 9.934656098047471, "spark.maxRemoteBlockSizeFetchToMem": 2121129282.6360922, "spark.memory.fraction": 0.7941407621513721, "spark.memory.offHeap.enabled": 0.19089131366247036, "spark.memory.offHeap.size": 822.4405589705616, "spark.memory.storageFraction": 0.7757863950689596, "spark.rdd.compress": 0.6340894155597705, "spark.reducer.maxBlocksInFlightPerAddress": 1632925556.03618, "spark.reducer.maxReqsInFlight": 1876587390.9244597, "spark.reducer.maxSizeInFlight": 26.20714066655939, "spark.scheduler.mode": 0.14545229659582826, "spark.scheduler.revive.interval": 650.0258669214293, "spark.shuffle.compress": 0.388379023204235, "spark.shuffle.file.buffer": 47.29818403738906, "spark.shuffle.io.numConnectionsPerPeer": 3.1642163282123525, "spark.shuffle.sort.bypassMergeThreshold": 215.95678014186208, "spark.storage.memoryFraction": 0.7169566698633715, "spark.storage.memoryMapThreshold": 1.2695499912276955}, "datetime": {"datetime": "2022-01-31 03:18:11", "elapsed": 12330.507124, "delta": 191.665879}}
{"target": -208.702, "params": {"spark.broadcast.blockSize": 43.47512323323119, "spark.broadcast.checksum": 0.8013262286298588, "spark.broadcast.compress": 0.45241035178233857, "spark.default.parallelism": 206.59992845387902, "spark.executor.cores": 3.4528448960897986, "spark.executor.instances": 7.286006410861118, "spark.executor.memory": 5.143608056272814, "spark.executor.memoryOverhead": 543.3355192265528, "spark.kryoserializer.buffer": 80.72536956643178, "spark.kryoserializer.buffer.max": 98.80732132922557, "spark.locality.wait": 7.695309398631675, "spark.maxRemoteBlockSizeFetchToMem": 1914706618.451985, "spark.memory.fraction": 0.8970552338672007, "spark.memory.offHeap.enabled": 0.4534859611998745, "spark.memory.offHeap.size": 961.4824725526555, "spark.memory.storageFraction": 0.8381501138948039, "spark.rdd.compress": 0.05393567080044526, "spark.reducer.maxBlocksInFlightPerAddress": 2135003924.9012039, "spark.reducer.maxReqsInFlight": 1805684596.135138, "spark.reducer.maxSizeInFlight": 51.869331137166384, "spark.scheduler.mode": 0.4532849097406654, "spark.scheduler.revive.interval": 528.3818358832158, "spark.shuffle.compress": 0.11974491237611373, "spark.shuffle.file.buffer": 36.55817341006198, "spark.shuffle.io.numConnectionsPerPeer": 3.1884394187004577, "spark.shuffle.sort.bypassMergeThreshold": 222.07740628453706, "spark.storage.memoryFraction": 0.8134740532214972, "spark.storage.memoryMapThreshold": 3.8631087838340386}, "datetime": {"datetime": "2022-01-31 03:21:49", "elapsed": 12548.482359, "delta": 217.975235}}
{"target": -171.043, "params": {"spark.broadcast.blockSize": 59.3430178310241, "spark.broadcast.checksum": 0.658502121223426, "spark.broadcast.compress": 0.7080561606512846, "spark.default.parallelism": 287.26755638887425, "spark.executor.cores": 3.8418127984665476, "spark.executor.instances": 5.593051562601667, "spark.executor.memory": 5.905443084719776, "spark.executor.memoryOverhead": 532.3605453664187, "spark.kryoserializer.buffer": 55.362188240051, "spark.kryoserializer.buffer.max": 68.30919823834964, "spark.locality.wait": 4.992803860565254, "spark.maxRemoteBlockSizeFetchToMem": 1917680391.5824838, "spark.memory.fraction": 0.816070580536611, "spark.memory.offHeap.enabled": 0.8801927488708976, "spark.memory.offHeap.size": 853.8606561331078, "spark.memory.storageFraction": 0.8126113227338116, "spark.rdd.compress": 0.10267483424305346, "spark.reducer.maxBlocksInFlightPerAddress": 1607329533.6785877, "spark.reducer.maxReqsInFlight": 1151800738.588677, "spark.reducer.maxSizeInFlight": 71.11102114158619, "spark.scheduler.mode": 0.6602345780767097, "spark.scheduler.revive.interval": 531.9486289659484, "spark.shuffle.compress": 0.0871603397324936, "spark.shuffle.file.buffer": 38.17852420153957, "spark.shuffle.io.numConnectionsPerPeer": 1.7718835065501328, "spark.shuffle.sort.bypassMergeThreshold": 156.70616946507454, "spark.storage.memoryFraction": 0.7788634041767079, "spark.storage.memoryMapThreshold": 1.2548476684459904}, "datetime": {"datetime": "2022-01-31 03:24:49", "elapsed": 12728.369923, "delta": 179.887564}}
{"target": -152.917, "params": {"spark.broadcast.blockSize": 33.955914716654604, "spark.broadcast.checksum": 0.9924205624046436, "spark.broadcast.compress": 0.5611546027931219, "spark.default.parallelism": 290.6234673056323, "spark.executor.cores": 3.8930401037978695, "spark.executor.instances": 7.487300871620769, "spark.executor.memory": 6.636876268893799, "spark.executor.memoryOverhead": 782.8243137512484, "spark.kryoserializer.buffer": 43.97134836718631, "spark.kryoserializer.buffer.max": 122.37845041656617, "spark.locality.wait": 7.603329252171911, "spark.maxRemoteBlockSizeFetchToMem": 2091948208.8956048, "spark.memory.fraction": 0.7561782735207736, "spark.memory.offHeap.enabled": 0.025140693969946004, "spark.memory.offHeap.size": 786.4872750991867, "spark.memory.storageFraction": 0.6546354772060308, "spark.rdd.compress": 0.6291755210625334, "spark.reducer.maxBlocksInFlightPerAddress": 2031733279.843966, "spark.reducer.maxReqsInFlight": 1684174259.2867262, "spark.reducer.maxSizeInFlight": 40.9850102464808, "spark.scheduler.mode": 0.9025742688113885, "spark.scheduler.revive.interval": 508.5547367683994, "spark.shuffle.compress": 0.26038120970192946, "spark.shuffle.file.buffer": 47.93992502563246, "spark.shuffle.io.numConnectionsPerPeer": 3.5574070532113673, "spark.shuffle.sort.bypassMergeThreshold": 190.61309711652933, "spark.storage.memoryFraction": 0.8086985588327875, "spark.storage.memoryMapThreshold": 2.410141658725595}, "datetime": {"datetime": "2022-01-31 03:27:31", "elapsed": 12890.141207, "delta": 161.771284}}
{"target": -185.721, "params": {"spark.broadcast.blockSize": 60.88661153960165, "spark.broadcast.checksum": 0.39009487506486606, "spark.broadcast.compress": 0.41262788528204775, "spark.default.parallelism": 327.4718564726887, "spark.executor.cores": 3.9494908519732004, "spark.executor.instances": 7.386336960171742, "spark.executor.memory": 3.446413452717499, "spark.executor.memoryOverhead": 594.4556554834737, "spark.kryoserializer.buffer": 32.14246843975047, "spark.kryoserializer.buffer.max": 32.44123524967135, "spark.locality.wait": 7.0444561042043805, "spark.maxRemoteBlockSizeFetchToMem": 1948138154.2147427, "spark.memory.fraction": 0.770869186350176, "spark.memory.offHeap.enabled": 0.7274364144460009, "spark.memory.offHeap.size": 570.9880680411311, "spark.memory.storageFraction": 0.7876701389749394, "spark.rdd.compress": 0.2776745562342511, "spark.reducer.maxBlocksInFlightPerAddress": 1487568654.1806583, "spark.reducer.maxReqsInFlight": 1380819539.7499366, "spark.reducer.maxSizeInFlight": 64.67715320158482, "spark.scheduler.mode": 0.736981811924171, "spark.scheduler.revive.interval": 536.767400450996, "spark.shuffle.compress": 0.15544653995928637, "spark.shuffle.file.buffer": 42.38688937186278, "spark.shuffle.io.numConnectionsPerPeer": 4.806947462258593, "spark.shuffle.sort.bypassMergeThreshold": 256.0789210703575, "spark.storage.memoryFraction": 0.6017344248370078, "spark.storage.memoryMapThreshold": 3.0663871009193113}, "datetime": {"datetime": "2022-01-31 03:30:46", "elapsed": 13084.760653, "delta": 194.619446}}
