{"target": -151.669, "params": {"spark.broadcast.blockSize": 37.373195844399135, "spark.broadcast.checksum": 0.3952461511694133, "spark.broadcast.compress": 0.591889017049391, "spark.default.parallelism": 230.07784499171674, "spark.executor.cores": 3.9485187289361967, "spark.executor.instances": 7.351071859158111, "spark.executor.memory": 4.640299018411895, "spark.executor.memoryOverhead": 665.6591917750998, "spark.kryoserializer.buffer": 78.08262242417547, "spark.kryoserializer.buffer.max": 36.971497613438466, "spark.locality.wait": 9.103356325922931, "spark.maxRemoteBlockSizeFetchToMem": 1549728407.0534692, "spark.memory.fraction": 0.8059569227954093, "spark.memory.offHeap.enabled": 0.21100807083256945, "spark.memory.offHeap.size": 895.3126456041384, "spark.memory.storageFraction": 0.6645779894579648, "spark.rdd.compress": 0.2830571595762733, "spark.reducer.maxBlocksInFlightPerAddress": 1808910489.1966805, "spark.reducer.maxReqsInFlight": 1331205361.5347247, "spark.reducer.maxSizeInFlight": 51.2114608017916, "spark.scheduler.mode": 0.577276600357728, "spark.scheduler.revive.interval": 528.7380951369737, "spark.shuffle.compress": 0.18919036455178495, "spark.shuffle.file.buffer": 26.736716426494844, "spark.shuffle.io.numConnectionsPerPeer": 2.3500513059863657, "spark.shuffle.sort.bypassMergeThreshold": 176.1593698507474, "spark.storage.memoryFraction": 0.8011453463445957, "spark.storage.memoryMapThreshold": 1.5664076993752862}, "datetime": {"datetime": "2022-01-31 03:33:26", "elapsed": 13245.082149, "delta": 160.321496}}
{"target": -154.967, "params": {"spark.broadcast.blockSize": 41.91181237379426, "spark.broadcast.checksum": 0.39506028494921785, "spark.broadcast.compress": 0.13543128008339955, "spark.default.parallelism": 213.8376601571693, "spark.executor.cores": 3.7405329469421154, "spark.executor.instances": 7.803883213643371, "spark.executor.memory": 4.382515588011098, "spark.executor.memoryOverhead": 848.8011833148233, "spark.kryoserializer.buffer": 49.32368610052538, "spark.kryoserializer.buffer.max": 100.38477189663384, "spark.locality.wait": 7.970088936598884, "spark.maxRemoteBlockSizeFetchToMem": 1823268640.0896788, "spark.memory.fraction": 0.7098930351886316, "spark.memory.offHeap.enabled": 0.5591863106248539, "spark.memory.offHeap.size": 974.5321802528819, "spark.memory.storageFraction": 0.8694274855260038, "spark.rdd.compress": 0.10198853055443735, "spark.reducer.maxBlocksInFlightPerAddress": 1369538963.9527998, "spark.reducer.maxReqsInFlight": 1580468099.0354972, "spark.reducer.maxSizeInFlight": 62.67323764411782, "spark.scheduler.mode": 0.9849488009722771, "spark.scheduler.revive.interval": 504.4721264227237, "spark.shuffle.compress": 0.14164829796122713, "spark.shuffle.file.buffer": 33.94223068160959, "spark.shuffle.io.numConnectionsPerPeer": 4.492981459168678, "spark.shuffle.sort.bypassMergeThreshold": 257.5299941804603, "spark.storage.memoryFraction": 0.73452405425368, "spark.storage.memoryMapThreshold": 1.0254338062064026}, "datetime": {"datetime": "2022-01-31 03:36:10", "elapsed": 13408.833116, "delta": 163.750967}}
{"target": -161.04, "params": {"spark.broadcast.blockSize": 42.49497822161709, "spark.broadcast.checksum": 0.900652434284337, "spark.broadcast.compress": 0.3795905620320589, "spark.default.parallelism": 457.89860654567485, "spark.executor.cores": 3.780666797189782, "spark.executor.instances": 7.974764404220995, "spark.executor.memory": 4.130446564032262, "spark.executor.memoryOverhead": 866.922516620926, "spark.kryoserializer.buffer": 99.12691451306986, "spark.kryoserializer.buffer.max": 116.5208305805044, "spark.locality.wait": 6.2243962343859796, "spark.maxRemoteBlockSizeFetchToMem": 1779175029.8289883, "spark.memory.fraction": 0.8461058921099711, "spark.memory.offHeap.enabled": 0.7661781327936859, "spark.memory.offHeap.size": 536.5556807357931, "spark.memory.storageFraction": 0.7524784200624877, "spark.rdd.compress": 0.5539671389621559, "spark.reducer.maxBlocksInFlightPerAddress": 1609335113.9956338, "spark.reducer.maxReqsInFlight": 1458507830.6432233, "spark.reducer.maxSizeInFlight": 52.93166494300802, "spark.scheduler.mode": 0.9146939151361112, "spark.scheduler.revive.interval": 579.475034030281, "spark.shuffle.compress": 0.17455910262301333, "spark.shuffle.file.buffer": 46.2896739260957, "spark.shuffle.io.numConnectionsPerPeer": 1.5233335013630485, "spark.shuffle.sort.bypassMergeThreshold": 339.1975403974275, "spark.storage.memoryFraction": 0.6809383554041449, "spark.storage.memoryMapThreshold": 1.3292412929389013}, "datetime": {"datetime": "2022-01-31 03:38:59", "elapsed": 13578.559329, "delta": 169.726213}}
{"target": -159.899, "params": {"spark.broadcast.blockSize": 34.22894988366048, "spark.broadcast.checksum": 0.5362039025015614, "spark.broadcast.compress": 0.47063053293439594, "spark.default.parallelism": 285.84739453572143, "spark.executor.cores": 3.7325198563299713, "spark.executor.instances": 7.616533009826414, "spark.executor.memory": 5.070486461434978, "spark.executor.memoryOverhead": 786.3180092159741, "spark.kryoserializer.buffer": 59.428970002486345, "spark.kryoserializer.buffer.max": 116.4663659740003, "spark.locality.wait": 5.569764896629424, "spark.maxRemoteBlockSizeFetchToMem": 1485812502.02419, "spark.memory.fraction": 0.8869741394717687, "spark.memory.offHeap.enabled": 0.8302374957532875, "spark.memory.offHeap.size": 611.2200137734928, "spark.memory.storageFraction": 0.8892516204710539, "spark.rdd.compress": 0.09381525678967861, "spark.reducer.maxBlocksInFlightPerAddress": 1474383406.2764015, "spark.reducer.maxReqsInFlight": 1699509628.8464227, "spark.reducer.maxSizeInFlight": 71.83042129140371, "spark.scheduler.mode": 0.7525543031052777, "spark.scheduler.revive.interval": 535.6750852302589, "spark.shuffle.compress": 0.3993359497064838, "spark.shuffle.file.buffer": 21.20788535853675, "spark.shuffle.io.numConnectionsPerPeer": 4.397978220383303, "spark.shuffle.sort.bypassMergeThreshold": 257.224869382631, "spark.storage.memoryFraction": 0.8663197723372186, "spark.storage.memoryMapThreshold": 1.7362644606588549}, "datetime": {"datetime": "2022-01-31 03:41:48", "elapsed": 13747.207801, "delta": 168.648472}}
{"target": -173.671, "params": {"spark.broadcast.blockSize": 42.66157968899343, "spark.broadcast.checksum": 0.31885067835241665, "spark.broadcast.compress": 0.9286910090629475, "spark.default.parallelism": 349.04662517368047, "spark.executor.cores": 3.9650451847665495, "spark.executor.instances": 7.059298692458511, "spark.executor.memory": 4.173267982627907, "spark.executor.memoryOverhead": 644.0521663054092, "spark.kryoserializer.buffer": 53.631436624809936, "spark.kryoserializer.buffer.max": 89.25308604703211, "spark.locality.wait": 8.678347284469332, "spark.maxRemoteBlockSizeFetchToMem": 1577440222.6722202, "spark.memory.fraction": 0.7778287637599892, "spark.memory.offHeap.enabled": 0.5342505819266442, "spark.memory.offHeap.size": 992.660905623115, "spark.memory.storageFraction": 0.6313162461506969, "spark.rdd.compress": 0.016940081049737876, "spark.reducer.maxBlocksInFlightPerAddress": 1585686521.7917325, "spark.reducer.maxReqsInFlight": 1363506854.0289829, "spark.reducer.maxSizeInFlight": 59.22552854835744, "spark.scheduler.mode": 0.7717913437958696, "spark.scheduler.revive.interval": 560.7366198913587, "spark.shuffle.compress": 0.11933544697968945, "spark.shuffle.file.buffer": 35.316414177792154, "spark.shuffle.io.numConnectionsPerPeer": 4.646477498007474, "spark.shuffle.sort.bypassMergeThreshold": 179.16626479270752, "spark.storage.memoryFraction": 0.6458691751481855, "spark.storage.memoryMapThreshold": 1.9829015956580331}, "datetime": {"datetime": "2022-01-31 03:44:50", "elapsed": 13929.681517, "delta": 182.473716}}
{"target": -179.492, "params": {"spark.broadcast.blockSize": 44.05994816617216, "spark.broadcast.checksum": 0.28109375117378455, "spark.broadcast.compress": 0.9044154423857156, "spark.default.parallelism": 270.0950204983539, "spark.executor.cores": 3.998203267285975, "spark.executor.instances": 6.95608979660325, "spark.executor.memory": 6.039459935162379, "spark.executor.memoryOverhead": 406.2686094388077, "spark.kryoserializer.buffer": 48.33209138389731, "spark.kryoserializer.buffer.max": 115.76260641081205, "spark.locality.wait": 6.447122526637068, "spark.maxRemoteBlockSizeFetchToMem": 2040453584.0189495, "spark.memory.fraction": 0.758143379654901, "spark.memory.offHeap.enabled": 0.44926133333106466, "spark.memory.offHeap.size": 879.4960112327371, "spark.memory.storageFraction": 0.7909113300777543, "spark.rdd.compress": 0.24873632910220989, "spark.reducer.maxBlocksInFlightPerAddress": 1256174600.046535, "spark.reducer.maxReqsInFlight": 1407970389.0821033, "spark.reducer.maxSizeInFlight": 48.706958927444184, "spark.scheduler.mode": 0.8988217229916121, "spark.scheduler.revive.interval": 703.9152336851362, "spark.shuffle.compress": 0.0002111165982849883, "spark.shuffle.file.buffer": 16.984453737224477, "spark.shuffle.io.numConnectionsPerPeer": 2.5056501129146054, "spark.shuffle.sort.bypassMergeThreshold": 284.25741518484756, "spark.storage.memoryFraction": 0.8818099073697259, "spark.storage.memoryMapThreshold": 1.6141259782593806}, "datetime": {"datetime": "2022-01-31 03:47:59", "elapsed": 14117.849815, "delta": 188.168298}}
{"target": -187.146, "params": {"spark.broadcast.blockSize": 32.88348981452098, "spark.broadcast.checksum": 0.2468383410421776, "spark.broadcast.compress": 0.07759406217365916, "spark.default.parallelism": 334.05821708234646, "spark.executor.cores": 3.5806140126730583, "spark.executor.instances": 6.91051638519812, "spark.executor.memory": 5.724910017377562, "spark.executor.memoryOverhead": 483.7771311623351, "spark.kryoserializer.buffer": 40.25186570543784, "spark.kryoserializer.buffer.max": 88.32347847724017, "spark.locality.wait": 4.431075511709713, "spark.maxRemoteBlockSizeFetchToMem": 2104046802.825214, "spark.memory.fraction": 0.8926545194474886, "spark.memory.offHeap.enabled": 0.7413588438018744, "spark.memory.offHeap.size": 766.1952324286228, "spark.memory.storageFraction": 0.807765649393727, "spark.rdd.compress": 0.4849720911447841, "spark.reducer.maxBlocksInFlightPerAddress": 1893071596.5635686, "spark.reducer.maxReqsInFlight": 1086372550.6603322, "spark.reducer.maxSizeInFlight": 65.40474203669558, "spark.scheduler.mode": 0.8631048144958027, "spark.scheduler.revive.interval": 515.740910285823, "spark.shuffle.compress": 0.23087416562678764, "spark.shuffle.file.buffer": 25.940696632782757, "spark.shuffle.io.numConnectionsPerPeer": 2.32395360523381, "spark.shuffle.sort.bypassMergeThreshold": 189.87785977951057, "spark.storage.memoryFraction": 0.8436235027107252, "spark.storage.memoryMapThreshold": 2.5038134185079963}, "datetime": {"datetime": "2022-01-31 03:51:15", "elapsed": 14313.850974, "delta": 196.001159}}
{"target": -157.185, "params": {"spark.broadcast.blockSize": 36.47994975833622, "spark.broadcast.checksum": 0.31220640720659865, "spark.broadcast.compress": 0.8316376514643755, "spark.default.parallelism": 296.958113319924, "spark.executor.cores": 3.841244955706403, "spark.executor.instances": 6.818291368966996, "spark.executor.memory": 6.912410630176973, "spark.executor.memoryOverhead": 725.3759326202427, "spark.kryoserializer.buffer": 38.01788561455921, "spark.kryoserializer.buffer.max": 40.62147358554013, "spark.locality.wait": 9.530995354530564, "spark.maxRemoteBlockSizeFetchToMem": 2119838474.0854917, "spark.memory.fraction": 0.8553766458011243, "spark.memory.offHeap.enabled": 0.2800937995847248, "spark.memory.offHeap.size": 1000.6099062951439, "spark.memory.storageFraction": 0.8628688566692567, "spark.rdd.compress": 0.39437524200465524, "spark.reducer.maxBlocksInFlightPerAddress": 1764123045.936027, "spark.reducer.maxReqsInFlight": 1569812558.1394386, "spark.reducer.maxSizeInFlight": 58.78858084101789, "spark.scheduler.mode": 0.4294035236286442, "spark.scheduler.revive.interval": 571.744305805622, "spark.shuffle.compress": 0.5206856856435885, "spark.shuffle.file.buffer": 39.77510677060309, "spark.shuffle.io.numConnectionsPerPeer": 3.4543871635908325, "spark.shuffle.sort.bypassMergeThreshold": 341.8493529536327, "spark.storage.memoryFraction": 0.6269191486524662, "spark.storage.memoryMapThreshold": 1.7404221864252913}, "datetime": {"datetime": "2022-01-31 03:54:01", "elapsed": 14479.86516, "delta": 166.014186}}
{"target": -156.082, "params": {"spark.broadcast.blockSize": 56.02037753323336, "spark.broadcast.checksum": 0.030555064030312606, "spark.broadcast.compress": 0.6942081585948779, "spark.default.parallelism": 451.6960114426446, "spark.executor.cores": 3.797993494832043, "spark.executor.instances": 6.5650315888290836, "spark.executor.memory": 5.30132925121641, "spark.executor.memoryOverhead": 654.5461999749572, "spark.kryoserializer.buffer": 34.98994902821573, "spark.kryoserializer.buffer.max": 66.02339549770906, "spark.locality.wait": 8.504119593121482, "spark.maxRemoteBlockSizeFetchToMem": 1725534139.9018273, "spark.memory.fraction": 0.8865357584179887, "spark.memory.offHeap.enabled": 0.30745789210196683, "spark.memory.offHeap.size": 664.0435244422932, "spark.memory.storageFraction": 0.7616391040571353, "spark.rdd.compress": 0.23376145055978848, "spark.reducer.maxBlocksInFlightPerAddress": 1476687955.0466795, "spark.reducer.maxReqsInFlight": 1465795352.9744124, "spark.reducer.maxSizeInFlight": 57.56845176085011, "spark.scheduler.mode": 0.7067473128795421, "spark.scheduler.revive.interval": 576.5348521944353, "spark.shuffle.compress": 0.20112446537590123, "spark.shuffle.file.buffer": 26.6246636073375, "spark.shuffle.io.numConnectionsPerPeer": 4.594508104832149, "spark.shuffle.sort.bypassMergeThreshold": 182.65116537087619, "spark.storage.memoryFraction": 0.8740439833832532, "spark.storage.memoryMapThreshold": 1.9919414149392727}, "datetime": {"datetime": "2022-01-31 03:56:46", "elapsed": 14645.231872, "delta": 165.366712}}
{"target": -160.518, "params": {"spark.broadcast.blockSize": 40.116586738436766, "spark.broadcast.checksum": 0.9293841159817912, "spark.broadcast.compress": 0.43132853967965945, "spark.default.parallelism": 455.94645215143356, "spark.executor.cores": 3.903798585460118, "spark.executor.instances": 7.114919169476302, "spark.executor.memory": 6.7373607785180365, "spark.executor.memoryOverhead": 389.6109369815545, "spark.kryoserializer.buffer": 51.56050302836815, "spark.kryoserializer.buffer.max": 92.01909868597144, "spark.locality.wait": 7.477733797436575, "spark.maxRemoteBlockSizeFetchToMem": 2088911292.5538707, "spark.memory.fraction": 0.762743388193192, "spark.memory.offHeap.enabled": 0.12007476967219521, "spark.memory.offHeap.size": 955.7024478974834, "spark.memory.storageFraction": 0.8017692204823026, "spark.rdd.compress": 0.04209207233796508, "spark.reducer.maxBlocksInFlightPerAddress": 1504324208.5249488, "spark.reducer.maxReqsInFlight": 1781727352.9435458, "spark.reducer.maxSizeInFlight": 71.52772878167798, "spark.scheduler.mode": 0.7490918824288525, "spark.scheduler.revive.interval": 609.6935091921254, "spark.shuffle.compress": 0.3983759162936956, "spark.shuffle.file.buffer": 31.587296205763923, "spark.shuffle.io.numConnectionsPerPeer": 1.782251289383495, "spark.shuffle.sort.bypassMergeThreshold": 202.87529970297447, "spark.storage.memoryFraction": 0.7488093855531648, "spark.storage.memoryMapThreshold": 1.1761441850236456}, "datetime": {"datetime": "2022-01-31 03:59:35", "elapsed": 14814.485116, "delta": 169.253244}}
{"target": -148.019, "params": {"spark.broadcast.blockSize": 37.9581534541412, "spark.broadcast.checksum": 0.9652138897368253, "spark.broadcast.compress": 0.11490484582028992, "spark.default.parallelism": 216.6805285375119, "spark.executor.cores": 3.545604245831642, "spark.executor.instances": 6.620080232255063, "spark.executor.memory": 5.90331164298456, "spark.executor.memoryOverhead": 634.2785593250203, "spark.kryoserializer.buffer": 44.36684586891363, "spark.kryoserializer.buffer.max": 45.70342570775217, "spark.locality.wait": 9.929302264367958, "spark.maxRemoteBlockSizeFetchToMem": 1761706357.984291, "spark.memory.fraction": 0.6777149637872772, "spark.memory.offHeap.enabled": 0.11228823898015561, "spark.memory.offHeap.size": 808.2685824370498, "spark.memory.storageFraction": 0.88447607298365, "spark.rdd.compress": 0.17580741776849707, "spark.reducer.maxBlocksInFlightPerAddress": 1565897009.7693233, "spark.reducer.maxReqsInFlight": 1185627463.6060114, "spark.reducer.maxSizeInFlight": 61.765595923221035, "spark.scheduler.mode": 0.14257257915637211, "spark.scheduler.revive.interval": 680.2421410789607, "spark.shuffle.compress": 0.08764634204417143, "spark.shuffle.file.buffer": 34.694009108056036, "spark.shuffle.io.numConnectionsPerPeer": 3.356081854384705, "spark.shuffle.sort.bypassMergeThreshold": 249.82512781292735, "spark.storage.memoryFraction": 0.8325363912532968, "spark.storage.memoryMapThreshold": 2.010218299836509}, "datetime": {"datetime": "2022-01-31 04:02:12", "elapsed": 14971.204509, "delta": 156.719393}}
{"target": -184.07, "params": {"spark.broadcast.blockSize": 38.04447841316109, "spark.broadcast.checksum": 0.2520879789218893, "spark.broadcast.compress": 0.45927746986087137, "spark.default.parallelism": 282.82770865137525, "spark.executor.cores": 3.9971842568335276, "spark.executor.instances": 7.323659092098101, "spark.executor.memory": 4.492144379793997, "spark.executor.memoryOverhead": 690.6928357202876, "spark.kryoserializer.buffer": 40.49385148105785, "spark.kryoserializer.buffer.max": 44.16539795596631, "spark.locality.wait": 5.687548291236259, "spark.maxRemoteBlockSizeFetchToMem": 2020938427.9818254, "spark.memory.fraction": 0.817759026932579, "spark.memory.offHeap.enabled": 0.4350657425079888, "spark.memory.offHeap.size": 813.0124325921554, "spark.memory.storageFraction": 0.5671692675750246, "spark.rdd.compress": 0.11024592199151428, "spark.reducer.maxBlocksInFlightPerAddress": 1317729343.4501781, "spark.reducer.maxReqsInFlight": 1549543588.1026514, "spark.reducer.maxSizeInFlight": 48.964733248676666, "spark.scheduler.mode": 0.28630018039657656, "spark.scheduler.revive.interval": 507.91081986471295, "spark.shuffle.compress": 0.9783133447178534, "spark.shuffle.file.buffer": 47.41018105989869, "spark.shuffle.io.numConnectionsPerPeer": 4.806101644798798, "spark.shuffle.sort.bypassMergeThreshold": 276.70552912634184, "spark.storage.memoryFraction": 0.8272211300939165, "spark.storage.memoryMapThreshold": 1.7036658623064147}, "datetime": {"datetime": "2022-01-31 04:05:25", "elapsed": 15163.950878, "delta": 192.746369}}
{"target": -153.32, "params": {"spark.broadcast.blockSize": 38.559580829176404, "spark.broadcast.checksum": 0.9812161621338507, "spark.broadcast.compress": 0.3722896886057194, "spark.default.parallelism": 342.9304598241335, "spark.executor.cores": 3.8558040001612497, "spark.executor.instances": 7.709837640436533, "spark.executor.memory": 3.1481386921706256, "spark.executor.memoryOverhead": 609.7467267174374, "spark.kryoserializer.buffer": 82.8377151117111, "spark.kryoserializer.buffer.max": 70.14607057764555, "spark.locality.wait": 9.362271514519422, "spark.maxRemoteBlockSizeFetchToMem": 1330043820.7474575, "spark.memory.fraction": 0.8832883832031495, "spark.memory.offHeap.enabled": 0.7598921623608956, "spark.memory.offHeap.size": 625.7849359030463, "spark.memory.storageFraction": 0.6892075447473687, "spark.rdd.compress": 0.2764246621656533, "spark.reducer.maxBlocksInFlightPerAddress": 1499588399.7382789, "spark.reducer.maxReqsInFlight": 1355146922.8732753, "spark.reducer.maxSizeInFlight": 57.77897067070963, "spark.scheduler.mode": 0.3144027204597686, "spark.scheduler.revive.interval": 537.4088016992475, "spark.shuffle.compress": 0.009207081874491152, "spark.shuffle.file.buffer": 34.64905493376018, "spark.shuffle.io.numConnectionsPerPeer": 4.309948097157954, "spark.shuffle.sort.bypassMergeThreshold": 349.0179938648579, "spark.storage.memoryFraction": 0.7885696613029647, "spark.storage.memoryMapThreshold": 2.708445094991505}, "datetime": {"datetime": "2022-01-31 04:08:07", "elapsed": 15326.06626, "delta": 162.115382}}
{"target": -148.379, "params": {"spark.broadcast.blockSize": 56.19995231969588, "spark.broadcast.checksum": 0.4644635822786677, "spark.broadcast.compress": 0.1594226788423022, "spark.default.parallelism": 283.42029188888796, "spark.executor.cores": 3.5551050088596723, "spark.executor.instances": 6.608459556681148, "spark.executor.memory": 5.8146420960064065, "spark.executor.memoryOverhead": 781.0979327722348, "spark.kryoserializer.buffer": 51.500784332292724, "spark.kryoserializer.buffer.max": 54.90798880780228, "spark.locality.wait": 9.880411406958384, "spark.maxRemoteBlockSizeFetchToMem": 1970360148.674543, "spark.memory.fraction": 0.8155698505713789, "spark.memory.offHeap.enabled": 0.3147255625859843, "spark.memory.offHeap.size": 801.2442331341011, "spark.memory.storageFraction": 0.7946251890753193, "spark.rdd.compress": 0.1695776597848122, "spark.reducer.maxBlocksInFlightPerAddress": 1443245170.105941, "spark.reducer.maxReqsInFlight": 1227060014.7449598, "spark.reducer.maxSizeInFlight": 40.084628957346084, "spark.scheduler.mode": 0.4043926210412404, "spark.scheduler.revive.interval": 676.2710955288602, "spark.shuffle.compress": 0.11924378656769208, "spark.shuffle.file.buffer": 47.104891038710875, "spark.shuffle.io.numConnectionsPerPeer": 1.342260900000345, "spark.shuffle.sort.bypassMergeThreshold": 273.4160873076934, "spark.storage.memoryFraction": 0.8644481893937532, "spark.storage.memoryMapThreshold": 1.724204899242991}, "datetime": {"datetime": "2022-01-31 04:10:44", "elapsed": 15483.115632, "delta": 157.049372}}
