{"target": -259.075, "params": {"spark.executor.cores": 7.166975503570836, "spark.kryoserializer.buffer": 112.42503318930083, "spark.memory.storageFraction": 0.7105538125025261, "spark.python.worker.memory": 731.3168433648127, "spark.rpc.io.backLog": 126.9306645350235, "spark.shuffle.io.numConnectionsPerPeer": 2.966292637121353}, "datetime": {"datetime": "2022-02-15 14:49:46", "elapsed": 0.0, "delta": 0.0}}
{"target": -146.669, "params": {"spark.executor.cores": 6.595261481882096, "spark.kryoserializer.buffer": 113.62870451315759, "spark.memory.storageFraction": 0.9986614252257402, "spark.python.worker.memory": 941.2232437684066, "spark.rpc.io.backLog": 100.30637682833328, "spark.shuffle.io.numConnectionsPerPeer": 3.24412087702284}, "datetime": {"datetime": "2022-02-15 14:49:46", "elapsed": 0.000184, "delta": 0.000184}}
{"target": -181.053, "params": {"spark.executor.cores": 4.755743221304143, "spark.kryoserializer.buffer": 112.64595543210605, "spark.memory.storageFraction": 0.8432504638407918, "spark.python.worker.memory": 782.1258426320117, "spark.rpc.io.backLog": 74.9977785128869, "spark.shuffle.io.numConnectionsPerPeer": 3.7990334400837247}, "datetime": {"datetime": "2022-02-15 14:49:46", "elapsed": 0.000283, "delta": 9.9e-05}}
{"target": -221.978, "params": {"spark.executor.cores": 7.706356070220653, "spark.kryoserializer.buffer": 48.025921977568125, "spark.memory.storageFraction": 0.8642945896536929, "spark.python.worker.memory": 665.9900455915925, "spark.rpc.io.backLog": 68.0822254435442, "spark.shuffle.io.numConnectionsPerPeer": 3.9323744640943237}, "datetime": {"datetime": "2022-02-15 14:49:46", "elapsed": 0.000373, "delta": 9e-05}}
{"target": -220.127, "params": {"spark.executor.cores": 9.917901714426623, "spark.kryoserializer.buffer": 46.115641782243834, "spark.memory.storageFraction": 0.9184410948119226, "spark.python.worker.memory": 590.2675647615919, "spark.rpc.io.backLog": 75.71342830298653, "spark.shuffle.io.numConnectionsPerPeer": 3.060915917421575}, "datetime": {"datetime": "2022-02-15 14:49:46", "elapsed": 0.000486, "delta": 0.000113}}
{"target": -278.201, "params": {"spark.executor.cores": 4.771636662351658, "spark.kryoserializer.buffer": 82.05331153654012, "spark.memory.storageFraction": 0.692484314425859, "spark.python.worker.memory": 260.31810378941026, "spark.rpc.io.backLog": 67.97485655199762, "spark.shuffle.io.numConnectionsPerPeer": 4.344314511984058}, "datetime": {"datetime": "2022-02-15 14:49:46", "elapsed": 0.000571, "delta": 8.5e-05}}
{"target": -929.932, "params": {"spark.executor.cores": 1.0, "spark.kryoserializer.buffer": 2.0, "spark.memory.storageFraction": 0.5, "spark.python.worker.memory": 128.0, "spark.rpc.io.backLog": 32.0, "spark.shuffle.io.numConnectionsPerPeer": 1.0}, "datetime": {"datetime": "2022-02-15 14:49:46", "elapsed": 0.000658, "delta": 8.7e-05}}
{"target": -138.45, "params": {"spark.executor.cores": 8.526293919109051, "spark.kryoserializer.buffer": 57.98386025497525, "spark.memory.storageFraction": 0.9414621472386042, "spark.python.worker.memory": 769.5236134191434, "spark.rpc.io.backLog": 85.87320921132662, "spark.shuffle.io.numConnectionsPerPeer": 3.9137178976106393}, "datetime": {"datetime": "2022-02-15 14:49:46", "elapsed": 0.000748, "delta": 9e-05}}
{"target": -141.242, "params": {"spark.executor.cores": 6.969837543555092, "spark.kryoserializer.buffer": 112.18441007494648, "spark.memory.storageFraction": 0.9366465793113821, "spark.python.worker.memory": 718.4605867452403, "spark.rpc.io.backLog": 89.32181396539313, "spark.shuffle.io.numConnectionsPerPeer": 3.4897607080848196}, "datetime": {"datetime": "2022-02-15 14:49:46", "elapsed": 0.000841, "delta": 9.3e-05}}
{"target": -268.765, "params": {"spark.executor.cores": 2.465235921974734, "spark.kryoserializer.buffer": 65.99534148893221, "spark.memory.storageFraction": 0.5569731378610121, "spark.python.worker.memory": 684.4365205543202, "spark.rpc.io.backLog": 90.69721934842246, "spark.shuffle.io.numConnectionsPerPeer": 3.300103054761377}, "datetime": {"datetime": "2022-02-15 14:49:46", "elapsed": 0.000928, "delta": 8.7e-05}}
{"target": -129.463, "params": {"spark.executor.cores": 4.898867918108088, "spark.kryoserializer.buffer": 61.219738461333066, "spark.memory.storageFraction": 0.8927645941508844, "spark.python.worker.memory": 602.4481815670019, "spark.rpc.io.backLog": 118.6500845351526, "spark.shuffle.io.numConnectionsPerPeer": 1.862163132567662}, "datetime": {"datetime": "2022-02-15 14:49:46", "elapsed": 0.001023, "delta": 9.5e-05}}
{"target": -509.72, "params": {"spark.executor.cores": 7.692828138518769, "spark.kryoserializer.buffer": 67.46006028600866, "spark.memory.storageFraction": 0.6649273412005219, "spark.python.worker.memory": 538.8023809709596, "spark.rpc.io.backLog": 84.92200116338765, "spark.shuffle.io.numConnectionsPerPeer": 2.3169227957061067}, "datetime": {"datetime": "2022-02-15 14:49:46", "elapsed": 0.001113, "delta": 9e-05}}
{"target": -921.161, "params": {"spark.executor.cores": 1.0, "spark.kryoserializer.buffer": 2.0, "spark.memory.storageFraction": 0.5, "spark.python.worker.memory": 128.0, "spark.rpc.io.backLog": 32.0, "spark.shuffle.io.numConnectionsPerPeer": 1.0}, "datetime": {"datetime": "2022-02-15 14:49:46", "elapsed": 0.001203, "delta": 9e-05}}
{"target": -164.999, "params": {"spark.executor.cores": 7.724038531837731, "spark.kryoserializer.buffer": 40.643585571675565, "spark.memory.storageFraction": 0.808754166052684, "spark.python.worker.memory": 442.8861728688211, "spark.rpc.io.backLog": 125.84338080104911, "spark.shuffle.io.numConnectionsPerPeer": 3.481167379360904}, "datetime": {"datetime": "2022-02-15 14:49:46", "elapsed": 0.001291, "delta": 8.8e-05}}
{"target": -175.969, "params": {"spark.executor.cores": 3.2762806186975055, "spark.kryoserializer.buffer": 57.268259840050966, "spark.memory.storageFraction": 0.9228111222435875, "spark.python.worker.memory": 594.2312300473217, "spark.rpc.io.backLog": 84.80381929794558, "spark.shuffle.io.numConnectionsPerPeer": 3.74164514206271}, "datetime": {"datetime": "2022-02-15 14:49:46", "elapsed": 0.001383, "delta": 9.2e-05}}
{"target": -230.78, "params": {"spark.executor.cores": 5.436423346836824, "spark.kryoserializer.buffer": 119.98612880680335, "spark.memory.storageFraction": 0.9874777623108109, "spark.python.worker.memory": 615.817052710785, "spark.rpc.io.backLog": 99.29724503683772, "spark.shuffle.io.numConnectionsPerPeer": 4.4867156978555}, "datetime": {"datetime": "2022-02-15 14:49:46", "elapsed": 0.001478, "delta": 9.5e-05}}
{"target": -189.675, "params": {"spark.executor.cores": 6.158695245982111, "spark.kryoserializer.buffer": 57.52505068935133, "spark.memory.storageFraction": 0.9356050389297931, "spark.python.worker.memory": 889.4850470467288, "spark.rpc.io.backLog": 124.95634255676163, "spark.shuffle.io.numConnectionsPerPeer": 3.594353047816071}, "datetime": {"datetime": "2022-02-15 14:49:46", "elapsed": 0.001573, "delta": 9.5e-05}}
{"target": -316.652, "params": {"spark.executor.cores": 7.383822029503787, "spark.kryoserializer.buffer": 107.44116005019595, "spark.memory.storageFraction": 0.9446010912207226, "spark.python.worker.memory": 609.2093941526167, "spark.rpc.io.backLog": 69.29392585724594, "spark.shuffle.io.numConnectionsPerPeer": 3.8129661380948243}, "datetime": {"datetime": "2022-02-15 14:49:46", "elapsed": 0.001677, "delta": 0.000104}}
{"target": -272.096, "params": {"spark.executor.cores": 6.390542583470987, "spark.kryoserializer.buffer": 50.35217875336252, "spark.memory.storageFraction": 0.9203406829802834, "spark.python.worker.memory": 977.2920352178571, "spark.rpc.io.backLog": 107.33096812241372, "spark.shuffle.io.numConnectionsPerPeer": 1.4755189905718278}, "datetime": {"datetime": "2022-02-15 14:49:46", "elapsed": 0.001773, "delta": 9.6e-05}}
{"target": -192.6, "params": {"spark.executor.cores": 1.6813931747193278, "spark.kryoserializer.buffer": 105.61686378678883, "spark.memory.storageFraction": 0.5872329525293785, "spark.python.worker.memory": 664.9223885422101, "spark.rpc.io.backLog": 83.53580328232215, "spark.shuffle.io.numConnectionsPerPeer": 3.644385764641615}, "datetime": {"datetime": "2022-02-15 14:49:46", "elapsed": 0.001872, "delta": 9.9e-05}}
{"target": -253.78, "params": {"spark.executor.cores": 6.8037627432694565, "spark.kryoserializer.buffer": 102.53068287331897, "spark.memory.storageFraction": 0.9987928714746426, "spark.python.worker.memory": 396.02894753459634, "spark.rpc.io.backLog": 127.39059565133292, "spark.shuffle.io.numConnectionsPerPeer": 3.8115403746782146}, "datetime": {"datetime": "2022-02-15 14:49:46", "elapsed": 0.001974, "delta": 0.000102}}
{"target": -287.962, "params": {"spark.executor.cores": 5.408165060023613, "spark.kryoserializer.buffer": 109.11485782949342, "spark.memory.storageFraction": 0.8588883502378126, "spark.python.worker.memory": 923.6325568799253, "spark.rpc.io.backLog": 127.92946883096039, "spark.shuffle.io.numConnectionsPerPeer": 4.006554468130447}, "datetime": {"datetime": "2022-02-15 14:49:46", "elapsed": 0.00207, "delta": 9.6e-05}}
{"target": -240.898, "params": {"spark.executor.cores": 9.02527403788763, "spark.kryoserializer.buffer": 122.37277947086987, "spark.memory.storageFraction": 0.954878800589616, "spark.python.worker.memory": 917.557444314261, "spark.rpc.io.backLog": 114.35400884179687, "spark.shuffle.io.numConnectionsPerPeer": 3.9049282345197374}, "datetime": {"datetime": "2022-02-15 14:49:46", "elapsed": 0.002168, "delta": 9.8e-05}}
{"target": -254.24, "params": {"spark.executor.cores": 6.834604254459583, "spark.kryoserializer.buffer": 59.07737867035772, "spark.memory.storageFraction": 0.9954796314974839, "spark.python.worker.memory": 988.2450696814051, "spark.rpc.io.backLog": 121.95261868114139, "spark.shuffle.io.numConnectionsPerPeer": 4.634703691128283}, "datetime": {"datetime": "2022-02-15 14:49:46", "elapsed": 0.002266, "delta": 9.8e-05}}
{"target": -453.343, "params": {"spark.executor.cores": 3.476829523484611, "spark.kryoserializer.buffer": 74.09136672997622, "spark.memory.storageFraction": 0.7480629891824481, "spark.python.worker.memory": 952.6016979104327, "spark.rpc.io.backLog": 120.81590322255305, "spark.shuffle.io.numConnectionsPerPeer": 3.0672668812228525}, "datetime": {"datetime": "2022-02-15 14:49:46", "elapsed": 0.002364, "delta": 9.8e-05}}
{"target": -1004.5, "params": {"spark.executor.cores": 1.3839568555155506, "spark.kryoserializer.buffer": 10.577105786269357, "spark.memory.storageFraction": 0.8305989525936902, "spark.python.worker.memory": 393.3977419778697, "spark.rpc.io.backLog": 82.25906283741831, "spark.shuffle.io.numConnectionsPerPeer": 1.9149413733240848}, "datetime": {"datetime": "2022-02-15 14:49:46", "elapsed": 0.002464, "delta": 0.0001}}
{"target": -582.463, "params": {"spark.executor.cores": 1.943117385798674, "spark.kryoserializer.buffer": 117.03450066043679, "spark.memory.storageFraction": 0.9091866112630592, "spark.python.worker.memory": 703.148631026235, "spark.rpc.io.backLog": 43.24135994612238, "spark.shuffle.io.numConnectionsPerPeer": 3.007464845058677}, "datetime": {"datetime": "2022-02-15 14:49:46", "elapsed": 0.002563, "delta": 9.9e-05}}
{"target": -234.436, "params": {"spark.executor.cores": 9.456076854442392, "spark.kryoserializer.buffer": 117.7148378081977, "spark.memory.storageFraction": 0.8065902060337484, "spark.python.worker.memory": 645.097869626876, "spark.rpc.io.backLog": 91.53594697564274, "spark.shuffle.io.numConnectionsPerPeer": 4.248172759680613}, "datetime": {"datetime": "2022-02-15 14:49:46", "elapsed": 0.002664, "delta": 0.000101}}
{"target": -225.664, "params": {"spark.executor.cores": 8.890120732101373, "spark.kryoserializer.buffer": 30.150398099815813, "spark.memory.storageFraction": 0.8657307147128144, "spark.python.worker.memory": 632.057999961647, "spark.rpc.io.backLog": 101.88476860821741, "spark.shuffle.io.numConnectionsPerPeer": 4.370205523053593}, "datetime": {"datetime": "2022-02-15 14:49:46", "elapsed": 0.002774, "delta": 0.00011}}
{"target": -229.411, "params": {"spark.executor.cores": 9.343011227053974, "spark.kryoserializer.buffer": 113.10661538668619, "spark.memory.storageFraction": 0.678755802133041, "spark.python.worker.memory": 992.7939881147207, "spark.rpc.io.backLog": 123.15699413658133, "spark.shuffle.io.numConnectionsPerPeer": 3.166911609758732}, "datetime": {"datetime": "2022-02-15 14:49:46", "elapsed": 0.002886, "delta": 0.000112}}
{"target": -260.278, "params": {"spark.executor.cores": 8.414886875893675, "spark.kryoserializer.buffer": 75.39934884016706, "spark.memory.storageFraction": 0.9588452830137226, "spark.python.worker.memory": 713.0885712650864, "spark.rpc.io.backLog": 111.99796616157681, "spark.shuffle.io.numConnectionsPerPeer": 1.3479260197984333}, "datetime": {"datetime": "2022-02-15 14:49:46", "elapsed": 0.003013, "delta": 0.000127}}
{"target": -317.156, "params": {"spark.executor.cores": 5.263232254641429, "spark.kryoserializer.buffer": 109.31791259949303, "spark.memory.storageFraction": 0.7109924784233357, "spark.python.worker.memory": 552.9213600852753, "spark.rpc.io.backLog": 127.04188471594422, "spark.shuffle.io.numConnectionsPerPeer": 2.842339352096475}, "datetime": {"datetime": "2022-02-15 14:49:46", "elapsed": 0.003125, "delta": 0.000112}}
{"target": -279.884, "params": {"spark.executor.cores": 7.394857789651973, "spark.kryoserializer.buffer": 42.79734915198881, "spark.memory.storageFraction": 0.9916201273422292, "spark.python.worker.memory": 576.9322165419926, "spark.rpc.io.backLog": 102.7445096684659, "spark.shuffle.io.numConnectionsPerPeer": 1.6386096787063185}, "datetime": {"datetime": "2022-02-15 14:49:46", "elapsed": 0.003236, "delta": 0.000111}}
{"target": -245.197, "params": {"spark.executor.cores": 9.967257489902202, "spark.kryoserializer.buffer": 74.57079430249892, "spark.memory.storageFraction": 0.9061615482880274, "spark.python.worker.memory": 543.2698100249306, "spark.rpc.io.backLog": 113.29025681729807, "spark.shuffle.io.numConnectionsPerPeer": 2.28051622345019}, "datetime": {"datetime": "2022-02-15 14:49:46", "elapsed": 0.00335, "delta": 0.000114}}
{"target": -274.584, "params": {"spark.executor.cores": 7.235907725356626, "spark.kryoserializer.buffer": 51.818427270858066, "spark.memory.storageFraction": 0.9387082677481247, "spark.python.worker.memory": 660.5337124195399, "spark.rpc.io.backLog": 127.03763638350333, "spark.shuffle.io.numConnectionsPerPeer": 2.1968876324856224}, "datetime": {"datetime": "2022-02-15 14:49:46", "elapsed": 0.003464, "delta": 0.000114}}
{"target": -324.84, "params": {"spark.executor.cores": 5.098305891777093, "spark.kryoserializer.buffer": 57.375065237541, "spark.memory.storageFraction": 0.7527853961644357, "spark.python.worker.memory": 636.1984642879883, "spark.rpc.io.backLog": 112.87523807014468, "spark.shuffle.io.numConnectionsPerPeer": 3.360128183620742}, "datetime": {"datetime": "2022-02-15 14:49:46", "elapsed": 0.003579, "delta": 0.000115}}
{"target": -311.367, "params": {"spark.executor.cores": 4.797542775246229, "spark.kryoserializer.buffer": 73.13857218940898, "spark.memory.storageFraction": 0.9517311493869174, "spark.python.worker.memory": 425.9273310011938, "spark.rpc.io.backLog": 121.16569483990509, "spark.shuffle.io.numConnectionsPerPeer": 2.3013459011120605}, "datetime": {"datetime": "2022-02-15 14:49:46", "elapsed": 0.003697, "delta": 0.000118}}
{"target": -268.358, "params": {"spark.executor.cores": 6.979266536173951, "spark.kryoserializer.buffer": 75.77567294073322, "spark.memory.storageFraction": 0.8671000454534646, "spark.python.worker.memory": 784.1118828350347, "spark.rpc.io.backLog": 67.95047094348882, "spark.shuffle.io.numConnectionsPerPeer": 4.346597779414083}, "datetime": {"datetime": "2022-02-15 14:49:46", "elapsed": 0.003826, "delta": 0.000129}}
{"target": -246.107, "params": {"spark.executor.cores": 9.458134964647067, "spark.kryoserializer.buffer": 39.317588301634125, "spark.memory.storageFraction": 0.8299202953748832, "spark.python.worker.memory": 539.8248016064343, "spark.rpc.io.backLog": 104.61658780385508, "spark.shuffle.io.numConnectionsPerPeer": 3.9810653616287546}, "datetime": {"datetime": "2022-02-15 14:49:46", "elapsed": 0.003949, "delta": 0.000123}}
{"target": -276.181, "params": {"spark.executor.cores": 6.551606290842058, "spark.kryoserializer.buffer": 43.292208965325244, "spark.memory.storageFraction": 0.7901365316829957, "spark.python.worker.memory": 706.0413231184108, "spark.rpc.io.backLog": 118.07378737004483, "spark.shuffle.io.numConnectionsPerPeer": 2.2415633901603953}, "datetime": {"datetime": "2022-02-15 14:49:46", "elapsed": 0.004069, "delta": 0.00012}}
{"target": -344.478, "params": {"spark.executor.cores": 5.445814312996468, "spark.kryoserializer.buffer": 46.97426689372952, "spark.memory.storageFraction": 0.8975059330441533, "spark.python.worker.memory": 627.3290340720405, "spark.rpc.io.backLog": 81.23360511104745, "spark.shuffle.io.numConnectionsPerPeer": 3.823708210317512}, "datetime": {"datetime": "2022-02-15 14:55:39", "elapsed": 353.082811, "delta": 353.078742}}
{"target": -487.627, "params": {"spark.executor.cores": 2.723159140047074, "spark.kryoserializer.buffer": 88.88039453384336, "spark.memory.storageFraction": 0.9177504625287008, "spark.python.worker.memory": 687.87451108985, "spark.rpc.io.backLog": 79.34801834568634, "spark.shuffle.io.numConnectionsPerPeer": 3.6761511225767025}, "datetime": {"datetime": "2022-02-15 15:03:56", "elapsed": 849.463396, "delta": 496.380585}}
{"target": -283.62, "params": {"spark.executor.cores": 6.250629903606692, "spark.kryoserializer.buffer": 111.62132228417774, "spark.memory.storageFraction": 0.740455590974648, "spark.python.worker.memory": 885.564736926014, "spark.rpc.io.backLog": 67.88641026321368, "spark.shuffle.io.numConnectionsPerPeer": 3.161378014980741}, "datetime": {"datetime": "2022-02-15 15:08:48", "elapsed": 1142.042136, "delta": 292.57874}}
{"target": -643.488, "params": {"spark.executor.cores": 1.8059496824226589, "spark.kryoserializer.buffer": 33.65762610762785, "spark.memory.storageFraction": 0.9163814900886775, "spark.python.worker.memory": 292.00056865300667, "spark.rpc.io.backLog": 86.64556391752123, "spark.shuffle.io.numConnectionsPerPeer": 4.89335821142604}, "datetime": {"datetime": "2022-02-15 15:19:41", "elapsed": 1794.149884, "delta": 652.107748}}
{"target": -277.484, "params": {"spark.executor.cores": 6.540182898855106, "spark.kryoserializer.buffer": 107.05174040291385, "spark.memory.storageFraction": 0.7912314522956764, "spark.python.worker.memory": 791.7277866884544, "spark.rpc.io.backLog": 73.2890705465623, "spark.shuffle.io.numConnectionsPerPeer": 4.083941293994631}, "datetime": {"datetime": "2022-02-15 15:24:27", "elapsed": 2080.265859, "delta": 286.115975}}
