{"target": -259.075, "params": {"spark.broadcast.blockSize": 209.09398034658443, "spark.broadcast.checksum": 0.7203244934421581, "spark.broadcast.compress": 0.00011437481734488664, "spark.cleaner.periodicGC.interval": 34.18660581054718, "spark.cleaner.referenceTracking": 0.14675589081711304, "spark.cleaner.referenceTracking.blocking": 0.0923385947687978, "spark.cleaner.referenceTracking.blocking.shuffle": 0.1862602113776709, "spark.cleaner.referenceTracking.cleanCheckpoints": 0.34556072704304774, "spark.default.parallelism": 203.2095973214896, "spark.driver.maxResultSize": 269.8695502676751, "spark.driver.memoryOverhead": 1081.5396719670825, "spark.executor.cores": 7.166975503570836, "spark.executor.heartbeatInterval": 8.066783745972762, "spark.executor.instances": 12.537409236691346, "spark.executor.memory": 1.4108138979688924, "spark.files.fetchTimeout": 66.93272571248815, "spark.files.maxPartitionBytes": 131571411.3001084, "spark.files.openCostInBytes": 5612124.473313995, "spark.files.overwrite": 0.14038693859523377, "spark.files.useFetchCache": 0.1981014890848788, "spark.hadoop.mapreduce.fileoutputcommitter.algorithm.version": 1.8007445686755368, "spark.io.compression.lz4.blockSize": 247.93844023272698, "spark.io.compression.snappy.blockSize": 81.60974125244768, "spark.kryo.referenceTracking": 0.6923226156693141, "spark.kryoserializer.buffer": 112.42503318930083, "spark.kryoserializer.buffer.max": 115.35279962046168, "spark.locality.wait": 1.7653979023280013, "spark.maxRemoteBlockSizeFetchToMem": 83869680.52273901, "spark.memory.fraction": 0.5849152097822845, "spark.memory.offHeap.enabled": 0.8781425034294131, "spark.memory.offHeap.size": 107.36336549471959, "spark.memory.storageFraction": 0.7105538125025261, "spark.memory.useLegacyMode": 0.9578895301505019, "spark.port.maxRetries": 18.928627979244478, "spark.python.worker.memory": 731.3168433648127, "spark.python.worker.reuse": 0.31551563100606295, "spark.rdd.compress": 0.6865009276815837, "spark.reducer.maxBlocksInFlightPerAddress": 1792344983.419739, "spark.reducer.maxReqsInFlight": 39273786.34556972, "spark.reducer.maxSizeInFlight": 375.3220131575388, "spark.rpc.io.backLog": 126.9306645350235, "spark.rpc.lookupTimeout": 187.1147874197663, "spark.rpc.message.maxSize": 140.9415520401382, "spark.rpc.retry.wait": 4.946396642257443, "spark.scheduler.blacklist.unschedulableTaskSetTimeout": 51.67746138130482, "spark.scheduler.listenerbus.eventqueue.capacity": 10062.083471166294, "spark.scheduler.minRegisteredResourcesRatio": 0.8817191006186191, "spark.scheduler.mode": 0.2936141483736795, "spark.scheduler.revive.interval": 15.81321625214474, "spark.serializer.objectStreamReset": 82.50714302956942, "spark.shuffle.compress": 0.019366957870297075, "spark.shuffle.file.buffer": 339.7389309370056, "spark.shuffle.io.backLog": 33.39537392000709, "spark.shuffle.io.maxRetries": 4.12437327497781, "spark.shuffle.io.numConnectionsPerPeer": 2.966292637121353, "spark.shuffle.io.preferDirectBufs": 0.053362545117080384, "spark.shuffle.maxChunksBeingTransferred": 5.295300268361052e+18, "spark.shuffle.memoryFraction": 0.14672857490581015, "spark.shuffle.service.index.cache.size": 138.39583053549262, "spark.shuffle.sort.bypassMergeThreshold": 729.7825240188381, "spark.shuffle.spill.compress": 0.10233442882782584, "spark.speculation.interval": 419.9154279413726, "spark.speculation.multiplier": 4.472000788638725, "spark.speculation.quantile": 0.41417926952690265, "spark.stage.maxConsecutiveAttempts": 2.2997207536765227, "spark.storage.memoryFraction": 0.5358964059155116, "spark.storage.memoryMapThreshold": 348.70759034890494, "spark.storage.replication.proactive": 0.5148891120583086, "spark.storage.unrollFraction": 0.9445947559908133, "spark.streaming.backpressure.enabled": 0.5865550405019929, "spark.streaming.blockInterval": 456.53086187954756, "spark.streaming.receiver.writeAheadLog.enable": 0.13747470414623753, "spark.streaming.stopGracefullyOnShutdown": 0.13927634725075855, "spark.streaming.unpersist": 0.8073912887095238, "spark.task.maxFailures": 4.386061021913202, "spark.task.reaper.enabled": 0.16535419711693278, "spark.task.reaper.pollingInterval": 18.767645866732575, "spark.task.reaper.threadDump": 0.34776585974550656}, "datetime": {"datetime": "2022-02-15 11:20:37", "elapsed": 0.0, "delta": 0.0}}
{"target": -146.669, "params": {"spark.broadcast.blockSize": 375.6552394649416, "spark.broadcast.checksum": 0.7259979853504515, "spark.broadcast.compress": 0.8833060912058098, "spark.cleaner.periodicGC.interval": 59.893776564448714, "spark.cleaner.referenceTracking": 0.7509424340273372, "spark.cleaner.referenceTracking.blocking": 0.34889834197784253, "spark.cleaner.referenceTracking.blocking.shuffle": 0.2699278917650261, "spark.cleaner.referenceTracking.cleanCheckpoints": 0.8958862181960668, "spark.default.parallelism": 218.6208654166771, "spark.driver.maxResultSize": 482.45518352704437, "spark.driver.memoryOverhead": 1487.9666523698977, "spark.executor.cores": 6.595261481882096, "spark.executor.heartbeatInterval": 6.721189594300627, "spark.executor.instances": 13.393871104484855, "spark.executor.memory": 7.748682002199108, "spark.files.fetchTimeout": 60.487273007099226, "spark.files.maxPartitionBytes": 129418022.16465575, "spark.files.openCostInBytes": 3588396.817011878, "spark.files.overwrite": 0.9033795205622538, "spark.files.useFetchCache": 0.5736794866722859, "spark.hadoop.mapreduce.fileoutputcommitter.algorithm.version": 1.002870327031159, "spark.io.compression.lz4.blockSize": 158.75480805966387, "spark.io.compression.snappy.blockSize": 84.96780505011242, "spark.kryo.referenceTracking": 0.5270581022576093, "spark.kryoserializer.buffer": 113.62870451315759, "spark.kryoserializer.buffer.max": 50.87237120029997, "spark.locality.wait": 9.176816358278193, "spark.maxRemoteBlockSizeFetchToMem": 1338655411.0225203, "spark.memory.fraction": 0.5079106214232781, "spark.memory.offHeap.enabled": 0.9294372337437613, "spark.memory.offHeap.size": 693.9879483417548, "spark.memory.storageFraction": 0.9986614252257402, "spark.memory.useLegacyMode": 0.17234050834532855, "spark.port.maxRetries": 7.839800989608577, "spark.python.worker.memory": 941.2232437684066, "spark.python.worker.reuse": 0.6968181614899002, "spark.rdd.compress": 0.06600017272206249, "spark.reducer.maxBlocksInFlightPerAddress": 1622344553.8218668, "spark.reducer.maxReqsInFlight": 1618936789.0444548, "spark.reducer.maxSizeInFlight": 461.5892432376952, "spark.rpc.io.backLog": 100.30637682833328, "spark.rpc.lookupTimeout": 56.09690201415459, "spark.rpc.message.maxSize": 10.920186786057998, "spark.rpc.retry.wait": 1.1310549343885965, "spark.scheduler.blacklist.unschedulableTaskSetTimeout": 35.94436248436687, "spark.scheduler.listenerbus.eventqueue.capacity": 6431.799216854826, "spark.scheduler.minRegisteredResourcesRatio": 0.8720055897365776, "spark.scheduler.mode": 0.5388310643416528, "spark.scheduler.revive.interval": 28.53545497691676, "spark.serializer.objectStreamReset": 260.50772308990145, "spark.shuffle.compress": 0.12417331511991114, "spark.shuffle.file.buffer": 140.3126558265586, "spark.shuffle.io.backLog": 78.29111257499454, "spark.shuffle.io.maxRetries": 9.756765986557397, "spark.shuffle.io.numConnectionsPerPeer": 3.24412087702284, "spark.shuffle.io.preferDirectBufs": 0.01864728937294302, "spark.shuffle.maxChunksBeingTransferred": 7.384533004994694e+18, "spark.shuffle.memoryFraction": 0.23297427384102043, "spark.shuffle.service.index.cache.size": 171.06577934281688, "spark.shuffle.sort.bypassMergeThreshold": 449.07457965775455, "spark.shuffle.spill.compress": 0.8635418545594287, "spark.speculation.interval": 749.6504263098128, "spark.speculation.multiplier": 3.7812011699520944, "spark.speculation.quantile": 0.13645522566068502, "spark.stage.maxConsecutiveAttempts": 2.3595061370732697, "spark.storage.memoryFraction": 0.12134345574073735, "spark.storage.memoryMapThreshold": 70.04834534514278, "spark.storage.replication.proactive": 0.1074941291060929, "spark.storage.unrollFraction": 0.2257093386078547, "spark.streaming.backpressure.enabled": 0.7129889803826767, "spark.streaming.blockInterval": 301.8726419243641, "spark.streaming.receiver.writeAheadLog.enable": 0.012555980159115854, "spark.streaming.stopGracefullyOnShutdown": 0.07197427968948678, "spark.streaming.unpersist": 0.967276330000272, "spark.task.maxFailures": 5.408602771519653, "spark.task.reaper.enabled": 0.20329323466099047, "spark.task.reaper.pollingInterval": 7.289537657695498, "spark.task.reaper.threadDump": 0.7438258540750929}, "datetime": {"datetime": "2022-02-15 11:23:13", "elapsed": 155.344647, "delta": 155.344647}}
{"target": -181.053, "params": {"spark.broadcast.blockSize": 47.076958789630105, "spark.broadcast.checksum": 0.1862602113776709, "spark.broadcast.compress": 0.34556072704304774, "spark.cleaner.periodicGC.interval": 41.741397938453595, "spark.cleaner.referenceTracking": 0.538816734003357, "spark.cleaner.referenceTracking.blocking": 0.4191945144032948, "spark.cleaner.referenceTracking.blocking.shuffle": 0.6852195003967595, "spark.cleaner.referenceTracking.cleanCheckpoints": 0.20445224973151743, "spark.default.parallelism": 440.03377870434514, "spark.driver.maxResultSize": 14.666409005765155, "spark.driver.memoryOverhead": 1499.6579369368612, "spark.executor.cores": 4.755743221304143, "spark.executor.heartbeatInterval": 13.380347426686274, "spark.executor.instances": 3.684643263142805, "spark.executor.memory": 3.971522336273182, "spark.files.fetchTimeout": 76.05211980728757, "spark.files.maxPartitionBytes": 260980702.40482563, "spark.files.openCostInBytes": 4069046.4262250373, "spark.files.overwrite": 0.6923226156693141, "spark.files.useFetchCache": 0.8763891522960383, "spark.hadoop.mapreduce.fileoutputcommitter.algorithm.version": 1.8946066635038474, "spark.io.compression.lz4.blockSize": 23.60122968792359, "spark.io.compression.snappy.blockSize": 11.91991494115212, "spark.kryo.referenceTracking": 0.1698304195645689, "spark.kryoserializer.buffer": 112.64595543210605, "spark.kryoserializer.buffer.max": 19.801620059966012, "spark.locality.wait": 4.78996862504547, "spark.maxRemoteBlockSizeFetchToMem": 2057051619.613371, "spark.memory.fraction": 0.7665826424865085, "spark.memory.offHeap.enabled": 0.6918771139504734, "spark.memory.offHeap.size": 322.3604746960023, "spark.memory.storageFraction": 0.8432504638407918, "spark.memory.useLegacyMode": 0.8346256718973729, "spark.port.maxRetries": 4.512071765637371, "spark.python.worker.memory": 782.1258426320117, "spark.python.worker.reuse": 0.9888610889064947, "spark.rdd.compress": 0.7481656543798394, "spark.reducer.maxBlocksInFlightPerAddress": 602248894.053268, "spark.reducer.maxReqsInFlight": 1694964452.87192, "spark.reducer.maxSizeInFlight": 52.50977728224337, "spark.rpc.io.backLog": 74.9977785128869, "spark.rpc.lookupTimeout": 220.80505564955007, "spark.rpc.message.maxSize": 147.51346003846606, "spark.rpc.retry.wait": 2.4388766929317436, "spark.scheduler.blacklist.unschedulableTaskSetTimeout": 57.30600014483831, "spark.scheduler.listenerbus.eventqueue.capacity": 2348.6052416653474, "spark.scheduler.minRegisteredResourcesRatio": 0.8357671065879781, "spark.scheduler.mode": 0.21162811600005904, "spark.scheduler.revive.interval": 14.746239649866858, "spark.serializer.objectStreamReset": 172.8932898200846, "spark.shuffle.compress": 0.053362545117080384, "spark.shuffle.file.buffer": 287.4846851405145, "spark.shuffle.io.backLog": 25.60742898869722, "spark.shuffle.io.maxRetries": 6.714444295226274, "spark.shuffle.io.numConnectionsPerPeer": 3.7990334400837247, "spark.shuffle.io.preferDirectBufs": 0.10233442882782584, "spark.shuffle.maxChunksBeingTransferred": 3.8189924197472855e+18, "spark.shuffle.memoryFraction": 0.6944001577277451, "spark.shuffle.service.index.cache.size": 112.1268904290354, "spark.shuffle.sort.bypassMergeThreshold": 144.95811305147845, "spark.shuffle.spill.compress": 0.5358964059155116, "spark.speculation.interval": 667.1566987675909, "spark.speculation.multiplier": 3.574445560291543, "spark.speculation.quantile": 0.9445947559908133, "spark.stage.maxConsecutiveAttempts": 5.519330243011957, "spark.storage.memoryFraction": 0.9034019152878835, "spark.storage.memoryMapThreshold": 111.86361686580689, "spark.storage.replication.proactive": 0.13927634725075855, "spark.storage.unrollFraction": 0.8073912887095238, "spark.streaming.backpressure.enabled": 0.3976768369855336, "spark.streaming.blockInterval": 124.40938870261975, "spark.streaming.receiver.writeAheadLog.enable": 0.9275085803960339, "spark.streaming.stopGracefullyOnShutdown": 0.34776585974550656, "spark.streaming.unpersist": 0.7508121031361555, "spark.task.maxFailures": 6.355987912102709, "spark.task.reaper.enabled": 0.8833060912058098, "spark.task.reaper.pollingInterval": 13.602427519945351, "spark.task.reaper.threadDump": 0.7509424340273372}, "datetime": {"datetime": "2022-02-15 11:26:23", "elapsed": 345.334464, "delta": 189.989817}}
{"target": -221.978, "params": {"spark.broadcast.blockSize": 93.28247248386644, "spark.broadcast.checksum": 0.849802999628482, "spark.broadcast.compress": 0.8206804276155039, "spark.cleaner.periodicGC.interval": 37.9033588591242, "spark.cleaner.referenceTracking": 0.4752756913270674, "spark.cleaner.referenceTracking.blocking": 0.17761652016074347, "spark.cleaner.referenceTracking.blocking.shuffle": 0.8680930909494642, "spark.cleaner.referenceTracking.cleanCheckpoints": 0.7864640461024726, "spark.default.parallelism": 363.654908200584, "spark.driver.maxResultSize": 348.0332662085242, "spark.driver.memoryOverhead": 913.7710050914555, "spark.executor.cores": 7.706356070220653, "spark.executor.heartbeatInterval": 16.6207606584805, "spark.executor.instances": 12.240131577385835, "spark.executor.memory": 12.405429134579748, "spark.files.fetchTimeout": 87.24639422136097, "spark.files.maxPartitionBytes": 101562446.39312789, "spark.files.openCostInBytes": 7094532.859998507, "spark.files.overwrite": 0.22184153422651498, "spark.files.useFetchCache": 0.6822342049844854, "spark.hadoop.mapreduce.fileoutputcommitter.algorithm.version": 1.0843137623662695, "spark.io.compression.lz4.blockSize": 56.79189803556838, "spark.io.compression.snappy.blockSize": 130.7670626811007, "spark.kryo.referenceTracking": 0.8741545866540111, "spark.kryoserializer.buffer": 48.025921977568125, "spark.kryoserializer.buffer.max": 119.56221418782407, "spark.locality.wait": 7.792784953033649, "spark.maxRemoteBlockSizeFetchToMem": 10365824.391471488, "spark.memory.fraction": 0.7523100519912096, "spark.memory.offHeap.enabled": 0.5926352834147437, "spark.memory.offHeap.size": 114.92847291621355, "spark.memory.storageFraction": 0.8642945896536929, "spark.memory.useLegacyMode": 0.20296726226908435, "spark.port.maxRetries": 14.89826087584952, "spark.python.worker.memory": 665.9900455915925, "spark.python.worker.reuse": 0.03721217284569278, "spark.rdd.compress": 0.25734445426709174, "spark.reducer.maxBlocksInFlightPerAddress": 443881189.4093285, "spark.reducer.maxReqsInFlight": 1627541383.7289054, "spark.reducer.maxSizeInFlight": 475.8081588854142, "spark.rpc.io.backLog": 68.0822254435442, "spark.rpc.lookupTimeout": 82.63814038665275, "spark.rpc.message.maxSize": 188.95101394970249, "spark.rpc.retry.wait": 4.926024641101284, "spark.scheduler.blacklist.unschedulableTaskSetTimeout": 109.26809696546103, "spark.scheduler.listenerbus.eventqueue.capacity": 7658.691820886593, "spark.scheduler.minRegisteredResourcesRatio": 0.7829136697891239, "spark.scheduler.mode": 0.10187447027831165, "spark.scheduler.revive.interval": 36.06177356040933, "spark.serializer.objectStreamReset": 249.36949133165615, "spark.shuffle.compress": 0.7152500238809134, "spark.shuffle.file.buffer": 137.85550612820268, "spark.shuffle.io.backLog": 116.79613819380407, "spark.shuffle.io.maxRetries": 5.964801530513161, "spark.shuffle.io.numConnectionsPerPeer": 3.9323744640943237, "spark.shuffle.io.preferDirectBufs": 0.35238289460385586, "spark.shuffle.maxChunksBeingTransferred": 9.161444059797034e+18, "spark.shuffle.memoryFraction": 0.03150227567446673, "spark.shuffle.service.index.cache.size": 168.02249531572969, "spark.shuffle.sort.bypassMergeThreshold": 632.3484354698016, "spark.shuffle.spill.compress": 0.7034193513618049, "spark.speculation.interval": 235.22562043374668, "spark.speculation.multiplier": 4.596660219150223, "spark.speculation.quantile": 0.9399323347127684, "spark.stage.maxConsecutiveAttempts": 6.141866789930937, "spark.storage.memoryFraction": 0.8979238599131795, "spark.storage.memoryMapThreshold": 190.76621383912394, "spark.storage.replication.proactive": 0.6908382838980673, "spark.storage.unrollFraction": 0.2587704928519642, "spark.streaming.backpressure.enabled": 0.7689381653995268, "spark.streaming.blockInterval": 244.6186727863383, "spark.streaming.receiver.writeAheadLog.enable": 0.31824276818242425, "spark.streaming.stopGracefullyOnShutdown": 0.10282430793707698, "spark.streaming.unpersist": 0.7497800846932486, "spark.task.maxFailures": 4.838541520092291, "spark.task.reaper.enabled": 0.9094673710701633, "spark.task.reaper.pollingInterval": 11.83811336200655, "spark.task.reaper.threadDump": 0.206940916686997}, "datetime": {"datetime": "2022-02-15 11:30:13", "elapsed": 576.229021, "delta": 230.894557}}
{"target": -220.127, "params": {"spark.broadcast.blockSize": 407.08994747012423, "spark.broadcast.checksum": 0.8966978073931946, "spark.broadcast.compress": 0.10415492539883009, "spark.cleaner.periodicGC.interval": 89.26107697910996, "spark.cleaner.referenceTracking": 0.7359929868803483, "spark.cleaner.referenceTracking.blocking": 0.3760963631761455, "spark.cleaner.referenceTracking.blocking.shuffle": 0.5777246533274528, "spark.cleaner.referenceTracking.cleanCheckpoints": 0.08054521685415328, "spark.default.parallelism": 169.49374809078077, "spark.driver.maxResultSize": 324.2558657671032, "spark.driver.memoryOverhead": 472.1047124151002, "spark.executor.cores": 9.917901714426623, "spark.executor.heartbeatInterval": 13.219837160706513, "spark.executor.instances": 9.12262828161596, "spark.executor.memory": 7.022354302276836, "spark.files.fetchTimeout": 53.854690614559125, "spark.files.maxPartitionBytes": 236229101.43727642, "spark.files.openCostInBytes": 2949737.9230958493, "spark.files.overwrite": 0.526903519759269, "spark.files.useFetchCache": 0.9952442082070267, "spark.hadoop.mapreduce.fileoutputcommitter.algorithm.version": 1.8763129229159288, "spark.io.compression.lz4.blockSize": 215.35793039214838, "spark.io.compression.snappy.blockSize": 72.32290663162051, "spark.kryo.referenceTracking": 0.7324456449961402, "spark.kryoserializer.buffer": 46.115641782243834, "spark.kryoserializer.buffer.max": 86.536281039396, "spark.locality.wait": 8.525034686308015, "spark.maxRemoteBlockSizeFetchToMem": 1234544158.4701846, "spark.memory.fraction": 0.873406087127456, "spark.memory.offHeap.enabled": 0.6173313631842413, "spark.memory.offHeap.size": 389.14883583447164, "spark.memory.storageFraction": 0.9184410948119226, "spark.memory.useLegacyMode": 0.10377232072231346, "spark.port.maxRetries": 8.363791294317755, "spark.python.worker.memory": 590.2675647615919, "spark.python.worker.reuse": 0.7901112506896658, "spark.rdd.compress": 0.9541280213526093, "spark.reducer.maxBlocksInFlightPerAddress": 917698839.7389984, "spark.reducer.maxReqsInFlight": 1484705324.1076846, "spark.reducer.maxSizeInFlight": 176.05285750396158, "spark.rpc.io.backLog": 75.71342830298653, "spark.rpc.lookupTimeout": 123.92841349745001, "spark.rpc.message.maxSize": 122.65976144701408, "spark.rpc.retry.wait": 2.933142211061673, "spark.scheduler.blacklist.unschedulableTaskSetTimeout": 218.26273059568481, "spark.scheduler.listenerbus.eventqueue.capacity": 18503.233629800397, "spark.scheduler.minRegisteredResourcesRatio": 0.8591595820096274, "spark.scheduler.mode": 0.16617755366495057, "spark.scheduler.revive.interval": 17.801545853586205, "spark.serializer.objectStreamReset": 298.2302847732914, "spark.shuffle.compress": 0.05292288379270749, "spark.shuffle.file.buffer": 417.50300706216484, "spark.shuffle.io.backLog": 64.51168109019041, "spark.shuffle.io.maxRetries": 9.414711185481067, "spark.shuffle.io.numConnectionsPerPeer": 3.060915917421575, "spark.shuffle.io.preferDirectBufs": 0.1183282859089988, "spark.shuffle.maxChunksBeingTransferred": 1.0031113627497743e+18, "spark.shuffle.memoryFraction": 0.246890158102136, "spark.shuffle.service.index.cache.size": 73.72799796237842, "spark.shuffle.sort.bypassMergeThreshold": 385.1108505800339, "spark.shuffle.spill.compress": 0.8713862583367523, "spark.speculation.interval": 800.3644811559034, "spark.speculation.multiplier": 5.641159687710138, "spark.speculation.quantile": 0.04993115942842674, "spark.stage.maxConsecutiveAttempts": 4.045725067956718, "spark.storage.memoryFraction": 0.39598966488088394, "spark.storage.memoryMapThreshold": 368.8402741568919, "spark.storage.replication.proactive": 0.43362321038157925, "spark.storage.unrollFraction": 0.6934604389037772, "spark.streaming.backpressure.enabled": 0.9212264580225499, "spark.streaming.blockInterval": 125.38149192993392, "spark.streaming.receiver.writeAheadLog.enable": 0.5977921010976507, "spark.streaming.stopGracefullyOnShutdown": 0.8294878752202222, "spark.streaming.unpersist": 0.99128220775894, "spark.task.maxFailures": 6.332708357696136, "spark.task.reaper.enabled": 0.41731560370767307, "spark.task.reaper.pollingInterval": 15.91225077360176, "spark.task.reaper.threadDump": 0.7805560373062449}, "datetime": {"datetime": "2022-02-15 11:34:02", "elapsed": 805.100961, "delta": 228.87194}}
